[13:02:54.597] [6315 ] [INFO ] [JNI_OnLoad:24]	jvm onload success ! 
[13:02:54.597] [6315 ] [INFO ] [init:111]	JniNativeCallback init ok. 
[13:02:54.598] [6315 ] [INFO ] [init:136]	to init engine, user: test001, mode: 0, proxyEndpoint: ProxyGlacier2/router:tcp -h 202.114.114.46 -p 4502 -t 11000 
[13:02:54.598] [6315 ] [WARN ] [init:158]	Cannot find the --Mpc.Data=xxxxx config item ! 
[13:02:54.598] [6315 ] [WARN ] [init:178]	Cannot find the --Mpc.Circuits=xxxxx config item ! not preload circuits !! 
[13:02:54.598] [6315 ] [INFO ] [init:188]	preload circuits ok ! 
[13:02:54.598] [6315 ] [INFO ] [init:212]	Not start node server ! use proxy forward ! 
[13:02:54.598] [6315 ] [INFO ] [MpcTaskDispatcher:39]	construct task dispatcher, with 8 processor, load balence is: 16384 
[13:02:54.598] [6315 ] [INFO ] [init:63]	INIT the processor: 0, type: 0 ok 
[13:02:54.598] [6315 ] [INFO ] [init:63]	INIT the processor: 1, type: 0 ok 
[13:02:54.598] [6315 ] [INFO ] [init:63]	INIT the processor: 2, type: 0 ok 
[13:02:54.598] [6315 ] [INFO ] [init:63]	INIT the processor: 3, type: 0 ok 
[13:02:54.598] [6315 ] [INFO ] [init:63]	INIT the processor: 4, type: 1 ok 
[13:02:54.598] [6315 ] [INFO ] [init:63]	INIT the processor: 5, type: 1 ok 
[13:02:54.598] [6315 ] [INFO ] [init:63]	INIT the processor: 6, type: 1 ok 
[13:02:54.599] [6315 ] [INFO ] [init:63]	INIT the processor: 7, type: 1 ok 
[13:02:54.599] [6315 ] [INFO ] [init:234]	INIT task dispatcher done ! 
[13:02:54.599] [6315 ] [INFO ] [init:64]	connect to busi proxy server endpoint: ProxyGlacier2/router:tcp -h 202.114.114.46 -p 4502 -t 11000 
[13:02:54.601] [6338 ] [INFO ] [operator():54]	task processor: 7 is running... 
[13:02:54.601] [6338 ] [INFO ] [popInviteeReadyTask:208]	to POP a ready task from ready invitee queue to processor, now read_num: 0 ... 
[13:02:54.601] [6334 ] [INFO ] [operator():54]	task processor: 3 is running... 
[13:02:54.601] [6334 ] [INFO ] [popInvitorReadyTask:270]	to POP a ready task from ready invitor queue to processor, now read_num: 0 ... 
[13:02:54.602] [6337 ] [INFO ] [operator():54]	task processor: 6 is running... 
[13:02:54.603] [6337 ] [INFO ] [popInviteeReadyTask:208]	to POP a ready task from ready invitee queue to processor, now read_num: 0 ... 
[13:02:54.603] [6331 ] [INFO ] [operator():54]	task processor: 0 is running... 
[13:02:54.603] [6331 ] [INFO ] [popInvitorReadyTask:270]	to POP a ready task from ready invitor queue to processor, now read_num: 0 ... 
[13:02:54.604] [6336 ] [INFO ] [operator():54]	task processor: 5 is running... 
[13:02:54.604] [6336 ] [INFO ] [popInviteeReadyTask:208]	to POP a ready task from ready invitee queue to processor, now read_num: 0 ... 
[13:02:54.605] [6332 ] [INFO ] [operator():54]	task processor: 1 is running... 
[13:02:54.605] [6332 ] [INFO ] [popInvitorReadyTask:270]	to POP a ready task from ready invitor queue to processor, now read_num: 0 ... 
[13:02:54.605] [6333 ] [INFO ] [operator():54]	task processor: 2 is running... 
[13:02:54.605] [6333 ] [INFO ] [popInvitorReadyTask:270]	to POP a ready task from ready invitor queue to processor, now read_num: 0 ... 
[13:02:54.606] [6335 ] [INFO ] [operator():54]	task processor: 4 is running... 
[13:02:54.606] [6335 ] [INFO ] [popInviteeReadyTask:208]	to POP a ready task from ready invitee queue to processor, now read_num: 0 ... 
[13:02:54.611] [6343 ] [INFO ] [connected:34]	to get session... 
[13:02:54.611] [6343 ] [INFO ] [connected:38]	to get create busi node callback... 
[13:02:54.611] [6343 ] [INFO ] [connected:46]	to set node callback, public endpoint: ProxyGlacier2/router:tcp -h 202.114.114.46 -p 4502 -t 11000, user: test001 ... 
[13:02:54.614] [6343 ] [WARN ] [connected:55]	the busi session create success. 
[13:02:55.105] [6315 ] [INFO ] [init:69]	waiting for node busi client inited ... timeout 1s.. 
[13:02:55.105] [6315 ] [INFO ] [init:74]	the busi node communicator is prepared !!!! 
[13:02:55.105] [6315 ] [INFO ] [init:86]	INIT busi node client success. user: test001, proxyEndpoint: ProxyGlacier2/router:tcp -h 202.114.114.46 -p 4502 -t 11000 
[13:02:55.105] [6315 ] [INFO ] [init:244]	INIT busi node client done ! 
[13:02:55.105] [6315 ] [INFO ] [init:48]	input ready process init ok. 
[13:02:55.105] [6315 ] [INFO ] [init:253]	INIT input ready processor done ! 
[13:02:55.105] [6315 ] [INFO ] [init:48]	ready process init ok. max request queue size: 4 
[13:02:55.105] [6315 ] [INFO ] [init:263]	INIT ready processor done ! 
[13:02:55.105] [6315 ] [INFO ] [init:269]	Mpc engine init success. 
[13:02:55.106] [6315 ] [INFO ] [Java_com_juzix_jugo_node_jni_NativeInterface_setDataLogLevel:155]	init the log to level: 3, data log state: 0 
[13:03:18.051] [6342 ] [WARN ] [MpcMemPool:42]	the mempool construction, size: 134217728, mem: 0x7fb80a6eb010 
[13:03:19.434] [6337 ] [ERROR] [consumeBuffer:363]	====> the first buffer seq: 1 
[13:03:19.435] [6335 ] [ERROR] [consumeBuffer:363]	====> the first buffer seq: 1 
[13:03:19.436] [6336 ] [ERROR] [consumeBuffer:363]	====> the first buffer seq: 1 
[13:03:19.447] [6338 ] [ERROR] [consumeBuffer:363]	====> the first buffer seq: 1 
[13:03:25.955] [6335 ] [ERROR] [consumeBuffer:363]	====> the first buffer seq: 1 
[13:03:26.106] [6338 ] [ERROR] [consumeBuffer:363]	====> the first buffer seq: 1 
[13:03:26.122] [6336 ] [ERROR] [consumeBuffer:363]	====> the first buffer seq: 1 
[13:03:26.301] [6337 ] [ERROR] [consumeBuffer:363]	====> the first buffer seq: 1 
[13:03:30.739] [6335 ] [ERROR] [consumeBuffer:363]	====> the first buffer seq: 1 
[13:03:31.009] [6338 ] [ERROR] [consumeBuffer:363]	====> the first buffer seq: 1 
[13:03:31.059] [6336 ] [ERROR] [consumeBuffer:363]	====> the first buffer seq: 1 
[13:03:31.340] [6337 ] [ERROR] [consumeBuffer:363]	====> the first buffer seq: 1 
[13:03:35.759] [6335 ] [ERROR] [consumeBuffer:363]	====> the first buffer seq: 1 
[13:03:35.901] [6338 ] [ERROR] [consumeBuffer:363]	====> the first buffer seq: 1 
[13:03:36.160] [6336 ] [ERROR] [consumeBuffer:363]	====> the first buffer seq: 1 
[13:03:36.358] [6337 ] [ERROR] [consumeBuffer:363]	====> the first buffer seq: 1 
[13:03:40.771] [6335 ] [ERROR] [consumeBuffer:363]	====> the first buffer seq: 1 
[13:03:40.965] [6338 ] [ERROR] [consumeBuffer:363]	====> the first buffer seq: 1 
[13:03:41.144] [6336 ] [ERROR] [consumeBuffer:363]	====> the first buffer seq: 1 
[13:03:41.330] [6337 ] [ERROR] [consumeBuffer:363]	====> the first buffer seq: 1 
[13:03:45.705] [6335 ] [ERROR] [consumeBuffer:363]	====> the first buffer seq: 1 
[13:03:45.901] [6338 ] [ERROR] [consumeBuffer:363]	====> the first buffer seq: 1 
[13:03:45.962] [6336 ] [ERROR] [consumeBuffer:363]	====> the first buffer seq: 1 
[13:03:46.151] [6337 ] [ERROR] [consumeBuffer:363]	====> the first buffer seq: 1 
[13:03:50.126] [6335 ] [ERROR] [consumeBuffer:363]	====> the first buffer seq: 1 
[13:03:50.612] [6338 ] [ERROR] [consumeBuffer:363]	====> the first buffer seq: 1 
[13:03:50.620] [6336 ] [ERROR] [consumeBuffer:363]	====> the first buffer seq: 1 
[13:03:50.710] [6337 ] [ERROR] [consumeBuffer:363]	====> the first buffer seq: 1 
[13:03:55.085] [6335 ] [ERROR] [consumeBuffer:363]	====> the first buffer seq: 1 
[13:03:55.925] [6336 ] [ERROR] [consumeBuffer:363]	====> the first buffer seq: 1 
[13:03:55.985] [6338 ] [ERROR] [consumeBuffer:363]	====> the first buffer seq: 1 
[13:03:56.325] [6337 ] [ERROR] [consumeBuffer:363]	====> the first buffer seq: 1 
[13:04:00.389] [6335 ] [ERROR] [consumeBuffer:363]	====> the first buffer seq: 1 
[13:04:01.220] [6336 ] [ERROR] [consumeBuffer:363]	====> the first buffer seq: 1 
[13:04:01.328] [6338 ] [ERROR] [consumeBuffer:363]	====> the first buffer seq: 1 
[13:04:01.662] [6337 ] [ERROR] [consumeBuffer:363]	====> the first buffer seq: 1 
[13:04:05.688] [6335 ] [ERROR] [consumeBuffer:363]	====> the first buffer seq: 1 
[13:04:06.667] [6336 ] [ERROR] [consumeBuffer:363]	====> the first buffer seq: 1 
[13:04:06.715] [6338 ] [ERROR] [consumeBuffer:363]	====> the first buffer seq: 1 
[13:04:07.086] [6337 ] [ERROR] [consumeBuffer:363]	====> the first buffer seq: 1 
[13:04:10.886] [6335 ] [ERROR] [consumeBuffer:363]	====> the first buffer seq: 1 
[13:04:11.980] [6336 ] [ERROR] [consumeBuffer:363]	====> the first buffer seq: 1 
[13:04:12.204] [6337 ] [ERROR] [consumeBuffer:363]	====> the first buffer seq: 1 
[13:04:12.231] [6338 ] [ERROR] [consumeBuffer:363]	====> the first buffer seq: 1 
[13:04:15.905] [6335 ] [ERROR] [consumeBuffer:363]	====> the first buffer seq: 1 
[13:04:17.076] [6336 ] [ERROR] [consumeBuffer:363]	====> the first buffer seq: 1 
[13:04:17.085] [6337 ] [ERROR] [consumeBuffer:363]	====> the first buffer seq: 1 
[13:04:17.485] [6338 ] [ERROR] [consumeBuffer:363]	====> the first buffer seq: 1 
[13:04:20.971] [6335 ] [ERROR] [consumeBuffer:363]	====> the first buffer seq: 1 
[13:04:22.137] [6337 ] [ERROR] [consumeBuffer:363]	====> the first buffer seq: 1 
[13:04:22.138] [6336 ] [ERROR] [consumeBuffer:363]	====> the first buffer seq: 1 
[13:04:22.526] [6338 ] [ERROR] [consumeBuffer:363]	====> the first buffer seq: 1 
[13:04:25.772] [6335 ] [ERROR] [consumeBuffer:363]	====> the first buffer seq: 1 
[13:04:27.207] [6336 ] [ERROR] [consumeBuffer:363]	====> the first buffer seq: 1 
[13:04:27.446] [6337 ] [ERROR] [consumeBuffer:363]	====> the first buffer seq: 1 
[13:04:27.749] [6338 ] [ERROR] [consumeBuffer:363]	====> the first buffer seq: 1 
[13:04:30.596] [6335 ] [ERROR] [consumeBuffer:363]	====> the first buffer seq: 1 
[13:04:32.019] [6336 ] [ERROR] [consumeBuffer:363]	====> the first buffer seq: 1 
[13:04:32.119] [6337 ] [ERROR] [consumeBuffer:363]	====> the first buffer seq: 1 
[13:04:32.432] [6338 ] [ERROR] [consumeBuffer:363]	====> the first buffer seq: 1 
[13:04:34.356] [6335 ] [ERROR] [consumeBuffer:363]	====> the first buffer seq: 1 
[13:04:36.100] [6336 ] [ERROR] [consumeBuffer:363]	====> the first buffer seq: 1 
[13:04:36.102] [6337 ] [ERROR] [consumeBuffer:363]	====> the first buffer seq: 1 
[13:04:36.439] [6338 ] [ERROR] [consumeBuffer:363]	====> the first buffer seq: 1 
[13:04:38.043] [6335 ] [ERROR] [consumeBuffer:363]	====> the first buffer seq: 1 
[13:04:40.093] [6337 ] [ERROR] [consumeBuffer:363]	====> the first buffer seq: 1 
[13:04:40.281] [6336 ] [ERROR] [consumeBuffer:363]	====> the first buffer seq: 1 
[13:04:40.521] [6338 ] [ERROR] [consumeBuffer:363]	====> the first buffer seq: 1 
[13:04:41.757] [6335 ] [ERROR] [consumeBuffer:363]	====> the first buffer seq: 1 
[13:04:44.520] [6337 ] [ERROR] [consumeBuffer:363]	====> the first buffer seq: 1 
[13:04:45.065] [6336 ] [ERROR] [consumeBuffer:363]	====> the first buffer seq: 1 
[13:04:45.230] [6338 ] [ERROR] [consumeBuffer:363]	====> the first buffer seq: 1 
[13:04:46.514] [6335 ] [ERROR] [consumeBuffer:363]	====> the first buffer seq: 1 
[13:04:49.475] [6337 ] [ERROR] [consumeBuffer:363]	====> the first buffer seq: 1 
[13:04:50.358] [6336 ] [ERROR] [consumeBuffer:363]	====> the first buffer seq: 1 
[13:04:50.478] [6338 ] [ERROR] [consumeBuffer:363]	====> the first buffer seq: 1 
[13:04:51.458] [6335 ] [ERROR] [consumeBuffer:363]	====> the first buffer seq: 1 
[13:04:54.125] [6337 ] [ERROR] [consumeBuffer:363]	====> the first buffer seq: 1 
[13:04:54.829] [6336 ] [ERROR] [consumeBuffer:363]	====> the first buffer seq: 1 
[13:04:55.083] [6338 ] [ERROR] [consumeBuffer:363]	====> the first buffer seq: 1 
[13:04:56.097] [6335 ] [ERROR] [consumeBuffer:363]	====> the first buffer seq: 1 
[13:04:58.874] [6337 ] [ERROR] [consumeBuffer:363]	====> the first buffer seq: 1 
[13:04:59.812] [6336 ] [ERROR] [consumeBuffer:363]	====> the first buffer seq: 1 
[13:04:59.999] [6338 ] [ERROR] [consumeBuffer:363]	====> the first buffer seq: 1 
[13:05:00.994] [6335 ] [ERROR] [consumeBuffer:363]	====> the first buffer seq: 1 
[13:05:03.724] [6337 ] [ERROR] [consumeBuffer:363]	====> the first buffer seq: 1 
[13:05:04.751] [6336 ] [ERROR] [consumeBuffer:363]	====> the first buffer seq: 1 
[13:05:05.040] [6338 ] [ERROR] [consumeBuffer:363]	====> the first buffer seq: 1 
[13:05:05.844] [6335 ] [ERROR] [consumeBuffer:363]	====> the first buffer seq: 1 
[13:05:08.305] [6337 ] [ERROR] [consumeBuffer:363]	====> the first buffer seq: 1 
[13:05:09.129] [6336 ] [ERROR] [consumeBuffer:363]	====> the first buffer seq: 1 
[13:05:09.447] [6338 ] [ERROR] [consumeBuffer:363]	====> the first buffer seq: 1 
[13:05:09.950] [6335 ] [ERROR] [consumeBuffer:363]	====> the first buffer seq: 1 
[13:05:12.224] [6337 ] [ERROR] [consumeBuffer:363]	====> the first buffer seq: 1 
[13:05:13.165] [6336 ] [ERROR] [consumeBuffer:363]	====> the first buffer seq: 1 
[13:05:13.266] [6338 ] [ERROR] [consumeBuffer:363]	====> the first buffer seq: 1 
[13:05:13.975] [6335 ] [ERROR] [consumeBuffer:363]	====> the first buffer seq: 1 
[13:05:16.024] [6337 ] [ERROR] [consumeBuffer:363]	====> the first buffer seq: 1 
[13:05:17.095] [6336 ] [ERROR] [consumeBuffer:363]	====> the first buffer seq: 1 
[13:05:17.329] [6338 ] [ERROR] [consumeBuffer:363]	====> the first buffer seq: 1 
[13:07:00.809] [6335 ] [ERROR] [consumeBuffer:363]	====> the first buffer seq: 1 
[13:07:00.815] [6336 ] [ERROR] [consumeBuffer:363]	====> the first buffer seq: 1 
[13:07:00.818] [6337 ] [ERROR] [consumeBuffer:363]	====> the first buffer seq: 1 
[13:07:00.832] [6338 ] [ERROR] [consumeBuffer:363]	====> the first buffer seq: 1 
[13:07:05.016] [6337 ] [ERROR] [consumeBuffer:363]	====> the first buffer seq: 1 
[13:07:05.032] [6336 ] [ERROR] [consumeBuffer:363]	====> the first buffer seq: 1 
[13:07:05.061] [6338 ] [ERROR] [consumeBuffer:363]	====> the first buffer seq: 1 
[13:07:05.117] [6335 ] [ERROR] [consumeBuffer:363]	====> the first buffer seq: 1 
[13:07:09.097] [6335 ] [ERROR] [consumeBuffer:363]	====> the first buffer seq: 1 
[13:07:09.105] [6337 ] [ERROR] [consumeBuffer:363]	====> the first buffer seq: 1 
[13:07:09.137] [6338 ] [ERROR] [consumeBuffer:363]	====> the first buffer seq: 1 
[13:07:09.175] [6336 ] [ERROR] [consumeBuffer:363]	====> the first buffer seq: 1 
[13:07:13.072] [6335 ] [ERROR] [consumeBuffer:363]	====> the first buffer seq: 1 
[13:07:13.131] [6337 ] [ERROR] [consumeBuffer:363]	====> the first buffer seq: 1 
[13:07:13.236] [6338 ] [ERROR] [consumeBuffer:363]	====> the first buffer seq: 1 
[13:07:13.292] [6336 ] [ERROR] [consumeBuffer:363]	====> the first buffer seq: 1 
[13:07:16.952] [6337 ] [ERROR] [consumeBuffer:363]	====> the first buffer seq: 1 
[13:07:17.015] [6335 ] [ERROR] [consumeBuffer:363]	====> the first buffer seq: 1 
[13:07:17.171] [6338 ] [ERROR] [consumeBuffer:363]	====> the first buffer seq: 1 
[13:07:17.320] [6336 ] [ERROR] [consumeBuffer:363]	====> the first buffer seq: 1 
[13:07:21.135] [6337 ] [ERROR] [consumeBuffer:363]	====> the first buffer seq: 1 
[13:07:21.301] [6335 ] [ERROR] [consumeBuffer:363]	====> the first buffer seq: 1 
[13:07:21.431] [6338 ] [ERROR] [consumeBuffer:363]	====> the first buffer seq: 1 
[13:07:21.588] [6336 ] [ERROR] [consumeBuffer:363]	====> the first buffer seq: 1 
[13:07:25.278] [6337 ] [ERROR] [consumeBuffer:363]	====> the first buffer seq: 1 
[13:07:25.682] [6335 ] [ERROR] [consumeBuffer:363]	====> the first buffer seq: 1 
[13:07:25.683] [6338 ] [ERROR] [consumeBuffer:363]	====> the first buffer seq: 1 
[13:07:25.984] [6336 ] [ERROR] [consumeBuffer:363]	====> the first buffer seq: 1 
[13:07:29.277] [6337 ] [ERROR] [consumeBuffer:363]	====> the first buffer seq: 1 
[13:07:29.597] [6335 ] [ERROR] [consumeBuffer:363]	====> the first buffer seq: 1 
[13:07:29.649] [6338 ] [ERROR] [consumeBuffer:363]	====> the first buffer seq: 1 
[13:07:30.013] [6336 ] [ERROR] [consumeBuffer:363]	====> the first buffer seq: 1 
[13:07:33.532] [6337 ] [ERROR] [consumeBuffer:363]	====> the first buffer seq: 1 
[13:07:34.023] [6335 ] [ERROR] [consumeBuffer:363]	====> the first buffer seq: 1 
[13:07:34.137] [6338 ] [ERROR] [consumeBuffer:363]	====> the first buffer seq: 1 
[13:07:34.777] [6336 ] [ERROR] [consumeBuffer:363]	====> the first buffer seq: 1 
[13:07:38.434] [6337 ] [ERROR] [consumeBuffer:363]	====> the first buffer seq: 1 
[13:07:38.939] [6338 ] [ERROR] [consumeBuffer:363]	====> the first buffer seq: 1 
[13:07:38.954] [6335 ] [ERROR] [consumeBuffer:363]	====> the first buffer seq: 1 
[13:07:39.687] [6336 ] [ERROR] [consumeBuffer:363]	====> the first buffer seq: 1 
[13:07:43.353] [6337 ] [ERROR] [consumeBuffer:363]	====> the first buffer seq: 1 
[13:07:43.876] [6335 ] [ERROR] [consumeBuffer:363]	====> the first buffer seq: 1 
[13:07:44.060] [6338 ] [ERROR] [consumeBuffer:363]	====> the first buffer seq: 1 
[13:07:44.413] [6336 ] [ERROR] [consumeBuffer:363]	====> the first buffer seq: 1 
[13:07:47.615] [6337 ] [ERROR] [consumeBuffer:363]	====> the first buffer seq: 1 
[13:07:48.534] [6338 ] [ERROR] [consumeBuffer:363]	====> the first buffer seq: 1 
[13:07:48.593] [6335 ] [ERROR] [consumeBuffer:363]	====> the first buffer seq: 1 
[13:07:49.081] [6336 ] [ERROR] [consumeBuffer:363]	====> the first buffer seq: 1 
[13:07:52.308] [6337 ] [ERROR] [consumeBuffer:363]	====> the first buffer seq: 1 
[13:07:53.286] [6338 ] [ERROR] [consumeBuffer:363]	====> the first buffer seq: 1 
[13:07:53.476] [6335 ] [ERROR] [consumeBuffer:363]	====> the first buffer seq: 1 
[13:07:54.058] [6336 ] [ERROR] [consumeBuffer:363]	====> the first buffer seq: 1 
[13:07:57.186] [6337 ] [ERROR] [consumeBuffer:363]	====> the first buffer seq: 1 
[13:07:58.021] [6338 ] [ERROR] [consumeBuffer:363]	====> the first buffer seq: 1 
[13:07:58.276] [6335 ] [ERROR] [consumeBuffer:363]	====> the first buffer seq: 1 
[13:07:58.855] [6336 ] [ERROR] [consumeBuffer:363]	====> the first buffer seq: 1 
[13:08:01.763] [6337 ] [ERROR] [consumeBuffer:363]	====> the first buffer seq: 1 
[13:08:02.861] [6338 ] [ERROR] [consumeBuffer:363]	====> the first buffer seq: 1 
[13:08:03.304] [6335 ] [ERROR] [consumeBuffer:363]	====> the first buffer seq: 1 
[13:08:03.700] [6336 ] [ERROR] [consumeBuffer:363]	====> the first buffer seq: 1 
[13:08:06.844] [6337 ] [ERROR] [consumeBuffer:363]	====> the first buffer seq: 1 
[13:08:07.812] [6338 ] [ERROR] [consumeBuffer:363]	====> the first buffer seq: 1 
[13:08:08.278] [6335 ] [ERROR] [consumeBuffer:363]	====> the first buffer seq: 1 
[13:08:08.732] [6336 ] [ERROR] [consumeBuffer:363]	====> the first buffer seq: 1 
[13:08:11.737] [6337 ] [ERROR] [consumeBuffer:363]	====> the first buffer seq: 1 
[13:08:12.871] [6338 ] [ERROR] [consumeBuffer:363]	====> the first buffer seq: 1 
[13:08:13.625] [6335 ] [ERROR] [consumeBuffer:363]	====> the first buffer seq: 1 
[13:08:13.848] [6336 ] [ERROR] [consumeBuffer:363]	====> the first buffer seq: 1 
[13:08:16.598] [6337 ] [ERROR] [consumeBuffer:363]	====> the first buffer seq: 1 
[13:08:17.606] [6338 ] [ERROR] [consumeBuffer:363]	====> the first buffer seq: 1 
[13:08:18.439] [6335 ] [ERROR] [consumeBuffer:363]	====> the first buffer seq: 1 
[13:08:18.663] [6336 ] [ERROR] [consumeBuffer:363]	====> the first buffer seq: 1 
[13:08:21.211] [6337 ] [ERROR] [consumeBuffer:363]	====> the first buffer seq: 1 
[13:08:22.161] [6338 ] [ERROR] [consumeBuffer:363]	====> the first buffer seq: 1 
[13:08:22.958] [6335 ] [ERROR] [consumeBuffer:363]	====> the first buffer seq: 1 
[13:08:23.202] [6336 ] [ERROR] [consumeBuffer:363]	====> the first buffer seq: 1 
[13:08:26.215] [6337 ] [ERROR] [consumeBuffer:363]	====> the first buffer seq: 1 
[13:08:27.599] [6338 ] [ERROR] [consumeBuffer:363]	====> the first buffer seq: 1 
[13:08:28.346] [6335 ] [ERROR] [consumeBuffer:363]	====> the first buffer seq: 1 
[13:08:28.522] [6336 ] [ERROR] [consumeBuffer:363]	====> the first buffer seq: 1 
[13:08:31.600] [6337 ] [ERROR] [consumeBuffer:363]	====> the first buffer seq: 1 
[13:08:32.773] [6338 ] [ERROR] [consumeBuffer:363]	====> the first buffer seq: 1 
[13:08:33.792] [6335 ] [ERROR] [consumeBuffer:363]	====> the first buffer seq: 1 
[13:08:33.912] [6336 ] [ERROR] [consumeBuffer:363]	====> the first buffer seq: 1 
[13:08:36.824] [6337 ] [ERROR] [consumeBuffer:363]	====> the first buffer seq: 1 
[13:08:37.788] [6338 ] [ERROR] [consumeBuffer:363]	====> the first buffer seq: 1 
[13:08:38.909] [6335 ] [ERROR] [consumeBuffer:363]	====> the first buffer seq: 1 
[13:08:39.239] [6336 ] [ERROR] [consumeBuffer:363]	====> the first buffer seq: 1 
[13:08:41.835] [6337 ] [ERROR] [consumeBuffer:363]	====> the first buffer seq: 1 
[13:08:42.735] [6338 ] [ERROR] [consumeBuffer:363]	====> the first buffer seq: 1 
[13:08:44.008] [6335 ] [ERROR] [consumeBuffer:363]	====> the first buffer seq: 1 
[13:08:44.270] [6336 ] [ERROR] [consumeBuffer:363]	====> the first buffer seq: 1 
[13:08:46.895] [6337 ] [ERROR] [consumeBuffer:363]	====> the first buffer seq: 1 
[13:08:47.658] [6338 ] [ERROR] [consumeBuffer:363]	====> the first buffer seq: 1 
[13:08:48.996] [6335 ] [ERROR] [consumeBuffer:363]	====> the first buffer seq: 1 
[13:08:49.392] [6336 ] [ERROR] [consumeBuffer:363]	====> the first buffer seq: 1 
[13:08:51.649] [6337 ] [ERROR] [consumeBuffer:363]	====> the first buffer seq: 1 
[13:08:52.400] [6338 ] [ERROR] [consumeBuffer:363]	====> the first buffer seq: 1 
[13:08:53.893] [6335 ] [ERROR] [consumeBuffer:363]	====> the first buffer seq: 1 
[13:08:54.324] [6336 ] [ERROR] [consumeBuffer:363]	====> the first buffer seq: 1 
[13:11:27.786] [6337 ] [ERROR] [consumeBuffer:363]	====> the first buffer seq: 1 
[13:11:27.791] [6338 ] [ERROR] [consumeBuffer:363]	====> the first buffer seq: 1 
[13:11:27.805] [6336 ] [ERROR] [consumeBuffer:363]	====> the first buffer seq: 1 
[13:11:27.806] [6335 ] [ERROR] [consumeBuffer:363]	====> the first buffer seq: 1 
[13:11:31.836] [6337 ] [ERROR] [consumeBuffer:363]	====> the first buffer seq: 1 
[13:11:32.809] [6338 ] [ERROR] [consumeBuffer:363]	====> the first buffer seq: 1 
[13:11:32.964] [6335 ] [ERROR] [consumeBuffer:363]	====> the first buffer seq: 1 
[13:11:32.970] [6336 ] [ERROR] [consumeBuffer:363]	====> the first buffer seq: 1 
[13:11:36.995] [6337 ] [ERROR] [consumeBuffer:363]	====> the first buffer seq: 1 
[13:11:37.587] [6338 ] [ERROR] [consumeBuffer:363]	====> the first buffer seq: 1 
[13:11:37.845] [6336 ] [ERROR] [consumeBuffer:363]	====> the first buffer seq: 1 
[13:11:38.148] [6335 ] [ERROR] [consumeBuffer:363]	====> the first buffer seq: 1 
[13:11:41.690] [6337 ] [ERROR] [consumeBuffer:363]	====> the first buffer seq: 1 
[13:11:42.442] [6338 ] [ERROR] [consumeBuffer:363]	====> the first buffer seq: 1 
[13:11:42.934] [6336 ] [ERROR] [consumeBuffer:363]	====> the first buffer seq: 1 
[13:11:43.046] [6335 ] [ERROR] [consumeBuffer:363]	====> the first buffer seq: 1 
[13:11:46.408] [6337 ] [ERROR] [consumeBuffer:363]	====> the first buffer seq: 1 
[13:11:47.232] [6338 ] [ERROR] [consumeBuffer:363]	====> the first buffer seq: 1 
[13:11:47.822] [6335 ] [ERROR] [consumeBuffer:363]	====> the first buffer seq: 1 
[13:11:47.882] [6336 ] [ERROR] [consumeBuffer:363]	====> the first buffer seq: 1 
[13:11:50.913] [6337 ] [ERROR] [consumeBuffer:363]	====> the first buffer seq: 1 
[13:11:51.585] [6338 ] [ERROR] [consumeBuffer:363]	====> the first buffer seq: 1 
[13:11:51.976] [6336 ] [ERROR] [consumeBuffer:363]	====> the first buffer seq: 1 
[13:11:52.206] [6335 ] [ERROR] [consumeBuffer:363]	====> the first buffer seq: 1 
[13:11:54.838] [6337 ] [ERROR] [consumeBuffer:363]	====> the first buffer seq: 1 
[13:11:55.699] [6338 ] [ERROR] [consumeBuffer:363]	====> the first buffer seq: 1 
[13:11:56.010] [6336 ] [ERROR] [consumeBuffer:363]	====> the first buffer seq: 1 
[13:11:56.349] [6335 ] [ERROR] [consumeBuffer:363]	====> the first buffer seq: 1 
[13:11:58.601] [6337 ] [ERROR] [consumeBuffer:363]	====> the first buffer seq: 1 
[13:11:59.740] [6338 ] [ERROR] [consumeBuffer:363]	====> the first buffer seq: 1 
[13:12:00.014] [6336 ] [ERROR] [consumeBuffer:363]	====> the first buffer seq: 1 
[13:12:00.315] [6335 ] [ERROR] [consumeBuffer:363]	====> the first buffer seq: 1 
[13:12:02.658] [6337 ] [ERROR] [consumeBuffer:363]	====> the first buffer seq: 1 
[13:12:03.689] [6338 ] [ERROR] [consumeBuffer:363]	====> the first buffer seq: 1 
[13:12:04.074] [6336 ] [ERROR] [consumeBuffer:363]	====> the first buffer seq: 1 
[13:12:04.404] [6335 ] [ERROR] [consumeBuffer:363]	====> the first buffer seq: 1 
[13:12:06.646] [6337 ] [ERROR] [consumeBuffer:363]	====> the first buffer seq: 1 
[13:12:07.642] [6338 ] [ERROR] [consumeBuffer:363]	====> the first buffer seq: 1 
[13:12:08.238] [6336 ] [ERROR] [consumeBuffer:363]	====> the first buffer seq: 1 
[13:12:08.385] [6335 ] [ERROR] [consumeBuffer:363]	====> the first buffer seq: 1 
[13:12:10.321] [6337 ] [ERROR] [consumeBuffer:363]	====> the first buffer seq: 1 
[13:12:11.594] [6338 ] [ERROR] [consumeBuffer:363]	====> the first buffer seq: 1 
[13:12:12.218] [6336 ] [ERROR] [consumeBuffer:363]	====> the first buffer seq: 1 
[13:12:12.338] [6335 ] [ERROR] [consumeBuffer:363]	====> the first buffer seq: 1 
[13:12:14.099] [6337 ] [ERROR] [consumeBuffer:363]	====> the first buffer seq: 1 
[13:12:15.250] [6338 ] [ERROR] [consumeBuffer:363]	====> the first buffer seq: 1 
[13:12:16.186] [6336 ] [ERROR] [consumeBuffer:363]	====> the first buffer seq: 1 
[13:12:16.332] [6335 ] [ERROR] [consumeBuffer:363]	====> the first buffer seq: 1 
[13:12:17.864] [6337 ] [ERROR] [consumeBuffer:363]	====> the first buffer seq: 1 
[13:12:19.120] [6338 ] [ERROR] [consumeBuffer:363]	====> the first buffer seq: 1 
[13:12:20.453] [6336 ] [ERROR] [consumeBuffer:363]	====> the first buffer seq: 1 
[13:12:20.710] [6335 ] [ERROR] [consumeBuffer:363]	====> the first buffer seq: 1 
[13:12:22.017] [6337 ] [ERROR] [consumeBuffer:363]	====> the first buffer seq: 1 
[13:12:23.222] [6338 ] [ERROR] [consumeBuffer:363]	====> the first buffer seq: 1 
[13:12:24.741] [6336 ] [ERROR] [consumeBuffer:363]	====> the first buffer seq: 1 
[13:12:24.981] [6335 ] [ERROR] [consumeBuffer:363]	====> the first buffer seq: 1 
[13:12:26.210] [6337 ] [ERROR] [consumeBuffer:363]	====> the first buffer seq: 1 
[13:12:27.212] [6338 ] [ERROR] [consumeBuffer:363]	====> the first buffer seq: 1 
[13:12:28.543] [6336 ] [ERROR] [consumeBuffer:363]	====> the first buffer seq: 1 
[13:12:28.957] [6335 ] [ERROR] [consumeBuffer:363]	====> the first buffer seq: 1 
[13:12:29.946] [6337 ] [ERROR] [consumeBuffer:363]	====> the first buffer seq: 1 
[13:12:31.069] [6338 ] [ERROR] [consumeBuffer:363]	====> the first buffer seq: 1 
[13:12:32.559] [6336 ] [ERROR] [consumeBuffer:363]	====> the first buffer seq: 1 
[13:12:33.133] [6335 ] [ERROR] [consumeBuffer:363]	====> the first buffer seq: 1 
[13:12:34.481] [6337 ] [ERROR] [consumeBuffer:363]	====> the first buffer seq: 1 
[13:12:35.698] [6338 ] [ERROR] [consumeBuffer:363]	====> the first buffer seq: 1 
[13:12:37.338] [6336 ] [ERROR] [consumeBuffer:363]	====> the first buffer seq: 1 
[13:12:38.154] [6335 ] [ERROR] [consumeBuffer:363]	====> the first buffer seq: 1 
[13:12:39.431] [6337 ] [ERROR] [consumeBuffer:363]	====> the first buffer seq: 1 
[13:12:40.509] [6338 ] [ERROR] [consumeBuffer:363]	====> the first buffer seq: 1 
[13:12:42.423] [6336 ] [ERROR] [consumeBuffer:363]	====> the first buffer seq: 1 
[13:12:43.026] [6335 ] [ERROR] [consumeBuffer:363]	====> the first buffer seq: 1 
[13:12:44.166] [6337 ] [ERROR] [consumeBuffer:363]	====> the first buffer seq: 1 
[13:12:45.168] [6338 ] [ERROR] [consumeBuffer:363]	====> the first buffer seq: 1 
[13:12:46.555] [6336 ] [ERROR] [consumeBuffer:363]	====> the first buffer seq: 1 
[13:12:47.057] [6335 ] [ERROR] [consumeBuffer:363]	====> the first buffer seq: 1 
[13:12:48.380] [6337 ] [ERROR] [consumeBuffer:363]	====> the first buffer seq: 1 
[13:12:49.698] [6338 ] [ERROR] [consumeBuffer:363]	====> the first buffer seq: 1 
[13:12:51.365] [6336 ] [ERROR] [consumeBuffer:363]	====> the first buffer seq: 1 
[13:12:52.135] [6335 ] [ERROR] [consumeBuffer:363]	====> the first buffer seq: 1 
[13:12:53.476] [6337 ] [ERROR] [consumeBuffer:363]	====> the first buffer seq: 1 
[13:12:54.389] [6338 ] [ERROR] [consumeBuffer:363]	====> the first buffer seq: 1 
[13:12:56.072] [6336 ] [ERROR] [consumeBuffer:363]	====> the first buffer seq: 1 
[13:12:57.111] [6335 ] [ERROR] [consumeBuffer:363]	====> the first buffer seq: 1 
[13:12:58.485] [6337 ] [ERROR] [consumeBuffer:363]	====> the first buffer seq: 1 
[13:12:59.244] [6338 ] [ERROR] [consumeBuffer:363]	====> the first buffer seq: 1 
[13:13:01.020] [6336 ] [ERROR] [consumeBuffer:363]	====> the first buffer seq: 1 
[13:13:01.797] [6335 ] [ERROR] [consumeBuffer:363]	====> the first buffer seq: 1 
[13:13:03.286] [6337 ] [ERROR] [consumeBuffer:363]	====> the first buffer seq: 1 
[13:13:04.181] [6338 ] [ERROR] [consumeBuffer:363]	====> the first buffer seq: 1 
[13:13:05.964] [6336 ] [ERROR] [consumeBuffer:363]	====> the first buffer seq: 1 
[13:13:06.848] [6335 ] [ERROR] [consumeBuffer:363]	====> the first buffer seq: 1 
[13:13:08.423] [6337 ] [ERROR] [consumeBuffer:363]	====> the first buffer seq: 1 
[13:13:09.145] [6338 ] [ERROR] [consumeBuffer:363]	====> the first buffer seq: 1 
[13:13:11.240] [6336 ] [ERROR] [consumeBuffer:363]	====> the first buffer seq: 1 
[13:13:12.043] [6335 ] [ERROR] [consumeBuffer:363]	====> the first buffer seq: 1 
[13:13:13.686] [6337 ] [ERROR] [consumeBuffer:363]	====> the first buffer seq: 1 
[13:13:14.362] [6338 ] [ERROR] [consumeBuffer:363]	====> the first buffer seq: 1 
[13:13:16.346] [6336 ] [ERROR] [consumeBuffer:363]	====> the first buffer seq: 1 
[13:13:17.031] [6335 ] [ERROR] [consumeBuffer:363]	====> the first buffer seq: 1 
[13:15:50.767] [6338 ] [ERROR] [consumeBuffer:363]	====> the first buffer seq: 1 
[13:15:50.768] [6337 ] [ERROR] [consumeBuffer:363]	====> the first buffer seq: 1 
[13:15:50.779] [6336 ] [ERROR] [consumeBuffer:363]	====> the first buffer seq: 1 
[13:15:50.785] [6335 ] [ERROR] [consumeBuffer:363]	====> the first buffer seq: 1 
[13:15:55.244] [6337 ] [ERROR] [consumeBuffer:363]	====> the first buffer seq: 1 
[13:15:56.231] [6335 ] [ERROR] [consumeBuffer:363]	====> the first buffer seq: 1 
[13:15:56.283] [6338 ] [ERROR] [consumeBuffer:363]	====> the first buffer seq: 1 
[13:15:56.435] [6336 ] [ERROR] [consumeBuffer:363]	====> the first buffer seq: 1 
[13:16:00.403] [6337 ] [ERROR] [consumeBuffer:363]	====> the first buffer seq: 1 
[13:16:01.480] [6338 ] [ERROR] [consumeBuffer:363]	====> the first buffer seq: 1 
[13:16:01.491] [6335 ] [ERROR] [consumeBuffer:363]	====> the first buffer seq: 1 
[13:16:01.596] [6336 ] [ERROR] [consumeBuffer:363]	====> the first buffer seq: 1 
[13:16:05.130] [6337 ] [ERROR] [consumeBuffer:363]	====> the first buffer seq: 1 
[13:16:06.285] [6335 ] [ERROR] [consumeBuffer:363]	====> the first buffer seq: 1 
[13:16:06.358] [6338 ] [ERROR] [consumeBuffer:363]	====> the first buffer seq: 1 
[13:16:06.485] [6336 ] [ERROR] [consumeBuffer:363]	====> the first buffer seq: 1 
[13:16:10.077] [6337 ] [ERROR] [consumeBuffer:363]	====> the first buffer seq: 1 
[13:16:11.101] [6335 ] [ERROR] [consumeBuffer:363]	====> the first buffer seq: 1 
[13:16:11.225] [6338 ] [ERROR] [consumeBuffer:363]	====> the first buffer seq: 1 
[13:16:11.477] [6336 ] [ERROR] [consumeBuffer:363]	====> the first buffer seq: 1 
[13:16:14.910] [6337 ] [ERROR] [consumeBuffer:363]	====> the first buffer seq: 1 
[13:16:15.865] [6335 ] [ERROR] [consumeBuffer:363]	====> the first buffer seq: 1 
[13:16:15.994] [6338 ] [ERROR] [consumeBuffer:363]	====> the first buffer seq: 1 
[13:16:16.215] [6336 ] [ERROR] [consumeBuffer:363]	====> the first buffer seq: 1 
[13:16:19.855] [6337 ] [ERROR] [consumeBuffer:363]	====> the first buffer seq: 1 
[13:16:20.697] [6335 ] [ERROR] [consumeBuffer:363]	====> the first buffer seq: 1 
[13:16:20.735] [6338 ] [ERROR] [consumeBuffer:363]	====> the first buffer seq: 1 
[13:16:21.073] [6336 ] [ERROR] [consumeBuffer:363]	====> the first buffer seq: 1 
[13:16:24.502] [6337 ] [ERROR] [consumeBuffer:363]	====> the first buffer seq: 1 
[13:16:25.280] [6338 ] [ERROR] [consumeBuffer:363]	====> the first buffer seq: 1 
[13:16:25.423] [6335 ] [ERROR] [consumeBuffer:363]	====> the first buffer seq: 1 
[13:16:25.692] [6336 ] [ERROR] [consumeBuffer:363]	====> the first buffer seq: 1 
[13:16:28.372] [6337 ] [ERROR] [consumeBuffer:363]	====> the first buffer seq: 1 
[13:16:29.214] [6338 ] [ERROR] [consumeBuffer:363]	====> the first buffer seq: 1 
[13:16:29.419] [6335 ] [ERROR] [consumeBuffer:363]	====> the first buffer seq: 1 
[13:16:29.654] [6336 ] [ERROR] [consumeBuffer:363]	====> the first buffer seq: 1 
[13:16:32.281] [6337 ] [ERROR] [consumeBuffer:363]	====> the first buffer seq: 1 
[13:16:33.075] [6338 ] [ERROR] [consumeBuffer:363]	====> the first buffer seq: 1 
[13:16:33.541] [6335 ] [ERROR] [consumeBuffer:363]	====> the first buffer seq: 1 
[13:16:33.613] [6336 ] [ERROR] [consumeBuffer:363]	====> the first buffer seq: 1 
[13:16:36.090] [6337 ] [ERROR] [consumeBuffer:363]	====> the first buffer seq: 1 
[13:16:37.011] [6338 ] [ERROR] [consumeBuffer:363]	====> the first buffer seq: 1 
[13:16:37.512] [6336 ] [ERROR] [consumeBuffer:363]	====> the first buffer seq: 1 
[13:16:37.561] [6335 ] [ERROR] [consumeBuffer:363]	====> the first buffer seq: 1 
[13:16:40.053] [6337 ] [ERROR] [consumeBuffer:363]	====> the first buffer seq: 1 
[13:16:41.025] [6338 ] [ERROR] [consumeBuffer:363]	====> the first buffer seq: 1 
[13:16:41.440] [6336 ] [ERROR] [consumeBuffer:363]	====> the first buffer seq: 1 
[13:16:41.659] [6335 ] [ERROR] [consumeBuffer:363]	====> the first buffer seq: 1 
[13:16:43.939] [6337 ] [ERROR] [consumeBuffer:363]	====> the first buffer seq: 1 
[13:16:44.759] [6338 ] [ERROR] [consumeBuffer:363]	====> the first buffer seq: 1 
[13:16:45.419] [6336 ] [ERROR] [consumeBuffer:363]	====> the first buffer seq: 1 
[13:16:45.578] [6335 ] [ERROR] [consumeBuffer:363]	====> the first buffer seq: 1 
[13:16:47.681] [6337 ] [ERROR] [consumeBuffer:363]	====> the first buffer seq: 1 
[13:16:48.763] [6338 ] [ERROR] [consumeBuffer:363]	====> the first buffer seq: 1 
[13:16:49.317] [6336 ] [ERROR] [consumeBuffer:363]	====> the first buffer seq: 1 
[13:16:49.532] [6335 ] [ERROR] [consumeBuffer:363]	====> the first buffer seq: 1 
[13:16:51.588] [6337 ] [ERROR] [consumeBuffer:363]	====> the first buffer seq: 1 
[13:16:52.665] [6338 ] [ERROR] [consumeBuffer:363]	====> the first buffer seq: 1 
[13:16:53.103] [6336 ] [ERROR] [consumeBuffer:363]	====> the first buffer seq: 1 
[13:16:53.378] [6335 ] [ERROR] [consumeBuffer:363]	====> the first buffer seq: 1 
[13:16:55.539] [6337 ] [ERROR] [consumeBuffer:363]	====> the first buffer seq: 1 
[13:16:56.963] [6338 ] [ERROR] [consumeBuffer:363]	====> the first buffer seq: 1 
[13:16:57.371] [6336 ] [ERROR] [consumeBuffer:363]	====> the first buffer seq: 1 
[13:16:57.557] [6335 ] [ERROR] [consumeBuffer:363]	====> the first buffer seq: 1 
[13:16:59.608] [6337 ] [ERROR] [consumeBuffer:363]	====> the first buffer seq: 1 
[13:17:01.168] [6338 ] [ERROR] [consumeBuffer:363]	====> the first buffer seq: 1 
[13:17:01.797] [6336 ] [ERROR] [consumeBuffer:363]	====> the first buffer seq: 1 
[13:17:01.844] [6335 ] [ERROR] [consumeBuffer:363]	====> the first buffer seq: 1 
[13:17:03.384] [6337 ] [ERROR] [consumeBuffer:363]	====> the first buffer seq: 1 
[13:17:05.084] [6338 ] [ERROR] [consumeBuffer:363]	====> the first buffer seq: 1 
[13:17:05.823] [6336 ] [ERROR] [consumeBuffer:363]	====> the first buffer seq: 1 
[13:17:06.239] [6335 ] [ERROR] [consumeBuffer:363]	====> the first buffer seq: 1 
[13:17:07.108] [6337 ] [ERROR] [consumeBuffer:363]	====> the first buffer seq: 1 
[13:17:08.872] [6338 ] [ERROR] [consumeBuffer:363]	====> the first buffer seq: 1 
[13:17:09.930] [6336 ] [ERROR] [consumeBuffer:363]	====> the first buffer seq: 1 
[13:17:10.780] [6335 ] [ERROR] [consumeBuffer:363]	====> the first buffer seq: 1 
[13:17:11.839] [6337 ] [ERROR] [consumeBuffer:363]	====> the first buffer seq: 1 
[13:17:13.666] [6338 ] [ERROR] [consumeBuffer:363]	====> the first buffer seq: 1 
[13:17:14.786] [6336 ] [ERROR] [consumeBuffer:363]	====> the first buffer seq: 1 
[13:17:15.805] [6335 ] [ERROR] [consumeBuffer:363]	====> the first buffer seq: 1 
[13:17:16.609] [6337 ] [ERROR] [consumeBuffer:363]	====> the first buffer seq: 1 
[13:17:18.221] [6338 ] [ERROR] [consumeBuffer:363]	====> the first buffer seq: 1 
[13:17:19.389] [6336 ] [ERROR] [consumeBuffer:363]	====> the first buffer seq: 1 
[13:17:20.377] [6335 ] [ERROR] [consumeBuffer:363]	====> the first buffer seq: 1 
[13:17:21.001] [6337 ] [ERROR] [consumeBuffer:363]	====> the first buffer seq: 1 
[13:17:22.450] [6338 ] [ERROR] [consumeBuffer:363]	====> the first buffer seq: 1 
[13:17:23.585] [6336 ] [ERROR] [consumeBuffer:363]	====> the first buffer seq: 1 
[13:17:24.734] [6335 ] [ERROR] [consumeBuffer:363]	====> the first buffer seq: 1 
[13:17:25.516] [6337 ] [ERROR] [consumeBuffer:363]	====> the first buffer seq: 1 
[13:17:27.190] [6338 ] [ERROR] [consumeBuffer:363]	====> the first buffer seq: 1 
[13:17:28.667] [6336 ] [ERROR] [consumeBuffer:363]	====> the first buffer seq: 1 
[13:17:29.507] [6335 ] [ERROR] [consumeBuffer:363]	====> the first buffer seq: 1 
[13:17:30.246] [6337 ] [ERROR] [consumeBuffer:363]	====> the first buffer seq: 1 
[13:17:31.904] [6338 ] [ERROR] [consumeBuffer:363]	====> the first buffer seq: 1 
[13:17:33.559] [6336 ] [ERROR] [consumeBuffer:363]	====> the first buffer seq: 1 
[13:17:34.332] [6335 ] [ERROR] [consumeBuffer:363]	====> the first buffer seq: 1 
[13:17:35.169] [6337 ] [ERROR] [consumeBuffer:363]	====> the first buffer seq: 1 
[13:17:37.025] [6338 ] [ERROR] [consumeBuffer:363]	====> the first buffer seq: 1 
[13:17:38.309] [6336 ] [ERROR] [consumeBuffer:363]	====> the first buffer seq: 1 
[13:17:39.602] [6335 ] [ERROR] [consumeBuffer:363]	====> the first buffer seq: 1 
[13:20:54.850] [5193 ] [WARN ] [~MpcMemPool:48]	the mempool is freed! 
