[09:55:05.472] [7864 ] [INFO ] [JNI_OnLoad:24]	jvm onload success ! 
[09:55:05.474] [7864 ] [INFO ] [init:111]	JniNativeCallback init ok. 
[09:55:05.474] [7864 ] [INFO ] [init:136]	to init engine, user: test001, mode: 0, proxyEndpoint: ProxyGlacier2/router:tcp -h 202.114.114.46 -p 4502 -t 11000 
[09:55:05.474] [7864 ] [WARN ] [init:158]	Cannot find the --Mpc.Data=xxxxx config item ! 
[09:55:05.474] [7864 ] [WARN ] [init:178]	Cannot find the --Mpc.Circuits=xxxxx config item ! not preload circuits !! 
[09:55:05.474] [7864 ] [INFO ] [init:188]	preload circuits ok ! 
[09:55:05.474] [7864 ] [INFO ] [init:212]	Not start node server ! use proxy forward ! 
[09:55:05.475] [7864 ] [INFO ] [MpcTaskDispatcher:39]	construct task dispatcher, with 8 processor, load balence is: 16384 
[09:55:05.475] [7864 ] [INFO ] [init:63]	INIT the processor: 0, type: 0 ok 
[09:55:05.475] [7879 ] [INFO ] [operator():54]	task processor: 0 is running... 
[09:55:05.475] [7864 ] [INFO ] [init:63]	INIT the processor: 1, type: 0 ok 
[09:55:05.475] [7879 ] [INFO ] [popInvitorReadyTask:270]	to POP a ready task from ready invitor queue to processor, now read_num: 0 ... 
[09:55:05.475] [7864 ] [INFO ] [init:63]	INIT the processor: 2, type: 0 ok 
[09:55:05.475] [7881 ] [INFO ] [operator():54]	task processor: 2 is running... 
[09:55:05.475] [7864 ] [INFO ] [init:63]	INIT the processor: 3, type: 0 ok 
[09:55:05.475] [7864 ] [INFO ] [init:63]	INIT the processor: 4, type: 1 ok 
[09:55:05.475] [7880 ] [INFO ] [operator():54]	task processor: 1 is running... 
[09:55:05.475] [7881 ] [INFO ] [popInvitorReadyTask:270]	to POP a ready task from ready invitor queue to processor, now read_num: 0 ... 
[09:55:05.475] [7883 ] [INFO ] [operator():54]	task processor: 4 is running... 
[09:55:05.475] [7882 ] [INFO ] [operator():54]	task processor: 3 is running... 
[09:55:05.475] [7883 ] [INFO ] [popInviteeReadyTask:208]	to POP a ready task from ready invitee queue to processor, now read_num: 0 ... 
[09:55:05.475] [7884 ] [INFO ] [operator():54]	task processor: 5 is running... 
[09:55:05.475] [7884 ] [INFO ] [popInviteeReadyTask:208]	to POP a ready task from ready invitee queue to processor, now read_num: 0 ... 
[09:55:05.475] [7864 ] [INFO ] [init:63]	INIT the processor: 5, type: 1 ok 
[09:55:05.476] [7864 ] [INFO ] [init:63]	INIT the processor: 6, type: 1 ok 
[09:55:05.476] [7885 ] [INFO ] [operator():54]	task processor: 6 is running... 
[09:55:05.476] [7864 ] [INFO ] [init:63]	INIT the processor: 7, type: 1 ok 
[09:55:05.475] [7880 ] [INFO ] [popInvitorReadyTask:270]	to POP a ready task from ready invitor queue to processor, now read_num: 0 ... 
[09:55:05.476] [7885 ] [INFO ] [popInviteeReadyTask:208]	to POP a ready task from ready invitee queue to processor, now read_num: 0 ... 
[09:55:05.476] [7864 ] [INFO ] [init:234]	INIT task dispatcher done ! 
[09:55:05.477] [7864 ] [INFO ] [init:64]	connect to busi proxy server endpoint: ProxyGlacier2/router:tcp -h 202.114.114.46 -p 4502 -t 11000 
[09:55:05.478] [7886 ] [INFO ] [operator():54]	task processor: 7 is running... 
[09:55:05.478] [7886 ] [INFO ] [popInviteeReadyTask:208]	to POP a ready task from ready invitee queue to processor, now read_num: 0 ... 
[09:55:05.478] [7882 ] [INFO ] [popInvitorReadyTask:270]	to POP a ready task from ready invitor queue to processor, now read_num: 0 ... 
[09:55:05.493] [7893 ] [INFO ] [connected:34]	to get session... 
[09:55:05.493] [7893 ] [INFO ] [connected:38]	to get create busi node callback... 
[09:55:05.493] [7893 ] [INFO ] [connected:46]	to set node callback, public endpoint: ProxyGlacier2/router:tcp -h 202.114.114.46 -p 4502 -t 11000, user: test001 ... 
[09:55:05.495] [7893 ] [WARN ] [connected:55]	the busi session create success. 
[09:55:05.985] [7864 ] [INFO ] [init:69]	waiting for node busi client inited ... timeout 1s.. 
[09:55:05.985] [7864 ] [INFO ] [init:74]	the busi node communicator is prepared !!!! 
[09:55:05.985] [7864 ] [INFO ] [init:86]	INIT busi node client success. user: test001, proxyEndpoint: ProxyGlacier2/router:tcp -h 202.114.114.46 -p 4502 -t 11000 
[09:55:05.985] [7864 ] [INFO ] [init:244]	INIT busi node client done ! 
[09:55:05.985] [7864 ] [INFO ] [init:48]	input ready process init ok. 
[09:55:05.985] [7864 ] [INFO ] [init:253]	INIT input ready processor done ! 
[09:55:05.985] [7864 ] [INFO ] [init:48]	ready process init ok. max request queue size: 4 
[09:55:05.985] [7864 ] [INFO ] [init:263]	INIT ready processor done ! 
[09:55:05.985] [7864 ] [INFO ] [init:269]	Mpc engine init success. 
[09:55:05.985] [7934 ] [INFO ] [popCommitTask:127]	to POP a commit task, task size: 0  ... 
[09:55:05.986] [7864 ] [INFO ] [Java_com_juzix_jugo_node_jni_NativeInterface_setDataLogLevel:155]	init the log to level: 3, data log state: 0 
[09:55:09.188] [7892 ] [WARN ] [MpcMemPool:42]	the mempool construction, size: 134217728, mem: 0x7fa393524010 
[09:55:10.500] [7883 ] [ERROR] [consumeBuffer:363]	====> the first buffer seq: 1 
[09:55:10.504] [7886 ] [ERROR] [consumeBuffer:363]	====> the first buffer seq: 1 
[09:55:10.504] [7884 ] [ERROR] [consumeBuffer:363]	====> the first buffer seq: 1 
[09:55:10.523] [7885 ] [ERROR] [consumeBuffer:363]	====> the first buffer seq: 1 
[09:55:15.958] [7884 ] [ERROR] [consumeBuffer:363]	====> the first buffer seq: 1 
[09:55:15.979] [7883 ] [ERROR] [consumeBuffer:363]	====> the first buffer seq: 1 
[09:55:16.056] [7886 ] [ERROR] [consumeBuffer:363]	====> the first buffer seq: 1 
[09:55:16.061] [7885 ] [ERROR] [consumeBuffer:363]	====> the first buffer seq: 1 
[09:55:19.946] [7884 ] [ERROR] [consumeBuffer:363]	====> the first buffer seq: 1 
[09:55:19.996] [7883 ] [ERROR] [consumeBuffer:363]	====> the first buffer seq: 1 
[09:55:20.112] [7886 ] [ERROR] [consumeBuffer:363]	====> the first buffer seq: 1 
[09:55:20.121] [7885 ] [ERROR] [consumeBuffer:363]	====> the first buffer seq: 1 
[09:55:23.870] [7884 ] [ERROR] [consumeBuffer:363]	====> the first buffer seq: 1 
[09:55:23.917] [7883 ] [ERROR] [consumeBuffer:363]	====> the first buffer seq: 1 
[09:55:23.995] [7885 ] [ERROR] [consumeBuffer:363]	====> the first buffer seq: 1 
[09:55:24.148] [7886 ] [ERROR] [consumeBuffer:363]	====> the first buffer seq: 1 
[09:55:27.968] [7884 ] [ERROR] [consumeBuffer:363]	====> the first buffer seq: 1 
[09:55:27.990] [7883 ] [ERROR] [consumeBuffer:363]	====> the first buffer seq: 1 
[09:55:28.106] [7885 ] [ERROR] [consumeBuffer:363]	====> the first buffer seq: 1 
[09:55:28.299] [7886 ] [ERROR] [consumeBuffer:363]	====> the first buffer seq: 1 
[09:55:32.035] [7884 ] [ERROR] [consumeBuffer:363]	====> the first buffer seq: 1 
[09:55:32.064] [7883 ] [ERROR] [consumeBuffer:363]	====> the first buffer seq: 1 
[09:55:32.220] [7885 ] [ERROR] [consumeBuffer:363]	====> the first buffer seq: 1 
[09:55:32.429] [7886 ] [ERROR] [consumeBuffer:363]	====> the first buffer seq: 1 
[09:55:36.328] [7883 ] [ERROR] [consumeBuffer:363]	====> the first buffer seq: 1 
[09:55:36.444] [7884 ] [ERROR] [consumeBuffer:363]	====> the first buffer seq: 1 
[09:55:36.675] [7885 ] [ERROR] [consumeBuffer:363]	====> the first buffer seq: 1 
[09:55:36.777] [7886 ] [ERROR] [consumeBuffer:363]	====> the first buffer seq: 1 
[09:55:40.497] [7883 ] [ERROR] [consumeBuffer:363]	====> the first buffer seq: 1 
[09:55:40.535] [7884 ] [ERROR] [consumeBuffer:363]	====> the first buffer seq: 1 
[09:55:40.759] [7885 ] [ERROR] [consumeBuffer:363]	====> the first buffer seq: 1 
[09:55:40.976] [7886 ] [ERROR] [consumeBuffer:363]	====> the first buffer seq: 1 
[09:55:44.640] [7883 ] [ERROR] [consumeBuffer:363]	====> the first buffer seq: 1 
[09:55:44.646] [7884 ] [ERROR] [consumeBuffer:363]	====> the first buffer seq: 1 
[09:55:44.878] [7885 ] [ERROR] [consumeBuffer:363]	====> the first buffer seq: 1 
[09:55:45.125] [7886 ] [ERROR] [consumeBuffer:363]	====> the first buffer seq: 1 
[09:55:48.615] [7883 ] [ERROR] [consumeBuffer:363]	====> the first buffer seq: 1 
[09:55:48.619] [7884 ] [ERROR] [consumeBuffer:363]	====> the first buffer seq: 1 
[09:55:49.081] [7885 ] [ERROR] [consumeBuffer:363]	====> the first buffer seq: 1 
[09:55:49.156] [7886 ] [ERROR] [consumeBuffer:363]	====> the first buffer seq: 1 
[09:55:52.764] [7883 ] [ERROR] [consumeBuffer:363]	====> the first buffer seq: 1 
[09:55:52.777] [7884 ] [ERROR] [consumeBuffer:363]	====> the first buffer seq: 1 
[09:55:53.093] [7885 ] [ERROR] [consumeBuffer:363]	====> the first buffer seq: 1 
[09:55:53.309] [7886 ] [ERROR] [consumeBuffer:363]	====> the first buffer seq: 1 
[09:55:56.780] [7884 ] [ERROR] [consumeBuffer:363]	====> the first buffer seq: 1 
[09:55:56.859] [7883 ] [ERROR] [consumeBuffer:363]	====> the first buffer seq: 1 
[09:55:57.051] [7885 ] [ERROR] [consumeBuffer:363]	====> the first buffer seq: 1 
[09:55:57.350] [7886 ] [ERROR] [consumeBuffer:363]	====> the first buffer seq: 1 
[09:56:00.906] [7884 ] [ERROR] [consumeBuffer:363]	====> the first buffer seq: 1 
[09:56:01.085] [7883 ] [ERROR] [consumeBuffer:363]	====> the first buffer seq: 1 
[09:56:01.101] [7885 ] [ERROR] [consumeBuffer:363]	====> the first buffer seq: 1 
[09:56:01.371] [7886 ] [ERROR] [consumeBuffer:363]	====> the first buffer seq: 1 
[09:56:04.831] [7884 ] [ERROR] [consumeBuffer:363]	====> the first buffer seq: 1 
[09:56:05.271] [7883 ] [ERROR] [consumeBuffer:363]	====> the first buffer seq: 1 
[09:56:05.340] [7885 ] [ERROR] [consumeBuffer:363]	====> the first buffer seq: 1 
[09:56:05.422] [7886 ] [ERROR] [consumeBuffer:363]	====> the first buffer seq: 1 
[09:56:08.673] [7884 ] [ERROR] [consumeBuffer:363]	====> the first buffer seq: 1 
[09:56:09.294] [7885 ] [ERROR] [consumeBuffer:363]	====> the first buffer seq: 1 
[09:56:09.314] [7883 ] [ERROR] [consumeBuffer:363]	====> the first buffer seq: 1 
[09:56:09.553] [7886 ] [ERROR] [consumeBuffer:363]	====> the first buffer seq: 1 
[09:56:12.380] [7884 ] [ERROR] [consumeBuffer:363]	====> the first buffer seq: 1 
[09:56:13.308] [7885 ] [ERROR] [consumeBuffer:363]	====> the first buffer seq: 1 
[09:56:13.460] [7883 ] [ERROR] [consumeBuffer:363]	====> the first buffer seq: 1 
[09:56:13.631] [7886 ] [ERROR] [consumeBuffer:363]	====> the first buffer seq: 1 
[09:56:16.229] [7884 ] [ERROR] [consumeBuffer:363]	====> the first buffer seq: 1 
[09:56:17.362] [7885 ] [ERROR] [consumeBuffer:363]	====> the first buffer seq: 1 
[09:56:17.561] [7883 ] [ERROR] [consumeBuffer:363]	====> the first buffer seq: 1 
[09:56:17.638] [7886 ] [ERROR] [consumeBuffer:363]	====> the first buffer seq: 1 
[09:56:20.196] [7884 ] [ERROR] [consumeBuffer:363]	====> the first buffer seq: 1 
[09:56:21.501] [7885 ] [ERROR] [consumeBuffer:363]	====> the first buffer seq: 1 
[09:56:21.670] [7886 ] [ERROR] [consumeBuffer:363]	====> the first buffer seq: 1 
[09:56:21.784] [7883 ] [ERROR] [consumeBuffer:363]	====> the first buffer seq: 1 
[09:56:24.014] [7884 ] [ERROR] [consumeBuffer:363]	====> the first buffer seq: 1 
[09:56:25.512] [7885 ] [ERROR] [consumeBuffer:363]	====> the first buffer seq: 1 
[09:56:25.985] [7883 ] [ERROR] [consumeBuffer:363]	====> the first buffer seq: 1 
[09:56:26.004] [7886 ] [ERROR] [consumeBuffer:363]	====> the first buffer seq: 1 
[09:56:27.697] [7884 ] [ERROR] [consumeBuffer:363]	====> the first buffer seq: 1 
[09:56:29.240] [7885 ] [ERROR] [consumeBuffer:363]	====> the first buffer seq: 1 
[09:56:29.942] [7883 ] [ERROR] [consumeBuffer:363]	====> the first buffer seq: 1 
[09:56:30.250] [7886 ] [ERROR] [consumeBuffer:363]	====> the first buffer seq: 1 
[09:56:31.613] [7884 ] [ERROR] [consumeBuffer:363]	====> the first buffer seq: 1 
[09:56:32.963] [7885 ] [ERROR] [consumeBuffer:363]	====> the first buffer seq: 1 
[09:56:33.979] [7883 ] [ERROR] [consumeBuffer:363]	====> the first buffer seq: 1 
[09:56:34.386] [7886 ] [ERROR] [consumeBuffer:363]	====> the first buffer seq: 1 
[09:56:35.405] [7884 ] [ERROR] [consumeBuffer:363]	====> the first buffer seq: 1 
[09:56:36.746] [7885 ] [ERROR] [consumeBuffer:363]	====> the first buffer seq: 1 
[09:56:37.818] [7883 ] [ERROR] [consumeBuffer:363]	====> the first buffer seq: 1 
[09:56:38.444] [7886 ] [ERROR] [consumeBuffer:363]	====> the first buffer seq: 1 
[09:56:39.276] [7884 ] [ERROR] [consumeBuffer:363]	====> the first buffer seq: 1 
[09:56:40.730] [7885 ] [ERROR] [consumeBuffer:363]	====> the first buffer seq: 1 
[09:56:41.813] [7883 ] [ERROR] [consumeBuffer:363]	====> the first buffer seq: 1 
[09:56:42.392] [7886 ] [ERROR] [consumeBuffer:363]	====> the first buffer seq: 1 
[09:56:43.319] [7884 ] [ERROR] [consumeBuffer:363]	====> the first buffer seq: 1 
[09:56:44.489] [7885 ] [ERROR] [consumeBuffer:363]	====> the first buffer seq: 1 
[09:56:45.719] [7883 ] [ERROR] [consumeBuffer:363]	====> the first buffer seq: 1 
[09:56:46.491] [7886 ] [ERROR] [consumeBuffer:363]	====> the first buffer seq: 1 
[09:56:47.312] [7884 ] [ERROR] [consumeBuffer:363]	====> the first buffer seq: 1 
[09:56:48.399] [7885 ] [ERROR] [consumeBuffer:363]	====> the first buffer seq: 1 
[09:56:49.479] [7883 ] [ERROR] [consumeBuffer:363]	====> the first buffer seq: 1 
[09:56:50.492] [7886 ] [ERROR] [consumeBuffer:363]	====> the first buffer seq: 1 
[10:09:27.210] [7884 ] [ERROR] [consumeBuffer:363]	====> the first buffer seq: 1 
[10:09:27.214] [7885 ] [ERROR] [consumeBuffer:363]	====> the first buffer seq: 1 
[10:09:27.220] [7883 ] [ERROR] [consumeBuffer:363]	====> the first buffer seq: 1 
[10:09:27.236] [7886 ] [ERROR] [consumeBuffer:363]	====> the first buffer seq: 1 
[10:09:30.388] [7884 ] [ERROR] [consumeBuffer:363]	====> the first buffer seq: 1 
[10:09:31.201] [7885 ] [ERROR] [consumeBuffer:363]	====> the first buffer seq: 1 
[10:09:31.316] [7886 ] [ERROR] [consumeBuffer:363]	====> the first buffer seq: 1 
[10:09:31.319] [7883 ] [ERROR] [consumeBuffer:363]	====> the first buffer seq: 1 
[10:09:34.280] [7884 ] [ERROR] [consumeBuffer:363]	====> the first buffer seq: 1 
[10:09:35.268] [7886 ] [ERROR] [consumeBuffer:363]	====> the first buffer seq: 1 
[10:09:35.366] [7883 ] [ERROR] [consumeBuffer:363]	====> the first buffer seq: 1 
[10:09:35.429] [7885 ] [ERROR] [consumeBuffer:363]	====> the first buffer seq: 1 
[10:09:37.921] [7884 ] [ERROR] [consumeBuffer:363]	====> the first buffer seq: 1 
[10:09:39.195] [7883 ] [ERROR] [consumeBuffer:363]	====> the first buffer seq: 1 
[10:09:39.392] [7886 ] [ERROR] [consumeBuffer:363]	====> the first buffer seq: 1 
[10:09:39.495] [7885 ] [ERROR] [consumeBuffer:363]	====> the first buffer seq: 1 
[10:09:41.775] [7884 ] [ERROR] [consumeBuffer:363]	====> the first buffer seq: 1 
[10:09:43.070] [7883 ] [ERROR] [consumeBuffer:363]	====> the first buffer seq: 1 
[10:09:43.325] [7886 ] [ERROR] [consumeBuffer:363]	====> the first buffer seq: 1 
[10:09:43.570] [7885 ] [ERROR] [consumeBuffer:363]	====> the first buffer seq: 1 
[10:09:45.866] [7884 ] [ERROR] [consumeBuffer:363]	====> the first buffer seq: 1 
[10:09:46.970] [7883 ] [ERROR] [consumeBuffer:363]	====> the first buffer seq: 1 
[10:09:47.206] [7886 ] [ERROR] [consumeBuffer:363]	====> the first buffer seq: 1 
[10:09:47.674] [7885 ] [ERROR] [consumeBuffer:363]	====> the first buffer seq: 1 
[10:09:49.473] [7884 ] [ERROR] [consumeBuffer:363]	====> the first buffer seq: 1 
[10:09:51.242] [7883 ] [ERROR] [consumeBuffer:363]	====> the first buffer seq: 1 
[10:09:51.400] [7886 ] [ERROR] [consumeBuffer:363]	====> the first buffer seq: 1 
[10:09:51.664] [7885 ] [ERROR] [consumeBuffer:363]	====> the first buffer seq: 1 
[10:09:53.218] [7884 ] [ERROR] [consumeBuffer:363]	====> the first buffer seq: 1 
[10:09:55.089] [7883 ] [ERROR] [consumeBuffer:363]	====> the first buffer seq: 1 
[10:09:55.446] [7886 ] [ERROR] [consumeBuffer:363]	====> the first buffer seq: 1 
[10:09:55.554] [7885 ] [ERROR] [consumeBuffer:363]	====> the first buffer seq: 1 
[10:09:57.069] [7884 ] [ERROR] [consumeBuffer:363]	====> the first buffer seq: 1 
[10:09:58.989] [7883 ] [ERROR] [consumeBuffer:363]	====> the first buffer seq: 1 
[10:09:59.583] [7886 ] [ERROR] [consumeBuffer:363]	====> the first buffer seq: 1 
[10:10:00.062] [7885 ] [ERROR] [consumeBuffer:363]	====> the first buffer seq: 1 
[10:10:01.020] [7884 ] [ERROR] [consumeBuffer:363]	====> the first buffer seq: 1 
[10:10:02.885] [7883 ] [ERROR] [consumeBuffer:363]	====> the first buffer seq: 1 
[10:10:03.682] [7886 ] [ERROR] [consumeBuffer:363]	====> the first buffer seq: 1 
[10:10:04.319] [7885 ] [ERROR] [consumeBuffer:363]	====> the first buffer seq: 1 
[10:10:04.933] [7884 ] [ERROR] [consumeBuffer:363]	====> the first buffer seq: 1 
[10:10:06.749] [7883 ] [ERROR] [consumeBuffer:363]	====> the first buffer seq: 1 
[10:10:07.753] [7886 ] [ERROR] [consumeBuffer:363]	====> the first buffer seq: 1 
[10:10:08.176] [7885 ] [ERROR] [consumeBuffer:363]	====> the first buffer seq: 1 
[10:10:08.803] [7884 ] [ERROR] [consumeBuffer:363]	====> the first buffer seq: 1 
[10:10:10.792] [7883 ] [ERROR] [consumeBuffer:363]	====> the first buffer seq: 1 
[10:10:11.654] [7886 ] [ERROR] [consumeBuffer:363]	====> the first buffer seq: 1 
[10:10:12.064] [7885 ] [ERROR] [consumeBuffer:363]	====> the first buffer seq: 1 
[10:10:12.807] [7884 ] [ERROR] [consumeBuffer:363]	====> the first buffer seq: 1 
[10:10:14.659] [7883 ] [ERROR] [consumeBuffer:363]	====> the first buffer seq: 1 
[10:10:15.480] [7886 ] [ERROR] [consumeBuffer:363]	====> the first buffer seq: 1 
[10:10:15.879] [7885 ] [ERROR] [consumeBuffer:363]	====> the first buffer seq: 1 
[10:10:16.714] [7884 ] [ERROR] [consumeBuffer:363]	====> the first buffer seq: 1 
[10:10:18.663] [7883 ] [ERROR] [consumeBuffer:363]	====> the first buffer seq: 1 
[10:10:19.697] [7886 ] [ERROR] [consumeBuffer:363]	====> the first buffer seq: 1 
[10:10:19.957] [7885 ] [ERROR] [consumeBuffer:363]	====> the first buffer seq: 1 
[10:10:20.544] [7884 ] [ERROR] [consumeBuffer:363]	====> the first buffer seq: 1 
[10:10:22.559] [7883 ] [ERROR] [consumeBuffer:363]	====> the first buffer seq: 1 
[10:10:23.793] [7886 ] [ERROR] [consumeBuffer:363]	====> the first buffer seq: 1 
[10:10:23.906] [7885 ] [ERROR] [consumeBuffer:363]	====> the first buffer seq: 1 
[10:10:24.581] [7884 ] [ERROR] [consumeBuffer:363]	====> the first buffer seq: 1 
[10:10:26.183] [7883 ] [ERROR] [consumeBuffer:363]	====> the first buffer seq: 1 
[10:10:27.862] [7885 ] [ERROR] [consumeBuffer:363]	====> the first buffer seq: 1 
[10:10:27.949] [7886 ] [ERROR] [consumeBuffer:363]	====> the first buffer seq: 1 
[10:10:28.574] [7884 ] [ERROR] [consumeBuffer:363]	====> the first buffer seq: 1 
[10:10:29.891] [7883 ] [ERROR] [consumeBuffer:363]	====> the first buffer seq: 1 
[10:10:31.787] [7885 ] [ERROR] [consumeBuffer:363]	====> the first buffer seq: 1 
[10:10:31.862] [7886 ] [ERROR] [consumeBuffer:363]	====> the first buffer seq: 1 
[10:10:32.513] [7884 ] [ERROR] [consumeBuffer:363]	====> the first buffer seq: 1 
[10:10:33.786] [7883 ] [ERROR] [consumeBuffer:363]	====> the first buffer seq: 1 
[10:10:35.863] [7886 ] [ERROR] [consumeBuffer:363]	====> the first buffer seq: 1 
[10:10:35.889] [7885 ] [ERROR] [consumeBuffer:363]	====> the first buffer seq: 1 
[10:10:36.392] [7884 ] [ERROR] [consumeBuffer:363]	====> the first buffer seq: 1 
[10:10:37.651] [7883 ] [ERROR] [consumeBuffer:363]	====> the first buffer seq: 1 
[10:10:39.695] [7885 ] [ERROR] [consumeBuffer:363]	====> the first buffer seq: 1 
[10:10:39.890] [7886 ] [ERROR] [consumeBuffer:363]	====> the first buffer seq: 1 
[10:10:40.251] [7884 ] [ERROR] [consumeBuffer:363]	====> the first buffer seq: 1 
[10:10:41.506] [7883 ] [ERROR] [consumeBuffer:363]	====> the first buffer seq: 1 
[10:10:43.868] [7885 ] [ERROR] [consumeBuffer:363]	====> the first buffer seq: 1 
[10:10:43.877] [7886 ] [ERROR] [consumeBuffer:363]	====> the first buffer seq: 1 
[10:10:44.152] [7884 ] [ERROR] [consumeBuffer:363]	====> the first buffer seq: 1 
[10:10:45.128] [7883 ] [ERROR] [consumeBuffer:363]	====> the first buffer seq: 1 
[10:10:47.834] [7885 ] [ERROR] [consumeBuffer:363]	====> the first buffer seq: 1 
[10:10:47.922] [7886 ] [ERROR] [consumeBuffer:363]	====> the first buffer seq: 1 
[10:10:48.296] [7884 ] [ERROR] [consumeBuffer:363]	====> the first buffer seq: 1 
[10:10:49.007] [7883 ] [ERROR] [consumeBuffer:363]	====> the first buffer seq: 1 
[10:10:51.825] [7885 ] [ERROR] [consumeBuffer:363]	====> the first buffer seq: 1 
[10:10:51.881] [7886 ] [ERROR] [consumeBuffer:363]	====> the first buffer seq: 1 
[10:10:52.308] [7884 ] [ERROR] [consumeBuffer:363]	====> the first buffer seq: 1 
[10:10:52.838] [7883 ] [ERROR] [consumeBuffer:363]	====> the first buffer seq: 1 
[10:10:55.877] [7886 ] [ERROR] [consumeBuffer:363]	====> the first buffer seq: 1 
[10:10:55.914] [7885 ] [ERROR] [consumeBuffer:363]	====> the first buffer seq: 1 
[10:10:56.263] [7884 ] [ERROR] [consumeBuffer:363]	====> the first buffer seq: 1 
[10:10:56.768] [7883 ] [ERROR] [consumeBuffer:363]	====> the first buffer seq: 1 
[10:11:00.169] [7885 ] [ERROR] [consumeBuffer:363]	====> the first buffer seq: 1 
[10:11:00.204] [7886 ] [ERROR] [consumeBuffer:363]	====> the first buffer seq: 1 
[10:11:00.221] [7884 ] [ERROR] [consumeBuffer:363]	====> the first buffer seq: 1 
[10:11:00.893] [7883 ] [ERROR] [consumeBuffer:363]	====> the first buffer seq: 1 
[10:11:04.375] [7885 ] [ERROR] [consumeBuffer:363]	====> the first buffer seq: 1 
[10:11:04.544] [7886 ] [ERROR] [consumeBuffer:363]	====> the first buffer seq: 1 
[10:13:22.772] [7884 ] [ERROR] [consumeBuffer:363]	====> the first buffer seq: 1 
[10:13:22.777] [7885 ] [ERROR] [consumeBuffer:363]	====> the first buffer seq: 1 
[10:13:22.780] [7883 ] [ERROR] [consumeBuffer:363]	====> the first buffer seq: 1 
[10:13:22.784] [7886 ] [ERROR] [consumeBuffer:363]	====> the first buffer seq: 1 
[10:13:25.884] [7884 ] [ERROR] [consumeBuffer:363]	====> the first buffer seq: 1 
[10:13:26.800] [7885 ] [ERROR] [consumeBuffer:363]	====> the first buffer seq: 1 
[10:13:26.813] [7886 ] [ERROR] [consumeBuffer:363]	====> the first buffer seq: 1 
[10:13:26.857] [7883 ] [ERROR] [consumeBuffer:363]	====> the first buffer seq: 1 
[10:13:29.739] [7884 ] [ERROR] [consumeBuffer:363]	====> the first buffer seq: 1 
[10:13:30.767] [7886 ] [ERROR] [consumeBuffer:363]	====> the first buffer seq: 1 
[10:13:30.776] [7885 ] [ERROR] [consumeBuffer:363]	====> the first buffer seq: 1 
[10:13:30.865] [7883 ] [ERROR] [consumeBuffer:363]	====> the first buffer seq: 1 
[10:13:33.654] [7884 ] [ERROR] [consumeBuffer:363]	====> the first buffer seq: 1 
[10:13:34.703] [7885 ] [ERROR] [consumeBuffer:363]	====> the first buffer seq: 1 
[10:13:34.842] [7886 ] [ERROR] [consumeBuffer:363]	====> the first buffer seq: 1 
[10:13:34.851] [7883 ] [ERROR] [consumeBuffer:363]	====> the first buffer seq: 1 
[10:13:37.522] [7884 ] [ERROR] [consumeBuffer:363]	====> the first buffer seq: 1 
[10:13:38.482] [7885 ] [ERROR] [consumeBuffer:363]	====> the first buffer seq: 1 
[10:13:38.758] [7883 ] [ERROR] [consumeBuffer:363]	====> the first buffer seq: 1 
[10:13:38.783] [7886 ] [ERROR] [consumeBuffer:363]	====> the first buffer seq: 1 
[10:13:41.145] [7884 ] [ERROR] [consumeBuffer:363]	====> the first buffer seq: 1 
[10:13:42.384] [7885 ] [ERROR] [consumeBuffer:363]	====> the first buffer seq: 1 
[10:13:42.723] [7886 ] [ERROR] [consumeBuffer:363]	====> the first buffer seq: 1 
[10:13:42.755] [7883 ] [ERROR] [consumeBuffer:363]	====> the first buffer seq: 1 
[10:13:44.804] [7884 ] [ERROR] [consumeBuffer:363]	====> the first buffer seq: 1 
[10:13:46.192] [7885 ] [ERROR] [consumeBuffer:363]	====> the first buffer seq: 1 
[10:13:46.735] [7883 ] [ERROR] [consumeBuffer:363]	====> the first buffer seq: 1 
[10:13:46.881] [7886 ] [ERROR] [consumeBuffer:363]	====> the first buffer seq: 1 
[10:13:48.593] [7884 ] [ERROR] [consumeBuffer:363]	====> the first buffer seq: 1 
[10:13:50.103] [7885 ] [ERROR] [consumeBuffer:363]	====> the first buffer seq: 1 
[10:13:50.596] [7883 ] [ERROR] [consumeBuffer:363]	====> the first buffer seq: 1 
[10:13:50.735] [7886 ] [ERROR] [consumeBuffer:363]	====> the first buffer seq: 1 
[10:13:52.264] [7884 ] [ERROR] [consumeBuffer:363]	====> the first buffer seq: 1 
[10:13:54.048] [7885 ] [ERROR] [consumeBuffer:363]	====> the first buffer seq: 1 
[10:13:54.550] [7886 ] [ERROR] [consumeBuffer:363]	====> the first buffer seq: 1 
[10:13:54.612] [7883 ] [ERROR] [consumeBuffer:363]	====> the first buffer seq: 1 
[10:13:55.879] [7884 ] [ERROR] [consumeBuffer:363]	====> the first buffer seq: 1 
[10:13:57.867] [7885 ] [ERROR] [consumeBuffer:363]	====> the first buffer seq: 1 
[10:13:58.437] [7883 ] [ERROR] [consumeBuffer:363]	====> the first buffer seq: 1 
[10:13:58.555] [7886 ] [ERROR] [consumeBuffer:363]	====> the first buffer seq: 1 
[10:13:59.557] [7884 ] [ERROR] [consumeBuffer:363]	====> the first buffer seq: 1 
[10:14:01.839] [7885 ] [ERROR] [consumeBuffer:363]	====> the first buffer seq: 1 
[10:14:02.287] [7883 ] [ERROR] [consumeBuffer:363]	====> the first buffer seq: 1 
[10:14:02.405] [7886 ] [ERROR] [consumeBuffer:363]	====> the first buffer seq: 1 
[10:14:03.297] [7884 ] [ERROR] [consumeBuffer:363]	====> the first buffer seq: 1 
[10:14:05.717] [7885 ] [ERROR] [consumeBuffer:363]	====> the first buffer seq: 1 
[10:14:06.272] [7883 ] [ERROR] [consumeBuffer:363]	====> the first buffer seq: 1 
[10:14:06.340] [7886 ] [ERROR] [consumeBuffer:363]	====> the first buffer seq: 1 
[10:14:07.138] [7884 ] [ERROR] [consumeBuffer:363]	====> the first buffer seq: 1 
[10:14:09.481] [7885 ] [ERROR] [consumeBuffer:363]	====> the first buffer seq: 1 
[10:14:10.214] [7883 ] [ERROR] [consumeBuffer:363]	====> the first buffer seq: 1 
[10:14:10.467] [7886 ] [ERROR] [consumeBuffer:363]	====> the first buffer seq: 1 
[10:14:11.049] [7884 ] [ERROR] [consumeBuffer:363]	====> the first buffer seq: 1 
[10:14:13.141] [7885 ] [ERROR] [consumeBuffer:363]	====> the first buffer seq: 1 
[10:14:14.041] [7883 ] [ERROR] [consumeBuffer:363]	====> the first buffer seq: 1 
[10:14:14.304] [7886 ] [ERROR] [consumeBuffer:363]	====> the first buffer seq: 1 
[10:14:14.998] [7884 ] [ERROR] [consumeBuffer:363]	====> the first buffer seq: 1 
[10:14:17.090] [7885 ] [ERROR] [consumeBuffer:363]	====> the first buffer seq: 1 
[10:14:18.096] [7883 ] [ERROR] [consumeBuffer:363]	====> the first buffer seq: 1 
[10:14:18.147] [7886 ] [ERROR] [consumeBuffer:363]	====> the first buffer seq: 1 
[10:14:18.955] [7884 ] [ERROR] [consumeBuffer:363]	====> the first buffer seq: 1 
[10:14:20.825] [7885 ] [ERROR] [consumeBuffer:363]	====> the first buffer seq: 1 
[10:14:22.189] [7886 ] [ERROR] [consumeBuffer:363]	====> the first buffer seq: 1 
[10:14:22.210] [7883 ] [ERROR] [consumeBuffer:363]	====> the first buffer seq: 1 
[10:14:22.841] [7884 ] [ERROR] [consumeBuffer:363]	====> the first buffer seq: 1 
[10:14:24.364] [7885 ] [ERROR] [consumeBuffer:363]	====> the first buffer seq: 1 
[10:14:26.084] [7883 ] [ERROR] [consumeBuffer:363]	====> the first buffer seq: 1 
[10:14:26.256] [7886 ] [ERROR] [consumeBuffer:363]	====> the first buffer seq: 1 
[10:14:26.765] [7884 ] [ERROR] [consumeBuffer:363]	====> the first buffer seq: 1 
[10:14:28.157] [7885 ] [ERROR] [consumeBuffer:363]	====> the first buffer seq: 1 
[10:14:29.921] [7883 ] [ERROR] [consumeBuffer:363]	====> the first buffer seq: 1 
[10:14:30.290] [7886 ] [ERROR] [consumeBuffer:363]	====> the first buffer seq: 1 
[10:14:30.628] [7884 ] [ERROR] [consumeBuffer:363]	====> the first buffer seq: 1 
[10:14:31.996] [7885 ] [ERROR] [consumeBuffer:363]	====> the first buffer seq: 1 
[10:14:33.720] [7883 ] [ERROR] [consumeBuffer:363]	====> the first buffer seq: 1 
[10:14:34.336] [7886 ] [ERROR] [consumeBuffer:363]	====> the first buffer seq: 1 
[10:14:34.799] [7884 ] [ERROR] [consumeBuffer:363]	====> the first buffer seq: 1 
[10:14:35.643] [7885 ] [ERROR] [consumeBuffer:363]	====> the first buffer seq: 1 
[10:14:37.590] [7883 ] [ERROR] [consumeBuffer:363]	====> the first buffer seq: 1 
[10:14:38.487] [7886 ] [ERROR] [consumeBuffer:363]	====> the first buffer seq: 1 
[10:14:38.756] [7884 ] [ERROR] [consumeBuffer:363]	====> the first buffer seq: 1 
[10:14:39.513] [7885 ] [ERROR] [consumeBuffer:363]	====> the first buffer seq: 1 
[10:14:41.426] [7883 ] [ERROR] [consumeBuffer:363]	====> the first buffer seq: 1 
[10:14:42.486] [7886 ] [ERROR] [consumeBuffer:363]	====> the first buffer seq: 1 
[10:14:42.547] [7884 ] [ERROR] [consumeBuffer:363]	====> the first buffer seq: 1 
[10:14:43.375] [7885 ] [ERROR] [consumeBuffer:363]	====> the first buffer seq: 1 
[10:14:45.268] [7883 ] [ERROR] [consumeBuffer:363]	====> the first buffer seq: 1 
[10:14:46.355] [7886 ] [ERROR] [consumeBuffer:363]	====> the first buffer seq: 1 
[10:14:46.552] [7884 ] [ERROR] [consumeBuffer:363]	====> the first buffer seq: 1 
[10:14:47.235] [7885 ] [ERROR] [consumeBuffer:363]	====> the first buffer seq: 1 
[10:14:49.075] [7883 ] [ERROR] [consumeBuffer:363]	====> the first buffer seq: 1 
[10:14:50.139] [7886 ] [ERROR] [consumeBuffer:363]	====> the first buffer seq: 1 
[10:14:50.437] [7884 ] [ERROR] [consumeBuffer:363]	====> the first buffer seq: 1 
[10:14:51.252] [7885 ] [ERROR] [consumeBuffer:363]	====> the first buffer seq: 1 
[10:14:52.935] [7883 ] [ERROR] [consumeBuffer:363]	====> the first buffer seq: 1 
[10:14:53.979] [7886 ] [ERROR] [consumeBuffer:363]	====> the first buffer seq: 1 
[10:14:54.507] [7884 ] [ERROR] [consumeBuffer:363]	====> the first buffer seq: 1 
[10:14:55.266] [7885 ] [ERROR] [consumeBuffer:363]	====> the first buffer seq: 1 
[10:14:56.980] [7883 ] [ERROR] [consumeBuffer:363]	====> the first buffer seq: 1 
[10:14:57.930] [7886 ] [ERROR] [consumeBuffer:363]	====> the first buffer seq: 1 
[10:35:06.904] [7884 ] [ERROR] [consumeBuffer:363]	====> the first buffer seq: 1 
[10:35:06.911] [7885 ] [ERROR] [consumeBuffer:363]	====> the first buffer seq: 1 
[10:35:06.912] [7886 ] [ERROR] [consumeBuffer:363]	====> the first buffer seq: 1 
[10:35:06.914] [7883 ] [ERROR] [consumeBuffer:363]	====> the first buffer seq: 1 
[10:35:09.872] [7884 ] [ERROR] [consumeBuffer:363]	====> the first buffer seq: 1 
[10:35:10.823] [7885 ] [ERROR] [consumeBuffer:363]	====> the first buffer seq: 1 
[10:35:11.025] [7883 ] [ERROR] [consumeBuffer:363]	====> the first buffer seq: 1 
[10:35:11.110] [7886 ] [ERROR] [consumeBuffer:363]	====> the first buffer seq: 1 
[10:35:13.712] [7884 ] [ERROR] [consumeBuffer:363]	====> the first buffer seq: 1 
[10:35:14.688] [7885 ] [ERROR] [consumeBuffer:363]	====> the first buffer seq: 1 
[10:35:15.043] [7883 ] [ERROR] [consumeBuffer:363]	====> the first buffer seq: 1 
[10:35:15.143] [7886 ] [ERROR] [consumeBuffer:363]	====> the first buffer seq: 1 
[10:35:17.467] [7884 ] [ERROR] [consumeBuffer:363]	====> the first buffer seq: 1 
[10:35:18.418] [7885 ] [ERROR] [consumeBuffer:363]	====> the first buffer seq: 1 
[10:35:19.224] [7886 ] [ERROR] [consumeBuffer:363]	====> the first buffer seq: 1 
[10:35:19.236] [7883 ] [ERROR] [consumeBuffer:363]	====> the first buffer seq: 1 
[10:35:21.286] [7884 ] [ERROR] [consumeBuffer:363]	====> the first buffer seq: 1 
[10:35:22.266] [7885 ] [ERROR] [consumeBuffer:363]	====> the first buffer seq: 1 
[10:35:23.104] [7883 ] [ERROR] [consumeBuffer:363]	====> the first buffer seq: 1 
[10:35:23.137] [7886 ] [ERROR] [consumeBuffer:363]	====> the first buffer seq: 1 
[10:35:24.922] [7884 ] [ERROR] [consumeBuffer:363]	====> the first buffer seq: 1 
[10:35:26.068] [7885 ] [ERROR] [consumeBuffer:363]	====> the first buffer seq: 1 
[10:35:26.991] [7883 ] [ERROR] [consumeBuffer:363]	====> the first buffer seq: 1 
[10:35:27.065] [7886 ] [ERROR] [consumeBuffer:363]	====> the first buffer seq: 1 
[10:35:28.627] [7884 ] [ERROR] [consumeBuffer:363]	====> the first buffer seq: 1 
[10:35:29.955] [7885 ] [ERROR] [consumeBuffer:363]	====> the first buffer seq: 1 
[10:35:31.129] [7886 ] [ERROR] [consumeBuffer:363]	====> the first buffer seq: 1 
[10:35:31.248] [7883 ] [ERROR] [consumeBuffer:363]	====> the first buffer seq: 1 
[10:35:32.328] [7884 ] [ERROR] [consumeBuffer:363]	====> the first buffer seq: 1 
[10:35:33.656] [7885 ] [ERROR] [consumeBuffer:363]	====> the first buffer seq: 1 
[10:35:35.176] [7886 ] [ERROR] [consumeBuffer:363]	====> the first buffer seq: 1 
[10:35:35.275] [7883 ] [ERROR] [consumeBuffer:363]	====> the first buffer seq: 1 
[10:35:36.157] [7884 ] [ERROR] [consumeBuffer:363]	====> the first buffer seq: 1 
[10:35:37.456] [7885 ] [ERROR] [consumeBuffer:363]	====> the first buffer seq: 1 
[10:35:38.934] [7886 ] [ERROR] [consumeBuffer:363]	====> the first buffer seq: 1 
[10:35:39.256] [7883 ] [ERROR] [consumeBuffer:363]	====> the first buffer seq: 1 
[10:35:40.110] [7884 ] [ERROR] [consumeBuffer:363]	====> the first buffer seq: 1 
[10:35:41.341] [7885 ] [ERROR] [consumeBuffer:363]	====> the first buffer seq: 1 
[10:35:42.888] [7886 ] [ERROR] [consumeBuffer:363]	====> the first buffer seq: 1 
[10:35:43.123] [7883 ] [ERROR] [consumeBuffer:363]	====> the first buffer seq: 1 
[10:35:43.906] [7884 ] [ERROR] [consumeBuffer:363]	====> the first buffer seq: 1 
[10:35:45.144] [7885 ] [ERROR] [consumeBuffer:363]	====> the first buffer seq: 1 
[10:35:46.758] [7886 ] [ERROR] [consumeBuffer:363]	====> the first buffer seq: 1 
[10:35:47.115] [7883 ] [ERROR] [consumeBuffer:363]	====> the first buffer seq: 1 
[10:35:47.709] [7884 ] [ERROR] [consumeBuffer:363]	====> the first buffer seq: 1 
[10:35:48.764] [7885 ] [ERROR] [consumeBuffer:363]	====> the first buffer seq: 1 
[10:35:50.508] [7886 ] [ERROR] [consumeBuffer:363]	====> the first buffer seq: 1 
[10:35:51.138] [7883 ] [ERROR] [consumeBuffer:363]	====> the first buffer seq: 1 
[10:35:51.800] [7884 ] [ERROR] [consumeBuffer:363]	====> the first buffer seq: 1 
[10:35:52.783] [7885 ] [ERROR] [consumeBuffer:363]	====> the first buffer seq: 1 
[10:35:54.419] [7886 ] [ERROR] [consumeBuffer:363]	====> the first buffer seq: 1 
[10:35:55.314] [7883 ] [ERROR] [consumeBuffer:363]	====> the first buffer seq: 1 
[10:35:55.710] [7884 ] [ERROR] [consumeBuffer:363]	====> the first buffer seq: 1 
[10:35:56.864] [7885 ] [ERROR] [consumeBuffer:363]	====> the first buffer seq: 1 
[10:35:58.167] [7886 ] [ERROR] [consumeBuffer:363]	====> the first buffer seq: 1 
[10:35:59.234] [7883 ] [ERROR] [consumeBuffer:363]	====> the first buffer seq: 1 
[10:35:59.483] [7884 ] [ERROR] [consumeBuffer:363]	====> the first buffer seq: 1 
[10:36:00.655] [7885 ] [ERROR] [consumeBuffer:363]	====> the first buffer seq: 1 
[10:36:01.921] [7886 ] [ERROR] [consumeBuffer:363]	====> the first buffer seq: 1 
[10:36:03.079] [7883 ] [ERROR] [consumeBuffer:363]	====> the first buffer seq: 1 
[10:36:03.402] [7884 ] [ERROR] [consumeBuffer:363]	====> the first buffer seq: 1 
[10:36:04.456] [7885 ] [ERROR] [consumeBuffer:363]	====> the first buffer seq: 1 
[10:36:05.808] [7886 ] [ERROR] [consumeBuffer:363]	====> the first buffer seq: 1 
[10:36:07.014] [7883 ] [ERROR] [consumeBuffer:363]	====> the first buffer seq: 1 
[10:36:07.285] [7884 ] [ERROR] [consumeBuffer:363]	====> the first buffer seq: 1 
[10:36:08.201] [7885 ] [ERROR] [consumeBuffer:363]	====> the first buffer seq: 1 
[10:36:09.512] [7886 ] [ERROR] [consumeBuffer:363]	====> the first buffer seq: 1 
[10:36:11.101] [7883 ] [ERROR] [consumeBuffer:363]	====> the first buffer seq: 1 
[10:36:11.152] [7884 ] [ERROR] [consumeBuffer:363]	====> the first buffer seq: 1 
[10:36:12.126] [7885 ] [ERROR] [consumeBuffer:363]	====> the first buffer seq: 1 
[10:36:13.549] [7886 ] [ERROR] [consumeBuffer:363]	====> the first buffer seq: 1 
[10:36:14.958] [7884 ] [ERROR] [consumeBuffer:363]	====> the first buffer seq: 1 
[10:36:15.069] [7883 ] [ERROR] [consumeBuffer:363]	====> the first buffer seq: 1 
[10:36:15.834] [7885 ] [ERROR] [consumeBuffer:363]	====> the first buffer seq: 1 
[10:36:17.471] [7886 ] [ERROR] [consumeBuffer:363]	====> the first buffer seq: 1 
[10:36:18.874] [7884 ] [ERROR] [consumeBuffer:363]	====> the first buffer seq: 1 
[10:36:18.987] [7883 ] [ERROR] [consumeBuffer:363]	====> the first buffer seq: 1 
[10:36:19.685] [7885 ] [ERROR] [consumeBuffer:363]	====> the first buffer seq: 1 
[10:36:21.369] [7886 ] [ERROR] [consumeBuffer:363]	====> the first buffer seq: 1 
[10:36:22.991] [7883 ] [ERROR] [consumeBuffer:363]	====> the first buffer seq: 1 
[10:36:23.011] [7884 ] [ERROR] [consumeBuffer:363]	====> the first buffer seq: 1 
[10:36:23.583] [7885 ] [ERROR] [consumeBuffer:363]	====> the first buffer seq: 1 
[10:36:25.194] [7886 ] [ERROR] [consumeBuffer:363]	====> the first buffer seq: 1 
[10:36:26.808] [7883 ] [ERROR] [consumeBuffer:363]	====> the first buffer seq: 1 
[10:36:27.038] [7884 ] [ERROR] [consumeBuffer:363]	====> the first buffer seq: 1 
[10:36:27.523] [7885 ] [ERROR] [consumeBuffer:363]	====> the first buffer seq: 1 
[10:36:29.178] [7886 ] [ERROR] [consumeBuffer:363]	====> the first buffer seq: 1 
[10:36:30.789] [7884 ] [ERROR] [consumeBuffer:363]	====> the first buffer seq: 1 
[10:36:30.822] [7883 ] [ERROR] [consumeBuffer:363]	====> the first buffer seq: 1 
[10:36:31.257] [7885 ] [ERROR] [consumeBuffer:363]	====> the first buffer seq: 1 
[10:36:33.123] [7886 ] [ERROR] [consumeBuffer:363]	====> the first buffer seq: 1 
[10:36:34.766] [7883 ] [ERROR] [consumeBuffer:363]	====> the first buffer seq: 1 
[10:36:34.807] [7884 ] [ERROR] [consumeBuffer:363]	====> the first buffer seq: 1 
[10:36:35.215] [7885 ] [ERROR] [consumeBuffer:363]	====> the first buffer seq: 1 
[10:36:36.919] [7886 ] [ERROR] [consumeBuffer:363]	====> the first buffer seq: 1 
[10:36:38.697] [7883 ] [ERROR] [consumeBuffer:363]	====> the first buffer seq: 1 
[10:36:38.824] [7884 ] [ERROR] [consumeBuffer:363]	====> the first buffer seq: 1 
[10:36:39.205] [7885 ] [ERROR] [consumeBuffer:363]	====> the first buffer seq: 1 
[10:36:40.881] [7886 ] [ERROR] [consumeBuffer:363]	====> the first buffer seq: 1 
[10:36:42.721] [7883 ] [ERROR] [consumeBuffer:363]	====> the first buffer seq: 1 
[10:41:33.834] [7891 ] [ERROR] [error:157]	got error busi back: a758fb68-87dd-4ba8-aa73-28af56157c1e, code: 1007 
[10:41:33.834] [7891 ] [WARN ] [error:167]	busi err back, erase task failed, cannot find cache task: a758fb68-87dd-4ba8-aa73-28af56157c1e !  [THE user: test001] 
[10:41:33.835] [13858] [ERROR] [error:157]	got error busi back: 65e326cc-f11e-47e9-aa89-2dd07f0fc3d3, code: 1007 
[10:41:33.835] [13858] [WARN ] [error:167]	busi err back, erase task failed, cannot find cache task: 65e326cc-f11e-47e9-aa89-2dd07f0fc3d3 !  [THE user: test001] 
[10:41:33.836] [7891 ] [ERROR] [error:157]	got error busi back: bdec3121-4da9-4f8b-bf2f-29c83c50f20f, code: 1007 
[10:41:33.836] [7891 ] [WARN ] [error:167]	busi err back, erase task failed, cannot find cache task: bdec3121-4da9-4f8b-bf2f-29c83c50f20f !  [THE user: test001] 
[10:41:33.837] [7891 ] [ERROR] [error:157]	got error busi back: 10ab5684-74dc-4597-aa14-edb1912fff66, code: 1007 
[10:41:33.837] [7891 ] [WARN ] [error:167]	busi err back, erase task failed, cannot find cache task: 10ab5684-74dc-4597-aa14-edb1912fff66 !  [THE user: test001] 
[10:41:33.837] [7891 ] [ERROR] [error:157]	got error busi back: b5564c12-1b7b-46a3-a977-fa0a1d942301, code: 1007 
[10:41:33.838] [7891 ] [WARN ] [error:167]	busi err back, erase task failed, cannot find cache task: b5564c12-1b7b-46a3-a977-fa0a1d942301 !  [THE user: test001] 
[10:41:33.838] [7891 ] [ERROR] [error:157]	got error busi back: 599f2e9a-460e-4745-a431-63f1a9318e75, code: 1007 
[10:41:33.838] [7891 ] [WARN ] [error:167]	busi err back, erase task failed, cannot find cache task: 599f2e9a-460e-4745-a431-63f1a9318e75 !  [THE user: test001] 
[10:41:33.839] [7891 ] [ERROR] [error:157]	got error busi back: 3a6998e3-4d83-4b64-88a9-5863046b5ede, code: 1007 
[10:41:33.839] [7891 ] [WARN ] [error:167]	busi err back, erase task failed, cannot find cache task: 3a6998e3-4d83-4b64-88a9-5863046b5ede !  [THE user: test001] 
[10:41:33.839] [7891 ] [ERROR] [error:157]	got error busi back: 5c033499-96fe-4184-908e-c4c3ccddb7f2, code: 1007 
[10:41:33.839] [7891 ] [WARN ] [error:167]	busi err back, erase task failed, cannot find cache task: 5c033499-96fe-4184-908e-c4c3ccddb7f2 !  [THE user: test001] 
[10:41:33.840] [7891 ] [ERROR] [error:157]	got error busi back: 2ba25aa1-fc9d-4103-91ad-feb705a9e698, code: 1007 
[10:41:33.840] [7891 ] [WARN ] [error:167]	busi err back, erase task failed, cannot find cache task: 2ba25aa1-fc9d-4103-91ad-feb705a9e698 !  [THE user: test001] 
[10:41:33.840] [7891 ] [ERROR] [error:157]	got error busi back: a40d7f45-6ee2-4516-a9c4-4cc4396a6f23, code: 1007 
[10:41:33.840] [7891 ] [WARN ] [error:167]	busi err back, erase task failed, cannot find cache task: a40d7f45-6ee2-4516-a9c4-4cc4396a6f23 !  [THE user: test001] 
[10:41:33.841] [7891 ] [ERROR] [error:157]	got error busi back: 5edb3deb-5679-45c4-af8e-7a766763231d, code: 1007 
[10:41:33.841] [7891 ] [WARN ] [error:167]	busi err back, erase task failed, cannot find cache task: 5edb3deb-5679-45c4-af8e-7a766763231d !  [THE user: test001] 
[10:41:33.841] [7891 ] [ERROR] [error:157]	got error busi back: 27aa2967-ea70-4656-99cd-3f8858454c9d, code: 1007 
[10:41:33.841] [7891 ] [WARN ] [error:167]	busi err back, erase task failed, cannot find cache task: 27aa2967-ea70-4656-99cd-3f8858454c9d !  [THE user: test001] 
[10:41:33.842] [7891 ] [ERROR] [error:157]	got error busi back: 59578f7d-4e37-453a-b744-da9c7955eee9, code: 1007 
[10:41:33.842] [7891 ] [WARN ] [error:167]	busi err back, erase task failed, cannot find cache task: 59578f7d-4e37-453a-b744-da9c7955eee9 !  [THE user: test001] 
[10:41:33.842] [7891 ] [ERROR] [error:157]	got error busi back: cf3f91b7-dd8d-4024-8737-52689f2aa5f8, code: 1007 
[10:41:33.842] [7891 ] [WARN ] [error:167]	busi err back, erase task failed, cannot find cache task: cf3f91b7-dd8d-4024-8737-52689f2aa5f8 !  [THE user: test001] 
[10:41:33.843] [7891 ] [ERROR] [error:157]	got error busi back: 908007e8-a282-4bb3-9c3b-3b1417e19f3c, code: 1007 
[10:41:33.843] [7891 ] [WARN ] [error:167]	busi err back, erase task failed, cannot find cache task: 908007e8-a282-4bb3-9c3b-3b1417e19f3c !  [THE user: test001] 
[10:41:33.843] [7891 ] [ERROR] [error:157]	got error busi back: a926fc2b-504d-4761-b0bf-47e08060e938, code: 1007 
[10:41:33.843] [7891 ] [WARN ] [error:167]	busi err back, erase task failed, cannot find cache task: a926fc2b-504d-4761-b0bf-47e08060e938 !  [THE user: test001] 
[10:41:33.844] [7891 ] [ERROR] [error:157]	got error busi back: e7e1f08b-4ba6-4215-a894-25a0aeeb7396, code: 1007 
[10:41:33.844] [7891 ] [WARN ] [error:167]	busi err back, erase task failed, cannot find cache task: e7e1f08b-4ba6-4215-a894-25a0aeeb7396 !  [THE user: test001] 
[10:41:33.844] [7891 ] [ERROR] [error:157]	got error busi back: e5bdd831-07e3-4a30-82ec-7c96609d8869, code: 1007 
[10:41:33.844] [7891 ] [WARN ] [error:167]	busi err back, erase task failed, cannot find cache task: e5bdd831-07e3-4a30-82ec-7c96609d8869 !  [THE user: test001] 
[10:41:33.845] [7891 ] [ERROR] [error:157]	got error busi back: f1fac291-a6bb-46a7-8374-ba9371e64352, code: 1007 
[10:41:33.845] [7891 ] [WARN ] [error:167]	busi err back, erase task failed, cannot find cache task: f1fac291-a6bb-46a7-8374-ba9371e64352 !  [THE user: test001] 
[10:41:33.845] [7891 ] [ERROR] [error:157]	got error busi back: b736587d-9a3f-46a5-b380-5d2001483bf7, code: 1007 
[10:41:33.845] [7891 ] [WARN ] [error:167]	busi err back, erase task failed, cannot find cache task: b736587d-9a3f-46a5-b380-5d2001483bf7 !  [THE user: test001] 
[10:41:33.846] [7891 ] [ERROR] [error:157]	got error busi back: 5a52949b-4c9e-4d4f-9371-195de7f401af, code: 1007 
[10:41:33.846] [7891 ] [WARN ] [error:167]	busi err back, erase task failed, cannot find cache task: 5a52949b-4c9e-4d4f-9371-195de7f401af !  [THE user: test001] 
[10:41:33.846] [7891 ] [ERROR] [error:157]	got error busi back: ba5cfd98-b4b1-4718-9a90-258209a9c66a, code: 1007 
[10:41:33.846] [7891 ] [WARN ] [error:167]	busi err back, erase task failed, cannot find cache task: ba5cfd98-b4b1-4718-9a90-258209a9c66a !  [THE user: test001] 
[10:41:33.847] [7891 ] [ERROR] [error:157]	got error busi back: 091b0d01-ffb3-485f-9b51-9c41da6cd70c, code: 1007 
[10:41:33.847] [7891 ] [WARN ] [error:167]	busi err back, erase task failed, cannot find cache task: 091b0d01-ffb3-485f-9b51-9c41da6cd70c !  [THE user: test001] 
[10:41:33.847] [7891 ] [ERROR] [error:157]	got error busi back: 0250274b-8c5c-4187-b4c7-7accdb6ef9b5, code: 1007 
[10:41:33.847] [7891 ] [WARN ] [error:167]	busi err back, erase task failed, cannot find cache task: 0250274b-8c5c-4187-b4c7-7accdb6ef9b5 !  [THE user: test001] 
[10:41:33.848] [7891 ] [ERROR] [error:157]	got error busi back: 18891c90-06df-4a9c-89ae-92b665d10bb8, code: 1007 
[10:41:33.848] [7891 ] [WARN ] [error:167]	busi err back, erase task failed, cannot find cache task: 18891c90-06df-4a9c-89ae-92b665d10bb8 !  [THE user: test001] 
[10:41:33.848] [7891 ] [ERROR] [error:157]	got error busi back: 8875d4e6-9d9d-4163-a7be-366519e67036, code: 1007 
[10:41:33.848] [7891 ] [WARN ] [error:167]	busi err back, erase task failed, cannot find cache task: 8875d4e6-9d9d-4163-a7be-366519e67036 !  [THE user: test001] 
[10:41:33.849] [7891 ] [ERROR] [error:157]	got error busi back: 6ec76a0d-40f4-406b-9a8e-843646dc031b, code: 1007 
[10:41:33.849] [7891 ] [WARN ] [error:167]	busi err back, erase task failed, cannot find cache task: 6ec76a0d-40f4-406b-9a8e-843646dc031b !  [THE user: test001] 
[10:41:33.849] [7891 ] [ERROR] [error:157]	got error busi back: 08cc42f0-636a-467c-b05a-8286e1653dc4, code: 1007 
[10:41:33.849] [7891 ] [WARN ] [error:167]	busi err back, erase task failed, cannot find cache task: 08cc42f0-636a-467c-b05a-8286e1653dc4 !  [THE user: test001] 
[10:41:33.850] [7891 ] [ERROR] [error:157]	got error busi back: 07deee8a-db89-4d09-ad34-7397c7e1645a, code: 1007 
[10:41:33.850] [7891 ] [WARN ] [error:167]	busi err back, erase task failed, cannot find cache task: 07deee8a-db89-4d09-ad34-7397c7e1645a !  [THE user: test001] 
[10:41:33.850] [7891 ] [ERROR] [error:157]	got error busi back: 22514f07-4ef7-4313-ba2c-53d6acf47333, code: 1007 
[10:41:33.850] [7891 ] [WARN ] [error:167]	busi err back, erase task failed, cannot find cache task: 22514f07-4ef7-4313-ba2c-53d6acf47333 !  [THE user: test001] 
[10:41:33.851] [7891 ] [ERROR] [error:157]	got error busi back: c0366b40-c2a9-48b8-a033-09f63005f952, code: 1007 
[10:41:33.851] [7891 ] [WARN ] [error:167]	busi err back, erase task failed, cannot find cache task: c0366b40-c2a9-48b8-a033-09f63005f952 !  [THE user: test001] 
[10:41:33.851] [7891 ] [ERROR] [error:157]	got error busi back: 47e65463-a686-401c-8faf-a2ee65631864, code: 1007 
[10:41:33.851] [7891 ] [WARN ] [error:167]	busi err back, erase task failed, cannot find cache task: 47e65463-a686-401c-8faf-a2ee65631864 !  [THE user: test001] 
[10:41:33.852] [7891 ] [ERROR] [error:157]	got error busi back: 33648fc1-05bc-462b-9e61-2d6ee7263dba, code: 1007 
[10:41:33.852] [7891 ] [WARN ] [error:167]	busi err back, erase task failed, cannot find cache task: 33648fc1-05bc-462b-9e61-2d6ee7263dba !  [THE user: test001] 
[10:41:33.852] [7891 ] [ERROR] [error:157]	got error busi back: 244ef96d-8541-41e1-b5a3-028c73dad48a, code: 1007 
[10:41:33.852] [7891 ] [WARN ] [error:167]	busi err back, erase task failed, cannot find cache task: 244ef96d-8541-41e1-b5a3-028c73dad48a !  [THE user: test001] 
[10:41:33.853] [7891 ] [ERROR] [error:157]	got error busi back: f75aa62d-36f6-4864-bf77-dcb7f47f271a, code: 1007 
[10:41:33.853] [7891 ] [WARN ] [error:167]	busi err back, erase task failed, cannot find cache task: f75aa62d-36f6-4864-bf77-dcb7f47f271a !  [THE user: test001] 
[10:41:33.853] [7891 ] [ERROR] [error:157]	got error busi back: aef17056-e04f-475d-8cc0-35f5e5e0a38a, code: 1007 
[10:41:33.853] [7891 ] [WARN ] [error:167]	busi err back, erase task failed, cannot find cache task: aef17056-e04f-475d-8cc0-35f5e5e0a38a !  [THE user: test001] 
[10:41:33.854] [7891 ] [ERROR] [error:157]	got error busi back: 308037b6-4eff-4249-a707-abbabcabb8a8, code: 1007 
[10:41:33.854] [7891 ] [WARN ] [error:167]	busi err back, erase task failed, cannot find cache task: 308037b6-4eff-4249-a707-abbabcabb8a8 !  [THE user: test001] 
[10:41:33.854] [7891 ] [ERROR] [error:157]	got error busi back: 6d0f588d-3587-4c0f-848b-e7e25cd5ee6e, code: 1007 
[10:41:33.854] [7891 ] [WARN ] [error:167]	busi err back, erase task failed, cannot find cache task: 6d0f588d-3587-4c0f-848b-e7e25cd5ee6e !  [THE user: test001] 
[10:41:33.855] [7891 ] [ERROR] [error:157]	got error busi back: 689cc0f7-e07a-4045-9cf3-a572a0a2cf2d, code: 1007 
[10:41:33.855] [7891 ] [WARN ] [error:167]	busi err back, erase task failed, cannot find cache task: 689cc0f7-e07a-4045-9cf3-a572a0a2cf2d !  [THE user: test001] 
[10:41:33.855] [13858] [ERROR] [error:157]	got error busi back: 716b0af4-1a76-4894-ab39-01a006955946, code: 1007 
[10:41:33.855] [13858] [WARN ] [error:167]	busi err back, erase task failed, cannot find cache task: 716b0af4-1a76-4894-ab39-01a006955946 !  [THE user: test001] 
[10:41:33.856] [7891 ] [ERROR] [error:157]	got error busi back: 7515218e-bb61-49e7-8df8-b1691aa8782a, code: 1007 
[10:41:33.856] [7891 ] [WARN ] [error:167]	busi err back, erase task failed, cannot find cache task: 7515218e-bb61-49e7-8df8-b1691aa8782a !  [THE user: test001] 
[10:41:33.856] [13858] [ERROR] [error:157]	got error busi back: df02463e-efd5-4d64-99aa-e09ff4662ef5, code: 1007 
[10:41:33.856] [13858] [WARN ] [error:167]	busi err back, erase task failed, cannot find cache task: df02463e-efd5-4d64-99aa-e09ff4662ef5 !  [THE user: test001] 
[10:41:33.857] [7891 ] [ERROR] [error:157]	got error busi back: f48fbbca-b644-459e-b952-112a092e15b5, code: 1007 
[10:41:33.857] [7891 ] [WARN ] [error:167]	busi err back, erase task failed, cannot find cache task: f48fbbca-b644-459e-b952-112a092e15b5 !  [THE user: test001] 
[10:41:33.857] [13858] [ERROR] [error:157]	got error busi back: 74d4c184-06af-40af-86b0-87b89c1ef06a, code: 1007 
[10:41:33.857] [13858] [WARN ] [error:167]	busi err back, erase task failed, cannot find cache task: 74d4c184-06af-40af-86b0-87b89c1ef06a !  [THE user: test001] 
[10:41:33.858] [7891 ] [ERROR] [error:157]	got error busi back: d72d3e2d-e106-488d-9300-843d0ba09797, code: 1007 
[10:41:33.858] [7891 ] [WARN ] [error:167]	busi err back, erase task failed, cannot find cache task: d72d3e2d-e106-488d-9300-843d0ba09797 !  [THE user: test001] 
[10:41:33.858] [13858] [ERROR] [error:157]	got error busi back: 0ba474d0-cdff-4704-be89-de8bfa6d0660, code: 1007 
[10:41:33.858] [13858] [WARN ] [error:167]	busi err back, erase task failed, cannot find cache task: 0ba474d0-cdff-4704-be89-de8bfa6d0660 !  [THE user: test001] 
[10:41:33.859] [7891 ] [ERROR] [error:157]	got error busi back: e234999b-691b-4ccc-8f54-ba8faf199c5c, code: 1007 
[10:41:33.859] [7891 ] [WARN ] [error:167]	busi err back, erase task failed, cannot find cache task: e234999b-691b-4ccc-8f54-ba8faf199c5c !  [THE user: test001] 
[10:41:33.859] [13858] [ERROR] [error:157]	got error busi back: bba82edb-cbbf-4f51-8d74-0017f5470cec, code: 1007 
[10:41:33.859] [13858] [WARN ] [error:167]	busi err back, erase task failed, cannot find cache task: bba82edb-cbbf-4f51-8d74-0017f5470cec !  [THE user: test001] 
[10:41:33.860] [7891 ] [ERROR] [error:157]	got error busi back: 086228cf-a771-4300-97ec-8376681ea113, code: 1007 
[10:41:33.860] [7891 ] [WARN ] [error:167]	busi err back, erase task failed, cannot find cache task: 086228cf-a771-4300-97ec-8376681ea113 !  [THE user: test001] 
[10:41:33.860] [13858] [ERROR] [error:157]	got error busi back: 8fc10e0b-2d75-46c9-aaf7-d557b68d5f38, code: 1007 
[10:41:33.860] [13858] [WARN ] [error:167]	busi err back, erase task failed, cannot find cache task: 8fc10e0b-2d75-46c9-aaf7-d557b68d5f38 !  [THE user: test001] 
[10:41:33.861] [7891 ] [ERROR] [error:157]	got error busi back: beb4f556-e2b2-473b-ad4e-7cb90d19264e, code: 1007 
[10:41:33.861] [7891 ] [WARN ] [error:167]	busi err back, erase task failed, cannot find cache task: beb4f556-e2b2-473b-ad4e-7cb90d19264e !  [THE user: test001] 
[10:41:33.861] [13858] [ERROR] [error:157]	got error busi back: 9fa4bbf2-6051-4165-89c2-d9f75ae2ff4a, code: 1007 
[10:41:33.861] [13858] [WARN ] [error:167]	busi err back, erase task failed, cannot find cache task: 9fa4bbf2-6051-4165-89c2-d9f75ae2ff4a !  [THE user: test001] 
[10:41:33.862] [7891 ] [ERROR] [error:157]	got error busi back: 60031659-e9ce-4092-8d4b-945df6385041, code: 1007 
[10:41:33.862] [7891 ] [WARN ] [error:167]	busi err back, erase task failed, cannot find cache task: 60031659-e9ce-4092-8d4b-945df6385041 !  [THE user: test001] 
[10:41:33.862] [13858] [ERROR] [error:157]	got error busi back: 3c02e17f-a864-4caa-a13e-ee06ac0e15dd, code: 1007 
[10:41:33.862] [13858] [WARN ] [error:167]	busi err back, erase task failed, cannot find cache task: 3c02e17f-a864-4caa-a13e-ee06ac0e15dd !  [THE user: test001] 
[10:41:33.862] [7891 ] [ERROR] [error:157]	got error busi back: 014f8a36-3cfa-4605-b133-9ea0c8471e3c, code: 1007 
[10:41:33.863] [7891 ] [WARN ] [error:167]	busi err back, erase task failed, cannot find cache task: 014f8a36-3cfa-4605-b133-9ea0c8471e3c !  [THE user: test001] 
[10:41:33.863] [13858] [ERROR] [error:157]	got error busi back: 4452d012-3425-499d-9f1f-fea0f036972f, code: 1007 
[10:41:33.863] [13858] [WARN ] [error:167]	busi err back, erase task failed, cannot find cache task: 4452d012-3425-499d-9f1f-fea0f036972f !  [THE user: test001] 
[10:41:33.863] [7891 ] [ERROR] [error:157]	got error busi back: 18fbf605-2c8f-41f6-ac8d-a849d006aee1, code: 1007 
[10:41:33.863] [7891 ] [WARN ] [error:167]	busi err back, erase task failed, cannot find cache task: 18fbf605-2c8f-41f6-ac8d-a849d006aee1 !  [THE user: test001] 
[10:41:33.864] [13858] [ERROR] [error:157]	got error busi back: 7ec9f453-86d0-4c08-9ef8-db504c3250ed, code: 1007 
[10:41:33.864] [13858] [WARN ] [error:167]	busi err back, erase task failed, cannot find cache task: 7ec9f453-86d0-4c08-9ef8-db504c3250ed !  [THE user: test001] 
[10:41:33.864] [7891 ] [ERROR] [error:157]	got error busi back: 958ac688-65c7-4e25-8b28-0d5635e0b5c9, code: 1007 
[10:41:33.864] [7891 ] [WARN ] [error:167]	busi err back, erase task failed, cannot find cache task: 958ac688-65c7-4e25-8b28-0d5635e0b5c9 !  [THE user: test001] 
[10:41:33.865] [13858] [ERROR] [error:157]	got error busi back: a8a7fb41-6eca-4f2a-ae5f-59e6983d5f83, code: 1007 
[10:41:33.865] [13858] [WARN ] [error:167]	busi err back, erase task failed, cannot find cache task: a8a7fb41-6eca-4f2a-ae5f-59e6983d5f83 !  [THE user: test001] 
[10:41:33.865] [7891 ] [ERROR] [error:157]	got error busi back: 16ae256b-7d7b-436e-bf61-7184e8b47fa5, code: 1007 
[10:41:33.865] [7891 ] [WARN ] [error:167]	busi err back, erase task failed, cannot find cache task: 16ae256b-7d7b-436e-bf61-7184e8b47fa5 !  [THE user: test001] 
[10:46:44.847] [7884 ] [ERROR] [consumeBuffer:363]	====> the first buffer seq: 1 
[10:46:44.853] [7883 ] [ERROR] [consumeBuffer:363]	====> the first buffer seq: 1 
[10:46:44.856] [7885 ] [ERROR] [consumeBuffer:363]	====> the first buffer seq: 1 
[10:46:44.856] [7886 ] [ERROR] [consumeBuffer:363]	====> the first buffer seq: 1 
[10:46:49.735] [7883 ] [ERROR] [consumeBuffer:363]	====> the first buffer seq: 1 
[10:46:49.862] [7885 ] [ERROR] [consumeBuffer:363]	====> the first buffer seq: 1 
[10:46:49.888] [7884 ] [ERROR] [consumeBuffer:363]	====> the first buffer seq: 1 
[10:46:49.998] [7886 ] [ERROR] [consumeBuffer:363]	====> the first buffer seq: 1 
[10:46:53.675] [7883 ] [ERROR] [consumeBuffer:363]	====> the first buffer seq: 1 
[10:46:54.008] [7885 ] [ERROR] [consumeBuffer:363]	====> the first buffer seq: 1 
[10:46:54.019] [7884 ] [ERROR] [consumeBuffer:363]	====> the first buffer seq: 1 
[10:46:54.138] [7886 ] [ERROR] [consumeBuffer:363]	====> the first buffer seq: 1 
[10:46:57.598] [7883 ] [ERROR] [consumeBuffer:363]	====> the first buffer seq: 1 
[10:46:57.965] [7884 ] [ERROR] [consumeBuffer:363]	====> the first buffer seq: 1 
[10:46:58.016] [7885 ] [ERROR] [consumeBuffer:363]	====> the first buffer seq: 1 
[10:46:58.132] [7886 ] [ERROR] [consumeBuffer:363]	====> the first buffer seq: 1 
[10:47:01.474] [7883 ] [ERROR] [consumeBuffer:363]	====> the first buffer seq: 1 
[10:47:01.946] [7884 ] [ERROR] [consumeBuffer:363]	====> the first buffer seq: 1 
[10:47:01.971] [7885 ] [ERROR] [consumeBuffer:363]	====> the first buffer seq: 1 
[10:47:02.102] [7886 ] [ERROR] [consumeBuffer:363]	====> the first buffer seq: 1 
[10:47:05.413] [7883 ] [ERROR] [consumeBuffer:363]	====> the first buffer seq: 1 
[10:47:05.966] [7885 ] [ERROR] [consumeBuffer:363]	====> the first buffer seq: 1 
[10:47:05.971] [7884 ] [ERROR] [consumeBuffer:363]	====> the first buffer seq: 1 
[10:47:06.042] [7886 ] [ERROR] [consumeBuffer:363]	====> the first buffer seq: 1 
[10:47:09.261] [7883 ] [ERROR] [consumeBuffer:363]	====> the first buffer seq: 1 
[10:47:10.057] [7885 ] [ERROR] [consumeBuffer:363]	====> the first buffer seq: 1 
[10:47:10.107] [7884 ] [ERROR] [consumeBuffer:363]	====> the first buffer seq: 1 
[10:47:10.112] [7886 ] [ERROR] [consumeBuffer:363]	====> the first buffer seq: 1 
[10:47:13.157] [7883 ] [ERROR] [consumeBuffer:363]	====> the first buffer seq: 1 
[10:47:14.129] [7885 ] [ERROR] [consumeBuffer:363]	====> the first buffer seq: 1 
[10:47:14.202] [7884 ] [ERROR] [consumeBuffer:363]	====> the first buffer seq: 1 
[10:47:14.246] [7886 ] [ERROR] [consumeBuffer:363]	====> the first buffer seq: 1 
[10:47:16.958] [7883 ] [ERROR] [consumeBuffer:363]	====> the first buffer seq: 1 
[10:47:18.270] [7886 ] [ERROR] [consumeBuffer:363]	====> the first buffer seq: 1 
[10:47:18.300] [7884 ] [ERROR] [consumeBuffer:363]	====> the first buffer seq: 1 
[10:47:18.408] [7885 ] [ERROR] [consumeBuffer:363]	====> the first buffer seq: 1 
[10:47:20.768] [7883 ] [ERROR] [consumeBuffer:363]	====> the first buffer seq: 1 
[10:47:22.497] [7886 ] [ERROR] [consumeBuffer:363]	====> the first buffer seq: 1 
[10:47:22.616] [7885 ] [ERROR] [consumeBuffer:363]	====> the first buffer seq: 1 
[10:47:22.683] [7884 ] [ERROR] [consumeBuffer:363]	====> the first buffer seq: 1 
[10:47:24.384] [7883 ] [ERROR] [consumeBuffer:363]	====> the first buffer seq: 1 
[10:47:26.481] [7886 ] [ERROR] [consumeBuffer:363]	====> the first buffer seq: 1 
[10:47:26.691] [7885 ] [ERROR] [consumeBuffer:363]	====> the first buffer seq: 1 
[10:47:26.785] [7884 ] [ERROR] [consumeBuffer:363]	====> the first buffer seq: 1 
[10:47:28.368] [7883 ] [ERROR] [consumeBuffer:363]	====> the first buffer seq: 1 
[10:47:30.452] [7886 ] [ERROR] [consumeBuffer:363]	====> the first buffer seq: 1 
[10:47:30.688] [7885 ] [ERROR] [consumeBuffer:363]	====> the first buffer seq: 1 
[10:47:30.748] [7884 ] [ERROR] [consumeBuffer:363]	====> the first buffer seq: 1 
[10:47:32.362] [7883 ] [ERROR] [consumeBuffer:363]	====> the first buffer seq: 1 
[10:47:34.386] [7886 ] [ERROR] [consumeBuffer:363]	====> the first buffer seq: 1 
[10:47:34.711] [7885 ] [ERROR] [consumeBuffer:363]	====> the first buffer seq: 1 
[10:47:34.751] [7884 ] [ERROR] [consumeBuffer:363]	====> the first buffer seq: 1 
[10:47:35.997] [7883 ] [ERROR] [consumeBuffer:363]	====> the first buffer seq: 1 
[10:47:38.277] [7886 ] [ERROR] [consumeBuffer:363]	====> the first buffer seq: 1 
[10:47:38.790] [7885 ] [ERROR] [consumeBuffer:363]	====> the first buffer seq: 1 
[10:47:38.817] [7884 ] [ERROR] [consumeBuffer:363]	====> the first buffer seq: 1 
[10:47:39.644] [7883 ] [ERROR] [consumeBuffer:363]	====> the first buffer seq: 1 
[10:47:42.349] [7886 ] [ERROR] [consumeBuffer:363]	====> the first buffer seq: 1 
[10:47:42.763] [7884 ] [ERROR] [consumeBuffer:363]	====> the first buffer seq: 1 
[10:47:42.784] [7885 ] [ERROR] [consumeBuffer:363]	====> the first buffer seq: 1 
[10:47:43.433] [7883 ] [ERROR] [consumeBuffer:363]	====> the first buffer seq: 1 
[10:47:46.411] [7886 ] [ERROR] [consumeBuffer:363]	====> the first buffer seq: 1 
[10:47:46.829] [7885 ] [ERROR] [consumeBuffer:363]	====> the first buffer seq: 1 
[10:47:46.859] [7884 ] [ERROR] [consumeBuffer:363]	====> the first buffer seq: 1 
[10:47:47.431] [7883 ] [ERROR] [consumeBuffer:363]	====> the first buffer seq: 1 
[10:47:50.273] [7886 ] [ERROR] [consumeBuffer:363]	====> the first buffer seq: 1 
[10:47:50.731] [7885 ] [ERROR] [consumeBuffer:363]	====> the first buffer seq: 1 
[10:47:50.837] [7884 ] [ERROR] [consumeBuffer:363]	====> the first buffer seq: 1 
[10:47:51.181] [7883 ] [ERROR] [consumeBuffer:363]	====> the first buffer seq: 1 
[10:47:54.180] [7886 ] [ERROR] [consumeBuffer:363]	====> the first buffer seq: 1 
[10:47:54.873] [7885 ] [ERROR] [consumeBuffer:363]	====> the first buffer seq: 1 
[10:47:54.894] [7884 ] [ERROR] [consumeBuffer:363]	====> the first buffer seq: 1 
[10:47:55.186] [7883 ] [ERROR] [consumeBuffer:363]	====> the first buffer seq: 1 
[10:47:58.186] [7886 ] [ERROR] [consumeBuffer:363]	====> the first buffer seq: 1 
[10:47:58.816] [7885 ] [ERROR] [consumeBuffer:363]	====> the first buffer seq: 1 
[10:47:58.827] [7884 ] [ERROR] [consumeBuffer:363]	====> the first buffer seq: 1 
[10:47:59.270] [7883 ] [ERROR] [consumeBuffer:363]	====> the first buffer seq: 1 
[10:48:02.030] [7886 ] [ERROR] [consumeBuffer:363]	====> the first buffer seq: 1 
[10:48:02.971] [7885 ] [ERROR] [consumeBuffer:363]	====> the first buffer seq: 1 
[10:48:02.981] [7884 ] [ERROR] [consumeBuffer:363]	====> the first buffer seq: 1 
[10:48:03.166] [7883 ] [ERROR] [consumeBuffer:363]	====> the first buffer seq: 1 
[10:48:05.801] [7886 ] [ERROR] [consumeBuffer:363]	====> the first buffer seq: 1 
[10:48:06.974] [7885 ] [ERROR] [consumeBuffer:363]	====> the first buffer seq: 1 
[10:48:07.041] [7884 ] [ERROR] [consumeBuffer:363]	====> the first buffer seq: 1 
[10:48:07.123] [7883 ] [ERROR] [consumeBuffer:363]	====> the first buffer seq: 1 
[10:48:09.534] [7886 ] [ERROR] [consumeBuffer:363]	====> the first buffer seq: 1 
[10:48:10.949] [7885 ] [ERROR] [consumeBuffer:363]	====> the first buffer seq: 1 
[10:48:11.020] [7883 ] [ERROR] [consumeBuffer:363]	====> the first buffer seq: 1 
[10:48:11.082] [7884 ] [ERROR] [consumeBuffer:363]	====> the first buffer seq: 1 
[10:48:13.506] [7886 ] [ERROR] [consumeBuffer:363]	====> the first buffer seq: 1 
[10:48:14.956] [7885 ] [ERROR] [consumeBuffer:363]	====> the first buffer seq: 1 
[10:48:14.971] [7883 ] [ERROR] [consumeBuffer:363]	====> the first buffer seq: 1 
[10:48:15.110] [7884 ] [ERROR] [consumeBuffer:363]	====> the first buffer seq: 1 
[10:48:17.138] [7886 ] [ERROR] [consumeBuffer:363]	====> the first buffer seq: 1 
[10:48:18.804] [7883 ] [ERROR] [consumeBuffer:363]	====> the first buffer seq: 1 
[10:48:19.090] [7885 ] [ERROR] [consumeBuffer:363]	====> the first buffer seq: 1 
[10:48:19.180] [7884 ] [ERROR] [consumeBuffer:363]	====> the first buffer seq: 1 
[10:48:20.886] [7886 ] [ERROR] [consumeBuffer:363]	====> the first buffer seq: 1 
[10:48:22.487] [7883 ] [ERROR] [consumeBuffer:363]	====> the first buffer seq: 1 
[10:48:23.061] [7885 ] [ERROR] [consumeBuffer:363]	====> the first buffer seq: 1 
[11:03:15.568] [5926 ] [ERROR] [error:157]	got error busi back: a758fb68-87dd-4ba8-aa73-28af56157c1e, code: 1007 
[11:03:15.568] [5926 ] [WARN ] [error:167]	busi err back, erase task failed, cannot find cache task: a758fb68-87dd-4ba8-aa73-28af56157c1e !  [THE user: test001] 
[11:03:15.569] [5926 ] [ERROR] [error:157]	got error busi back: 65e326cc-f11e-47e9-aa89-2dd07f0fc3d3, code: 1007 
[11:03:15.570] [5926 ] [WARN ] [error:167]	busi err back, erase task failed, cannot find cache task: 65e326cc-f11e-47e9-aa89-2dd07f0fc3d3 !  [THE user: test001] 
[11:03:15.574] [14806] [ERROR] [error:157]	got error busi back: 10ab5684-74dc-4597-aa14-edb1912fff66, code: 1007 
[11:03:15.574] [14806] [WARN ] [error:167]	busi err back, erase task failed, cannot find cache task: 10ab5684-74dc-4597-aa14-edb1912fff66 !  [THE user: test001] 
[11:03:15.575] [5926 ] [ERROR] [error:157]	got error busi back: bdec3121-4da9-4f8b-bf2f-29c83c50f20f, code: 1007 
[11:03:15.575] [5926 ] [WARN ] [error:167]	busi err back, erase task failed, cannot find cache task: bdec3121-4da9-4f8b-bf2f-29c83c50f20f !  [THE user: test001] 
[11:03:15.576] [5926 ] [ERROR] [error:157]	got error busi back: b5564c12-1b7b-46a3-a977-fa0a1d942301, code: 1007 
[11:03:15.576] [5926 ] [WARN ] [error:167]	busi err back, erase task failed, cannot find cache task: b5564c12-1b7b-46a3-a977-fa0a1d942301 !  [THE user: test001] 
[11:03:15.576] [5926 ] [ERROR] [error:157]	got error busi back: 599f2e9a-460e-4745-a431-63f1a9318e75, code: 1007 
[11:03:15.576] [5926 ] [WARN ] [error:167]	busi err back, erase task failed, cannot find cache task: 599f2e9a-460e-4745-a431-63f1a9318e75 !  [THE user: test001] 
[11:03:15.577] [14806] [ERROR] [error:157]	got error busi back: 3a6998e3-4d83-4b64-88a9-5863046b5ede, code: 1007 
[11:03:15.577] [14806] [WARN ] [error:167]	busi err back, erase task failed, cannot find cache task: 3a6998e3-4d83-4b64-88a9-5863046b5ede !  [THE user: test001] 
[11:03:15.577] [5926 ] [ERROR] [error:157]	got error busi back: 2ba25aa1-fc9d-4103-91ad-feb705a9e698, code: 1007 
[11:03:15.577] [5926 ] [WARN ] [error:167]	busi err back, erase task failed, cannot find cache task: 2ba25aa1-fc9d-4103-91ad-feb705a9e698 !  [THE user: test001] 
[11:03:15.578] [14806] [ERROR] [error:157]	got error busi back: 5c033499-96fe-4184-908e-c4c3ccddb7f2, code: 1007 
[11:03:15.578] [14806] [WARN ] [error:167]	busi err back, erase task failed, cannot find cache task: 5c033499-96fe-4184-908e-c4c3ccddb7f2 !  [THE user: test001] 
[11:03:15.579] [5926 ] [ERROR] [error:157]	got error busi back: a40d7f45-6ee2-4516-a9c4-4cc4396a6f23, code: 1007 
[11:03:15.579] [5926 ] [WARN ] [error:167]	busi err back, erase task failed, cannot find cache task: a40d7f45-6ee2-4516-a9c4-4cc4396a6f23 !  [THE user: test001] 
[11:03:15.579] [14806] [ERROR] [error:157]	got error busi back: 5edb3deb-5679-45c4-af8e-7a766763231d, code: 1007 
[11:03:15.579] [14806] [WARN ] [error:167]	busi err back, erase task failed, cannot find cache task: 5edb3deb-5679-45c4-af8e-7a766763231d !  [THE user: test001] 
[11:03:15.580] [5926 ] [ERROR] [error:157]	got error busi back: 27aa2967-ea70-4656-99cd-3f8858454c9d, code: 1007 
[11:03:15.580] [5926 ] [WARN ] [error:167]	busi err back, erase task failed, cannot find cache task: 27aa2967-ea70-4656-99cd-3f8858454c9d !  [THE user: test001] 
[11:03:15.580] [14806] [ERROR] [error:157]	got error busi back: 59578f7d-4e37-453a-b744-da9c7955eee9, code: 1007 
[11:03:15.580] [14806] [WARN ] [error:167]	busi err back, erase task failed, cannot find cache task: 59578f7d-4e37-453a-b744-da9c7955eee9 !  [THE user: test001] 
[11:03:15.581] [5926 ] [ERROR] [error:157]	got error busi back: cf3f91b7-dd8d-4024-8737-52689f2aa5f8, code: 1007 
[11:03:15.581] [5926 ] [WARN ] [error:167]	busi err back, erase task failed, cannot find cache task: cf3f91b7-dd8d-4024-8737-52689f2aa5f8 !  [THE user: test001] 
[11:03:15.581] [14806] [ERROR] [error:157]	got error busi back: 908007e8-a282-4bb3-9c3b-3b1417e19f3c, code: 1007 
[11:03:15.581] [14806] [WARN ] [error:167]	busi err back, erase task failed, cannot find cache task: 908007e8-a282-4bb3-9c3b-3b1417e19f3c !  [THE user: test001] 
[11:03:15.582] [5926 ] [ERROR] [error:157]	got error busi back: a926fc2b-504d-4761-b0bf-47e08060e938, code: 1007 
[11:03:15.582] [5926 ] [WARN ] [error:167]	busi err back, erase task failed, cannot find cache task: a926fc2b-504d-4761-b0bf-47e08060e938 !  [THE user: test001] 
[11:03:15.583] [14806] [ERROR] [error:157]	got error busi back: e7e1f08b-4ba6-4215-a894-25a0aeeb7396, code: 1007 
[11:03:15.583] [14806] [WARN ] [error:167]	busi err back, erase task failed, cannot find cache task: e7e1f08b-4ba6-4215-a894-25a0aeeb7396 !  [THE user: test001] 
[11:03:15.583] [5926 ] [ERROR] [error:157]	got error busi back: e5bdd831-07e3-4a30-82ec-7c96609d8869, code: 1007 
[11:03:15.583] [5926 ] [WARN ] [error:167]	busi err back, erase task failed, cannot find cache task: e5bdd831-07e3-4a30-82ec-7c96609d8869 !  [THE user: test001] 
[11:03:15.584] [14806] [ERROR] [error:157]	got error busi back: f1fac291-a6bb-46a7-8374-ba9371e64352, code: 1007 
[11:03:15.584] [14806] [WARN ] [error:167]	busi err back, erase task failed, cannot find cache task: f1fac291-a6bb-46a7-8374-ba9371e64352 !  [THE user: test001] 
[11:03:15.585] [5926 ] [ERROR] [error:157]	got error busi back: b736587d-9a3f-46a5-b380-5d2001483bf7, code: 1007 
[11:03:15.585] [5926 ] [WARN ] [error:167]	busi err back, erase task failed, cannot find cache task: b736587d-9a3f-46a5-b380-5d2001483bf7 !  [THE user: test001] 
[11:03:15.585] [14806] [ERROR] [error:157]	got error busi back: 5a52949b-4c9e-4d4f-9371-195de7f401af, code: 1007 
[11:03:15.585] [14806] [WARN ] [error:167]	busi err back, erase task failed, cannot find cache task: 5a52949b-4c9e-4d4f-9371-195de7f401af !  [THE user: test001] 
[11:03:15.586] [5926 ] [ERROR] [error:157]	got error busi back: ba5cfd98-b4b1-4718-9a90-258209a9c66a, code: 1007 
[11:03:15.586] [5926 ] [WARN ] [error:167]	busi err back, erase task failed, cannot find cache task: ba5cfd98-b4b1-4718-9a90-258209a9c66a !  [THE user: test001] 
[11:03:15.586] [14806] [ERROR] [error:157]	got error busi back: 091b0d01-ffb3-485f-9b51-9c41da6cd70c, code: 1007 
[11:03:15.586] [14806] [WARN ] [error:167]	busi err back, erase task failed, cannot find cache task: 091b0d01-ffb3-485f-9b51-9c41da6cd70c !  [THE user: test001] 
[11:03:15.587] [5926 ] [ERROR] [error:157]	got error busi back: 0250274b-8c5c-4187-b4c7-7accdb6ef9b5, code: 1007 
[11:03:15.587] [5926 ] [WARN ] [error:167]	busi err back, erase task failed, cannot find cache task: 0250274b-8c5c-4187-b4c7-7accdb6ef9b5 !  [THE user: test001] 
[11:03:15.587] [14806] [ERROR] [error:157]	got error busi back: 18891c90-06df-4a9c-89ae-92b665d10bb8, code: 1007 
[11:03:15.587] [14806] [WARN ] [error:167]	busi err back, erase task failed, cannot find cache task: 18891c90-06df-4a9c-89ae-92b665d10bb8 !  [THE user: test001] 
[11:03:15.588] [5926 ] [ERROR] [error:157]	got error busi back: 8875d4e6-9d9d-4163-a7be-366519e67036, code: 1007 
[11:03:15.588] [5926 ] [WARN ] [error:167]	busi err back, erase task failed, cannot find cache task: 8875d4e6-9d9d-4163-a7be-366519e67036 !  [THE user: test001] 
[11:03:15.589] [14806] [ERROR] [error:157]	got error busi back: 6ec76a0d-40f4-406b-9a8e-843646dc031b, code: 1007 
[11:03:15.589] [14806] [WARN ] [error:167]	busi err back, erase task failed, cannot find cache task: 6ec76a0d-40f4-406b-9a8e-843646dc031b !  [THE user: test001] 
[11:03:15.589] [5926 ] [ERROR] [error:157]	got error busi back: 08cc42f0-636a-467c-b05a-8286e1653dc4, code: 1007 
[11:03:15.589] [5926 ] [WARN ] [error:167]	busi err back, erase task failed, cannot find cache task: 08cc42f0-636a-467c-b05a-8286e1653dc4 !  [THE user: test001] 
[11:03:15.590] [14806] [ERROR] [error:157]	got error busi back: 07deee8a-db89-4d09-ad34-7397c7e1645a, code: 1007 
[11:03:15.590] [14806] [WARN ] [error:167]	busi err back, erase task failed, cannot find cache task: 07deee8a-db89-4d09-ad34-7397c7e1645a !  [THE user: test001] 
[11:03:15.590] [5926 ] [ERROR] [error:157]	got error busi back: 22514f07-4ef7-4313-ba2c-53d6acf47333, code: 1007 
[11:03:15.590] [5926 ] [WARN ] [error:167]	busi err back, erase task failed, cannot find cache task: 22514f07-4ef7-4313-ba2c-53d6acf47333 !  [THE user: test001] 
[11:03:15.591] [14806] [ERROR] [error:157]	got error busi back: c0366b40-c2a9-48b8-a033-09f63005f952, code: 1007 
[11:03:15.591] [14806] [WARN ] [error:167]	busi err back, erase task failed, cannot find cache task: c0366b40-c2a9-48b8-a033-09f63005f952 !  [THE user: test001] 
[11:03:15.591] [5926 ] [ERROR] [error:157]	got error busi back: 47e65463-a686-401c-8faf-a2ee65631864, code: 1007 
[11:03:15.591] [5926 ] [WARN ] [error:167]	busi err back, erase task failed, cannot find cache task: 47e65463-a686-401c-8faf-a2ee65631864 !  [THE user: test001] 
[11:03:15.592] [14806] [ERROR] [error:157]	got error busi back: 33648fc1-05bc-462b-9e61-2d6ee7263dba, code: 1007 
[11:03:15.592] [14806] [WARN ] [error:167]	busi err back, erase task failed, cannot find cache task: 33648fc1-05bc-462b-9e61-2d6ee7263dba !  [THE user: test001] 
[11:03:15.592] [5926 ] [ERROR] [error:157]	got error busi back: 244ef96d-8541-41e1-b5a3-028c73dad48a, code: 1007 
[11:03:15.592] [5926 ] [WARN ] [error:167]	busi err back, erase task failed, cannot find cache task: 244ef96d-8541-41e1-b5a3-028c73dad48a !  [THE user: test001] 
[11:03:15.593] [14806] [ERROR] [error:157]	got error busi back: f75aa62d-36f6-4864-bf77-dcb7f47f271a, code: 1007 
[11:03:15.593] [14806] [WARN ] [error:167]	busi err back, erase task failed, cannot find cache task: f75aa62d-36f6-4864-bf77-dcb7f47f271a !  [THE user: test001] 
[11:03:15.593] [5926 ] [ERROR] [error:157]	got error busi back: 308037b6-4eff-4249-a707-abbabcabb8a8, code: 1007 
[11:03:15.593] [5926 ] [WARN ] [error:167]	busi err back, erase task failed, cannot find cache task: 308037b6-4eff-4249-a707-abbabcabb8a8 !  [THE user: test001] 
[11:03:15.594] [14806] [ERROR] [error:157]	got error busi back: aef17056-e04f-475d-8cc0-35f5e5e0a38a, code: 1007 
[11:03:15.594] [14806] [WARN ] [error:167]	busi err back, erase task failed, cannot find cache task: aef17056-e04f-475d-8cc0-35f5e5e0a38a !  [THE user: test001] 
[11:03:15.594] [14806] [ERROR] [error:157]	got error busi back: 6d0f588d-3587-4c0f-848b-e7e25cd5ee6e, code: 1007 
[11:03:15.594] [14806] [WARN ] [error:167]	busi err back, erase task failed, cannot find cache task: 6d0f588d-3587-4c0f-848b-e7e25cd5ee6e !  [THE user: test001] 
[11:03:15.595] [14806] [ERROR] [error:157]	got error busi back: 689cc0f7-e07a-4045-9cf3-a572a0a2cf2d, code: 1007 
[11:03:15.595] [14806] [WARN ] [error:167]	busi err back, erase task failed, cannot find cache task: 689cc0f7-e07a-4045-9cf3-a572a0a2cf2d !  [THE user: test001] 
[11:03:15.595] [14806] [ERROR] [error:157]	got error busi back: 716b0af4-1a76-4894-ab39-01a006955946, code: 1007 
[11:03:15.595] [14806] [WARN ] [error:167]	busi err back, erase task failed, cannot find cache task: 716b0af4-1a76-4894-ab39-01a006955946 !  [THE user: test001] 
[11:03:15.596] [14806] [ERROR] [error:157]	got error busi back: 7515218e-bb61-49e7-8df8-b1691aa8782a, code: 1007 
[11:03:15.596] [14806] [WARN ] [error:167]	busi err back, erase task failed, cannot find cache task: 7515218e-bb61-49e7-8df8-b1691aa8782a !  [THE user: test001] 
[11:03:15.596] [14806] [ERROR] [error:157]	got error busi back: df02463e-efd5-4d64-99aa-e09ff4662ef5, code: 1007 
[11:03:15.596] [14806] [WARN ] [error:167]	busi err back, erase task failed, cannot find cache task: df02463e-efd5-4d64-99aa-e09ff4662ef5 !  [THE user: test001] 
[11:03:15.597] [14806] [ERROR] [error:157]	got error busi back: f48fbbca-b644-459e-b952-112a092e15b5, code: 1007 
[11:03:15.597] [14806] [WARN ] [error:167]	busi err back, erase task failed, cannot find cache task: f48fbbca-b644-459e-b952-112a092e15b5 !  [THE user: test001] 
[11:03:15.598] [14806] [ERROR] [error:157]	got error busi back: 74d4c184-06af-40af-86b0-87b89c1ef06a, code: 1007 
[11:03:15.598] [14806] [WARN ] [error:167]	busi err back, erase task failed, cannot find cache task: 74d4c184-06af-40af-86b0-87b89c1ef06a !  [THE user: test001] 
[11:03:15.598] [14806] [ERROR] [error:157]	got error busi back: d72d3e2d-e106-488d-9300-843d0ba09797, code: 1007 
[11:03:15.598] [14806] [WARN ] [error:167]	busi err back, erase task failed, cannot find cache task: d72d3e2d-e106-488d-9300-843d0ba09797 !  [THE user: test001] 
[11:03:15.599] [14806] [ERROR] [error:157]	got error busi back: 0ba474d0-cdff-4704-be89-de8bfa6d0660, code: 1007 
[11:03:15.599] [14806] [WARN ] [error:167]	busi err back, erase task failed, cannot find cache task: 0ba474d0-cdff-4704-be89-de8bfa6d0660 !  [THE user: test001] 
[11:03:15.599] [14806] [ERROR] [error:157]	got error busi back: e234999b-691b-4ccc-8f54-ba8faf199c5c, code: 1007 
[11:03:15.599] [14806] [WARN ] [error:167]	busi err back, erase task failed, cannot find cache task: e234999b-691b-4ccc-8f54-ba8faf199c5c !  [THE user: test001] 
[11:03:15.600] [14806] [ERROR] [error:157]	got error busi back: bba82edb-cbbf-4f51-8d74-0017f5470cec, code: 1007 
[11:03:15.600] [14806] [WARN ] [error:167]	busi err back, erase task failed, cannot find cache task: bba82edb-cbbf-4f51-8d74-0017f5470cec !  [THE user: test001] 
[11:03:15.601] [14806] [ERROR] [error:157]	got error busi back: 086228cf-a771-4300-97ec-8376681ea113, code: 1007 
[11:03:15.601] [14806] [WARN ] [error:167]	busi err back, erase task failed, cannot find cache task: 086228cf-a771-4300-97ec-8376681ea113 !  [THE user: test001] 
[11:03:15.601] [14806] [ERROR] [error:157]	got error busi back: beb4f556-e2b2-473b-ad4e-7cb90d19264e, code: 1007 
[11:03:15.601] [14806] [WARN ] [error:167]	busi err back, erase task failed, cannot find cache task: beb4f556-e2b2-473b-ad4e-7cb90d19264e !  [THE user: test001] 
[11:03:15.602] [14806] [ERROR] [error:157]	got error busi back: 8fc10e0b-2d75-46c9-aaf7-d557b68d5f38, code: 1007 
[11:03:15.602] [14806] [WARN ] [error:167]	busi err back, erase task failed, cannot find cache task: 8fc10e0b-2d75-46c9-aaf7-d557b68d5f38 !  [THE user: test001] 
[11:03:15.603] [14806] [ERROR] [error:157]	got error busi back: 9fa4bbf2-6051-4165-89c2-d9f75ae2ff4a, code: 1007 
[11:03:15.603] [14806] [WARN ] [error:167]	busi err back, erase task failed, cannot find cache task: 9fa4bbf2-6051-4165-89c2-d9f75ae2ff4a !  [THE user: test001] 
[11:03:15.604] [5926 ] [ERROR] [error:157]	got error busi back: 3c02e17f-a864-4caa-a13e-ee06ac0e15dd, code: 1007 
[11:03:15.604] [5926 ] [WARN ] [error:167]	busi err back, erase task failed, cannot find cache task: 3c02e17f-a864-4caa-a13e-ee06ac0e15dd !  [THE user: test001] 
[11:03:15.605] [14806] [ERROR] [error:157]	got error busi back: 60031659-e9ce-4092-8d4b-945df6385041, code: 1007 
[11:03:15.605] [14806] [WARN ] [error:167]	busi err back, erase task failed, cannot find cache task: 60031659-e9ce-4092-8d4b-945df6385041 !  [THE user: test001] 
[11:03:15.605] [5926 ] [ERROR] [error:157]	got error busi back: 014f8a36-3cfa-4605-b133-9ea0c8471e3c, code: 1007 
[11:03:15.605] [5926 ] [WARN ] [error:167]	busi err back, erase task failed, cannot find cache task: 014f8a36-3cfa-4605-b133-9ea0c8471e3c !  [THE user: test001] 
[11:03:15.606] [14806] [ERROR] [error:157]	got error busi back: 4452d012-3425-499d-9f1f-fea0f036972f, code: 1007 
[11:03:15.606] [14806] [WARN ] [error:167]	busi err back, erase task failed, cannot find cache task: 4452d012-3425-499d-9f1f-fea0f036972f !  [THE user: test001] 
[11:03:15.606] [5926 ] [ERROR] [error:157]	got error busi back: 18fbf605-2c8f-41f6-ac8d-a849d006aee1, code: 1007 
[11:03:15.606] [5926 ] [WARN ] [error:167]	busi err back, erase task failed, cannot find cache task: 18fbf605-2c8f-41f6-ac8d-a849d006aee1 !  [THE user: test001] 
[11:03:15.607] [14806] [ERROR] [error:157]	got error busi back: 7ec9f453-86d0-4c08-9ef8-db504c3250ed, code: 1007 
[11:03:15.607] [14806] [WARN ] [error:167]	busi err back, erase task failed, cannot find cache task: 7ec9f453-86d0-4c08-9ef8-db504c3250ed !  [THE user: test001] 
[11:03:15.609] [5926 ] [ERROR] [error:157]	got error busi back: 958ac688-65c7-4e25-8b28-0d5635e0b5c9, code: 1007 
[11:03:15.609] [5926 ] [WARN ] [error:167]	busi err back, erase task failed, cannot find cache task: 958ac688-65c7-4e25-8b28-0d5635e0b5c9 !  [THE user: test001] 
[11:03:15.610] [14806] [ERROR] [error:157]	got error busi back: a8a7fb41-6eca-4f2a-ae5f-59e6983d5f83, code: 1007 
[11:03:15.610] [14806] [WARN ] [error:167]	busi err back, erase task failed, cannot find cache task: a8a7fb41-6eca-4f2a-ae5f-59e6983d5f83 !  [THE user: test001] 
[11:03:15.611] [5926 ] [ERROR] [error:157]	got error busi back: 16ae256b-7d7b-436e-bf61-7184e8b47fa5, code: 1007 
[11:03:15.611] [5926 ] [WARN ] [error:167]	busi err back, erase task failed, cannot find cache task: 16ae256b-7d7b-436e-bf61-7184e8b47fa5 !  [THE user: test001] 
[11:03:24.249] [6793 ] [WARN ] [~MpcMemPool:48]	the mempool is freed! 
