[14:55:49.618] [19108] [INFO ] [JNI_OnLoad:24]	jvm onload success ! 
[14:55:49.618] [19108] [INFO ] [init:111]	JniNativeCallback init ok. 
[14:55:49.618] [19108] [INFO ] [init:136]	to init engine, user: test001, mode: 0, proxyEndpoint: ProxyGlacier2/router:tcp -h 202.114.114.46 -p 4502 -t 11000 
[14:55:49.618] [19108] [WARN ] [init:158]	Cannot find the --Mpc.Data=xxxxx config item ! 
[14:55:49.618] [19108] [INFO ] [parseCircuits:365]	** preload circuit:  /home/lmars/gc/moran103.gc 
[14:55:49.618] [19108] [INFO ] [init:172]	the --Mpc.Circuits=/home/lmars/gc/moran103.gc is set ! 
[14:55:50.841] [19108] [INFO ] [resolveCiruit:326]	** circuit resolve => circuit: /home/lmars/gc/moran103.gc , gates: 3192727, andGate: 891815, wires: 3199319, cost time: 1.222534 seconds, speed: 2611564.672765 (gc / second) ** 
[14:55:50.841] [19108] [INFO ] [CircuitFile:108]	circuit: /home/lmars/gc/moran103.gc,  hash: 1AB21D8355CFA17F8E61194831E81A8F22BEC8C728FEFB747ED035EB5082AA2B 
[14:55:50.841] [19108] [INFO ] [init:188]	preload circuits ok ! 
[14:55:50.841] [19108] [INFO ] [init:212]	Not start node server ! use proxy forward ! 
[14:55:50.842] [19108] [INFO ] [MpcTaskDispatcher:39]	construct task dispatcher, with 8 processor, load balence is: 16384 
[14:55:50.842] [19108] [INFO ] [init:63]	INIT the processor: 0, type: 0 ok 
[14:55:50.842] [19293] [INFO ] [operator():54]	task processor: 0 is running... 
[14:55:50.842] [19108] [INFO ] [init:63]	INIT the processor: 1, type: 0 ok 
[14:55:50.842] [19293] [INFO ] [popInvitorReadyTask:270]	to POP a ready task from ready invitor queue to processor, now read_num: 0 ... 
[14:55:50.842] [19294] [INFO ] [operator():54]	task processor: 1 is running... 
[14:55:50.842] [19108] [INFO ] [init:63]	INIT the processor: 2, type: 0 ok 
[14:55:50.842] [19108] [INFO ] [init:63]	INIT the processor: 3, type: 0 ok 
[14:55:50.842] [19296] [INFO ] [operator():54]	task processor: 3 is running... 
[14:55:50.842] [19108] [INFO ] [init:63]	INIT the processor: 4, type: 1 ok 
[14:55:50.842] [19296] [INFO ] [popInvitorReadyTask:270]	to POP a ready task from ready invitor queue to processor, now read_num: 0 ... 
[14:55:50.842] [19294] [INFO ] [popInvitorReadyTask:270]	to POP a ready task from ready invitor queue to processor, now read_num: 0 ... 
[14:55:50.842] [19297] [INFO ] [operator():54]	task processor: 4 is running... 
[14:55:50.842] [19295] [INFO ] [operator():54]	task processor: 2 is running... 
[14:55:50.842] [19108] [INFO ] [init:63]	INIT the processor: 5, type: 1 ok 
[14:55:50.842] [19297] [INFO ] [popInviteeReadyTask:208]	to POP a ready task from ready invitee queue to processor, now read_num: 0 ... 
[14:55:50.842] [19108] [INFO ] [init:63]	INIT the processor: 6, type: 1 ok 
[14:55:50.842] [19295] [INFO ] [popInvitorReadyTask:270]	to POP a ready task from ready invitor queue to processor, now read_num: 0 ... 
[14:55:50.842] [19299] [INFO ] [operator():54]	task processor: 6 is running... 
[14:55:50.842] [19108] [INFO ] [init:63]	INIT the processor: 7, type: 1 ok 
[14:55:50.842] [19299] [INFO ] [popInviteeReadyTask:208]	to POP a ready task from ready invitee queue to processor, now read_num: 0 ... 
[14:55:50.843] [19300] [INFO ] [operator():54]	task processor: 7 is running... 
[14:55:50.843] [19300] [INFO ] [popInviteeReadyTask:208]	to POP a ready task from ready invitee queue to processor, now read_num: 0 ... 
[14:55:50.843] [19108] [INFO ] [init:234]	INIT task dispatcher done ! 
[14:55:50.843] [19108] [INFO ] [init:64]	connect to busi proxy server endpoint: ProxyGlacier2/router:tcp -h 202.114.114.46 -p 4502 -t 11000 
[14:55:50.844] [19298] [INFO ] [operator():54]	task processor: 5 is running... 
[14:55:50.844] [19298] [INFO ] [popInviteeReadyTask:208]	to POP a ready task from ready invitee queue to processor, now read_num: 0 ... 
[14:55:50.859] [19306] [INFO ] [connected:34]	to get session... 
[14:55:50.859] [19306] [INFO ] [connected:38]	to get create busi node callback... 
[14:55:50.859] [19306] [INFO ] [connected:46]	to set node callback, public endpoint: ProxyGlacier2/router:tcp -h 202.114.114.46 -p 4502 -t 11000, user: test001 ... 
[14:55:50.861] [19306] [WARN ] [connected:55]	the busi session create success. 
[14:55:51.350] [19108] [INFO ] [init:69]	waiting for node busi client inited ... timeout 1s.. 
[14:55:51.350] [19108] [INFO ] [init:74]	the busi node communicator is prepared !!!! 
[14:55:51.350] [19108] [INFO ] [init:86]	INIT busi node client success. user: test001, proxyEndpoint: ProxyGlacier2/router:tcp -h 202.114.114.46 -p 4502 -t 11000 
[14:55:51.350] [19108] [INFO ] [init:244]	INIT busi node client done ! 
[14:55:51.350] [19108] [INFO ] [init:48]	input ready process init ok. 
[14:55:51.350] [19108] [INFO ] [init:253]	INIT input ready processor done ! 
[14:55:51.350] [19108] [INFO ] [init:48]	ready process init ok. max request queue size: 4 
[14:55:51.350] [19108] [INFO ] [init:263]	INIT ready processor done ! 
[14:55:51.350] [19108] [INFO ] [init:269]	Mpc engine init success. 
[14:55:51.351] [19328] [INFO ] [popCommitTask:127]	to POP a commit task, task size: 0  ... 
[14:55:51.351] [19108] [INFO ] [Java_com_juzix_jugo_node_jni_NativeInterface_setDataLogLevel:155]	init the log to level: 3, data log state: 0 
[14:55:54.721] [19305] [WARN ] [MpcMemPool:42]	the mempool construction, size: 134217728, mem: 0x7fb974e39010 
[14:55:54.736] [19297] [ERROR] [consumeBuffer:363]	====> the first buffer seq: 1 
[14:55:54.778] [19299] [ERROR] [consumeBuffer:363]	====> the first buffer seq: 1 
[14:55:54.789] [19300] [ERROR] [consumeBuffer:363]	====> the first buffer seq: 1 
[14:55:54.805] [19298] [ERROR] [consumeBuffer:363]	====> the first buffer seq: 1 
[14:56:00.229] [19297] [ERROR] [consumeBuffer:363]	====> the first buffer seq: 1 
[14:56:00.315] [19298] [ERROR] [consumeBuffer:363]	====> the first buffer seq: 1 
[14:56:00.384] [19300] [ERROR] [consumeBuffer:363]	====> the first buffer seq: 1 
[14:56:00.388] [19299] [ERROR] [consumeBuffer:363]	====> the first buffer seq: 1 
[14:56:04.896] [19298] [ERROR] [consumeBuffer:363]	====> the first buffer seq: 1 
[14:56:04.900] [19297] [ERROR] [consumeBuffer:363]	====> the first buffer seq: 1 
[14:56:04.996] [19300] [ERROR] [consumeBuffer:363]	====> the first buffer seq: 1 
[14:56:05.011] [19299] [ERROR] [consumeBuffer:363]	====> the first buffer seq: 1 
[14:56:09.399] [19297] [ERROR] [consumeBuffer:363]	====> the first buffer seq: 1 
[14:56:09.445] [19298] [ERROR] [consumeBuffer:363]	====> the first buffer seq: 1 
[14:56:09.552] [19300] [ERROR] [consumeBuffer:363]	====> the first buffer seq: 1 
[14:56:09.633] [19299] [ERROR] [consumeBuffer:363]	====> the first buffer seq: 1 
[14:56:13.934] [19298] [ERROR] [consumeBuffer:363]	====> the first buffer seq: 1 
[14:56:13.939] [19297] [ERROR] [consumeBuffer:363]	====> the first buffer seq: 1 
[14:56:14.095] [19300] [ERROR] [consumeBuffer:363]	====> the first buffer seq: 1 
[14:56:14.230] [19299] [ERROR] [consumeBuffer:363]	====> the first buffer seq: 1 
[14:56:18.360] [19298] [ERROR] [consumeBuffer:363]	====> the first buffer seq: 1 
[14:56:18.364] [19297] [ERROR] [consumeBuffer:363]	====> the first buffer seq: 1 
[14:56:18.605] [19300] [ERROR] [consumeBuffer:363]	====> the first buffer seq: 1 
[14:56:18.732] [19299] [ERROR] [consumeBuffer:363]	====> the first buffer seq: 1 
[14:56:22.738] [19297] [ERROR] [consumeBuffer:363]	====> the first buffer seq: 1 
[14:56:22.938] [19298] [ERROR] [consumeBuffer:363]	====> the first buffer seq: 1 
[14:56:23.059] [19300] [ERROR] [consumeBuffer:363]	====> the first buffer seq: 1 
[14:56:23.248] [19299] [ERROR] [consumeBuffer:363]	====> the first buffer seq: 1 
[14:56:27.242] [19297] [ERROR] [consumeBuffer:363]	====> the first buffer seq: 1 
[14:56:27.498] [19298] [ERROR] [consumeBuffer:363]	====> the first buffer seq: 1 
[14:56:27.610] [19300] [ERROR] [consumeBuffer:363]	====> the first buffer seq: 1 
[14:56:27.811] [19299] [ERROR] [consumeBuffer:363]	====> the first buffer seq: 1 
[14:56:31.698] [19297] [ERROR] [consumeBuffer:363]	====> the first buffer seq: 1 
[14:56:31.895] [19298] [ERROR] [consumeBuffer:363]	====> the first buffer seq: 1 
[14:56:32.002] [19300] [ERROR] [consumeBuffer:363]	====> the first buffer seq: 1 
[14:56:32.215] [19299] [ERROR] [consumeBuffer:363]	====> the first buffer seq: 1 
[14:56:36.222] [19297] [ERROR] [consumeBuffer:363]	====> the first buffer seq: 1 
[14:56:36.559] [19298] [ERROR] [consumeBuffer:363]	====> the first buffer seq: 1 
[14:56:36.635] [19300] [ERROR] [consumeBuffer:363]	====> the first buffer seq: 1 
[14:56:36.783] [19299] [ERROR] [consumeBuffer:363]	====> the first buffer seq: 1 
[14:56:40.490] [19297] [ERROR] [consumeBuffer:363]	====> the first buffer seq: 1 
[14:56:41.086] [19300] [ERROR] [consumeBuffer:363]	====> the first buffer seq: 1 
[14:56:41.133] [19298] [ERROR] [consumeBuffer:363]	====> the first buffer seq: 1 
[14:56:41.319] [19299] [ERROR] [consumeBuffer:363]	====> the first buffer seq: 1 
[14:56:44.933] [19297] [ERROR] [consumeBuffer:363]	====> the first buffer seq: 1 
[14:56:45.599] [19300] [ERROR] [consumeBuffer:363]	====> the first buffer seq: 1 
[14:56:45.696] [19298] [ERROR] [consumeBuffer:363]	====> the first buffer seq: 1 
[14:56:45.925] [19299] [ERROR] [consumeBuffer:363]	====> the first buffer seq: 1 
[14:56:49.211] [19297] [ERROR] [consumeBuffer:363]	====> the first buffer seq: 1 
[14:56:50.069] [19300] [ERROR] [consumeBuffer:363]	====> the first buffer seq: 1 
[14:56:50.306] [19298] [ERROR] [consumeBuffer:363]	====> the first buffer seq: 1 
[14:56:50.451] [19299] [ERROR] [consumeBuffer:363]	====> the first buffer seq: 1 
[14:56:53.648] [19297] [ERROR] [consumeBuffer:363]	====> the first buffer seq: 1 
[14:56:54.873] [19300] [ERROR] [consumeBuffer:363]	====> the first buffer seq: 1 
[14:56:54.938] [19299] [ERROR] [consumeBuffer:363]	====> the first buffer seq: 1 
[14:56:54.959] [19298] [ERROR] [consumeBuffer:363]	====> the first buffer seq: 1 
[14:56:57.923] [19297] [ERROR] [consumeBuffer:363]	====> the first buffer seq: 1 
[14:56:59.279] [19300] [ERROR] [consumeBuffer:363]	====> the first buffer seq: 1 
[14:56:59.482] [19298] [ERROR] [consumeBuffer:363]	====> the first buffer seq: 1 
[14:56:59.616] [19299] [ERROR] [consumeBuffer:363]	====> the first buffer seq: 1 
[14:57:02.114] [19297] [ERROR] [consumeBuffer:363]	====> the first buffer seq: 1 
[14:57:03.802] [19300] [ERROR] [consumeBuffer:363]	====> the first buffer seq: 1 
[14:57:04.046] [19298] [ERROR] [consumeBuffer:363]	====> the first buffer seq: 1 
[14:57:04.157] [19299] [ERROR] [consumeBuffer:363]	====> the first buffer seq: 1 
[14:57:06.443] [19297] [ERROR] [consumeBuffer:363]	====> the first buffer seq: 1 
[14:57:08.040] [19300] [ERROR] [consumeBuffer:363]	====> the first buffer seq: 1 
[14:57:08.583] [19298] [ERROR] [consumeBuffer:363]	====> the first buffer seq: 1 
[14:57:08.588] [19299] [ERROR] [consumeBuffer:363]	====> the first buffer seq: 1 
[14:57:10.805] [19297] [ERROR] [consumeBuffer:363]	====> the first buffer seq: 1 
[14:57:12.525] [19300] [ERROR] [consumeBuffer:363]	====> the first buffer seq: 1 
[14:57:13.132] [19298] [ERROR] [consumeBuffer:363]	====> the first buffer seq: 1 
[14:57:13.189] [19299] [ERROR] [consumeBuffer:363]	====> the first buffer seq: 1 
[14:57:15.014] [19297] [ERROR] [consumeBuffer:363]	====> the first buffer seq: 1 
[14:57:16.683] [19300] [ERROR] [consumeBuffer:363]	====> the first buffer seq: 1 
[14:57:17.647] [19298] [ERROR] [consumeBuffer:363]	====> the first buffer seq: 1 
[14:57:17.707] [19299] [ERROR] [consumeBuffer:363]	====> the first buffer seq: 1 
[14:57:19.250] [19297] [ERROR] [consumeBuffer:363]	====> the first buffer seq: 1 
[14:57:20.848] [19300] [ERROR] [consumeBuffer:363]	====> the first buffer seq: 1 
[14:57:21.968] [19298] [ERROR] [consumeBuffer:363]	====> the first buffer seq: 1 
[14:57:22.202] [19299] [ERROR] [consumeBuffer:363]	====> the first buffer seq: 1 
[14:57:23.581] [19297] [ERROR] [consumeBuffer:363]	====> the first buffer seq: 1 
[14:57:24.904] [19300] [ERROR] [consumeBuffer:363]	====> the first buffer seq: 1 
[14:57:26.382] [19298] [ERROR] [consumeBuffer:363]	====> the first buffer seq: 1 
[14:57:26.889] [19299] [ERROR] [consumeBuffer:363]	====> the first buffer seq: 1 
[14:57:27.933] [19297] [ERROR] [consumeBuffer:363]	====> the first buffer seq: 1 
[14:57:29.274] [19300] [ERROR] [consumeBuffer:363]	====> the first buffer seq: 1 
[14:57:30.713] [19298] [ERROR] [consumeBuffer:363]	====> the first buffer seq: 1 
[14:57:31.164] [19299] [ERROR] [consumeBuffer:363]	====> the first buffer seq: 1 
[14:57:32.166] [19297] [ERROR] [consumeBuffer:363]	====> the first buffer seq: 1 
[14:57:33.644] [19300] [ERROR] [consumeBuffer:363]	====> the first buffer seq: 1 
[14:57:34.954] [19298] [ERROR] [consumeBuffer:363]	====> the first buffer seq: 1 
[14:57:35.491] [19299] [ERROR] [consumeBuffer:363]	====> the first buffer seq: 1 
[14:57:36.410] [19297] [ERROR] [consumeBuffer:363]	====> the first buffer seq: 1 
[14:57:37.761] [19300] [ERROR] [consumeBuffer:363]	====> the first buffer seq: 1 
[14:57:39.058] [19298] [ERROR] [consumeBuffer:363]	====> the first buffer seq: 1 
[14:57:39.859] [19299] [ERROR] [consumeBuffer:363]	====> the first buffer seq: 1 
[14:57:40.680] [19297] [ERROR] [consumeBuffer:363]	====> the first buffer seq: 1 
[14:57:41.910] [19300] [ERROR] [consumeBuffer:363]	====> the first buffer seq: 1 
[14:57:43.351] [19298] [ERROR] [consumeBuffer:363]	====> the first buffer seq: 1 
[14:57:44.020] [19299] [ERROR] [consumeBuffer:363]	====> the first buffer seq: 1 
[15:46:27.146] [20323] [WARN ] [~MpcMemPool:48]	the mempool is freed! 
