[16:54:03.191] [4685 ] [INFO ] [JNI_OnLoad:24]	jvm onload success ! 
[16:54:03.192] [4685 ] [INFO ] [init:111]	JniNativeCallback init ok. 
[16:54:03.192] [4685 ] [INFO ] [init:108]	to init engine, user: test001, mode: 0, proxyEndpoint: ProxyGlacier2/router:tcp -h 202.114.114.46 -p 4502 -t 11000 
[16:54:03.192] [4685 ] [WARN ] [init:130]	Cannot find the --Mpc.Data=xxxxx config item ! 
[16:54:03.192] [4685 ] [INFO ] [init:156]	Not start node server ! use proxy forward ! 
[16:54:03.193] [4685 ] [INFO ] [MpcTaskDispatcher:43]	construct task dispatcher, with 3 processor, load balence is: 6000 
[16:54:03.193] [4685 ] [INFO ] [init:60]	INIT the processor: 0 ok 
[16:54:03.193] [29736] [INFO ] [operator():51]	task processor: 0 is running... 
[16:54:03.193] [4685 ] [INFO ] [init:60]	INIT the processor: 1 ok 
[16:54:03.193] [29736] [DEBUG] [popReadyTask:166]	to POP a ready task from ready queue to processor, now read_num: 0 ... 
[16:54:03.193] [29737] [INFO ] [operator():51]	task processor: 1 is running... 
[16:54:03.193] [29738] [INFO ] [operator():51]	task processor: 2 is running... 
[16:54:03.193] [4685 ] [INFO ] [init:60]	INIT the processor: 2 ok 
[16:54:03.193] [4685 ] [INFO ] [init:177]	INIT task dispatcher done ! 
[16:54:03.193] [29738] [DEBUG] [popReadyTask:166]	to POP a ready task from ready queue to processor, now read_num: 0 ... 
[16:54:03.193] [29737] [DEBUG] [popReadyTask:166]	to POP a ready task from ready queue to processor, now read_num: 0 ... 
[16:54:03.193] [4685 ] [INFO ] [init:40]	connect to busi proxy server endpoint: ProxyGlacier2/router:tcp -h 202.114.114.46 -p 4502 -t 11000 
[16:54:03.207] [29743] [INFO ] [connected:34]	to get session... 
[16:54:03.207] [29743] [INFO ] [connected:38]	to get create busi node callback... 
[16:54:03.207] [29743] [INFO ] [connected:45]	to set node callback... 
[16:54:03.209] [29743] [WARN ] [connected:54]	the busi session create success. 
[16:54:03.701] [4685 ] [INFO ] [init:69]	waiting for node busi client inited ... timeout 1s.. 
[16:54:03.701] [4685 ] [INFO ] [init:74]	the busi node communicator is prepared !!!! 
[16:54:03.701] [4685 ] [INFO ] [init:86]	INIT busi node client success. user: test001, proxyEndpoint: ProxyGlacier2/router:tcp -h 202.114.114.46 -p 4502 -t 11000 
[16:54:03.701] [4685 ] [INFO ] [init:187]	INIT busi node client done ! 
[16:54:03.701] [4685 ] [INFO ] [init:48]	ready process init ok. max request queue size: 3 
[16:54:03.701] [4685 ] [INFO ] [init:202]	Mpc engine init success. 
[16:54:03.701] [29772] [DEBUG] [popCommitTask:110]	to POP a commit task, task size: 0  ... 
[16:54:03.701] [4685 ] [INFO ] [Java_com_juzix_jugo_node_jni_NativeInterface_setDataLogLevel:155]	init the log to level: 3, data log state: 0 
[16:54:25.349] [29741] [WARN ] [putBuffer:213]	taskId: c7d3e51e-4359-422a-8ada-8dfa6e36365a is not avaiable, wait a 50ms try to putBuffer ! 
[16:54:25.399] [29741] [WARN ] [putBuffer:213]	taskId: c7d3e51e-4359-422a-8ada-8dfa6e36365a is not avaiable, wait a 50ms try to putBuffer ! 
[16:54:25.449] [29742] [WARN ] [allReady:153]	busi allReady callback done,  task: c7d3e51e-4359-422a-8ada-8dfa6e36365a, user: test001, ready: 1 !  
[16:54:48.875] [29736] [WARN ] [processMpcBusi:237]	task processor cannot remove request task: c7d3e51e-4359-422a-8ada-8dfa6e36365a ! 
[16:54:48.875] [29736] [WARN ] [processTask:130]	processor a MPC task: c7d3e51e-4359-422a-8ada-8dfa6e36365a Failed ! 
