[17:01:42.811] [8587 ] [INFO ] [JNI_OnLoad:24]	jvm onload success ! 
[17:01:42.811] [8587 ] [INFO ] [init:111]	JniNativeCallback init ok. 
[17:01:42.811] [8587 ] [INFO ] [init:108]	to init engine, user: test001, mode: 0, proxyEndpoint: ProxyGlacier2/router:tcp -h 202.114.114.46 -p 4502 -t 11000 
[17:01:42.812] [8587 ] [WARN ] [init:130]	Cannot find the --Mpc.Data=xxxxx config item ! 
[17:01:42.812] [8587 ] [INFO ] [init:156]	Not start node server ! use proxy forward ! 
[17:01:42.812] [8587 ] [INFO ] [MpcTaskDispatcher:43]	construct task dispatcher, with 3 processor, load balence is: 6000 
[17:01:42.812] [8587 ] [INFO ] [init:60]	INIT the processor: 0 ok 
[17:01:42.812] [7990 ] [INFO ] [operator():51]	task processor: 0 is running... 
[17:01:42.812] [7990 ] [DEBUG] [popReadyTask:166]	to POP a ready task from ready queue to processor, now read_num: 0 ... 
[17:01:42.813] [8587 ] [INFO ] [init:60]	INIT the processor: 1 ok 
[17:01:42.813] [7991 ] [INFO ] [operator():51]	task processor: 1 is running... 
[17:01:42.813] [7991 ] [DEBUG] [popReadyTask:166]	to POP a ready task from ready queue to processor, now read_num: 0 ... 
[17:01:42.813] [8587 ] [INFO ] [init:60]	INIT the processor: 2 ok 
[17:01:42.813] [7992 ] [INFO ] [operator():51]	task processor: 2 is running... 
[17:01:42.813] [7992 ] [DEBUG] [popReadyTask:166]	to POP a ready task from ready queue to processor, now read_num: 0 ... 
[17:01:42.813] [8587 ] [INFO ] [init:177]	INIT task dispatcher done ! 
[17:01:42.813] [8587 ] [INFO ] [init:40]	connect to busi proxy server endpoint: ProxyGlacier2/router:tcp -h 202.114.114.46 -p 4502 -t 11000 
[17:01:42.828] [7997 ] [INFO ] [connected:34]	to get session... 
[17:01:42.828] [7997 ] [INFO ] [connected:38]	to get create busi node callback... 
[17:01:42.828] [7997 ] [INFO ] [connected:45]	to set node callback... 
[17:01:42.831] [7997 ] [WARN ] [connected:54]	the busi session create success. 
[17:01:43.320] [8587 ] [INFO ] [init:69]	waiting for node busi client inited ... timeout 1s.. 
[17:01:43.320] [8587 ] [INFO ] [init:74]	the busi node communicator is prepared !!!! 
[17:01:43.320] [8587 ] [INFO ] [init:86]	INIT busi node client success. user: test001, proxyEndpoint: ProxyGlacier2/router:tcp -h 202.114.114.46 -p 4502 -t 11000 
[17:01:43.320] [8587 ] [INFO ] [init:187]	INIT busi node client done ! 
[17:01:43.321] [8587 ] [INFO ] [init:48]	ready process init ok. max request queue size: 3 
[17:01:43.321] [8587 ] [INFO ] [init:202]	Mpc engine init success. 
[17:01:43.321] [8000 ] [DEBUG] [popCommitTask:110]	to POP a commit task, task size: 0  ... 
[17:01:43.321] [8587 ] [INFO ] [Java_com_juzix_jugo_node_jni_NativeInterface_setDataLogLevel:155]	init the log to level: 3, data log state: 0 
[17:01:49.508] [7995 ] [WARN ] [putBuffer:213]	taskId: 3d5f75fe-72d5-43ed-ba44-8934a60a609e is not avaiable, wait a 50ms try to putBuffer ! 
[17:01:49.558] [7995 ] [WARN ] [putBuffer:213]	taskId: 3d5f75fe-72d5-43ed-ba44-8934a60a609e is not avaiable, wait a 50ms try to putBuffer ! 
[17:01:49.608] [7995 ] [WARN ] [putBuffer:213]	taskId: 3d5f75fe-72d5-43ed-ba44-8934a60a609e is not avaiable, wait a 50ms try to putBuffer ! 
[17:01:49.658] [7995 ] [WARN ] [putBuffer:213]	taskId: 3d5f75fe-72d5-43ed-ba44-8934a60a609e is not avaiable, wait a 50ms try to putBuffer ! 
[17:01:49.708] [7995 ] [WARN ] [putBuffer:213]	taskId: 3d5f75fe-72d5-43ed-ba44-8934a60a609e is not avaiable, wait a 50ms try to putBuffer ! 
[17:01:49.759] [7995 ] [WARN ] [putBuffer:213]	taskId: 3d5f75fe-72d5-43ed-ba44-8934a60a609e is not avaiable, wait a 50ms try to putBuffer ! 
[17:01:49.809] [7995 ] [WARN ] [putBuffer:213]	taskId: 3d5f75fe-72d5-43ed-ba44-8934a60a609e is not avaiable, wait a 50ms try to putBuffer ! 
[17:01:49.836] [7996 ] [WARN ] [allReady:153]	busi allReady callback done,  task: 3d5f75fe-72d5-43ed-ba44-8934a60a609e, user: test001, ready: 1 !  
[17:02:11.164] [7990 ] [WARN ] [processMpcBusi:237]	task processor cannot remove request task: 3d5f75fe-72d5-43ed-ba44-8934a60a609e ! 
[17:02:11.164] [7990 ] [WARN ] [processTask:130]	processor a MPC task: 3d5f75fe-72d5-43ed-ba44-8934a60a609e Failed ! 
[17:04:12.077] [14809] [WARN ] [allReady:153]	busi allReady callback done,  task: 59e05bc3-76dc-4678-8f50-c88a1f44a572, user: test001, ready: 1 !  
[17:04:31.675] [7991 ] [WARN ] [processMpcBusi:237]	task processor cannot remove request task: 59e05bc3-76dc-4678-8f50-c88a1f44a572 ! 
[17:04:31.675] [7991 ] [WARN ] [processTask:130]	processor a MPC task: 59e05bc3-76dc-4678-8f50-c88a1f44a572 Failed ! 
[17:10:18.402] [31611] [WARN ] [allReady:153]	busi allReady callback done,  task: fe611c49-03b1-4e16-8634-4cc0fbedb02a, user: test001, ready: 1 !  
[17:10:38.457] [7992 ] [WARN ] [processMpcBusi:237]	task processor cannot remove request task: fe611c49-03b1-4e16-8634-4cc0fbedb02a ! 
[17:10:38.457] [7992 ] [WARN ] [processTask:130]	processor a MPC task: fe611c49-03b1-4e16-8634-4cc0fbedb02a Failed ! 
[17:11:46.545] [3707 ] [WARN ] [allReady:153]	busi allReady callback done,  task: 96ab1f8a-87b1-4447-802f-0355907218d3, user: test001, ready: 1 !  
[17:12:02.548] [7990 ] [WARN ] [processMpcBusi:237]	task processor cannot remove request task: 96ab1f8a-87b1-4447-802f-0355907218d3 ! 
[17:12:02.548] [7990 ] [WARN ] [processTask:130]	processor a MPC task: 96ab1f8a-87b1-4447-802f-0355907218d3 Failed ! 
