[18:58:34.750] [24712] [INFO ] [JNI_OnLoad:24]	jvm onload success ! 
[18:58:34.750] [24712] [INFO ] [init:111]	JniNativeCallback init ok. 
[18:58:34.750] [24712] [INFO ] [init:136]	to init engine, user: test001, mode: 0, proxyEndpoint: ProxyGlacier2/router:tcp -h 202.114.114.46 -p 4502 -t 11000 
[18:58:34.750] [24712] [WARN ] [init:158]	Cannot find the --Mpc.Data=xxxxx config item ! 
[18:58:34.750] [24712] [WARN ] [init:178]	Cannot find the --Mpc.Circuits=xxxxx config item ! not preload circuits !! 
[18:58:34.750] [24712] [INFO ] [init:188]	preload circuits ok ! 
[18:58:34.750] [24712] [INFO ] [init:212]	Not start node server ! use proxy forward ! 
[18:58:34.751] [24712] [INFO ] [MpcTaskDispatcher:39]	construct task dispatcher, with 8 processor, load balence is: 16384 
[18:58:34.751] [24712] [INFO ] [init:63]	INIT the processor: 0, type: 0 ok 
[18:58:34.751] [24712] [INFO ] [init:63]	INIT the processor: 1, type: 0 ok 
[18:58:34.751] [24713] [INFO ] [operator():54]	task processor: 0 is running... 
[18:58:34.751] [24712] [INFO ] [init:63]	INIT the processor: 2, type: 0 ok 
[18:58:34.751] [24713] [INFO ] [popInvitorReadyTask:270]	to POP a ready task from ready invitor queue to processor, now read_num: 0 ... 
[18:58:34.751] [24714] [INFO ] [operator():54]	task processor: 1 is running... 
[18:58:34.751] [24716] [INFO ] [operator():54]	task processor: 3 is running... 
[18:58:34.751] [24716] [INFO ] [popInvitorReadyTask:270]	to POP a ready task from ready invitor queue to processor, now read_num: 0 ... 
[18:58:34.751] [24712] [INFO ] [init:63]	INIT the processor: 3, type: 0 ok 
[18:58:34.751] [24714] [INFO ] [popInvitorReadyTask:270]	to POP a ready task from ready invitor queue to processor, now read_num: 0 ... 
[18:58:34.752] [24712] [INFO ] [init:63]	INIT the processor: 4, type: 1 ok 
[18:58:34.752] [24717] [INFO ] [operator():54]	task processor: 4 is running... 
[18:58:34.752] [24712] [INFO ] [init:63]	INIT the processor: 5, type: 1 ok 
[18:58:34.752] [24717] [INFO ] [popInviteeReadyTask:208]	to POP a ready task from ready invitee queue to processor, now read_num: 0 ... 
[10:58:34.751] [24715] [INFO ] [operator():54]	task processor: 2 is running... 
[18:58:34.752] [24718] [INFO ] [operator():54]	task processor: 5 is running... 
[18:58:34.752] [24719] [INFO ] [operator():54]	task processor: 6 is running... 
[18:58:34.752] [24712] [INFO ] [init:63]	INIT the processor: 6, type: 1 ok 
[18:58:34.752] [24715] [INFO ] [popInvitorReadyTask:270]	to POP a ready task from ready invitor queue to processor, now read_num: 0 ... 
[18:58:34.752] [24718] [INFO ] [popInviteeReadyTask:208]	to POP a ready task from ready invitee queue to processor, now read_num: 0 ... 
[18:58:34.752] [24719] [INFO ] [popInviteeReadyTask:208]	to POP a ready task from ready invitee queue to processor, now read_num: 0 ... 
[18:58:34.752] [24712] [INFO ] [init:63]	INIT the processor: 7, type: 1 ok 
[18:58:34.752] [24720] [INFO ] [operator():54]	task processor: 7 is running... 
[18:58:34.752] [24720] [INFO ] [popInviteeReadyTask:208]	to POP a ready task from ready invitee queue to processor, now read_num: 0 ... 
[18:58:34.752] [24712] [INFO ] [init:234]	INIT task dispatcher done ! 
[18:58:34.753] [24712] [INFO ] [init:64]	connect to busi proxy server endpoint: ProxyGlacier2/router:tcp -h 202.114.114.46 -p 4502 -t 11000 
[18:58:34.765] [24725] [INFO ] [connected:34]	to get session... 
[18:58:34.765] [24725] [INFO ] [connected:38]	to get create busi node callback... 
[18:58:34.765] [24725] [INFO ] [connected:46]	to set node callback, public endpoint: ProxyGlacier2/router:tcp -h 202.114.114.46 -p 4502 -t 11000, user: test001 ... 
[18:58:34.768] [24725] [WARN ] [connected:55]	the busi session create success. 
[18:58:35.259] [24712] [INFO ] [init:69]	waiting for node busi client inited ... timeout 1s.. 
[18:58:35.259] [24712] [INFO ] [init:74]	the busi node communicator is prepared !!!! 
[18:58:35.259] [24712] [INFO ] [init:86]	INIT busi node client success. user: test001, proxyEndpoint: ProxyGlacier2/router:tcp -h 202.114.114.46 -p 4502 -t 11000 
[18:58:35.259] [24712] [INFO ] [init:244]	INIT busi node client done ! 
[18:58:35.260] [24712] [INFO ] [init:48]	input ready process init ok. 
[18:58:35.260] [24712] [INFO ] [init:253]	INIT input ready processor done ! 
[18:58:35.260] [24712] [INFO ] [init:48]	ready process init ok. max request queue size: 4 
[18:58:35.260] [24712] [INFO ] [init:263]	INIT ready processor done ! 
[18:58:35.260] [24712] [INFO ] [init:269]	Mpc engine init success. 
[18:58:35.260] [24727] [INFO ] [popCommitTask:127]	to POP a commit task, task size: 0  ... 
[18:58:35.260] [24712] [INFO ] [Java_com_juzix_jugo_node_jni_NativeInterface_setDataLogLevel:155]	init the log to level: 3, data log state: 0 
[18:58:40.572] [24724] [WARN ] [MpcMemPool:42]	the mempool construction, size: 134217728, mem: 0x7f1002d3c010 
[18:58:41.799] [24719] [ERROR] [consumeBuffer:363]	====> the first buffer seq: 1 
[18:58:41.801] [24717] [ERROR] [consumeBuffer:363]	====> the first buffer seq: 1 
[18:58:41.801] [24718] [ERROR] [consumeBuffer:363]	====> the first buffer seq: 1 
[19:04:24.654] [24724] [ERROR] [error:157]	got error busi back: a758fb68-87dd-4ba8-aa73-28af56157c1e, code: 1007 
[19:04:24.654] [24724] [WARN ] [error:167]	busi err back, erase task failed, cannot find cache task: a758fb68-87dd-4ba8-aa73-28af56157c1e !  [THE user: test001] 
[19:04:24.655] [10174] [ERROR] [error:157]	got error busi back: 65e326cc-f11e-47e9-aa89-2dd07f0fc3d3, code: 1007 
[19:04:24.655] [10174] [WARN ] [error:167]	busi err back, erase task failed, cannot find cache task: 65e326cc-f11e-47e9-aa89-2dd07f0fc3d3 !  [THE user: test001] 
[19:04:24.656] [24724] [ERROR] [error:157]	got error busi back: 10ab5684-74dc-4597-aa14-edb1912fff66, code: 1007 
[19:04:24.656] [24724] [WARN ] [error:167]	busi err back, erase task failed, cannot find cache task: 10ab5684-74dc-4597-aa14-edb1912fff66 !  [THE user: test001] 
[19:04:24.657] [10174] [ERROR] [error:157]	got error busi back: bdec3121-4da9-4f8b-bf2f-29c83c50f20f, code: 1007 
[19:04:24.657] [10174] [WARN ] [error:167]	busi err back, erase task failed, cannot find cache task: bdec3121-4da9-4f8b-bf2f-29c83c50f20f !  [THE user: test001] 
[19:04:24.657] [24724] [ERROR] [error:157]	got error busi back: 599f2e9a-460e-4745-a431-63f1a9318e75, code: 1007 
[19:04:24.657] [24724] [WARN ] [error:167]	busi err back, erase task failed, cannot find cache task: 599f2e9a-460e-4745-a431-63f1a9318e75 !  [THE user: test001] 
[19:04:24.658] [10174] [ERROR] [error:157]	got error busi back: b5564c12-1b7b-46a3-a977-fa0a1d942301, code: 1007 
[19:04:24.658] [10174] [WARN ] [error:167]	busi err back, erase task failed, cannot find cache task: b5564c12-1b7b-46a3-a977-fa0a1d942301 !  [THE user: test001] 
[19:04:24.658] [24724] [ERROR] [error:157]	got error busi back: 3a6998e3-4d83-4b64-88a9-5863046b5ede, code: 1007 
[19:04:24.659] [24724] [WARN ] [error:167]	busi err back, erase task failed, cannot find cache task: 3a6998e3-4d83-4b64-88a9-5863046b5ede !  [THE user: test001] 
[19:04:24.659] [10174] [ERROR] [error:157]	got error busi back: 2ba25aa1-fc9d-4103-91ad-feb705a9e698, code: 1007 
[19:04:24.659] [10174] [WARN ] [error:167]	busi err back, erase task failed, cannot find cache task: 2ba25aa1-fc9d-4103-91ad-feb705a9e698 !  [THE user: test001] 
[19:04:24.660] [24724] [ERROR] [error:157]	got error busi back: 5c033499-96fe-4184-908e-c4c3ccddb7f2, code: 1007 
[19:04:24.660] [24724] [WARN ] [error:167]	busi err back, erase task failed, cannot find cache task: 5c033499-96fe-4184-908e-c4c3ccddb7f2 !  [THE user: test001] 
[19:04:24.660] [10174] [ERROR] [error:157]	got error busi back: 5edb3deb-5679-45c4-af8e-7a766763231d, code: 1007 
[19:04:24.660] [10174] [WARN ] [error:167]	busi err back, erase task failed, cannot find cache task: 5edb3deb-5679-45c4-af8e-7a766763231d !  [THE user: test001] 
[19:04:24.661] [24724] [ERROR] [error:157]	got error busi back: 27aa2967-ea70-4656-99cd-3f8858454c9d, code: 1007 
[19:04:24.661] [24724] [WARN ] [error:167]	busi err back, erase task failed, cannot find cache task: 27aa2967-ea70-4656-99cd-3f8858454c9d !  [THE user: test001] 
[19:04:24.662] [10174] [ERROR] [error:157]	got error busi back: 59578f7d-4e37-453a-b744-da9c7955eee9, code: 1007 
[19:04:24.662] [10174] [WARN ] [error:167]	busi err back, erase task failed, cannot find cache task: 59578f7d-4e37-453a-b744-da9c7955eee9 !  [THE user: test001] 
[19:04:24.662] [24724] [ERROR] [error:157]	got error busi back: cf3f91b7-dd8d-4024-8737-52689f2aa5f8, code: 1007 
[19:04:24.662] [24724] [WARN ] [error:167]	busi err back, erase task failed, cannot find cache task: cf3f91b7-dd8d-4024-8737-52689f2aa5f8 !  [THE user: test001] 
[19:04:24.663] [10174] [ERROR] [error:157]	got error busi back: 908007e8-a282-4bb3-9c3b-3b1417e19f3c, code: 1007 
[19:04:24.663] [10174] [WARN ] [error:167]	busi err back, erase task failed, cannot find cache task: 908007e8-a282-4bb3-9c3b-3b1417e19f3c !  [THE user: test001] 
[19:04:24.663] [24724] [ERROR] [error:157]	got error busi back: a926fc2b-504d-4761-b0bf-47e08060e938, code: 1007 
[19:04:24.663] [24724] [WARN ] [error:167]	busi err back, erase task failed, cannot find cache task: a926fc2b-504d-4761-b0bf-47e08060e938 !  [THE user: test001] 
[19:04:24.664] [10174] [ERROR] [error:157]	got error busi back: e7e1f08b-4ba6-4215-a894-25a0aeeb7396, code: 1007 
[19:04:24.664] [10174] [WARN ] [error:167]	busi err back, erase task failed, cannot find cache task: e7e1f08b-4ba6-4215-a894-25a0aeeb7396 !  [THE user: test001] 
[19:04:24.665] [24724] [ERROR] [error:157]	got error busi back: e5bdd831-07e3-4a30-82ec-7c96609d8869, code: 1007 
[19:04:24.665] [24724] [WARN ] [error:167]	busi err back, erase task failed, cannot find cache task: e5bdd831-07e3-4a30-82ec-7c96609d8869 !  [THE user: test001] 
[19:04:24.665] [10174] [ERROR] [error:157]	got error busi back: f1fac291-a6bb-46a7-8374-ba9371e64352, code: 1007 
[19:04:24.665] [10174] [WARN ] [error:167]	busi err back, erase task failed, cannot find cache task: f1fac291-a6bb-46a7-8374-ba9371e64352 !  [THE user: test001] 
[19:04:24.666] [24724] [ERROR] [error:157]	got error busi back: b736587d-9a3f-46a5-b380-5d2001483bf7, code: 1007 
[19:04:24.666] [24724] [WARN ] [error:167]	busi err back, erase task failed, cannot find cache task: b736587d-9a3f-46a5-b380-5d2001483bf7 !  [THE user: test001] 
[19:04:24.666] [10174] [ERROR] [error:157]	got error busi back: 5a52949b-4c9e-4d4f-9371-195de7f401af, code: 1007 
[19:04:24.666] [10174] [WARN ] [error:167]	busi err back, erase task failed, cannot find cache task: 5a52949b-4c9e-4d4f-9371-195de7f401af !  [THE user: test001] 
[19:04:24.667] [24724] [ERROR] [error:157]	got error busi back: ba5cfd98-b4b1-4718-9a90-258209a9c66a, code: 1007 
[19:04:24.667] [24724] [WARN ] [error:167]	busi err back, erase task failed, cannot find cache task: ba5cfd98-b4b1-4718-9a90-258209a9c66a !  [THE user: test001] 
[19:04:24.667] [10174] [ERROR] [error:157]	got error busi back: 091b0d01-ffb3-485f-9b51-9c41da6cd70c, code: 1007 
[19:04:24.667] [10174] [WARN ] [error:167]	busi err back, erase task failed, cannot find cache task: 091b0d01-ffb3-485f-9b51-9c41da6cd70c !  [THE user: test001] 
[19:04:24.668] [24724] [ERROR] [error:157]	got error busi back: 0250274b-8c5c-4187-b4c7-7accdb6ef9b5, code: 1007 
[19:04:24.668] [24724] [WARN ] [error:167]	busi err back, erase task failed, cannot find cache task: 0250274b-8c5c-4187-b4c7-7accdb6ef9b5 !  [THE user: test001] 
[19:04:24.669] [10174] [ERROR] [error:157]	got error busi back: 18891c90-06df-4a9c-89ae-92b665d10bb8, code: 1007 
[19:04:24.669] [10174] [WARN ] [error:167]	busi err back, erase task failed, cannot find cache task: 18891c90-06df-4a9c-89ae-92b665d10bb8 !  [THE user: test001] 
[19:04:24.669] [24724] [ERROR] [error:157]	got error busi back: 8875d4e6-9d9d-4163-a7be-366519e67036, code: 1007 
[19:04:24.669] [24724] [WARN ] [error:167]	busi err back, erase task failed, cannot find cache task: 8875d4e6-9d9d-4163-a7be-366519e67036 !  [THE user: test001] 
[19:04:24.670] [10174] [ERROR] [error:157]	got error busi back: 6ec76a0d-40f4-406b-9a8e-843646dc031b, code: 1007 
[19:04:24.670] [10174] [WARN ] [error:167]	busi err back, erase task failed, cannot find cache task: 6ec76a0d-40f4-406b-9a8e-843646dc031b !  [THE user: test001] 
[19:04:24.670] [24724] [ERROR] [error:157]	got error busi back: 08cc42f0-636a-467c-b05a-8286e1653dc4, code: 1007 
[19:04:24.670] [24724] [WARN ] [error:167]	busi err back, erase task failed, cannot find cache task: 08cc42f0-636a-467c-b05a-8286e1653dc4 !  [THE user: test001] 
[19:04:24.671] [10174] [ERROR] [error:157]	got error busi back: 07deee8a-db89-4d09-ad34-7397c7e1645a, code: 1007 
[19:04:24.671] [10174] [WARN ] [error:167]	busi err back, erase task failed, cannot find cache task: 07deee8a-db89-4d09-ad34-7397c7e1645a !  [THE user: test001] 
[19:04:24.671] [24724] [ERROR] [error:157]	got error busi back: 22514f07-4ef7-4313-ba2c-53d6acf47333, code: 1007 
[19:04:24.671] [24724] [WARN ] [error:167]	busi err back, erase task failed, cannot find cache task: 22514f07-4ef7-4313-ba2c-53d6acf47333 !  [THE user: test001] 
[19:04:24.672] [10174] [ERROR] [error:157]	got error busi back: c0366b40-c2a9-48b8-a033-09f63005f952, code: 1007 
[19:04:24.672] [10174] [WARN ] [error:167]	busi err back, erase task failed, cannot find cache task: c0366b40-c2a9-48b8-a033-09f63005f952 !  [THE user: test001] 
[19:04:24.673] [24724] [ERROR] [error:157]	got error busi back: 47e65463-a686-401c-8faf-a2ee65631864, code: 1007 
[19:04:24.673] [24724] [WARN ] [error:167]	busi err back, erase task failed, cannot find cache task: 47e65463-a686-401c-8faf-a2ee65631864 !  [THE user: test001] 
[19:04:24.673] [10174] [ERROR] [error:157]	got error busi back: 33648fc1-05bc-462b-9e61-2d6ee7263dba, code: 1007 
[19:04:24.673] [10174] [WARN ] [error:167]	busi err back, erase task failed, cannot find cache task: 33648fc1-05bc-462b-9e61-2d6ee7263dba !  [THE user: test001] 
[19:04:24.674] [24724] [ERROR] [error:157]	got error busi back: 244ef96d-8541-41e1-b5a3-028c73dad48a, code: 1007 
[19:04:24.674] [24724] [WARN ] [error:167]	busi err back, erase task failed, cannot find cache task: 244ef96d-8541-41e1-b5a3-028c73dad48a !  [THE user: test001] 
[19:04:24.674] [10174] [ERROR] [error:157]	got error busi back: f75aa62d-36f6-4864-bf77-dcb7f47f271a, code: 1007 
[19:04:24.674] [10174] [WARN ] [error:167]	busi err back, erase task failed, cannot find cache task: f75aa62d-36f6-4864-bf77-dcb7f47f271a !  [THE user: test001] 
[19:04:24.675] [24724] [ERROR] [error:157]	got error busi back: aef17056-e04f-475d-8cc0-35f5e5e0a38a, code: 1007 
[19:04:24.675] [24724] [WARN ] [error:167]	busi err back, erase task failed, cannot find cache task: aef17056-e04f-475d-8cc0-35f5e5e0a38a !  [THE user: test001] 
[19:04:24.676] [10174] [ERROR] [error:157]	got error busi back: 308037b6-4eff-4249-a707-abbabcabb8a8, code: 1007 
[19:04:24.676] [10174] [WARN ] [error:167]	busi err back, erase task failed, cannot find cache task: 308037b6-4eff-4249-a707-abbabcabb8a8 !  [THE user: test001] 
[19:04:24.676] [24724] [ERROR] [error:157]	got error busi back: 6d0f588d-3587-4c0f-848b-e7e25cd5ee6e, code: 1007 
[19:04:24.676] [24724] [WARN ] [error:167]	busi err back, erase task failed, cannot find cache task: 6d0f588d-3587-4c0f-848b-e7e25cd5ee6e !  [THE user: test001] 
[19:04:24.677] [10174] [ERROR] [error:157]	got error busi back: 689cc0f7-e07a-4045-9cf3-a572a0a2cf2d, code: 1007 
[19:04:24.677] [10174] [WARN ] [error:167]	busi err back, erase task failed, cannot find cache task: 689cc0f7-e07a-4045-9cf3-a572a0a2cf2d !  [THE user: test001] 
[19:04:24.678] [24724] [ERROR] [error:157]	got error busi back: 716b0af4-1a76-4894-ab39-01a006955946, code: 1007 
[19:04:24.678] [24724] [WARN ] [error:167]	busi err back, erase task failed, cannot find cache task: 716b0af4-1a76-4894-ab39-01a006955946 !  [THE user: test001] 
[19:04:24.678] [10174] [ERROR] [error:157]	got error busi back: df02463e-efd5-4d64-99aa-e09ff4662ef5, code: 1007 
[19:04:24.678] [10174] [WARN ] [error:167]	busi err back, erase task failed, cannot find cache task: df02463e-efd5-4d64-99aa-e09ff4662ef5 !  [THE user: test001] 
[19:04:24.679] [24724] [ERROR] [error:157]	got error busi back: f48fbbca-b644-459e-b952-112a092e15b5, code: 1007 
[19:04:24.679] [24724] [WARN ] [error:167]	busi err back, erase task failed, cannot find cache task: f48fbbca-b644-459e-b952-112a092e15b5 !  [THE user: test001] 
[19:04:24.680] [10174] [ERROR] [error:157]	got error busi back: 74d4c184-06af-40af-86b0-87b89c1ef06a, code: 1007 
[19:04:24.680] [10174] [WARN ] [error:167]	busi err back, erase task failed, cannot find cache task: 74d4c184-06af-40af-86b0-87b89c1ef06a !  [THE user: test001] 
[19:04:24.680] [24724] [ERROR] [error:157]	got error busi back: d72d3e2d-e106-488d-9300-843d0ba09797, code: 1007 
[19:04:24.680] [24724] [WARN ] [error:167]	busi err back, erase task failed, cannot find cache task: d72d3e2d-e106-488d-9300-843d0ba09797 !  [THE user: test001] 
[19:04:24.681] [10174] [ERROR] [error:157]	got error busi back: 0ba474d0-cdff-4704-be89-de8bfa6d0660, code: 1007 
[19:04:24.681] [10174] [WARN ] [error:167]	busi err back, erase task failed, cannot find cache task: 0ba474d0-cdff-4704-be89-de8bfa6d0660 !  [THE user: test001] 
[19:04:24.682] [24724] [ERROR] [error:157]	got error busi back: e234999b-691b-4ccc-8f54-ba8faf199c5c, code: 1007 
[19:04:24.682] [24724] [WARN ] [error:167]	busi err back, erase task failed, cannot find cache task: e234999b-691b-4ccc-8f54-ba8faf199c5c !  [THE user: test001] 
[19:04:24.682] [10174] [ERROR] [error:157]	got error busi back: 086228cf-a771-4300-97ec-8376681ea113, code: 1007 
[19:04:24.682] [10174] [WARN ] [error:167]	busi err back, erase task failed, cannot find cache task: 086228cf-a771-4300-97ec-8376681ea113 !  [THE user: test001] 
[19:04:24.683] [24724] [ERROR] [error:157]	got error busi back: beb4f556-e2b2-473b-ad4e-7cb90d19264e, code: 1007 
[19:04:24.683] [24724] [WARN ] [error:167]	busi err back, erase task failed, cannot find cache task: beb4f556-e2b2-473b-ad4e-7cb90d19264e !  [THE user: test001] 
[19:04:24.684] [10174] [ERROR] [error:157]	got error busi back: 8fc10e0b-2d75-46c9-aaf7-d557b68d5f38, code: 1007 
[19:04:24.684] [10174] [WARN ] [error:167]	busi err back, erase task failed, cannot find cache task: 8fc10e0b-2d75-46c9-aaf7-d557b68d5f38 !  [THE user: test001] 
[19:04:24.684] [24724] [ERROR] [error:157]	got error busi back: 9fa4bbf2-6051-4165-89c2-d9f75ae2ff4a, code: 1007 
[19:04:24.684] [24724] [WARN ] [error:167]	busi err back, erase task failed, cannot find cache task: 9fa4bbf2-6051-4165-89c2-d9f75ae2ff4a !  [THE user: test001] 
[19:04:24.685] [10174] [ERROR] [error:157]	got error busi back: 60031659-e9ce-4092-8d4b-945df6385041, code: 1007 
[19:04:24.685] [10174] [WARN ] [error:167]	busi err back, erase task failed, cannot find cache task: 60031659-e9ce-4092-8d4b-945df6385041 !  [THE user: test001] 
[19:04:24.686] [24724] [ERROR] [error:157]	got error busi back: 3c02e17f-a864-4caa-a13e-ee06ac0e15dd, code: 1007 
[19:04:24.686] [24724] [WARN ] [error:167]	busi err back, erase task failed, cannot find cache task: 3c02e17f-a864-4caa-a13e-ee06ac0e15dd !  [THE user: test001] 
[19:04:24.687] [10174] [ERROR] [error:157]	got error busi back: 014f8a36-3cfa-4605-b133-9ea0c8471e3c, code: 1007 
[19:04:24.687] [10174] [WARN ] [error:167]	busi err back, erase task failed, cannot find cache task: 014f8a36-3cfa-4605-b133-9ea0c8471e3c !  [THE user: test001] 
[19:04:24.687] [24724] [ERROR] [error:157]	got error busi back: 18fbf605-2c8f-41f6-ac8d-a849d006aee1, code: 1007 
[19:04:24.687] [24724] [WARN ] [error:167]	busi err back, erase task failed, cannot find cache task: 18fbf605-2c8f-41f6-ac8d-a849d006aee1 !  [THE user: test001] 
[19:04:24.688] [10174] [ERROR] [error:157]	got error busi back: 4452d012-3425-499d-9f1f-fea0f036972f, code: 1007 
[19:04:24.688] [10174] [WARN ] [error:167]	busi err back, erase task failed, cannot find cache task: 4452d012-3425-499d-9f1f-fea0f036972f !  [THE user: test001] 
[19:04:24.689] [24724] [ERROR] [error:157]	got error busi back: 7ec9f453-86d0-4c08-9ef8-db504c3250ed, code: 1007 
[19:04:24.689] [24724] [WARN ] [error:167]	busi err back, erase task failed, cannot find cache task: 7ec9f453-86d0-4c08-9ef8-db504c3250ed !  [THE user: test001] 
[19:04:24.690] [10174] [ERROR] [error:157]	got error busi back: 958ac688-65c7-4e25-8b28-0d5635e0b5c9, code: 1007 
[19:04:24.690] [10174] [WARN ] [error:167]	busi err back, erase task failed, cannot find cache task: 958ac688-65c7-4e25-8b28-0d5635e0b5c9 !  [THE user: test001] 
[19:04:24.690] [24724] [ERROR] [error:157]	got error busi back: a8a7fb41-6eca-4f2a-ae5f-59e6983d5f83, code: 1007 
[19:04:24.690] [24724] [WARN ] [error:167]	busi err back, erase task failed, cannot find cache task: a8a7fb41-6eca-4f2a-ae5f-59e6983d5f83 !  [THE user: test001] 
[19:04:24.691] [10174] [ERROR] [error:157]	got error busi back: 16ae256b-7d7b-436e-bf61-7184e8b47fa5, code: 1007 
[19:04:24.691] [10174] [WARN ] [error:167]	busi err back, erase task failed, cannot find cache task: 16ae256b-7d7b-436e-bf61-7184e8b47fa5 !  [THE user: test001] 
[19:04:51.770] [24718] [ERROR] [consumeBuffer:363]	====> the first buffer seq: 1 
[19:04:51.770] [24720] [ERROR] [consumeBuffer:363]	====> the first buffer seq: 1 
[19:04:51.774] [24719] [ERROR] [consumeBuffer:363]	====> the first buffer seq: 1 
[19:07:29.437] [10174] [ERROR] [error:157]	got error busi back: a758fb68-87dd-4ba8-aa73-28af56157c1e, code: 1007 
[19:07:29.437] [10174] [WARN ] [error:167]	busi err back, erase task failed, cannot find cache task: a758fb68-87dd-4ba8-aa73-28af56157c1e !  [THE user: test001] 
[19:07:29.438] [19182] [ERROR] [error:157]	got error busi back: 65e326cc-f11e-47e9-aa89-2dd07f0fc3d3, code: 1007 
[19:07:29.438] [19182] [WARN ] [error:167]	busi err back, erase task failed, cannot find cache task: 65e326cc-f11e-47e9-aa89-2dd07f0fc3d3 !  [THE user: test001] 
[19:07:29.438] [10174] [ERROR] [error:157]	got error busi back: 10ab5684-74dc-4597-aa14-edb1912fff66, code: 1007 
[19:07:29.439] [10174] [WARN ] [error:167]	busi err back, erase task failed, cannot find cache task: 10ab5684-74dc-4597-aa14-edb1912fff66 !  [THE user: test001] 
[19:07:29.439] [19182] [ERROR] [error:157]	got error busi back: bdec3121-4da9-4f8b-bf2f-29c83c50f20f, code: 1007 
[19:07:29.439] [19182] [WARN ] [error:167]	busi err back, erase task failed, cannot find cache task: bdec3121-4da9-4f8b-bf2f-29c83c50f20f !  [THE user: test001] 
[19:07:29.440] [10174] [ERROR] [error:157]	got error busi back: b5564c12-1b7b-46a3-a977-fa0a1d942301, code: 1007 
[19:07:29.440] [10174] [WARN ] [error:167]	busi err back, erase task failed, cannot find cache task: b5564c12-1b7b-46a3-a977-fa0a1d942301 !  [THE user: test001] 
[19:07:29.441] [10174] [ERROR] [error:157]	got error busi back: 599f2e9a-460e-4745-a431-63f1a9318e75, code: 1007 
[19:07:29.441] [10174] [WARN ] [error:167]	busi err back, erase task failed, cannot find cache task: 599f2e9a-460e-4745-a431-63f1a9318e75 !  [THE user: test001] 
[19:07:29.441] [10174] [ERROR] [error:157]	got error busi back: 3a6998e3-4d83-4b64-88a9-5863046b5ede, code: 1007 
[19:07:29.441] [10174] [WARN ] [error:167]	busi err back, erase task failed, cannot find cache task: 3a6998e3-4d83-4b64-88a9-5863046b5ede !  [THE user: test001] 
[19:07:29.442] [10174] [ERROR] [error:157]	got error busi back: 2ba25aa1-fc9d-4103-91ad-feb705a9e698, code: 1007 
[19:07:29.442] [10174] [WARN ] [error:167]	busi err back, erase task failed, cannot find cache task: 2ba25aa1-fc9d-4103-91ad-feb705a9e698 !  [THE user: test001] 
[19:07:29.442] [10174] [ERROR] [error:157]	got error busi back: 5c033499-96fe-4184-908e-c4c3ccddb7f2, code: 1007 
[19:07:29.442] [10174] [WARN ] [error:167]	busi err back, erase task failed, cannot find cache task: 5c033499-96fe-4184-908e-c4c3ccddb7f2 !  [THE user: test001] 
[19:07:29.443] [10174] [ERROR] [error:157]	got error busi back: 5edb3deb-5679-45c4-af8e-7a766763231d, code: 1007 
[19:07:29.443] [10174] [WARN ] [error:167]	busi err back, erase task failed, cannot find cache task: 5edb3deb-5679-45c4-af8e-7a766763231d !  [THE user: test001] 
[19:07:29.443] [10174] [ERROR] [error:157]	got error busi back: 27aa2967-ea70-4656-99cd-3f8858454c9d, code: 1007 
[19:07:29.443] [10174] [WARN ] [error:167]	busi err back, erase task failed, cannot find cache task: 27aa2967-ea70-4656-99cd-3f8858454c9d !  [THE user: test001] 
[19:07:29.444] [10174] [ERROR] [error:157]	got error busi back: 59578f7d-4e37-453a-b744-da9c7955eee9, code: 1007 
[19:07:29.444] [10174] [WARN ] [error:167]	busi err back, erase task failed, cannot find cache task: 59578f7d-4e37-453a-b744-da9c7955eee9 !  [THE user: test001] 
[19:07:29.445] [10174] [ERROR] [error:157]	got error busi back: cf3f91b7-dd8d-4024-8737-52689f2aa5f8, code: 1007 
[19:07:29.445] [10174] [WARN ] [error:167]	busi err back, erase task failed, cannot find cache task: cf3f91b7-dd8d-4024-8737-52689f2aa5f8 !  [THE user: test001] 
[19:07:29.445] [10174] [ERROR] [error:157]	got error busi back: 908007e8-a282-4bb3-9c3b-3b1417e19f3c, code: 1007 
[19:07:29.445] [10174] [WARN ] [error:167]	busi err back, erase task failed, cannot find cache task: 908007e8-a282-4bb3-9c3b-3b1417e19f3c !  [THE user: test001] 
[19:07:29.446] [10174] [ERROR] [error:157]	got error busi back: a926fc2b-504d-4761-b0bf-47e08060e938, code: 1007 
[19:07:29.446] [10174] [WARN ] [error:167]	busi err back, erase task failed, cannot find cache task: a926fc2b-504d-4761-b0bf-47e08060e938 !  [THE user: test001] 
[19:07:29.446] [10174] [ERROR] [error:157]	got error busi back: e7e1f08b-4ba6-4215-a894-25a0aeeb7396, code: 1007 
[19:07:29.446] [10174] [WARN ] [error:167]	busi err back, erase task failed, cannot find cache task: e7e1f08b-4ba6-4215-a894-25a0aeeb7396 !  [THE user: test001] 
[19:07:29.447] [10174] [ERROR] [error:157]	got error busi back: f1fac291-a6bb-46a7-8374-ba9371e64352, code: 1007 
[19:07:29.447] [10174] [WARN ] [error:167]	busi err back, erase task failed, cannot find cache task: f1fac291-a6bb-46a7-8374-ba9371e64352 !  [THE user: test001] 
[19:07:29.447] [10174] [ERROR] [error:157]	got error busi back: e5bdd831-07e3-4a30-82ec-7c96609d8869, code: 1007 
[19:07:29.447] [10174] [WARN ] [error:167]	busi err back, erase task failed, cannot find cache task: e5bdd831-07e3-4a30-82ec-7c96609d8869 !  [THE user: test001] 
[19:07:29.448] [10174] [ERROR] [error:157]	got error busi back: b736587d-9a3f-46a5-b380-5d2001483bf7, code: 1007 
[19:07:29.448] [10174] [WARN ] [error:167]	busi err back, erase task failed, cannot find cache task: b736587d-9a3f-46a5-b380-5d2001483bf7 !  [THE user: test001] 
[19:07:29.448] [10174] [ERROR] [error:157]	got error busi back: 5a52949b-4c9e-4d4f-9371-195de7f401af, code: 1007 
[19:07:29.448] [10174] [WARN ] [error:167]	busi err back, erase task failed, cannot find cache task: 5a52949b-4c9e-4d4f-9371-195de7f401af !  [THE user: test001] 
[19:07:29.449] [10174] [ERROR] [error:157]	got error busi back: ba5cfd98-b4b1-4718-9a90-258209a9c66a, code: 1007 
[19:07:29.449] [10174] [WARN ] [error:167]	busi err back, erase task failed, cannot find cache task: ba5cfd98-b4b1-4718-9a90-258209a9c66a !  [THE user: test001] 
[19:07:29.450] [10174] [ERROR] [error:157]	got error busi back: 091b0d01-ffb3-485f-9b51-9c41da6cd70c, code: 1007 
[19:07:29.450] [10174] [WARN ] [error:167]	busi err back, erase task failed, cannot find cache task: 091b0d01-ffb3-485f-9b51-9c41da6cd70c !  [THE user: test001] 
[19:07:29.450] [10174] [ERROR] [error:157]	got error busi back: 0250274b-8c5c-4187-b4c7-7accdb6ef9b5, code: 1007 
[19:07:29.450] [10174] [WARN ] [error:167]	busi err back, erase task failed, cannot find cache task: 0250274b-8c5c-4187-b4c7-7accdb6ef9b5 !  [THE user: test001] 
[19:07:29.451] [10174] [ERROR] [error:157]	got error busi back: 18891c90-06df-4a9c-89ae-92b665d10bb8, code: 1007 
[19:07:29.451] [10174] [WARN ] [error:167]	busi err back, erase task failed, cannot find cache task: 18891c90-06df-4a9c-89ae-92b665d10bb8 !  [THE user: test001] 
[19:07:29.452] [10174] [ERROR] [error:157]	got error busi back: 8875d4e6-9d9d-4163-a7be-366519e67036, code: 1007 
[19:07:29.452] [10174] [WARN ] [error:167]	busi err back, erase task failed, cannot find cache task: 8875d4e6-9d9d-4163-a7be-366519e67036 !  [THE user: test001] 
[19:07:29.453] [10174] [ERROR] [error:157]	got error busi back: 6ec76a0d-40f4-406b-9a8e-843646dc031b, code: 1007 
[19:07:29.453] [10174] [WARN ] [error:167]	busi err back, erase task failed, cannot find cache task: 6ec76a0d-40f4-406b-9a8e-843646dc031b !  [THE user: test001] 
[19:07:29.453] [10174] [ERROR] [error:157]	got error busi back: 08cc42f0-636a-467c-b05a-8286e1653dc4, code: 1007 
[19:07:29.453] [10174] [WARN ] [error:167]	busi err back, erase task failed, cannot find cache task: 08cc42f0-636a-467c-b05a-8286e1653dc4 !  [THE user: test001] 
[19:07:29.454] [10174] [ERROR] [error:157]	got error busi back: 07deee8a-db89-4d09-ad34-7397c7e1645a, code: 1007 
[19:07:29.454] [10174] [WARN ] [error:167]	busi err back, erase task failed, cannot find cache task: 07deee8a-db89-4d09-ad34-7397c7e1645a !  [THE user: test001] 
[19:07:29.454] [10174] [ERROR] [error:157]	got error busi back: 22514f07-4ef7-4313-ba2c-53d6acf47333, code: 1007 
[19:07:29.454] [10174] [WARN ] [error:167]	busi err back, erase task failed, cannot find cache task: 22514f07-4ef7-4313-ba2c-53d6acf47333 !  [THE user: test001] 
[19:07:29.455] [10174] [ERROR] [error:157]	got error busi back: c0366b40-c2a9-48b8-a033-09f63005f952, code: 1007 
[19:07:29.455] [10174] [WARN ] [error:167]	busi err back, erase task failed, cannot find cache task: c0366b40-c2a9-48b8-a033-09f63005f952 !  [THE user: test001] 
[19:07:29.456] [10174] [ERROR] [error:157]	got error busi back: 47e65463-a686-401c-8faf-a2ee65631864, code: 1007 
[19:07:29.456] [10174] [WARN ] [error:167]	busi err back, erase task failed, cannot find cache task: 47e65463-a686-401c-8faf-a2ee65631864 !  [THE user: test001] 
[19:07:29.456] [10174] [ERROR] [error:157]	got error busi back: 33648fc1-05bc-462b-9e61-2d6ee7263dba, code: 1007 
[19:07:29.456] [10174] [WARN ] [error:167]	busi err back, erase task failed, cannot find cache task: 33648fc1-05bc-462b-9e61-2d6ee7263dba !  [THE user: test001] 
[19:07:29.458] [10174] [ERROR] [error:157]	got error busi back: 244ef96d-8541-41e1-b5a3-028c73dad48a, code: 1007 
[19:07:29.458] [10174] [WARN ] [error:167]	busi err back, erase task failed, cannot find cache task: 244ef96d-8541-41e1-b5a3-028c73dad48a !  [THE user: test001] 
[19:07:29.459] [10174] [ERROR] [error:157]	got error busi back: f75aa62d-36f6-4864-bf77-dcb7f47f271a, code: 1007 
[19:07:29.459] [10174] [WARN ] [error:167]	busi err back, erase task failed, cannot find cache task: f75aa62d-36f6-4864-bf77-dcb7f47f271a !  [THE user: test001] 
[19:07:29.460] [10174] [ERROR] [error:157]	got error busi back: aef17056-e04f-475d-8cc0-35f5e5e0a38a, code: 1007 
[19:07:29.460] [10174] [WARN ] [error:167]	busi err back, erase task failed, cannot find cache task: aef17056-e04f-475d-8cc0-35f5e5e0a38a !  [THE user: test001] 
[19:07:29.460] [10174] [ERROR] [error:157]	got error busi back: 308037b6-4eff-4249-a707-abbabcabb8a8, code: 1007 
[19:07:29.460] [10174] [WARN ] [error:167]	busi err back, erase task failed, cannot find cache task: 308037b6-4eff-4249-a707-abbabcabb8a8 !  [THE user: test001] 
[19:07:29.461] [10174] [ERROR] [error:157]	got error busi back: 6d0f588d-3587-4c0f-848b-e7e25cd5ee6e, code: 1007 
[19:07:29.461] [10174] [WARN ] [error:167]	busi err back, erase task failed, cannot find cache task: 6d0f588d-3587-4c0f-848b-e7e25cd5ee6e !  [THE user: test001] 
[19:07:29.462] [10174] [ERROR] [error:157]	got error busi back: 689cc0f7-e07a-4045-9cf3-a572a0a2cf2d, code: 1007 
[19:07:29.462] [10174] [WARN ] [error:167]	busi err back, erase task failed, cannot find cache task: 689cc0f7-e07a-4045-9cf3-a572a0a2cf2d !  [THE user: test001] 
[19:07:29.462] [10174] [ERROR] [error:157]	got error busi back: 716b0af4-1a76-4894-ab39-01a006955946, code: 1007 
[19:07:29.462] [10174] [WARN ] [error:167]	busi err back, erase task failed, cannot find cache task: 716b0af4-1a76-4894-ab39-01a006955946 !  [THE user: test001] 
[19:07:29.463] [10174] [ERROR] [error:157]	got error busi back: df02463e-efd5-4d64-99aa-e09ff4662ef5, code: 1007 
[19:07:29.463] [10174] [WARN ] [error:167]	busi err back, erase task failed, cannot find cache task: df02463e-efd5-4d64-99aa-e09ff4662ef5 !  [THE user: test001] 
[19:07:29.463] [10174] [ERROR] [error:157]	got error busi back: f48fbbca-b644-459e-b952-112a092e15b5, code: 1007 
[19:07:29.463] [10174] [WARN ] [error:167]	busi err back, erase task failed, cannot find cache task: f48fbbca-b644-459e-b952-112a092e15b5 !  [THE user: test001] 
[19:07:29.464] [10174] [ERROR] [error:157]	got error busi back: 74d4c184-06af-40af-86b0-87b89c1ef06a, code: 1007 
[19:07:29.464] [10174] [WARN ] [error:167]	busi err back, erase task failed, cannot find cache task: 74d4c184-06af-40af-86b0-87b89c1ef06a !  [THE user: test001] 
[19:07:29.464] [10174] [ERROR] [error:157]	got error busi back: d72d3e2d-e106-488d-9300-843d0ba09797, code: 1007 
[19:07:29.465] [10174] [WARN ] [error:167]	busi err back, erase task failed, cannot find cache task: d72d3e2d-e106-488d-9300-843d0ba09797 !  [THE user: test001] 
[19:07:29.465] [10174] [ERROR] [error:157]	got error busi back: 0ba474d0-cdff-4704-be89-de8bfa6d0660, code: 1007 
[19:07:29.465] [10174] [WARN ] [error:167]	busi err back, erase task failed, cannot find cache task: 0ba474d0-cdff-4704-be89-de8bfa6d0660 !  [THE user: test001] 
[19:07:29.466] [10174] [ERROR] [error:157]	got error busi back: e234999b-691b-4ccc-8f54-ba8faf199c5c, code: 1007 
[19:07:29.466] [10174] [WARN ] [error:167]	busi err back, erase task failed, cannot find cache task: e234999b-691b-4ccc-8f54-ba8faf199c5c !  [THE user: test001] 
[19:07:29.466] [10174] [ERROR] [error:157]	got error busi back: 086228cf-a771-4300-97ec-8376681ea113, code: 1007 
[19:07:29.466] [10174] [WARN ] [error:167]	busi err back, erase task failed, cannot find cache task: 086228cf-a771-4300-97ec-8376681ea113 !  [THE user: test001] 
[19:07:29.467] [19182] [ERROR] [error:157]	got error busi back: beb4f556-e2b2-473b-ad4e-7cb90d19264e, code: 1007 
[19:07:29.467] [19182] [WARN ] [error:167]	busi err back, erase task failed, cannot find cache task: beb4f556-e2b2-473b-ad4e-7cb90d19264e !  [THE user: test001] 
[19:07:29.467] [10174] [ERROR] [error:157]	got error busi back: 8fc10e0b-2d75-46c9-aaf7-d557b68d5f38, code: 1007 
[19:07:29.468] [10174] [WARN ] [error:167]	busi err back, erase task failed, cannot find cache task: 8fc10e0b-2d75-46c9-aaf7-d557b68d5f38 !  [THE user: test001] 
[19:07:29.468] [19182] [ERROR] [error:157]	got error busi back: 9fa4bbf2-6051-4165-89c2-d9f75ae2ff4a, code: 1007 
[19:07:29.468] [19182] [WARN ] [error:167]	busi err back, erase task failed, cannot find cache task: 9fa4bbf2-6051-4165-89c2-d9f75ae2ff4a !  [THE user: test001] 
[19:07:29.469] [10174] [ERROR] [error:157]	got error busi back: 60031659-e9ce-4092-8d4b-945df6385041, code: 1007 
[19:07:29.469] [10174] [WARN ] [error:167]	busi err back, erase task failed, cannot find cache task: 60031659-e9ce-4092-8d4b-945df6385041 !  [THE user: test001] 
[19:07:29.469] [19182] [ERROR] [error:157]	got error busi back: 3c02e17f-a864-4caa-a13e-ee06ac0e15dd, code: 1007 
[19:07:29.469] [19182] [WARN ] [error:167]	busi err back, erase task failed, cannot find cache task: 3c02e17f-a864-4caa-a13e-ee06ac0e15dd !  [THE user: test001] 
[19:07:29.470] [10174] [ERROR] [error:157]	got error busi back: 014f8a36-3cfa-4605-b133-9ea0c8471e3c, code: 1007 
[19:07:29.470] [10174] [WARN ] [error:167]	busi err back, erase task failed, cannot find cache task: 014f8a36-3cfa-4605-b133-9ea0c8471e3c !  [THE user: test001] 
[19:07:29.471] [19182] [ERROR] [error:157]	got error busi back: 4452d012-3425-499d-9f1f-fea0f036972f, code: 1007 
[19:07:29.471] [19182] [WARN ] [error:167]	busi err back, erase task failed, cannot find cache task: 4452d012-3425-499d-9f1f-fea0f036972f !  [THE user: test001] 
[19:07:29.471] [10174] [ERROR] [error:157]	got error busi back: 18fbf605-2c8f-41f6-ac8d-a849d006aee1, code: 1007 
[19:07:29.471] [10174] [WARN ] [error:167]	busi err back, erase task failed, cannot find cache task: 18fbf605-2c8f-41f6-ac8d-a849d006aee1 !  [THE user: test001] 
[19:07:29.472] [19182] [ERROR] [error:157]	got error busi back: 7ec9f453-86d0-4c08-9ef8-db504c3250ed, code: 1007 
[19:07:29.472] [19182] [WARN ] [error:167]	busi err back, erase task failed, cannot find cache task: 7ec9f453-86d0-4c08-9ef8-db504c3250ed !  [THE user: test001] 
[19:07:29.472] [10174] [ERROR] [error:157]	got error busi back: 958ac688-65c7-4e25-8b28-0d5635e0b5c9, code: 1007 
[19:07:29.472] [10174] [WARN ] [error:167]	busi err back, erase task failed, cannot find cache task: 958ac688-65c7-4e25-8b28-0d5635e0b5c9 !  [THE user: test001] 
[19:07:29.473] [19182] [ERROR] [error:157]	got error busi back: a8a7fb41-6eca-4f2a-ae5f-59e6983d5f83, code: 1007 
[19:07:29.473] [19182] [WARN ] [error:167]	busi err back, erase task failed, cannot find cache task: a8a7fb41-6eca-4f2a-ae5f-59e6983d5f83 !  [THE user: test001] 
[19:07:29.474] [10174] [ERROR] [error:157]	got error busi back: 16ae256b-7d7b-436e-bf61-7184e8b47fa5, code: 1007 
[19:07:29.474] [10174] [WARN ] [error:167]	busi err back, erase task failed, cannot find cache task: 16ae256b-7d7b-436e-bf61-7184e8b47fa5 !  [THE user: test001] 
[19:07:46.920] [24720] [ERROR] [consumeBuffer:363]	====> the first buffer seq: 1 
[19:07:46.921] [24718] [ERROR] [consumeBuffer:363]	====> the first buffer seq: 1 
[19:07:46.923] [24717] [ERROR] [consumeBuffer:363]	====> the first buffer seq: 1 
[19:15:24.109] [19182] [ERROR] [error:157]	got error busi back: a758fb68-87dd-4ba8-aa73-28af56157c1e, code: 1007 
[19:15:24.109] [19182] [WARN ] [error:167]	busi err back, erase task failed, cannot find cache task: a758fb68-87dd-4ba8-aa73-28af56157c1e !  [THE user: test001] 
[19:15:24.111] [10452] [ERROR] [error:157]	got error busi back: 65e326cc-f11e-47e9-aa89-2dd07f0fc3d3, code: 1007 
[19:15:24.111] [10452] [WARN ] [error:167]	busi err back, erase task failed, cannot find cache task: 65e326cc-f11e-47e9-aa89-2dd07f0fc3d3 !  [THE user: test001] 
[19:15:24.112] [19182] [ERROR] [error:157]	got error busi back: 10ab5684-74dc-4597-aa14-edb1912fff66, code: 1007 
[19:15:24.112] [19182] [WARN ] [error:167]	busi err back, erase task failed, cannot find cache task: 10ab5684-74dc-4597-aa14-edb1912fff66 !  [THE user: test001] 
[19:15:24.113] [10452] [ERROR] [error:157]	got error busi back: bdec3121-4da9-4f8b-bf2f-29c83c50f20f, code: 1007 
[19:15:24.113] [10452] [WARN ] [error:167]	busi err back, erase task failed, cannot find cache task: bdec3121-4da9-4f8b-bf2f-29c83c50f20f !  [THE user: test001] 
[19:15:24.114] [19182] [ERROR] [error:157]	got error busi back: 599f2e9a-460e-4745-a431-63f1a9318e75, code: 1007 
[19:15:24.114] [19182] [WARN ] [error:167]	busi err back, erase task failed, cannot find cache task: 599f2e9a-460e-4745-a431-63f1a9318e75 !  [THE user: test001] 
[19:15:24.114] [10452] [ERROR] [error:157]	got error busi back: b5564c12-1b7b-46a3-a977-fa0a1d942301, code: 1007 
[19:15:24.114] [10452] [WARN ] [error:167]	busi err back, erase task failed, cannot find cache task: b5564c12-1b7b-46a3-a977-fa0a1d942301 !  [THE user: test001] 
[19:15:24.115] [19182] [ERROR] [error:157]	got error busi back: 3a6998e3-4d83-4b64-88a9-5863046b5ede, code: 1007 
[19:15:24.115] [19182] [WARN ] [error:167]	busi err back, erase task failed, cannot find cache task: 3a6998e3-4d83-4b64-88a9-5863046b5ede !  [THE user: test001] 
[19:15:24.116] [10452] [ERROR] [error:157]	got error busi back: 2ba25aa1-fc9d-4103-91ad-feb705a9e698, code: 1007 
[19:15:24.116] [10452] [WARN ] [error:167]	busi err back, erase task failed, cannot find cache task: 2ba25aa1-fc9d-4103-91ad-feb705a9e698 !  [THE user: test001] 
[19:15:24.116] [19182] [ERROR] [error:157]	got error busi back: 5c033499-96fe-4184-908e-c4c3ccddb7f2, code: 1007 
[19:15:24.116] [19182] [WARN ] [error:167]	busi err back, erase task failed, cannot find cache task: 5c033499-96fe-4184-908e-c4c3ccddb7f2 !  [THE user: test001] 
[19:15:24.117] [10452] [ERROR] [error:157]	got error busi back: 5edb3deb-5679-45c4-af8e-7a766763231d, code: 1007 
[19:15:24.117] [10452] [WARN ] [error:167]	busi err back, erase task failed, cannot find cache task: 5edb3deb-5679-45c4-af8e-7a766763231d !  [THE user: test001] 
[19:15:24.118] [19182] [ERROR] [error:157]	got error busi back: 27aa2967-ea70-4656-99cd-3f8858454c9d, code: 1007 
[19:15:24.118] [19182] [WARN ] [error:167]	busi err back, erase task failed, cannot find cache task: 27aa2967-ea70-4656-99cd-3f8858454c9d !  [THE user: test001] 
[19:15:24.119] [10452] [ERROR] [error:157]	got error busi back: 59578f7d-4e37-453a-b744-da9c7955eee9, code: 1007 
[19:15:24.119] [10452] [WARN ] [error:167]	busi err back, erase task failed, cannot find cache task: 59578f7d-4e37-453a-b744-da9c7955eee9 !  [THE user: test001] 
[19:15:24.119] [19182] [ERROR] [error:157]	got error busi back: cf3f91b7-dd8d-4024-8737-52689f2aa5f8, code: 1007 
[19:15:24.119] [19182] [WARN ] [error:167]	busi err back, erase task failed, cannot find cache task: cf3f91b7-dd8d-4024-8737-52689f2aa5f8 !  [THE user: test001] 
[19:15:24.120] [10452] [ERROR] [error:157]	got error busi back: 908007e8-a282-4bb3-9c3b-3b1417e19f3c, code: 1007 
[19:15:24.120] [10452] [WARN ] [error:167]	busi err back, erase task failed, cannot find cache task: 908007e8-a282-4bb3-9c3b-3b1417e19f3c !  [THE user: test001] 
[19:15:24.121] [19182] [ERROR] [error:157]	got error busi back: a926fc2b-504d-4761-b0bf-47e08060e938, code: 1007 
[19:15:24.121] [19182] [WARN ] [error:167]	busi err back, erase task failed, cannot find cache task: a926fc2b-504d-4761-b0bf-47e08060e938 !  [THE user: test001] 
[19:15:24.122] [10452] [ERROR] [error:157]	got error busi back: e7e1f08b-4ba6-4215-a894-25a0aeeb7396, code: 1007 
[19:15:24.122] [10452] [WARN ] [error:167]	busi err back, erase task failed, cannot find cache task: e7e1f08b-4ba6-4215-a894-25a0aeeb7396 !  [THE user: test001] 
[19:15:24.122] [19182] [ERROR] [error:157]	got error busi back: e5bdd831-07e3-4a30-82ec-7c96609d8869, code: 1007 
[19:15:24.122] [19182] [WARN ] [error:167]	busi err back, erase task failed, cannot find cache task: e5bdd831-07e3-4a30-82ec-7c96609d8869 !  [THE user: test001] 
[19:15:24.126] [10452] [ERROR] [error:157]	got error busi back: f1fac291-a6bb-46a7-8374-ba9371e64352, code: 1007 
[19:15:24.126] [10452] [WARN ] [error:167]	busi err back, erase task failed, cannot find cache task: f1fac291-a6bb-46a7-8374-ba9371e64352 !  [THE user: test001] 
[19:15:24.127] [19182] [ERROR] [error:157]	got error busi back: b736587d-9a3f-46a5-b380-5d2001483bf7, code: 1007 
[19:15:24.127] [19182] [WARN ] [error:167]	busi err back, erase task failed, cannot find cache task: b736587d-9a3f-46a5-b380-5d2001483bf7 !  [THE user: test001] 
[19:15:24.127] [10452] [ERROR] [error:157]	got error busi back: 5a52949b-4c9e-4d4f-9371-195de7f401af, code: 1007 
[19:15:24.127] [10452] [WARN ] [error:167]	busi err back, erase task failed, cannot find cache task: 5a52949b-4c9e-4d4f-9371-195de7f401af !  [THE user: test001] 
[19:15:24.128] [19182] [ERROR] [error:157]	got error busi back: ba5cfd98-b4b1-4718-9a90-258209a9c66a, code: 1007 
[19:15:24.128] [19182] [WARN ] [error:167]	busi err back, erase task failed, cannot find cache task: ba5cfd98-b4b1-4718-9a90-258209a9c66a !  [THE user: test001] 
[19:15:24.128] [10452] [ERROR] [error:157]	got error busi back: 091b0d01-ffb3-485f-9b51-9c41da6cd70c, code: 1007 
[19:15:24.128] [10452] [WARN ] [error:167]	busi err back, erase task failed, cannot find cache task: 091b0d01-ffb3-485f-9b51-9c41da6cd70c !  [THE user: test001] 
[19:15:24.129] [19182] [ERROR] [error:157]	got error busi back: 0250274b-8c5c-4187-b4c7-7accdb6ef9b5, code: 1007 
[19:15:24.129] [19182] [WARN ] [error:167]	busi err back, erase task failed, cannot find cache task: 0250274b-8c5c-4187-b4c7-7accdb6ef9b5 !  [THE user: test001] 
[19:15:24.129] [10452] [ERROR] [error:157]	got error busi back: 18891c90-06df-4a9c-89ae-92b665d10bb8, code: 1007 
[19:15:24.129] [10452] [WARN ] [error:167]	busi err back, erase task failed, cannot find cache task: 18891c90-06df-4a9c-89ae-92b665d10bb8 !  [THE user: test001] 
[19:15:24.130] [19182] [ERROR] [error:157]	got error busi back: 8875d4e6-9d9d-4163-a7be-366519e67036, code: 1007 
[19:15:24.130] [19182] [WARN ] [error:167]	busi err back, erase task failed, cannot find cache task: 8875d4e6-9d9d-4163-a7be-366519e67036 !  [THE user: test001] 
[19:15:24.131] [10452] [ERROR] [error:157]	got error busi back: 6ec76a0d-40f4-406b-9a8e-843646dc031b, code: 1007 
[19:15:24.131] [10452] [WARN ] [error:167]	busi err back, erase task failed, cannot find cache task: 6ec76a0d-40f4-406b-9a8e-843646dc031b !  [THE user: test001] 
[19:15:24.131] [19182] [ERROR] [error:157]	got error busi back: 08cc42f0-636a-467c-b05a-8286e1653dc4, code: 1007 
[19:15:24.131] [19182] [WARN ] [error:167]	busi err back, erase task failed, cannot find cache task: 08cc42f0-636a-467c-b05a-8286e1653dc4 !  [THE user: test001] 
[19:15:24.132] [10452] [ERROR] [error:157]	got error busi back: 07deee8a-db89-4d09-ad34-7397c7e1645a, code: 1007 
[19:15:24.132] [10452] [WARN ] [error:167]	busi err back, erase task failed, cannot find cache task: 07deee8a-db89-4d09-ad34-7397c7e1645a !  [THE user: test001] 
[19:15:24.133] [19182] [ERROR] [error:157]	got error busi back: 22514f07-4ef7-4313-ba2c-53d6acf47333, code: 1007 
[19:15:24.133] [19182] [WARN ] [error:167]	busi err back, erase task failed, cannot find cache task: 22514f07-4ef7-4313-ba2c-53d6acf47333 !  [THE user: test001] 
[19:15:24.133] [10452] [ERROR] [error:157]	got error busi back: c0366b40-c2a9-48b8-a033-09f63005f952, code: 1007 
[19:15:24.133] [10452] [WARN ] [error:167]	busi err back, erase task failed, cannot find cache task: c0366b40-c2a9-48b8-a033-09f63005f952 !  [THE user: test001] 
[19:15:24.134] [19182] [ERROR] [error:157]	got error busi back: 47e65463-a686-401c-8faf-a2ee65631864, code: 1007 
[19:15:24.134] [19182] [WARN ] [error:167]	busi err back, erase task failed, cannot find cache task: 47e65463-a686-401c-8faf-a2ee65631864 !  [THE user: test001] 
[19:15:24.135] [10452] [ERROR] [error:157]	got error busi back: 33648fc1-05bc-462b-9e61-2d6ee7263dba, code: 1007 
[19:15:24.135] [10452] [WARN ] [error:167]	busi err back, erase task failed, cannot find cache task: 33648fc1-05bc-462b-9e61-2d6ee7263dba !  [THE user: test001] 
[19:15:24.136] [19182] [ERROR] [error:157]	got error busi back: 244ef96d-8541-41e1-b5a3-028c73dad48a, code: 1007 
[19:15:24.136] [19182] [WARN ] [error:167]	busi err back, erase task failed, cannot find cache task: 244ef96d-8541-41e1-b5a3-028c73dad48a !  [THE user: test001] 
[19:15:24.137] [10452] [ERROR] [error:157]	got error busi back: f75aa62d-36f6-4864-bf77-dcb7f47f271a, code: 1007 
[19:15:24.137] [10452] [WARN ] [error:167]	busi err back, erase task failed, cannot find cache task: f75aa62d-36f6-4864-bf77-dcb7f47f271a !  [THE user: test001] 
[19:15:24.137] [19182] [ERROR] [error:157]	got error busi back: 308037b6-4eff-4249-a707-abbabcabb8a8, code: 1007 
[19:15:24.137] [19182] [WARN ] [error:167]	busi err back, erase task failed, cannot find cache task: 308037b6-4eff-4249-a707-abbabcabb8a8 !  [THE user: test001] 
[19:15:24.138] [10452] [ERROR] [error:157]	got error busi back: aef17056-e04f-475d-8cc0-35f5e5e0a38a, code: 1007 
[19:15:24.138] [10452] [WARN ] [error:167]	busi err back, erase task failed, cannot find cache task: aef17056-e04f-475d-8cc0-35f5e5e0a38a !  [THE user: test001] 
[19:15:24.139] [19182] [ERROR] [error:157]	got error busi back: 689cc0f7-e07a-4045-9cf3-a572a0a2cf2d, code: 1007 
[19:15:24.139] [19182] [WARN ] [error:167]	busi err back, erase task failed, cannot find cache task: 689cc0f7-e07a-4045-9cf3-a572a0a2cf2d !  [THE user: test001] 
[19:15:24.139] [10452] [ERROR] [error:157]	got error busi back: 6d0f588d-3587-4c0f-848b-e7e25cd5ee6e, code: 1007 
[19:15:24.139] [10452] [WARN ] [error:167]	busi err back, erase task failed, cannot find cache task: 6d0f588d-3587-4c0f-848b-e7e25cd5ee6e !  [THE user: test001] 
[19:15:24.140] [19182] [ERROR] [error:157]	got error busi back: 716b0af4-1a76-4894-ab39-01a006955946, code: 1007 
[19:15:24.140] [19182] [WARN ] [error:167]	busi err back, erase task failed, cannot find cache task: 716b0af4-1a76-4894-ab39-01a006955946 !  [THE user: test001] 
[19:15:24.140] [10452] [ERROR] [error:157]	got error busi back: df02463e-efd5-4d64-99aa-e09ff4662ef5, code: 1007 
[19:15:24.140] [10452] [WARN ] [error:167]	busi err back, erase task failed, cannot find cache task: df02463e-efd5-4d64-99aa-e09ff4662ef5 !  [THE user: test001] 
[19:15:24.141] [19182] [ERROR] [error:157]	got error busi back: f48fbbca-b644-459e-b952-112a092e15b5, code: 1007 
[19:15:24.141] [19182] [WARN ] [error:167]	busi err back, erase task failed, cannot find cache task: f48fbbca-b644-459e-b952-112a092e15b5 !  [THE user: test001] 
[19:15:24.142] [10452] [ERROR] [error:157]	got error busi back: 74d4c184-06af-40af-86b0-87b89c1ef06a, code: 1007 
[19:15:24.142] [10452] [WARN ] [error:167]	busi err back, erase task failed, cannot find cache task: 74d4c184-06af-40af-86b0-87b89c1ef06a !  [THE user: test001] 
[19:15:24.144] [19182] [ERROR] [error:157]	got error busi back: d72d3e2d-e106-488d-9300-843d0ba09797, code: 1007 
[19:15:24.144] [19182] [WARN ] [error:167]	busi err back, erase task failed, cannot find cache task: d72d3e2d-e106-488d-9300-843d0ba09797 !  [THE user: test001] 
[19:15:24.146] [10452] [ERROR] [error:157]	got error busi back: 0ba474d0-cdff-4704-be89-de8bfa6d0660, code: 1007 
[19:15:24.146] [10452] [WARN ] [error:167]	busi err back, erase task failed, cannot find cache task: 0ba474d0-cdff-4704-be89-de8bfa6d0660 !  [THE user: test001] 
[19:15:24.146] [19182] [ERROR] [error:157]	got error busi back: e234999b-691b-4ccc-8f54-ba8faf199c5c, code: 1007 
[19:15:24.146] [19182] [WARN ] [error:167]	busi err back, erase task failed, cannot find cache task: e234999b-691b-4ccc-8f54-ba8faf199c5c !  [THE user: test001] 
[19:15:24.147] [10452] [ERROR] [error:157]	got error busi back: 086228cf-a771-4300-97ec-8376681ea113, code: 1007 
[19:15:24.147] [10452] [WARN ] [error:167]	busi err back, erase task failed, cannot find cache task: 086228cf-a771-4300-97ec-8376681ea113 !  [THE user: test001] 
[19:15:24.147] [19182] [ERROR] [error:157]	got error busi back: 9fa4bbf2-6051-4165-89c2-d9f75ae2ff4a, code: 1007 
[19:15:24.147] [19182] [WARN ] [error:167]	busi err back, erase task failed, cannot find cache task: 9fa4bbf2-6051-4165-89c2-d9f75ae2ff4a !  [THE user: test001] 
[19:15:24.148] [10452] [ERROR] [error:157]	got error busi back: 8fc10e0b-2d75-46c9-aaf7-d557b68d5f38, code: 1007 
[19:15:24.148] [10452] [WARN ] [error:167]	busi err back, erase task failed, cannot find cache task: 8fc10e0b-2d75-46c9-aaf7-d557b68d5f38 !  [THE user: test001] 
[19:15:24.149] [19182] [ERROR] [error:157]	got error busi back: beb4f556-e2b2-473b-ad4e-7cb90d19264e, code: 1007 
[19:15:24.149] [19182] [WARN ] [error:167]	busi err back, erase task failed, cannot find cache task: beb4f556-e2b2-473b-ad4e-7cb90d19264e !  [THE user: test001] 
[19:15:24.149] [10452] [ERROR] [error:157]	got error busi back: 60031659-e9ce-4092-8d4b-945df6385041, code: 1007 
[19:15:24.149] [10452] [WARN ] [error:167]	busi err back, erase task failed, cannot find cache task: 60031659-e9ce-4092-8d4b-945df6385041 !  [THE user: test001] 
[19:15:24.150] [19182] [ERROR] [error:157]	got error busi back: 3c02e17f-a864-4caa-a13e-ee06ac0e15dd, code: 1007 
[19:15:24.150] [19182] [WARN ] [error:167]	busi err back, erase task failed, cannot find cache task: 3c02e17f-a864-4caa-a13e-ee06ac0e15dd !  [THE user: test001] 
[19:15:24.150] [19182] [ERROR] [error:157]	got error busi back: 014f8a36-3cfa-4605-b133-9ea0c8471e3c, code: 1007 
[19:15:24.150] [19182] [WARN ] [error:167]	busi err back, erase task failed, cannot find cache task: 014f8a36-3cfa-4605-b133-9ea0c8471e3c !  [THE user: test001] 
[19:15:24.151] [19182] [ERROR] [error:157]	got error busi back: 4452d012-3425-499d-9f1f-fea0f036972f, code: 1007 
[19:15:24.151] [19182] [WARN ] [error:167]	busi err back, erase task failed, cannot find cache task: 4452d012-3425-499d-9f1f-fea0f036972f !  [THE user: test001] 
[19:15:24.151] [19182] [ERROR] [error:157]	got error busi back: 18fbf605-2c8f-41f6-ac8d-a849d006aee1, code: 1007 
[19:15:24.151] [19182] [WARN ] [error:167]	busi err back, erase task failed, cannot find cache task: 18fbf605-2c8f-41f6-ac8d-a849d006aee1 !  [THE user: test001] 
[19:15:24.152] [19182] [ERROR] [error:157]	got error busi back: 7ec9f453-86d0-4c08-9ef8-db504c3250ed, code: 1007 
[19:15:24.152] [19182] [WARN ] [error:167]	busi err back, erase task failed, cannot find cache task: 7ec9f453-86d0-4c08-9ef8-db504c3250ed !  [THE user: test001] 
[19:15:24.152] [19182] [ERROR] [error:157]	got error busi back: 958ac688-65c7-4e25-8b28-0d5635e0b5c9, code: 1007 
[19:15:24.153] [19182] [WARN ] [error:167]	busi err back, erase task failed, cannot find cache task: 958ac688-65c7-4e25-8b28-0d5635e0b5c9 !  [THE user: test001] 
[19:15:24.153] [19182] [ERROR] [error:157]	got error busi back: a8a7fb41-6eca-4f2a-ae5f-59e6983d5f83, code: 1007 
[19:15:24.153] [19182] [WARN ] [error:167]	busi err back, erase task failed, cannot find cache task: a8a7fb41-6eca-4f2a-ae5f-59e6983d5f83 !  [THE user: test001] 
[19:15:24.154] [19182] [ERROR] [error:157]	got error busi back: 16ae256b-7d7b-436e-bf61-7184e8b47fa5, code: 1007 
[19:15:24.154] [19182] [WARN ] [error:167]	busi err back, erase task failed, cannot find cache task: 16ae256b-7d7b-436e-bf61-7184e8b47fa5 !  [THE user: test001] 
[19:16:59.356] [24719] [ERROR] [consumeBuffer:363]	====> the first buffer seq: 1 
[19:16:59.359] [24717] [ERROR] [consumeBuffer:363]	====> the first buffer seq: 1 
[19:16:59.361] [24720] [ERROR] [consumeBuffer:363]	====> the first buffer seq: 1 
[19:19:01.229] [14762] [ERROR] [error:157]	got error busi back: a758fb68-87dd-4ba8-aa73-28af56157c1e, code: 1007 
[19:19:01.229] [14762] [WARN ] [error:167]	busi err back, erase task failed, cannot find cache task: a758fb68-87dd-4ba8-aa73-28af56157c1e !  [THE user: test001] 
[19:19:01.231] [14762] [ERROR] [error:157]	got error busi back: 65e326cc-f11e-47e9-aa89-2dd07f0fc3d3, code: 1007 
[19:19:01.231] [14762] [WARN ] [error:167]	busi err back, erase task failed, cannot find cache task: 65e326cc-f11e-47e9-aa89-2dd07f0fc3d3 !  [THE user: test001] 
[19:19:01.232] [14762] [ERROR] [error:157]	got error busi back: 10ab5684-74dc-4597-aa14-edb1912fff66, code: 1007 
[19:19:01.232] [14762] [WARN ] [error:167]	busi err back, erase task failed, cannot find cache task: 10ab5684-74dc-4597-aa14-edb1912fff66 !  [THE user: test001] 
[19:19:01.232] [14762] [ERROR] [error:157]	got error busi back: bdec3121-4da9-4f8b-bf2f-29c83c50f20f, code: 1007 
[19:19:01.232] [14762] [WARN ] [error:167]	busi err back, erase task failed, cannot find cache task: bdec3121-4da9-4f8b-bf2f-29c83c50f20f !  [THE user: test001] 
[19:19:01.242] [14762] [ERROR] [error:157]	got error busi back: b5564c12-1b7b-46a3-a977-fa0a1d942301, code: 1007 
[19:19:01.242] [14762] [WARN ] [error:167]	busi err back, erase task failed, cannot find cache task: b5564c12-1b7b-46a3-a977-fa0a1d942301 !  [THE user: test001] 
[19:19:01.243] [14762] [ERROR] [error:157]	got error busi back: 3a6998e3-4d83-4b64-88a9-5863046b5ede, code: 1007 
[19:19:01.243] [14762] [WARN ] [error:167]	busi err back, erase task failed, cannot find cache task: 3a6998e3-4d83-4b64-88a9-5863046b5ede !  [THE user: test001] 
[19:19:01.248] [14762] [ERROR] [error:157]	got error busi back: 599f2e9a-460e-4745-a431-63f1a9318e75, code: 1007 
[19:19:01.248] [14762] [WARN ] [error:167]	busi err back, erase task failed, cannot find cache task: 599f2e9a-460e-4745-a431-63f1a9318e75 !  [THE user: test001] 
[19:19:01.249] [20218] [ERROR] [error:157]	got error busi back: 2ba25aa1-fc9d-4103-91ad-feb705a9e698, code: 1007 
[19:19:01.249] [20218] [WARN ] [error:167]	busi err back, erase task failed, cannot find cache task: 2ba25aa1-fc9d-4103-91ad-feb705a9e698 !  [THE user: test001] 
[19:19:01.249] [14762] [ERROR] [error:157]	got error busi back: 5c033499-96fe-4184-908e-c4c3ccddb7f2, code: 1007 
[19:19:01.249] [14762] [WARN ] [error:167]	busi err back, erase task failed, cannot find cache task: 5c033499-96fe-4184-908e-c4c3ccddb7f2 !  [THE user: test001] 
[19:19:01.250] [20218] [ERROR] [error:157]	got error busi back: 5edb3deb-5679-45c4-af8e-7a766763231d, code: 1007 
[19:19:01.250] [20218] [WARN ] [error:167]	busi err back, erase task failed, cannot find cache task: 5edb3deb-5679-45c4-af8e-7a766763231d !  [THE user: test001] 
[19:19:01.250] [14762] [ERROR] [error:157]	got error busi back: 27aa2967-ea70-4656-99cd-3f8858454c9d, code: 1007 
[19:19:01.250] [14762] [WARN ] [error:167]	busi err back, erase task failed, cannot find cache task: 27aa2967-ea70-4656-99cd-3f8858454c9d !  [THE user: test001] 
[19:19:01.251] [20218] [ERROR] [error:157]	got error busi back: 59578f7d-4e37-453a-b744-da9c7955eee9, code: 1007 
[19:19:01.251] [20218] [WARN ] [error:167]	busi err back, erase task failed, cannot find cache task: 59578f7d-4e37-453a-b744-da9c7955eee9 !  [THE user: test001] 
[19:19:01.252] [14762] [ERROR] [error:157]	got error busi back: cf3f91b7-dd8d-4024-8737-52689f2aa5f8, code: 1007 
[19:19:01.252] [14762] [WARN ] [error:167]	busi err back, erase task failed, cannot find cache task: cf3f91b7-dd8d-4024-8737-52689f2aa5f8 !  [THE user: test001] 
[19:19:01.253] [20218] [ERROR] [error:157]	got error busi back: 908007e8-a282-4bb3-9c3b-3b1417e19f3c, code: 1007 
[19:19:01.253] [20218] [WARN ] [error:167]	busi err back, erase task failed, cannot find cache task: 908007e8-a282-4bb3-9c3b-3b1417e19f3c !  [THE user: test001] 
[19:19:01.253] [14762] [ERROR] [error:157]	got error busi back: a926fc2b-504d-4761-b0bf-47e08060e938, code: 1007 
[19:19:01.253] [14762] [WARN ] [error:167]	busi err back, erase task failed, cannot find cache task: a926fc2b-504d-4761-b0bf-47e08060e938 !  [THE user: test001] 
[19:19:01.254] [20218] [ERROR] [error:157]	got error busi back: e7e1f08b-4ba6-4215-a894-25a0aeeb7396, code: 1007 
[19:19:01.254] [20218] [WARN ] [error:167]	busi err back, erase task failed, cannot find cache task: e7e1f08b-4ba6-4215-a894-25a0aeeb7396 !  [THE user: test001] 
[19:19:01.255] [14762] [ERROR] [error:157]	got error busi back: e5bdd831-07e3-4a30-82ec-7c96609d8869, code: 1007 
[19:19:01.255] [14762] [WARN ] [error:167]	busi err back, erase task failed, cannot find cache task: e5bdd831-07e3-4a30-82ec-7c96609d8869 !  [THE user: test001] 
[19:19:01.255] [20218] [ERROR] [error:157]	got error busi back: f1fac291-a6bb-46a7-8374-ba9371e64352, code: 1007 
[19:19:01.255] [20218] [WARN ] [error:167]	busi err back, erase task failed, cannot find cache task: f1fac291-a6bb-46a7-8374-ba9371e64352 !  [THE user: test001] 
[19:19:01.256] [14762] [ERROR] [error:157]	got error busi back: b736587d-9a3f-46a5-b380-5d2001483bf7, code: 1007 
[19:19:01.256] [14762] [WARN ] [error:167]	busi err back, erase task failed, cannot find cache task: b736587d-9a3f-46a5-b380-5d2001483bf7 !  [THE user: test001] 
[19:19:01.257] [20218] [ERROR] [error:157]	got error busi back: 5a52949b-4c9e-4d4f-9371-195de7f401af, code: 1007 
[19:19:01.257] [20218] [WARN ] [error:167]	busi err back, erase task failed, cannot find cache task: 5a52949b-4c9e-4d4f-9371-195de7f401af !  [THE user: test001] 
[19:19:01.258] [14762] [ERROR] [error:157]	got error busi back: ba5cfd98-b4b1-4718-9a90-258209a9c66a, code: 1007 
[19:19:01.258] [14762] [WARN ] [error:167]	busi err back, erase task failed, cannot find cache task: ba5cfd98-b4b1-4718-9a90-258209a9c66a !  [THE user: test001] 
[19:19:01.259] [20218] [ERROR] [error:157]	got error busi back: 091b0d01-ffb3-485f-9b51-9c41da6cd70c, code: 1007 
[19:19:01.259] [20218] [WARN ] [error:167]	busi err back, erase task failed, cannot find cache task: 091b0d01-ffb3-485f-9b51-9c41da6cd70c !  [THE user: test001] 
[19:19:01.260] [14762] [ERROR] [error:157]	got error busi back: 0250274b-8c5c-4187-b4c7-7accdb6ef9b5, code: 1007 
[19:19:01.260] [14762] [WARN ] [error:167]	busi err back, erase task failed, cannot find cache task: 0250274b-8c5c-4187-b4c7-7accdb6ef9b5 !  [THE user: test001] 
[19:19:01.261] [20218] [ERROR] [error:157]	got error busi back: 18891c90-06df-4a9c-89ae-92b665d10bb8, code: 1007 
[19:19:01.261] [20218] [WARN ] [error:167]	busi err back, erase task failed, cannot find cache task: 18891c90-06df-4a9c-89ae-92b665d10bb8 !  [THE user: test001] 
[19:19:01.264] [14762] [ERROR] [error:157]	got error busi back: 8875d4e6-9d9d-4163-a7be-366519e67036, code: 1007 
[19:19:01.264] [14762] [WARN ] [error:167]	busi err back, erase task failed, cannot find cache task: 8875d4e6-9d9d-4163-a7be-366519e67036 !  [THE user: test001] 
[19:19:01.265] [14762] [ERROR] [error:157]	got error busi back: 6ec76a0d-40f4-406b-9a8e-843646dc031b, code: 1007 
[19:19:01.265] [14762] [WARN ] [error:167]	busi err back, erase task failed, cannot find cache task: 6ec76a0d-40f4-406b-9a8e-843646dc031b !  [THE user: test001] 
[19:19:01.265] [14762] [ERROR] [error:157]	got error busi back: 08cc42f0-636a-467c-b05a-8286e1653dc4, code: 1007 
[19:19:01.265] [14762] [WARN ] [error:167]	busi err back, erase task failed, cannot find cache task: 08cc42f0-636a-467c-b05a-8286e1653dc4 !  [THE user: test001] 
[19:19:01.266] [14762] [ERROR] [error:157]	got error busi back: 07deee8a-db89-4d09-ad34-7397c7e1645a, code: 1007 
[19:19:01.266] [14762] [WARN ] [error:167]	busi err back, erase task failed, cannot find cache task: 07deee8a-db89-4d09-ad34-7397c7e1645a !  [THE user: test001] 
[19:19:01.267] [20218] [ERROR] [error:157]	got error busi back: 22514f07-4ef7-4313-ba2c-53d6acf47333, code: 1007 
[19:19:01.267] [20218] [WARN ] [error:167]	busi err back, erase task failed, cannot find cache task: 22514f07-4ef7-4313-ba2c-53d6acf47333 !  [THE user: test001] 
[19:19:01.267] [14762] [ERROR] [error:157]	got error busi back: c0366b40-c2a9-48b8-a033-09f63005f952, code: 1007 
[19:19:01.267] [14762] [WARN ] [error:167]	busi err back, erase task failed, cannot find cache task: c0366b40-c2a9-48b8-a033-09f63005f952 !  [THE user: test001] 
[19:19:01.268] [20218] [ERROR] [error:157]	got error busi back: 47e65463-a686-401c-8faf-a2ee65631864, code: 1007 
[19:19:01.268] [20218] [WARN ] [error:167]	busi err back, erase task failed, cannot find cache task: 47e65463-a686-401c-8faf-a2ee65631864 !  [THE user: test001] 
[19:19:01.269] [14762] [ERROR] [error:157]	got error busi back: 33648fc1-05bc-462b-9e61-2d6ee7263dba, code: 1007 
[19:19:01.269] [14762] [WARN ] [error:167]	busi err back, erase task failed, cannot find cache task: 33648fc1-05bc-462b-9e61-2d6ee7263dba !  [THE user: test001] 
[19:19:01.269] [20218] [ERROR] [error:157]	got error busi back: 244ef96d-8541-41e1-b5a3-028c73dad48a, code: 1007 
[19:19:01.269] [20218] [WARN ] [error:167]	busi err back, erase task failed, cannot find cache task: 244ef96d-8541-41e1-b5a3-028c73dad48a !  [THE user: test001] 
[19:19:01.270] [14762] [ERROR] [error:157]	got error busi back: f75aa62d-36f6-4864-bf77-dcb7f47f271a, code: 1007 
[19:19:01.270] [14762] [WARN ] [error:167]	busi err back, erase task failed, cannot find cache task: f75aa62d-36f6-4864-bf77-dcb7f47f271a !  [THE user: test001] 
[19:19:01.270] [20218] [ERROR] [error:157]	got error busi back: aef17056-e04f-475d-8cc0-35f5e5e0a38a, code: 1007 
[19:19:01.270] [20218] [WARN ] [error:167]	busi err back, erase task failed, cannot find cache task: aef17056-e04f-475d-8cc0-35f5e5e0a38a !  [THE user: test001] 
[19:19:01.271] [14762] [ERROR] [error:157]	got error busi back: 308037b6-4eff-4249-a707-abbabcabb8a8, code: 1007 
[19:19:01.271] [14762] [WARN ] [error:167]	busi err back, erase task failed, cannot find cache task: 308037b6-4eff-4249-a707-abbabcabb8a8 !  [THE user: test001] 
[19:19:01.272] [20218] [ERROR] [error:157]	got error busi back: 689cc0f7-e07a-4045-9cf3-a572a0a2cf2d, code: 1007 
[19:19:01.272] [20218] [WARN ] [error:167]	busi err back, erase task failed, cannot find cache task: 689cc0f7-e07a-4045-9cf3-a572a0a2cf2d !  [THE user: test001] 
[19:19:01.272] [14762] [ERROR] [error:157]	got error busi back: 6d0f588d-3587-4c0f-848b-e7e25cd5ee6e, code: 1007 
[19:19:01.272] [14762] [WARN ] [error:167]	busi err back, erase task failed, cannot find cache task: 6d0f588d-3587-4c0f-848b-e7e25cd5ee6e !  [THE user: test001] 
[19:19:01.273] [20218] [ERROR] [error:157]	got error busi back: 716b0af4-1a76-4894-ab39-01a006955946, code: 1007 
[19:19:01.273] [20218] [WARN ] [error:167]	busi err back, erase task failed, cannot find cache task: 716b0af4-1a76-4894-ab39-01a006955946 !  [THE user: test001] 
[19:19:01.273] [14762] [ERROR] [error:157]	got error busi back: df02463e-efd5-4d64-99aa-e09ff4662ef5, code: 1007 
[19:19:01.273] [14762] [WARN ] [error:167]	busi err back, erase task failed, cannot find cache task: df02463e-efd5-4d64-99aa-e09ff4662ef5 !  [THE user: test001] 
[19:19:01.274] [20218] [ERROR] [error:157]	got error busi back: f48fbbca-b644-459e-b952-112a092e15b5, code: 1007 
[19:19:01.274] [20218] [WARN ] [error:167]	busi err back, erase task failed, cannot find cache task: f48fbbca-b644-459e-b952-112a092e15b5 !  [THE user: test001] 
[19:19:01.274] [14762] [ERROR] [error:157]	got error busi back: 74d4c184-06af-40af-86b0-87b89c1ef06a, code: 1007 
[19:19:01.275] [14762] [WARN ] [error:167]	busi err back, erase task failed, cannot find cache task: 74d4c184-06af-40af-86b0-87b89c1ef06a !  [THE user: test001] 
[19:19:01.275] [20218] [ERROR] [error:157]	got error busi back: d72d3e2d-e106-488d-9300-843d0ba09797, code: 1007 
[19:19:01.275] [20218] [WARN ] [error:167]	busi err back, erase task failed, cannot find cache task: d72d3e2d-e106-488d-9300-843d0ba09797 !  [THE user: test001] 
[19:19:01.276] [14762] [ERROR] [error:157]	got error busi back: 0ba474d0-cdff-4704-be89-de8bfa6d0660, code: 1007 
[19:19:01.276] [14762] [WARN ] [error:167]	busi err back, erase task failed, cannot find cache task: 0ba474d0-cdff-4704-be89-de8bfa6d0660 !  [THE user: test001] 
[19:19:01.277] [20218] [ERROR] [error:157]	got error busi back: e234999b-691b-4ccc-8f54-ba8faf199c5c, code: 1007 
[19:19:01.277] [20218] [WARN ] [error:167]	busi err back, erase task failed, cannot find cache task: e234999b-691b-4ccc-8f54-ba8faf199c5c !  [THE user: test001] 
[19:19:01.277] [14762] [ERROR] [error:157]	got error busi back: 086228cf-a771-4300-97ec-8376681ea113, code: 1007 
[19:19:01.277] [14762] [WARN ] [error:167]	busi err back, erase task failed, cannot find cache task: 086228cf-a771-4300-97ec-8376681ea113 !  [THE user: test001] 
[19:19:01.278] [20218] [ERROR] [error:157]	got error busi back: 9fa4bbf2-6051-4165-89c2-d9f75ae2ff4a, code: 1007 
[19:19:01.278] [20218] [WARN ] [error:167]	busi err back, erase task failed, cannot find cache task: 9fa4bbf2-6051-4165-89c2-d9f75ae2ff4a !  [THE user: test001] 
[19:19:01.278] [14762] [ERROR] [error:157]	got error busi back: 8fc10e0b-2d75-46c9-aaf7-d557b68d5f38, code: 1007 
[19:19:01.278] [14762] [WARN ] [error:167]	busi err back, erase task failed, cannot find cache task: 8fc10e0b-2d75-46c9-aaf7-d557b68d5f38 !  [THE user: test001] 
[19:19:01.279] [20218] [ERROR] [error:157]	got error busi back: beb4f556-e2b2-473b-ad4e-7cb90d19264e, code: 1007 
[19:19:01.279] [20218] [WARN ] [error:167]	busi err back, erase task failed, cannot find cache task: beb4f556-e2b2-473b-ad4e-7cb90d19264e !  [THE user: test001] 
[19:19:01.280] [14762] [ERROR] [error:157]	got error busi back: 60031659-e9ce-4092-8d4b-945df6385041, code: 1007 
[19:19:01.280] [14762] [WARN ] [error:167]	busi err back, erase task failed, cannot find cache task: 60031659-e9ce-4092-8d4b-945df6385041 !  [THE user: test001] 
[19:19:01.280] [20218] [ERROR] [error:157]	got error busi back: 3c02e17f-a864-4caa-a13e-ee06ac0e15dd, code: 1007 
[19:19:01.280] [20218] [WARN ] [error:167]	busi err back, erase task failed, cannot find cache task: 3c02e17f-a864-4caa-a13e-ee06ac0e15dd !  [THE user: test001] 
[19:19:01.281] [14762] [ERROR] [error:157]	got error busi back: 014f8a36-3cfa-4605-b133-9ea0c8471e3c, code: 1007 
[19:19:01.281] [14762] [WARN ] [error:167]	busi err back, erase task failed, cannot find cache task: 014f8a36-3cfa-4605-b133-9ea0c8471e3c !  [THE user: test001] 
[19:19:01.282] [20218] [ERROR] [error:157]	got error busi back: 4452d012-3425-499d-9f1f-fea0f036972f, code: 1007 
[19:19:01.282] [20218] [WARN ] [error:167]	busi err back, erase task failed, cannot find cache task: 4452d012-3425-499d-9f1f-fea0f036972f !  [THE user: test001] 
[19:19:01.282] [14762] [ERROR] [error:157]	got error busi back: 18fbf605-2c8f-41f6-ac8d-a849d006aee1, code: 1007 
[19:19:01.282] [14762] [WARN ] [error:167]	busi err back, erase task failed, cannot find cache task: 18fbf605-2c8f-41f6-ac8d-a849d006aee1 !  [THE user: test001] 
[19:19:01.283] [20218] [ERROR] [error:157]	got error busi back: 7ec9f453-86d0-4c08-9ef8-db504c3250ed, code: 1007 
[19:19:01.283] [20218] [WARN ] [error:167]	busi err back, erase task failed, cannot find cache task: 7ec9f453-86d0-4c08-9ef8-db504c3250ed !  [THE user: test001] 
[19:19:01.284] [14762] [ERROR] [error:157]	got error busi back: 958ac688-65c7-4e25-8b28-0d5635e0b5c9, code: 1007 
[19:19:01.284] [14762] [WARN ] [error:167]	busi err back, erase task failed, cannot find cache task: 958ac688-65c7-4e25-8b28-0d5635e0b5c9 !  [THE user: test001] 
[19:19:01.284] [20218] [ERROR] [error:157]	got error busi back: a8a7fb41-6eca-4f2a-ae5f-59e6983d5f83, code: 1007 
[19:19:01.284] [20218] [WARN ] [error:167]	busi err back, erase task failed, cannot find cache task: a8a7fb41-6eca-4f2a-ae5f-59e6983d5f83 !  [THE user: test001] 
[19:19:01.285] [14762] [ERROR] [error:157]	got error busi back: 16ae256b-7d7b-436e-bf61-7184e8b47fa5, code: 1007 
[19:19:01.285] [14762] [WARN ] [error:167]	busi err back, erase task failed, cannot find cache task: 16ae256b-7d7b-436e-bf61-7184e8b47fa5 !  [THE user: test001] 
[20:04:00.792] [23326] [WARN ] [~MpcMemPool:48]	the mempool is freed! 
