[19:12:48.752] [23963] [INFO ] [JNI_OnLoad:24]	jvm onload success ! 
[19:12:48.753] [23963] [INFO ] [init:111]	JniNativeCallback init ok. 
[19:12:48.753] [23963] [INFO ] [init:108]	to init engine, user: test001, mode: 0, proxyEndpoint: ProxyGlacier2/router:tcp -h 202.114.114.46 -p 4502 -t 11000 
[19:12:48.753] [23963] [WARN ] [init:130]	Cannot find the --Mpc.Data=xxxxx config item ! 
[19:12:48.753] [23963] [INFO ] [init:156]	Not start node server ! use proxy forward ! 
[19:12:48.753] [23963] [INFO ] [MpcTaskDispatcher:43]	construct task dispatcher, with 3 processor, load balence is: 6000 
[19:12:48.753] [23963] [INFO ] [init:60]	INIT the processor: 0 ok 
[19:12:48.753] [23984] [INFO ] [operator():51]	task processor: 0 is running... 
[19:12:48.753] [23963] [INFO ] [init:60]	INIT the processor: 1 ok 
[19:12:48.753] [23985] [INFO ] [operator():51]	task processor: 1 is running... 
[19:12:48.753] [23984] [DEBUG] [popReadyTask:166]	to POP a ready task from ready queue to processor, now read_num: 0 ... 
[19:12:48.753] [23963] [INFO ] [init:60]	INIT the processor: 2 ok 
[19:12:48.754] [23963] [INFO ] [init:177]	INIT task dispatcher done ! 
[19:12:48.754] [23963] [INFO ] [init:40]	connect to busi proxy server endpoint: ProxyGlacier2/router:tcp -h 202.114.114.46 -p 4502 -t 11000 
[19:12:48.753] [23985] [DEBUG] [popReadyTask:166]	to POP a ready task from ready queue to processor, now read_num: 0 ... 
[19:12:48.753] [23986] [INFO ] [operator():51]	task processor: 2 is running... 
[19:12:48.754] [23986] [DEBUG] [popReadyTask:166]	to POP a ready task from ready queue to processor, now read_num: 0 ... 
[19:12:48.769] [23993] [INFO ] [connected:34]	to get session... 
[19:12:48.769] [23993] [INFO ] [connected:38]	to get create busi node callback... 
[19:12:48.769] [23993] [INFO ] [connected:45]	to set node callback... 
[19:12:48.773] [23993] [WARN ] [connected:54]	the busi session create success. 
[19:12:49.263] [23963] [INFO ] [init:69]	waiting for node busi client inited ... timeout 1s.. 
[19:12:49.263] [23963] [INFO ] [init:74]	the busi node communicator is prepared !!!! 
[19:12:49.263] [23963] [INFO ] [init:86]	INIT busi node client success. user: test001, proxyEndpoint: ProxyGlacier2/router:tcp -h 202.114.114.46 -p 4502 -t 11000 
[19:12:49.263] [23963] [INFO ] [init:187]	INIT busi node client done ! 
[19:12:49.263] [23963] [INFO ] [init:48]	ready process init ok. max request queue size: 3 
[19:12:49.263] [23963] [INFO ] [init:202]	Mpc engine init success. 
[19:12:49.263] [24000] [DEBUG] [popCommitTask:110]	to POP a commit task, task size: 0  ... 
[19:12:49.264] [23963] [INFO ] [Java_com_juzix_jugo_node_jni_NativeInterface_setDataLogLevel:155]	init the log to level: 3, data log state: 0 
[19:12:54.563] [23991] [WARN ] [putBuffer:213]	taskId: b736587d-9a3f-46a5-b380-5d2001483bf7 is not avaiable, wait a 50ms try to putBuffer ! 
[19:12:54.613] [23991] [WARN ] [putBuffer:213]	taskId: b736587d-9a3f-46a5-b380-5d2001483bf7 is not avaiable, wait a 50ms try to putBuffer ! 
[19:12:54.664] [23991] [WARN ] [putBuffer:213]	taskId: b736587d-9a3f-46a5-b380-5d2001483bf7 is not avaiable, wait a 50ms try to putBuffer ! 
[19:12:54.714] [23991] [WARN ] [putBuffer:213]	taskId: b736587d-9a3f-46a5-b380-5d2001483bf7 is not avaiable, wait a 50ms try to putBuffer ! 
[19:12:54.764] [23991] [WARN ] [putBuffer:213]	taskId: b736587d-9a3f-46a5-b380-5d2001483bf7 is not avaiable, wait a 50ms try to putBuffer ! 
[19:12:54.814] [23991] [WARN ] [putBuffer:213]	taskId: b736587d-9a3f-46a5-b380-5d2001483bf7 is not avaiable, wait a 50ms try to putBuffer ! 
[19:12:54.864] [23991] [WARN ] [putBuffer:213]	taskId: b736587d-9a3f-46a5-b380-5d2001483bf7 is not avaiable, wait a 50ms try to putBuffer ! 
[19:12:54.914] [23991] [WARN ] [putBuffer:213]	taskId: b736587d-9a3f-46a5-b380-5d2001483bf7 is not avaiable, wait a 50ms try to putBuffer ! 
[19:12:54.965] [23991] [WARN ] [putBuffer:213]	taskId: b736587d-9a3f-46a5-b380-5d2001483bf7 is not avaiable, wait a 50ms try to putBuffer ! 
[19:12:55.015] [23991] [WARN ] [putBuffer:213]	taskId: b736587d-9a3f-46a5-b380-5d2001483bf7 is not avaiable, wait a 50ms try to putBuffer ! 
[19:12:55.065] [23991] [WARN ] [putBuffer:213]	taskId: b736587d-9a3f-46a5-b380-5d2001483bf7 is not avaiable, wait a 50ms try to putBuffer ! 
[19:12:55.115] [23991] [WARN ] [putBuffer:213]	taskId: b736587d-9a3f-46a5-b380-5d2001483bf7 is not avaiable, wait a 50ms try to putBuffer ! 
[19:12:55.165] [23991] [WARN ] [putBuffer:213]	taskId: b736587d-9a3f-46a5-b380-5d2001483bf7 is not avaiable, wait a 50ms try to putBuffer ! 
[19:12:55.215] [23991] [WARN ] [putBuffer:213]	taskId: b736587d-9a3f-46a5-b380-5d2001483bf7 is not avaiable, wait a 50ms try to putBuffer ! 
[19:12:55.266] [23991] [WARN ] [putBuffer:213]	taskId: b736587d-9a3f-46a5-b380-5d2001483bf7 is not avaiable, wait a 50ms try to putBuffer ! 
[19:12:55.316] [23991] [WARN ] [putBuffer:213]	taskId: b736587d-9a3f-46a5-b380-5d2001483bf7 is not avaiable, wait a 50ms try to putBuffer ! 
[19:12:55.366] [23991] [WARN ] [putBuffer:213]	taskId: b736587d-9a3f-46a5-b380-5d2001483bf7 is not avaiable, wait a 50ms try to putBuffer ! 
[19:12:55.416] [23991] [WARN ] [putBuffer:213]	taskId: b736587d-9a3f-46a5-b380-5d2001483bf7 is not avaiable, wait a 50ms try to putBuffer ! 
[19:12:55.466] [23991] [WARN ] [putBuffer:213]	taskId: b736587d-9a3f-46a5-b380-5d2001483bf7 is not avaiable, wait a 50ms try to putBuffer ! 
[19:12:55.516] [23991] [WARN ] [putBuffer:213]	taskId: b736587d-9a3f-46a5-b380-5d2001483bf7 is not avaiable, wait a 50ms try to putBuffer ! 
[19:12:55.567] [23991] [WARN ] [putBuffer:213]	taskId: b736587d-9a3f-46a5-b380-5d2001483bf7 is not avaiable, wait a 50ms try to putBuffer ! 
[19:12:55.617] [23991] [WARN ] [putBuffer:213]	taskId: b736587d-9a3f-46a5-b380-5d2001483bf7 is not avaiable, wait a 50ms try to putBuffer ! 
[19:12:55.667] [23991] [WARN ] [putBuffer:213]	taskId: b736587d-9a3f-46a5-b380-5d2001483bf7 is not avaiable, wait a 50ms try to putBuffer ! 
[19:12:55.717] [23991] [WARN ] [putBuffer:213]	taskId: b736587d-9a3f-46a5-b380-5d2001483bf7 is not avaiable, wait a 50ms try to putBuffer ! 
[19:12:55.767] [23991] [WARN ] [putBuffer:213]	taskId: b736587d-9a3f-46a5-b380-5d2001483bf7 is not avaiable, wait a 50ms try to putBuffer ! 
[19:12:55.818] [23991] [WARN ] [putBuffer:213]	taskId: b736587d-9a3f-46a5-b380-5d2001483bf7 is not avaiable, wait a 50ms try to putBuffer ! 
[19:12:55.868] [23991] [WARN ] [putBuffer:213]	taskId: b736587d-9a3f-46a5-b380-5d2001483bf7 is not avaiable, wait a 50ms try to putBuffer ! 
[19:12:55.918] [23991] [WARN ] [putBuffer:213]	taskId: b736587d-9a3f-46a5-b380-5d2001483bf7 is not avaiable, wait a 50ms try to putBuffer ! 
[19:12:55.968] [23991] [WARN ] [putBuffer:213]	taskId: b736587d-9a3f-46a5-b380-5d2001483bf7 is not avaiable, wait a 50ms try to putBuffer ! 
[19:12:56.018] [23991] [WARN ] [putBuffer:213]	taskId: b736587d-9a3f-46a5-b380-5d2001483bf7 is not avaiable, wait a 50ms try to putBuffer ! 
[19:12:56.069] [23991] [WARN ] [putBuffer:213]	taskId: b736587d-9a3f-46a5-b380-5d2001483bf7 is not avaiable, wait a 50ms try to putBuffer ! 
[19:12:56.119] [23991] [WARN ] [putBuffer:213]	taskId: b736587d-9a3f-46a5-b380-5d2001483bf7 is not avaiable, wait a 50ms try to putBuffer ! 
[19:12:56.169] [23991] [WARN ] [putBuffer:213]	taskId: b736587d-9a3f-46a5-b380-5d2001483bf7 is not avaiable, wait a 50ms try to putBuffer ! 
[19:12:56.219] [23991] [WARN ] [putBuffer:213]	taskId: b736587d-9a3f-46a5-b380-5d2001483bf7 is not avaiable, wait a 50ms try to putBuffer ! 
[19:12:56.269] [23991] [WARN ] [putBuffer:213]	taskId: b736587d-9a3f-46a5-b380-5d2001483bf7 is not avaiable, wait a 50ms try to putBuffer ! 
[19:12:56.319] [23991] [WARN ] [putBuffer:213]	taskId: b736587d-9a3f-46a5-b380-5d2001483bf7 is not avaiable, wait a 50ms try to putBuffer ! 
[19:12:56.370] [23991] [WARN ] [putBuffer:213]	taskId: b736587d-9a3f-46a5-b380-5d2001483bf7 is not avaiable, wait a 50ms try to putBuffer ! 
[19:12:56.420] [23991] [WARN ] [putBuffer:213]	taskId: b736587d-9a3f-46a5-b380-5d2001483bf7 is not avaiable, wait a 50ms try to putBuffer ! 
[19:12:56.470] [23991] [WARN ] [putBuffer:213]	taskId: b736587d-9a3f-46a5-b380-5d2001483bf7 is not avaiable, wait a 50ms try to putBuffer ! 
[19:12:56.520] [23991] [WARN ] [putBuffer:213]	taskId: b736587d-9a3f-46a5-b380-5d2001483bf7 is not avaiable, wait a 50ms try to putBuffer ! 
[19:12:56.570] [23991] [WARN ] [putBuffer:213]	taskId: b736587d-9a3f-46a5-b380-5d2001483bf7 is not avaiable, wait a 50ms try to putBuffer ! 
[19:12:56.621] [23991] [WARN ] [putBuffer:213]	taskId: b736587d-9a3f-46a5-b380-5d2001483bf7 is not avaiable, wait a 50ms try to putBuffer ! 
[19:12:56.671] [23991] [WARN ] [putBuffer:213]	taskId: b736587d-9a3f-46a5-b380-5d2001483bf7 is not avaiable, wait a 50ms try to putBuffer ! 
[19:12:56.721] [23991] [WARN ] [putBuffer:213]	taskId: b736587d-9a3f-46a5-b380-5d2001483bf7 is not avaiable, wait a 50ms try to putBuffer ! 
[19:12:56.771] [23991] [WARN ] [putBuffer:213]	taskId: b736587d-9a3f-46a5-b380-5d2001483bf7 is not avaiable, wait a 50ms try to putBuffer ! 
[19:12:56.821] [23991] [WARN ] [putBuffer:213]	taskId: b736587d-9a3f-46a5-b380-5d2001483bf7 is not avaiable, wait a 50ms try to putBuffer ! 
[19:12:56.871] [23991] [WARN ] [putBuffer:213]	taskId: b736587d-9a3f-46a5-b380-5d2001483bf7 is not avaiable, wait a 50ms try to putBuffer ! 
[19:12:56.922] [23991] [WARN ] [putBuffer:213]	taskId: b736587d-9a3f-46a5-b380-5d2001483bf7 is not avaiable, wait a 50ms try to putBuffer ! 
[19:12:56.972] [23991] [WARN ] [putBuffer:213]	taskId: b736587d-9a3f-46a5-b380-5d2001483bf7 is not avaiable, wait a 50ms try to putBuffer ! 
[19:12:57.022] [23991] [WARN ] [putBuffer:213]	taskId: b736587d-9a3f-46a5-b380-5d2001483bf7 is not avaiable, wait a 50ms try to putBuffer ! 
[19:12:57.072] [23991] [WARN ] [putBuffer:213]	taskId: b736587d-9a3f-46a5-b380-5d2001483bf7 is not avaiable, wait a 50ms try to putBuffer ! 
[19:12:57.122] [23991] [WARN ] [putBuffer:213]	taskId: b736587d-9a3f-46a5-b380-5d2001483bf7 is not avaiable, wait a 50ms try to putBuffer ! 
[19:12:57.173] [23991] [WARN ] [putBuffer:213]	taskId: b736587d-9a3f-46a5-b380-5d2001483bf7 is not avaiable, wait a 50ms try to putBuffer ! 
[19:12:57.223] [23991] [WARN ] [putBuffer:213]	taskId: b736587d-9a3f-46a5-b380-5d2001483bf7 is not avaiable, wait a 50ms try to putBuffer ! 
[19:12:57.273] [23991] [WARN ] [putBuffer:213]	taskId: b736587d-9a3f-46a5-b380-5d2001483bf7 is not avaiable, wait a 50ms try to putBuffer ! 
[19:12:57.323] [23991] [WARN ] [putBuffer:213]	taskId: b736587d-9a3f-46a5-b380-5d2001483bf7 is not avaiable, wait a 50ms try to putBuffer ! 
[19:12:57.373] [23991] [WARN ] [putBuffer:213]	taskId: b736587d-9a3f-46a5-b380-5d2001483bf7 is not avaiable, wait a 50ms try to putBuffer ! 
[19:12:57.424] [23991] [WARN ] [putBuffer:213]	taskId: b736587d-9a3f-46a5-b380-5d2001483bf7 is not avaiable, wait a 50ms try to putBuffer ! 
[19:12:57.474] [23991] [WARN ] [putBuffer:213]	taskId: b736587d-9a3f-46a5-b380-5d2001483bf7 is not avaiable, wait a 50ms try to putBuffer ! 
[19:12:57.524] [23991] [WARN ] [putBuffer:213]	taskId: b736587d-9a3f-46a5-b380-5d2001483bf7 is not avaiable, wait a 50ms try to putBuffer ! 
[19:12:57.574] [23991] [WARN ] [putBuffer:213]	taskId: b736587d-9a3f-46a5-b380-5d2001483bf7 is not avaiable, wait a 50ms try to putBuffer ! 
[19:12:57.624] [23991] [WARN ] [putBuffer:213]	taskId: b736587d-9a3f-46a5-b380-5d2001483bf7 is not avaiable, wait a 50ms try to putBuffer ! 
[19:12:57.674] [23991] [WARN ] [putBuffer:213]	taskId: b736587d-9a3f-46a5-b380-5d2001483bf7 is not avaiable, wait a 50ms try to putBuffer ! 
[19:12:57.725] [23991] [WARN ] [putBuffer:213]	taskId: b736587d-9a3f-46a5-b380-5d2001483bf7 is not avaiable, wait a 50ms try to putBuffer ! 
[19:12:57.775] [23991] [WARN ] [putBuffer:213]	taskId: b736587d-9a3f-46a5-b380-5d2001483bf7 is not avaiable, wait a 50ms try to putBuffer ! 
[19:12:57.825] [23991] [WARN ] [putBuffer:213]	taskId: b736587d-9a3f-46a5-b380-5d2001483bf7 is not avaiable, wait a 50ms try to putBuffer ! 
[19:12:57.875] [23991] [WARN ] [putBuffer:213]	taskId: b736587d-9a3f-46a5-b380-5d2001483bf7 is not avaiable, wait a 50ms try to putBuffer ! 
[19:12:57.925] [23991] [WARN ] [putBuffer:213]	taskId: b736587d-9a3f-46a5-b380-5d2001483bf7 is not avaiable, wait a 50ms try to putBuffer ! 
[19:12:57.975] [23991] [WARN ] [putBuffer:213]	taskId: b736587d-9a3f-46a5-b380-5d2001483bf7 is not avaiable, wait a 50ms try to putBuffer ! 
[19:12:58.026] [23991] [WARN ] [putBuffer:213]	taskId: b736587d-9a3f-46a5-b380-5d2001483bf7 is not avaiable, wait a 50ms try to putBuffer ! 
[19:12:58.076] [23991] [WARN ] [putBuffer:213]	taskId: b736587d-9a3f-46a5-b380-5d2001483bf7 is not avaiable, wait a 50ms try to putBuffer ! 
[19:12:58.126] [23991] [WARN ] [putBuffer:213]	taskId: b736587d-9a3f-46a5-b380-5d2001483bf7 is not avaiable, wait a 50ms try to putBuffer ! 
[19:12:58.176] [23991] [WARN ] [putBuffer:213]	taskId: b736587d-9a3f-46a5-b380-5d2001483bf7 is not avaiable, wait a 50ms try to putBuffer ! 
[19:12:58.226] [23991] [WARN ] [putBuffer:213]	taskId: b736587d-9a3f-46a5-b380-5d2001483bf7 is not avaiable, wait a 50ms try to putBuffer ! 
[19:12:58.277] [23991] [WARN ] [putBuffer:213]	taskId: b736587d-9a3f-46a5-b380-5d2001483bf7 is not avaiable, wait a 50ms try to putBuffer ! 
[19:12:58.327] [23991] [WARN ] [putBuffer:213]	taskId: b736587d-9a3f-46a5-b380-5d2001483bf7 is not avaiable, wait a 50ms try to putBuffer ! 
[19:12:58.377] [23991] [WARN ] [putBuffer:213]	taskId: b736587d-9a3f-46a5-b380-5d2001483bf7 is not avaiable, wait a 50ms try to putBuffer ! 
[19:12:58.427] [23991] [WARN ] [putBuffer:213]	taskId: b736587d-9a3f-46a5-b380-5d2001483bf7 is not avaiable, wait a 50ms try to putBuffer ! 
[19:12:58.477] [23991] [WARN ] [putBuffer:213]	taskId: b736587d-9a3f-46a5-b380-5d2001483bf7 is not avaiable, wait a 50ms try to putBuffer ! 
[19:12:58.527] [23991] [WARN ] [putBuffer:213]	taskId: b736587d-9a3f-46a5-b380-5d2001483bf7 is not avaiable, wait a 50ms try to putBuffer ! 
[19:12:58.578] [23991] [WARN ] [putBuffer:213]	taskId: b736587d-9a3f-46a5-b380-5d2001483bf7 is not avaiable, wait a 50ms try to putBuffer ! 
[19:12:58.628] [23991] [WARN ] [putBuffer:213]	taskId: b736587d-9a3f-46a5-b380-5d2001483bf7 is not avaiable, wait a 50ms try to putBuffer ! 
[19:12:58.678] [23991] [WARN ] [putBuffer:213]	taskId: b736587d-9a3f-46a5-b380-5d2001483bf7 is not avaiable, wait a 50ms try to putBuffer ! 
[19:12:58.728] [23991] [WARN ] [putBuffer:213]	taskId: b736587d-9a3f-46a5-b380-5d2001483bf7 is not avaiable, wait a 50ms try to putBuffer ! 
[19:12:58.778] [23991] [WARN ] [putBuffer:213]	taskId: b736587d-9a3f-46a5-b380-5d2001483bf7 is not avaiable, wait a 50ms try to putBuffer ! 
[19:12:58.828] [23991] [WARN ] [putBuffer:213]	taskId: b736587d-9a3f-46a5-b380-5d2001483bf7 is not avaiable, wait a 50ms try to putBuffer ! 
[19:12:58.879] [23991] [WARN ] [putBuffer:213]	taskId: b736587d-9a3f-46a5-b380-5d2001483bf7 is not avaiable, wait a 50ms try to putBuffer ! 
[19:12:58.929] [23991] [WARN ] [putBuffer:213]	taskId: b736587d-9a3f-46a5-b380-5d2001483bf7 is not avaiable, wait a 50ms try to putBuffer ! 
[19:12:58.979] [23991] [WARN ] [putBuffer:213]	taskId: b736587d-9a3f-46a5-b380-5d2001483bf7 is not avaiable, wait a 50ms try to putBuffer ! 
[19:12:59.029] [23991] [WARN ] [putBuffer:213]	taskId: b736587d-9a3f-46a5-b380-5d2001483bf7 is not avaiable, wait a 50ms try to putBuffer ! 
[19:12:59.079] [23991] [WARN ] [putBuffer:213]	taskId: b736587d-9a3f-46a5-b380-5d2001483bf7 is not avaiable, wait a 50ms try to putBuffer ! 
[19:12:59.130] [23991] [WARN ] [putBuffer:213]	taskId: b736587d-9a3f-46a5-b380-5d2001483bf7 is not avaiable, wait a 50ms try to putBuffer ! 
[19:12:59.180] [23991] [WARN ] [putBuffer:213]	taskId: b736587d-9a3f-46a5-b380-5d2001483bf7 is not avaiable, wait a 50ms try to putBuffer ! 
[19:12:59.230] [23991] [WARN ] [putBuffer:213]	taskId: b736587d-9a3f-46a5-b380-5d2001483bf7 is not avaiable, wait a 50ms try to putBuffer ! 
[19:12:59.280] [23991] [WARN ] [putBuffer:213]	taskId: b736587d-9a3f-46a5-b380-5d2001483bf7 is not avaiable, wait a 50ms try to putBuffer ! 
[19:12:59.330] [23991] [WARN ] [putBuffer:213]	taskId: b736587d-9a3f-46a5-b380-5d2001483bf7 is not avaiable, wait a 50ms try to putBuffer ! 
[19:12:59.380] [23991] [WARN ] [putBuffer:213]	taskId: b736587d-9a3f-46a5-b380-5d2001483bf7 is not avaiable, wait a 50ms try to putBuffer ! 
[19:12:59.431] [23991] [WARN ] [putBuffer:213]	taskId: b736587d-9a3f-46a5-b380-5d2001483bf7 is not avaiable, wait a 50ms try to putBuffer ! 
[19:12:59.481] [23991] [WARN ] [putBuffer:213]	taskId: b736587d-9a3f-46a5-b380-5d2001483bf7 is not avaiable, wait a 50ms try to putBuffer ! 
[19:12:59.531] [23991] [WARN ] [putBuffer:213]	taskId: b736587d-9a3f-46a5-b380-5d2001483bf7 is not avaiable, wait a 50ms try to putBuffer ! 
[19:12:59.581] [23991] [ERROR] [putBuffer:242]	task: b736587d-9a3f-46a5-b380-5d2001483bf7 is got exception, invited user: test001 wait a 5s not allReady back !!! 
[19:12:59.581] [23991] [ERROR] [inputData:192]	proxy input data, cannot put receive buffer to dispatcher !  task: b736587d-9a3f-46a5-b380-5d2001483bf7, fromUser: test002  
[19:13:00.982] [23990] [WARN ] [allReady:153]	busi allReady callback done,  task: b736587d-9a3f-46a5-b380-5d2001483bf7, user: test001, ready: 1 !  
[19:17:28.388] [4910 ] [WARN ] [allReady:153]	busi allReady callback done,  task: 2590d992-de77-438c-b878-7eda068cde73, user: test001, ready: 1 !  
[19:17:52.871] [23984] [WARN ] [processMpcBusi:237]	task processor cannot remove request task: 2590d992-de77-438c-b878-7eda068cde73 ! 
[19:17:52.871] [23984] [WARN ] [processTask:130]	processor a MPC task: 2590d992-de77-438c-b878-7eda068cde73 Failed ! 
