[17:43:41.740] [32538] [INFO ] [JNI_OnLoad:24]	jvm onload success ! 
[17:43:41.741] [32538] [INFO ] [init:111]	JniNativeCallback init ok. 
[17:43:41.741] [32538] [INFO ] [init:136]	to init engine, user: test001, mode: 0, proxyEndpoint: ProxyGlacier2/router:tcp -h 202.114.114.46 -p 4502 -t 11000 
[17:43:41.741] [32538] [WARN ] [init:158]	Cannot find the --Mpc.Data=xxxxx config item ! 
[17:43:41.741] [32538] [WARN ] [init:178]	Cannot find the --Mpc.Circuits=xxxxx config item ! not preload circuits !! 
[17:43:41.741] [32538] [INFO ] [init:188]	preload circuits ok ! 
[17:43:41.741] [32538] [INFO ] [init:212]	Not start node server ! use proxy forward ! 
[17:43:41.741] [32538] [INFO ] [MpcTaskDispatcher:39]	construct task dispatcher, with 8 processor, load balence is: 16384 
[17:43:41.741] [32538] [INFO ] [init:63]	INIT the processor: 0, type: 0 ok 
[17:43:41.741] [32538] [INFO ] [init:63]	INIT the processor: 1, type: 0 ok 
[17:43:41.741] [1182 ] [INFO ] [operator():54]	task processor: 0 is running... 
[17:43:41.741] [1183 ] [INFO ] [operator():54]	task processor: 1 is running... 
[17:43:41.741] [32538] [INFO ] [init:63]	INIT the processor: 2, type: 0 ok 
[17:43:41.741] [32538] [INFO ] [init:63]	INIT the processor: 3, type: 0 ok 
[17:43:41.741] [1185 ] [INFO ] [operator():54]	task processor: 3 is running... 
[17:43:41.741] [32538] [INFO ] [init:63]	INIT the processor: 4, type: 1 ok 
[17:43:41.741] [1185 ] [INFO ] [popInvitorReadyTask:270]	to POP a ready task from ready invitor queue to processor, now read_num: 0 ... 
[17:43:41.741] [1182 ] [INFO ] [popInvitorReadyTask:270]	to POP a ready task from ready invitor queue to processor, now read_num: 0 ... 
[17:43:41.741] [1186 ] [INFO ] [operator():54]	task processor: 4 is running... 
[17:43:41.741] [32538] [INFO ] [init:63]	INIT the processor: 5, type: 1 ok 
[17:43:41.741] [1187 ] [INFO ] [operator():54]	task processor: 5 is running... 
[17:43:41.741] [1187 ] [INFO ] [popInviteeReadyTask:208]	to POP a ready task from ready invitee queue to processor, now read_num: 0 ... 
[17:43:41.742] [32538] [INFO ] [init:63]	INIT the processor: 6, type: 1 ok 
[17:43:41.742] [1188 ] [INFO ] [operator():54]	task processor: 6 is running... 
[17:43:41.742] [32538] [INFO ] [init:63]	INIT the processor: 7, type: 1 ok 
[17:43:41.741] [1186 ] [INFO ] [popInviteeReadyTask:208]	to POP a ready task from ready invitee queue to processor, now read_num: 0 ... 
[17:43:41.741] [1184 ] [INFO ] [operator():54]	task processor: 2 is running... 
[17:43:41.741] [1183 ] [INFO ] [popInvitorReadyTask:270]	to POP a ready task from ready invitor queue to processor, now read_num: 0 ... 
[17:43:41.742] [1188 ] [INFO ] [popInviteeReadyTask:208]	to POP a ready task from ready invitee queue to processor, now read_num: 0 ... 
[17:43:41.742] [32538] [INFO ] [init:234]	INIT task dispatcher done ! 
[17:43:41.742] [1189 ] [INFO ] [operator():54]	task processor: 7 is running... 
[17:43:41.742] [1189 ] [INFO ] [popInviteeReadyTask:208]	to POP a ready task from ready invitee queue to processor, now read_num: 0 ... 
[17:43:41.743] [32538] [INFO ] [init:64]	connect to busi proxy server endpoint: ProxyGlacier2/router:tcp -h 202.114.114.46 -p 4502 -t 11000 
[17:43:41.742] [1184 ] [INFO ] [popInvitorReadyTask:270]	to POP a ready task from ready invitor queue to processor, now read_num: 0 ... 
[17:43:41.754] [1194 ] [INFO ] [connected:34]	to get session... 
[17:43:41.754] [1194 ] [INFO ] [connected:38]	to get create busi node callback... 
[17:43:41.754] [1194 ] [INFO ] [connected:46]	to set node callback, public endpoint: ProxyGlacier2/router:tcp -h 202.114.114.46 -p 4502 -t 11000, user: test001 ... 
[17:43:41.758] [1194 ] [WARN ] [connected:55]	the busi session create success. 
[17:43:42.250] [32538] [INFO ] [init:69]	waiting for node busi client inited ... timeout 1s.. 
[17:43:42.250] [32538] [INFO ] [init:74]	the busi node communicator is prepared !!!! 
[17:43:42.250] [32538] [INFO ] [init:86]	INIT busi node client success. user: test001, proxyEndpoint: ProxyGlacier2/router:tcp -h 202.114.114.46 -p 4502 -t 11000 
[17:43:42.250] [32538] [INFO ] [init:244]	INIT busi node client done ! 
[17:43:42.250] [32538] [INFO ] [init:48]	input ready process init ok. 
[17:43:42.250] [32538] [INFO ] [init:253]	INIT input ready processor done ! 
[17:43:42.250] [32538] [INFO ] [init:48]	ready process init ok. max request queue size: 4 
[17:43:42.250] [32538] [INFO ] [init:263]	INIT ready processor done ! 
[17:43:42.250] [32538] [INFO ] [init:269]	Mpc engine init success. 
[17:43:42.250] [1196 ] [INFO ] [popCommitTask:127]	to POP a commit task, task size: 0  ... 
[17:43:42.251] [32538] [INFO ] [Java_com_juzix_jugo_node_jni_NativeInterface_setDataLogLevel:155]	init the log to level: 3, data log state: 0 
[17:44:05.160] [1192 ] [WARN ] [MpcMemPool:42]	the mempool construction, size: 134217728, mem: 0x7f4d09659010 
[17:44:06.461] [1187 ] [WARN ] [run:156]	no data for input !!!! 
[17:44:06.461] [1187 ] [ERROR] [processMpcBusi:231]	MPC run failed ! taskID: f196625e-91b0-4050-aadd-2f395fa8adbb  
[17:44:08.473] [1187 ] [WARN ] [processTask:148]	processor a MPC task: f196625e-91b0-4050-aadd-2f395fa8adbb Failed ! 
[17:52:03.664] [1193 ] [ERROR] [error:157]	got error busi back: a758fb68-87dd-4ba8-aa73-28af56157c1e, code: 1007 
[17:52:03.664] [1193 ] [WARN ] [error:167]	busi err back, erase task failed, cannot find cache task: a758fb68-87dd-4ba8-aa73-28af56157c1e !  [THE user: test001] 
[17:52:03.666] [24312] [ERROR] [error:157]	got error busi back: 65e326cc-f11e-47e9-aa89-2dd07f0fc3d3, code: 1007 
[17:52:03.666] [24312] [WARN ] [error:167]	busi err back, erase task failed, cannot find cache task: 65e326cc-f11e-47e9-aa89-2dd07f0fc3d3 !  [THE user: test001] 
[17:52:03.667] [1193 ] [ERROR] [error:157]	got error busi back: bdec3121-4da9-4f8b-bf2f-29c83c50f20f, code: 1007 
[17:52:03.667] [1193 ] [WARN ] [error:167]	busi err back, erase task failed, cannot find cache task: bdec3121-4da9-4f8b-bf2f-29c83c50f20f !  [THE user: test001] 
[17:52:03.669] [24312] [ERROR] [error:157]	got error busi back: 10ab5684-74dc-4597-aa14-edb1912fff66, code: 1007 
[17:52:03.669] [24312] [WARN ] [error:167]	busi err back, erase task failed, cannot find cache task: 10ab5684-74dc-4597-aa14-edb1912fff66 !  [THE user: test001] 
[17:52:03.670] [1193 ] [ERROR] [error:157]	got error busi back: b5564c12-1b7b-46a3-a977-fa0a1d942301, code: 1007 
[17:52:03.670] [1193 ] [WARN ] [error:167]	busi err back, erase task failed, cannot find cache task: b5564c12-1b7b-46a3-a977-fa0a1d942301 !  [THE user: test001] 
[17:52:03.671] [24312] [ERROR] [error:157]	got error busi back: 599f2e9a-460e-4745-a431-63f1a9318e75, code: 1007 
[17:52:03.671] [24312] [WARN ] [error:167]	busi err back, erase task failed, cannot find cache task: 599f2e9a-460e-4745-a431-63f1a9318e75 !  [THE user: test001] 
[17:52:03.675] [1193 ] [ERROR] [error:157]	got error busi back: 3a6998e3-4d83-4b64-88a9-5863046b5ede, code: 1007 
[17:52:03.675] [1193 ] [WARN ] [error:167]	busi err back, erase task failed, cannot find cache task: 3a6998e3-4d83-4b64-88a9-5863046b5ede !  [THE user: test001] 
[17:52:03.676] [24312] [ERROR] [error:157]	got error busi back: 2ba25aa1-fc9d-4103-91ad-feb705a9e698, code: 1007 
[17:52:03.676] [24312] [WARN ] [error:167]	busi err back, erase task failed, cannot find cache task: 2ba25aa1-fc9d-4103-91ad-feb705a9e698 !  [THE user: test001] 
[17:52:03.677] [1193 ] [ERROR] [error:157]	got error busi back: 5c033499-96fe-4184-908e-c4c3ccddb7f2, code: 1007 
[17:52:03.677] [1193 ] [WARN ] [error:167]	busi err back, erase task failed, cannot find cache task: 5c033499-96fe-4184-908e-c4c3ccddb7f2 !  [THE user: test001] 
[17:52:03.678] [24312] [ERROR] [error:157]	got error busi back: 5edb3deb-5679-45c4-af8e-7a766763231d, code: 1007 
[17:52:03.678] [24312] [WARN ] [error:167]	busi err back, erase task failed, cannot find cache task: 5edb3deb-5679-45c4-af8e-7a766763231d !  [THE user: test001] 
[17:52:03.678] [1193 ] [ERROR] [error:157]	got error busi back: 27aa2967-ea70-4656-99cd-3f8858454c9d, code: 1007 
[17:52:03.678] [1193 ] [WARN ] [error:167]	busi err back, erase task failed, cannot find cache task: 27aa2967-ea70-4656-99cd-3f8858454c9d !  [THE user: test001] 
[17:52:03.679] [24312] [ERROR] [error:157]	got error busi back: 59578f7d-4e37-453a-b744-da9c7955eee9, code: 1007 
[17:52:03.679] [24312] [WARN ] [error:167]	busi err back, erase task failed, cannot find cache task: 59578f7d-4e37-453a-b744-da9c7955eee9 !  [THE user: test001] 
[17:52:03.680] [1193 ] [ERROR] [error:157]	got error busi back: cf3f91b7-dd8d-4024-8737-52689f2aa5f8, code: 1007 
[17:52:03.680] [1193 ] [WARN ] [error:167]	busi err back, erase task failed, cannot find cache task: cf3f91b7-dd8d-4024-8737-52689f2aa5f8 !  [THE user: test001] 
[17:52:03.681] [24312] [ERROR] [error:157]	got error busi back: 908007e8-a282-4bb3-9c3b-3b1417e19f3c, code: 1007 
[17:52:03.681] [24312] [WARN ] [error:167]	busi err back, erase task failed, cannot find cache task: 908007e8-a282-4bb3-9c3b-3b1417e19f3c !  [THE user: test001] 
[17:52:03.682] [1193 ] [ERROR] [error:157]	got error busi back: a926fc2b-504d-4761-b0bf-47e08060e938, code: 1007 
[17:52:03.682] [1193 ] [WARN ] [error:167]	busi err back, erase task failed, cannot find cache task: a926fc2b-504d-4761-b0bf-47e08060e938 !  [THE user: test001] 
[17:52:03.683] [24312] [ERROR] [error:157]	got error busi back: e7e1f08b-4ba6-4215-a894-25a0aeeb7396, code: 1007 
[17:52:03.683] [24312] [WARN ] [error:167]	busi err back, erase task failed, cannot find cache task: e7e1f08b-4ba6-4215-a894-25a0aeeb7396 !  [THE user: test001] 
[17:52:03.683] [1193 ] [ERROR] [error:157]	got error busi back: f1fac291-a6bb-46a7-8374-ba9371e64352, code: 1007 
[17:52:03.683] [1193 ] [WARN ] [error:167]	busi err back, erase task failed, cannot find cache task: f1fac291-a6bb-46a7-8374-ba9371e64352 !  [THE user: test001] 
[17:52:03.684] [24312] [ERROR] [error:157]	got error busi back: e5bdd831-07e3-4a30-82ec-7c96609d8869, code: 1007 
[17:52:03.684] [24312] [WARN ] [error:167]	busi err back, erase task failed, cannot find cache task: e5bdd831-07e3-4a30-82ec-7c96609d8869 !  [THE user: test001] 
[17:52:03.685] [1193 ] [ERROR] [error:157]	got error busi back: b736587d-9a3f-46a5-b380-5d2001483bf7, code: 1007 
[17:52:03.685] [1193 ] [WARN ] [error:167]	busi err back, erase task failed, cannot find cache task: b736587d-9a3f-46a5-b380-5d2001483bf7 !  [THE user: test001] 
[17:52:03.686] [24312] [ERROR] [error:157]	got error busi back: 5a52949b-4c9e-4d4f-9371-195de7f401af, code: 1007 
[17:52:03.686] [24312] [WARN ] [error:167]	busi err back, erase task failed, cannot find cache task: 5a52949b-4c9e-4d4f-9371-195de7f401af !  [THE user: test001] 
[17:52:03.687] [1193 ] [ERROR] [error:157]	got error busi back: ba5cfd98-b4b1-4718-9a90-258209a9c66a, code: 1007 
[17:52:03.687] [1193 ] [WARN ] [error:167]	busi err back, erase task failed, cannot find cache task: ba5cfd98-b4b1-4718-9a90-258209a9c66a !  [THE user: test001] 
[17:52:03.688] [1193 ] [ERROR] [error:157]	got error busi back: 091b0d01-ffb3-485f-9b51-9c41da6cd70c, code: 1007 
[17:52:03.688] [1193 ] [WARN ] [error:167]	busi err back, erase task failed, cannot find cache task: 091b0d01-ffb3-485f-9b51-9c41da6cd70c !  [THE user: test001] 
[17:52:03.688] [1193 ] [ERROR] [error:157]	got error busi back: 0250274b-8c5c-4187-b4c7-7accdb6ef9b5, code: 1007 
[17:52:03.688] [1193 ] [WARN ] [error:167]	busi err back, erase task failed, cannot find cache task: 0250274b-8c5c-4187-b4c7-7accdb6ef9b5 !  [THE user: test001] 
[17:52:03.689] [1193 ] [ERROR] [error:157]	got error busi back: 18891c90-06df-4a9c-89ae-92b665d10bb8, code: 1007 
[17:52:03.689] [1193 ] [WARN ] [error:167]	busi err back, erase task failed, cannot find cache task: 18891c90-06df-4a9c-89ae-92b665d10bb8 !  [THE user: test001] 
[17:52:03.690] [1193 ] [ERROR] [error:157]	got error busi back: 8875d4e6-9d9d-4163-a7be-366519e67036, code: 1007 
[17:52:03.690] [1193 ] [WARN ] [error:167]	busi err back, erase task failed, cannot find cache task: 8875d4e6-9d9d-4163-a7be-366519e67036 !  [THE user: test001] 
[17:52:03.691] [1193 ] [ERROR] [error:157]	got error busi back: 6ec76a0d-40f4-406b-9a8e-843646dc031b, code: 1007 
[17:52:03.691] [1193 ] [WARN ] [error:167]	busi err back, erase task failed, cannot find cache task: 6ec76a0d-40f4-406b-9a8e-843646dc031b !  [THE user: test001] 
[17:52:03.692] [1193 ] [ERROR] [error:157]	got error busi back: 08cc42f0-636a-467c-b05a-8286e1653dc4, code: 1007 
[17:52:03.692] [1193 ] [WARN ] [error:167]	busi err back, erase task failed, cannot find cache task: 08cc42f0-636a-467c-b05a-8286e1653dc4 !  [THE user: test001] 
[17:52:03.692] [1193 ] [ERROR] [error:157]	got error busi back: 07deee8a-db89-4d09-ad34-7397c7e1645a, code: 1007 
[17:52:03.692] [1193 ] [WARN ] [error:167]	busi err back, erase task failed, cannot find cache task: 07deee8a-db89-4d09-ad34-7397c7e1645a !  [THE user: test001] 
[17:52:03.693] [24312] [ERROR] [error:157]	got error busi back: 22514f07-4ef7-4313-ba2c-53d6acf47333, code: 1007 
[17:52:03.693] [24312] [WARN ] [error:167]	busi err back, erase task failed, cannot find cache task: 22514f07-4ef7-4313-ba2c-53d6acf47333 !  [THE user: test001] 
[17:52:03.694] [1193 ] [ERROR] [error:157]	got error busi back: c0366b40-c2a9-48b8-a033-09f63005f952, code: 1007 
[17:52:03.694] [1193 ] [WARN ] [error:167]	busi err back, erase task failed, cannot find cache task: c0366b40-c2a9-48b8-a033-09f63005f952 !  [THE user: test001] 
[17:52:03.695] [24312] [ERROR] [error:157]	got error busi back: 47e65463-a686-401c-8faf-a2ee65631864, code: 1007 
[17:52:03.695] [24312] [WARN ] [error:167]	busi err back, erase task failed, cannot find cache task: 47e65463-a686-401c-8faf-a2ee65631864 !  [THE user: test001] 
[17:52:03.696] [1193 ] [ERROR] [error:157]	got error busi back: 33648fc1-05bc-462b-9e61-2d6ee7263dba, code: 1007 
[17:52:03.696] [1193 ] [WARN ] [error:167]	busi err back, erase task failed, cannot find cache task: 33648fc1-05bc-462b-9e61-2d6ee7263dba !  [THE user: test001] 
[17:52:03.696] [24312] [ERROR] [error:157]	got error busi back: 244ef96d-8541-41e1-b5a3-028c73dad48a, code: 1007 
[17:52:03.696] [24312] [WARN ] [error:167]	busi err back, erase task failed, cannot find cache task: 244ef96d-8541-41e1-b5a3-028c73dad48a !  [THE user: test001] 
[17:52:03.697] [1193 ] [ERROR] [error:157]	got error busi back: f75aa62d-36f6-4864-bf77-dcb7f47f271a, code: 1007 
[17:52:03.697] [1193 ] [WARN ] [error:167]	busi err back, erase task failed, cannot find cache task: f75aa62d-36f6-4864-bf77-dcb7f47f271a !  [THE user: test001] 
[17:52:03.698] [24312] [ERROR] [error:157]	got error busi back: 308037b6-4eff-4249-a707-abbabcabb8a8, code: 1007 
[17:52:03.698] [24312] [WARN ] [error:167]	busi err back, erase task failed, cannot find cache task: 308037b6-4eff-4249-a707-abbabcabb8a8 !  [THE user: test001] 
[17:52:03.699] [1193 ] [ERROR] [error:157]	got error busi back: aef17056-e04f-475d-8cc0-35f5e5e0a38a, code: 1007 
[17:52:03.699] [1193 ] [WARN ] [error:167]	busi err back, erase task failed, cannot find cache task: aef17056-e04f-475d-8cc0-35f5e5e0a38a !  [THE user: test001] 
[17:52:03.700] [24312] [ERROR] [error:157]	got error busi back: 6d0f588d-3587-4c0f-848b-e7e25cd5ee6e, code: 1007 
[17:52:03.700] [24312] [WARN ] [error:167]	busi err back, erase task failed, cannot find cache task: 6d0f588d-3587-4c0f-848b-e7e25cd5ee6e !  [THE user: test001] 
[17:52:03.701] [1193 ] [ERROR] [error:157]	got error busi back: 689cc0f7-e07a-4045-9cf3-a572a0a2cf2d, code: 1007 
[17:52:03.701] [1193 ] [WARN ] [error:167]	busi err back, erase task failed, cannot find cache task: 689cc0f7-e07a-4045-9cf3-a572a0a2cf2d !  [THE user: test001] 
[17:52:03.701] [24312] [ERROR] [error:157]	got error busi back: 716b0af4-1a76-4894-ab39-01a006955946, code: 1007 
[17:52:03.701] [24312] [WARN ] [error:167]	busi err back, erase task failed, cannot find cache task: 716b0af4-1a76-4894-ab39-01a006955946 !  [THE user: test001] 
[17:52:03.702] [1193 ] [ERROR] [error:157]	got error busi back: df02463e-efd5-4d64-99aa-e09ff4662ef5, code: 1007 
[17:52:03.702] [1193 ] [WARN ] [error:167]	busi err back, erase task failed, cannot find cache task: df02463e-efd5-4d64-99aa-e09ff4662ef5 !  [THE user: test001] 
[17:52:03.703] [24312] [ERROR] [error:157]	got error busi back: f48fbbca-b644-459e-b952-112a092e15b5, code: 1007 
[17:52:03.703] [24312] [WARN ] [error:167]	busi err back, erase task failed, cannot find cache task: f48fbbca-b644-459e-b952-112a092e15b5 !  [THE user: test001] 
[17:52:03.704] [1193 ] [ERROR] [error:157]	got error busi back: 74d4c184-06af-40af-86b0-87b89c1ef06a, code: 1007 
[17:52:03.704] [1193 ] [WARN ] [error:167]	busi err back, erase task failed, cannot find cache task: 74d4c184-06af-40af-86b0-87b89c1ef06a !  [THE user: test001] 
[17:52:03.705] [24312] [ERROR] [error:157]	got error busi back: d72d3e2d-e106-488d-9300-843d0ba09797, code: 1007 
[17:52:03.705] [24312] [WARN ] [error:167]	busi err back, erase task failed, cannot find cache task: d72d3e2d-e106-488d-9300-843d0ba09797 !  [THE user: test001] 
[17:52:03.705] [1193 ] [ERROR] [error:157]	got error busi back: 0ba474d0-cdff-4704-be89-de8bfa6d0660, code: 1007 
[17:52:03.705] [1193 ] [WARN ] [error:167]	busi err back, erase task failed, cannot find cache task: 0ba474d0-cdff-4704-be89-de8bfa6d0660 !  [THE user: test001] 
[17:52:03.706] [24312] [ERROR] [error:157]	got error busi back: e234999b-691b-4ccc-8f54-ba8faf199c5c, code: 1007 
[17:52:03.706] [24312] [WARN ] [error:167]	busi err back, erase task failed, cannot find cache task: e234999b-691b-4ccc-8f54-ba8faf199c5c !  [THE user: test001] 
[17:52:03.707] [1193 ] [ERROR] [error:157]	got error busi back: 086228cf-a771-4300-97ec-8376681ea113, code: 1007 
[17:52:03.707] [1193 ] [WARN ] [error:167]	busi err back, erase task failed, cannot find cache task: 086228cf-a771-4300-97ec-8376681ea113 !  [THE user: test001] 
[17:52:03.708] [24312] [ERROR] [error:157]	got error busi back: 8fc10e0b-2d75-46c9-aaf7-d557b68d5f38, code: 1007 
[17:52:03.708] [24312] [WARN ] [error:167]	busi err back, erase task failed, cannot find cache task: 8fc10e0b-2d75-46c9-aaf7-d557b68d5f38 !  [THE user: test001] 
[17:52:03.708] [1193 ] [ERROR] [error:157]	got error busi back: beb4f556-e2b2-473b-ad4e-7cb90d19264e, code: 1007 
[17:52:03.708] [1193 ] [WARN ] [error:167]	busi err back, erase task failed, cannot find cache task: beb4f556-e2b2-473b-ad4e-7cb90d19264e !  [THE user: test001] 
[17:52:03.709] [24312] [ERROR] [error:157]	got error busi back: 9fa4bbf2-6051-4165-89c2-d9f75ae2ff4a, code: 1007 
[17:52:03.709] [24312] [WARN ] [error:167]	busi err back, erase task failed, cannot find cache task: 9fa4bbf2-6051-4165-89c2-d9f75ae2ff4a !  [THE user: test001] 
[17:52:03.710] [1193 ] [ERROR] [error:157]	got error busi back: 3c02e17f-a864-4caa-a13e-ee06ac0e15dd, code: 1007 
[17:52:03.710] [1193 ] [WARN ] [error:167]	busi err back, erase task failed, cannot find cache task: 3c02e17f-a864-4caa-a13e-ee06ac0e15dd !  [THE user: test001] 
[17:52:03.711] [24312] [ERROR] [error:157]	got error busi back: 60031659-e9ce-4092-8d4b-945df6385041, code: 1007 
[17:52:03.711] [24312] [WARN ] [error:167]	busi err back, erase task failed, cannot find cache task: 60031659-e9ce-4092-8d4b-945df6385041 !  [THE user: test001] 
[17:52:03.712] [1193 ] [ERROR] [error:157]	got error busi back: 014f8a36-3cfa-4605-b133-9ea0c8471e3c, code: 1007 
[17:52:03.712] [1193 ] [WARN ] [error:167]	busi err back, erase task failed, cannot find cache task: 014f8a36-3cfa-4605-b133-9ea0c8471e3c !  [THE user: test001] 
[17:52:03.713] [24312] [ERROR] [error:157]	got error busi back: 4452d012-3425-499d-9f1f-fea0f036972f, code: 1007 
[17:52:03.713] [24312] [WARN ] [error:167]	busi err back, erase task failed, cannot find cache task: 4452d012-3425-499d-9f1f-fea0f036972f !  [THE user: test001] 
[17:52:03.714] [1193 ] [ERROR] [error:157]	got error busi back: 18fbf605-2c8f-41f6-ac8d-a849d006aee1, code: 1007 
[17:52:03.714] [1193 ] [WARN ] [error:167]	busi err back, erase task failed, cannot find cache task: 18fbf605-2c8f-41f6-ac8d-a849d006aee1 !  [THE user: test001] 
[17:52:03.714] [24312] [ERROR] [error:157]	got error busi back: 7ec9f453-86d0-4c08-9ef8-db504c3250ed, code: 1007 
[17:52:03.715] [24312] [WARN ] [error:167]	busi err back, erase task failed, cannot find cache task: 7ec9f453-86d0-4c08-9ef8-db504c3250ed !  [THE user: test001] 
[17:52:03.715] [1193 ] [ERROR] [error:157]	got error busi back: 958ac688-65c7-4e25-8b28-0d5635e0b5c9, code: 1007 
[17:52:03.715] [1193 ] [WARN ] [error:167]	busi err back, erase task failed, cannot find cache task: 958ac688-65c7-4e25-8b28-0d5635e0b5c9 !  [THE user: test001] 
[17:52:03.716] [24312] [ERROR] [error:157]	got error busi back: a8a7fb41-6eca-4f2a-ae5f-59e6983d5f83, code: 1007 
[17:52:03.716] [24312] [WARN ] [error:167]	busi err back, erase task failed, cannot find cache task: a8a7fb41-6eca-4f2a-ae5f-59e6983d5f83 !  [THE user: test001] 
[17:52:03.717] [1193 ] [ERROR] [error:157]	got error busi back: 16ae256b-7d7b-436e-bf61-7184e8b47fa5, code: 1007 
[17:52:03.717] [1193 ] [WARN ] [error:167]	busi err back, erase task failed, cannot find cache task: 16ae256b-7d7b-436e-bf61-7184e8b47fa5 !  [THE user: test001] 
[17:52:38.517] [30722] [WARN ] [~MpcMemPool:48]	the mempool is freed! 
