[11:04:04.296] [17284] [INFO ] [JNI_OnLoad:24]	jvm onload success ! 
[11:04:04.296] [17284] [INFO ] [init:111]	JniNativeCallback init ok. 
[11:04:04.296] [17284] [INFO ] [init:136]	to init engine, user: test001, mode: 0, proxyEndpoint: ProxyGlacier2/router:tcp -h 202.114.114.46 -p 4502 -t 11000 
[11:04:04.296] [17284] [WARN ] [init:158]	Cannot find the --Mpc.Data=xxxxx config item ! 
[11:04:04.296] [17284] [WARN ] [init:178]	Cannot find the --Mpc.Circuits=xxxxx config item ! not preload circuits !! 
[11:04:04.296] [17284] [INFO ] [init:188]	preload circuits ok ! 
[11:04:04.296] [17284] [INFO ] [init:212]	Not start node server ! use proxy forward ! 
[11:04:04.296] [17284] [INFO ] [MpcTaskDispatcher:39]	construct task dispatcher, with 8 processor, load balence is: 16384 
[11:04:04.297] [17284] [INFO ] [init:63]	INIT the processor: 0, type: 0 ok 
[11:04:04.297] [17284] [INFO ] [init:63]	INIT the processor: 1, type: 0 ok 
[11:04:04.297] [18090] [INFO ] [operator():54]	task processor: 0 is running... 
[11:04:04.297] [17284] [INFO ] [init:63]	INIT the processor: 2, type: 0 ok 
[11:04:04.297] [18090] [INFO ] [popInvitorReadyTask:270]	to POP a ready task from ready invitor queue to processor, now read_num: 0 ... 
[11:04:04.297] [17284] [INFO ] [init:63]	INIT the processor: 3, type: 0 ok 
[11:04:04.297] [18093] [INFO ] [operator():54]	task processor: 3 is running... 
[11:04:04.297] [18093] [INFO ] [popInvitorReadyTask:270]	to POP a ready task from ready invitor queue to processor, now read_num: 0 ... 
[11:04:04.297] [17284] [INFO ] [init:63]	INIT the processor: 4, type: 1 ok 
[11:04:04.297] [18094] [INFO ] [operator():54]	task processor: 4 is running... 
[11:04:04.297] [17284] [INFO ] [init:63]	INIT the processor: 5, type: 1 ok 
[11:04:04.297] [18094] [INFO ] [popInviteeReadyTask:208]	to POP a ready task from ready invitee queue to processor, now read_num: 0 ... 
[11:04:04.297] [18095] [INFO ] [operator():54]	task processor: 5 is running... 
[11:04:04.297] [18095] [INFO ] [popInviteeReadyTask:208]	to POP a ready task from ready invitee queue to processor, now read_num: 0 ... 
[11:04:04.297] [18092] [INFO ] [operator():54]	task processor: 2 is running... 
[11:04:04.297] [17284] [INFO ] [init:63]	INIT the processor: 6, type: 1 ok 
[11:04:04.297] [18096] [INFO ] [operator():54]	task processor: 6 is running... 
[11:04:04.297] [17284] [INFO ] [init:63]	INIT the processor: 7, type: 1 ok 
[11:04:04.297] [18096] [INFO ] [popInviteeReadyTask:208]	to POP a ready task from ready invitee queue to processor, now read_num: 0 ... 
[11:04:04.297] [18092] [INFO ] [popInvitorReadyTask:270]	to POP a ready task from ready invitor queue to processor, now read_num: 0 ... 
[11:04:04.297] [17284] [INFO ] [init:234]	INIT task dispatcher done ! 
[11:04:04.297] [18097] [INFO ] [operator():54]	task processor: 7 is running... 
[11:04:04.297] [18097] [INFO ] [popInviteeReadyTask:208]	to POP a ready task from ready invitee queue to processor, now read_num: 0 ... 
[11:04:04.298] [17284] [INFO ] [init:64]	connect to busi proxy server endpoint: ProxyGlacier2/router:tcp -h 202.114.114.46 -p 4502 -t 11000 
[11:04:04.305] [18091] [INFO ] [operator():54]	task processor: 1 is running... 
[11:04:04.305] [18091] [INFO ] [popInvitorReadyTask:270]	to POP a ready task from ready invitor queue to processor, now read_num: 0 ... 
[11:04:04.308] [18102] [INFO ] [connected:34]	to get session... 
[11:04:04.308] [18102] [INFO ] [connected:38]	to get create busi node callback... 
[11:04:04.308] [18102] [INFO ] [connected:46]	to set node callback, public endpoint: ProxyGlacier2/router:tcp -h 202.114.114.46 -p 4502 -t 11000, user: test001 ... 
[11:04:04.309] [18102] [WARN ] [connected:55]	the busi session create success. 
[11:04:04.804] [17284] [INFO ] [init:69]	waiting for node busi client inited ... timeout 1s.. 
[11:04:04.804] [17284] [INFO ] [init:74]	the busi node communicator is prepared !!!! 
[11:04:04.804] [17284] [INFO ] [init:86]	INIT busi node client success. user: test001, proxyEndpoint: ProxyGlacier2/router:tcp -h 202.114.114.46 -p 4502 -t 11000 
[11:04:04.804] [17284] [INFO ] [init:244]	INIT busi node client done ! 
[11:04:04.804] [17284] [INFO ] [init:48]	input ready process init ok. 
[11:04:04.804] [17284] [INFO ] [init:253]	INIT input ready processor done ! 
[11:04:04.804] [17284] [INFO ] [init:48]	ready process init ok. max request queue size: 4 
[11:04:04.804] [17284] [INFO ] [init:263]	INIT ready processor done ! 
[11:04:04.804] [17284] [INFO ] [init:269]	Mpc engine init success. 
[11:04:04.804] [18154] [INFO ] [popCommitTask:127]	to POP a commit task, task size: 0  ... 
[11:04:04.804] [17284] [INFO ] [Java_com_juzix_jugo_node_jni_NativeInterface_setDataLogLevel:155]	init the log to level: 3, data log state: 0 
[11:04:29.438] [18100] [WARN ] [MpcMemPool:42]	the mempool construction, size: 134217728, mem: 0x7ff560278010 
[11:04:30.696] [18097] [ERROR] [consumeBuffer:363]	====> the first buffer seq: 1 
[11:04:30.697] [18095] [ERROR] [consumeBuffer:363]	====> the first buffer seq: 1 
[11:04:30.708] [18094] [ERROR] [consumeBuffer:363]	====> the first buffer seq: 1 
[11:04:30.709] [18096] [ERROR] [consumeBuffer:363]	====> the first buffer seq: 1 
[11:04:35.949] [18097] [ERROR] [consumeBuffer:363]	====> the first buffer seq: 1 
[11:04:35.987] [18095] [ERROR] [consumeBuffer:363]	====> the first buffer seq: 1 
[11:04:36.080] [18096] [ERROR] [consumeBuffer:363]	====> the first buffer seq: 1 
[11:04:36.103] [18094] [ERROR] [consumeBuffer:363]	====> the first buffer seq: 1 
[11:04:39.857] [18095] [ERROR] [consumeBuffer:363]	====> the first buffer seq: 1 
[11:04:39.875] [18097] [ERROR] [consumeBuffer:363]	====> the first buffer seq: 1 
[11:04:40.011] [18096] [ERROR] [consumeBuffer:363]	====> the first buffer seq: 1 
[11:04:40.146] [18094] [ERROR] [consumeBuffer:363]	====> the first buffer seq: 1 
[11:04:43.720] [18095] [ERROR] [consumeBuffer:363]	====> the first buffer seq: 1 
[11:04:43.801] [18097] [ERROR] [consumeBuffer:363]	====> the first buffer seq: 1 
[11:04:43.911] [18096] [ERROR] [consumeBuffer:363]	====> the first buffer seq: 1 
[11:04:44.021] [18094] [ERROR] [consumeBuffer:363]	====> the first buffer seq: 1 
[11:04:47.641] [18095] [ERROR] [consumeBuffer:363]	====> the first buffer seq: 1 
[11:04:47.703] [18097] [ERROR] [consumeBuffer:363]	====> the first buffer seq: 1 
[11:04:47.856] [18096] [ERROR] [consumeBuffer:363]	====> the first buffer seq: 1 
[11:04:48.013] [18094] [ERROR] [consumeBuffer:363]	====> the first buffer seq: 1 
[11:04:51.426] [18095] [ERROR] [consumeBuffer:363]	====> the first buffer seq: 1 
[11:04:51.503] [18097] [ERROR] [consumeBuffer:363]	====> the first buffer seq: 1 
[11:04:51.766] [18096] [ERROR] [consumeBuffer:363]	====> the first buffer seq: 1 
[11:04:51.913] [18094] [ERROR] [consumeBuffer:363]	====> the first buffer seq: 1 
[11:04:55.330] [18095] [ERROR] [consumeBuffer:363]	====> the first buffer seq: 1 
[11:04:55.442] [18097] [ERROR] [consumeBuffer:363]	====> the first buffer seq: 1 
[11:04:55.693] [18096] [ERROR] [consumeBuffer:363]	====> the first buffer seq: 1 
[11:04:55.888] [18094] [ERROR] [consumeBuffer:363]	====> the first buffer seq: 1 
[11:04:59.343] [18095] [ERROR] [consumeBuffer:363]	====> the first buffer seq: 1 
[11:04:59.366] [18097] [ERROR] [consumeBuffer:363]	====> the first buffer seq: 1 
[11:04:59.743] [18096] [ERROR] [consumeBuffer:363]	====> the first buffer seq: 1 
[11:04:59.930] [18094] [ERROR] [consumeBuffer:363]	====> the first buffer seq: 1 
[11:05:03.138] [18097] [ERROR] [consumeBuffer:363]	====> the first buffer seq: 1 
[11:05:03.260] [18095] [ERROR] [consumeBuffer:363]	====> the first buffer seq: 1 
[11:05:03.587] [18096] [ERROR] [consumeBuffer:363]	====> the first buffer seq: 1 
[11:05:03.721] [18094] [ERROR] [consumeBuffer:363]	====> the first buffer seq: 1 
[11:05:07.052] [18097] [ERROR] [consumeBuffer:363]	====> the first buffer seq: 1 
[11:05:07.202] [18095] [ERROR] [consumeBuffer:363]	====> the first buffer seq: 1 
[11:05:07.491] [18096] [ERROR] [consumeBuffer:363]	====> the first buffer seq: 1 
[11:05:07.622] [18094] [ERROR] [consumeBuffer:363]	====> the first buffer seq: 1 
[11:05:11.007] [18097] [ERROR] [consumeBuffer:363]	====> the first buffer seq: 1 
[11:05:11.110] [18095] [ERROR] [consumeBuffer:363]	====> the first buffer seq: 1 
[11:05:11.363] [18096] [ERROR] [consumeBuffer:363]	====> the first buffer seq: 1 
[11:05:11.519] [18094] [ERROR] [consumeBuffer:363]	====> the first buffer seq: 1 
[11:05:15.215] [18095] [ERROR] [consumeBuffer:363]	====> the first buffer seq: 1 
[11:05:15.216] [18097] [ERROR] [consumeBuffer:363]	====> the first buffer seq: 1 
[11:05:15.249] [18096] [ERROR] [consumeBuffer:363]	====> the first buffer seq: 1 
[11:05:15.273] [18094] [ERROR] [consumeBuffer:363]	====> the first buffer seq: 1 
[11:05:19.098] [18096] [ERROR] [consumeBuffer:363]	====> the first buffer seq: 1 
[11:05:19.133] [18097] [ERROR] [consumeBuffer:363]	====> the first buffer seq: 1 
[11:05:19.187] [18095] [ERROR] [consumeBuffer:363]	====> the first buffer seq: 1 
[11:05:19.213] [18094] [ERROR] [consumeBuffer:363]	====> the first buffer seq: 1 
[11:05:23.023] [18096] [ERROR] [consumeBuffer:363]	====> the first buffer seq: 1 
[11:05:23.106] [18097] [ERROR] [consumeBuffer:363]	====> the first buffer seq: 1 
[11:05:23.195] [18095] [ERROR] [consumeBuffer:363]	====> the first buffer seq: 1 
[11:05:23.225] [18094] [ERROR] [consumeBuffer:363]	====> the first buffer seq: 1 
[11:05:26.850] [18096] [ERROR] [consumeBuffer:363]	====> the first buffer seq: 1 
[11:05:27.042] [18097] [ERROR] [consumeBuffer:363]	====> the first buffer seq: 1 
[11:05:27.212] [18094] [ERROR] [consumeBuffer:363]	====> the first buffer seq: 1 
[11:05:27.220] [18095] [ERROR] [consumeBuffer:363]	====> the first buffer seq: 1 
[11:05:30.595] [18096] [ERROR] [consumeBuffer:363]	====> the first buffer seq: 1 
[11:05:30.892] [18097] [ERROR] [consumeBuffer:363]	====> the first buffer seq: 1 
[11:05:31.167] [18095] [ERROR] [consumeBuffer:363]	====> the first buffer seq: 1 
[11:05:31.191] [18094] [ERROR] [consumeBuffer:363]	====> the first buffer seq: 1 
[11:05:34.385] [18096] [ERROR] [consumeBuffer:363]	====> the first buffer seq: 1 
[11:05:34.670] [18097] [ERROR] [consumeBuffer:363]	====> the first buffer seq: 1 
[11:05:35.102] [18094] [ERROR] [consumeBuffer:363]	====> the first buffer seq: 1 
[11:05:35.133] [18095] [ERROR] [consumeBuffer:363]	====> the first buffer seq: 1 
[11:05:38.195] [18096] [ERROR] [consumeBuffer:363]	====> the first buffer seq: 1 
[11:05:38.430] [18097] [ERROR] [consumeBuffer:363]	====> the first buffer seq: 1 
[11:05:38.891] [18094] [ERROR] [consumeBuffer:363]	====> the first buffer seq: 1 
[11:05:39.029] [18095] [ERROR] [consumeBuffer:363]	====> the first buffer seq: 1 
[11:05:41.908] [18096] [ERROR] [consumeBuffer:363]	====> the first buffer seq: 1 
[11:05:42.317] [18097] [ERROR] [consumeBuffer:363]	====> the first buffer seq: 1 
[11:05:42.820] [18094] [ERROR] [consumeBuffer:363]	====> the first buffer seq: 1 
[11:05:43.022] [18095] [ERROR] [consumeBuffer:363]	====> the first buffer seq: 1 
[11:05:45.919] [18096] [ERROR] [consumeBuffer:363]	====> the first buffer seq: 1 
[11:05:46.309] [18097] [ERROR] [consumeBuffer:363]	====> the first buffer seq: 1 
[11:05:46.728] [18094] [ERROR] [consumeBuffer:363]	====> the first buffer seq: 1 
[11:05:46.873] [18095] [ERROR] [consumeBuffer:363]	====> the first buffer seq: 1 
[11:05:49.697] [18096] [ERROR] [consumeBuffer:363]	====> the first buffer seq: 1 
[11:05:50.257] [18097] [ERROR] [consumeBuffer:363]	====> the first buffer seq: 1 
[11:05:50.575] [18094] [ERROR] [consumeBuffer:363]	====> the first buffer seq: 1 
[11:05:50.741] [18095] [ERROR] [consumeBuffer:363]	====> the first buffer seq: 1 
[11:05:53.502] [18096] [ERROR] [consumeBuffer:363]	====> the first buffer seq: 1 
[11:05:54.303] [18097] [ERROR] [consumeBuffer:363]	====> the first buffer seq: 1 
[11:05:54.426] [18094] [ERROR] [consumeBuffer:363]	====> the first buffer seq: 1 
[11:05:54.644] [18095] [ERROR] [consumeBuffer:363]	====> the first buffer seq: 1 
[11:05:57.246] [18096] [ERROR] [consumeBuffer:363]	====> the first buffer seq: 1 
[11:05:58.180] [18097] [ERROR] [consumeBuffer:363]	====> the first buffer seq: 1 
[11:05:58.369] [18094] [ERROR] [consumeBuffer:363]	====> the first buffer seq: 1 
[11:05:58.579] [18095] [ERROR] [consumeBuffer:363]	====> the first buffer seq: 1 
[11:06:01.003] [18096] [ERROR] [consumeBuffer:363]	====> the first buffer seq: 1 
[11:06:01.985] [18097] [ERROR] [consumeBuffer:363]	====> the first buffer seq: 1 
[11:06:02.261] [18094] [ERROR] [consumeBuffer:363]	====> the first buffer seq: 1 
[11:06:02.409] [18095] [ERROR] [consumeBuffer:363]	====> the first buffer seq: 1 
[11:06:04.763] [18096] [ERROR] [consumeBuffer:363]	====> the first buffer seq: 1 
[11:06:05.788] [18097] [ERROR] [consumeBuffer:363]	====> the first buffer seq: 1 
[11:06:06.071] [18094] [ERROR] [consumeBuffer:363]	====> the first buffer seq: 1 
[11:06:06.336] [18095] [ERROR] [consumeBuffer:363]	====> the first buffer seq: 1 
[11:13:07.163] [18101] [ERROR] [error:157]	got error busi back: a758fb68-87dd-4ba8-aa73-28af56157c1e, code: 1007 
[11:13:07.163] [18101] [WARN ] [error:167]	busi err back, erase task failed, cannot find cache task: a758fb68-87dd-4ba8-aa73-28af56157c1e !  [THE user: test001] 
[11:13:07.164] [24632] [ERROR] [error:157]	got error busi back: 65e326cc-f11e-47e9-aa89-2dd07f0fc3d3, code: 1007 
[11:13:07.164] [24632] [WARN ] [error:167]	busi err back, erase task failed, cannot find cache task: 65e326cc-f11e-47e9-aa89-2dd07f0fc3d3 !  [THE user: test001] 
[11:13:07.165] [18101] [ERROR] [error:157]	got error busi back: bdec3121-4da9-4f8b-bf2f-29c83c50f20f, code: 1007 
[11:13:07.165] [18101] [WARN ] [error:167]	busi err back, erase task failed, cannot find cache task: bdec3121-4da9-4f8b-bf2f-29c83c50f20f !  [THE user: test001] 
[11:13:07.165] [24632] [ERROR] [error:157]	got error busi back: 10ab5684-74dc-4597-aa14-edb1912fff66, code: 1007 
[11:13:07.165] [24632] [WARN ] [error:167]	busi err back, erase task failed, cannot find cache task: 10ab5684-74dc-4597-aa14-edb1912fff66 !  [THE user: test001] 
[11:13:07.166] [18101] [ERROR] [error:157]	got error busi back: 599f2e9a-460e-4745-a431-63f1a9318e75, code: 1007 
[11:13:07.166] [18101] [WARN ] [error:167]	busi err back, erase task failed, cannot find cache task: 599f2e9a-460e-4745-a431-63f1a9318e75 !  [THE user: test001] 
[11:13:07.167] [24632] [ERROR] [error:157]	got error busi back: 3a6998e3-4d83-4b64-88a9-5863046b5ede, code: 1007 
[11:13:07.167] [24632] [WARN ] [error:167]	busi err back, erase task failed, cannot find cache task: 3a6998e3-4d83-4b64-88a9-5863046b5ede !  [THE user: test001] 
[11:13:07.167] [18101] [ERROR] [error:157]	got error busi back: b5564c12-1b7b-46a3-a977-fa0a1d942301, code: 1007 
[11:13:07.167] [18101] [WARN ] [error:167]	busi err back, erase task failed, cannot find cache task: b5564c12-1b7b-46a3-a977-fa0a1d942301 !  [THE user: test001] 
[11:13:07.171] [24632] [ERROR] [error:157]	got error busi back: 5c033499-96fe-4184-908e-c4c3ccddb7f2, code: 1007 
[11:13:07.171] [24632] [WARN ] [error:167]	busi err back, erase task failed, cannot find cache task: 5c033499-96fe-4184-908e-c4c3ccddb7f2 !  [THE user: test001] 
[11:13:07.172] [18101] [ERROR] [error:157]	got error busi back: 2ba25aa1-fc9d-4103-91ad-feb705a9e698, code: 1007 
[11:13:07.172] [18101] [WARN ] [error:167]	busi err back, erase task failed, cannot find cache task: 2ba25aa1-fc9d-4103-91ad-feb705a9e698 !  [THE user: test001] 
[11:13:07.173] [24632] [ERROR] [error:157]	got error busi back: a40d7f45-6ee2-4516-a9c4-4cc4396a6f23, code: 1007 
[11:13:07.173] [24632] [WARN ] [error:167]	busi err back, erase task failed, cannot find cache task: a40d7f45-6ee2-4516-a9c4-4cc4396a6f23 !  [THE user: test001] 
[11:13:07.174] [18101] [ERROR] [error:157]	got error busi back: 5edb3deb-5679-45c4-af8e-7a766763231d, code: 1007 
[11:13:07.174] [18101] [WARN ] [error:167]	busi err back, erase task failed, cannot find cache task: 5edb3deb-5679-45c4-af8e-7a766763231d !  [THE user: test001] 
[11:13:07.174] [18101] [ERROR] [error:157]	got error busi back: 27aa2967-ea70-4656-99cd-3f8858454c9d, code: 1007 
[11:13:07.174] [18101] [WARN ] [error:167]	busi err back, erase task failed, cannot find cache task: 27aa2967-ea70-4656-99cd-3f8858454c9d !  [THE user: test001] 
[11:13:07.175] [24632] [ERROR] [error:157]	got error busi back: 59578f7d-4e37-453a-b744-da9c7955eee9, code: 1007 
[11:13:07.175] [24632] [WARN ] [error:167]	busi err back, erase task failed, cannot find cache task: 59578f7d-4e37-453a-b744-da9c7955eee9 !  [THE user: test001] 
[11:13:07.175] [18101] [ERROR] [error:157]	got error busi back: cf3f91b7-dd8d-4024-8737-52689f2aa5f8, code: 1007 
[11:13:07.175] [18101] [WARN ] [error:167]	busi err back, erase task failed, cannot find cache task: cf3f91b7-dd8d-4024-8737-52689f2aa5f8 !  [THE user: test001] 
[11:13:07.176] [24632] [ERROR] [error:157]	got error busi back: 908007e8-a282-4bb3-9c3b-3b1417e19f3c, code: 1007 
[11:13:07.176] [24632] [WARN ] [error:167]	busi err back, erase task failed, cannot find cache task: 908007e8-a282-4bb3-9c3b-3b1417e19f3c !  [THE user: test001] 
[11:13:07.176] [18101] [ERROR] [error:157]	got error busi back: a926fc2b-504d-4761-b0bf-47e08060e938, code: 1007 
[11:13:07.176] [18101] [WARN ] [error:167]	busi err back, erase task failed, cannot find cache task: a926fc2b-504d-4761-b0bf-47e08060e938 !  [THE user: test001] 
[11:13:07.177] [24632] [ERROR] [error:157]	got error busi back: e7e1f08b-4ba6-4215-a894-25a0aeeb7396, code: 1007 
[11:13:07.177] [24632] [WARN ] [error:167]	busi err back, erase task failed, cannot find cache task: e7e1f08b-4ba6-4215-a894-25a0aeeb7396 !  [THE user: test001] 
[11:13:07.177] [18101] [ERROR] [error:157]	got error busi back: e5bdd831-07e3-4a30-82ec-7c96609d8869, code: 1007 
[11:13:07.177] [18101] [WARN ] [error:167]	busi err back, erase task failed, cannot find cache task: e5bdd831-07e3-4a30-82ec-7c96609d8869 !  [THE user: test001] 
[11:13:07.178] [24632] [ERROR] [error:157]	got error busi back: f1fac291-a6bb-46a7-8374-ba9371e64352, code: 1007 
[11:13:07.178] [24632] [WARN ] [error:167]	busi err back, erase task failed, cannot find cache task: f1fac291-a6bb-46a7-8374-ba9371e64352 !  [THE user: test001] 
[11:13:07.178] [18101] [ERROR] [error:157]	got error busi back: b736587d-9a3f-46a5-b380-5d2001483bf7, code: 1007 
[11:13:07.179] [18101] [WARN ] [error:167]	busi err back, erase task failed, cannot find cache task: b736587d-9a3f-46a5-b380-5d2001483bf7 !  [THE user: test001] 
[11:13:07.179] [24632] [ERROR] [error:157]	got error busi back: 5a52949b-4c9e-4d4f-9371-195de7f401af, code: 1007 
[11:13:07.179] [24632] [WARN ] [error:167]	busi err back, erase task failed, cannot find cache task: 5a52949b-4c9e-4d4f-9371-195de7f401af !  [THE user: test001] 
[11:13:07.180] [18101] [ERROR] [error:157]	got error busi back: ba5cfd98-b4b1-4718-9a90-258209a9c66a, code: 1007 
[11:13:07.180] [18101] [WARN ] [error:167]	busi err back, erase task failed, cannot find cache task: ba5cfd98-b4b1-4718-9a90-258209a9c66a !  [THE user: test001] 
[11:13:07.180] [24632] [ERROR] [error:157]	got error busi back: 091b0d01-ffb3-485f-9b51-9c41da6cd70c, code: 1007 
[11:13:07.180] [24632] [WARN ] [error:167]	busi err back, erase task failed, cannot find cache task: 091b0d01-ffb3-485f-9b51-9c41da6cd70c !  [THE user: test001] 
[11:13:07.181] [18101] [ERROR] [error:157]	got error busi back: 0250274b-8c5c-4187-b4c7-7accdb6ef9b5, code: 1007 
[11:13:07.181] [18101] [WARN ] [error:167]	busi err back, erase task failed, cannot find cache task: 0250274b-8c5c-4187-b4c7-7accdb6ef9b5 !  [THE user: test001] 
[11:13:07.181] [24632] [ERROR] [error:157]	got error busi back: 18891c90-06df-4a9c-89ae-92b665d10bb8, code: 1007 
[11:13:07.181] [24632] [WARN ] [error:167]	busi err back, erase task failed, cannot find cache task: 18891c90-06df-4a9c-89ae-92b665d10bb8 !  [THE user: test001] 
[11:13:07.182] [18101] [ERROR] [error:157]	got error busi back: 8875d4e6-9d9d-4163-a7be-366519e67036, code: 1007 
[11:13:07.182] [18101] [WARN ] [error:167]	busi err back, erase task failed, cannot find cache task: 8875d4e6-9d9d-4163-a7be-366519e67036 !  [THE user: test001] 
[11:13:07.182] [24632] [ERROR] [error:157]	got error busi back: 6ec76a0d-40f4-406b-9a8e-843646dc031b, code: 1007 
[11:13:07.182] [24632] [WARN ] [error:167]	busi err back, erase task failed, cannot find cache task: 6ec76a0d-40f4-406b-9a8e-843646dc031b !  [THE user: test001] 
[11:13:07.183] [18101] [ERROR] [error:157]	got error busi back: 08cc42f0-636a-467c-b05a-8286e1653dc4, code: 1007 
[11:13:07.183] [18101] [WARN ] [error:167]	busi err back, erase task failed, cannot find cache task: 08cc42f0-636a-467c-b05a-8286e1653dc4 !  [THE user: test001] 
[11:13:07.183] [24632] [ERROR] [error:157]	got error busi back: 07deee8a-db89-4d09-ad34-7397c7e1645a, code: 1007 
[11:13:07.183] [24632] [WARN ] [error:167]	busi err back, erase task failed, cannot find cache task: 07deee8a-db89-4d09-ad34-7397c7e1645a !  [THE user: test001] 
[11:13:07.184] [18101] [ERROR] [error:157]	got error busi back: 22514f07-4ef7-4313-ba2c-53d6acf47333, code: 1007 
[11:13:07.184] [18101] [WARN ] [error:167]	busi err back, erase task failed, cannot find cache task: 22514f07-4ef7-4313-ba2c-53d6acf47333 !  [THE user: test001] 
[11:13:07.184] [24632] [ERROR] [error:157]	got error busi back: c0366b40-c2a9-48b8-a033-09f63005f952, code: 1007 
[11:13:07.184] [24632] [WARN ] [error:167]	busi err back, erase task failed, cannot find cache task: c0366b40-c2a9-48b8-a033-09f63005f952 !  [THE user: test001] 
[11:13:07.185] [18101] [ERROR] [error:157]	got error busi back: 47e65463-a686-401c-8faf-a2ee65631864, code: 1007 
[11:13:07.185] [18101] [WARN ] [error:167]	busi err back, erase task failed, cannot find cache task: 47e65463-a686-401c-8faf-a2ee65631864 !  [THE user: test001] 
[11:13:07.185] [24632] [ERROR] [error:157]	got error busi back: 33648fc1-05bc-462b-9e61-2d6ee7263dba, code: 1007 
[11:13:07.185] [24632] [WARN ] [error:167]	busi err back, erase task failed, cannot find cache task: 33648fc1-05bc-462b-9e61-2d6ee7263dba !  [THE user: test001] 
[11:13:07.186] [18101] [ERROR] [error:157]	got error busi back: 244ef96d-8541-41e1-b5a3-028c73dad48a, code: 1007 
[11:13:07.186] [18101] [WARN ] [error:167]	busi err back, erase task failed, cannot find cache task: 244ef96d-8541-41e1-b5a3-028c73dad48a !  [THE user: test001] 
[11:13:07.186] [24632] [ERROR] [error:157]	got error busi back: f75aa62d-36f6-4864-bf77-dcb7f47f271a, code: 1007 
[11:13:07.186] [24632] [WARN ] [error:167]	busi err back, erase task failed, cannot find cache task: f75aa62d-36f6-4864-bf77-dcb7f47f271a !  [THE user: test001] 
[11:13:07.187] [18101] [ERROR] [error:157]	got error busi back: aef17056-e04f-475d-8cc0-35f5e5e0a38a, code: 1007 
[11:13:07.187] [18101] [WARN ] [error:167]	busi err back, erase task failed, cannot find cache task: aef17056-e04f-475d-8cc0-35f5e5e0a38a !  [THE user: test001] 
[11:13:07.187] [24632] [ERROR] [error:157]	got error busi back: 308037b6-4eff-4249-a707-abbabcabb8a8, code: 1007 
[11:13:07.187] [24632] [WARN ] [error:167]	busi err back, erase task failed, cannot find cache task: 308037b6-4eff-4249-a707-abbabcabb8a8 !  [THE user: test001] 
[11:13:07.188] [18101] [ERROR] [error:157]	got error busi back: 6d0f588d-3587-4c0f-848b-e7e25cd5ee6e, code: 1007 
[11:13:07.188] [18101] [WARN ] [error:167]	busi err back, erase task failed, cannot find cache task: 6d0f588d-3587-4c0f-848b-e7e25cd5ee6e !  [THE user: test001] 
[11:13:07.188] [24632] [ERROR] [error:157]	got error busi back: 689cc0f7-e07a-4045-9cf3-a572a0a2cf2d, code: 1007 
[11:13:07.188] [24632] [WARN ] [error:167]	busi err back, erase task failed, cannot find cache task: 689cc0f7-e07a-4045-9cf3-a572a0a2cf2d !  [THE user: test001] 
[11:13:07.189] [18101] [ERROR] [error:157]	got error busi back: 716b0af4-1a76-4894-ab39-01a006955946, code: 1007 
[11:13:07.189] [18101] [WARN ] [error:167]	busi err back, erase task failed, cannot find cache task: 716b0af4-1a76-4894-ab39-01a006955946 !  [THE user: test001] 
[11:13:07.189] [24632] [ERROR] [error:157]	got error busi back: 7515218e-bb61-49e7-8df8-b1691aa8782a, code: 1007 
[11:13:07.189] [24632] [WARN ] [error:167]	busi err back, erase task failed, cannot find cache task: 7515218e-bb61-49e7-8df8-b1691aa8782a !  [THE user: test001] 
[11:13:07.190] [18101] [ERROR] [error:157]	got error busi back: df02463e-efd5-4d64-99aa-e09ff4662ef5, code: 1007 
[11:13:07.190] [18101] [WARN ] [error:167]	busi err back, erase task failed, cannot find cache task: df02463e-efd5-4d64-99aa-e09ff4662ef5 !  [THE user: test001] 
[11:13:07.190] [24632] [ERROR] [error:157]	got error busi back: f48fbbca-b644-459e-b952-112a092e15b5, code: 1007 
[11:13:07.190] [24632] [WARN ] [error:167]	busi err back, erase task failed, cannot find cache task: f48fbbca-b644-459e-b952-112a092e15b5 !  [THE user: test001] 
[11:13:07.191] [18101] [ERROR] [error:157]	got error busi back: 74d4c184-06af-40af-86b0-87b89c1ef06a, code: 1007 
[11:13:07.191] [18101] [WARN ] [error:167]	busi err back, erase task failed, cannot find cache task: 74d4c184-06af-40af-86b0-87b89c1ef06a !  [THE user: test001] 
[11:13:07.191] [24632] [ERROR] [error:157]	got error busi back: d72d3e2d-e106-488d-9300-843d0ba09797, code: 1007 
[11:13:07.191] [24632] [WARN ] [error:167]	busi err back, erase task failed, cannot find cache task: d72d3e2d-e106-488d-9300-843d0ba09797 !  [THE user: test001] 
[11:13:07.192] [18101] [ERROR] [error:157]	got error busi back: 0ba474d0-cdff-4704-be89-de8bfa6d0660, code: 1007 
[11:13:07.192] [18101] [WARN ] [error:167]	busi err back, erase task failed, cannot find cache task: 0ba474d0-cdff-4704-be89-de8bfa6d0660 !  [THE user: test001] 
[11:13:07.192] [24632] [ERROR] [error:157]	got error busi back: e234999b-691b-4ccc-8f54-ba8faf199c5c, code: 1007 
[11:13:07.192] [24632] [WARN ] [error:167]	busi err back, erase task failed, cannot find cache task: e234999b-691b-4ccc-8f54-ba8faf199c5c !  [THE user: test001] 
[11:13:07.193] [18101] [ERROR] [error:157]	got error busi back: bba82edb-cbbf-4f51-8d74-0017f5470cec, code: 1007 
[11:13:07.193] [18101] [WARN ] [error:167]	busi err back, erase task failed, cannot find cache task: bba82edb-cbbf-4f51-8d74-0017f5470cec !  [THE user: test001] 
[11:13:07.193] [24632] [ERROR] [error:157]	got error busi back: 086228cf-a771-4300-97ec-8376681ea113, code: 1007 
[11:13:07.193] [24632] [WARN ] [error:167]	busi err back, erase task failed, cannot find cache task: 086228cf-a771-4300-97ec-8376681ea113 !  [THE user: test001] 
[11:13:07.194] [18101] [ERROR] [error:157]	got error busi back: beb4f556-e2b2-473b-ad4e-7cb90d19264e, code: 1007 
[11:13:07.194] [18101] [WARN ] [error:167]	busi err back, erase task failed, cannot find cache task: beb4f556-e2b2-473b-ad4e-7cb90d19264e !  [THE user: test001] 
[11:13:07.194] [24632] [ERROR] [error:157]	got error busi back: 9fa4bbf2-6051-4165-89c2-d9f75ae2ff4a, code: 1007 
[11:13:07.194] [24632] [WARN ] [error:167]	busi err back, erase task failed, cannot find cache task: 9fa4bbf2-6051-4165-89c2-d9f75ae2ff4a !  [THE user: test001] 
[11:13:07.195] [18101] [ERROR] [error:157]	got error busi back: 8fc10e0b-2d75-46c9-aaf7-d557b68d5f38, code: 1007 
[11:13:07.195] [18101] [WARN ] [error:167]	busi err back, erase task failed, cannot find cache task: 8fc10e0b-2d75-46c9-aaf7-d557b68d5f38 !  [THE user: test001] 
[11:13:07.195] [24632] [ERROR] [error:157]	got error busi back: 60031659-e9ce-4092-8d4b-945df6385041, code: 1007 
[11:13:07.195] [24632] [WARN ] [error:167]	busi err back, erase task failed, cannot find cache task: 60031659-e9ce-4092-8d4b-945df6385041 !  [THE user: test001] 
[11:13:07.196] [18101] [ERROR] [error:157]	got error busi back: 3c02e17f-a864-4caa-a13e-ee06ac0e15dd, code: 1007 
[11:13:07.196] [18101] [WARN ] [error:167]	busi err back, erase task failed, cannot find cache task: 3c02e17f-a864-4caa-a13e-ee06ac0e15dd !  [THE user: test001] 
[11:13:07.196] [24632] [ERROR] [error:157]	got error busi back: 014f8a36-3cfa-4605-b133-9ea0c8471e3c, code: 1007 
[11:13:07.196] [24632] [WARN ] [error:167]	busi err back, erase task failed, cannot find cache task: 014f8a36-3cfa-4605-b133-9ea0c8471e3c !  [THE user: test001] 
[11:13:07.197] [18101] [ERROR] [error:157]	got error busi back: 18fbf605-2c8f-41f6-ac8d-a849d006aee1, code: 1007 
[11:13:07.197] [18101] [WARN ] [error:167]	busi err back, erase task failed, cannot find cache task: 18fbf605-2c8f-41f6-ac8d-a849d006aee1 !  [THE user: test001] 
[11:13:07.197] [24632] [ERROR] [error:157]	got error busi back: 4452d012-3425-499d-9f1f-fea0f036972f, code: 1007 
[11:13:07.197] [24632] [WARN ] [error:167]	busi err back, erase task failed, cannot find cache task: 4452d012-3425-499d-9f1f-fea0f036972f !  [THE user: test001] 
[11:13:07.198] [18101] [ERROR] [error:157]	got error busi back: 7ec9f453-86d0-4c08-9ef8-db504c3250ed, code: 1007 
[11:13:07.198] [18101] [WARN ] [error:167]	busi err back, erase task failed, cannot find cache task: 7ec9f453-86d0-4c08-9ef8-db504c3250ed !  [THE user: test001] 
[11:13:07.198] [24632] [ERROR] [error:157]	got error busi back: 958ac688-65c7-4e25-8b28-0d5635e0b5c9, code: 1007 
[11:13:07.198] [24632] [WARN ] [error:167]	busi err back, erase task failed, cannot find cache task: 958ac688-65c7-4e25-8b28-0d5635e0b5c9 !  [THE user: test001] 
[11:13:07.199] [18101] [ERROR] [error:157]	got error busi back: a8a7fb41-6eca-4f2a-ae5f-59e6983d5f83, code: 1007 
[11:13:07.199] [18101] [WARN ] [error:167]	busi err back, erase task failed, cannot find cache task: a8a7fb41-6eca-4f2a-ae5f-59e6983d5f83 !  [THE user: test001] 
[11:13:07.200] [24632] [ERROR] [error:157]	got error busi back: 16ae256b-7d7b-436e-bf61-7184e8b47fa5, code: 1007 
[11:13:07.200] [24632] [WARN ] [error:167]	busi err back, erase task failed, cannot find cache task: 16ae256b-7d7b-436e-bf61-7184e8b47fa5 !  [THE user: test001] 
[11:13:25.338] [18096] [ERROR] [consumeBuffer:363]	====> the first buffer seq: 1 
[11:13:25.348] [18094] [ERROR] [consumeBuffer:363]	====> the first buffer seq: 1 
[11:13:25.349] [18097] [ERROR] [consumeBuffer:363]	====> the first buffer seq: 1 
[11:13:25.353] [18095] [ERROR] [consumeBuffer:363]	====> the first buffer seq: 1 
[11:13:30.339] [18097] [ERROR] [consumeBuffer:363]	====> the first buffer seq: 1 
[11:13:30.492] [18096] [ERROR] [consumeBuffer:363]	====> the first buffer seq: 1 
[11:13:30.618] [18095] [ERROR] [consumeBuffer:363]	====> the first buffer seq: 1 
[11:13:30.720] [18094] [ERROR] [consumeBuffer:363]	====> the first buffer seq: 1 
[11:13:34.193] [18097] [ERROR] [consumeBuffer:363]	====> the first buffer seq: 1 
[11:13:34.429] [18096] [ERROR] [consumeBuffer:363]	====> the first buffer seq: 1 
[11:13:34.493] [18095] [ERROR] [consumeBuffer:363]	====> the first buffer seq: 1 
[11:13:34.712] [18094] [ERROR] [consumeBuffer:363]	====> the first buffer seq: 1 
[11:13:38.118] [18097] [ERROR] [consumeBuffer:363]	====> the first buffer seq: 1 
[11:13:38.432] [18096] [ERROR] [consumeBuffer:363]	====> the first buffer seq: 1 
[11:13:38.619] [18095] [ERROR] [consumeBuffer:363]	====> the first buffer seq: 1 
[11:13:38.732] [18094] [ERROR] [consumeBuffer:363]	====> the first buffer seq: 1 
[11:13:41.895] [18097] [ERROR] [consumeBuffer:363]	====> the first buffer seq: 1 
[11:13:42.243] [18096] [ERROR] [consumeBuffer:363]	====> the first buffer seq: 1 
[11:13:42.532] [18095] [ERROR] [consumeBuffer:363]	====> the first buffer seq: 1 
[11:13:42.660] [18094] [ERROR] [consumeBuffer:363]	====> the first buffer seq: 1 
[11:13:45.855] [18097] [ERROR] [consumeBuffer:363]	====> the first buffer seq: 1 
[11:13:46.089] [18096] [ERROR] [consumeBuffer:363]	====> the first buffer seq: 1 
[11:13:46.335] [18095] [ERROR] [consumeBuffer:363]	====> the first buffer seq: 1 
[11:13:46.586] [18094] [ERROR] [consumeBuffer:363]	====> the first buffer seq: 1 
[11:13:49.778] [18097] [ERROR] [consumeBuffer:363]	====> the first buffer seq: 1 
[11:13:49.958] [18096] [ERROR] [consumeBuffer:363]	====> the first buffer seq: 1 
[11:13:50.233] [18095] [ERROR] [consumeBuffer:363]	====> the first buffer seq: 1 
[11:13:50.605] [18094] [ERROR] [consumeBuffer:363]	====> the first buffer seq: 1 
[11:13:53.630] [18097] [ERROR] [consumeBuffer:363]	====> the first buffer seq: 1 
[11:13:53.965] [18096] [ERROR] [consumeBuffer:363]	====> the first buffer seq: 1 
[11:13:54.057] [18095] [ERROR] [consumeBuffer:363]	====> the first buffer seq: 1 
[11:13:54.596] [18094] [ERROR] [consumeBuffer:363]	====> the first buffer seq: 1 
[11:13:57.496] [18097] [ERROR] [consumeBuffer:363]	====> the first buffer seq: 1 
[11:13:57.911] [18096] [ERROR] [consumeBuffer:363]	====> the first buffer seq: 1 
[11:13:58.074] [18095] [ERROR] [consumeBuffer:363]	====> the first buffer seq: 1 
[11:13:58.399] [18094] [ERROR] [consumeBuffer:363]	====> the first buffer seq: 1 
[11:14:01.443] [18097] [ERROR] [consumeBuffer:363]	====> the first buffer seq: 1 
[11:14:01.886] [18096] [ERROR] [consumeBuffer:363]	====> the first buffer seq: 1 
[11:14:02.037] [18095] [ERROR] [consumeBuffer:363]	====> the first buffer seq: 1 
[11:14:02.292] [18094] [ERROR] [consumeBuffer:363]	====> the first buffer seq: 1 
[11:14:05.156] [18097] [ERROR] [consumeBuffer:363]	====> the first buffer seq: 1 
[11:14:05.791] [18096] [ERROR] [consumeBuffer:363]	====> the first buffer seq: 1 
[11:14:05.878] [18095] [ERROR] [consumeBuffer:363]	====> the first buffer seq: 1 
[11:14:06.169] [18094] [ERROR] [consumeBuffer:363]	====> the first buffer seq: 1 
[11:14:08.974] [18097] [ERROR] [consumeBuffer:363]	====> the first buffer seq: 1 
[11:14:09.698] [18096] [ERROR] [consumeBuffer:363]	====> the first buffer seq: 1 
[11:14:09.789] [18095] [ERROR] [consumeBuffer:363]	====> the first buffer seq: 1 
[11:14:09.989] [18094] [ERROR] [consumeBuffer:363]	====> the first buffer seq: 1 
[11:14:12.704] [18097] [ERROR] [consumeBuffer:363]	====> the first buffer seq: 1 
[11:14:13.407] [18096] [ERROR] [consumeBuffer:363]	====> the first buffer seq: 1 
[11:14:13.522] [18095] [ERROR] [consumeBuffer:363]	====> the first buffer seq: 1 
[11:14:13.859] [18094] [ERROR] [consumeBuffer:363]	====> the first buffer seq: 1 
[11:14:16.464] [18097] [ERROR] [consumeBuffer:363]	====> the first buffer seq: 1 
[11:14:17.211] [18096] [ERROR] [consumeBuffer:363]	====> the first buffer seq: 1 
[11:14:17.357] [18095] [ERROR] [consumeBuffer:363]	====> the first buffer seq: 1 
[11:14:17.642] [18094] [ERROR] [consumeBuffer:363]	====> the first buffer seq: 1 
[11:14:20.333] [18097] [ERROR] [consumeBuffer:363]	====> the first buffer seq: 1 
[11:14:21.154] [18096] [ERROR] [consumeBuffer:363]	====> the first buffer seq: 1 
[11:14:21.258] [18095] [ERROR] [consumeBuffer:363]	====> the first buffer seq: 1 
[11:14:21.567] [18094] [ERROR] [consumeBuffer:363]	====> the first buffer seq: 1 
[11:14:24.093] [18097] [ERROR] [consumeBuffer:363]	====> the first buffer seq: 1 
[11:14:24.994] [18096] [ERROR] [consumeBuffer:363]	====> the first buffer seq: 1 
[11:14:25.144] [18095] [ERROR] [consumeBuffer:363]	====> the first buffer seq: 1 
[11:14:25.347] [18094] [ERROR] [consumeBuffer:363]	====> the first buffer seq: 1 
[11:14:27.910] [18097] [ERROR] [consumeBuffer:363]	====> the first buffer seq: 1 
[11:14:28.836] [18096] [ERROR] [consumeBuffer:363]	====> the first buffer seq: 1 
[11:14:29.051] [18095] [ERROR] [consumeBuffer:363]	====> the first buffer seq: 1 
[11:14:29.158] [18094] [ERROR] [consumeBuffer:363]	====> the first buffer seq: 1 
[11:14:31.709] [18097] [ERROR] [consumeBuffer:363]	====> the first buffer seq: 1 
[11:14:32.616] [18096] [ERROR] [consumeBuffer:363]	====> the first buffer seq: 1 
[11:14:33.031] [18095] [ERROR] [consumeBuffer:363]	====> the first buffer seq: 1 
[11:14:33.164] [18094] [ERROR] [consumeBuffer:363]	====> the first buffer seq: 1 
[11:14:35.393] [18097] [ERROR] [consumeBuffer:363]	====> the first buffer seq: 1 
[11:14:36.318] [18096] [ERROR] [consumeBuffer:363]	====> the first buffer seq: 1 
[11:14:36.803] [18095] [ERROR] [consumeBuffer:363]	====> the first buffer seq: 1 
[11:14:36.902] [18094] [ERROR] [consumeBuffer:363]	====> the first buffer seq: 1 
[11:14:39.150] [18097] [ERROR] [consumeBuffer:363]	====> the first buffer seq: 1 
[11:14:40.174] [18096] [ERROR] [consumeBuffer:363]	====> the first buffer seq: 1 
[11:14:40.667] [18095] [ERROR] [consumeBuffer:363]	====> the first buffer seq: 1 
[11:14:40.796] [18094] [ERROR] [consumeBuffer:363]	====> the first buffer seq: 1 
[11:14:42.954] [18097] [ERROR] [consumeBuffer:363]	====> the first buffer seq: 1 
[11:14:44.075] [18096] [ERROR] [consumeBuffer:363]	====> the first buffer seq: 1 
[11:14:44.679] [18095] [ERROR] [consumeBuffer:363]	====> the first buffer seq: 1 
[11:14:44.810] [18094] [ERROR] [consumeBuffer:363]	====> the first buffer seq: 1 
[11:14:46.644] [18097] [ERROR] [consumeBuffer:363]	====> the first buffer seq: 1 
[11:14:47.909] [18096] [ERROR] [consumeBuffer:363]	====> the first buffer seq: 1 
[11:14:48.653] [18094] [ERROR] [consumeBuffer:363]	====> the first buffer seq: 1 
[11:14:48.691] [18095] [ERROR] [consumeBuffer:363]	====> the first buffer seq: 1 
[11:14:50.294] [18097] [ERROR] [consumeBuffer:363]	====> the first buffer seq: 1 
[11:14:51.830] [18096] [ERROR] [consumeBuffer:363]	====> the first buffer seq: 1 
[11:14:52.431] [18094] [ERROR] [consumeBuffer:363]	====> the first buffer seq: 1 
[11:14:52.712] [18095] [ERROR] [consumeBuffer:363]	====> the first buffer seq: 1 
[11:14:54.002] [18097] [ERROR] [consumeBuffer:363]	====> the first buffer seq: 1 
[11:14:55.641] [18096] [ERROR] [consumeBuffer:363]	====> the first buffer seq: 1 
[11:14:56.241] [18094] [ERROR] [consumeBuffer:363]	====> the first buffer seq: 1 
[11:14:56.542] [18095] [ERROR] [consumeBuffer:363]	====> the first buffer seq: 1 
[11:14:57.795] [18097] [ERROR] [consumeBuffer:363]	====> the first buffer seq: 1 
[11:14:59.466] [18096] [ERROR] [consumeBuffer:363]	====> the first buffer seq: 1 
[11:15:00.148] [18094] [ERROR] [consumeBuffer:363]	====> the first buffer seq: 1 
[11:15:00.576] [18095] [ERROR] [consumeBuffer:363]	====> the first buffer seq: 1 
[11:18:28.755] [18097] [ERROR] [consumeBuffer:363]	====> the first buffer seq: 1 
[11:18:28.760] [18094] [ERROR] [consumeBuffer:363]	====> the first buffer seq: 1 
[11:18:28.761] [18096] [ERROR] [consumeBuffer:363]	====> the first buffer seq: 1 
[11:18:28.764] [18095] [ERROR] [consumeBuffer:363]	====> the first buffer seq: 1 
[11:18:32.806] [18097] [ERROR] [consumeBuffer:363]	====> the first buffer seq: 1 
[11:18:32.807] [18094] [ERROR] [consumeBuffer:363]	====> the first buffer seq: 1 
[11:18:32.889] [18096] [ERROR] [consumeBuffer:363]	====> the first buffer seq: 1 
[11:18:32.985] [18095] [ERROR] [consumeBuffer:363]	====> the first buffer seq: 1 
[11:18:36.744] [18097] [ERROR] [consumeBuffer:363]	====> the first buffer seq: 1 
[11:18:36.884] [18096] [ERROR] [consumeBuffer:363]	====> the first buffer seq: 1 
[11:18:36.916] [18094] [ERROR] [consumeBuffer:363]	====> the first buffer seq: 1 
[11:18:37.082] [18095] [ERROR] [consumeBuffer:363]	====> the first buffer seq: 1 
[11:18:40.730] [18097] [ERROR] [consumeBuffer:363]	====> the first buffer seq: 1 
[11:18:40.846] [18096] [ERROR] [consumeBuffer:363]	====> the first buffer seq: 1 
[11:18:41.149] [18095] [ERROR] [consumeBuffer:363]	====> the first buffer seq: 1 
[11:18:41.156] [18094] [ERROR] [consumeBuffer:363]	====> the first buffer seq: 1 
[11:18:44.722] [18097] [ERROR] [consumeBuffer:363]	====> the first buffer seq: 1 
[11:18:45.050] [18096] [ERROR] [consumeBuffer:363]	====> the first buffer seq: 1 
[11:18:45.234] [18094] [ERROR] [consumeBuffer:363]	====> the first buffer seq: 1 
[11:18:45.340] [18095] [ERROR] [consumeBuffer:363]	====> the first buffer seq: 1 
[11:18:48.643] [18097] [ERROR] [consumeBuffer:363]	====> the first buffer seq: 1 
[11:18:49.105] [18096] [ERROR] [consumeBuffer:363]	====> the first buffer seq: 1 
[11:18:49.271] [18094] [ERROR] [consumeBuffer:363]	====> the first buffer seq: 1 
[11:18:49.424] [18095] [ERROR] [consumeBuffer:363]	====> the first buffer seq: 1 
[11:18:52.281] [18097] [ERROR] [consumeBuffer:363]	====> the first buffer seq: 1 
[11:18:53.141] [18096] [ERROR] [consumeBuffer:363]	====> the first buffer seq: 1 
[11:18:53.252] [18094] [ERROR] [consumeBuffer:363]	====> the first buffer seq: 1 
[11:18:53.415] [18095] [ERROR] [consumeBuffer:363]	====> the first buffer seq: 1 
[11:18:56.125] [18097] [ERROR] [consumeBuffer:363]	====> the first buffer seq: 1 
[11:18:57.101] [18096] [ERROR] [consumeBuffer:363]	====> the first buffer seq: 1 
[11:18:57.219] [18094] [ERROR] [consumeBuffer:363]	====> the first buffer seq: 1 
[11:18:57.493] [18095] [ERROR] [consumeBuffer:363]	====> the first buffer seq: 1 
[11:18:59.921] [18097] [ERROR] [consumeBuffer:363]	====> the first buffer seq: 1 
[11:19:01.148] [18096] [ERROR] [consumeBuffer:363]	====> the first buffer seq: 1 
[11:19:01.292] [18094] [ERROR] [consumeBuffer:363]	====> the first buffer seq: 1 
[11:19:01.453] [18095] [ERROR] [consumeBuffer:363]	====> the first buffer seq: 1 
[11:19:03.606] [18097] [ERROR] [consumeBuffer:363]	====> the first buffer seq: 1 
[11:19:05.171] [18096] [ERROR] [consumeBuffer:363]	====> the first buffer seq: 1 
[11:19:05.257] [18094] [ERROR] [consumeBuffer:363]	====> the first buffer seq: 1 
[11:19:05.367] [18095] [ERROR] [consumeBuffer:363]	====> the first buffer seq: 1 
[11:19:07.242] [18097] [ERROR] [consumeBuffer:363]	====> the first buffer seq: 1 
[11:19:09.193] [18096] [ERROR] [consumeBuffer:363]	====> the first buffer seq: 1 
[11:19:09.255] [18094] [ERROR] [consumeBuffer:363]	====> the first buffer seq: 1 
[11:19:09.475] [18095] [ERROR] [consumeBuffer:363]	====> the first buffer seq: 1 
[11:19:11.115] [18097] [ERROR] [consumeBuffer:363]	====> the first buffer seq: 1 
[11:19:13.177] [18096] [ERROR] [consumeBuffer:363]	====> the first buffer seq: 1 
[11:19:13.254] [18094] [ERROR] [consumeBuffer:363]	====> the first buffer seq: 1 
[11:19:13.387] [18095] [ERROR] [consumeBuffer:363]	====> the first buffer seq: 1 
[11:19:14.783] [18097] [ERROR] [consumeBuffer:363]	====> the first buffer seq: 1 
[11:19:17.280] [18096] [ERROR] [consumeBuffer:363]	====> the first buffer seq: 1 
[11:19:17.407] [18094] [ERROR] [consumeBuffer:363]	====> the first buffer seq: 1 
[11:19:17.453] [18095] [ERROR] [consumeBuffer:363]	====> the first buffer seq: 1 
[11:19:18.487] [18097] [ERROR] [consumeBuffer:363]	====> the first buffer seq: 1 
[11:19:21.160] [18096] [ERROR] [consumeBuffer:363]	====> the first buffer seq: 1 
[11:19:21.221] [18094] [ERROR] [consumeBuffer:363]	====> the first buffer seq: 1 
[11:19:21.316] [18095] [ERROR] [consumeBuffer:363]	====> the first buffer seq: 1 
[11:19:22.232] [18097] [ERROR] [consumeBuffer:363]	====> the first buffer seq: 1 
[11:19:25.154] [18094] [ERROR] [consumeBuffer:363]	====> the first buffer seq: 1 
[11:19:25.304] [18096] [ERROR] [consumeBuffer:363]	====> the first buffer seq: 1 
[11:19:25.354] [18095] [ERROR] [consumeBuffer:363]	====> the first buffer seq: 1 
[11:19:25.985] [18097] [ERROR] [consumeBuffer:363]	====> the first buffer seq: 1 
[11:19:29.328] [18094] [ERROR] [consumeBuffer:363]	====> the first buffer seq: 1 
[11:19:29.403] [18096] [ERROR] [consumeBuffer:363]	====> the first buffer seq: 1 
[11:19:29.524] [18095] [ERROR] [consumeBuffer:363]	====> the first buffer seq: 1 
[11:19:30.237] [18097] [ERROR] [consumeBuffer:363]	====> the first buffer seq: 1 
[11:19:33.292] [18094] [ERROR] [consumeBuffer:363]	====> the first buffer seq: 1 
[11:19:33.489] [18096] [ERROR] [consumeBuffer:363]	====> the first buffer seq: 1 
[11:19:33.534] [18095] [ERROR] [consumeBuffer:363]	====> the first buffer seq: 1 
[11:19:34.228] [18097] [ERROR] [consumeBuffer:363]	====> the first buffer seq: 1 
[11:19:37.151] [18094] [ERROR] [consumeBuffer:363]	====> the first buffer seq: 1 
[11:19:37.412] [18095] [ERROR] [consumeBuffer:363]	====> the first buffer seq: 1 
[11:19:37.448] [18096] [ERROR] [consumeBuffer:363]	====> the first buffer seq: 1 
[11:19:38.123] [18097] [ERROR] [consumeBuffer:363]	====> the first buffer seq: 1 
[11:19:40.890] [18094] [ERROR] [consumeBuffer:363]	====> the first buffer seq: 1 
[11:19:41.252] [18096] [ERROR] [consumeBuffer:363]	====> the first buffer seq: 1 
[11:19:41.370] [18095] [ERROR] [consumeBuffer:363]	====> the first buffer seq: 1 
[11:19:41.892] [18097] [ERROR] [consumeBuffer:363]	====> the first buffer seq: 1 
[11:19:44.657] [18094] [ERROR] [consumeBuffer:363]	====> the first buffer seq: 1 
[11:19:45.194] [18096] [ERROR] [consumeBuffer:363]	====> the first buffer seq: 1 
[11:19:45.370] [18095] [ERROR] [consumeBuffer:363]	====> the first buffer seq: 1 
[11:19:45.745] [18097] [ERROR] [consumeBuffer:363]	====> the first buffer seq: 1 
[11:19:48.418] [18094] [ERROR] [consumeBuffer:363]	====> the first buffer seq: 1 
[11:19:49.042] [18096] [ERROR] [consumeBuffer:363]	====> the first buffer seq: 1 
[11:19:49.337] [18095] [ERROR] [consumeBuffer:363]	====> the first buffer seq: 1 
[11:19:49.424] [18097] [ERROR] [consumeBuffer:363]	====> the first buffer seq: 1 
[11:19:52.244] [18094] [ERROR] [consumeBuffer:363]	====> the first buffer seq: 1 
[11:19:52.745] [18096] [ERROR] [consumeBuffer:363]	====> the first buffer seq: 1 
[11:19:53.074] [18095] [ERROR] [consumeBuffer:363]	====> the first buffer seq: 1 
[11:19:53.250] [18097] [ERROR] [consumeBuffer:363]	====> the first buffer seq: 1 
[11:19:55.892] [18094] [ERROR] [consumeBuffer:363]	====> the first buffer seq: 1 
[11:19:56.417] [18096] [ERROR] [consumeBuffer:363]	====> the first buffer seq: 1 
[11:19:56.945] [18095] [ERROR] [consumeBuffer:363]	====> the first buffer seq: 1 
[11:19:57.129] [18097] [ERROR] [consumeBuffer:363]	====> the first buffer seq: 1 
[11:19:59.651] [18094] [ERROR] [consumeBuffer:363]	====> the first buffer seq: 1 
[11:20:00.176] [18096] [ERROR] [consumeBuffer:363]	====> the first buffer seq: 1 
[11:20:00.868] [18095] [ERROR] [consumeBuffer:363]	====> the first buffer seq: 1 
[11:20:01.089] [18097] [ERROR] [consumeBuffer:363]	====> the first buffer seq: 1 
[11:20:03.548] [18094] [ERROR] [consumeBuffer:363]	====> the first buffer seq: 1 
[11:20:03.931] [18096] [ERROR] [consumeBuffer:363]	====> the first buffer seq: 1 
[11:20:04.885] [18097] [ERROR] [consumeBuffer:363]	====> the first buffer seq: 1 
[11:27:19.916] [15507] [WARN ] [~MpcMemPool:48]	the mempool is freed! 
