[21:08:32.485] [23296] [INFO ] [JNI_OnLoad:24]	jvm onload success ! 
[21:08:32.485] [23296] [INFO ] [init:111]	JniNativeCallback init ok. 
[21:08:32.485] [23296] [INFO ] [init:136]	to init engine, user: test001, mode: 0, proxyEndpoint: ProxyGlacier2/router:tcp -h 202.114.114.46 -p 4502 -t 11000 
[21:08:32.486] [23296] [WARN ] [init:158]	Cannot find the --Mpc.Data=xxxxx config item ! 
[21:08:32.486] [23296] [WARN ] [init:178]	Cannot find the --Mpc.Circuits=xxxxx config item ! not preload circuits !! 
[21:08:32.486] [23296] [INFO ] [init:188]	preload circuits ok ! 
[21:08:32.486] [23296] [INFO ] [init:212]	Not start node server ! use proxy forward ! 
[21:08:32.486] [23296] [INFO ] [MpcTaskDispatcher:39]	construct task dispatcher, with 8 processor, load balence is: 16384 
[21:08:32.486] [23296] [INFO ] [init:63]	INIT the processor: 0, type: 0 ok 
[21:08:32.486] [23296] [INFO ] [init:63]	INIT the processor: 1, type: 0 ok 
[21:08:32.486] [23297] [INFO ] [operator():54]	task processor: 0 is running... 
[21:08:32.486] [23296] [INFO ] [init:63]	INIT the processor: 2, type: 0 ok 
[21:08:32.486] [23298] [INFO ] [operator():54]	task processor: 1 is running... 
[21:08:32.486] [23297] [INFO ] [popInvitorReadyTask:270]	to POP a ready task from ready invitor queue to processor, now read_num: 0 ... 
[21:08:32.486] [23296] [INFO ] [init:63]	INIT the processor: 3, type: 0 ok 
[21:08:32.486] [23298] [INFO ] [popInvitorReadyTask:270]	to POP a ready task from ready invitor queue to processor, now read_num: 0 ... 
[21:08:32.487] [23296] [INFO ] [init:63]	INIT the processor: 4, type: 1 ok 
[21:08:32.486] [23299] [INFO ] [operator():54]	task processor: 2 is running... 
[13:08:32.486] [23300] [INFO ] [operator():54]	task processor: 3 is running... 
[21:08:32.487] [23300] [INFO ] [popInvitorReadyTask:270]	to POP a ready task from ready invitor queue to processor, now read_num: 0 ... 
[21:08:32.487] [23301] [INFO ] [operator():54]	task processor: 4 is running... 
[21:08:32.487] [23296] [INFO ] [init:63]	INIT the processor: 5, type: 1 ok 
[21:08:32.487] [23296] [INFO ] [init:63]	INIT the processor: 6, type: 1 ok 
[21:08:32.487] [23299] [INFO ] [popInvitorReadyTask:270]	to POP a ready task from ready invitor queue to processor, now read_num: 0 ... 
[21:08:32.487] [23303] [INFO ] [operator():54]	task processor: 6 is running... 
[21:08:32.487] [23301] [INFO ] [popInviteeReadyTask:208]	to POP a ready task from ready invitee queue to processor, now read_num: 0 ... 
[21:08:32.487] [23302] [INFO ] [operator():54]	task processor: 5 is running... 
[21:08:32.487] [23304] [INFO ] [operator():54]	task processor: 7 is running... 
[21:08:32.487] [23302] [INFO ] [popInviteeReadyTask:208]	to POP a ready task from ready invitee queue to processor, now read_num: 0 ... 
[21:08:32.487] [23304] [INFO ] [popInviteeReadyTask:208]	to POP a ready task from ready invitee queue to processor, now read_num: 0 ... 
[21:08:32.487] [23296] [INFO ] [init:63]	INIT the processor: 7, type: 1 ok 
[21:08:32.487] [23296] [INFO ] [init:234]	INIT task dispatcher done ! 
[21:08:32.487] [23303] [INFO ] [popInviteeReadyTask:208]	to POP a ready task from ready invitee queue to processor, now read_num: 0 ... 
[21:08:32.488] [23296] [INFO ] [init:64]	connect to busi proxy server endpoint: ProxyGlacier2/router:tcp -h 202.114.114.46 -p 4502 -t 11000 
[21:08:32.588] [23309] [INFO ] [connected:34]	to get session... 
[21:08:32.588] [23309] [INFO ] [connected:38]	to get create busi node callback... 
[21:08:32.588] [23309] [INFO ] [connected:46]	to set node callback, public endpoint: ProxyGlacier2/router:tcp -h 202.114.114.46 -p 4502 -t 11000, user: test001 ... 
[21:08:32.993] [23296] [INFO ] [init:69]	waiting for node busi client inited ... timeout 1s.. 
[21:08:33.493] [23296] [INFO ] [init:69]	waiting for node busi client inited ... timeout 1s.. 
[21:08:33.994] [23296] [INFO ] [init:69]	waiting for node busi client inited ... timeout 1s.. 
[21:08:34.494] [23296] [INFO ] [init:69]	waiting for node busi client inited ... timeout 1s.. 
[21:08:34.994] [23296] [INFO ] [init:69]	waiting for node busi client inited ... timeout 1s.. 
[21:08:35.494] [23296] [INFO ] [init:69]	waiting for node busi client inited ... timeout 1s.. 
[21:08:35.994] [23296] [INFO ] [init:69]	waiting for node busi client inited ... timeout 1s.. 
[21:08:36.494] [23296] [INFO ] [init:69]	waiting for node busi client inited ... timeout 1s.. 
[21:08:36.995] [23296] [INFO ] [init:69]	waiting for node busi client inited ... timeout 1s.. 
[21:08:37.495] [23296] [INFO ] [init:69]	waiting for node busi client inited ... timeout 1s.. 
[21:08:37.495] [23296] [INFO ] [init:81]	timeout for node busi client inited ! exit 
[21:08:37.495] [23296] [ERROR] [init:241]	INIT busi node client failed ! 
[21:08:37.495] [23296] [INFO ] [Java_com_juzix_jugo_node_jni_NativeInterface_initContext:96]	INIT mpc engine failed  !!! [BAD NEWS] !!! 
[21:08:37.496] [23296] [INFO ] [Java_com_juzix_jugo_node_jni_NativeInterface_setDataLogLevel:155]	init the log to level: 3, data log state: 0 
[21:08:48.052] [23309] [WARN ] [connected:55]	the busi session create success. 
