[17:38:50.864] [7448 ] [INFO ] [JNI_OnLoad:24]	jvm onload success ! 
[17:38:50.866] [7448 ] [INFO ] [init:111]	JniNativeCallback init ok. 
[17:38:50.866] [7448 ] [INFO ] [init:136]	to init engine, user: test001, mode: 0, proxyEndpoint: ProxyGlacier2/router:tcp -h 202.114.114.46 -p 4502 -t 11000 
[17:38:50.866] [7448 ] [WARN ] [init:158]	Cannot find the --Mpc.Data=xxxxx config item ! 
[17:38:50.866] [7448 ] [WARN ] [init:178]	Cannot find the --Mpc.Circuits=xxxxx config item ! not preload circuits !! 
[17:38:50.866] [7448 ] [INFO ] [init:188]	preload circuits ok ! 
[17:38:50.866] [7448 ] [INFO ] [init:212]	Not start node server ! use proxy forward ! 
[17:38:50.866] [7448 ] [INFO ] [MpcTaskDispatcher:39]	construct task dispatcher, with 8 processor, load balence is: 16384 
[17:38:50.867] [7448 ] [INFO ] [init:63]	INIT the processor: 0, type: 0 ok 
[17:38:50.867] [7448 ] [INFO ] [init:63]	INIT the processor: 1, type: 0 ok 
[17:38:50.867] [7498 ] [INFO ] [operator():54]	task processor: 1 is running... 
[17:38:50.867] [7448 ] [INFO ] [init:63]	INIT the processor: 2, type: 0 ok 
[17:38:50.867] [7498 ] [INFO ] [popInvitorReadyTask:270]	to POP a ready task from ready invitor queue to processor, now read_num: 0 ... 
[17:38:50.867] [7448 ] [INFO ] [init:63]	INIT the processor: 3, type: 0 ok 
[17:38:50.867] [7497 ] [INFO ] [operator():54]	task processor: 0 is running... 
[17:38:50.867] [7500 ] [INFO ] [operator():54]	task processor: 3 is running... 
[17:38:50.867] [7499 ] [INFO ] [operator():54]	task processor: 2 is running... 
[17:38:50.867] [7448 ] [INFO ] [init:63]	INIT the processor: 4, type: 1 ok 
[17:38:50.867] [7500 ] [INFO ] [popInvitorReadyTask:270]	to POP a ready task from ready invitor queue to processor, now read_num: 0 ... 
[17:38:50.867] [7448 ] [INFO ] [init:63]	INIT the processor: 5, type: 1 ok 
[17:38:50.867] [7502 ] [INFO ] [operator():54]	task processor: 5 is running... 
[17:38:50.867] [7448 ] [INFO ] [init:63]	INIT the processor: 6, type: 1 ok 
[17:38:50.867] [7502 ] [INFO ] [popInviteeReadyTask:208]	to POP a ready task from ready invitee queue to processor, now read_num: 0 ... 
[17:38:50.867] [7503 ] [INFO ] [operator():54]	task processor: 6 is running... 
[17:38:50.867] [7501 ] [INFO ] [operator():54]	task processor: 4 is running... 
[17:38:50.867] [7499 ] [INFO ] [popInvitorReadyTask:270]	to POP a ready task from ready invitor queue to processor, now read_num: 0 ... 
[17:38:50.867] [7503 ] [INFO ] [popInviteeReadyTask:208]	to POP a ready task from ready invitee queue to processor, now read_num: 0 ... 
[17:38:50.867] [7448 ] [INFO ] [init:63]	INIT the processor: 7, type: 1 ok 
[17:38:50.867] [7504 ] [INFO ] [operator():54]	task processor: 7 is running... 
[17:38:50.867] [7504 ] [INFO ] [popInviteeReadyTask:208]	to POP a ready task from ready invitee queue to processor, now read_num: 0 ... 
[17:38:50.867] [7448 ] [INFO ] [init:234]	INIT task dispatcher done ! 
[17:38:50.867] [7497 ] [INFO ] [popInvitorReadyTask:270]	to POP a ready task from ready invitor queue to processor, now read_num: 0 ... 
[17:38:50.867] [7501 ] [INFO ] [popInviteeReadyTask:208]	to POP a ready task from ready invitee queue to processor, now read_num: 0 ... 
[17:38:50.875] [7448 ] [INFO ] [init:64]	connect to busi proxy server endpoint: ProxyGlacier2/router:tcp -h 202.114.114.46 -p 4502 -t 11000 
[17:38:50.938] [7509 ] [WARN ] [connectFailed:67]	connect to jugo proxy failed. 
[17:38:51.429] [7448 ] [INFO ] [init:69]	waiting for node busi client inited ... timeout 1s.. 
[17:38:51.929] [7448 ] [INFO ] [init:69]	waiting for node busi client inited ... timeout 1s.. 
[17:38:52.429] [7448 ] [INFO ] [init:69]	waiting for node busi client inited ... timeout 1s.. 
[17:38:52.930] [7448 ] [INFO ] [init:69]	waiting for node busi client inited ... timeout 1s.. 
[17:38:53.430] [7448 ] [INFO ] [init:69]	waiting for node busi client inited ... timeout 1s.. 
[17:38:53.930] [7448 ] [INFO ] [init:69]	waiting for node busi client inited ... timeout 1s.. 
[17:38:54.430] [7448 ] [INFO ] [init:69]	waiting for node busi client inited ... timeout 1s.. 
[17:38:54.930] [7448 ] [INFO ] [init:69]	waiting for node busi client inited ... timeout 1s.. 
[17:38:55.430] [7448 ] [INFO ] [init:69]	waiting for node busi client inited ... timeout 1s.. 
[17:38:55.931] [7448 ] [INFO ] [init:69]	waiting for node busi client inited ... timeout 1s.. 
[17:38:55.931] [7448 ] [INFO ] [init:81]	timeout for node busi client inited ! exit 
[17:38:55.931] [7448 ] [ERROR] [init:241]	INIT busi node client failed ! 
[17:38:55.931] [7448 ] [INFO ] [Java_com_juzix_jugo_node_jni_NativeInterface_initContext:96]	INIT mpc engine failed  !!! [BAD NEWS] !!! 
[17:38:55.931] [7448 ] [INFO ] [Java_com_juzix_jugo_node_jni_NativeInterface_setDataLogLevel:155]	init the log to level: 3, data log state: 0 
