[18:55:02.023] [14633] [INFO ] [JNI_OnLoad:24]	jvm onload success ! 
[18:55:02.024] [14633] [INFO ] [init:111]	JniNativeCallback init ok. 
[18:55:02.024] [14633] [INFO ] [init:136]	to init engine, user: test001, mode: 0, proxyEndpoint: ProxyGlacier2/router:tcp -h 202.114.114.46 -p 4502 -t 11000 
[18:55:02.024] [14633] [WARN ] [init:158]	Cannot find the --Mpc.Data=xxxxx config item ! 
[18:55:02.024] [14633] [WARN ] [init:178]	Cannot find the --Mpc.Circuits=xxxxx config item ! not preload circuits !! 
[18:55:02.024] [14633] [INFO ] [init:188]	preload circuits ok ! 
[18:55:02.024] [14633] [INFO ] [init:212]	Not start node server ! use proxy forward ! 
[18:55:02.024] [14633] [INFO ] [MpcTaskDispatcher:39]	construct task dispatcher, with 8 processor, load balence is: 16384 
[18:55:02.025] [14633] [INFO ] [init:63]	INIT the processor: 0, type: 0 ok 
[18:55:02.025] [14633] [INFO ] [init:63]	INIT the processor: 1, type: 0 ok 
[18:55:02.025] [14633] [INFO ] [init:63]	INIT the processor: 2, type: 0 ok 
[18:55:02.025] [14633] [INFO ] [init:63]	INIT the processor: 3, type: 0 ok 
[18:55:02.025] [14633] [INFO ] [init:63]	INIT the processor: 4, type: 1 ok 
[18:55:02.025] [14633] [INFO ] [init:63]	INIT the processor: 5, type: 1 ok 
[18:55:02.025] [14633] [INFO ] [init:63]	INIT the processor: 6, type: 1 ok 
[18:55:02.025] [14633] [INFO ] [init:63]	INIT the processor: 7, type: 1 ok 
[18:55:02.025] [14633] [INFO ] [init:234]	INIT task dispatcher done ! 
[18:55:02.026] [14633] [INFO ] [init:64]	connect to busi proxy server endpoint: ProxyGlacier2/router:tcp -h 202.114.114.46 -p 4502 -t 11000 
[18:55:02.027] [14676] [INFO ] [operator():54]	task processor: 2 is running... 
[18:55:02.027] [14676] [INFO ] [popInvitorReadyTask:270]	to POP a ready task from ready invitor queue to processor, now read_num: 0 ... 
[18:55:02.027] [14679] [INFO ] [operator():54]	task processor: 5 is running... 
[18:55:02.027] [14679] [INFO ] [popInviteeReadyTask:208]	to POP a ready task from ready invitee queue to processor, now read_num: 0 ... 
[18:55:02.030] [14678] [INFO ] [operator():54]	task processor: 4 is running... 
[18:55:02.030] [14678] [INFO ] [popInviteeReadyTask:208]	to POP a ready task from ready invitee queue to processor, now read_num: 0 ... 
[18:55:02.031] [14680] [INFO ] [operator():54]	task processor: 6 is running... 
[18:55:02.031] [14680] [INFO ] [popInviteeReadyTask:208]	to POP a ready task from ready invitee queue to processor, now read_num: 0 ... 
[18:55:02.031] [14675] [INFO ] [operator():54]	task processor: 1 is running... 
[18:55:02.031] [14675] [INFO ] [popInvitorReadyTask:270]	to POP a ready task from ready invitor queue to processor, now read_num: 0 ... 
[18:55:02.032] [14674] [INFO ] [operator():54]	task processor: 0 is running... 
[18:55:02.032] [14674] [INFO ] [popInvitorReadyTask:270]	to POP a ready task from ready invitor queue to processor, now read_num: 0 ... 
[18:55:02.032] [14681] [INFO ] [operator():54]	task processor: 7 is running... 
[18:55:02.032] [14681] [INFO ] [popInviteeReadyTask:208]	to POP a ready task from ready invitee queue to processor, now read_num: 0 ... 
[18:55:02.033] [14677] [INFO ] [operator():54]	task processor: 3 is running... 
[18:55:02.033] [14677] [INFO ] [popInvitorReadyTask:270]	to POP a ready task from ready invitor queue to processor, now read_num: 0 ... 
[18:55:02.046] [14687] [INFO ] [connected:34]	to get session... 
[18:55:02.046] [14687] [INFO ] [connected:38]	to get create busi node callback... 
[18:55:02.046] [14687] [INFO ] [connected:46]	to set node callback, public endpoint: ProxyGlacier2/router:tcp -h 202.114.114.46 -p 4502 -t 11000, user: test001 ... 
[18:55:02.048] [14687] [WARN ] [connected:55]	the busi session create success. 
[18:55:02.532] [14633] [INFO ] [init:69]	waiting for node busi client inited ... timeout 1s.. 
[18:55:02.532] [14633] [INFO ] [init:74]	the busi node communicator is prepared !!!! 
[18:55:02.532] [14633] [INFO ] [init:86]	INIT busi node client success. user: test001, proxyEndpoint: ProxyGlacier2/router:tcp -h 202.114.114.46 -p 4502 -t 11000 
[18:55:02.532] [14633] [INFO ] [init:244]	INIT busi node client done ! 
[18:55:02.532] [14633] [INFO ] [init:48]	input ready process init ok. 
[18:55:02.532] [14633] [INFO ] [init:253]	INIT input ready processor done ! 
[18:55:02.532] [14633] [INFO ] [init:48]	ready process init ok. max request queue size: 4 
[18:55:02.532] [14633] [INFO ] [init:263]	INIT ready processor done ! 
[18:55:02.532] [14728] [INFO ] [popCommitTask:127]	to POP a commit task, task size: 0  ... 
[18:55:02.532] [14633] [INFO ] [init:269]	Mpc engine init success. 
[18:55:02.533] [14633] [INFO ] [Java_com_juzix_jugo_node_jni_NativeInterface_setDataLogLevel:155]	init the log to level: 3, data log state: 0 
[18:55:10.139] [14686] [WARN ] [MpcMemPool:42]	the mempool construction, size: 134217728, mem: 0x7f0774e55010 
[18:55:11.363] [14679] [WARN ] [run:156]	no data for input !!!! 
[18:55:11.363] [14679] [ERROR] [processMpcBusi:231]	MPC run failed ! taskID: 3d833f00-3870-4480-8a11-d89fc906df63  
[18:55:11.374] [14678] [ERROR] [consumeBuffer:363]	====> the first buffer seq: 1 
[18:55:11.374] [14680] [ERROR] [consumeBuffer:363]	====> the first buffer seq: 1 
[18:55:13.375] [14679] [WARN ] [processTask:148]	processor a MPC task: 3d833f00-3870-4480-8a11-d89fc906df63 Failed ! 
[18:57:50.386] [32419] [WARN ] [~MpcMemPool:48]	the mempool is freed! 
