[11:38:12.950] [27963] [INFO ] [JNI_OnLoad:24]	jvm onload success ! 
[11:38:12.950] [27963] [INFO ] [init:111]	JniNativeCallback init ok. 
[11:38:12.950] [27963] [INFO ] [init:136]	to init engine, user: test001, mode: 0, proxyEndpoint: ProxyGlacier2/router:tcp -h 202.114.114.46 -p 4502 -t 11000 
[11:38:12.950] [27963] [WARN ] [init:158]	Cannot find the --Mpc.Data=xxxxx config item ! 
[11:38:12.950] [27963] [WARN ] [init:178]	Cannot find the --Mpc.Circuits=xxxxx config item ! not preload circuits !! 
[11:38:12.950] [27963] [INFO ] [init:188]	preload circuits ok ! 
[11:38:12.950] [27963] [INFO ] [init:212]	Not start node server ! use proxy forward ! 
[11:38:12.950] [27963] [INFO ] [MpcTaskDispatcher:39]	construct task dispatcher, with 8 processor, load balence is: 16384 
[11:38:12.950] [27963] [INFO ] [init:63]	INIT the processor: 0, type: 0 ok 
[11:38:12.950] [27968] [INFO ] [operator():54]	task processor: 0 is running... 
[11:38:12.950] [27968] [INFO ] [popInvitorReadyTask:270]	to POP a ready task from ready invitor queue to processor, now read_num: 0 ... 
[11:38:12.950] [27963] [INFO ] [init:63]	INIT the processor: 1, type: 0 ok 
[11:38:12.951] [27963] [INFO ] [init:63]	INIT the processor: 2, type: 0 ok 
[11:38:12.951] [27970] [INFO ] [operator():54]	task processor: 2 is running... 
[11:38:12.952] [27963] [INFO ] [init:63]	INIT the processor: 3, type: 0 ok 
[11:38:12.952] [27970] [INFO ] [popInvitorReadyTask:270]	to POP a ready task from ready invitor queue to processor, now read_num: 0 ... 
[11:38:12.952] [27963] [INFO ] [init:63]	INIT the processor: 4, type: 1 ok 
[11:38:12.952] [27972] [INFO ] [operator():54]	task processor: 4 is running... 
[11:38:12.952] [27963] [INFO ] [init:63]	INIT the processor: 5, type: 1 ok 
[11:38:12.952] [27963] [INFO ] [init:63]	INIT the processor: 6, type: 1 ok 
[11:38:12.952] [27963] [INFO ] [init:63]	INIT the processor: 7, type: 1 ok 
[11:38:12.952] [27963] [INFO ] [init:234]	INIT task dispatcher done ! 
[11:38:12.953] [27963] [INFO ] [init:64]	connect to busi proxy server endpoint: ProxyGlacier2/router:tcp -h 202.114.114.46 -p 4502 -t 11000 
[11:38:12.950] [27969] [INFO ] [operator():54]	task processor: 1 is running... 
[11:38:12.957] [27969] [INFO ] [popInvitorReadyTask:270]	to POP a ready task from ready invitor queue to processor, now read_num: 0 ... 
[11:38:12.958] [27973] [INFO ] [operator():54]	task processor: 5 is running... 
[11:38:12.958] [27973] [INFO ] [popInviteeReadyTask:208]	to POP a ready task from ready invitee queue to processor, now read_num: 0 ... 
[11:38:12.959] [27971] [INFO ] [operator():54]	task processor: 3 is running... 
[11:38:12.959] [27971] [INFO ] [popInvitorReadyTask:270]	to POP a ready task from ready invitor queue to processor, now read_num: 0 ... 
[11:38:12.959] [27974] [INFO ] [operator():54]	task processor: 6 is running... 
[11:38:12.959] [27974] [INFO ] [popInviteeReadyTask:208]	to POP a ready task from ready invitee queue to processor, now read_num: 0 ... 
[11:38:12.959] [27975] [INFO ] [operator():54]	task processor: 7 is running... 
[11:38:12.959] [27975] [INFO ] [popInviteeReadyTask:208]	to POP a ready task from ready invitee queue to processor, now read_num: 0 ... 
[11:38:12.961] [27972] [INFO ] [popInviteeReadyTask:208]	to POP a ready task from ready invitee queue to processor, now read_num: 0 ... 
[11:38:12.970] [27980] [INFO ] [connected:34]	to get session... 
[11:38:12.970] [27980] [INFO ] [connected:38]	to get create busi node callback... 
[11:38:12.970] [27980] [INFO ] [connected:46]	to set node callback, public endpoint: ProxyGlacier2/router:tcp -h 202.114.114.46 -p 4502 -t 11000, user: test001 ... 
[11:38:12.971] [27980] [WARN ] [connected:55]	the busi session create success. 
[11:38:13.461] [27963] [INFO ] [init:69]	waiting for node busi client inited ... timeout 1s.. 
[11:38:13.461] [27963] [INFO ] [init:74]	the busi node communicator is prepared !!!! 
[11:38:13.461] [27963] [INFO ] [init:86]	INIT busi node client success. user: test001, proxyEndpoint: ProxyGlacier2/router:tcp -h 202.114.114.46 -p 4502 -t 11000 
[11:38:13.461] [27963] [INFO ] [init:244]	INIT busi node client done ! 
[11:38:13.461] [27963] [INFO ] [init:48]	input ready process init ok. 
[11:38:13.462] [27963] [INFO ] [init:253]	INIT input ready processor done ! 
[11:38:13.462] [27963] [INFO ] [init:48]	ready process init ok. max request queue size: 4 
[11:38:13.462] [27963] [INFO ] [init:263]	INIT ready processor done ! 
[11:38:13.462] [27963] [INFO ] [init:269]	Mpc engine init success. 
[11:38:13.462] [28008] [INFO ] [popCommitTask:127]	to POP a commit task, task size: 0  ... 
[11:38:13.462] [27963] [INFO ] [Java_com_juzix_jugo_node_jni_NativeInterface_setDataLogLevel:155]	init the log to level: 3, data log state: 0 
[11:54:00.846] [5110 ] [WARN ] [MpcMemPool:42]	the mempool construction, size: 134217728, mem: 0x7f95e2a70010 
[11:54:02.118] [27975] [ERROR] [consumeBuffer:363]	====> the first buffer seq: 1 
[11:54:02.118] [27973] [ERROR] [consumeBuffer:363]	====> the first buffer seq: 1 
[11:54:02.119] [27974] [ERROR] [consumeBuffer:363]	====> the first buffer seq: 1 
[11:54:02.119] [27972] [ERROR] [consumeBuffer:363]	====> the first buffer seq: 1 
[11:54:06.977] [27973] [ERROR] [consumeBuffer:363]	====> the first buffer seq: 1 
[11:54:07.027] [27972] [ERROR] [consumeBuffer:363]	====> the first buffer seq: 1 
[11:54:07.115] [27974] [ERROR] [consumeBuffer:363]	====> the first buffer seq: 1 
[11:54:07.117] [27975] [ERROR] [consumeBuffer:363]	====> the first buffer seq: 1 
[11:54:10.979] [27973] [ERROR] [consumeBuffer:363]	====> the first buffer seq: 1 
[11:54:11.030] [27972] [ERROR] [consumeBuffer:363]	====> the first buffer seq: 1 
[11:54:11.207] [27974] [ERROR] [consumeBuffer:363]	====> the first buffer seq: 1 
[11:54:11.228] [27975] [ERROR] [consumeBuffer:363]	====> the first buffer seq: 1 
[11:54:14.828] [27973] [ERROR] [consumeBuffer:363]	====> the first buffer seq: 1 
[11:54:14.887] [27972] [ERROR] [consumeBuffer:363]	====> the first buffer seq: 1 
[11:54:15.118] [27975] [ERROR] [consumeBuffer:363]	====> the first buffer seq: 1 
[11:54:15.216] [27974] [ERROR] [consumeBuffer:363]	====> the first buffer seq: 1 
[11:54:18.706] [27973] [ERROR] [consumeBuffer:363]	====> the first buffer seq: 1 
[11:54:18.727] [27972] [ERROR] [consumeBuffer:363]	====> the first buffer seq: 1 
[11:54:18.977] [27975] [ERROR] [consumeBuffer:363]	====> the first buffer seq: 1 
[11:54:19.151] [27974] [ERROR] [consumeBuffer:363]	====> the first buffer seq: 1 
[11:54:22.413] [27972] [ERROR] [consumeBuffer:363]	====> the first buffer seq: 1 
[11:54:22.535] [27973] [ERROR] [consumeBuffer:363]	====> the first buffer seq: 1 
[11:54:22.839] [27975] [ERROR] [consumeBuffer:363]	====> the first buffer seq: 1 
[11:54:22.977] [27974] [ERROR] [consumeBuffer:363]	====> the first buffer seq: 1 
[11:54:26.181] [27972] [ERROR] [consumeBuffer:363]	====> the first buffer seq: 1 
[11:54:26.499] [27973] [ERROR] [consumeBuffer:363]	====> the first buffer seq: 1 
[11:54:26.717] [27975] [ERROR] [consumeBuffer:363]	====> the first buffer seq: 1 
[11:54:26.916] [27974] [ERROR] [consumeBuffer:363]	====> the first buffer seq: 1 
[11:54:29.863] [27972] [ERROR] [consumeBuffer:363]	====> the first buffer seq: 1 
[11:54:30.363] [27973] [ERROR] [consumeBuffer:363]	====> the first buffer seq: 1 
[11:54:30.518] [27975] [ERROR] [consumeBuffer:363]	====> the first buffer seq: 1 
[11:54:30.683] [27974] [ERROR] [consumeBuffer:363]	====> the first buffer seq: 1 
[11:54:33.590] [27972] [ERROR] [consumeBuffer:363]	====> the first buffer seq: 1 
[11:54:34.146] [27973] [ERROR] [consumeBuffer:363]	====> the first buffer seq: 1 
[11:54:34.518] [27975] [ERROR] [consumeBuffer:363]	====> the first buffer seq: 1 
[11:54:34.541] [27974] [ERROR] [consumeBuffer:363]	====> the first buffer seq: 1 
[11:54:37.280] [27972] [ERROR] [consumeBuffer:363]	====> the first buffer seq: 1 
[11:54:37.871] [27973] [ERROR] [consumeBuffer:363]	====> the first buffer seq: 1 
[11:54:38.157] [27975] [ERROR] [consumeBuffer:363]	====> the first buffer seq: 1 
[11:54:38.361] [27974] [ERROR] [consumeBuffer:363]	====> the first buffer seq: 1 
[11:54:41.075] [27972] [ERROR] [consumeBuffer:363]	====> the first buffer seq: 1 
[11:54:41.669] [27973] [ERROR] [consumeBuffer:363]	====> the first buffer seq: 1 
[11:54:42.151] [27975] [ERROR] [consumeBuffer:363]	====> the first buffer seq: 1 
[11:54:42.198] [27974] [ERROR] [consumeBuffer:363]	====> the first buffer seq: 1 
[11:54:44.778] [27972] [ERROR] [consumeBuffer:363]	====> the first buffer seq: 1 
[11:54:45.366] [27973] [ERROR] [consumeBuffer:363]	====> the first buffer seq: 1 
[11:54:45.930] [27974] [ERROR] [consumeBuffer:363]	====> the first buffer seq: 1 
[11:54:46.090] [27975] [ERROR] [consumeBuffer:363]	====> the first buffer seq: 1 
[11:54:48.358] [27972] [ERROR] [consumeBuffer:363]	====> the first buffer seq: 1 
[11:54:49.123] [27973] [ERROR] [consumeBuffer:363]	====> the first buffer seq: 1 
[11:54:49.577] [27974] [ERROR] [consumeBuffer:363]	====> the first buffer seq: 1 
[11:54:49.994] [27975] [ERROR] [consumeBuffer:363]	====> the first buffer seq: 1 
[11:54:52.037] [27972] [ERROR] [consumeBuffer:363]	====> the first buffer seq: 1 
[11:54:53.072] [27973] [ERROR] [consumeBuffer:363]	====> the first buffer seq: 1 
[11:54:53.582] [27974] [ERROR] [consumeBuffer:363]	====> the first buffer seq: 1 
[11:54:53.948] [27975] [ERROR] [consumeBuffer:363]	====> the first buffer seq: 1 
[11:54:55.780] [27972] [ERROR] [consumeBuffer:363]	====> the first buffer seq: 1 
[11:54:56.901] [27973] [ERROR] [consumeBuffer:363]	====> the first buffer seq: 1 
[11:54:57.250] [27974] [ERROR] [consumeBuffer:363]	====> the first buffer seq: 1 
[11:54:57.596] [27975] [ERROR] [consumeBuffer:363]	====> the first buffer seq: 1 
[11:54:59.830] [27972] [ERROR] [consumeBuffer:363]	====> the first buffer seq: 1 
[11:55:00.691] [27973] [ERROR] [consumeBuffer:363]	====> the first buffer seq: 1 
[11:55:01.143] [27974] [ERROR] [consumeBuffer:363]	====> the first buffer seq: 1 
[11:55:01.432] [27975] [ERROR] [consumeBuffer:363]	====> the first buffer seq: 1 
[11:55:03.577] [27972] [ERROR] [consumeBuffer:363]	====> the first buffer seq: 1 
[11:55:04.544] [27973] [ERROR] [consumeBuffer:363]	====> the first buffer seq: 1 
[11:55:04.979] [27974] [ERROR] [consumeBuffer:363]	====> the first buffer seq: 1 
[11:55:05.227] [27975] [ERROR] [consumeBuffer:363]	====> the first buffer seq: 1 
[11:55:07.350] [27972] [ERROR] [consumeBuffer:363]	====> the first buffer seq: 1 
[11:55:08.396] [27973] [ERROR] [consumeBuffer:363]	====> the first buffer seq: 1 
[11:55:08.937] [27974] [ERROR] [consumeBuffer:363]	====> the first buffer seq: 1 
[11:55:09.061] [27975] [ERROR] [consumeBuffer:363]	====> the first buffer seq: 1 
[11:55:10.864] [27972] [ERROR] [consumeBuffer:363]	====> the first buffer seq: 1 
[11:55:12.123] [27973] [ERROR] [consumeBuffer:363]	====> the first buffer seq: 1 
[11:55:12.864] [27975] [ERROR] [consumeBuffer:363]	====> the first buffer seq: 1 
[11:55:12.874] [27974] [ERROR] [consumeBuffer:363]	====> the first buffer seq: 1 
[11:55:14.420] [27972] [ERROR] [consumeBuffer:363]	====> the first buffer seq: 1 
[11:55:15.742] [27973] [ERROR] [consumeBuffer:363]	====> the first buffer seq: 1 
[11:55:16.565] [27974] [ERROR] [consumeBuffer:363]	====> the first buffer seq: 1 
[11:55:16.734] [27975] [ERROR] [consumeBuffer:363]	====> the first buffer seq: 1 
[11:55:18.047] [27972] [ERROR] [consumeBuffer:363]	====> the first buffer seq: 1 
[11:55:19.299] [27973] [ERROR] [consumeBuffer:363]	====> the first buffer seq: 1 
[11:55:20.478] [27974] [ERROR] [consumeBuffer:363]	====> the first buffer seq: 1 
[11:55:20.606] [27975] [ERROR] [consumeBuffer:363]	====> the first buffer seq: 1 
[11:55:21.706] [27972] [ERROR] [consumeBuffer:363]	====> the first buffer seq: 1 
[11:55:23.129] [27973] [ERROR] [consumeBuffer:363]	====> the first buffer seq: 1 
[11:55:24.393] [27974] [ERROR] [consumeBuffer:363]	====> the first buffer seq: 1 
[11:55:24.413] [27975] [ERROR] [consumeBuffer:363]	====> the first buffer seq: 1 
[11:55:25.426] [27972] [ERROR] [consumeBuffer:363]	====> the first buffer seq: 1 
[11:55:26.842] [27973] [ERROR] [consumeBuffer:363]	====> the first buffer seq: 1 
[11:55:28.237] [27975] [ERROR] [consumeBuffer:363]	====> the first buffer seq: 1 
[11:55:28.408] [27974] [ERROR] [consumeBuffer:363]	====> the first buffer seq: 1 
[11:55:29.177] [27972] [ERROR] [consumeBuffer:363]	====> the first buffer seq: 1 
[11:55:30.552] [27973] [ERROR] [consumeBuffer:363]	====> the first buffer seq: 1 
[11:55:32.055] [27975] [ERROR] [consumeBuffer:363]	====> the first buffer seq: 1 
[11:55:32.234] [27974] [ERROR] [consumeBuffer:363]	====> the first buffer seq: 1 
[11:55:32.896] [27972] [ERROR] [consumeBuffer:363]	====> the first buffer seq: 1 
[11:55:34.283] [27973] [ERROR] [consumeBuffer:363]	====> the first buffer seq: 1 
[11:55:35.883] [27975] [ERROR] [consumeBuffer:363]	====> the first buffer seq: 1 
[11:55:36.014] [27974] [ERROR] [consumeBuffer:363]	====> the first buffer seq: 1 
[11:56:04.049] [27978] [ERROR] [error:157]	got error busi back: a758fb68-87dd-4ba8-aa73-28af56157c1e, code: 1007 
[11:56:04.049] [27978] [WARN ] [error:167]	busi err back, erase task failed, cannot find cache task: a758fb68-87dd-4ba8-aa73-28af56157c1e !  [THE user: test001] 
[11:56:04.050] [27978] [ERROR] [error:157]	got error busi back: 65e326cc-f11e-47e9-aa89-2dd07f0fc3d3, code: 1007 
[11:56:04.050] [27978] [WARN ] [error:167]	busi err back, erase task failed, cannot find cache task: 65e326cc-f11e-47e9-aa89-2dd07f0fc3d3 !  [THE user: test001] 
[11:56:04.050] [27978] [ERROR] [error:157]	got error busi back: bdec3121-4da9-4f8b-bf2f-29c83c50f20f, code: 1007 
[11:56:04.050] [27978] [WARN ] [error:167]	busi err back, erase task failed, cannot find cache task: bdec3121-4da9-4f8b-bf2f-29c83c50f20f !  [THE user: test001] 
[11:56:04.051] [5110 ] [ERROR] [error:157]	got error busi back: 10ab5684-74dc-4597-aa14-edb1912fff66, code: 1007 
[11:56:04.051] [5110 ] [WARN ] [error:167]	busi err back, erase task failed, cannot find cache task: 10ab5684-74dc-4597-aa14-edb1912fff66 !  [THE user: test001] 
[11:56:04.052] [27978] [ERROR] [error:157]	got error busi back: b5564c12-1b7b-46a3-a977-fa0a1d942301, code: 1007 
[11:56:04.052] [27978] [WARN ] [error:167]	busi err back, erase task failed, cannot find cache task: b5564c12-1b7b-46a3-a977-fa0a1d942301 !  [THE user: test001] 
[11:56:04.052] [5110 ] [ERROR] [error:157]	got error busi back: 3a6998e3-4d83-4b64-88a9-5863046b5ede, code: 1007 
[11:56:04.052] [5110 ] [WARN ] [error:167]	busi err back, erase task failed, cannot find cache task: 3a6998e3-4d83-4b64-88a9-5863046b5ede !  [THE user: test001] 
[11:56:04.053] [27978] [ERROR] [error:157]	got error busi back: 599f2e9a-460e-4745-a431-63f1a9318e75, code: 1007 
[11:56:04.053] [27978] [WARN ] [error:167]	busi err back, erase task failed, cannot find cache task: 599f2e9a-460e-4745-a431-63f1a9318e75 !  [THE user: test001] 
[11:56:04.054] [5110 ] [ERROR] [error:157]	got error busi back: 5c033499-96fe-4184-908e-c4c3ccddb7f2, code: 1007 
[11:56:04.054] [5110 ] [WARN ] [error:167]	busi err back, erase task failed, cannot find cache task: 5c033499-96fe-4184-908e-c4c3ccddb7f2 !  [THE user: test001] 
[11:56:04.055] [27978] [ERROR] [error:157]	got error busi back: 2ba25aa1-fc9d-4103-91ad-feb705a9e698, code: 1007 
[11:56:04.055] [27978] [WARN ] [error:167]	busi err back, erase task failed, cannot find cache task: 2ba25aa1-fc9d-4103-91ad-feb705a9e698 !  [THE user: test001] 
[11:56:04.056] [5110 ] [ERROR] [error:157]	got error busi back: a40d7f45-6ee2-4516-a9c4-4cc4396a6f23, code: 1007 
[11:56:04.056] [5110 ] [WARN ] [error:167]	busi err back, erase task failed, cannot find cache task: a40d7f45-6ee2-4516-a9c4-4cc4396a6f23 !  [THE user: test001] 
[11:56:04.056] [27978] [ERROR] [error:157]	got error busi back: 5edb3deb-5679-45c4-af8e-7a766763231d, code: 1007 
[11:56:04.056] [27978] [WARN ] [error:167]	busi err back, erase task failed, cannot find cache task: 5edb3deb-5679-45c4-af8e-7a766763231d !  [THE user: test001] 
[11:56:04.057] [5110 ] [ERROR] [error:157]	got error busi back: 27aa2967-ea70-4656-99cd-3f8858454c9d, code: 1007 
[11:56:04.057] [5110 ] [WARN ] [error:167]	busi err back, erase task failed, cannot find cache task: 27aa2967-ea70-4656-99cd-3f8858454c9d !  [THE user: test001] 
[11:56:04.057] [27978] [ERROR] [error:157]	got error busi back: 59578f7d-4e37-453a-b744-da9c7955eee9, code: 1007 
[11:56:04.057] [27978] [WARN ] [error:167]	busi err back, erase task failed, cannot find cache task: 59578f7d-4e37-453a-b744-da9c7955eee9 !  [THE user: test001] 
[11:56:04.058] [5110 ] [ERROR] [error:157]	got error busi back: cf3f91b7-dd8d-4024-8737-52689f2aa5f8, code: 1007 
[11:56:04.058] [5110 ] [WARN ] [error:167]	busi err back, erase task failed, cannot find cache task: cf3f91b7-dd8d-4024-8737-52689f2aa5f8 !  [THE user: test001] 
[11:56:04.059] [27978] [ERROR] [error:157]	got error busi back: 908007e8-a282-4bb3-9c3b-3b1417e19f3c, code: 1007 
[11:56:04.059] [27978] [WARN ] [error:167]	busi err back, erase task failed, cannot find cache task: 908007e8-a282-4bb3-9c3b-3b1417e19f3c !  [THE user: test001] 
[11:56:04.060] [5110 ] [ERROR] [error:157]	got error busi back: a926fc2b-504d-4761-b0bf-47e08060e938, code: 1007 
[11:56:04.060] [5110 ] [WARN ] [error:167]	busi err back, erase task failed, cannot find cache task: a926fc2b-504d-4761-b0bf-47e08060e938 !  [THE user: test001] 
[11:56:04.060] [27978] [ERROR] [error:157]	got error busi back: e7e1f08b-4ba6-4215-a894-25a0aeeb7396, code: 1007 
[11:56:04.060] [27978] [WARN ] [error:167]	busi err back, erase task failed, cannot find cache task: e7e1f08b-4ba6-4215-a894-25a0aeeb7396 !  [THE user: test001] 
[11:56:04.061] [5110 ] [ERROR] [error:157]	got error busi back: f1fac291-a6bb-46a7-8374-ba9371e64352, code: 1007 
[11:56:04.061] [5110 ] [WARN ] [error:167]	busi err back, erase task failed, cannot find cache task: f1fac291-a6bb-46a7-8374-ba9371e64352 !  [THE user: test001] 
[11:56:04.061] [27978] [ERROR] [error:157]	got error busi back: e5bdd831-07e3-4a30-82ec-7c96609d8869, code: 1007 
[11:56:04.061] [27978] [WARN ] [error:167]	busi err back, erase task failed, cannot find cache task: e5bdd831-07e3-4a30-82ec-7c96609d8869 !  [THE user: test001] 
[11:56:04.062] [5110 ] [ERROR] [error:157]	got error busi back: b736587d-9a3f-46a5-b380-5d2001483bf7, code: 1007 
[11:56:04.062] [5110 ] [WARN ] [error:167]	busi err back, erase task failed, cannot find cache task: b736587d-9a3f-46a5-b380-5d2001483bf7 !  [THE user: test001] 
[11:56:04.063] [27978] [ERROR] [error:157]	got error busi back: 5a52949b-4c9e-4d4f-9371-195de7f401af, code: 1007 
[11:56:04.063] [27978] [WARN ] [error:167]	busi err back, erase task failed, cannot find cache task: 5a52949b-4c9e-4d4f-9371-195de7f401af !  [THE user: test001] 
[11:56:04.063] [5110 ] [ERROR] [error:157]	got error busi back: ba5cfd98-b4b1-4718-9a90-258209a9c66a, code: 1007 
[11:56:04.063] [5110 ] [WARN ] [error:167]	busi err back, erase task failed, cannot find cache task: ba5cfd98-b4b1-4718-9a90-258209a9c66a !  [THE user: test001] 
[11:56:04.064] [27978] [ERROR] [error:157]	got error busi back: 091b0d01-ffb3-485f-9b51-9c41da6cd70c, code: 1007 
[11:56:04.064] [27978] [WARN ] [error:167]	busi err back, erase task failed, cannot find cache task: 091b0d01-ffb3-485f-9b51-9c41da6cd70c !  [THE user: test001] 
[11:56:04.065] [5110 ] [ERROR] [error:157]	got error busi back: 0250274b-8c5c-4187-b4c7-7accdb6ef9b5, code: 1007 
[11:56:04.065] [5110 ] [WARN ] [error:167]	busi err back, erase task failed, cannot find cache task: 0250274b-8c5c-4187-b4c7-7accdb6ef9b5 !  [THE user: test001] 
[11:56:04.065] [27978] [ERROR] [error:157]	got error busi back: 18891c90-06df-4a9c-89ae-92b665d10bb8, code: 1007 
[11:56:04.065] [27978] [WARN ] [error:167]	busi err back, erase task failed, cannot find cache task: 18891c90-06df-4a9c-89ae-92b665d10bb8 !  [THE user: test001] 
[11:56:04.066] [5110 ] [ERROR] [error:157]	got error busi back: 8875d4e6-9d9d-4163-a7be-366519e67036, code: 1007 
[11:56:04.066] [5110 ] [WARN ] [error:167]	busi err back, erase task failed, cannot find cache task: 8875d4e6-9d9d-4163-a7be-366519e67036 !  [THE user: test001] 
[11:56:04.066] [27978] [ERROR] [error:157]	got error busi back: 6ec76a0d-40f4-406b-9a8e-843646dc031b, code: 1007 
[11:56:04.066] [27978] [WARN ] [error:167]	busi err back, erase task failed, cannot find cache task: 6ec76a0d-40f4-406b-9a8e-843646dc031b !  [THE user: test001] 
[11:56:04.067] [5110 ] [ERROR] [error:157]	got error busi back: 08cc42f0-636a-467c-b05a-8286e1653dc4, code: 1007 
[11:56:04.067] [5110 ] [WARN ] [error:167]	busi err back, erase task failed, cannot find cache task: 08cc42f0-636a-467c-b05a-8286e1653dc4 !  [THE user: test001] 
[11:56:04.067] [27978] [ERROR] [error:157]	got error busi back: 07deee8a-db89-4d09-ad34-7397c7e1645a, code: 1007 
[11:56:04.067] [27978] [WARN ] [error:167]	busi err back, erase task failed, cannot find cache task: 07deee8a-db89-4d09-ad34-7397c7e1645a !  [THE user: test001] 
[11:56:04.068] [5110 ] [ERROR] [error:157]	got error busi back: 22514f07-4ef7-4313-ba2c-53d6acf47333, code: 1007 
[11:56:04.068] [5110 ] [WARN ] [error:167]	busi err back, erase task failed, cannot find cache task: 22514f07-4ef7-4313-ba2c-53d6acf47333 !  [THE user: test001] 
[11:56:04.069] [27978] [ERROR] [error:157]	got error busi back: c0366b40-c2a9-48b8-a033-09f63005f952, code: 1007 
[11:56:04.069] [27978] [WARN ] [error:167]	busi err back, erase task failed, cannot find cache task: c0366b40-c2a9-48b8-a033-09f63005f952 !  [THE user: test001] 
[11:56:04.069] [5110 ] [ERROR] [error:157]	got error busi back: 47e65463-a686-401c-8faf-a2ee65631864, code: 1007 
[11:56:04.069] [5110 ] [WARN ] [error:167]	busi err back, erase task failed, cannot find cache task: 47e65463-a686-401c-8faf-a2ee65631864 !  [THE user: test001] 
[11:56:04.070] [27978] [ERROR] [error:157]	got error busi back: 33648fc1-05bc-462b-9e61-2d6ee7263dba, code: 1007 
[11:56:04.070] [27978] [WARN ] [error:167]	busi err back, erase task failed, cannot find cache task: 33648fc1-05bc-462b-9e61-2d6ee7263dba !  [THE user: test001] 
[11:56:04.071] [5110 ] [ERROR] [error:157]	got error busi back: 244ef96d-8541-41e1-b5a3-028c73dad48a, code: 1007 
[11:56:04.071] [5110 ] [WARN ] [error:167]	busi err back, erase task failed, cannot find cache task: 244ef96d-8541-41e1-b5a3-028c73dad48a !  [THE user: test001] 
[11:56:04.071] [27978] [ERROR] [error:157]	got error busi back: f75aa62d-36f6-4864-bf77-dcb7f47f271a, code: 1007 
[11:56:04.071] [27978] [WARN ] [error:167]	busi err back, erase task failed, cannot find cache task: f75aa62d-36f6-4864-bf77-dcb7f47f271a !  [THE user: test001] 
[11:56:04.072] [5110 ] [ERROR] [error:157]	got error busi back: aef17056-e04f-475d-8cc0-35f5e5e0a38a, code: 1007 
[11:56:04.072] [5110 ] [WARN ] [error:167]	busi err back, erase task failed, cannot find cache task: aef17056-e04f-475d-8cc0-35f5e5e0a38a !  [THE user: test001] 
[11:56:04.072] [27978] [ERROR] [error:157]	got error busi back: 308037b6-4eff-4249-a707-abbabcabb8a8, code: 1007 
[11:56:04.072] [27978] [WARN ] [error:167]	busi err back, erase task failed, cannot find cache task: 308037b6-4eff-4249-a707-abbabcabb8a8 !  [THE user: test001] 
[11:56:04.073] [5110 ] [ERROR] [error:157]	got error busi back: 689cc0f7-e07a-4045-9cf3-a572a0a2cf2d, code: 1007 
[11:56:04.073] [5110 ] [WARN ] [error:167]	busi err back, erase task failed, cannot find cache task: 689cc0f7-e07a-4045-9cf3-a572a0a2cf2d !  [THE user: test001] 
[11:56:04.074] [27978] [ERROR] [error:157]	got error busi back: 6d0f588d-3587-4c0f-848b-e7e25cd5ee6e, code: 1007 
[11:56:04.074] [27978] [WARN ] [error:167]	busi err back, erase task failed, cannot find cache task: 6d0f588d-3587-4c0f-848b-e7e25cd5ee6e !  [THE user: test001] 
[11:56:04.074] [5110 ] [ERROR] [error:157]	got error busi back: 716b0af4-1a76-4894-ab39-01a006955946, code: 1007 
[11:56:04.074] [5110 ] [WARN ] [error:167]	busi err back, erase task failed, cannot find cache task: 716b0af4-1a76-4894-ab39-01a006955946 !  [THE user: test001] 
[11:56:04.075] [27978] [ERROR] [error:157]	got error busi back: 7515218e-bb61-49e7-8df8-b1691aa8782a, code: 1007 
[11:56:04.075] [27978] [WARN ] [error:167]	busi err back, erase task failed, cannot find cache task: 7515218e-bb61-49e7-8df8-b1691aa8782a !  [THE user: test001] 
[11:56:04.075] [5110 ] [ERROR] [error:157]	got error busi back: df02463e-efd5-4d64-99aa-e09ff4662ef5, code: 1007 
[11:56:04.075] [5110 ] [WARN ] [error:167]	busi err back, erase task failed, cannot find cache task: df02463e-efd5-4d64-99aa-e09ff4662ef5 !  [THE user: test001] 
[11:56:04.076] [27978] [ERROR] [error:157]	got error busi back: f48fbbca-b644-459e-b952-112a092e15b5, code: 1007 
[11:56:04.076] [27978] [WARN ] [error:167]	busi err back, erase task failed, cannot find cache task: f48fbbca-b644-459e-b952-112a092e15b5 !  [THE user: test001] 
[11:56:04.077] [5110 ] [ERROR] [error:157]	got error busi back: 74d4c184-06af-40af-86b0-87b89c1ef06a, code: 1007 
[11:56:04.077] [5110 ] [WARN ] [error:167]	busi err back, erase task failed, cannot find cache task: 74d4c184-06af-40af-86b0-87b89c1ef06a !  [THE user: test001] 
[11:56:04.077] [27978] [ERROR] [error:157]	got error busi back: d72d3e2d-e106-488d-9300-843d0ba09797, code: 1007 
[11:56:04.077] [27978] [WARN ] [error:167]	busi err back, erase task failed, cannot find cache task: d72d3e2d-e106-488d-9300-843d0ba09797 !  [THE user: test001] 
[11:56:04.078] [5110 ] [ERROR] [error:157]	got error busi back: 0ba474d0-cdff-4704-be89-de8bfa6d0660, code: 1007 
[11:56:04.078] [5110 ] [WARN ] [error:167]	busi err back, erase task failed, cannot find cache task: 0ba474d0-cdff-4704-be89-de8bfa6d0660 !  [THE user: test001] 
[11:56:04.079] [27978] [ERROR] [error:157]	got error busi back: e234999b-691b-4ccc-8f54-ba8faf199c5c, code: 1007 
[11:56:04.079] [27978] [WARN ] [error:167]	busi err back, erase task failed, cannot find cache task: e234999b-691b-4ccc-8f54-ba8faf199c5c !  [THE user: test001] 
[11:56:04.079] [5110 ] [ERROR] [error:157]	got error busi back: bba82edb-cbbf-4f51-8d74-0017f5470cec, code: 1007 
[11:56:04.079] [5110 ] [WARN ] [error:167]	busi err back, erase task failed, cannot find cache task: bba82edb-cbbf-4f51-8d74-0017f5470cec !  [THE user: test001] 
[11:56:04.080] [27978] [ERROR] [error:157]	got error busi back: 086228cf-a771-4300-97ec-8376681ea113, code: 1007 
[11:56:04.080] [27978] [WARN ] [error:167]	busi err back, erase task failed, cannot find cache task: 086228cf-a771-4300-97ec-8376681ea113 !  [THE user: test001] 
[11:56:04.080] [5110 ] [ERROR] [error:157]	got error busi back: beb4f556-e2b2-473b-ad4e-7cb90d19264e, code: 1007 
[11:56:04.080] [5110 ] [WARN ] [error:167]	busi err back, erase task failed, cannot find cache task: beb4f556-e2b2-473b-ad4e-7cb90d19264e !  [THE user: test001] 
[11:56:04.081] [27978] [ERROR] [error:157]	got error busi back: 9fa4bbf2-6051-4165-89c2-d9f75ae2ff4a, code: 1007 
[11:56:04.081] [27978] [WARN ] [error:167]	busi err back, erase task failed, cannot find cache task: 9fa4bbf2-6051-4165-89c2-d9f75ae2ff4a !  [THE user: test001] 
[11:56:04.082] [5110 ] [ERROR] [error:157]	got error busi back: 8fc10e0b-2d75-46c9-aaf7-d557b68d5f38, code: 1007 
[11:56:04.082] [5110 ] [WARN ] [error:167]	busi err back, erase task failed, cannot find cache task: 8fc10e0b-2d75-46c9-aaf7-d557b68d5f38 !  [THE user: test001] 
[11:56:04.082] [27978] [ERROR] [error:157]	got error busi back: 60031659-e9ce-4092-8d4b-945df6385041, code: 1007 
[11:56:04.082] [27978] [WARN ] [error:167]	busi err back, erase task failed, cannot find cache task: 60031659-e9ce-4092-8d4b-945df6385041 !  [THE user: test001] 
[11:56:04.083] [5110 ] [ERROR] [error:157]	got error busi back: 3c02e17f-a864-4caa-a13e-ee06ac0e15dd, code: 1007 
[11:56:04.083] [5110 ] [WARN ] [error:167]	busi err back, erase task failed, cannot find cache task: 3c02e17f-a864-4caa-a13e-ee06ac0e15dd !  [THE user: test001] 
[11:56:04.083] [27978] [ERROR] [error:157]	got error busi back: 014f8a36-3cfa-4605-b133-9ea0c8471e3c, code: 1007 
[11:56:04.083] [27978] [WARN ] [error:167]	busi err back, erase task failed, cannot find cache task: 014f8a36-3cfa-4605-b133-9ea0c8471e3c !  [THE user: test001] 
[11:56:04.084] [5110 ] [ERROR] [error:157]	got error busi back: 4452d012-3425-499d-9f1f-fea0f036972f, code: 1007 
[11:56:04.084] [5110 ] [WARN ] [error:167]	busi err back, erase task failed, cannot find cache task: 4452d012-3425-499d-9f1f-fea0f036972f !  [THE user: test001] 
[11:56:04.084] [27978] [ERROR] [error:157]	got error busi back: 18fbf605-2c8f-41f6-ac8d-a849d006aee1, code: 1007 
[11:56:04.084] [27978] [WARN ] [error:167]	busi err back, erase task failed, cannot find cache task: 18fbf605-2c8f-41f6-ac8d-a849d006aee1 !  [THE user: test001] 
[11:56:04.085] [5110 ] [ERROR] [error:157]	got error busi back: 7ec9f453-86d0-4c08-9ef8-db504c3250ed, code: 1007 
[11:56:04.085] [5110 ] [WARN ] [error:167]	busi err back, erase task failed, cannot find cache task: 7ec9f453-86d0-4c08-9ef8-db504c3250ed !  [THE user: test001] 
[11:56:04.086] [27978] [ERROR] [error:157]	got error busi back: 958ac688-65c7-4e25-8b28-0d5635e0b5c9, code: 1007 
[11:56:04.086] [27978] [WARN ] [error:167]	busi err back, erase task failed, cannot find cache task: 958ac688-65c7-4e25-8b28-0d5635e0b5c9 !  [THE user: test001] 
[11:56:04.086] [5110 ] [ERROR] [error:157]	got error busi back: a8a7fb41-6eca-4f2a-ae5f-59e6983d5f83, code: 1007 
[11:56:04.086] [5110 ] [WARN ] [error:167]	busi err back, erase task failed, cannot find cache task: a8a7fb41-6eca-4f2a-ae5f-59e6983d5f83 !  [THE user: test001] 
[11:56:04.087] [27978] [ERROR] [error:157]	got error busi back: 16ae256b-7d7b-436e-bf61-7184e8b47fa5, code: 1007 
[11:56:04.087] [27978] [WARN ] [error:167]	busi err back, erase task failed, cannot find cache task: 16ae256b-7d7b-436e-bf61-7184e8b47fa5 !  [THE user: test001] 
[11:56:13.240] [26582] [WARN ] [~MpcMemPool:48]	the mempool is freed! 
