[11:23:54.912] [20763] [INFO ] [JNI_OnLoad:24]	jvm onload success ! 
[11:23:54.913] [20763] [INFO ] [init:111]	JniNativeCallback init ok. 
[11:23:54.913] [20763] [INFO ] [init:108]	to init engine, user: test001, mode: 0, proxyEndpoint: ProxyGlacier2/router:tcp -h 202.114.114.46 -p 4502 -t 11000 
[11:23:54.913] [20763] [WARN ] [init:130]	Cannot find the --Mpc.Data=xxxxx config item ! 
[11:23:54.913] [20763] [INFO ] [init:156]	Not start node server ! use proxy forward ! 
[11:23:54.913] [20763] [INFO ] [MpcTaskDispatcher:43]	construct task dispatcher, with 3 processor, load balence is: 6000 
[11:23:54.913] [20763] [INFO ] [init:60]	INIT the processor: 0 ok 
[11:23:54.913] [20763] [INFO ] [init:60]	INIT the processor: 1 ok 
[11:23:54.913] [27544] [INFO ] [operator():51]	task processor: 0 is running... 
[11:23:54.913] [27545] [INFO ] [operator():51]	task processor: 1 is running... 
[11:23:54.913] [20763] [INFO ] [init:60]	INIT the processor: 2 ok 
[03:23:54.913] [27546] [INFO ] [operator():51]	task processor: 2 is running... 
[11:23:54.913] [27546] [DEBUG] [popReadyTask:166]	to POP a ready task from ready queue to processor, now read_num: 0 ... 
[11:23:54.913] [27544] [DEBUG] [popReadyTask:166]	to POP a ready task from ready queue to processor, now read_num: 0 ... 
[11:23:54.913] [20763] [INFO ] [init:177]	INIT task dispatcher done ! 
[11:23:54.913] [27545] [DEBUG] [popReadyTask:166]	to POP a ready task from ready queue to processor, now read_num: 0 ... 
[11:23:54.913] [20763] [INFO ] [init:40]	connect to busi proxy server endpoint: ProxyGlacier2/router:tcp -h 202.114.114.46 -p 4502 -t 11000 
[11:23:54.928] [27551] [INFO ] [connected:34]	to get session... 
[11:23:54.928] [27551] [INFO ] [connected:38]	to get create busi node callback... 
[11:23:54.928] [27551] [INFO ] [connected:45]	to set node callback... 
[11:23:54.931] [27551] [WARN ] [connected:54]	the busi session create success. 
[11:23:55.421] [20763] [INFO ] [init:69]	waiting for node busi client inited ... timeout 1s.. 
[11:23:55.421] [20763] [INFO ] [init:74]	the busi node communicator is prepared !!!! 
[11:23:55.421] [20763] [INFO ] [init:86]	INIT busi node client success. user: test001, proxyEndpoint: ProxyGlacier2/router:tcp -h 202.114.114.46 -p 4502 -t 11000 
[11:23:55.421] [20763] [INFO ] [init:187]	INIT busi node client done ! 
[11:23:55.421] [20763] [INFO ] [init:48]	ready process init ok. max request queue size: 3 
[11:23:55.421] [20763] [INFO ] [init:202]	Mpc engine init success. 
[11:23:55.421] [27553] [DEBUG] [popCommitTask:110]	to POP a commit task, task size: 0  ... 
[11:23:55.422] [20763] [INFO ] [Java_com_juzix_jugo_node_jni_NativeInterface_setDataLogLevel:155]	init the log to level: 3, data log state: 0 
[11:24:10.975] [27550] [WARN ] [allReady:153]	busi allReady callback done,  task: df02463e-efd5-4d64-99aa-e09ff4662ef5, user: test001, ready: 1 !  
