[12:00:42.078] [5575 ] [INFO ] [JNI_OnLoad:24]	jvm onload success ! 
[12:00:42.079] [5575 ] [INFO ] [init:111]	JniNativeCallback init ok. 
[12:00:42.079] [5575 ] [INFO ] [init:136]	to init engine, user: test001, mode: 0, proxyEndpoint: ProxyGlacier2/router:tcp -h 202.114.114.46 -p 4502 -t 11000 
[12:00:42.079] [5575 ] [WARN ] [init:158]	Cannot find the --Mpc.Data=xxxxx config item ! 
[12:00:42.079] [5575 ] [WARN ] [init:178]	Cannot find the --Mpc.Circuits=xxxxx config item ! not preload circuits !! 
[12:00:42.079] [5575 ] [INFO ] [init:188]	preload circuits ok ! 
[12:00:42.079] [5575 ] [INFO ] [init:212]	Not start node server ! use proxy forward ! 
[12:00:42.080] [5575 ] [INFO ] [MpcTaskDispatcher:39]	construct task dispatcher, with 8 processor, load balence is: 16384 
[12:00:42.080] [5575 ] [INFO ] [init:63]	INIT the processor: 0, type: 0 ok 
[12:00:42.080] [5575 ] [INFO ] [init:63]	INIT the processor: 1, type: 0 ok 
[12:00:42.080] [5575 ] [INFO ] [init:63]	INIT the processor: 2, type: 0 ok 
[12:00:42.081] [5575 ] [INFO ] [init:63]	INIT the processor: 3, type: 0 ok 
[12:00:42.081] [5575 ] [INFO ] [init:63]	INIT the processor: 4, type: 1 ok 
[12:00:42.081] [5575 ] [INFO ] [init:63]	INIT the processor: 5, type: 1 ok 
[12:00:42.081] [5575 ] [INFO ] [init:63]	INIT the processor: 6, type: 1 ok 
[12:00:42.081] [5575 ] [INFO ] [init:63]	INIT the processor: 7, type: 1 ok 
[12:00:42.081] [5575 ] [INFO ] [init:234]	INIT task dispatcher done ! 
[12:00:42.083] [5575 ] [INFO ] [init:64]	connect to busi proxy server endpoint: ProxyGlacier2/router:tcp -h 202.114.114.46 -p 4502 -t 11000 
[12:00:42.085] [7122 ] [INFO ] [operator():54]	task processor: 6 is running... 
[12:00:42.085] [7122 ] [INFO ] [popInviteeReadyTask:208]	to POP a ready task from ready invitee queue to processor, now read_num: 0 ... 
[12:00:42.086] [7123 ] [INFO ] [operator():54]	task processor: 7 is running... 
[12:00:42.086] [7123 ] [INFO ] [popInviteeReadyTask:208]	to POP a ready task from ready invitee queue to processor, now read_num: 0 ... 
[12:00:42.086] [7119 ] [INFO ] [operator():54]	task processor: 3 is running... 
[12:00:42.086] [7119 ] [INFO ] [popInvitorReadyTask:270]	to POP a ready task from ready invitor queue to processor, now read_num: 0 ... 
[12:00:42.086] [7120 ] [INFO ] [operator():54]	task processor: 4 is running... 
[12:00:42.086] [7120 ] [INFO ] [popInviteeReadyTask:208]	to POP a ready task from ready invitee queue to processor, now read_num: 0 ... 
[12:00:42.086] [7116 ] [INFO ] [operator():54]	task processor: 0 is running... 
[12:00:42.086] [7116 ] [INFO ] [popInvitorReadyTask:270]	to POP a ready task from ready invitor queue to processor, now read_num: 0 ... 
[12:00:42.087] [7118 ] [INFO ] [operator():54]	task processor: 2 is running... 
[12:00:42.087] [7118 ] [INFO ] [popInvitorReadyTask:270]	to POP a ready task from ready invitor queue to processor, now read_num: 0 ... 
[12:00:42.090] [7121 ] [INFO ] [operator():54]	task processor: 5 is running... 
[12:00:42.090] [7121 ] [INFO ] [popInviteeReadyTask:208]	to POP a ready task from ready invitee queue to processor, now read_num: 0 ... 
[12:00:42.090] [7117 ] [INFO ] [operator():54]	task processor: 1 is running... 
[12:00:42.090] [7117 ] [INFO ] [popInvitorReadyTask:270]	to POP a ready task from ready invitor queue to processor, now read_num: 0 ... 
[12:00:42.098] [7128 ] [INFO ] [connected:34]	to get session... 
[12:00:42.098] [7128 ] [INFO ] [connected:38]	to get create busi node callback... 
[12:00:42.098] [7128 ] [INFO ] [connected:46]	to set node callback, public endpoint: ProxyGlacier2/router:tcp -h 202.114.114.46 -p 4502 -t 11000, user: test001 ... 
[12:00:42.103] [7128 ] [WARN ] [connected:55]	the busi session create success. 
[12:00:42.590] [5575 ] [INFO ] [init:69]	waiting for node busi client inited ... timeout 1s.. 
[12:00:42.590] [5575 ] [INFO ] [init:74]	the busi node communicator is prepared !!!! 
[12:00:42.590] [5575 ] [INFO ] [init:86]	INIT busi node client success. user: test001, proxyEndpoint: ProxyGlacier2/router:tcp -h 202.114.114.46 -p 4502 -t 11000 
[12:00:42.590] [5575 ] [INFO ] [init:244]	INIT busi node client done ! 
[12:00:42.591] [5575 ] [INFO ] [init:48]	input ready process init ok. 
[12:00:42.591] [5575 ] [INFO ] [init:253]	INIT input ready processor done ! 
[12:00:42.591] [5575 ] [INFO ] [init:48]	ready process init ok. max request queue size: 4 
[12:00:42.591] [5575 ] [INFO ] [init:263]	INIT ready processor done ! 
[12:00:42.591] [5575 ] [INFO ] [init:269]	Mpc engine init success. 
[12:00:42.591] [5575 ] [INFO ] [Java_com_juzix_jugo_node_jni_NativeInterface_setDataLogLevel:155]	init the log to level: 3, data log state: 0 
[12:01:04.186] [7127 ] [WARN ] [MpcMemPool:42]	the mempool construction, size: 134217728, mem: 0x7f3a2b241010 
[12:01:05.735] [7120 ] [ERROR] [consumeBuffer:363]	====> the first buffer seq: 1 
[12:01:05.735] [7122 ] [ERROR] [consumeBuffer:363]	====> the first buffer seq: 1 
[12:01:05.745] [7123 ] [ERROR] [consumeBuffer:363]	====> the first buffer seq: 1 
[12:01:05.746] [7121 ] [ERROR] [consumeBuffer:363]	====> the first buffer seq: 1 
[12:01:12.278] [7122 ] [ERROR] [consumeBuffer:363]	====> the first buffer seq: 1 
[12:01:12.382] [7121 ] [ERROR] [consumeBuffer:363]	====> the first buffer seq: 1 
[12:01:12.505] [7123 ] [ERROR] [consumeBuffer:363]	====> the first buffer seq: 1 
[12:01:12.655] [7120 ] [ERROR] [consumeBuffer:363]	====> the first buffer seq: 1 
[12:01:16.679] [7122 ] [ERROR] [consumeBuffer:363]	====> the first buffer seq: 1 
[12:01:16.790] [7123 ] [ERROR] [consumeBuffer:363]	====> the first buffer seq: 1 
[12:01:16.837] [7121 ] [ERROR] [consumeBuffer:363]	====> the first buffer seq: 1 
[12:01:17.009] [7120 ] [ERROR] [consumeBuffer:363]	====> the first buffer seq: 1 
[12:01:20.579] [7122 ] [ERROR] [consumeBuffer:363]	====> the first buffer seq: 1 
[12:01:20.695] [7123 ] [ERROR] [consumeBuffer:363]	====> the first buffer seq: 1 
[12:01:20.772] [7121 ] [ERROR] [consumeBuffer:363]	====> the first buffer seq: 1 
[12:01:20.942] [7120 ] [ERROR] [consumeBuffer:363]	====> the first buffer seq: 1 
[12:01:24.365] [7122 ] [ERROR] [consumeBuffer:363]	====> the first buffer seq: 1 
[12:01:24.671] [7121 ] [ERROR] [consumeBuffer:363]	====> the first buffer seq: 1 
[12:01:24.677] [7123 ] [ERROR] [consumeBuffer:363]	====> the first buffer seq: 1 
[12:01:24.873] [7120 ] [ERROR] [consumeBuffer:363]	====> the first buffer seq: 1 
[12:01:28.711] [7122 ] [ERROR] [consumeBuffer:363]	====> the first buffer seq: 1 
[12:01:29.089] [7123 ] [ERROR] [consumeBuffer:363]	====> the first buffer seq: 1 
[12:01:29.176] [7121 ] [ERROR] [consumeBuffer:363]	====> the first buffer seq: 1 
[12:01:29.449] [7120 ] [ERROR] [consumeBuffer:363]	====> the first buffer seq: 1 
[12:01:33.664] [7122 ] [ERROR] [consumeBuffer:363]	====> the first buffer seq: 1 
[12:01:33.907] [7123 ] [ERROR] [consumeBuffer:363]	====> the first buffer seq: 1 
[12:01:33.985] [7121 ] [ERROR] [consumeBuffer:363]	====> the first buffer seq: 1 
[12:01:34.269] [7120 ] [ERROR] [consumeBuffer:363]	====> the first buffer seq: 1 
[12:01:38.361] [7123 ] [ERROR] [consumeBuffer:363]	====> the first buffer seq: 1 
[12:01:38.421] [7122 ] [ERROR] [consumeBuffer:363]	====> the first buffer seq: 1 
[12:01:38.473] [7121 ] [ERROR] [consumeBuffer:363]	====> the first buffer seq: 1 
[12:01:38.709] [7120 ] [ERROR] [consumeBuffer:363]	====> the first buffer seq: 1 
[12:01:42.933] [7123 ] [ERROR] [consumeBuffer:363]	====> the first buffer seq: 1 
[12:01:42.983] [7122 ] [ERROR] [consumeBuffer:363]	====> the first buffer seq: 1 
[12:01:43.191] [7121 ] [ERROR] [consumeBuffer:363]	====> the first buffer seq: 1 
[12:01:43.504] [7120 ] [ERROR] [consumeBuffer:363]	====> the first buffer seq: 1 
[12:01:47.647] [7123 ] [ERROR] [consumeBuffer:363]	====> the first buffer seq: 1 
[12:01:47.885] [7122 ] [ERROR] [consumeBuffer:363]	====> the first buffer seq: 1 
[12:01:48.045] [7121 ] [ERROR] [consumeBuffer:363]	====> the first buffer seq: 1 
[12:01:48.131] [7120 ] [ERROR] [consumeBuffer:363]	====> the first buffer seq: 1 
[12:01:52.041] [7123 ] [ERROR] [consumeBuffer:363]	====> the first buffer seq: 1 
[12:01:52.236] [7122 ] [ERROR] [consumeBuffer:363]	====> the first buffer seq: 1 
[12:01:52.428] [7121 ] [ERROR] [consumeBuffer:363]	====> the first buffer seq: 1 
[12:01:52.444] [7120 ] [ERROR] [consumeBuffer:363]	====> the first buffer seq: 1 
[12:01:55.850] [7123 ] [ERROR] [consumeBuffer:363]	====> the first buffer seq: 1 
[12:01:56.259] [7122 ] [ERROR] [consumeBuffer:363]	====> the first buffer seq: 1 
[12:01:56.333] [7120 ] [ERROR] [consumeBuffer:363]	====> the first buffer seq: 1 
[12:01:56.441] [7121 ] [ERROR] [consumeBuffer:363]	====> the first buffer seq: 1 
[12:01:59.687] [7123 ] [ERROR] [consumeBuffer:363]	====> the first buffer seq: 1 
[12:02:00.061] [7122 ] [ERROR] [consumeBuffer:363]	====> the first buffer seq: 1 
[12:02:00.201] [7120 ] [ERROR] [consumeBuffer:363]	====> the first buffer seq: 1 
[12:02:00.252] [7121 ] [ERROR] [consumeBuffer:363]	====> the first buffer seq: 1 
[12:02:03.819] [7123 ] [ERROR] [consumeBuffer:363]	====> the first buffer seq: 1 
[12:02:04.680] [7120 ] [ERROR] [consumeBuffer:363]	====> the first buffer seq: 1 
[12:02:04.687] [7122 ] [ERROR] [consumeBuffer:363]	====> the first buffer seq: 1 
[12:02:04.775] [7121 ] [ERROR] [consumeBuffer:363]	====> the first buffer seq: 1 
[12:02:08.052] [7123 ] [ERROR] [consumeBuffer:363]	====> the first buffer seq: 1 
[12:02:09.204] [7121 ] [ERROR] [consumeBuffer:363]	====> the first buffer seq: 1 
[12:02:09.225] [7120 ] [ERROR] [consumeBuffer:363]	====> the first buffer seq: 1 
[12:02:09.476] [7122 ] [ERROR] [consumeBuffer:363]	====> the first buffer seq: 1 
[12:02:12.613] [7123 ] [ERROR] [consumeBuffer:363]	====> the first buffer seq: 1 
[12:02:14.000] [7120 ] [ERROR] [consumeBuffer:363]	====> the first buffer seq: 1 
[12:02:14.022] [7121 ] [ERROR] [consumeBuffer:363]	====> the first buffer seq: 1 
[12:02:14.308] [7122 ] [ERROR] [consumeBuffer:363]	====> the first buffer seq: 1 
[12:02:16.535] [7123 ] [ERROR] [consumeBuffer:363]	====> the first buffer seq: 1 
[12:02:18.008] [7120 ] [ERROR] [consumeBuffer:363]	====> the first buffer seq: 1 
[12:02:18.296] [7121 ] [ERROR] [consumeBuffer:363]	====> the first buffer seq: 1 
[12:02:18.558] [7122 ] [ERROR] [consumeBuffer:363]	====> the first buffer seq: 1 
[12:02:21.033] [7123 ] [ERROR] [consumeBuffer:363]	====> the first buffer seq: 1 
[12:02:22.732] [7120 ] [ERROR] [consumeBuffer:363]	====> the first buffer seq: 1 
[12:02:23.025] [7121 ] [ERROR] [consumeBuffer:363]	====> the first buffer seq: 1 
[12:02:23.148] [7122 ] [ERROR] [consumeBuffer:363]	====> the first buffer seq: 1 
[12:02:25.678] [7123 ] [ERROR] [consumeBuffer:363]	====> the first buffer seq: 1 
[12:02:27.468] [7120 ] [ERROR] [consumeBuffer:363]	====> the first buffer seq: 1 
[12:02:27.649] [7121 ] [ERROR] [consumeBuffer:363]	====> the first buffer seq: 1 
[12:02:27.970] [7122 ] [ERROR] [consumeBuffer:363]	====> the first buffer seq: 1 
[12:02:30.187] [7123 ] [ERROR] [consumeBuffer:363]	====> the first buffer seq: 1 
[12:02:32.006] [7120 ] [ERROR] [consumeBuffer:363]	====> the first buffer seq: 1 
[12:02:32.184] [7121 ] [ERROR] [consumeBuffer:363]	====> the first buffer seq: 1 
[12:02:32.555] [7122 ] [ERROR] [consumeBuffer:363]	====> the first buffer seq: 1 
[12:02:34.691] [7123 ] [ERROR] [consumeBuffer:363]	====> the first buffer seq: 1 
[12:02:36.788] [7121 ] [ERROR] [consumeBuffer:363]	====> the first buffer seq: 1 
[12:02:36.792] [7120 ] [ERROR] [consumeBuffer:363]	====> the first buffer seq: 1 
[12:02:37.254] [7122 ] [ERROR] [consumeBuffer:363]	====> the first buffer seq: 1 
[12:02:39.466] [7123 ] [ERROR] [consumeBuffer:363]	====> the first buffer seq: 1 
[12:02:41.642] [7120 ] [ERROR] [consumeBuffer:363]	====> the first buffer seq: 1 
[12:02:41.665] [7121 ] [ERROR] [consumeBuffer:363]	====> the first buffer seq: 1 
[12:02:42.257] [7122 ] [ERROR] [consumeBuffer:363]	====> the first buffer seq: 1 
[12:02:44.331] [7123 ] [ERROR] [consumeBuffer:363]	====> the first buffer seq: 1 
[12:02:46.466] [7121 ] [ERROR] [consumeBuffer:363]	====> the first buffer seq: 1 
[12:02:46.687] [7120 ] [ERROR] [consumeBuffer:363]	====> the first buffer seq: 1 
[12:02:47.111] [7122 ] [ERROR] [consumeBuffer:363]	====> the first buffer seq: 1 
[12:02:48.918] [7123 ] [ERROR] [consumeBuffer:363]	====> the first buffer seq: 1 
[12:02:51.175] [7120 ] [ERROR] [consumeBuffer:363]	====> the first buffer seq: 1 
[12:02:51.281] [7121 ] [ERROR] [consumeBuffer:363]	====> the first buffer seq: 1 
[12:02:51.782] [7122 ] [ERROR] [consumeBuffer:363]	====> the first buffer seq: 1 
[12:02:53.268] [7123 ] [ERROR] [consumeBuffer:363]	====> the first buffer seq: 1 
[12:02:55.826] [7120 ] [ERROR] [consumeBuffer:363]	====> the first buffer seq: 1 
[12:02:55.885] [7121 ] [ERROR] [consumeBuffer:363]	====> the first buffer seq: 1 
[12:02:56.514] [7122 ] [ERROR] [consumeBuffer:363]	====> the first buffer seq: 1 
[12:09:07.067] [7126 ] [ERROR] [error:157]	got error busi back: a758fb68-87dd-4ba8-aa73-28af56157c1e, code: 1007 
[12:09:07.067] [7126 ] [WARN ] [error:167]	busi err back, erase task failed, cannot find cache task: a758fb68-87dd-4ba8-aa73-28af56157c1e !  [THE user: test001] 
[12:09:07.068] [6435 ] [ERROR] [error:157]	got error busi back: 65e326cc-f11e-47e9-aa89-2dd07f0fc3d3, code: 1007 
[12:09:07.068] [6435 ] [WARN ] [error:167]	busi err back, erase task failed, cannot find cache task: 65e326cc-f11e-47e9-aa89-2dd07f0fc3d3 !  [THE user: test001] 
[12:09:07.069] [7126 ] [ERROR] [error:157]	got error busi back: 10ab5684-74dc-4597-aa14-edb1912fff66, code: 1007 
[12:09:07.069] [7126 ] [WARN ] [error:167]	busi err back, erase task failed, cannot find cache task: 10ab5684-74dc-4597-aa14-edb1912fff66 !  [THE user: test001] 
[12:09:07.069] [6435 ] [ERROR] [error:157]	got error busi back: bdec3121-4da9-4f8b-bf2f-29c83c50f20f, code: 1007 
[12:09:07.069] [6435 ] [WARN ] [error:167]	busi err back, erase task failed, cannot find cache task: bdec3121-4da9-4f8b-bf2f-29c83c50f20f !  [THE user: test001] 
[12:09:07.070] [7126 ] [ERROR] [error:157]	got error busi back: 3a6998e3-4d83-4b64-88a9-5863046b5ede, code: 1007 
[12:09:07.070] [7126 ] [WARN ] [error:167]	busi err back, erase task failed, cannot find cache task: 3a6998e3-4d83-4b64-88a9-5863046b5ede !  [THE user: test001] 
[12:09:07.071] [6435 ] [ERROR] [error:157]	got error busi back: b5564c12-1b7b-46a3-a977-fa0a1d942301, code: 1007 
[12:09:07.071] [6435 ] [WARN ] [error:167]	busi err back, erase task failed, cannot find cache task: b5564c12-1b7b-46a3-a977-fa0a1d942301 !  [THE user: test001] 
[12:09:07.076] [6435 ] [ERROR] [error:157]	got error busi back: 599f2e9a-460e-4745-a431-63f1a9318e75, code: 1007 
[12:09:07.076] [6435 ] [WARN ] [error:167]	busi err back, erase task failed, cannot find cache task: 599f2e9a-460e-4745-a431-63f1a9318e75 !  [THE user: test001] 
[12:09:07.076] [7126 ] [ERROR] [error:157]	got error busi back: 2ba25aa1-fc9d-4103-91ad-feb705a9e698, code: 1007 
[12:09:07.076] [7126 ] [WARN ] [error:167]	busi err back, erase task failed, cannot find cache task: 2ba25aa1-fc9d-4103-91ad-feb705a9e698 !  [THE user: test001] 
[12:09:07.077] [6435 ] [ERROR] [error:157]	got error busi back: 5c033499-96fe-4184-908e-c4c3ccddb7f2, code: 1007 
[12:09:07.077] [6435 ] [WARN ] [error:167]	busi err back, erase task failed, cannot find cache task: 5c033499-96fe-4184-908e-c4c3ccddb7f2 !  [THE user: test001] 
[12:09:07.078] [7126 ] [ERROR] [error:157]	got error busi back: a40d7f45-6ee2-4516-a9c4-4cc4396a6f23, code: 1007 
[12:09:07.078] [7126 ] [WARN ] [error:167]	busi err back, erase task failed, cannot find cache task: a40d7f45-6ee2-4516-a9c4-4cc4396a6f23 !  [THE user: test001] 
[12:09:07.079] [6435 ] [ERROR] [error:157]	got error busi back: 5edb3deb-5679-45c4-af8e-7a766763231d, code: 1007 
[12:09:07.079] [6435 ] [WARN ] [error:167]	busi err back, erase task failed, cannot find cache task: 5edb3deb-5679-45c4-af8e-7a766763231d !  [THE user: test001] 
[12:09:07.079] [7126 ] [ERROR] [error:157]	got error busi back: 27aa2967-ea70-4656-99cd-3f8858454c9d, code: 1007 
[12:09:07.079] [7126 ] [WARN ] [error:167]	busi err back, erase task failed, cannot find cache task: 27aa2967-ea70-4656-99cd-3f8858454c9d !  [THE user: test001] 
[12:09:07.080] [6435 ] [ERROR] [error:157]	got error busi back: 59578f7d-4e37-453a-b744-da9c7955eee9, code: 1007 
[12:09:07.080] [6435 ] [WARN ] [error:167]	busi err back, erase task failed, cannot find cache task: 59578f7d-4e37-453a-b744-da9c7955eee9 !  [THE user: test001] 
[12:09:07.080] [7126 ] [ERROR] [error:157]	got error busi back: cf3f91b7-dd8d-4024-8737-52689f2aa5f8, code: 1007 
[12:09:07.080] [7126 ] [WARN ] [error:167]	busi err back, erase task failed, cannot find cache task: cf3f91b7-dd8d-4024-8737-52689f2aa5f8 !  [THE user: test001] 
[12:09:07.081] [6435 ] [ERROR] [error:157]	got error busi back: 908007e8-a282-4bb3-9c3b-3b1417e19f3c, code: 1007 
[12:09:07.081] [6435 ] [WARN ] [error:167]	busi err back, erase task failed, cannot find cache task: 908007e8-a282-4bb3-9c3b-3b1417e19f3c !  [THE user: test001] 
[12:09:07.081] [7126 ] [ERROR] [error:157]	got error busi back: a926fc2b-504d-4761-b0bf-47e08060e938, code: 1007 
[12:09:07.081] [7126 ] [WARN ] [error:167]	busi err back, erase task failed, cannot find cache task: a926fc2b-504d-4761-b0bf-47e08060e938 !  [THE user: test001] 
[12:09:07.082] [6435 ] [ERROR] [error:157]	got error busi back: e7e1f08b-4ba6-4215-a894-25a0aeeb7396, code: 1007 
[12:09:07.082] [6435 ] [WARN ] [error:167]	busi err back, erase task failed, cannot find cache task: e7e1f08b-4ba6-4215-a894-25a0aeeb7396 !  [THE user: test001] 
[12:09:07.083] [7126 ] [ERROR] [error:157]	got error busi back: f1fac291-a6bb-46a7-8374-ba9371e64352, code: 1007 
[12:09:07.083] [7126 ] [WARN ] [error:167]	busi err back, erase task failed, cannot find cache task: f1fac291-a6bb-46a7-8374-ba9371e64352 !  [THE user: test001] 
[12:09:07.084] [6435 ] [ERROR] [error:157]	got error busi back: e5bdd831-07e3-4a30-82ec-7c96609d8869, code: 1007 
[12:09:07.084] [6435 ] [WARN ] [error:167]	busi err back, erase task failed, cannot find cache task: e5bdd831-07e3-4a30-82ec-7c96609d8869 !  [THE user: test001] 
[12:09:07.084] [7126 ] [ERROR] [error:157]	got error busi back: b736587d-9a3f-46a5-b380-5d2001483bf7, code: 1007 
[12:09:07.084] [7126 ] [WARN ] [error:167]	busi err back, erase task failed, cannot find cache task: b736587d-9a3f-46a5-b380-5d2001483bf7 !  [THE user: test001] 
[12:09:07.085] [6435 ] [ERROR] [error:157]	got error busi back: 5a52949b-4c9e-4d4f-9371-195de7f401af, code: 1007 
[12:09:07.085] [6435 ] [WARN ] [error:167]	busi err back, erase task failed, cannot find cache task: 5a52949b-4c9e-4d4f-9371-195de7f401af !  [THE user: test001] 
[12:09:07.086] [7126 ] [ERROR] [error:157]	got error busi back: ba5cfd98-b4b1-4718-9a90-258209a9c66a, code: 1007 
[12:09:07.086] [7126 ] [WARN ] [error:167]	busi err back, erase task failed, cannot find cache task: ba5cfd98-b4b1-4718-9a90-258209a9c66a !  [THE user: test001] 
[12:09:07.086] [6435 ] [ERROR] [error:157]	got error busi back: 091b0d01-ffb3-485f-9b51-9c41da6cd70c, code: 1007 
[12:09:07.086] [6435 ] [WARN ] [error:167]	busi err back, erase task failed, cannot find cache task: 091b0d01-ffb3-485f-9b51-9c41da6cd70c !  [THE user: test001] 
[12:09:07.087] [7126 ] [ERROR] [error:157]	got error busi back: 0250274b-8c5c-4187-b4c7-7accdb6ef9b5, code: 1007 
[12:09:07.087] [7126 ] [WARN ] [error:167]	busi err back, erase task failed, cannot find cache task: 0250274b-8c5c-4187-b4c7-7accdb6ef9b5 !  [THE user: test001] 
[12:09:07.088] [6435 ] [ERROR] [error:157]	got error busi back: 18891c90-06df-4a9c-89ae-92b665d10bb8, code: 1007 
[12:09:07.088] [6435 ] [WARN ] [error:167]	busi err back, erase task failed, cannot find cache task: 18891c90-06df-4a9c-89ae-92b665d10bb8 !  [THE user: test001] 
[12:09:07.089] [7126 ] [ERROR] [error:157]	got error busi back: 8875d4e6-9d9d-4163-a7be-366519e67036, code: 1007 
[12:09:07.089] [7126 ] [WARN ] [error:167]	busi err back, erase task failed, cannot find cache task: 8875d4e6-9d9d-4163-a7be-366519e67036 !  [THE user: test001] 
[12:09:07.089] [6435 ] [ERROR] [error:157]	got error busi back: 6ec76a0d-40f4-406b-9a8e-843646dc031b, code: 1007 
[12:09:07.089] [6435 ] [WARN ] [error:167]	busi err back, erase task failed, cannot find cache task: 6ec76a0d-40f4-406b-9a8e-843646dc031b !  [THE user: test001] 
[12:09:07.090] [7126 ] [ERROR] [error:157]	got error busi back: 08cc42f0-636a-467c-b05a-8286e1653dc4, code: 1007 
[12:09:07.090] [7126 ] [WARN ] [error:167]	busi err back, erase task failed, cannot find cache task: 08cc42f0-636a-467c-b05a-8286e1653dc4 !  [THE user: test001] 
[12:09:07.091] [6435 ] [ERROR] [error:157]	got error busi back: 07deee8a-db89-4d09-ad34-7397c7e1645a, code: 1007 
[12:09:07.091] [6435 ] [WARN ] [error:167]	busi err back, erase task failed, cannot find cache task: 07deee8a-db89-4d09-ad34-7397c7e1645a !  [THE user: test001] 
[12:09:07.091] [7126 ] [ERROR] [error:157]	got error busi back: 22514f07-4ef7-4313-ba2c-53d6acf47333, code: 1007 
[12:09:07.091] [7126 ] [WARN ] [error:167]	busi err back, erase task failed, cannot find cache task: 22514f07-4ef7-4313-ba2c-53d6acf47333 !  [THE user: test001] 
[12:09:07.092] [6435 ] [ERROR] [error:157]	got error busi back: c0366b40-c2a9-48b8-a033-09f63005f952, code: 1007 
[12:09:07.092] [6435 ] [WARN ] [error:167]	busi err back, erase task failed, cannot find cache task: c0366b40-c2a9-48b8-a033-09f63005f952 !  [THE user: test001] 
[12:09:07.093] [7126 ] [ERROR] [error:157]	got error busi back: 47e65463-a686-401c-8faf-a2ee65631864, code: 1007 
[12:09:07.093] [7126 ] [WARN ] [error:167]	busi err back, erase task failed, cannot find cache task: 47e65463-a686-401c-8faf-a2ee65631864 !  [THE user: test001] 
[12:09:07.093] [6435 ] [ERROR] [error:157]	got error busi back: 33648fc1-05bc-462b-9e61-2d6ee7263dba, code: 1007 
[12:09:07.093] [6435 ] [WARN ] [error:167]	busi err back, erase task failed, cannot find cache task: 33648fc1-05bc-462b-9e61-2d6ee7263dba !  [THE user: test001] 
[12:09:07.094] [7126 ] [ERROR] [error:157]	got error busi back: 244ef96d-8541-41e1-b5a3-028c73dad48a, code: 1007 
[12:09:07.094] [7126 ] [WARN ] [error:167]	busi err back, erase task failed, cannot find cache task: 244ef96d-8541-41e1-b5a3-028c73dad48a !  [THE user: test001] 
[12:09:07.095] [6435 ] [ERROR] [error:157]	got error busi back: f75aa62d-36f6-4864-bf77-dcb7f47f271a, code: 1007 
[12:09:07.095] [6435 ] [WARN ] [error:167]	busi err back, erase task failed, cannot find cache task: f75aa62d-36f6-4864-bf77-dcb7f47f271a !  [THE user: test001] 
[12:09:07.095] [7126 ] [ERROR] [error:157]	got error busi back: 308037b6-4eff-4249-a707-abbabcabb8a8, code: 1007 
[12:09:07.095] [7126 ] [WARN ] [error:167]	busi err back, erase task failed, cannot find cache task: 308037b6-4eff-4249-a707-abbabcabb8a8 !  [THE user: test001] 
[12:09:07.096] [7126 ] [ERROR] [error:157]	got error busi back: aef17056-e04f-475d-8cc0-35f5e5e0a38a, code: 1007 
[12:09:07.096] [7126 ] [WARN ] [error:167]	busi err back, erase task failed, cannot find cache task: aef17056-e04f-475d-8cc0-35f5e5e0a38a !  [THE user: test001] 
[12:09:07.097] [7126 ] [ERROR] [error:157]	got error busi back: 689cc0f7-e07a-4045-9cf3-a572a0a2cf2d, code: 1007 
[12:09:07.097] [7126 ] [WARN ] [error:167]	busi err back, erase task failed, cannot find cache task: 689cc0f7-e07a-4045-9cf3-a572a0a2cf2d !  [THE user: test001] 
[12:09:07.097] [7126 ] [ERROR] [error:157]	got error busi back: 6d0f588d-3587-4c0f-848b-e7e25cd5ee6e, code: 1007 
[12:09:07.097] [7126 ] [WARN ] [error:167]	busi err back, erase task failed, cannot find cache task: 6d0f588d-3587-4c0f-848b-e7e25cd5ee6e !  [THE user: test001] 
[12:09:07.098] [7126 ] [ERROR] [error:157]	got error busi back: 716b0af4-1a76-4894-ab39-01a006955946, code: 1007 
[12:09:07.098] [7126 ] [WARN ] [error:167]	busi err back, erase task failed, cannot find cache task: 716b0af4-1a76-4894-ab39-01a006955946 !  [THE user: test001] 
[12:09:07.099] [7126 ] [ERROR] [error:157]	got error busi back: 7515218e-bb61-49e7-8df8-b1691aa8782a, code: 1007 
[12:09:07.099] [7126 ] [WARN ] [error:167]	busi err back, erase task failed, cannot find cache task: 7515218e-bb61-49e7-8df8-b1691aa8782a !  [THE user: test001] 
[12:09:07.099] [7126 ] [ERROR] [error:157]	got error busi back: df02463e-efd5-4d64-99aa-e09ff4662ef5, code: 1007 
[12:09:07.099] [7126 ] [WARN ] [error:167]	busi err back, erase task failed, cannot find cache task: df02463e-efd5-4d64-99aa-e09ff4662ef5 !  [THE user: test001] 
[12:09:07.100] [7126 ] [ERROR] [error:157]	got error busi back: f48fbbca-b644-459e-b952-112a092e15b5, code: 1007 
[12:09:07.100] [7126 ] [WARN ] [error:167]	busi err back, erase task failed, cannot find cache task: f48fbbca-b644-459e-b952-112a092e15b5 !  [THE user: test001] 
[12:09:07.101] [7126 ] [ERROR] [error:157]	got error busi back: 74d4c184-06af-40af-86b0-87b89c1ef06a, code: 1007 
[12:09:07.101] [7126 ] [WARN ] [error:167]	busi err back, erase task failed, cannot find cache task: 74d4c184-06af-40af-86b0-87b89c1ef06a !  [THE user: test001] 
[12:09:07.102] [7126 ] [ERROR] [error:157]	got error busi back: d72d3e2d-e106-488d-9300-843d0ba09797, code: 1007 
[12:09:07.102] [7126 ] [WARN ] [error:167]	busi err back, erase task failed, cannot find cache task: d72d3e2d-e106-488d-9300-843d0ba09797 !  [THE user: test001] 
[12:09:07.102] [7126 ] [ERROR] [error:157]	got error busi back: 0ba474d0-cdff-4704-be89-de8bfa6d0660, code: 1007 
[12:09:07.102] [7126 ] [WARN ] [error:167]	busi err back, erase task failed, cannot find cache task: 0ba474d0-cdff-4704-be89-de8bfa6d0660 !  [THE user: test001] 
[12:09:07.103] [7126 ] [ERROR] [error:157]	got error busi back: e234999b-691b-4ccc-8f54-ba8faf199c5c, code: 1007 
[12:09:07.103] [7126 ] [WARN ] [error:167]	busi err back, erase task failed, cannot find cache task: e234999b-691b-4ccc-8f54-ba8faf199c5c !  [THE user: test001] 
[12:09:07.104] [7126 ] [ERROR] [error:157]	got error busi back: bba82edb-cbbf-4f51-8d74-0017f5470cec, code: 1007 
[12:09:07.104] [7126 ] [WARN ] [error:167]	busi err back, erase task failed, cannot find cache task: bba82edb-cbbf-4f51-8d74-0017f5470cec !  [THE user: test001] 
[12:09:07.105] [7126 ] [ERROR] [error:157]	got error busi back: 086228cf-a771-4300-97ec-8376681ea113, code: 1007 
[12:09:07.105] [7126 ] [WARN ] [error:167]	busi err back, erase task failed, cannot find cache task: 086228cf-a771-4300-97ec-8376681ea113 !  [THE user: test001] 
[12:09:07.105] [7126 ] [ERROR] [error:157]	got error busi back: 9fa4bbf2-6051-4165-89c2-d9f75ae2ff4a, code: 1007 
[12:09:07.105] [7126 ] [WARN ] [error:167]	busi err back, erase task failed, cannot find cache task: 9fa4bbf2-6051-4165-89c2-d9f75ae2ff4a !  [THE user: test001] 
[12:09:07.106] [7126 ] [ERROR] [error:157]	got error busi back: 8fc10e0b-2d75-46c9-aaf7-d557b68d5f38, code: 1007 
[12:09:07.106] [7126 ] [WARN ] [error:167]	busi err back, erase task failed, cannot find cache task: 8fc10e0b-2d75-46c9-aaf7-d557b68d5f38 !  [THE user: test001] 
[12:09:07.107] [7126 ] [ERROR] [error:157]	got error busi back: beb4f556-e2b2-473b-ad4e-7cb90d19264e, code: 1007 
[12:09:07.107] [7126 ] [WARN ] [error:167]	busi err back, erase task failed, cannot find cache task: beb4f556-e2b2-473b-ad4e-7cb90d19264e !  [THE user: test001] 
[12:09:07.108] [7126 ] [ERROR] [error:157]	got error busi back: 3c02e17f-a864-4caa-a13e-ee06ac0e15dd, code: 1007 
[12:09:07.108] [7126 ] [WARN ] [error:167]	busi err back, erase task failed, cannot find cache task: 3c02e17f-a864-4caa-a13e-ee06ac0e15dd !  [THE user: test001] 
[12:09:07.109] [7126 ] [ERROR] [error:157]	got error busi back: 60031659-e9ce-4092-8d4b-945df6385041, code: 1007 
[12:09:07.109] [7126 ] [WARN ] [error:167]	busi err back, erase task failed, cannot find cache task: 60031659-e9ce-4092-8d4b-945df6385041 !  [THE user: test001] 
[12:09:07.110] [7126 ] [ERROR] [error:157]	got error busi back: 014f8a36-3cfa-4605-b133-9ea0c8471e3c, code: 1007 
[12:09:07.110] [7126 ] [WARN ] [error:167]	busi err back, erase task failed, cannot find cache task: 014f8a36-3cfa-4605-b133-9ea0c8471e3c !  [THE user: test001] 
[12:09:07.110] [7126 ] [ERROR] [error:157]	got error busi back: 18fbf605-2c8f-41f6-ac8d-a849d006aee1, code: 1007 
[12:09:07.110] [7126 ] [WARN ] [error:167]	busi err back, erase task failed, cannot find cache task: 18fbf605-2c8f-41f6-ac8d-a849d006aee1 !  [THE user: test001] 
[12:09:07.111] [7126 ] [ERROR] [error:157]	got error busi back: 4452d012-3425-499d-9f1f-fea0f036972f, code: 1007 
[12:09:07.111] [7126 ] [WARN ] [error:167]	busi err back, erase task failed, cannot find cache task: 4452d012-3425-499d-9f1f-fea0f036972f !  [THE user: test001] 
[12:09:07.112] [7126 ] [ERROR] [error:157]	got error busi back: 7ec9f453-86d0-4c08-9ef8-db504c3250ed, code: 1007 
[12:09:07.112] [7126 ] [WARN ] [error:167]	busi err back, erase task failed, cannot find cache task: 7ec9f453-86d0-4c08-9ef8-db504c3250ed !  [THE user: test001] 
[12:09:07.112] [7126 ] [ERROR] [error:157]	got error busi back: 958ac688-65c7-4e25-8b28-0d5635e0b5c9, code: 1007 
[12:09:07.112] [7126 ] [WARN ] [error:167]	busi err back, erase task failed, cannot find cache task: 958ac688-65c7-4e25-8b28-0d5635e0b5c9 !  [THE user: test001] 
[12:09:07.113] [7126 ] [ERROR] [error:157]	got error busi back: a8a7fb41-6eca-4f2a-ae5f-59e6983d5f83, code: 1007 
[12:09:07.113] [7126 ] [WARN ] [error:167]	busi err back, erase task failed, cannot find cache task: a8a7fb41-6eca-4f2a-ae5f-59e6983d5f83 !  [THE user: test001] 
[12:09:07.113] [7126 ] [ERROR] [error:157]	got error busi back: 16ae256b-7d7b-436e-bf61-7184e8b47fa5, code: 1007 
[12:09:07.113] [7126 ] [WARN ] [error:167]	busi err back, erase task failed, cannot find cache task: 16ae256b-7d7b-436e-bf61-7184e8b47fa5 !  [THE user: test001] 
[12:09:55.973] [7123 ] [ERROR] [consumeBuffer:363]	====> the first buffer seq: 1 
[12:09:55.976] [7121 ] [ERROR] [consumeBuffer:363]	====> the first buffer seq: 1 
[12:09:55.978] [7120 ] [ERROR] [consumeBuffer:363]	====> the first buffer seq: 1 
[12:09:55.982] [7122 ] [ERROR] [consumeBuffer:363]	====> the first buffer seq: 1 
[12:10:02.921] [7122 ] [ERROR] [consumeBuffer:363]	====> the first buffer seq: 1 
[12:10:02.977] [7123 ] [ERROR] [consumeBuffer:363]	====> the first buffer seq: 1 
[12:10:03.030] [7120 ] [ERROR] [consumeBuffer:363]	====> the first buffer seq: 1 
[12:10:03.030] [7121 ] [ERROR] [consumeBuffer:363]	====> the first buffer seq: 1 
[12:10:07.902] [7120 ] [ERROR] [consumeBuffer:363]	====> the first buffer seq: 1 
[12:10:07.953] [7122 ] [ERROR] [consumeBuffer:363]	====> the first buffer seq: 1 
[12:10:07.967] [7121 ] [ERROR] [consumeBuffer:363]	====> the first buffer seq: 1 
[12:10:08.121] [7123 ] [ERROR] [consumeBuffer:363]	====> the first buffer seq: 1 
[12:10:12.764] [7122 ] [ERROR] [consumeBuffer:363]	====> the first buffer seq: 1 
[12:10:12.801] [7123 ] [ERROR] [consumeBuffer:363]	====> the first buffer seq: 1 
[12:10:12.826] [7120 ] [ERROR] [consumeBuffer:363]	====> the first buffer seq: 1 
[12:10:12.867] [7121 ] [ERROR] [consumeBuffer:363]	====> the first buffer seq: 1 
[12:10:16.729] [7122 ] [ERROR] [consumeBuffer:363]	====> the first buffer seq: 1 
[12:10:16.812] [7120 ] [ERROR] [consumeBuffer:363]	====> the first buffer seq: 1 
[12:10:16.848] [7123 ] [ERROR] [consumeBuffer:363]	====> the first buffer seq: 1 
[12:10:16.926] [7121 ] [ERROR] [consumeBuffer:363]	====> the first buffer seq: 1 
[12:10:20.556] [7122 ] [ERROR] [consumeBuffer:363]	====> the first buffer seq: 1 
[12:10:20.667] [7120 ] [ERROR] [consumeBuffer:363]	====> the first buffer seq: 1 
[12:10:20.811] [7123 ] [ERROR] [consumeBuffer:363]	====> the first buffer seq: 1 
[12:10:20.865] [7121 ] [ERROR] [consumeBuffer:363]	====> the first buffer seq: 1 
[12:10:24.948] [7122 ] [ERROR] [consumeBuffer:363]	====> the first buffer seq: 1 
[12:10:25.126] [7120 ] [ERROR] [consumeBuffer:363]	====> the first buffer seq: 1 
[12:10:25.420] [7123 ] [ERROR] [consumeBuffer:363]	====> the first buffer seq: 1 
[12:10:25.423] [7121 ] [ERROR] [consumeBuffer:363]	====> the first buffer seq: 1 
[12:10:29.676] [7122 ] [ERROR] [consumeBuffer:363]	====> the first buffer seq: 1 
[12:10:30.000] [7120 ] [ERROR] [consumeBuffer:363]	====> the first buffer seq: 1 
[12:10:30.318] [7121 ] [ERROR] [consumeBuffer:363]	====> the first buffer seq: 1 
[12:10:30.419] [7123 ] [ERROR] [consumeBuffer:363]	====> the first buffer seq: 1 
[12:10:34.396] [7122 ] [ERROR] [consumeBuffer:363]	====> the first buffer seq: 1 
[12:10:34.619] [7120 ] [ERROR] [consumeBuffer:363]	====> the first buffer seq: 1 
[12:10:35.071] [7121 ] [ERROR] [consumeBuffer:363]	====> the first buffer seq: 1 
[12:10:35.081] [7123 ] [ERROR] [consumeBuffer:363]	====> the first buffer seq: 1 
[12:10:39.133] [7122 ] [ERROR] [consumeBuffer:363]	====> the first buffer seq: 1 
[12:10:39.207] [7120 ] [ERROR] [consumeBuffer:363]	====> the first buffer seq: 1 
[12:10:39.897] [7123 ] [ERROR] [consumeBuffer:363]	====> the first buffer seq: 1 
[12:10:39.990] [7121 ] [ERROR] [consumeBuffer:363]	====> the first buffer seq: 1 
[12:10:44.005] [7122 ] [ERROR] [consumeBuffer:363]	====> the first buffer seq: 1 
[12:10:44.231] [7120 ] [ERROR] [consumeBuffer:363]	====> the first buffer seq: 1 
[12:10:45.058] [7123 ] [ERROR] [consumeBuffer:363]	====> the first buffer seq: 1 
[12:10:45.084] [7121 ] [ERROR] [consumeBuffer:363]	====> the first buffer seq: 1 
[12:10:48.580] [7122 ] [ERROR] [consumeBuffer:363]	====> the first buffer seq: 1 
[12:10:48.838] [7120 ] [ERROR] [consumeBuffer:363]	====> the first buffer seq: 1 
[12:10:49.556] [7121 ] [ERROR] [consumeBuffer:363]	====> the first buffer seq: 1 
[12:10:49.597] [7123 ] [ERROR] [consumeBuffer:363]	====> the first buffer seq: 1 
[12:10:52.293] [7122 ] [ERROR] [consumeBuffer:363]	====> the first buffer seq: 1 
[12:10:52.849] [7120 ] [ERROR] [consumeBuffer:363]	====> the first buffer seq: 1 
[12:10:53.574] [7123 ] [ERROR] [consumeBuffer:363]	====> the first buffer seq: 1 
[12:10:53.668] [7121 ] [ERROR] [consumeBuffer:363]	====> the first buffer seq: 1 
[12:10:56.210] [7122 ] [ERROR] [consumeBuffer:363]	====> the first buffer seq: 1 
[12:10:57.272] [7120 ] [ERROR] [consumeBuffer:363]	====> the first buffer seq: 1 
[12:10:57.759] [7123 ] [ERROR] [consumeBuffer:363]	====> the first buffer seq: 1 
[12:10:58.034] [7121 ] [ERROR] [consumeBuffer:363]	====> the first buffer seq: 1 
[12:11:00.300] [7122 ] [ERROR] [consumeBuffer:363]	====> the first buffer seq: 1 
[12:11:01.891] [7120 ] [ERROR] [consumeBuffer:363]	====> the first buffer seq: 1 
[12:11:02.175] [7123 ] [ERROR] [consumeBuffer:363]	====> the first buffer seq: 1 
[12:11:02.743] [7121 ] [ERROR] [consumeBuffer:363]	====> the first buffer seq: 1 
[12:11:05.276] [7122 ] [ERROR] [consumeBuffer:363]	====> the first buffer seq: 1 
[12:11:06.831] [7120 ] [ERROR] [consumeBuffer:363]	====> the first buffer seq: 1 
[12:11:07.285] [7123 ] [ERROR] [consumeBuffer:363]	====> the first buffer seq: 1 
[12:11:08.019] [7121 ] [ERROR] [consumeBuffer:363]	====> the first buffer seq: 1 
[12:11:10.190] [7122 ] [ERROR] [consumeBuffer:363]	====> the first buffer seq: 1 
[12:11:11.609] [7120 ] [ERROR] [consumeBuffer:363]	====> the first buffer seq: 1 
[12:11:12.063] [7123 ] [ERROR] [consumeBuffer:363]	====> the first buffer seq: 1 
[12:11:12.740] [7121 ] [ERROR] [consumeBuffer:363]	====> the first buffer seq: 1 
[12:11:14.588] [7122 ] [ERROR] [consumeBuffer:363]	====> the first buffer seq: 1 
[12:11:16.014] [7120 ] [ERROR] [consumeBuffer:363]	====> the first buffer seq: 1 
[12:11:16.463] [7123 ] [ERROR] [consumeBuffer:363]	====> the first buffer seq: 1 
[12:11:17.130] [7121 ] [ERROR] [consumeBuffer:363]	====> the first buffer seq: 1 
[12:11:19.389] [7122 ] [ERROR] [consumeBuffer:363]	====> the first buffer seq: 1 
[12:11:20.883] [7120 ] [ERROR] [consumeBuffer:363]	====> the first buffer seq: 1 
[12:11:21.352] [7123 ] [ERROR] [consumeBuffer:363]	====> the first buffer seq: 1 
[12:11:21.901] [7121 ] [ERROR] [consumeBuffer:363]	====> the first buffer seq: 1 
[12:11:24.077] [7122 ] [ERROR] [consumeBuffer:363]	====> the first buffer seq: 1 
[12:11:25.578] [7120 ] [ERROR] [consumeBuffer:363]	====> the first buffer seq: 1 
[12:11:26.248] [7123 ] [ERROR] [consumeBuffer:363]	====> the first buffer seq: 1 
[12:11:26.513] [7121 ] [ERROR] [consumeBuffer:363]	====> the first buffer seq: 1 
[12:11:28.789] [7122 ] [ERROR] [consumeBuffer:363]	====> the first buffer seq: 1 
[12:11:30.144] [7120 ] [ERROR] [consumeBuffer:363]	====> the first buffer seq: 1 
[12:11:30.907] [7123 ] [ERROR] [consumeBuffer:363]	====> the first buffer seq: 1 
[12:11:31.267] [7121 ] [ERROR] [consumeBuffer:363]	====> the first buffer seq: 1 
[12:11:33.542] [7122 ] [ERROR] [consumeBuffer:363]	====> the first buffer seq: 1 
[12:11:35.057] [7120 ] [ERROR] [consumeBuffer:363]	====> the first buffer seq: 1 
[12:11:35.781] [7123 ] [ERROR] [consumeBuffer:363]	====> the first buffer seq: 1 
[12:11:36.403] [7121 ] [ERROR] [consumeBuffer:363]	====> the first buffer seq: 1 
[12:11:38.408] [7122 ] [ERROR] [consumeBuffer:363]	====> the first buffer seq: 1 
[12:11:39.973] [7120 ] [ERROR] [consumeBuffer:363]	====> the first buffer seq: 1 
[12:11:40.802] [7123 ] [ERROR] [consumeBuffer:363]	====> the first buffer seq: 1 
[12:11:41.547] [7121 ] [ERROR] [consumeBuffer:363]	====> the first buffer seq: 1 
[12:11:43.728] [7122 ] [ERROR] [consumeBuffer:363]	====> the first buffer seq: 1 
[12:11:45.028] [7120 ] [ERROR] [consumeBuffer:363]	====> the first buffer seq: 1 
[12:11:45.799] [7123 ] [ERROR] [consumeBuffer:363]	====> the first buffer seq: 1 
[12:11:46.522] [7121 ] [ERROR] [consumeBuffer:363]	====> the first buffer seq: 1 
[12:11:48.487] [7122 ] [ERROR] [consumeBuffer:363]	====> the first buffer seq: 1 
[12:11:49.770] [7120 ] [ERROR] [consumeBuffer:363]	====> the first buffer seq: 1 
[12:11:50.463] [7123 ] [ERROR] [consumeBuffer:363]	====> the first buffer seq: 1 
[12:11:51.069] [7121 ] [ERROR] [consumeBuffer:363]	====> the first buffer seq: 1 
[12:14:03.080] [6435 ] [ERROR] [error:157]	got error busi back: a758fb68-87dd-4ba8-aa73-28af56157c1e, code: 1007 
[12:14:03.080] [6435 ] [WARN ] [error:167]	busi err back, erase task failed, cannot find cache task: a758fb68-87dd-4ba8-aa73-28af56157c1e !  [THE user: test001] 
[12:14:03.082] [22295] [ERROR] [error:157]	got error busi back: 65e326cc-f11e-47e9-aa89-2dd07f0fc3d3, code: 1007 
[12:14:03.082] [22295] [WARN ] [error:167]	busi err back, erase task failed, cannot find cache task: 65e326cc-f11e-47e9-aa89-2dd07f0fc3d3 !  [THE user: test001] 
[12:14:03.082] [6435 ] [ERROR] [error:157]	got error busi back: 10ab5684-74dc-4597-aa14-edb1912fff66, code: 1007 
[12:14:03.083] [6435 ] [WARN ] [error:167]	busi err back, erase task failed, cannot find cache task: 10ab5684-74dc-4597-aa14-edb1912fff66 !  [THE user: test001] 
[12:14:03.083] [22295] [ERROR] [error:157]	got error busi back: bdec3121-4da9-4f8b-bf2f-29c83c50f20f, code: 1007 
[12:14:03.083] [22295] [WARN ] [error:167]	busi err back, erase task failed, cannot find cache task: bdec3121-4da9-4f8b-bf2f-29c83c50f20f !  [THE user: test001] 
[12:14:03.084] [6435 ] [ERROR] [error:157]	got error busi back: 3a6998e3-4d83-4b64-88a9-5863046b5ede, code: 1007 
[12:14:03.084] [6435 ] [WARN ] [error:167]	busi err back, erase task failed, cannot find cache task: 3a6998e3-4d83-4b64-88a9-5863046b5ede !  [THE user: test001] 
[12:14:03.084] [22295] [ERROR] [error:157]	got error busi back: 599f2e9a-460e-4745-a431-63f1a9318e75, code: 1007 
[12:14:03.084] [22295] [WARN ] [error:167]	busi err back, erase task failed, cannot find cache task: 599f2e9a-460e-4745-a431-63f1a9318e75 !  [THE user: test001] 
[12:14:03.085] [6435 ] [ERROR] [error:157]	got error busi back: b5564c12-1b7b-46a3-a977-fa0a1d942301, code: 1007 
[12:14:03.085] [6435 ] [WARN ] [error:167]	busi err back, erase task failed, cannot find cache task: b5564c12-1b7b-46a3-a977-fa0a1d942301 !  [THE user: test001] 
[12:14:03.085] [22295] [ERROR] [error:157]	got error busi back: 5c033499-96fe-4184-908e-c4c3ccddb7f2, code: 1007 
[12:14:03.085] [22295] [WARN ] [error:167]	busi err back, erase task failed, cannot find cache task: 5c033499-96fe-4184-908e-c4c3ccddb7f2 !  [THE user: test001] 
[12:14:03.086] [6435 ] [ERROR] [error:157]	got error busi back: 2ba25aa1-fc9d-4103-91ad-feb705a9e698, code: 1007 
[12:14:03.086] [6435 ] [WARN ] [error:167]	busi err back, erase task failed, cannot find cache task: 2ba25aa1-fc9d-4103-91ad-feb705a9e698 !  [THE user: test001] 
[12:14:03.086] [22295] [ERROR] [error:157]	got error busi back: a40d7f45-6ee2-4516-a9c4-4cc4396a6f23, code: 1007 
[12:14:03.086] [22295] [WARN ] [error:167]	busi err back, erase task failed, cannot find cache task: a40d7f45-6ee2-4516-a9c4-4cc4396a6f23 !  [THE user: test001] 
[12:14:03.087] [6435 ] [ERROR] [error:157]	got error busi back: 5edb3deb-5679-45c4-af8e-7a766763231d, code: 1007 
[12:14:03.087] [6435 ] [WARN ] [error:167]	busi err back, erase task failed, cannot find cache task: 5edb3deb-5679-45c4-af8e-7a766763231d !  [THE user: test001] 
[12:14:03.088] [22295] [ERROR] [error:157]	got error busi back: 27aa2967-ea70-4656-99cd-3f8858454c9d, code: 1007 
[12:14:03.088] [22295] [WARN ] [error:167]	busi err back, erase task failed, cannot find cache task: 27aa2967-ea70-4656-99cd-3f8858454c9d !  [THE user: test001] 
[12:14:03.088] [6435 ] [ERROR] [error:157]	got error busi back: 59578f7d-4e37-453a-b744-da9c7955eee9, code: 1007 
[12:14:03.088] [6435 ] [WARN ] [error:167]	busi err back, erase task failed, cannot find cache task: 59578f7d-4e37-453a-b744-da9c7955eee9 !  [THE user: test001] 
[12:14:03.089] [22295] [ERROR] [error:157]	got error busi back: cf3f91b7-dd8d-4024-8737-52689f2aa5f8, code: 1007 
[12:14:03.089] [22295] [WARN ] [error:167]	busi err back, erase task failed, cannot find cache task: cf3f91b7-dd8d-4024-8737-52689f2aa5f8 !  [THE user: test001] 
[12:14:03.090] [6435 ] [ERROR] [error:157]	got error busi back: 908007e8-a282-4bb3-9c3b-3b1417e19f3c, code: 1007 
[12:14:03.090] [6435 ] [WARN ] [error:167]	busi err back, erase task failed, cannot find cache task: 908007e8-a282-4bb3-9c3b-3b1417e19f3c !  [THE user: test001] 
[12:14:03.090] [22295] [ERROR] [error:157]	got error busi back: a926fc2b-504d-4761-b0bf-47e08060e938, code: 1007 
[12:14:03.090] [22295] [WARN ] [error:167]	busi err back, erase task failed, cannot find cache task: a926fc2b-504d-4761-b0bf-47e08060e938 !  [THE user: test001] 
[12:14:03.091] [6435 ] [ERROR] [error:157]	got error busi back: e7e1f08b-4ba6-4215-a894-25a0aeeb7396, code: 1007 
[12:14:03.091] [6435 ] [WARN ] [error:167]	busi err back, erase task failed, cannot find cache task: e7e1f08b-4ba6-4215-a894-25a0aeeb7396 !  [THE user: test001] 
[12:14:03.092] [22295] [ERROR] [error:157]	got error busi back: f1fac291-a6bb-46a7-8374-ba9371e64352, code: 1007 
[12:14:03.092] [22295] [WARN ] [error:167]	busi err back, erase task failed, cannot find cache task: f1fac291-a6bb-46a7-8374-ba9371e64352 !  [THE user: test001] 
[12:14:03.092] [6435 ] [ERROR] [error:157]	got error busi back: e5bdd831-07e3-4a30-82ec-7c96609d8869, code: 1007 
[12:14:03.092] [6435 ] [WARN ] [error:167]	busi err back, erase task failed, cannot find cache task: e5bdd831-07e3-4a30-82ec-7c96609d8869 !  [THE user: test001] 
[12:14:03.093] [22295] [ERROR] [error:157]	got error busi back: b736587d-9a3f-46a5-b380-5d2001483bf7, code: 1007 
[12:14:03.093] [22295] [WARN ] [error:167]	busi err back, erase task failed, cannot find cache task: b736587d-9a3f-46a5-b380-5d2001483bf7 !  [THE user: test001] 
[12:14:03.094] [6435 ] [ERROR] [error:157]	got error busi back: 5a52949b-4c9e-4d4f-9371-195de7f401af, code: 1007 
[12:14:03.094] [6435 ] [WARN ] [error:167]	busi err back, erase task failed, cannot find cache task: 5a52949b-4c9e-4d4f-9371-195de7f401af !  [THE user: test001] 
[12:14:03.095] [22295] [ERROR] [error:157]	got error busi back: ba5cfd98-b4b1-4718-9a90-258209a9c66a, code: 1007 
[12:14:03.095] [22295] [WARN ] [error:167]	busi err back, erase task failed, cannot find cache task: ba5cfd98-b4b1-4718-9a90-258209a9c66a !  [THE user: test001] 
[12:14:03.095] [6435 ] [ERROR] [error:157]	got error busi back: 091b0d01-ffb3-485f-9b51-9c41da6cd70c, code: 1007 
[12:14:03.095] [6435 ] [WARN ] [error:167]	busi err back, erase task failed, cannot find cache task: 091b0d01-ffb3-485f-9b51-9c41da6cd70c !  [THE user: test001] 
[12:14:03.096] [22295] [ERROR] [error:157]	got error busi back: 0250274b-8c5c-4187-b4c7-7accdb6ef9b5, code: 1007 
[12:14:03.096] [22295] [WARN ] [error:167]	busi err back, erase task failed, cannot find cache task: 0250274b-8c5c-4187-b4c7-7accdb6ef9b5 !  [THE user: test001] 
[12:14:03.097] [6435 ] [ERROR] [error:157]	got error busi back: 18891c90-06df-4a9c-89ae-92b665d10bb8, code: 1007 
[12:14:03.097] [6435 ] [WARN ] [error:167]	busi err back, erase task failed, cannot find cache task: 18891c90-06df-4a9c-89ae-92b665d10bb8 !  [THE user: test001] 
[12:14:03.097] [22295] [ERROR] [error:157]	got error busi back: 8875d4e6-9d9d-4163-a7be-366519e67036, code: 1007 
[12:14:03.097] [22295] [WARN ] [error:167]	busi err back, erase task failed, cannot find cache task: 8875d4e6-9d9d-4163-a7be-366519e67036 !  [THE user: test001] 
[12:14:03.098] [6435 ] [ERROR] [error:157]	got error busi back: 6ec76a0d-40f4-406b-9a8e-843646dc031b, code: 1007 
[12:14:03.098] [6435 ] [WARN ] [error:167]	busi err back, erase task failed, cannot find cache task: 6ec76a0d-40f4-406b-9a8e-843646dc031b !  [THE user: test001] 
[12:14:03.099] [22295] [ERROR] [error:157]	got error busi back: 08cc42f0-636a-467c-b05a-8286e1653dc4, code: 1007 
[12:14:03.099] [22295] [WARN ] [error:167]	busi err back, erase task failed, cannot find cache task: 08cc42f0-636a-467c-b05a-8286e1653dc4 !  [THE user: test001] 
[12:14:03.100] [6435 ] [ERROR] [error:157]	got error busi back: 07deee8a-db89-4d09-ad34-7397c7e1645a, code: 1007 
[12:14:03.100] [6435 ] [WARN ] [error:167]	busi err back, erase task failed, cannot find cache task: 07deee8a-db89-4d09-ad34-7397c7e1645a !  [THE user: test001] 
[12:14:03.100] [22295] [ERROR] [error:157]	got error busi back: 22514f07-4ef7-4313-ba2c-53d6acf47333, code: 1007 
[12:14:03.100] [22295] [WARN ] [error:167]	busi err back, erase task failed, cannot find cache task: 22514f07-4ef7-4313-ba2c-53d6acf47333 !  [THE user: test001] 
[12:14:03.101] [6435 ] [ERROR] [error:157]	got error busi back: c0366b40-c2a9-48b8-a033-09f63005f952, code: 1007 
[12:14:03.101] [6435 ] [WARN ] [error:167]	busi err back, erase task failed, cannot find cache task: c0366b40-c2a9-48b8-a033-09f63005f952 !  [THE user: test001] 
[12:14:03.101] [22295] [ERROR] [error:157]	got error busi back: 47e65463-a686-401c-8faf-a2ee65631864, code: 1007 
[12:14:03.101] [22295] [WARN ] [error:167]	busi err back, erase task failed, cannot find cache task: 47e65463-a686-401c-8faf-a2ee65631864 !  [THE user: test001] 
[12:14:03.102] [6435 ] [ERROR] [error:157]	got error busi back: 33648fc1-05bc-462b-9e61-2d6ee7263dba, code: 1007 
[12:14:03.102] [6435 ] [WARN ] [error:167]	busi err back, erase task failed, cannot find cache task: 33648fc1-05bc-462b-9e61-2d6ee7263dba !  [THE user: test001] 
[12:14:03.103] [22295] [ERROR] [error:157]	got error busi back: 244ef96d-8541-41e1-b5a3-028c73dad48a, code: 1007 
[12:14:03.103] [22295] [WARN ] [error:167]	busi err back, erase task failed, cannot find cache task: 244ef96d-8541-41e1-b5a3-028c73dad48a !  [THE user: test001] 
[12:14:03.103] [6435 ] [ERROR] [error:157]	got error busi back: f75aa62d-36f6-4864-bf77-dcb7f47f271a, code: 1007 
[12:14:03.103] [6435 ] [WARN ] [error:167]	busi err back, erase task failed, cannot find cache task: f75aa62d-36f6-4864-bf77-dcb7f47f271a !  [THE user: test001] 
[12:14:03.104] [6435 ] [ERROR] [error:157]	got error busi back: 308037b6-4eff-4249-a707-abbabcabb8a8, code: 1007 
[12:14:03.104] [6435 ] [WARN ] [error:167]	busi err back, erase task failed, cannot find cache task: 308037b6-4eff-4249-a707-abbabcabb8a8 !  [THE user: test001] 
[12:14:03.104] [6435 ] [ERROR] [error:157]	got error busi back: aef17056-e04f-475d-8cc0-35f5e5e0a38a, code: 1007 
[12:14:03.104] [6435 ] [WARN ] [error:167]	busi err back, erase task failed, cannot find cache task: aef17056-e04f-475d-8cc0-35f5e5e0a38a !  [THE user: test001] 
[12:14:03.105] [6435 ] [ERROR] [error:157]	got error busi back: 689cc0f7-e07a-4045-9cf3-a572a0a2cf2d, code: 1007 
[12:14:03.105] [6435 ] [WARN ] [error:167]	busi err back, erase task failed, cannot find cache task: 689cc0f7-e07a-4045-9cf3-a572a0a2cf2d !  [THE user: test001] 
[12:14:03.105] [6435 ] [ERROR] [error:157]	got error busi back: 6d0f588d-3587-4c0f-848b-e7e25cd5ee6e, code: 1007 
[12:14:03.105] [6435 ] [WARN ] [error:167]	busi err back, erase task failed, cannot find cache task: 6d0f588d-3587-4c0f-848b-e7e25cd5ee6e !  [THE user: test001] 
[12:14:03.106] [6435 ] [ERROR] [error:157]	got error busi back: 716b0af4-1a76-4894-ab39-01a006955946, code: 1007 
[12:14:03.106] [6435 ] [WARN ] [error:167]	busi err back, erase task failed, cannot find cache task: 716b0af4-1a76-4894-ab39-01a006955946 !  [THE user: test001] 
[12:14:03.106] [6435 ] [ERROR] [error:157]	got error busi back: 7515218e-bb61-49e7-8df8-b1691aa8782a, code: 1007 
[12:14:03.107] [6435 ] [WARN ] [error:167]	busi err back, erase task failed, cannot find cache task: 7515218e-bb61-49e7-8df8-b1691aa8782a !  [THE user: test001] 
[12:14:03.107] [6435 ] [ERROR] [error:157]	got error busi back: df02463e-efd5-4d64-99aa-e09ff4662ef5, code: 1007 
[12:14:03.107] [6435 ] [WARN ] [error:167]	busi err back, erase task failed, cannot find cache task: df02463e-efd5-4d64-99aa-e09ff4662ef5 !  [THE user: test001] 
[12:14:03.108] [6435 ] [ERROR] [error:157]	got error busi back: f48fbbca-b644-459e-b952-112a092e15b5, code: 1007 
[12:14:03.108] [6435 ] [WARN ] [error:167]	busi err back, erase task failed, cannot find cache task: f48fbbca-b644-459e-b952-112a092e15b5 !  [THE user: test001] 
[12:14:03.108] [6435 ] [ERROR] [error:157]	got error busi back: 74d4c184-06af-40af-86b0-87b89c1ef06a, code: 1007 
[12:14:03.108] [6435 ] [WARN ] [error:167]	busi err back, erase task failed, cannot find cache task: 74d4c184-06af-40af-86b0-87b89c1ef06a !  [THE user: test001] 
[12:14:03.109] [6435 ] [ERROR] [error:157]	got error busi back: d72d3e2d-e106-488d-9300-843d0ba09797, code: 1007 
[12:14:03.109] [6435 ] [WARN ] [error:167]	busi err back, erase task failed, cannot find cache task: d72d3e2d-e106-488d-9300-843d0ba09797 !  [THE user: test001] 
[12:14:03.110] [6435 ] [ERROR] [error:157]	got error busi back: 0ba474d0-cdff-4704-be89-de8bfa6d0660, code: 1007 
[12:14:03.110] [6435 ] [WARN ] [error:167]	busi err back, erase task failed, cannot find cache task: 0ba474d0-cdff-4704-be89-de8bfa6d0660 !  [THE user: test001] 
[12:14:03.110] [6435 ] [ERROR] [error:157]	got error busi back: e234999b-691b-4ccc-8f54-ba8faf199c5c, code: 1007 
[12:14:03.110] [6435 ] [WARN ] [error:167]	busi err back, erase task failed, cannot find cache task: e234999b-691b-4ccc-8f54-ba8faf199c5c !  [THE user: test001] 
[12:14:03.111] [6435 ] [ERROR] [error:157]	got error busi back: bba82edb-cbbf-4f51-8d74-0017f5470cec, code: 1007 
[12:14:03.111] [6435 ] [WARN ] [error:167]	busi err back, erase task failed, cannot find cache task: bba82edb-cbbf-4f51-8d74-0017f5470cec !  [THE user: test001] 
[12:14:03.111] [6435 ] [ERROR] [error:157]	got error busi back: 086228cf-a771-4300-97ec-8376681ea113, code: 1007 
[12:14:03.111] [6435 ] [WARN ] [error:167]	busi err back, erase task failed, cannot find cache task: 086228cf-a771-4300-97ec-8376681ea113 !  [THE user: test001] 
[12:14:03.112] [6435 ] [ERROR] [error:157]	got error busi back: 9fa4bbf2-6051-4165-89c2-d9f75ae2ff4a, code: 1007 
[12:14:03.112] [6435 ] [WARN ] [error:167]	busi err back, erase task failed, cannot find cache task: 9fa4bbf2-6051-4165-89c2-d9f75ae2ff4a !  [THE user: test001] 
[12:14:03.114] [6435 ] [ERROR] [error:157]	got error busi back: 8fc10e0b-2d75-46c9-aaf7-d557b68d5f38, code: 1007 
[12:14:03.114] [6435 ] [WARN ] [error:167]	busi err back, erase task failed, cannot find cache task: 8fc10e0b-2d75-46c9-aaf7-d557b68d5f38 !  [THE user: test001] 
[12:14:03.115] [6435 ] [ERROR] [error:157]	got error busi back: beb4f556-e2b2-473b-ad4e-7cb90d19264e, code: 1007 
[12:14:03.115] [6435 ] [WARN ] [error:167]	busi err back, erase task failed, cannot find cache task: beb4f556-e2b2-473b-ad4e-7cb90d19264e !  [THE user: test001] 
[12:14:03.115] [6435 ] [ERROR] [error:157]	got error busi back: 60031659-e9ce-4092-8d4b-945df6385041, code: 1007 
[12:14:03.115] [6435 ] [WARN ] [error:167]	busi err back, erase task failed, cannot find cache task: 60031659-e9ce-4092-8d4b-945df6385041 !  [THE user: test001] 
[12:14:03.116] [6435 ] [ERROR] [error:157]	got error busi back: 3c02e17f-a864-4caa-a13e-ee06ac0e15dd, code: 1007 
[12:14:03.116] [6435 ] [WARN ] [error:167]	busi err back, erase task failed, cannot find cache task: 3c02e17f-a864-4caa-a13e-ee06ac0e15dd !  [THE user: test001] 
[12:14:03.117] [6435 ] [ERROR] [error:157]	got error busi back: 014f8a36-3cfa-4605-b133-9ea0c8471e3c, code: 1007 
[12:14:03.117] [6435 ] [WARN ] [error:167]	busi err back, erase task failed, cannot find cache task: 014f8a36-3cfa-4605-b133-9ea0c8471e3c !  [THE user: test001] 
[12:14:03.117] [6435 ] [ERROR] [error:157]	got error busi back: 4452d012-3425-499d-9f1f-fea0f036972f, code: 1007 
[12:14:03.117] [6435 ] [WARN ] [error:167]	busi err back, erase task failed, cannot find cache task: 4452d012-3425-499d-9f1f-fea0f036972f !  [THE user: test001] 
[12:14:03.118] [6435 ] [ERROR] [error:157]	got error busi back: 18fbf605-2c8f-41f6-ac8d-a849d006aee1, code: 1007 
[12:14:03.118] [6435 ] [WARN ] [error:167]	busi err back, erase task failed, cannot find cache task: 18fbf605-2c8f-41f6-ac8d-a849d006aee1 !  [THE user: test001] 
[12:14:03.119] [6435 ] [ERROR] [error:157]	got error busi back: 7ec9f453-86d0-4c08-9ef8-db504c3250ed, code: 1007 
[12:14:03.119] [6435 ] [WARN ] [error:167]	busi err back, erase task failed, cannot find cache task: 7ec9f453-86d0-4c08-9ef8-db504c3250ed !  [THE user: test001] 
[12:14:03.119] [6435 ] [ERROR] [error:157]	got error busi back: 958ac688-65c7-4e25-8b28-0d5635e0b5c9, code: 1007 
[12:14:03.119] [6435 ] [WARN ] [error:167]	busi err back, erase task failed, cannot find cache task: 958ac688-65c7-4e25-8b28-0d5635e0b5c9 !  [THE user: test001] 
[12:14:03.120] [6435 ] [ERROR] [error:157]	got error busi back: a8a7fb41-6eca-4f2a-ae5f-59e6983d5f83, code: 1007 
[12:14:03.120] [6435 ] [WARN ] [error:167]	busi err back, erase task failed, cannot find cache task: a8a7fb41-6eca-4f2a-ae5f-59e6983d5f83 !  [THE user: test001] 
[12:14:03.120] [6435 ] [ERROR] [error:157]	got error busi back: 16ae256b-7d7b-436e-bf61-7184e8b47fa5, code: 1007 
[12:14:03.120] [6435 ] [WARN ] [error:167]	busi err back, erase task failed, cannot find cache task: 16ae256b-7d7b-436e-bf61-7184e8b47fa5 !  [THE user: test001] 
[12:14:25.402] [5122 ] [WARN ] [~MpcMemPool:48]	the mempool is freed! 
