[21:01:32.509] [27005] [INFO ] [JNI_OnLoad:24]	jvm onload success ! 
[21:01:32.510] [27005] [INFO ] [init:111]	JniNativeCallback init ok. 
[21:01:32.510] [27005] [INFO ] [init:136]	to init engine, user: test005, mode: 0, proxyEndpoint: ProxyGlacier2/router:tcp -h 202.114.114.46 -p 4502 -t 11000 
[21:01:32.511] [27005] [WARN ] [init:158]	Cannot find the --Mpc.Data=xxxxx config item ! 
[21:01:32.511] [27005] [INFO ] [parseCircuits:365]	** preload circuit:  /home/lmars/gc/localmoran.gc 
[21:01:32.511] [27005] [INFO ] [init:172]	the --Mpc.Circuits=/home/lmars/gc/localmoran.gc is set ! 
[21:01:34.508] [27005] [INFO ] [resolveCiruit:326]	** circuit resolve => circuit: /home/lmars/gc/localmoran.gc , gates: 3230476, andGate: 900086, wires: 3237068, cost time: 1.997401 seconds, speed: 1617339.409094 (gc / second) ** 
[21:01:34.509] [27005] [INFO ] [CircuitFile:108]	circuit: /home/lmars/gc/localmoran.gc,  hash: 1AB21D8355CFA17F8E61194831E81A8F22BEC8C728FEFB747ED035EB5082AA2B 
[21:01:34.509] [27005] [INFO ] [init:188]	preload circuits ok ! 
[21:01:34.509] [27005] [INFO ] [init:212]	Not start node server ! use proxy forward ! 
[21:01:34.510] [27005] [INFO ] [MpcTaskDispatcher:39]	construct task dispatcher, with 8 processor, load balence is: 16384 
[21:01:34.510] [27005] [INFO ] [init:63]	INIT the processor: 0, type: 0 ok 
[21:01:34.510] [27150] [INFO ] [operator():54]	task processor: 0 is running... 
[21:01:34.510] [27005] [INFO ] [init:63]	INIT the processor: 1, type: 0 ok 
[21:01:34.510] [27151] [INFO ] [operator():54]	task processor: 1 is running... 
[21:01:34.510] [27150] [INFO ] [popInvitorReadyTask:270]	to POP a ready task from ready invitor queue to processor, now read_num: 0 ... 
[21:01:34.510] [27151] [INFO ] [popInvitorReadyTask:270]	to POP a ready task from ready invitor queue to processor, now read_num: 0 ... 
[21:01:34.510] [27152] [INFO ] [operator():54]	task processor: 2 is running... 
[21:01:34.510] [27005] [INFO ] [init:63]	INIT the processor: 2, type: 0 ok 
[21:01:34.510] [27152] [INFO ] [popInvitorReadyTask:270]	to POP a ready task from ready invitor queue to processor, now read_num: 0 ... 
[21:01:34.511] [27005] [INFO ] [init:63]	INIT the processor: 3, type: 0 ok 
[21:01:34.511] [27153] [INFO ] [operator():54]	task processor: 3 is running... 
[21:01:34.511] [27005] [INFO ] [init:63]	INIT the processor: 4, type: 1 ok 
[21:01:34.511] [27153] [INFO ] [popInvitorReadyTask:270]	to POP a ready task from ready invitor queue to processor, now read_num: 0 ... 
[21:01:34.511] [27154] [INFO ] [operator():54]	task processor: 4 is running... 
[21:01:34.511] [27155] [INFO ] [operator():54]	task processor: 5 is running... 
[21:01:34.511] [27154] [INFO ] [popInviteeReadyTask:208]	to POP a ready task from ready invitee queue to processor, now read_num: 0 ... 
[21:01:34.511] [27155] [INFO ] [popInviteeReadyTask:208]	to POP a ready task from ready invitee queue to processor, now read_num: 0 ... 
[21:01:34.511] [27005] [INFO ] [init:63]	INIT the processor: 5, type: 1 ok 
[21:01:34.511] [27005] [INFO ] [init:63]	INIT the processor: 6, type: 1 ok 
[21:01:34.511] [27156] [INFO ] [operator():54]	task processor: 6 is running... 
[21:01:34.511] [27005] [INFO ] [init:63]	INIT the processor: 7, type: 1 ok 
[21:01:34.511] [27156] [INFO ] [popInviteeReadyTask:208]	to POP a ready task from ready invitee queue to processor, now read_num: 0 ... 
[21:01:34.511] [27005] [INFO ] [init:234]	INIT task dispatcher done ! 
[21:01:34.511] [27157] [INFO ] [operator():54]	task processor: 7 is running... 
[21:01:34.511] [27157] [INFO ] [popInviteeReadyTask:208]	to POP a ready task from ready invitee queue to processor, now read_num: 0 ... 
[21:01:34.512] [27005] [INFO ] [init:64]	connect to busi proxy server endpoint: ProxyGlacier2/router:tcp -h 202.114.114.46 -p 4502 -t 11000 
[21:01:34.551] [27165] [INFO ] [connected:34]	to get session... 
[21:01:34.551] [27165] [INFO ] [connected:38]	to get create busi node callback... 
[21:01:34.551] [27165] [INFO ] [connected:46]	to set node callback, public endpoint: ProxyGlacier2/router:tcp -h 202.114.114.46 -p 4502 -t 11000, user: test005 ... 
[21:01:34.553] [27165] [WARN ] [connected:55]	the busi session create success. 
[21:01:35.043] [27005] [INFO ] [init:69]	waiting for node busi client inited ... timeout 1s.. 
[21:01:35.043] [27005] [INFO ] [init:74]	the busi node communicator is prepared !!!! 
[21:01:35.043] [27005] [INFO ] [init:86]	INIT busi node client success. user: test005, proxyEndpoint: ProxyGlacier2/router:tcp -h 202.114.114.46 -p 4502 -t 11000 
[21:01:35.043] [27005] [INFO ] [init:244]	INIT busi node client done ! 
[21:01:35.043] [27005] [INFO ] [init:48]	input ready process init ok. 
[21:01:35.043] [27005] [INFO ] [init:253]	INIT input ready processor done ! 
[21:01:35.043] [27005] [INFO ] [init:48]	ready process init ok. max request queue size: 4 
[21:01:35.043] [27005] [INFO ] [init:263]	INIT ready processor done ! 
[21:01:35.043] [27005] [INFO ] [init:269]	Mpc engine init success. 
[21:01:35.043] [27215] [INFO ] [popCommitTask:127]	to POP a commit task, task size: 0  ... 
[21:01:35.044] [27005] [INFO ] [Java_com_juzix_jugo_node_jni_NativeInterface_setDataLogLevel:155]	init the log to level: 3, data log state: 0 
[21:01:39.893] [27163] [WARN ] [MpcMemPool:42]	the mempool construction, size: 134217728, mem: 0x7fa23563a010 
[21:01:40.009] [27155] [ERROR] [consumeBuffer:363]	====> the first buffer seq: 1 
[21:01:40.012] [27157] [ERROR] [consumeBuffer:363]	====> the first buffer seq: 1 
[21:01:40.014] [27154] [ERROR] [consumeBuffer:363]	====> the first buffer seq: 1 
[21:01:40.019] [27156] [ERROR] [consumeBuffer:363]	====> the first buffer seq: 1 
[21:01:41.499] [27156] [ERROR] [consumeBuffer:363]	====> the first buffer seq: 1 
[21:01:41.712] [27154] [ERROR] [consumeBuffer:363]	====> the first buffer seq: 1 
[21:01:41.814] [27155] [ERROR] [consumeBuffer:363]	====> the first buffer seq: 1 
[21:01:41.868] [27157] [ERROR] [consumeBuffer:363]	====> the first buffer seq: 1 
[21:01:42.816] [27156] [ERROR] [consumeBuffer:363]	====> the first buffer seq: 1 
[21:01:43.020] [27154] [ERROR] [consumeBuffer:363]	====> the first buffer seq: 1 
[21:01:43.421] [27155] [ERROR] [consumeBuffer:363]	====> the first buffer seq: 1 
[21:01:43.468] [27157] [ERROR] [consumeBuffer:363]	====> the first buffer seq: 1 
[21:01:44.136] [27156] [ERROR] [consumeBuffer:363]	====> the first buffer seq: 1 
[21:01:44.344] [27154] [ERROR] [consumeBuffer:363]	====> the first buffer seq: 1 
[21:01:44.829] [27155] [ERROR] [consumeBuffer:363]	====> the first buffer seq: 1 
[21:01:44.962] [27157] [ERROR] [consumeBuffer:363]	====> the first buffer seq: 1 
[21:01:45.431] [27156] [ERROR] [consumeBuffer:363]	====> the first buffer seq: 1 
[21:01:45.807] [27154] [ERROR] [consumeBuffer:363]	====> the first buffer seq: 1 
[21:01:46.250] [27155] [ERROR] [consumeBuffer:363]	====> the first buffer seq: 1 
[21:01:46.454] [27157] [ERROR] [consumeBuffer:363]	====> the first buffer seq: 1 
[21:01:46.819] [27156] [ERROR] [consumeBuffer:363]	====> the first buffer seq: 1 
[21:01:47.202] [27154] [ERROR] [consumeBuffer:363]	====> the first buffer seq: 1 
[21:01:47.603] [27155] [ERROR] [consumeBuffer:363]	====> the first buffer seq: 1 
[21:01:47.862] [27157] [ERROR] [consumeBuffer:363]	====> the first buffer seq: 1 
[21:01:48.015] [27156] [ERROR] [consumeBuffer:363]	====> the first buffer seq: 1 
[21:01:48.784] [27154] [ERROR] [consumeBuffer:363]	====> the first buffer seq: 1 
[21:01:48.991] [27155] [ERROR] [consumeBuffer:363]	====> the first buffer seq: 1 
[21:01:49.110] [27157] [ERROR] [consumeBuffer:363]	====> the first buffer seq: 1 
[21:01:49.381] [27156] [ERROR] [consumeBuffer:363]	====> the first buffer seq: 1 
[21:01:50.165] [27154] [ERROR] [consumeBuffer:363]	====> the first buffer seq: 1 
[21:01:50.354] [27155] [ERROR] [consumeBuffer:363]	====> the first buffer seq: 1 
[21:01:50.466] [27157] [ERROR] [consumeBuffer:363]	====> the first buffer seq: 1 
[21:01:50.809] [27156] [ERROR] [consumeBuffer:363]	====> the first buffer seq: 1 
[21:01:51.544] [27154] [ERROR] [consumeBuffer:363]	====> the first buffer seq: 1 
[21:01:51.631] [27155] [ERROR] [consumeBuffer:363]	====> the first buffer seq: 1 
[21:01:51.847] [27157] [ERROR] [consumeBuffer:363]	====> the first buffer seq: 1 
[21:01:51.982] [27156] [ERROR] [consumeBuffer:363]	====> the first buffer seq: 1 
[21:01:52.917] [27154] [ERROR] [consumeBuffer:363]	====> the first buffer seq: 1 
[21:01:53.004] [27155] [ERROR] [consumeBuffer:363]	====> the first buffer seq: 1 
[21:01:53.137] [27157] [ERROR] [consumeBuffer:363]	====> the first buffer seq: 1 
[21:01:53.395] [27156] [ERROR] [consumeBuffer:363]	====> the first buffer seq: 1 
[21:01:54.167] [27154] [ERROR] [consumeBuffer:363]	====> the first buffer seq: 1 
[21:01:54.293] [27155] [ERROR] [consumeBuffer:363]	====> the first buffer seq: 1 
[21:01:54.528] [27157] [ERROR] [consumeBuffer:363]	====> the first buffer seq: 1 
[21:01:54.777] [27156] [ERROR] [consumeBuffer:363]	====> the first buffer seq: 1 
[21:01:55.605] [27154] [ERROR] [consumeBuffer:363]	====> the first buffer seq: 1 
[21:01:55.657] [27155] [ERROR] [consumeBuffer:363]	====> the first buffer seq: 1 
[21:01:55.796] [27157] [ERROR] [consumeBuffer:363]	====> the first buffer seq: 1 
[21:01:56.158] [27156] [ERROR] [consumeBuffer:363]	====> the first buffer seq: 1 
[21:01:56.000] [27154] [ERROR] [consumeBuffer:363]	====> the first buffer seq: 1 
[21:01:57.159] [27155] [ERROR] [consumeBuffer:363]	====> the first buffer seq: 1 
[21:01:57.341] [27157] [ERROR] [consumeBuffer:363]	====> the first buffer seq: 1 
[21:01:57.536] [27156] [ERROR] [consumeBuffer:363]	====> the first buffer seq: 1 
[21:01:58.408] [27154] [ERROR] [consumeBuffer:363]	====> the first buffer seq: 1 
[21:01:58.567] [27155] [ERROR] [consumeBuffer:363]	====> the first buffer seq: 1 
[21:01:58.797] [27157] [ERROR] [consumeBuffer:363]	====> the first buffer seq: 1 
[21:01:58.951] [27156] [ERROR] [consumeBuffer:363]	====> the first buffer seq: 1 
[21:01:59.748] [27155] [ERROR] [consumeBuffer:363]	====> the first buffer seq: 1 
[21:01:59.869] [27154] [ERROR] [consumeBuffer:363]	====> the first buffer seq: 1 
[21:02:00.127] [27157] [ERROR] [consumeBuffer:363]	====> the first buffer seq: 1 
[21:02:00.248] [27156] [ERROR] [consumeBuffer:363]	====> the first buffer seq: 1 
[21:02:01.093] [27155] [ERROR] [consumeBuffer:363]	====> the first buffer seq: 1 
[21:02:01.133] [27154] [ERROR] [consumeBuffer:363]	====> the first buffer seq: 1 
[21:02:01.503] [27156] [ERROR] [consumeBuffer:363]	====> the first buffer seq: 1 
[21:02:01.520] [27157] [ERROR] [consumeBuffer:363]	====> the first buffer seq: 1 
[21:02:02.426] [27154] [ERROR] [consumeBuffer:363]	====> the first buffer seq: 1 
[21:02:02.449] [27155] [ERROR] [consumeBuffer:363]	====> the first buffer seq: 1 
[21:02:02.705] [27156] [ERROR] [consumeBuffer:363]	====> the first buffer seq: 1 
[21:02:02.807] [27157] [ERROR] [consumeBuffer:363]	====> the first buffer seq: 1 
[21:02:03.702] [27154] [ERROR] [consumeBuffer:363]	====> the first buffer seq: 1 
[21:02:03.752] [27155] [ERROR] [consumeBuffer:363]	====> the first buffer seq: 1 
[21:02:03.965] [27156] [ERROR] [consumeBuffer:363]	====> the first buffer seq: 1 
[21:02:04.007] [27157] [ERROR] [consumeBuffer:363]	====> the first buffer seq: 1 
[21:02:05.107] [27155] [ERROR] [consumeBuffer:363]	====> the first buffer seq: 1 
[21:02:05.109] [27154] [ERROR] [consumeBuffer:363]	====> the first buffer seq: 1 
[21:02:05.237] [27157] [ERROR] [consumeBuffer:363]	====> the first buffer seq: 1 
[21:02:05.289] [27156] [ERROR] [consumeBuffer:363]	====> the first buffer seq: 1 
[21:02:06.439] [27154] [ERROR] [consumeBuffer:363]	====> the first buffer seq: 1 
[21:02:06.558] [27157] [ERROR] [consumeBuffer:363]	====> the first buffer seq: 1 
[21:02:06.730] [27155] [ERROR] [consumeBuffer:363]	====> the first buffer seq: 1 
[21:02:06.795] [27156] [ERROR] [consumeBuffer:363]	====> the first buffer seq: 1 
[21:02:07.709] [27154] [ERROR] [consumeBuffer:363]	====> the first buffer seq: 1 
[21:02:07.869] [27155] [ERROR] [consumeBuffer:363]	====> the first buffer seq: 1 
[21:02:07.873] [27157] [ERROR] [consumeBuffer:363]	====> the first buffer seq: 1 
[21:02:07.960] [27156] [ERROR] [consumeBuffer:363]	====> the first buffer seq: 1 
[21:02:08.769] [27154] [ERROR] [consumeBuffer:363]	====> the first buffer seq: 1 
[21:02:09.067] [27155] [ERROR] [consumeBuffer:363]	====> the first buffer seq: 1 
[21:02:09.188] [27157] [ERROR] [consumeBuffer:363]	====> the first buffer seq: 1 
[21:02:09.266] [27156] [ERROR] [consumeBuffer:363]	====> the first buffer seq: 1 
[21:02:09.936] [27154] [ERROR] [consumeBuffer:363]	====> the first buffer seq: 1 
[21:02:10.349] [27155] [ERROR] [consumeBuffer:363]	====> the first buffer seq: 1 
[21:02:10.457] [27156] [ERROR] [consumeBuffer:363]	====> the first buffer seq: 1 
[21:02:10.566] [27157] [ERROR] [consumeBuffer:363]	====> the first buffer seq: 1 
[21:02:11.170] [27154] [ERROR] [consumeBuffer:363]	====> the first buffer seq: 1 
[21:02:11.742] [27156] [ERROR] [consumeBuffer:363]	====> the first buffer seq: 1 
[21:02:11.796] [27155] [ERROR] [consumeBuffer:363]	====> the first buffer seq: 1 
[21:02:11.819] [27157] [ERROR] [consumeBuffer:363]	====> the first buffer seq: 1 
[21:02:12.416] [27154] [ERROR] [consumeBuffer:363]	====> the first buffer seq: 1 
[21:02:13.047] [27157] [ERROR] [consumeBuffer:363]	====> the first buffer seq: 1 
[21:02:13.062] [27155] [ERROR] [consumeBuffer:363]	====> the first buffer seq: 1 
[22:32:44.413] [27163] [ERROR] [error:157]	got error busi back: fb9a4c69-b2d5-4b90-b7e4-c5b2350767af, code: 1007 
[22:32:44.413] [27163] [WARN ] [error:167]	busi err back, erase task failed, cannot find cache task: fb9a4c69-b2d5-4b90-b7e4-c5b2350767af !  [THE user: test005] 
[22:32:44.417] [17536] [ERROR] [error:157]	got error busi back: a8767e9d-87e2-4457-ad09-82c1359f3c7a, code: 1007 
[22:32:44.417] [17536] [WARN ] [error:167]	busi err back, erase task failed, cannot find cache task: a8767e9d-87e2-4457-ad09-82c1359f3c7a !  [THE user: test005] 
[22:32:44.445] [27163] [ERROR] [error:157]	got error busi back: b80cf794-5363-43b3-bf30-68c0abecc682, code: 1007 
[22:32:44.445] [27163] [WARN ] [error:167]	busi err back, erase task failed, cannot find cache task: b80cf794-5363-43b3-bf30-68c0abecc682 !  [THE user: test005] 
[22:32:44.466] [17536] [ERROR] [error:157]	got error busi back: 8febf2bb-614e-4e04-8b57-38e602c7a2a9, code: 1007 
[22:32:44.466] [17536] [WARN ] [error:167]	busi err back, erase task failed, cannot find cache task: 8febf2bb-614e-4e04-8b57-38e602c7a2a9 !  [THE user: test005] 
[22:32:44.484] [27163] [ERROR] [error:157]	got error busi back: e8ba73c7-7bfb-498e-9e39-013a57932832, code: 1007 
[22:32:44.484] [27163] [WARN ] [error:167]	busi err back, erase task failed, cannot find cache task: e8ba73c7-7bfb-498e-9e39-013a57932832 !  [THE user: test005] 
[22:32:44.485] [17536] [ERROR] [error:157]	got error busi back: a0d14dec-680b-41bb-9022-011f427a7eaa, code: 1007 
[22:32:44.485] [17536] [WARN ] [error:167]	busi err back, erase task failed, cannot find cache task: a0d14dec-680b-41bb-9022-011f427a7eaa !  [THE user: test005] 
[22:32:44.487] [27163] [ERROR] [error:157]	got error busi back: 954c35e6-5c58-45ea-a150-390ff8b0f0fc, code: 1007 
[22:32:44.487] [27163] [WARN ] [error:167]	busi err back, erase task failed, cannot find cache task: 954c35e6-5c58-45ea-a150-390ff8b0f0fc !  [THE user: test005] 
[22:32:44.505] [17536] [ERROR] [error:157]	got error busi back: 3c70d5ac-3389-4177-9db1-84363c0e106b, code: 1007 
[22:32:44.505] [17536] [WARN ] [error:167]	busi err back, erase task failed, cannot find cache task: 3c70d5ac-3389-4177-9db1-84363c0e106b !  [THE user: test005] 
[22:32:44.510] [27163] [ERROR] [error:157]	got error busi back: bf39589f-839f-49d1-a2d9-a079547d5f56, code: 1007 
[22:32:44.510] [27163] [WARN ] [error:167]	busi err back, erase task failed, cannot find cache task: bf39589f-839f-49d1-a2d9-a079547d5f56 !  [THE user: test005] 
[22:32:44.511] [17536] [ERROR] [error:157]	got error busi back: 8b9b3112-03e2-4fa4-9fd8-a6b300434329, code: 1007 
[22:32:44.511] [17536] [WARN ] [error:167]	busi err back, erase task failed, cannot find cache task: 8b9b3112-03e2-4fa4-9fd8-a6b300434329 !  [THE user: test005] 
[22:32:44.515] [27163] [ERROR] [error:157]	got error busi back: 0aaca994-5d32-443c-a312-a54e5ba0c191, code: 1007 
[22:32:44.515] [27163] [WARN ] [error:167]	busi err back, erase task failed, cannot find cache task: 0aaca994-5d32-443c-a312-a54e5ba0c191 !  [THE user: test005] 
[22:32:44.544] [17536] [ERROR] [error:157]	got error busi back: 7c4d57ac-6d96-4c7f-8843-4d877c7107d4, code: 1007 
[22:32:44.544] [17536] [WARN ] [error:167]	busi err back, erase task failed, cannot find cache task: 7c4d57ac-6d96-4c7f-8843-4d877c7107d4 !  [THE user: test005] 
[22:32:44.579] [27163] [ERROR] [error:157]	got error busi back: cf9f8857-cb75-4011-8214-9dc101597c85, code: 1007 
[22:32:44.579] [27163] [WARN ] [error:167]	busi err back, erase task failed, cannot find cache task: cf9f8857-cb75-4011-8214-9dc101597c85 !  [THE user: test005] 
[22:32:44.587] [17536] [ERROR] [error:157]	got error busi back: 68a7d0d1-64aa-475b-b41d-89956eedf026, code: 1007 
[22:32:44.587] [17536] [WARN ] [error:167]	busi err back, erase task failed, cannot find cache task: 68a7d0d1-64aa-475b-b41d-89956eedf026 !  [THE user: test005] 
[22:32:44.610] [27163] [ERROR] [error:157]	got error busi back: ec623c08-c951-49a7-a317-ada5e9b923e5, code: 1007 
[22:32:44.610] [27163] [WARN ] [error:167]	busi err back, erase task failed, cannot find cache task: ec623c08-c951-49a7-a317-ada5e9b923e5 !  [THE user: test005] 
[22:32:44.645] [17536] [ERROR] [error:157]	got error busi back: 427d1883-8527-4985-bbcc-4ac757382c36, code: 1007 
[22:32:44.645] [17536] [WARN ] [error:167]	busi err back, erase task failed, cannot find cache task: 427d1883-8527-4985-bbcc-4ac757382c36 !  [THE user: test005] 
[22:32:44.651] [27163] [ERROR] [error:157]	got error busi back: d9d56a04-9915-4d2f-b400-eceab046ff24, code: 1007 
[22:32:44.651] [27163] [WARN ] [error:167]	busi err back, erase task failed, cannot find cache task: d9d56a04-9915-4d2f-b400-eceab046ff24 !  [THE user: test005] 
[22:32:44.654] [17536] [ERROR] [error:157]	got error busi back: f4be1b3e-71a1-437f-b900-625a3c9e3209, code: 1007 
[22:32:44.654] [17536] [WARN ] [error:167]	busi err back, erase task failed, cannot find cache task: f4be1b3e-71a1-437f-b900-625a3c9e3209 !  [THE user: test005] 
[22:32:44.660] [27163] [ERROR] [error:157]	got error busi back: 95fe8a18-7b14-4e32-8124-77d8e66be2be, code: 1007 
[22:32:44.660] [27163] [WARN ] [error:167]	busi err back, erase task failed, cannot find cache task: 95fe8a18-7b14-4e32-8124-77d8e66be2be !  [THE user: test005] 
[22:32:44.661] [17536] [ERROR] [error:157]	got error busi back: f151e78d-5c47-491c-8eec-31555937e04f, code: 1007 
[22:32:44.661] [17536] [WARN ] [error:167]	busi err back, erase task failed, cannot find cache task: f151e78d-5c47-491c-8eec-31555937e04f !  [THE user: test005] 
[22:32:44.667] [27163] [ERROR] [error:157]	got error busi back: 475754ca-ad72-44f8-b208-2ce3deb7a6b0, code: 1007 
[22:32:44.667] [27163] [WARN ] [error:167]	busi err back, erase task failed, cannot find cache task: 475754ca-ad72-44f8-b208-2ce3deb7a6b0 !  [THE user: test005] 
[22:32:44.671] [17536] [ERROR] [error:157]	got error busi back: a2ff0e37-02a7-4ae8-8a9c-47ccc4e59d5f, code: 1007 
[22:32:44.671] [17536] [WARN ] [error:167]	busi err back, erase task failed, cannot find cache task: a2ff0e37-02a7-4ae8-8a9c-47ccc4e59d5f !  [THE user: test005] 
[22:32:44.686] [27163] [ERROR] [error:157]	got error busi back: 6ef63bae-05df-4063-aff0-17dc6e16bc0f, code: 1007 
[22:32:44.686] [27163] [WARN ] [error:167]	busi err back, erase task failed, cannot find cache task: 6ef63bae-05df-4063-aff0-17dc6e16bc0f !  [THE user: test005] 
[22:32:44.716] [17536] [ERROR] [error:157]	got error busi back: 648767ba-672c-48b7-a98f-6f44b5459a51, code: 1007 
[22:32:44.716] [17536] [WARN ] [error:167]	busi err back, erase task failed, cannot find cache task: 648767ba-672c-48b7-a98f-6f44b5459a51 !  [THE user: test005] 
[22:32:44.757] [27163] [ERROR] [error:157]	got error busi back: 938839f0-27a9-4d38-8ec3-66edbc98d52c, code: 1007 
[22:32:44.757] [27163] [WARN ] [error:167]	busi err back, erase task failed, cannot find cache task: 938839f0-27a9-4d38-8ec3-66edbc98d52c !  [THE user: test005] 
[22:32:44.771] [17536] [ERROR] [error:157]	got error busi back: 0eb18384-8338-412f-b04f-82f7aeafb9b0, code: 1007 
[22:32:44.771] [17536] [WARN ] [error:167]	busi err back, erase task failed, cannot find cache task: 0eb18384-8338-412f-b04f-82f7aeafb9b0 !  [THE user: test005] 
[22:32:44.822] [27163] [ERROR] [error:157]	got error busi back: 916d8d5c-6e6a-46d3-9441-ee7971104f4c, code: 1007 
[22:32:44.822] [27163] [WARN ] [error:167]	busi err back, erase task failed, cannot find cache task: 916d8d5c-6e6a-46d3-9441-ee7971104f4c !  [THE user: test005] 
[22:32:44.857] [17536] [ERROR] [error:157]	got error busi back: 43ed7316-30c5-483c-a8fc-42fabd15a75d, code: 1007 
[22:32:44.857] [17536] [WARN ] [error:167]	busi err back, erase task failed, cannot find cache task: 43ed7316-30c5-483c-a8fc-42fabd15a75d !  [THE user: test005] 
[22:32:44.881] [27163] [ERROR] [error:157]	got error busi back: 6b2e6ac5-26cb-4cd7-95f3-8f3ad793c479, code: 1007 
[22:32:44.881] [27163] [WARN ] [error:167]	busi err back, erase task failed, cannot find cache task: 6b2e6ac5-26cb-4cd7-95f3-8f3ad793c479 !  [THE user: test005] 
[22:32:44.888] [17536] [ERROR] [error:157]	got error busi back: 70330a65-d93a-43db-8237-0a56485612ed, code: 1007 
[22:32:44.888] [17536] [WARN ] [error:167]	busi err back, erase task failed, cannot find cache task: 70330a65-d93a-43db-8237-0a56485612ed !  [THE user: test005] 
[22:32:44.952] [27163] [ERROR] [error:157]	got error busi back: 6f1c8279-019e-4b43-8172-67d733408c80, code: 1007 
[22:32:44.952] [27163] [WARN ] [error:167]	busi err back, erase task failed, cannot find cache task: 6f1c8279-019e-4b43-8172-67d733408c80 !  [THE user: test005] 
[22:32:44.965] [17536] [ERROR] [error:157]	got error busi back: 65d0cd7d-315f-4819-9d44-2f2d1f0b8679, code: 1007 
[22:32:44.965] [17536] [WARN ] [error:167]	busi err back, erase task failed, cannot find cache task: 65d0cd7d-315f-4819-9d44-2f2d1f0b8679 !  [THE user: test005] 
[22:32:44.971] [27163] [ERROR] [error:157]	got error busi back: 0515b4f5-108b-44cc-9cec-a3d84f0a1239, code: 1007 
[22:32:44.971] [27163] [WARN ] [error:167]	busi err back, erase task failed, cannot find cache task: 0515b4f5-108b-44cc-9cec-a3d84f0a1239 !  [THE user: test005] 
[22:32:44.972] [17536] [ERROR] [error:157]	got error busi back: 5a3adc1c-4c0f-4e66-98ca-3485c195f5f7, code: 1007 
[22:32:44.972] [17536] [WARN ] [error:167]	busi err back, erase task failed, cannot find cache task: 5a3adc1c-4c0f-4e66-98ca-3485c195f5f7 !  [THE user: test005] 
[22:32:44.973] [27163] [ERROR] [error:157]	got error busi back: ae69f4f5-3052-4d75-8e1f-e6d5e378e201, code: 1007 
[22:32:44.973] [27163] [WARN ] [error:167]	busi err back, erase task failed, cannot find cache task: ae69f4f5-3052-4d75-8e1f-e6d5e378e201 !  [THE user: test005] 
[22:32:45.012] [17536] [ERROR] [error:157]	got error busi back: f4657242-4696-4d7a-9115-9072a94354e2, code: 1007 
[22:32:45.012] [17536] [WARN ] [error:167]	busi err back, erase task failed, cannot find cache task: f4657242-4696-4d7a-9115-9072a94354e2 !  [THE user: test005] 
[22:32:45.027] [27163] [ERROR] [error:157]	got error busi back: 2764e135-52ff-40ca-99f4-bd448e612948, code: 1007 
[22:32:45.027] [27163] [WARN ] [error:167]	busi err back, erase task failed, cannot find cache task: 2764e135-52ff-40ca-99f4-bd448e612948 !  [THE user: test005] 
[22:32:45.036] [27163] [ERROR] [error:157]	got error busi back: 09899fee-0c0c-4d40-a080-803011ac71fc, code: 1007 
[22:32:45.036] [27163] [WARN ] [error:167]	busi err back, erase task failed, cannot find cache task: 09899fee-0c0c-4d40-a080-803011ac71fc !  [THE user: test005] 
[22:32:45.043] [27163] [ERROR] [error:157]	got error busi back: 2652b7b5-3d25-4d7d-9914-31882369bade, code: 1007 
[22:32:45.043] [27163] [WARN ] [error:167]	busi err back, erase task failed, cannot find cache task: 2652b7b5-3d25-4d7d-9914-31882369bade !  [THE user: test005] 
[22:32:45.052] [17536] [ERROR] [error:157]	got error busi back: b8a2ab1f-45fc-4922-87b8-1ccd7cd889e7, code: 1007 
[22:32:45.052] [17536] [WARN ] [error:167]	busi err back, erase task failed, cannot find cache task: b8a2ab1f-45fc-4922-87b8-1ccd7cd889e7 !  [THE user: test005] 
[22:32:45.069] [27163] [ERROR] [error:157]	got error busi back: 8b9f8970-4cbc-486a-ba3c-3fab0c1ce464, code: 1007 
[22:32:45.069] [27163] [WARN ] [error:167]	busi err back, erase task failed, cannot find cache task: 8b9f8970-4cbc-486a-ba3c-3fab0c1ce464 !  [THE user: test005] 
[22:32:45.077] [17536] [ERROR] [error:157]	got error busi back: c4f2d409-26fd-4af8-b43f-13d534b22a60, code: 1007 
[22:32:45.077] [17536] [WARN ] [error:167]	busi err back, erase task failed, cannot find cache task: c4f2d409-26fd-4af8-b43f-13d534b22a60 !  [THE user: test005] 
[22:32:45.114] [27163] [ERROR] [error:157]	got error busi back: ecb0cba0-ff2a-47b9-a8b6-b3ab0a4c5acf, code: 1007 
[22:32:45.114] [27163] [WARN ] [error:167]	busi err back, erase task failed, cannot find cache task: ecb0cba0-ff2a-47b9-a8b6-b3ab0a4c5acf !  [THE user: test005] 
[22:32:45.135] [17536] [ERROR] [error:157]	got error busi back: 65067876-29a3-47d3-81ac-eda2771e8aec, code: 1007 
[22:32:45.135] [17536] [WARN ] [error:167]	busi err back, erase task failed, cannot find cache task: 65067876-29a3-47d3-81ac-eda2771e8aec !  [THE user: test005] 
[22:32:45.156] [27163] [ERROR] [error:157]	got error busi back: 7ce52cc0-4bda-4d43-9476-86ac639b4062, code: 1007 
[22:32:45.156] [27163] [WARN ] [error:167]	busi err back, erase task failed, cannot find cache task: 7ce52cc0-4bda-4d43-9476-86ac639b4062 !  [THE user: test005] 
[22:32:45.165] [17536] [ERROR] [error:157]	got error busi back: 1b2fc0de-14a2-4f4c-84e5-c6459b35ccea, code: 1007 
[22:32:45.165] [17536] [WARN ] [error:167]	busi err back, erase task failed, cannot find cache task: 1b2fc0de-14a2-4f4c-84e5-c6459b35ccea !  [THE user: test005] 
[22:32:45.174] [27163] [ERROR] [error:157]	got error busi back: 7f81e4c1-9c24-4689-9391-7d35a354f916, code: 1007 
[22:32:45.174] [27163] [WARN ] [error:167]	busi err back, erase task failed, cannot find cache task: 7f81e4c1-9c24-4689-9391-7d35a354f916 !  [THE user: test005] 
[22:32:45.175] [17536] [ERROR] [error:157]	got error busi back: ad15134e-2fb8-4d72-9161-d22158d5f4be, code: 1007 
[22:32:45.175] [17536] [WARN ] [error:167]	busi err back, erase task failed, cannot find cache task: ad15134e-2fb8-4d72-9161-d22158d5f4be !  [THE user: test005] 
[22:32:45.189] [27163] [ERROR] [error:157]	got error busi back: 38b38a40-e957-4d86-863b-077c454df5cd, code: 1007 
[22:32:45.189] [27163] [WARN ] [error:167]	busi err back, erase task failed, cannot find cache task: 38b38a40-e957-4d86-863b-077c454df5cd !  [THE user: test005] 
[22:32:45.190] [17536] [ERROR] [error:157]	got error busi back: 72c9fccb-5327-40f0-846a-ecd5e094cf65, code: 1007 
[22:32:45.190] [17536] [WARN ] [error:167]	busi err back, erase task failed, cannot find cache task: 72c9fccb-5327-40f0-846a-ecd5e094cf65 !  [THE user: test005] 
[22:32:45.195] [27163] [ERROR] [error:157]	got error busi back: d557cf0b-a143-4282-9078-46b1237c36e5, code: 1007 
[22:32:45.195] [27163] [WARN ] [error:167]	busi err back, erase task failed, cannot find cache task: d557cf0b-a143-4282-9078-46b1237c36e5 !  [THE user: test005] 
[22:32:45.202] [17536] [ERROR] [error:157]	got error busi back: a519d831-821b-4bd8-bd17-deb938d634f7, code: 1007 
[22:32:45.202] [17536] [WARN ] [error:167]	busi err back, erase task failed, cannot find cache task: a519d831-821b-4bd8-bd17-deb938d634f7 !  [THE user: test005] 
[22:32:45.217] [27163] [ERROR] [error:157]	got error busi back: 67cbc25d-5129-4925-841e-60b62761455b, code: 1007 
[22:32:45.217] [27163] [WARN ] [error:167]	busi err back, erase task failed, cannot find cache task: 67cbc25d-5129-4925-841e-60b62761455b !  [THE user: test005] 
[22:32:45.259] [17536] [ERROR] [error:157]	got error busi back: 8f269e76-9007-4461-8059-fb0f518784a4, code: 1007 
[22:32:45.259] [17536] [WARN ] [error:167]	busi err back, erase task failed, cannot find cache task: 8f269e76-9007-4461-8059-fb0f518784a4 !  [THE user: test005] 
[22:32:45.260] [27163] [ERROR] [error:157]	got error busi back: 05f09f01-154a-4abd-b119-44c188b10efe, code: 1007 
[22:32:45.260] [27163] [WARN ] [error:167]	busi err back, erase task failed, cannot find cache task: 05f09f01-154a-4abd-b119-44c188b10efe !  [THE user: test005] 
[22:32:45.274] [17536] [ERROR] [error:157]	got error busi back: 32d1920c-0179-4f71-8ba7-37c68824c8b8, code: 1007 
[22:32:45.274] [17536] [WARN ] [error:167]	busi err back, erase task failed, cannot find cache task: 32d1920c-0179-4f71-8ba7-37c68824c8b8 !  [THE user: test005] 
[22:32:45.277] [27163] [ERROR] [error:157]	got error busi back: b75ce889-1aee-4a47-965c-84821696d56e, code: 1007 
[22:32:45.277] [27163] [WARN ] [error:167]	busi err back, erase task failed, cannot find cache task: b75ce889-1aee-4a47-965c-84821696d56e !  [THE user: test005] 
[22:32:45.284] [17536] [ERROR] [error:157]	got error busi back: de6bd23f-af51-4210-ab62-77f259fce197, code: 1007 
[22:32:45.284] [17536] [WARN ] [error:167]	busi err back, erase task failed, cannot find cache task: de6bd23f-af51-4210-ab62-77f259fce197 !  [THE user: test005] 
[22:32:45.294] [27163] [ERROR] [error:157]	got error busi back: 1634c36e-70d9-43bb-b160-9df4a7f9dc06, code: 1007 
[22:32:45.294] [27163] [WARN ] [error:167]	busi err back, erase task failed, cannot find cache task: 1634c36e-70d9-43bb-b160-9df4a7f9dc06 !  [THE user: test005] 
[22:32:45.301] [17536] [ERROR] [error:157]	got error busi back: 896de05b-1068-4f9c-b2a1-2064119c36fd, code: 1007 
[22:32:45.301] [17536] [WARN ] [error:167]	busi err back, erase task failed, cannot find cache task: 896de05b-1068-4f9c-b2a1-2064119c36fd !  [THE user: test005] 
[22:32:51.005] [27163] [ERROR] [error:157]	got error busi back: fb9a4c69-b2d5-4b90-b7e4-c5b2350767af, code: 1007 
[22:32:51.005] [27163] [WARN ] [error:167]	busi err back, erase task failed, cannot find cache task: fb9a4c69-b2d5-4b90-b7e4-c5b2350767af !  [THE user: test005] 
[22:32:51.008] [17536] [ERROR] [error:157]	got error busi back: a8767e9d-87e2-4457-ad09-82c1359f3c7a, code: 1007 
[22:32:51.008] [17536] [WARN ] [error:167]	busi err back, erase task failed, cannot find cache task: a8767e9d-87e2-4457-ad09-82c1359f3c7a !  [THE user: test005] 
[22:32:51.021] [27163] [ERROR] [error:157]	got error busi back: b80cf794-5363-43b3-bf30-68c0abecc682, code: 1007 
[22:32:51.021] [27163] [WARN ] [error:167]	busi err back, erase task failed, cannot find cache task: b80cf794-5363-43b3-bf30-68c0abecc682 !  [THE user: test005] 
[22:32:51.035] [17536] [ERROR] [error:157]	got error busi back: 8febf2bb-614e-4e04-8b57-38e602c7a2a9, code: 1007 
[22:32:51.035] [17536] [WARN ] [error:167]	busi err back, erase task failed, cannot find cache task: 8febf2bb-614e-4e04-8b57-38e602c7a2a9 !  [THE user: test005] 
[22:32:51.044] [27163] [ERROR] [error:157]	got error busi back: a0d14dec-680b-41bb-9022-011f427a7eaa, code: 1007 
[22:32:51.044] [27163] [WARN ] [error:167]	busi err back, erase task failed, cannot find cache task: a0d14dec-680b-41bb-9022-011f427a7eaa !  [THE user: test005] 
[22:32:51.045] [17536] [ERROR] [error:157]	got error busi back: e8ba73c7-7bfb-498e-9e39-013a57932832, code: 1007 
[22:32:51.046] [17536] [WARN ] [error:167]	busi err back, erase task failed, cannot find cache task: e8ba73c7-7bfb-498e-9e39-013a57932832 !  [THE user: test005] 
[22:32:51.048] [27163] [ERROR] [error:157]	got error busi back: 954c35e6-5c58-45ea-a150-390ff8b0f0fc, code: 1007 
[22:32:51.048] [27163] [WARN ] [error:167]	busi err back, erase task failed, cannot find cache task: 954c35e6-5c58-45ea-a150-390ff8b0f0fc !  [THE user: test005] 
[22:32:51.060] [17536] [ERROR] [error:157]	got error busi back: 3c70d5ac-3389-4177-9db1-84363c0e106b, code: 1007 
[22:32:51.060] [17536] [WARN ] [error:167]	busi err back, erase task failed, cannot find cache task: 3c70d5ac-3389-4177-9db1-84363c0e106b !  [THE user: test005] 
[22:32:51.063] [27163] [ERROR] [error:157]	got error busi back: bf39589f-839f-49d1-a2d9-a079547d5f56, code: 1007 
[22:32:51.064] [27163] [WARN ] [error:167]	busi err back, erase task failed, cannot find cache task: bf39589f-839f-49d1-a2d9-a079547d5f56 !  [THE user: test005] 
[22:32:51.065] [17536] [ERROR] [error:157]	got error busi back: 8b9b3112-03e2-4fa4-9fd8-a6b300434329, code: 1007 
[22:32:51.065] [17536] [WARN ] [error:167]	busi err back, erase task failed, cannot find cache task: 8b9b3112-03e2-4fa4-9fd8-a6b300434329 !  [THE user: test005] 
[22:32:51.069] [27163] [ERROR] [error:157]	got error busi back: 0aaca994-5d32-443c-a312-a54e5ba0c191, code: 1007 
[22:32:51.069] [27163] [WARN ] [error:167]	busi err back, erase task failed, cannot find cache task: 0aaca994-5d32-443c-a312-a54e5ba0c191 !  [THE user: test005] 
[22:32:51.080] [17536] [ERROR] [error:157]	got error busi back: 7c4d57ac-6d96-4c7f-8843-4d877c7107d4, code: 1007 
[22:32:51.080] [17536] [WARN ] [error:167]	busi err back, erase task failed, cannot find cache task: 7c4d57ac-6d96-4c7f-8843-4d877c7107d4 !  [THE user: test005] 
[22:32:51.096] [27163] [ERROR] [error:157]	got error busi back: cf9f8857-cb75-4011-8214-9dc101597c85, code: 1007 
[22:32:51.096] [27163] [WARN ] [error:167]	busi err back, erase task failed, cannot find cache task: cf9f8857-cb75-4011-8214-9dc101597c85 !  [THE user: test005] 
[22:32:51.101] [17536] [ERROR] [error:157]	got error busi back: 68a7d0d1-64aa-475b-b41d-89956eedf026, code: 1007 
[22:32:51.101] [17536] [WARN ] [error:167]	busi err back, erase task failed, cannot find cache task: 68a7d0d1-64aa-475b-b41d-89956eedf026 !  [THE user: test005] 
[22:32:51.113] [27163] [ERROR] [error:157]	got error busi back: ec623c08-c951-49a7-a317-ada5e9b923e5, code: 1007 
[22:32:51.113] [27163] [WARN ] [error:167]	busi err back, erase task failed, cannot find cache task: ec623c08-c951-49a7-a317-ada5e9b923e5 !  [THE user: test005] 
[22:32:51.129] [17536] [ERROR] [error:157]	got error busi back: 427d1883-8527-4985-bbcc-4ac757382c36, code: 1007 
[22:32:51.129] [17536] [WARN ] [error:167]	busi err back, erase task failed, cannot find cache task: 427d1883-8527-4985-bbcc-4ac757382c36 !  [THE user: test005] 
[22:32:51.131] [27163] [ERROR] [error:157]	got error busi back: d9d56a04-9915-4d2f-b400-eceab046ff24, code: 1007 
[22:32:51.131] [27163] [WARN ] [error:167]	busi err back, erase task failed, cannot find cache task: d9d56a04-9915-4d2f-b400-eceab046ff24 !  [THE user: test005] 
[22:32:51.135] [17536] [ERROR] [error:157]	got error busi back: f4be1b3e-71a1-437f-b900-625a3c9e3209, code: 1007 
[22:32:51.135] [17536] [WARN ] [error:167]	busi err back, erase task failed, cannot find cache task: f4be1b3e-71a1-437f-b900-625a3c9e3209 !  [THE user: test005] 
[22:32:51.141] [27163] [ERROR] [error:157]	got error busi back: 95fe8a18-7b14-4e32-8124-77d8e66be2be, code: 1007 
[22:32:51.141] [27163] [WARN ] [error:167]	busi err back, erase task failed, cannot find cache task: 95fe8a18-7b14-4e32-8124-77d8e66be2be !  [THE user: test005] 
[22:32:51.144] [17536] [ERROR] [error:157]	got error busi back: f151e78d-5c47-491c-8eec-31555937e04f, code: 1007 
[22:32:51.144] [17536] [WARN ] [error:167]	busi err back, erase task failed, cannot find cache task: f151e78d-5c47-491c-8eec-31555937e04f !  [THE user: test005] 
[22:32:51.149] [27163] [ERROR] [error:157]	got error busi back: 475754ca-ad72-44f8-b208-2ce3deb7a6b0, code: 1007 
[22:32:51.149] [27163] [WARN ] [error:167]	busi err back, erase task failed, cannot find cache task: 475754ca-ad72-44f8-b208-2ce3deb7a6b0 !  [THE user: test005] 
[22:32:51.152] [17536] [ERROR] [error:157]	got error busi back: a2ff0e37-02a7-4ae8-8a9c-47ccc4e59d5f, code: 1007 
[22:32:51.152] [17536] [WARN ] [error:167]	busi err back, erase task failed, cannot find cache task: a2ff0e37-02a7-4ae8-8a9c-47ccc4e59d5f !  [THE user: test005] 
[22:32:51.164] [27163] [ERROR] [error:157]	got error busi back: 6ef63bae-05df-4063-aff0-17dc6e16bc0f, code: 1007 
[22:32:51.164] [27163] [WARN ] [error:167]	busi err back, erase task failed, cannot find cache task: 6ef63bae-05df-4063-aff0-17dc6e16bc0f !  [THE user: test005] 
[22:32:51.176] [17536] [ERROR] [error:157]	got error busi back: 648767ba-672c-48b7-a98f-6f44b5459a51, code: 1007 
[22:32:51.176] [17536] [WARN ] [error:167]	busi err back, erase task failed, cannot find cache task: 648767ba-672c-48b7-a98f-6f44b5459a51 !  [THE user: test005] 
[22:32:51.199] [27163] [ERROR] [error:157]	got error busi back: 938839f0-27a9-4d38-8ec3-66edbc98d52c, code: 1007 
[22:32:51.199] [27163] [WARN ] [error:167]	busi err back, erase task failed, cannot find cache task: 938839f0-27a9-4d38-8ec3-66edbc98d52c !  [THE user: test005] 
[22:32:51.205] [17536] [ERROR] [error:157]	got error busi back: 0eb18384-8338-412f-b04f-82f7aeafb9b0, code: 1007 
[22:32:51.205] [17536] [WARN ] [error:167]	busi err back, erase task failed, cannot find cache task: 0eb18384-8338-412f-b04f-82f7aeafb9b0 !  [THE user: test005] 
[22:32:51.226] [27163] [ERROR] [error:157]	got error busi back: 916d8d5c-6e6a-46d3-9441-ee7971104f4c, code: 1007 
[22:32:51.226] [27163] [WARN ] [error:167]	busi err back, erase task failed, cannot find cache task: 916d8d5c-6e6a-46d3-9441-ee7971104f4c !  [THE user: test005] 
[22:32:51.242] [17536] [ERROR] [error:157]	got error busi back: 43ed7316-30c5-483c-a8fc-42fabd15a75d, code: 1007 
[22:32:51.243] [17536] [WARN ] [error:167]	busi err back, erase task failed, cannot find cache task: 43ed7316-30c5-483c-a8fc-42fabd15a75d !  [THE user: test005] 
[22:32:51.255] [27163] [ERROR] [error:157]	got error busi back: 6b2e6ac5-26cb-4cd7-95f3-8f3ad793c479, code: 1007 
[22:32:51.255] [27163] [WARN ] [error:167]	busi err back, erase task failed, cannot find cache task: 6b2e6ac5-26cb-4cd7-95f3-8f3ad793c479 !  [THE user: test005] 
[22:32:51.260] [17536] [ERROR] [error:157]	got error busi back: 70330a65-d93a-43db-8237-0a56485612ed, code: 1007 
[22:32:51.260] [17536] [WARN ] [error:167]	busi err back, erase task failed, cannot find cache task: 70330a65-d93a-43db-8237-0a56485612ed !  [THE user: test005] 
[22:32:51.288] [27163] [ERROR] [error:157]	got error busi back: 6f1c8279-019e-4b43-8172-67d733408c80, code: 1007 
[22:32:51.288] [27163] [WARN ] [error:167]	busi err back, erase task failed, cannot find cache task: 6f1c8279-019e-4b43-8172-67d733408c80 !  [THE user: test005] 
[22:32:51.294] [17536] [ERROR] [error:157]	got error busi back: 65d0cd7d-315f-4819-9d44-2f2d1f0b8679, code: 1007 
[22:32:51.294] [17536] [WARN ] [error:167]	busi err back, erase task failed, cannot find cache task: 65d0cd7d-315f-4819-9d44-2f2d1f0b8679 !  [THE user: test005] 
[22:32:51.297] [27163] [ERROR] [error:157]	got error busi back: 0515b4f5-108b-44cc-9cec-a3d84f0a1239, code: 1007 
[22:32:51.297] [27163] [WARN ] [error:167]	busi err back, erase task failed, cannot find cache task: 0515b4f5-108b-44cc-9cec-a3d84f0a1239 !  [THE user: test005] 
[22:32:51.299] [17536] [ERROR] [error:157]	got error busi back: ae69f4f5-3052-4d75-8e1f-e6d5e378e201, code: 1007 
[22:32:51.299] [17536] [WARN ] [error:167]	busi err back, erase task failed, cannot find cache task: ae69f4f5-3052-4d75-8e1f-e6d5e378e201 !  [THE user: test005] 
[22:32:51.300] [27163] [ERROR] [error:157]	got error busi back: 5a3adc1c-4c0f-4e66-98ca-3485c195f5f7, code: 1007 
[22:32:51.300] [27163] [WARN ] [error:167]	busi err back, erase task failed, cannot find cache task: 5a3adc1c-4c0f-4e66-98ca-3485c195f5f7 !  [THE user: test005] 
[22:32:51.316] [17536] [ERROR] [error:157]	got error busi back: f4657242-4696-4d7a-9115-9072a94354e2, code: 1007 
[22:32:51.316] [17536] [WARN ] [error:167]	busi err back, erase task failed, cannot find cache task: f4657242-4696-4d7a-9115-9072a94354e2 !  [THE user: test005] 
[22:32:51.324] [27163] [ERROR] [error:157]	got error busi back: 2764e135-52ff-40ca-99f4-bd448e612948, code: 1007 
[22:32:51.324] [27163] [WARN ] [error:167]	busi err back, erase task failed, cannot find cache task: 2764e135-52ff-40ca-99f4-bd448e612948 !  [THE user: test005] 
[22:32:51.330] [17536] [ERROR] [error:157]	got error busi back: 09899fee-0c0c-4d40-a080-803011ac71fc, code: 1007 
[22:32:51.330] [17536] [WARN ] [error:167]	busi err back, erase task failed, cannot find cache task: 09899fee-0c0c-4d40-a080-803011ac71fc !  [THE user: test005] 
[22:32:51.332] [27163] [ERROR] [error:157]	got error busi back: 2652b7b5-3d25-4d7d-9914-31882369bade, code: 1007 
[22:32:51.332] [27163] [WARN ] [error:167]	busi err back, erase task failed, cannot find cache task: 2652b7b5-3d25-4d7d-9914-31882369bade !  [THE user: test005] 
[22:32:51.336] [17536] [ERROR] [error:157]	got error busi back: b8a2ab1f-45fc-4922-87b8-1ccd7cd889e7, code: 1007 
[22:32:51.336] [17536] [WARN ] [error:167]	busi err back, erase task failed, cannot find cache task: b8a2ab1f-45fc-4922-87b8-1ccd7cd889e7 !  [THE user: test005] 
[22:32:51.343] [27163] [ERROR] [error:157]	got error busi back: 8b9f8970-4cbc-486a-ba3c-3fab0c1ce464, code: 1007 
[22:32:51.343] [27163] [WARN ] [error:167]	busi err back, erase task failed, cannot find cache task: 8b9f8970-4cbc-486a-ba3c-3fab0c1ce464 !  [THE user: test005] 
[22:32:51.346] [17536] [ERROR] [error:157]	got error busi back: c4f2d409-26fd-4af8-b43f-13d534b22a60, code: 1007 
[22:32:51.346] [17536] [WARN ] [error:167]	busi err back, erase task failed, cannot find cache task: c4f2d409-26fd-4af8-b43f-13d534b22a60 !  [THE user: test005] 
[22:32:51.361] [17536] [ERROR] [error:157]	got error busi back: ecb0cba0-ff2a-47b9-a8b6-b3ab0a4c5acf, code: 1007 
[22:32:51.361] [17536] [WARN ] [error:167]	busi err back, erase task failed, cannot find cache task: ecb0cba0-ff2a-47b9-a8b6-b3ab0a4c5acf !  [THE user: test005] 
[22:32:51.371] [17536] [ERROR] [error:157]	got error busi back: 65067876-29a3-47d3-81ac-eda2771e8aec, code: 1007 
[22:32:51.371] [17536] [WARN ] [error:167]	busi err back, erase task failed, cannot find cache task: 65067876-29a3-47d3-81ac-eda2771e8aec !  [THE user: test005] 
[22:32:51.384] [17536] [ERROR] [error:157]	got error busi back: 7ce52cc0-4bda-4d43-9476-86ac639b4062, code: 1007 
[22:32:51.384] [17536] [WARN ] [error:167]	busi err back, erase task failed, cannot find cache task: 7ce52cc0-4bda-4d43-9476-86ac639b4062 !  [THE user: test005] 
[22:32:51.391] [17536] [ERROR] [error:157]	got error busi back: 1b2fc0de-14a2-4f4c-84e5-c6459b35ccea, code: 1007 
[22:32:51.391] [17536] [WARN ] [error:167]	busi err back, erase task failed, cannot find cache task: 1b2fc0de-14a2-4f4c-84e5-c6459b35ccea !  [THE user: test005] 
[22:32:51.397] [27163] [ERROR] [error:157]	got error busi back: 7f81e4c1-9c24-4689-9391-7d35a354f916, code: 1007 
[22:32:51.397] [27163] [WARN ] [error:167]	busi err back, erase task failed, cannot find cache task: 7f81e4c1-9c24-4689-9391-7d35a354f916 !  [THE user: test005] 
[22:32:51.398] [17536] [ERROR] [error:157]	got error busi back: ad15134e-2fb8-4d72-9161-d22158d5f4be, code: 1007 
[22:32:51.398] [17536] [WARN ] [error:167]	busi err back, erase task failed, cannot find cache task: ad15134e-2fb8-4d72-9161-d22158d5f4be !  [THE user: test005] 
[22:32:51.411] [27163] [ERROR] [error:157]	got error busi back: 38b38a40-e957-4d86-863b-077c454df5cd, code: 1007 
[22:32:51.411] [27163] [WARN ] [error:167]	busi err back, erase task failed, cannot find cache task: 38b38a40-e957-4d86-863b-077c454df5cd !  [THE user: test005] 
[22:32:51.413] [17536] [ERROR] [error:157]	got error busi back: 72c9fccb-5327-40f0-846a-ecd5e094cf65, code: 1007 
[22:32:51.413] [17536] [WARN ] [error:167]	busi err back, erase task failed, cannot find cache task: 72c9fccb-5327-40f0-846a-ecd5e094cf65 !  [THE user: test005] 
[22:32:51.413] [27163] [ERROR] [error:157]	got error busi back: d557cf0b-a143-4282-9078-46b1237c36e5, code: 1007 
[22:32:51.413] [27163] [WARN ] [error:167]	busi err back, erase task failed, cannot find cache task: d557cf0b-a143-4282-9078-46b1237c36e5 !  [THE user: test005] 
[22:32:51.418] [17536] [ERROR] [error:157]	got error busi back: a519d831-821b-4bd8-bd17-deb938d634f7, code: 1007 
[22:32:51.418] [17536] [WARN ] [error:167]	busi err back, erase task failed, cannot find cache task: a519d831-821b-4bd8-bd17-deb938d634f7 !  [THE user: test005] 
[22:32:51.430] [27163] [ERROR] [error:157]	got error busi back: 67cbc25d-5129-4925-841e-60b62761455b, code: 1007 
[22:32:51.430] [27163] [WARN ] [error:167]	busi err back, erase task failed, cannot find cache task: 67cbc25d-5129-4925-841e-60b62761455b !  [THE user: test005] 
[22:32:51.450] [17536] [ERROR] [error:157]	got error busi back: 8f269e76-9007-4461-8059-fb0f518784a4, code: 1007 
[22:32:51.450] [17536] [WARN ] [error:167]	busi err back, erase task failed, cannot find cache task: 8f269e76-9007-4461-8059-fb0f518784a4 !  [THE user: test005] 
[22:32:51.451] [27163] [ERROR] [error:157]	got error busi back: 05f09f01-154a-4abd-b119-44c188b10efe, code: 1007 
[22:32:51.451] [27163] [WARN ] [error:167]	busi err back, erase task failed, cannot find cache task: 05f09f01-154a-4abd-b119-44c188b10efe !  [THE user: test005] 
[22:32:51.458] [17536] [ERROR] [error:157]	got error busi back: 32d1920c-0179-4f71-8ba7-37c68824c8b8, code: 1007 
[22:32:51.458] [17536] [WARN ] [error:167]	busi err back, erase task failed, cannot find cache task: 32d1920c-0179-4f71-8ba7-37c68824c8b8 !  [THE user: test005] 
[22:32:51.459] [27163] [ERROR] [error:157]	got error busi back: b75ce889-1aee-4a47-965c-84821696d56e, code: 1007 
[22:32:51.459] [27163] [WARN ] [error:167]	busi err back, erase task failed, cannot find cache task: b75ce889-1aee-4a47-965c-84821696d56e !  [THE user: test005] 
[22:32:51.465] [17536] [ERROR] [error:157]	got error busi back: de6bd23f-af51-4210-ab62-77f259fce197, code: 1007 
[22:32:51.465] [17536] [WARN ] [error:167]	busi err back, erase task failed, cannot find cache task: de6bd23f-af51-4210-ab62-77f259fce197 !  [THE user: test005] 
[22:32:51.470] [27163] [ERROR] [error:157]	got error busi back: 1634c36e-70d9-43bb-b160-9df4a7f9dc06, code: 1007 
[22:32:51.470] [27163] [WARN ] [error:167]	busi err back, erase task failed, cannot find cache task: 1634c36e-70d9-43bb-b160-9df4a7f9dc06 !  [THE user: test005] 
[22:32:51.472] [27163] [ERROR] [error:157]	got error busi back: 896de05b-1068-4f9c-b2a1-2064119c36fd, code: 1007 
[22:32:51.472] [27163] [WARN ] [error:167]	busi err back, erase task failed, cannot find cache task: 896de05b-1068-4f9c-b2a1-2064119c36fd !  [THE user: test005] 
[22:33:06.791] [17536] [ERROR] [error:157]	got error busi back: fb9a4c69-b2d5-4b90-b7e4-c5b2350767af, code: 1007 
[22:33:06.791] [17536] [WARN ] [error:167]	busi err back, erase task failed, cannot find cache task: fb9a4c69-b2d5-4b90-b7e4-c5b2350767af !  [THE user: test005] 
[22:33:06.793] [27163] [ERROR] [error:157]	got error busi back: a8767e9d-87e2-4457-ad09-82c1359f3c7a, code: 1007 
[22:33:06.793] [27163] [WARN ] [error:167]	busi err back, erase task failed, cannot find cache task: a8767e9d-87e2-4457-ad09-82c1359f3c7a !  [THE user: test005] 
[22:33:06.797] [17536] [ERROR] [error:157]	got error busi back: b80cf794-5363-43b3-bf30-68c0abecc682, code: 1007 
[22:33:06.797] [17536] [WARN ] [error:167]	busi err back, erase task failed, cannot find cache task: b80cf794-5363-43b3-bf30-68c0abecc682 !  [THE user: test005] 
[22:33:06.811] [27163] [ERROR] [error:157]	got error busi back: 8febf2bb-614e-4e04-8b57-38e602c7a2a9, code: 1007 
[22:33:06.811] [27163] [WARN ] [error:167]	busi err back, erase task failed, cannot find cache task: 8febf2bb-614e-4e04-8b57-38e602c7a2a9 !  [THE user: test005] 
[22:33:06.815] [17536] [ERROR] [error:157]	got error busi back: a0d14dec-680b-41bb-9022-011f427a7eaa, code: 1007 
[22:33:06.815] [17536] [WARN ] [error:167]	busi err back, erase task failed, cannot find cache task: a0d14dec-680b-41bb-9022-011f427a7eaa !  [THE user: test005] 
[22:33:06.817] [27163] [ERROR] [error:157]	got error busi back: e8ba73c7-7bfb-498e-9e39-013a57932832, code: 1007 
[22:33:06.818] [27163] [WARN ] [error:167]	busi err back, erase task failed, cannot find cache task: e8ba73c7-7bfb-498e-9e39-013a57932832 !  [THE user: test005] 
[22:33:06.819] [17536] [ERROR] [error:157]	got error busi back: 954c35e6-5c58-45ea-a150-390ff8b0f0fc, code: 1007 
[22:33:06.819] [17536] [WARN ] [error:167]	busi err back, erase task failed, cannot find cache task: 954c35e6-5c58-45ea-a150-390ff8b0f0fc !  [THE user: test005] 
[22:33:06.822] [27163] [ERROR] [error:157]	got error busi back: 3c70d5ac-3389-4177-9db1-84363c0e106b, code: 1007 
[22:33:06.822] [27163] [WARN ] [error:167]	busi err back, erase task failed, cannot find cache task: 3c70d5ac-3389-4177-9db1-84363c0e106b !  [THE user: test005] 
[22:33:06.824] [17536] [ERROR] [error:157]	got error busi back: bf39589f-839f-49d1-a2d9-a079547d5f56, code: 1007 
[22:33:06.825] [17536] [WARN ] [error:167]	busi err back, erase task failed, cannot find cache task: bf39589f-839f-49d1-a2d9-a079547d5f56 !  [THE user: test005] 
[22:33:06.826] [27163] [ERROR] [error:157]	got error busi back: 8b9b3112-03e2-4fa4-9fd8-a6b300434329, code: 1007 
[22:33:06.826] [27163] [WARN ] [error:167]	busi err back, erase task failed, cannot find cache task: 8b9b3112-03e2-4fa4-9fd8-a6b300434329 !  [THE user: test005] 
[22:33:06.829] [17536] [ERROR] [error:157]	got error busi back: 0aaca994-5d32-443c-a312-a54e5ba0c191, code: 1007 
[22:33:06.829] [17536] [WARN ] [error:167]	busi err back, erase task failed, cannot find cache task: 0aaca994-5d32-443c-a312-a54e5ba0c191 !  [THE user: test005] 
[22:33:06.833] [27163] [ERROR] [error:157]	got error busi back: 7c4d57ac-6d96-4c7f-8843-4d877c7107d4, code: 1007 
[22:33:06.833] [27163] [WARN ] [error:167]	busi err back, erase task failed, cannot find cache task: 7c4d57ac-6d96-4c7f-8843-4d877c7107d4 !  [THE user: test005] 
[22:33:06.842] [27163] [ERROR] [error:157]	got error busi back: cf9f8857-cb75-4011-8214-9dc101597c85, code: 1007 
[22:33:06.842] [27163] [WARN ] [error:167]	busi err back, erase task failed, cannot find cache task: cf9f8857-cb75-4011-8214-9dc101597c85 !  [THE user: test005] 
[22:33:06.844] [17536] [ERROR] [error:157]	got error busi back: 68a7d0d1-64aa-475b-b41d-89956eedf026, code: 1007 
[22:33:06.844] [17536] [WARN ] [error:167]	busi err back, erase task failed, cannot find cache task: 68a7d0d1-64aa-475b-b41d-89956eedf026 !  [THE user: test005] 
[22:33:06.848] [27163] [ERROR] [error:157]	got error busi back: ec623c08-c951-49a7-a317-ada5e9b923e5, code: 1007 
[22:33:06.848] [27163] [WARN ] [error:167]	busi err back, erase task failed, cannot find cache task: ec623c08-c951-49a7-a317-ada5e9b923e5 !  [THE user: test005] 
[22:33:06.853] [17536] [ERROR] [error:157]	got error busi back: 427d1883-8527-4985-bbcc-4ac757382c36, code: 1007 
[22:33:06.853] [17536] [WARN ] [error:167]	busi err back, erase task failed, cannot find cache task: 427d1883-8527-4985-bbcc-4ac757382c36 !  [THE user: test005] 
[22:33:06.858] [27163] [ERROR] [error:157]	got error busi back: d9d56a04-9915-4d2f-b400-eceab046ff24, code: 1007 
[22:33:06.858] [27163] [WARN ] [error:167]	busi err back, erase task failed, cannot find cache task: d9d56a04-9915-4d2f-b400-eceab046ff24 !  [THE user: test005] 
[22:33:06.863] [17536] [ERROR] [error:157]	got error busi back: f4be1b3e-71a1-437f-b900-625a3c9e3209, code: 1007 
[22:33:06.863] [17536] [WARN ] [error:167]	busi err back, erase task failed, cannot find cache task: f4be1b3e-71a1-437f-b900-625a3c9e3209 !  [THE user: test005] 
[22:33:06.864] [27163] [ERROR] [error:157]	got error busi back: 95fe8a18-7b14-4e32-8124-77d8e66be2be, code: 1007 
[22:33:06.864] [27163] [WARN ] [error:167]	busi err back, erase task failed, cannot find cache task: 95fe8a18-7b14-4e32-8124-77d8e66be2be !  [THE user: test005] 
[22:33:06.865] [17536] [ERROR] [error:157]	got error busi back: f151e78d-5c47-491c-8eec-31555937e04f, code: 1007 
[22:33:06.865] [17536] [WARN ] [error:167]	busi err back, erase task failed, cannot find cache task: f151e78d-5c47-491c-8eec-31555937e04f !  [THE user: test005] 
[22:33:06.868] [27163] [ERROR] [error:157]	got error busi back: 475754ca-ad72-44f8-b208-2ce3deb7a6b0, code: 1007 
[22:33:06.868] [27163] [WARN ] [error:167]	busi err back, erase task failed, cannot find cache task: 475754ca-ad72-44f8-b208-2ce3deb7a6b0 !  [THE user: test005] 
[22:33:06.869] [17536] [ERROR] [error:157]	got error busi back: a2ff0e37-02a7-4ae8-8a9c-47ccc4e59d5f, code: 1007 
[22:33:06.869] [17536] [WARN ] [error:167]	busi err back, erase task failed, cannot find cache task: a2ff0e37-02a7-4ae8-8a9c-47ccc4e59d5f !  [THE user: test005] 
[22:33:06.872] [27163] [ERROR] [error:157]	got error busi back: 6ef63bae-05df-4063-aff0-17dc6e16bc0f, code: 1007 
[22:33:06.872] [27163] [WARN ] [error:167]	busi err back, erase task failed, cannot find cache task: 6ef63bae-05df-4063-aff0-17dc6e16bc0f !  [THE user: test005] 
[22:33:06.875] [17536] [ERROR] [error:157]	got error busi back: 648767ba-672c-48b7-a98f-6f44b5459a51, code: 1007 
[22:33:06.875] [17536] [WARN ] [error:167]	busi err back, erase task failed, cannot find cache task: 648767ba-672c-48b7-a98f-6f44b5459a51 !  [THE user: test005] 
[22:33:06.881] [27163] [ERROR] [error:157]	got error busi back: 938839f0-27a9-4d38-8ec3-66edbc98d52c, code: 1007 
[22:33:06.881] [27163] [WARN ] [error:167]	busi err back, erase task failed, cannot find cache task: 938839f0-27a9-4d38-8ec3-66edbc98d52c !  [THE user: test005] 
[22:33:06.884] [17536] [ERROR] [error:157]	got error busi back: 0eb18384-8338-412f-b04f-82f7aeafb9b0, code: 1007 
[22:33:06.884] [17536] [WARN ] [error:167]	busi err back, erase task failed, cannot find cache task: 0eb18384-8338-412f-b04f-82f7aeafb9b0 !  [THE user: test005] 
[22:33:06.889] [27163] [ERROR] [error:157]	got error busi back: 916d8d5c-6e6a-46d3-9441-ee7971104f4c, code: 1007 
[22:33:06.889] [27163] [WARN ] [error:167]	busi err back, erase task failed, cannot find cache task: 916d8d5c-6e6a-46d3-9441-ee7971104f4c !  [THE user: test005] 
[22:33:06.893] [17536] [ERROR] [error:157]	got error busi back: 43ed7316-30c5-483c-a8fc-42fabd15a75d, code: 1007 
[22:33:06.893] [17536] [WARN ] [error:167]	busi err back, erase task failed, cannot find cache task: 43ed7316-30c5-483c-a8fc-42fabd15a75d !  [THE user: test005] 
[22:33:06.897] [27163] [ERROR] [error:157]	got error busi back: 6b2e6ac5-26cb-4cd7-95f3-8f3ad793c479, code: 1007 
[22:33:06.897] [27163] [WARN ] [error:167]	busi err back, erase task failed, cannot find cache task: 6b2e6ac5-26cb-4cd7-95f3-8f3ad793c479 !  [THE user: test005] 
[22:33:06.899] [17536] [ERROR] [error:157]	got error busi back: 70330a65-d93a-43db-8237-0a56485612ed, code: 1007 
[22:33:06.899] [17536] [WARN ] [error:167]	busi err back, erase task failed, cannot find cache task: 70330a65-d93a-43db-8237-0a56485612ed !  [THE user: test005] 
[22:33:06.907] [27163] [ERROR] [error:157]	got error busi back: 6f1c8279-019e-4b43-8172-67d733408c80, code: 1007 
[22:33:06.907] [27163] [WARN ] [error:167]	busi err back, erase task failed, cannot find cache task: 6f1c8279-019e-4b43-8172-67d733408c80 !  [THE user: test005] 
[22:33:06.913] [17536] [ERROR] [error:157]	got error busi back: 65d0cd7d-315f-4819-9d44-2f2d1f0b8679, code: 1007 
[22:33:06.913] [17536] [WARN ] [error:167]	busi err back, erase task failed, cannot find cache task: 65d0cd7d-315f-4819-9d44-2f2d1f0b8679 !  [THE user: test005] 
[22:33:06.916] [27163] [ERROR] [error:157]	got error busi back: 0515b4f5-108b-44cc-9cec-a3d84f0a1239, code: 1007 
[22:33:06.916] [27163] [WARN ] [error:167]	busi err back, erase task failed, cannot find cache task: 0515b4f5-108b-44cc-9cec-a3d84f0a1239 !  [THE user: test005] 
[22:33:06.917] [17536] [ERROR] [error:157]	got error busi back: ae69f4f5-3052-4d75-8e1f-e6d5e378e201, code: 1007 
[22:33:06.917] [17536] [WARN ] [error:167]	busi err back, erase task failed, cannot find cache task: ae69f4f5-3052-4d75-8e1f-e6d5e378e201 !  [THE user: test005] 
[22:33:06.919] [27163] [ERROR] [error:157]	got error busi back: 5a3adc1c-4c0f-4e66-98ca-3485c195f5f7, code: 1007 
[22:33:06.919] [27163] [WARN ] [error:167]	busi err back, erase task failed, cannot find cache task: 5a3adc1c-4c0f-4e66-98ca-3485c195f5f7 !  [THE user: test005] 
[22:33:06.923] [17536] [ERROR] [error:157]	got error busi back: f4657242-4696-4d7a-9115-9072a94354e2, code: 1007 
[22:33:06.923] [17536] [WARN ] [error:167]	busi err back, erase task failed, cannot find cache task: f4657242-4696-4d7a-9115-9072a94354e2 !  [THE user: test005] 
[22:33:06.925] [27163] [ERROR] [error:157]	got error busi back: 2764e135-52ff-40ca-99f4-bd448e612948, code: 1007 
[22:33:06.925] [27163] [WARN ] [error:167]	busi err back, erase task failed, cannot find cache task: 2764e135-52ff-40ca-99f4-bd448e612948 !  [THE user: test005] 
[22:33:06.928] [17536] [ERROR] [error:157]	got error busi back: 09899fee-0c0c-4d40-a080-803011ac71fc, code: 1007 
[22:33:06.928] [17536] [WARN ] [error:167]	busi err back, erase task failed, cannot find cache task: 09899fee-0c0c-4d40-a080-803011ac71fc !  [THE user: test005] 
[22:33:06.929] [27163] [ERROR] [error:157]	got error busi back: 2652b7b5-3d25-4d7d-9914-31882369bade, code: 1007 
[22:33:06.929] [27163] [WARN ] [error:167]	busi err back, erase task failed, cannot find cache task: 2652b7b5-3d25-4d7d-9914-31882369bade !  [THE user: test005] 
[22:33:06.934] [17536] [ERROR] [error:157]	got error busi back: b8a2ab1f-45fc-4922-87b8-1ccd7cd889e7, code: 1007 
[22:33:06.934] [17536] [WARN ] [error:167]	busi err back, erase task failed, cannot find cache task: b8a2ab1f-45fc-4922-87b8-1ccd7cd889e7 !  [THE user: test005] 
[22:33:06.937] [27163] [ERROR] [error:157]	got error busi back: 8b9f8970-4cbc-486a-ba3c-3fab0c1ce464, code: 1007 
[22:33:06.937] [27163] [WARN ] [error:167]	busi err back, erase task failed, cannot find cache task: 8b9f8970-4cbc-486a-ba3c-3fab0c1ce464 !  [THE user: test005] 
[22:33:06.939] [17536] [ERROR] [error:157]	got error busi back: c4f2d409-26fd-4af8-b43f-13d534b22a60, code: 1007 
[22:33:06.939] [17536] [WARN ] [error:167]	busi err back, erase task failed, cannot find cache task: c4f2d409-26fd-4af8-b43f-13d534b22a60 !  [THE user: test005] 
[22:33:06.948] [27163] [ERROR] [error:157]	got error busi back: ecb0cba0-ff2a-47b9-a8b6-b3ab0a4c5acf, code: 1007 
[22:33:06.948] [27163] [WARN ] [error:167]	busi err back, erase task failed, cannot find cache task: ecb0cba0-ff2a-47b9-a8b6-b3ab0a4c5acf !  [THE user: test005] 
[22:33:06.952] [17536] [ERROR] [error:157]	got error busi back: 65067876-29a3-47d3-81ac-eda2771e8aec, code: 1007 
[22:33:06.953] [17536] [WARN ] [error:167]	busi err back, erase task failed, cannot find cache task: 65067876-29a3-47d3-81ac-eda2771e8aec !  [THE user: test005] 
[22:33:06.960] [27163] [ERROR] [error:157]	got error busi back: 7ce52cc0-4bda-4d43-9476-86ac639b4062, code: 1007 
[22:33:06.960] [27163] [WARN ] [error:167]	busi err back, erase task failed, cannot find cache task: 7ce52cc0-4bda-4d43-9476-86ac639b4062 !  [THE user: test005] 
[22:33:06.967] [17536] [ERROR] [error:157]	got error busi back: 1b2fc0de-14a2-4f4c-84e5-c6459b35ccea, code: 1007 
[22:33:06.967] [17536] [WARN ] [error:167]	busi err back, erase task failed, cannot find cache task: 1b2fc0de-14a2-4f4c-84e5-c6459b35ccea !  [THE user: test005] 
[22:33:06.969] [27163] [ERROR] [error:157]	got error busi back: 7f81e4c1-9c24-4689-9391-7d35a354f916, code: 1007 
[22:33:06.969] [27163] [WARN ] [error:167]	busi err back, erase task failed, cannot find cache task: 7f81e4c1-9c24-4689-9391-7d35a354f916 !  [THE user: test005] 
[22:33:06.971] [17536] [ERROR] [error:157]	got error busi back: ad15134e-2fb8-4d72-9161-d22158d5f4be, code: 1007 
[22:33:06.971] [17536] [WARN ] [error:167]	busi err back, erase task failed, cannot find cache task: ad15134e-2fb8-4d72-9161-d22158d5f4be !  [THE user: test005] 
[22:33:06.974] [27163] [ERROR] [error:157]	got error busi back: 38b38a40-e957-4d86-863b-077c454df5cd, code: 1007 
[22:33:06.974] [27163] [WARN ] [error:167]	busi err back, erase task failed, cannot find cache task: 38b38a40-e957-4d86-863b-077c454df5cd !  [THE user: test005] 
[22:33:06.976] [17536] [ERROR] [error:157]	got error busi back: 72c9fccb-5327-40f0-846a-ecd5e094cf65, code: 1007 
[22:33:06.976] [17536] [WARN ] [error:167]	busi err back, erase task failed, cannot find cache task: 72c9fccb-5327-40f0-846a-ecd5e094cf65 !  [THE user: test005] 
[22:33:06.977] [27163] [ERROR] [error:157]	got error busi back: d557cf0b-a143-4282-9078-46b1237c36e5, code: 1007 
[22:33:06.977] [27163] [WARN ] [error:167]	busi err back, erase task failed, cannot find cache task: d557cf0b-a143-4282-9078-46b1237c36e5 !  [THE user: test005] 
[22:33:06.980] [17536] [ERROR] [error:157]	got error busi back: a519d831-821b-4bd8-bd17-deb938d634f7, code: 1007 
[22:33:06.980] [17536] [WARN ] [error:167]	busi err back, erase task failed, cannot find cache task: a519d831-821b-4bd8-bd17-deb938d634f7 !  [THE user: test005] 
[22:33:06.985] [27163] [ERROR] [error:157]	got error busi back: 67cbc25d-5129-4925-841e-60b62761455b, code: 1007 
[22:33:06.985] [27163] [WARN ] [error:167]	busi err back, erase task failed, cannot find cache task: 67cbc25d-5129-4925-841e-60b62761455b !  [THE user: test005] 
[22:33:06.994] [17536] [ERROR] [error:157]	got error busi back: 8f269e76-9007-4461-8059-fb0f518784a4, code: 1007 
[22:33:06.994] [17536] [WARN ] [error:167]	busi err back, erase task failed, cannot find cache task: 8f269e76-9007-4461-8059-fb0f518784a4 !  [THE user: test005] 
[22:33:06.995] [27163] [ERROR] [error:157]	got error busi back: 05f09f01-154a-4abd-b119-44c188b10efe, code: 1007 
[22:33:06.995] [27163] [WARN ] [error:167]	busi err back, erase task failed, cannot find cache task: 05f09f01-154a-4abd-b119-44c188b10efe !  [THE user: test005] 
[22:33:06.998] [17536] [ERROR] [error:157]	got error busi back: 32d1920c-0179-4f71-8ba7-37c68824c8b8, code: 1007 
[22:33:06.998] [17536] [WARN ] [error:167]	busi err back, erase task failed, cannot find cache task: 32d1920c-0179-4f71-8ba7-37c68824c8b8 !  [THE user: test005] 
[22:33:06.999] [27163] [ERROR] [error:157]	got error busi back: b75ce889-1aee-4a47-965c-84821696d56e, code: 1007 
[22:33:06.999] [27163] [WARN ] [error:167]	busi err back, erase task failed, cannot find cache task: b75ce889-1aee-4a47-965c-84821696d56e !  [THE user: test005] 
[22:33:07.002] [17536] [ERROR] [error:157]	got error busi back: de6bd23f-af51-4210-ab62-77f259fce197, code: 1007 
[22:33:07.002] [17536] [WARN ] [error:167]	busi err back, erase task failed, cannot find cache task: de6bd23f-af51-4210-ab62-77f259fce197 !  [THE user: test005] 
[22:33:07.004] [27163] [ERROR] [error:157]	got error busi back: 1634c36e-70d9-43bb-b160-9df4a7f9dc06, code: 1007 
[22:33:07.004] [27163] [WARN ] [error:167]	busi err back, erase task failed, cannot find cache task: 1634c36e-70d9-43bb-b160-9df4a7f9dc06 !  [THE user: test005] 
[22:33:07.006] [17536] [ERROR] [error:157]	got error busi back: 896de05b-1068-4f9c-b2a1-2064119c36fd, code: 1007 
[22:33:07.006] [17536] [WARN ] [error:167]	busi err back, erase task failed, cannot find cache task: 896de05b-1068-4f9c-b2a1-2064119c36fd !  [THE user: test005] 
[15:04:28.765] [27163] [ERROR] [error:157]	got error busi back: fb9a4c69-b2d5-4b90-b7e4-c5b2350767af, code: 1007 
[15:04:28.765] [27163] [WARN ] [error:167]	busi err back, erase task failed, cannot find cache task: fb9a4c69-b2d5-4b90-b7e4-c5b2350767af !  [THE user: test005] 
[15:04:28.767] [7243 ] [ERROR] [error:157]	got error busi back: a8767e9d-87e2-4457-ad09-82c1359f3c7a, code: 1007 
[15:04:28.768] [7243 ] [WARN ] [error:167]	busi err back, erase task failed, cannot find cache task: a8767e9d-87e2-4457-ad09-82c1359f3c7a !  [THE user: test005] 
[15:04:28.779] [27163] [ERROR] [error:157]	got error busi back: b80cf794-5363-43b3-bf30-68c0abecc682, code: 1007 
[15:04:28.779] [27163] [WARN ] [error:167]	busi err back, erase task failed, cannot find cache task: b80cf794-5363-43b3-bf30-68c0abecc682 !  [THE user: test005] 
[15:04:28.788] [7243 ] [ERROR] [error:157]	got error busi back: 8febf2bb-614e-4e04-8b57-38e602c7a2a9, code: 1007 
[15:04:28.788] [7243 ] [WARN ] [error:167]	busi err back, erase task failed, cannot find cache task: 8febf2bb-614e-4e04-8b57-38e602c7a2a9 !  [THE user: test005] 
[15:04:28.794] [27163] [ERROR] [error:157]	got error busi back: e8ba73c7-7bfb-498e-9e39-013a57932832, code: 1007 
[15:04:28.795] [27163] [WARN ] [error:167]	busi err back, erase task failed, cannot find cache task: e8ba73c7-7bfb-498e-9e39-013a57932832 !  [THE user: test005] 
[15:04:28.797] [7243 ] [ERROR] [error:157]	got error busi back: a0d14dec-680b-41bb-9022-011f427a7eaa, code: 1007 
[15:04:28.797] [7243 ] [WARN ] [error:167]	busi err back, erase task failed, cannot find cache task: a0d14dec-680b-41bb-9022-011f427a7eaa !  [THE user: test005] 
[15:04:28.799] [27163] [ERROR] [error:157]	got error busi back: 954c35e6-5c58-45ea-a150-390ff8b0f0fc, code: 1007 
[15:04:28.799] [27163] [WARN ] [error:167]	busi err back, erase task failed, cannot find cache task: 954c35e6-5c58-45ea-a150-390ff8b0f0fc !  [THE user: test005] 
[15:04:28.804] [7243 ] [ERROR] [error:157]	got error busi back: 3c70d5ac-3389-4177-9db1-84363c0e106b, code: 1007 
[15:04:28.804] [7243 ] [WARN ] [error:167]	busi err back, erase task failed, cannot find cache task: 3c70d5ac-3389-4177-9db1-84363c0e106b !  [THE user: test005] 
[15:04:28.807] [27163] [ERROR] [error:157]	got error busi back: bf39589f-839f-49d1-a2d9-a079547d5f56, code: 1007 
[15:04:28.808] [27163] [WARN ] [error:167]	busi err back, erase task failed, cannot find cache task: bf39589f-839f-49d1-a2d9-a079547d5f56 !  [THE user: test005] 
[15:04:28.810] [7243 ] [ERROR] [error:157]	got error busi back: 8b9b3112-03e2-4fa4-9fd8-a6b300434329, code: 1007 
[15:04:28.810] [7243 ] [WARN ] [error:167]	busi err back, erase task failed, cannot find cache task: 8b9b3112-03e2-4fa4-9fd8-a6b300434329 !  [THE user: test005] 
[15:04:28.813] [27163] [ERROR] [error:157]	got error busi back: 0aaca994-5d32-443c-a312-a54e5ba0c191, code: 1007 
[15:04:28.813] [27163] [WARN ] [error:167]	busi err back, erase task failed, cannot find cache task: 0aaca994-5d32-443c-a312-a54e5ba0c191 !  [THE user: test005] 
[15:04:28.826] [7243 ] [ERROR] [error:157]	got error busi back: 7c4d57ac-6d96-4c7f-8843-4d877c7107d4, code: 1007 
[15:04:28.826] [7243 ] [WARN ] [error:167]	busi err back, erase task failed, cannot find cache task: 7c4d57ac-6d96-4c7f-8843-4d877c7107d4 !  [THE user: test005] 
[15:04:28.833] [27163] [ERROR] [error:157]	got error busi back: cf9f8857-cb75-4011-8214-9dc101597c85, code: 1007 
[15:04:28.833] [27163] [WARN ] [error:167]	busi err back, erase task failed, cannot find cache task: cf9f8857-cb75-4011-8214-9dc101597c85 !  [THE user: test005] 
[15:04:28.836] [7243 ] [ERROR] [error:157]	got error busi back: 68a7d0d1-64aa-475b-b41d-89956eedf026, code: 1007 
[15:04:28.837] [7243 ] [WARN ] [error:167]	busi err back, erase task failed, cannot find cache task: 68a7d0d1-64aa-475b-b41d-89956eedf026 !  [THE user: test005] 
[15:04:28.844] [27163] [ERROR] [error:157]	got error busi back: ec623c08-c951-49a7-a317-ada5e9b923e5, code: 1007 
[15:04:28.844] [27163] [WARN ] [error:167]	busi err back, erase task failed, cannot find cache task: ec623c08-c951-49a7-a317-ada5e9b923e5 !  [THE user: test005] 
[15:04:28.853] [27163] [ERROR] [error:157]	got error busi back: 427d1883-8527-4985-bbcc-4ac757382c36, code: 1007 
[15:04:28.853] [27163] [WARN ] [error:167]	busi err back, erase task failed, cannot find cache task: 427d1883-8527-4985-bbcc-4ac757382c36 !  [THE user: test005] 
[15:04:28.857] [7243 ] [ERROR] [error:157]	got error busi back: d9d56a04-9915-4d2f-b400-eceab046ff24, code: 1007 
[15:04:28.857] [7243 ] [WARN ] [error:167]	busi err back, erase task failed, cannot find cache task: d9d56a04-9915-4d2f-b400-eceab046ff24 !  [THE user: test005] 
[15:04:28.859] [7243 ] [ERROR] [error:157]	got error busi back: f4be1b3e-71a1-437f-b900-625a3c9e3209, code: 1007 
[15:04:28.859] [7243 ] [WARN ] [error:167]	busi err back, erase task failed, cannot find cache task: f4be1b3e-71a1-437f-b900-625a3c9e3209 !  [THE user: test005] 
[15:04:28.867] [27163] [ERROR] [error:157]	got error busi back: 95fe8a18-7b14-4e32-8124-77d8e66be2be, code: 1007 
[15:04:28.867] [27163] [WARN ] [error:167]	busi err back, erase task failed, cannot find cache task: 95fe8a18-7b14-4e32-8124-77d8e66be2be !  [THE user: test005] 
[15:04:28.869] [7243 ] [ERROR] [error:157]	got error busi back: f151e78d-5c47-491c-8eec-31555937e04f, code: 1007 
[15:04:28.869] [7243 ] [WARN ] [error:167]	busi err back, erase task failed, cannot find cache task: f151e78d-5c47-491c-8eec-31555937e04f !  [THE user: test005] 
[15:04:28.872] [27163] [ERROR] [error:157]	got error busi back: 475754ca-ad72-44f8-b208-2ce3deb7a6b0, code: 1007 
[15:04:28.872] [27163] [WARN ] [error:167]	busi err back, erase task failed, cannot find cache task: 475754ca-ad72-44f8-b208-2ce3deb7a6b0 !  [THE user: test005] 
[15:04:28.875] [7243 ] [ERROR] [error:157]	got error busi back: a2ff0e37-02a7-4ae8-8a9c-47ccc4e59d5f, code: 1007 
[15:04:28.875] [7243 ] [WARN ] [error:167]	busi err back, erase task failed, cannot find cache task: a2ff0e37-02a7-4ae8-8a9c-47ccc4e59d5f !  [THE user: test005] 
[15:04:28.882] [27163] [ERROR] [error:157]	got error busi back: 6ef63bae-05df-4063-aff0-17dc6e16bc0f, code: 1007 
[15:04:28.882] [27163] [WARN ] [error:167]	busi err back, erase task failed, cannot find cache task: 6ef63bae-05df-4063-aff0-17dc6e16bc0f !  [THE user: test005] 
[15:04:28.887] [7243 ] [ERROR] [error:157]	got error busi back: 648767ba-672c-48b7-a98f-6f44b5459a51, code: 1007 
[15:04:28.887] [7243 ] [WARN ] [error:167]	busi err back, erase task failed, cannot find cache task: 648767ba-672c-48b7-a98f-6f44b5459a51 !  [THE user: test005] 
[15:04:28.896] [27163] [ERROR] [error:157]	got error busi back: 938839f0-27a9-4d38-8ec3-66edbc98d52c, code: 1007 
[15:04:28.896] [27163] [WARN ] [error:167]	busi err back, erase task failed, cannot find cache task: 938839f0-27a9-4d38-8ec3-66edbc98d52c !  [THE user: test005] 
[15:04:28.899] [7243 ] [ERROR] [error:157]	got error busi back: 0eb18384-8338-412f-b04f-82f7aeafb9b0, code: 1007 
[15:04:28.899] [7243 ] [WARN ] [error:167]	busi err back, erase task failed, cannot find cache task: 0eb18384-8338-412f-b04f-82f7aeafb9b0 !  [THE user: test005] 
[15:04:28.905] [27163] [ERROR] [error:157]	got error busi back: 916d8d5c-6e6a-46d3-9441-ee7971104f4c, code: 1007 
[15:04:28.905] [27163] [WARN ] [error:167]	busi err back, erase task failed, cannot find cache task: 916d8d5c-6e6a-46d3-9441-ee7971104f4c !  [THE user: test005] 
[15:04:28.909] [7243 ] [ERROR] [error:157]	got error busi back: 43ed7316-30c5-483c-a8fc-42fabd15a75d, code: 1007 
[15:04:28.910] [7243 ] [WARN ] [error:167]	busi err back, erase task failed, cannot find cache task: 43ed7316-30c5-483c-a8fc-42fabd15a75d !  [THE user: test005] 
[15:04:28.914] [27163] [ERROR] [error:157]	got error busi back: 6b2e6ac5-26cb-4cd7-95f3-8f3ad793c479, code: 1007 
[15:04:28.914] [27163] [WARN ] [error:167]	busi err back, erase task failed, cannot find cache task: 6b2e6ac5-26cb-4cd7-95f3-8f3ad793c479 !  [THE user: test005] 
[15:04:28.916] [27163] [ERROR] [error:157]	got error busi back: 70330a65-d93a-43db-8237-0a56485612ed, code: 1007 
[15:04:28.916] [27163] [WARN ] [error:167]	busi err back, erase task failed, cannot find cache task: 70330a65-d93a-43db-8237-0a56485612ed !  [THE user: test005] 
[15:04:28.924] [7243 ] [ERROR] [error:157]	got error busi back: 6f1c8279-019e-4b43-8172-67d733408c80, code: 1007 
[15:04:28.924] [7243 ] [WARN ] [error:167]	busi err back, erase task failed, cannot find cache task: 6f1c8279-019e-4b43-8172-67d733408c80 !  [THE user: test005] 
[15:04:28.927] [27163] [ERROR] [error:157]	got error busi back: 65d0cd7d-315f-4819-9d44-2f2d1f0b8679, code: 1007 
[15:04:28.927] [27163] [WARN ] [error:167]	busi err back, erase task failed, cannot find cache task: 65d0cd7d-315f-4819-9d44-2f2d1f0b8679 !  [THE user: test005] 
[15:04:28.928] [7243 ] [ERROR] [error:157]	got error busi back: 0515b4f5-108b-44cc-9cec-a3d84f0a1239, code: 1007 
[15:04:28.928] [7243 ] [WARN ] [error:167]	busi err back, erase task failed, cannot find cache task: 0515b4f5-108b-44cc-9cec-a3d84f0a1239 !  [THE user: test005] 
[15:04:28.931] [27163] [ERROR] [error:157]	got error busi back: 5a3adc1c-4c0f-4e66-98ca-3485c195f5f7, code: 1007 
[15:04:28.931] [27163] [WARN ] [error:167]	busi err back, erase task failed, cannot find cache task: 5a3adc1c-4c0f-4e66-98ca-3485c195f5f7 !  [THE user: test005] 
[15:04:28.933] [7243 ] [ERROR] [error:157]	got error busi back: ae69f4f5-3052-4d75-8e1f-e6d5e378e201, code: 1007 
[15:04:28.933] [7243 ] [WARN ] [error:167]	busi err back, erase task failed, cannot find cache task: ae69f4f5-3052-4d75-8e1f-e6d5e378e201 !  [THE user: test005] 
[15:04:28.940] [27163] [ERROR] [error:157]	got error busi back: f4657242-4696-4d7a-9115-9072a94354e2, code: 1007 
[15:04:28.940] [27163] [WARN ] [error:167]	busi err back, erase task failed, cannot find cache task: f4657242-4696-4d7a-9115-9072a94354e2 !  [THE user: test005] 
[15:04:28.943] [7243 ] [ERROR] [error:157]	got error busi back: 2764e135-52ff-40ca-99f4-bd448e612948, code: 1007 
[15:04:28.943] [7243 ] [WARN ] [error:167]	busi err back, erase task failed, cannot find cache task: 2764e135-52ff-40ca-99f4-bd448e612948 !  [THE user: test005] 
[15:04:28.946] [27163] [ERROR] [error:157]	got error busi back: 09899fee-0c0c-4d40-a080-803011ac71fc, code: 1007 
[15:04:28.946] [27163] [WARN ] [error:167]	busi err back, erase task failed, cannot find cache task: 09899fee-0c0c-4d40-a080-803011ac71fc !  [THE user: test005] 
[15:04:28.948] [7243 ] [ERROR] [error:157]	got error busi back: 2652b7b5-3d25-4d7d-9914-31882369bade, code: 1007 
[15:04:28.948] [7243 ] [WARN ] [error:167]	busi err back, erase task failed, cannot find cache task: 2652b7b5-3d25-4d7d-9914-31882369bade !  [THE user: test005] 
[15:04:28.951] [27163] [ERROR] [error:157]	got error busi back: b8a2ab1f-45fc-4922-87b8-1ccd7cd889e7, code: 1007 
[15:04:28.951] [27163] [WARN ] [error:167]	busi err back, erase task failed, cannot find cache task: b8a2ab1f-45fc-4922-87b8-1ccd7cd889e7 !  [THE user: test005] 
[15:04:28.956] [7243 ] [ERROR] [error:157]	got error busi back: 8b9f8970-4cbc-486a-ba3c-3fab0c1ce464, code: 1007 
[15:04:28.956] [7243 ] [WARN ] [error:167]	busi err back, erase task failed, cannot find cache task: 8b9f8970-4cbc-486a-ba3c-3fab0c1ce464 !  [THE user: test005] 
[15:04:28.958] [27163] [ERROR] [error:157]	got error busi back: c4f2d409-26fd-4af8-b43f-13d534b22a60, code: 1007 
[15:04:28.958] [27163] [WARN ] [error:167]	busi err back, erase task failed, cannot find cache task: c4f2d409-26fd-4af8-b43f-13d534b22a60 !  [THE user: test005] 
[15:04:28.965] [7243 ] [ERROR] [error:157]	got error busi back: ecb0cba0-ff2a-47b9-a8b6-b3ab0a4c5acf, code: 1007 
[15:04:28.965] [7243 ] [WARN ] [error:167]	busi err back, erase task failed, cannot find cache task: ecb0cba0-ff2a-47b9-a8b6-b3ab0a4c5acf !  [THE user: test005] 
[15:04:28.970] [27163] [ERROR] [error:157]	got error busi back: 65067876-29a3-47d3-81ac-eda2771e8aec, code: 1007 
[15:04:28.970] [27163] [WARN ] [error:167]	busi err back, erase task failed, cannot find cache task: 65067876-29a3-47d3-81ac-eda2771e8aec !  [THE user: test005] 
[15:04:28.975] [7243 ] [ERROR] [error:157]	got error busi back: 7ce52cc0-4bda-4d43-9476-86ac639b4062, code: 1007 
[15:04:28.975] [7243 ] [WARN ] [error:167]	busi err back, erase task failed, cannot find cache task: 7ce52cc0-4bda-4d43-9476-86ac639b4062 !  [THE user: test005] 
[15:04:28.980] [27163] [ERROR] [error:157]	got error busi back: 1b2fc0de-14a2-4f4c-84e5-c6459b35ccea, code: 1007 
[15:04:28.980] [27163] [WARN ] [error:167]	busi err back, erase task failed, cannot find cache task: 1b2fc0de-14a2-4f4c-84e5-c6459b35ccea !  [THE user: test005] 
[15:04:28.983] [7243 ] [ERROR] [error:157]	got error busi back: 7f81e4c1-9c24-4689-9391-7d35a354f916, code: 1007 
[15:04:28.983] [7243 ] [WARN ] [error:167]	busi err back, erase task failed, cannot find cache task: 7f81e4c1-9c24-4689-9391-7d35a354f916 !  [THE user: test005] 
[15:04:28.985] [27163] [ERROR] [error:157]	got error busi back: ad15134e-2fb8-4d72-9161-d22158d5f4be, code: 1007 
[15:04:28.985] [27163] [WARN ] [error:167]	busi err back, erase task failed, cannot find cache task: ad15134e-2fb8-4d72-9161-d22158d5f4be !  [THE user: test005] 
[15:04:28.988] [7243 ] [ERROR] [error:157]	got error busi back: 38b38a40-e957-4d86-863b-077c454df5cd, code: 1007 
[15:04:28.989] [7243 ] [WARN ] [error:167]	busi err back, erase task failed, cannot find cache task: 38b38a40-e957-4d86-863b-077c454df5cd !  [THE user: test005] 
[15:04:28.990] [27163] [ERROR] [error:157]	got error busi back: 72c9fccb-5327-40f0-846a-ecd5e094cf65, code: 1007 
[15:04:28.991] [27163] [WARN ] [error:167]	busi err back, erase task failed, cannot find cache task: 72c9fccb-5327-40f0-846a-ecd5e094cf65 !  [THE user: test005] 
[15:04:28.992] [7243 ] [ERROR] [error:157]	got error busi back: d557cf0b-a143-4282-9078-46b1237c36e5, code: 1007 
[15:04:28.993] [7243 ] [WARN ] [error:167]	busi err back, erase task failed, cannot find cache task: d557cf0b-a143-4282-9078-46b1237c36e5 !  [THE user: test005] 
[15:04:28.996] [27163] [ERROR] [error:157]	got error busi back: a519d831-821b-4bd8-bd17-deb938d634f7, code: 1007 
[15:04:28.996] [27163] [WARN ] [error:167]	busi err back, erase task failed, cannot find cache task: a519d831-821b-4bd8-bd17-deb938d634f7 !  [THE user: test005] 
[15:04:29.001] [7243 ] [ERROR] [error:157]	got error busi back: 67cbc25d-5129-4925-841e-60b62761455b, code: 1007 
[15:04:29.001] [7243 ] [WARN ] [error:167]	busi err back, erase task failed, cannot find cache task: 67cbc25d-5129-4925-841e-60b62761455b !  [THE user: test005] 
[15:04:29.009] [27163] [ERROR] [error:157]	got error busi back: 8f269e76-9007-4461-8059-fb0f518784a4, code: 1007 
[15:04:29.009] [27163] [WARN ] [error:167]	busi err back, erase task failed, cannot find cache task: 8f269e76-9007-4461-8059-fb0f518784a4 !  [THE user: test005] 
[15:04:29.011] [7243 ] [ERROR] [error:157]	got error busi back: 05f09f01-154a-4abd-b119-44c188b10efe, code: 1007 
[15:04:29.011] [7243 ] [WARN ] [error:167]	busi err back, erase task failed, cannot find cache task: 05f09f01-154a-4abd-b119-44c188b10efe !  [THE user: test005] 
[15:04:29.014] [27163] [ERROR] [error:157]	got error busi back: 32d1920c-0179-4f71-8ba7-37c68824c8b8, code: 1007 
[15:04:29.014] [27163] [WARN ] [error:167]	busi err back, erase task failed, cannot find cache task: 32d1920c-0179-4f71-8ba7-37c68824c8b8 !  [THE user: test005] 
[15:04:29.015] [7243 ] [ERROR] [error:157]	got error busi back: b75ce889-1aee-4a47-965c-84821696d56e, code: 1007 
[15:04:29.015] [7243 ] [WARN ] [error:167]	busi err back, erase task failed, cannot find cache task: b75ce889-1aee-4a47-965c-84821696d56e !  [THE user: test005] 
[15:04:29.018] [27163] [ERROR] [error:157]	got error busi back: de6bd23f-af51-4210-ab62-77f259fce197, code: 1007 
[15:04:29.018] [27163] [WARN ] [error:167]	busi err back, erase task failed, cannot find cache task: de6bd23f-af51-4210-ab62-77f259fce197 !  [THE user: test005] 
[15:04:29.021] [7243 ] [ERROR] [error:157]	got error busi back: 1634c36e-70d9-43bb-b160-9df4a7f9dc06, code: 1007 
[15:04:29.021] [7243 ] [WARN ] [error:167]	busi err back, erase task failed, cannot find cache task: 1634c36e-70d9-43bb-b160-9df4a7f9dc06 !  [THE user: test005] 
[15:04:29.024] [27163] [ERROR] [error:157]	got error busi back: 896de05b-1068-4f9c-b2a1-2064119c36fd, code: 1007 
[15:04:29.024] [27163] [WARN ] [error:167]	busi err back, erase task failed, cannot find cache task: 896de05b-1068-4f9c-b2a1-2064119c36fd !  [THE user: test005] 
[15:24:52.006] [19346] [WARN ] [~MpcMemPool:48]	the mempool is freed! 
