[14:18:39.064] [7224 ] [INFO ] [JNI_OnLoad:24]	jvm onload success ! 
[14:18:39.064] [7224 ] [INFO ] [init:111]	JniNativeCallback init ok. 
[14:18:39.064] [7224 ] [INFO ] [init:136]	to init engine, user: test005, mode: 0, proxyEndpoint: ProxyGlacier2/router:tcp -h 202.114.114.46 -p 4502 -t 11000 
[14:18:39.064] [7224 ] [WARN ] [init:158]	Cannot find the --Mpc.Data=xxxxx config item ! 
[14:18:39.064] [7224 ] [WARN ] [init:178]	Cannot find the --Mpc.Circuits=xxxxx config item ! not preload circuits !! 
[14:18:39.064] [7224 ] [INFO ] [init:188]	preload circuits ok ! 
[14:18:39.064] [7224 ] [INFO ] [init:212]	Not start node server ! use proxy forward ! 
[14:18:39.065] [7224 ] [INFO ] [MpcTaskDispatcher:39]	construct task dispatcher, with 8 processor, load balence is: 16384 
[14:18:39.065] [7224 ] [INFO ] [init:63]	INIT the processor: 0, type: 0 ok 
[14:18:39.065] [7224 ] [INFO ] [init:63]	INIT the processor: 1, type: 0 ok 
[14:18:39.065] [7235 ] [INFO ] [operator():54]	task processor: 0 is running... 
[14:18:39.065] [7224 ] [INFO ] [init:63]	INIT the processor: 2, type: 0 ok 
[14:18:39.065] [7237 ] [INFO ] [operator():54]	task processor: 2 is running... 
[14:18:39.065] [7238 ] [INFO ] [operator():54]	task processor: 3 is running... 
[14:18:39.065] [7235 ] [INFO ] [popInvitorReadyTask:270]	to POP a ready task from ready invitor queue to processor, now read_num: 0 ... 
[14:18:39.065] [7224 ] [INFO ] [init:63]	INIT the processor: 3, type: 0 ok 
[14:18:39.065] [7236 ] [INFO ] [operator():54]	task processor: 1 is running... 
[14:18:39.065] [7239 ] [INFO ] [operator():54]	task processor: 4 is running... 
[14:18:39.065] [7238 ] [INFO ] [popInvitorReadyTask:270]	to POP a ready task from ready invitor queue to processor, now read_num: 0 ... 
[14:18:39.065] [7224 ] [INFO ] [init:63]	INIT the processor: 4, type: 1 ok 
[14:18:39.065] [7237 ] [INFO ] [popInvitorReadyTask:270]	to POP a ready task from ready invitor queue to processor, now read_num: 0 ... 
[14:18:39.065] [7239 ] [INFO ] [popInviteeReadyTask:208]	to POP a ready task from ready invitee queue to processor, now read_num: 0 ... 
[14:18:39.065] [7224 ] [INFO ] [init:63]	INIT the processor: 5, type: 1 ok 
[14:18:39.065] [7236 ] [INFO ] [popInvitorReadyTask:270]	to POP a ready task from ready invitor queue to processor, now read_num: 0 ... 
[14:18:39.065] [7224 ] [INFO ] [init:63]	INIT the processor: 6, type: 1 ok 
[14:18:39.065] [7240 ] [INFO ] [operator():54]	task processor: 5 is running... 
[14:18:39.066] [7224 ] [INFO ] [init:63]	INIT the processor: 7, type: 1 ok 
[06:18:39.065] [7241 ] [INFO ] [operator():54]	task processor: 6 is running... 
[14:18:39.066] [7242 ] [INFO ] [operator():54]	task processor: 7 is running... 
[14:18:39.066] [7240 ] [INFO ] [popInviteeReadyTask:208]	to POP a ready task from ready invitee queue to processor, now read_num: 0 ... 
[14:18:39.066] [7224 ] [INFO ] [init:234]	INIT task dispatcher done ! 
[14:18:39.066] [7241 ] [INFO ] [popInviteeReadyTask:208]	to POP a ready task from ready invitee queue to processor, now read_num: 0 ... 
[14:18:39.066] [7242 ] [INFO ] [popInviteeReadyTask:208]	to POP a ready task from ready invitee queue to processor, now read_num: 0 ... 
[14:18:39.067] [7224 ] [INFO ] [init:64]	connect to busi proxy server endpoint: ProxyGlacier2/router:tcp -h 202.114.114.46 -p 4502 -t 11000 
[14:18:39.076] [7247 ] [INFO ] [connected:34]	to get session... 
[14:18:39.076] [7247 ] [INFO ] [connected:38]	to get create busi node callback... 
[14:18:39.076] [7247 ] [INFO ] [connected:46]	to set node callback, public endpoint: ProxyGlacier2/router:tcp -h 202.114.114.46 -p 4502 -t 11000, user: test005 ... 
[14:18:39.077] [7247 ] [WARN ] [connected:55]	the busi session create success. 
[14:18:39.572] [7224 ] [INFO ] [init:69]	waiting for node busi client inited ... timeout 1s.. 
[14:18:39.572] [7224 ] [INFO ] [init:74]	the busi node communicator is prepared !!!! 
[14:18:39.572] [7224 ] [INFO ] [init:86]	INIT busi node client success. user: test005, proxyEndpoint: ProxyGlacier2/router:tcp -h 202.114.114.46 -p 4502 -t 11000 
[14:18:39.572] [7224 ] [INFO ] [init:244]	INIT busi node client done ! 
[14:18:39.572] [7224 ] [INFO ] [init:48]	input ready process init ok. 
[14:18:39.572] [7224 ] [INFO ] [init:253]	INIT input ready processor done ! 
[14:18:39.572] [7224 ] [INFO ] [init:48]	ready process init ok. max request queue size: 4 
[14:18:39.572] [7224 ] [INFO ] [init:263]	INIT ready processor done ! 
[14:18:39.572] [7279 ] [INFO ] [popCommitTask:127]	to POP a commit task, task size: 0  ... 
[14:18:39.572] [7224 ] [INFO ] [init:269]	Mpc engine init success. 
[14:18:39.573] [7224 ] [INFO ] [Java_com_juzix_jugo_node_jni_NativeInterface_setDataLogLevel:155]	init the log to level: 3, data log state: 0 
[14:18:41.053] [7245 ] [WARN ] [MpcMemPool:42]	the mempool construction, size: 134217728, mem: 0x7fbf81b80010 
[14:18:41.119] [7240 ] [ERROR] [consumeBuffer:363]	====> the first buffer seq: 1 
[14:18:41.120] [7241 ] [ERROR] [consumeBuffer:363]	====> the first buffer seq: 1 
[14:18:41.121] [7239 ] [ERROR] [consumeBuffer:363]	====> the first buffer seq: 1 
[14:18:41.122] [7242 ] [ERROR] [consumeBuffer:363]	====> the first buffer seq: 1 
[14:18:42.046] [7242 ] [ERROR] [consumeBuffer:363]	====> the first buffer seq: 1 
[14:18:42.142] [7240 ] [ERROR] [consumeBuffer:363]	====> the first buffer seq: 1 
[14:18:42.153] [7239 ] [ERROR] [consumeBuffer:363]	====> the first buffer seq: 1 
[14:18:42.212] [7241 ] [ERROR] [consumeBuffer:363]	====> the first buffer seq: 1 
[14:18:42.950] [7242 ] [ERROR] [consumeBuffer:363]	====> the first buffer seq: 1 
[14:18:43.047] [7240 ] [ERROR] [consumeBuffer:363]	====> the first buffer seq: 1 
[14:18:43.055] [7239 ] [ERROR] [consumeBuffer:363]	====> the first buffer seq: 1 
[14:18:43.209] [7241 ] [ERROR] [consumeBuffer:363]	====> the first buffer seq: 1 
[14:18:43.910] [7242 ] [ERROR] [consumeBuffer:363]	====> the first buffer seq: 1 
[14:18:43.976] [7239 ] [ERROR] [consumeBuffer:363]	====> the first buffer seq: 1 
[14:18:44.005] [7240 ] [ERROR] [consumeBuffer:363]	====> the first buffer seq: 1 
[14:18:44.333] [7241 ] [ERROR] [consumeBuffer:363]	====> the first buffer seq: 1 
[14:18:44.794] [7242 ] [ERROR] [consumeBuffer:363]	====> the first buffer seq: 1 
[14:18:44.945] [7239 ] [ERROR] [consumeBuffer:363]	====> the first buffer seq: 1 
[14:18:44.961] [7240 ] [ERROR] [consumeBuffer:363]	====> the first buffer seq: 1 
[14:18:45.220] [7241 ] [ERROR] [consumeBuffer:363]	====> the first buffer seq: 1 
[14:18:45.685] [7242 ] [ERROR] [consumeBuffer:363]	====> the first buffer seq: 1 
[14:18:45.867] [7240 ] [ERROR] [consumeBuffer:363]	====> the first buffer seq: 1 
[14:18:45.893] [7239 ] [ERROR] [consumeBuffer:363]	====> the first buffer seq: 1 
[14:18:46.130] [7241 ] [ERROR] [consumeBuffer:363]	====> the first buffer seq: 1 
[14:18:46.644] [7242 ] [ERROR] [consumeBuffer:363]	====> the first buffer seq: 1 
[14:18:46.809] [7239 ] [ERROR] [consumeBuffer:363]	====> the first buffer seq: 1 
[14:18:47.009] [7240 ] [ERROR] [consumeBuffer:363]	====> the first buffer seq: 1 
[14:18:47.232] [7241 ] [ERROR] [consumeBuffer:363]	====> the first buffer seq: 1 
[14:18:47.638] [7242 ] [ERROR] [consumeBuffer:363]	====> the first buffer seq: 1 
[14:18:47.801] [7239 ] [ERROR] [consumeBuffer:363]	====> the first buffer seq: 1 
[14:18:47.931] [7240 ] [ERROR] [consumeBuffer:363]	====> the first buffer seq: 1 
[14:18:48.267] [7241 ] [ERROR] [consumeBuffer:363]	====> the first buffer seq: 1 
[14:18:48.590] [7242 ] [ERROR] [consumeBuffer:363]	====> the first buffer seq: 1 
[14:18:48.762] [7239 ] [ERROR] [consumeBuffer:363]	====> the first buffer seq: 1 
[14:18:49.035] [7240 ] [ERROR] [consumeBuffer:363]	====> the first buffer seq: 1 
[14:18:49.342] [7241 ] [ERROR] [consumeBuffer:363]	====> the first buffer seq: 1 
[14:18:49.664] [7242 ] [ERROR] [consumeBuffer:363]	====> the first buffer seq: 1 
[14:18:49.781] [7239 ] [ERROR] [consumeBuffer:363]	====> the first buffer seq: 1 
[14:18:50.087] [7240 ] [ERROR] [consumeBuffer:363]	====> the first buffer seq: 1 
[14:18:50.391] [7241 ] [ERROR] [consumeBuffer:363]	====> the first buffer seq: 1 
[14:18:50.676] [7242 ] [ERROR] [consumeBuffer:363]	====> the first buffer seq: 1 
[14:18:50.702] [7239 ] [ERROR] [consumeBuffer:363]	====> the first buffer seq: 1 
[14:18:51.041] [7240 ] [ERROR] [consumeBuffer:363]	====> the first buffer seq: 1 
[14:18:51.335] [7241 ] [ERROR] [consumeBuffer:363]	====> the first buffer seq: 1 
[14:18:51.608] [7239 ] [ERROR] [consumeBuffer:363]	====> the first buffer seq: 1 
[14:18:51.741] [7242 ] [ERROR] [consumeBuffer:363]	====> the first buffer seq: 1 
[14:18:52.077] [7240 ] [ERROR] [consumeBuffer:363]	====> the first buffer seq: 1 
[14:18:52.293] [7241 ] [ERROR] [consumeBuffer:363]	====> the first buffer seq: 1 
[14:18:52.510] [7239 ] [ERROR] [consumeBuffer:363]	====> the first buffer seq: 1 
[14:18:52.629] [7242 ] [ERROR] [consumeBuffer:363]	====> the first buffer seq: 1 
[14:18:53.027] [7240 ] [ERROR] [consumeBuffer:363]	====> the first buffer seq: 1 
[14:18:53.243] [7241 ] [ERROR] [consumeBuffer:363]	====> the first buffer seq: 1 
[14:18:53.367] [7239 ] [ERROR] [consumeBuffer:363]	====> the first buffer seq: 1 
[14:18:53.533] [7242 ] [ERROR] [consumeBuffer:363]	====> the first buffer seq: 1 
[14:18:53.853] [7240 ] [ERROR] [consumeBuffer:363]	====> the first buffer seq: 1 
[14:18:54.253] [7239 ] [ERROR] [consumeBuffer:363]	====> the first buffer seq: 1 
[14:18:54.274] [7241 ] [ERROR] [consumeBuffer:363]	====> the first buffer seq: 1 
[14:18:54.499] [7242 ] [ERROR] [consumeBuffer:363]	====> the first buffer seq: 1 
[14:18:54.767] [7240 ] [ERROR] [consumeBuffer:363]	====> the first buffer seq: 1 
[14:18:55.114] [7239 ] [ERROR] [consumeBuffer:363]	====> the first buffer seq: 1 
[14:18:55.313] [7241 ] [ERROR] [consumeBuffer:363]	====> the first buffer seq: 1 
[14:18:55.448] [7242 ] [ERROR] [consumeBuffer:363]	====> the first buffer seq: 1 
[14:18:55.626] [7240 ] [ERROR] [consumeBuffer:363]	====> the first buffer seq: 1 
[14:18:55.000] [7239 ] [ERROR] [consumeBuffer:363]	====> the first buffer seq: 1 
[14:18:56.369] [7241 ] [ERROR] [consumeBuffer:363]	====> the first buffer seq: 1 
[14:18:56.505] [7242 ] [ERROR] [consumeBuffer:363]	====> the first buffer seq: 1 
[14:18:56.520] [7240 ] [ERROR] [consumeBuffer:363]	====> the first buffer seq: 1 
[14:18:56.889] [7239 ] [ERROR] [consumeBuffer:363]	====> the first buffer seq: 1 
[14:18:57.196] [7241 ] [ERROR] [consumeBuffer:363]	====> the first buffer seq: 1 
[14:18:57.361] [7240 ] [ERROR] [consumeBuffer:363]	====> the first buffer seq: 1 
[14:18:57.438] [7242 ] [ERROR] [consumeBuffer:363]	====> the first buffer seq: 1 
[14:18:57.822] [7239 ] [ERROR] [consumeBuffer:363]	====> the first buffer seq: 1 
[14:18:58.077] [7241 ] [ERROR] [consumeBuffer:363]	====> the first buffer seq: 1 
[14:18:58.230] [7240 ] [ERROR] [consumeBuffer:363]	====> the first buffer seq: 1 
[14:18:58.351] [7242 ] [ERROR] [consumeBuffer:363]	====> the first buffer seq: 1 
[14:18:58.773] [7239 ] [ERROR] [consumeBuffer:363]	====> the first buffer seq: 1 
[14:18:58.000] [7241 ] [ERROR] [consumeBuffer:363]	====> the first buffer seq: 1 
[14:18:59.088] [7240 ] [ERROR] [consumeBuffer:363]	====> the first buffer seq: 1 
[14:18:59.395] [7242 ] [ERROR] [consumeBuffer:363]	====> the first buffer seq: 1 
[14:18:59.762] [7239 ] [ERROR] [consumeBuffer:363]	====> the first buffer seq: 1 
[14:18:59.937] [7241 ] [ERROR] [consumeBuffer:363]	====> the first buffer seq: 1 
[14:19:00.012] [7240 ] [ERROR] [consumeBuffer:363]	====> the first buffer seq: 1 
[14:19:00.361] [7242 ] [ERROR] [consumeBuffer:363]	====> the first buffer seq: 1 
[14:19:00.593] [7239 ] [ERROR] [consumeBuffer:363]	====> the first buffer seq: 1 
[14:19:00.947] [7241 ] [ERROR] [consumeBuffer:363]	====> the first buffer seq: 1 
[14:19:00.958] [7240 ] [ERROR] [consumeBuffer:363]	====> the first buffer seq: 1 
[14:19:01.297] [7242 ] [ERROR] [consumeBuffer:363]	====> the first buffer seq: 1 
[14:19:01.503] [7239 ] [ERROR] [consumeBuffer:363]	====> the first buffer seq: 1 
[14:19:01.883] [7240 ] [ERROR] [consumeBuffer:363]	====> the first buffer seq: 1 
[14:19:01.927] [7241 ] [ERROR] [consumeBuffer:363]	====> the first buffer seq: 1 
[14:19:02.180] [7242 ] [ERROR] [consumeBuffer:363]	====> the first buffer seq: 1 
[14:19:02.503] [7239 ] [ERROR] [consumeBuffer:363]	====> the first buffer seq: 1 
[14:19:02.749] [7241 ] [ERROR] [consumeBuffer:363]	====> the first buffer seq: 1 
[14:19:02.895] [7240 ] [ERROR] [consumeBuffer:363]	====> the first buffer seq: 1 
[14:19:03.150] [7242 ] [ERROR] [consumeBuffer:363]	====> the first buffer seq: 1 
[14:19:03.383] [7239 ] [ERROR] [consumeBuffer:363]	====> the first buffer seq: 1 
[14:19:03.614] [7241 ] [ERROR] [consumeBuffer:363]	====> the first buffer seq: 1 
[14:19:03.883] [7240 ] [ERROR] [consumeBuffer:363]	====> the first buffer seq: 1 
[14:19:04.141] [7242 ] [ERROR] [consumeBuffer:363]	====> the first buffer seq: 1 
[14:19:04.310] [7239 ] [ERROR] [consumeBuffer:363]	====> the first buffer seq: 1 
[14:23:38.035] [7246 ] [ERROR] [error:157]	got error busi back: 6b2e6ac5-26cb-4cd7-95f3-8f3ad793c479, code: 1007 
[14:23:38.035] [7246 ] [WARN ] [error:167]	busi err back, erase task failed, cannot find cache task: 6b2e6ac5-26cb-4cd7-95f3-8f3ad793c479 !  [THE user: test005] 
[14:23:38.037] [2803 ] [ERROR] [error:157]	got error busi back: 70330a65-d93a-43db-8237-0a56485612ed, code: 1007 
[14:23:38.037] [2803 ] [WARN ] [error:167]	busi err back, erase task failed, cannot find cache task: 70330a65-d93a-43db-8237-0a56485612ed !  [THE user: test005] 
[14:23:38.040] [7246 ] [ERROR] [error:157]	got error busi back: fb9a4c69-b2d5-4b90-b7e4-c5b2350767af, code: 1007 
[14:23:38.040] [7246 ] [WARN ] [error:167]	busi err back, erase task failed, cannot find cache task: fb9a4c69-b2d5-4b90-b7e4-c5b2350767af !  [THE user: test005] 
[14:23:38.041] [2803 ] [ERROR] [error:157]	got error busi back: a8767e9d-87e2-4457-ad09-82c1359f3c7a, code: 1007 
[14:23:38.041] [2803 ] [WARN ] [error:167]	busi err back, erase task failed, cannot find cache task: a8767e9d-87e2-4457-ad09-82c1359f3c7a !  [THE user: test005] 
[14:23:38.043] [7246 ] [ERROR] [error:157]	got error busi back: b80cf794-5363-43b3-bf30-68c0abecc682, code: 1007 
[14:23:38.043] [7246 ] [WARN ] [error:167]	busi err back, erase task failed, cannot find cache task: b80cf794-5363-43b3-bf30-68c0abecc682 !  [THE user: test005] 
[14:23:38.045] [2803 ] [ERROR] [error:157]	got error busi back: 8febf2bb-614e-4e04-8b57-38e602c7a2a9, code: 1007 
[14:23:38.045] [2803 ] [WARN ] [error:167]	busi err back, erase task failed, cannot find cache task: 8febf2bb-614e-4e04-8b57-38e602c7a2a9 !  [THE user: test005] 
[14:23:38.047] [7246 ] [ERROR] [error:157]	got error busi back: 6f1c8279-019e-4b43-8172-67d733408c80, code: 1007 
[14:23:38.047] [7246 ] [WARN ] [error:167]	busi err back, erase task failed, cannot find cache task: 6f1c8279-019e-4b43-8172-67d733408c80 !  [THE user: test005] 
[14:23:38.049] [2803 ] [ERROR] [error:157]	got error busi back: a0d14dec-680b-41bb-9022-011f427a7eaa, code: 1007 
[14:23:38.049] [2803 ] [WARN ] [error:167]	busi err back, erase task failed, cannot find cache task: a0d14dec-680b-41bb-9022-011f427a7eaa !  [THE user: test005] 
[14:23:38.050] [7246 ] [ERROR] [error:157]	got error busi back: e8ba73c7-7bfb-498e-9e39-013a57932832, code: 1007 
[14:23:38.050] [7246 ] [WARN ] [error:167]	busi err back, erase task failed, cannot find cache task: e8ba73c7-7bfb-498e-9e39-013a57932832 !  [THE user: test005] 
[14:23:38.052] [2803 ] [ERROR] [error:157]	got error busi back: 954c35e6-5c58-45ea-a150-390ff8b0f0fc, code: 1007 
[14:23:38.052] [2803 ] [WARN ] [error:167]	busi err back, erase task failed, cannot find cache task: 954c35e6-5c58-45ea-a150-390ff8b0f0fc !  [THE user: test005] 
[14:23:38.054] [7246 ] [ERROR] [error:157]	got error busi back: 65d0cd7d-315f-4819-9d44-2f2d1f0b8679, code: 1007 
[14:23:38.054] [7246 ] [WARN ] [error:167]	busi err back, erase task failed, cannot find cache task: 65d0cd7d-315f-4819-9d44-2f2d1f0b8679 !  [THE user: test005] 
[14:23:38.055] [2803 ] [ERROR] [error:157]	got error busi back: 0515b4f5-108b-44cc-9cec-a3d84f0a1239, code: 1007 
[14:23:38.055] [2803 ] [WARN ] [error:167]	busi err back, erase task failed, cannot find cache task: 0515b4f5-108b-44cc-9cec-a3d84f0a1239 !  [THE user: test005] 
[14:23:38.056] [7246 ] [ERROR] [error:157]	got error busi back: ae69f4f5-3052-4d75-8e1f-e6d5e378e201, code: 1007 
[14:23:38.056] [7246 ] [WARN ] [error:167]	busi err back, erase task failed, cannot find cache task: ae69f4f5-3052-4d75-8e1f-e6d5e378e201 !  [THE user: test005] 
[14:23:38.058] [2803 ] [ERROR] [error:157]	got error busi back: 5a3adc1c-4c0f-4e66-98ca-3485c195f5f7, code: 1007 
[14:23:38.058] [2803 ] [WARN ] [error:167]	busi err back, erase task failed, cannot find cache task: 5a3adc1c-4c0f-4e66-98ca-3485c195f5f7 !  [THE user: test005] 
[14:23:38.061] [7246 ] [ERROR] [error:157]	got error busi back: 3c70d5ac-3389-4177-9db1-84363c0e106b, code: 1007 
[14:23:38.061] [7246 ] [WARN ] [error:167]	busi err back, erase task failed, cannot find cache task: 3c70d5ac-3389-4177-9db1-84363c0e106b !  [THE user: test005] 
[14:23:38.063] [2803 ] [ERROR] [error:157]	got error busi back: bf39589f-839f-49d1-a2d9-a079547d5f56, code: 1007 
[14:23:38.063] [2803 ] [WARN ] [error:167]	busi err back, erase task failed, cannot find cache task: bf39589f-839f-49d1-a2d9-a079547d5f56 !  [THE user: test005] 
[14:23:38.064] [7246 ] [ERROR] [error:157]	got error busi back: 8b9b3112-03e2-4fa4-9fd8-a6b300434329, code: 1007 
[14:23:38.064] [7246 ] [WARN ] [error:167]	busi err back, erase task failed, cannot find cache task: 8b9b3112-03e2-4fa4-9fd8-a6b300434329 !  [THE user: test005] 
[14:23:38.065] [2803 ] [ERROR] [error:157]	got error busi back: 0aaca994-5d32-443c-a312-a54e5ba0c191, code: 1007 
[14:23:38.065] [2803 ] [WARN ] [error:167]	busi err back, erase task failed, cannot find cache task: 0aaca994-5d32-443c-a312-a54e5ba0c191 !  [THE user: test005] 
[14:23:38.066] [7246 ] [ERROR] [error:157]	got error busi back: f4657242-4696-4d7a-9115-9072a94354e2, code: 1007 
[14:23:38.066] [7246 ] [WARN ] [error:167]	busi err back, erase task failed, cannot find cache task: f4657242-4696-4d7a-9115-9072a94354e2 !  [THE user: test005] 
[14:23:38.069] [2803 ] [ERROR] [error:157]	got error busi back: 2764e135-52ff-40ca-99f4-bd448e612948, code: 1007 
[14:23:38.069] [2803 ] [WARN ] [error:167]	busi err back, erase task failed, cannot find cache task: 2764e135-52ff-40ca-99f4-bd448e612948 !  [THE user: test005] 
[14:23:38.071] [7246 ] [ERROR] [error:157]	got error busi back: 7c4d57ac-6d96-4c7f-8843-4d877c7107d4, code: 1007 
[14:23:38.072] [7246 ] [WARN ] [error:167]	busi err back, erase task failed, cannot find cache task: 7c4d57ac-6d96-4c7f-8843-4d877c7107d4 !  [THE user: test005] 
[14:23:38.074] [2803 ] [ERROR] [error:157]	got error busi back: 09899fee-0c0c-4d40-a080-803011ac71fc, code: 1007 
[14:23:38.074] [2803 ] [WARN ] [error:167]	busi err back, erase task failed, cannot find cache task: 09899fee-0c0c-4d40-a080-803011ac71fc !  [THE user: test005] 
[14:23:38.075] [7246 ] [ERROR] [error:157]	got error busi back: 2652b7b5-3d25-4d7d-9914-31882369bade, code: 1007 
[14:23:38.075] [7246 ] [WARN ] [error:167]	busi err back, erase task failed, cannot find cache task: 2652b7b5-3d25-4d7d-9914-31882369bade !  [THE user: test005] 
[14:23:38.077] [2803 ] [ERROR] [error:157]	got error busi back: cf9f8857-cb75-4011-8214-9dc101597c85, code: 1007 
[14:23:38.077] [2803 ] [WARN ] [error:167]	busi err back, erase task failed, cannot find cache task: cf9f8857-cb75-4011-8214-9dc101597c85 !  [THE user: test005] 
[14:23:38.078] [7246 ] [ERROR] [error:157]	got error busi back: b8a2ab1f-45fc-4922-87b8-1ccd7cd889e7, code: 1007 
[14:23:38.078] [7246 ] [WARN ] [error:167]	busi err back, erase task failed, cannot find cache task: b8a2ab1f-45fc-4922-87b8-1ccd7cd889e7 !  [THE user: test005] 
[14:23:38.080] [2803 ] [ERROR] [error:157]	got error busi back: 8b9f8970-4cbc-486a-ba3c-3fab0c1ce464, code: 1007 
[14:23:38.080] [2803 ] [WARN ] [error:167]	busi err back, erase task failed, cannot find cache task: 8b9f8970-4cbc-486a-ba3c-3fab0c1ce464 !  [THE user: test005] 
[14:23:38.082] [7246 ] [ERROR] [error:157]	got error busi back: 68a7d0d1-64aa-475b-b41d-89956eedf026, code: 1007 
[14:23:38.082] [7246 ] [WARN ] [error:167]	busi err back, erase task failed, cannot find cache task: 68a7d0d1-64aa-475b-b41d-89956eedf026 !  [THE user: test005] 
[14:23:38.083] [2803 ] [ERROR] [error:157]	got error busi back: c4f2d409-26fd-4af8-b43f-13d534b22a60, code: 1007 
[14:23:38.083] [2803 ] [WARN ] [error:167]	busi err back, erase task failed, cannot find cache task: c4f2d409-26fd-4af8-b43f-13d534b22a60 !  [THE user: test005] 
[14:23:38.091] [7246 ] [ERROR] [error:157]	got error busi back: ec623c08-c951-49a7-a317-ada5e9b923e5, code: 1007 
[14:23:38.091] [7246 ] [WARN ] [error:167]	busi err back, erase task failed, cannot find cache task: ec623c08-c951-49a7-a317-ada5e9b923e5 !  [THE user: test005] 
[14:23:38.092] [2803 ] [ERROR] [error:157]	got error busi back: ecb0cba0-ff2a-47b9-a8b6-b3ab0a4c5acf, code: 1007 
[14:23:38.092] [2803 ] [WARN ] [error:167]	busi err back, erase task failed, cannot find cache task: ecb0cba0-ff2a-47b9-a8b6-b3ab0a4c5acf !  [THE user: test005] 
[14:23:38.094] [7246 ] [ERROR] [error:157]	got error busi back: 65067876-29a3-47d3-81ac-eda2771e8aec, code: 1007 
[14:23:38.094] [7246 ] [WARN ] [error:167]	busi err back, erase task failed, cannot find cache task: 65067876-29a3-47d3-81ac-eda2771e8aec !  [THE user: test005] 
[14:23:38.095] [2803 ] [ERROR] [error:157]	got error busi back: 427d1883-8527-4985-bbcc-4ac757382c36, code: 1007 
[14:23:38.095] [2803 ] [WARN ] [error:167]	busi err back, erase task failed, cannot find cache task: 427d1883-8527-4985-bbcc-4ac757382c36 !  [THE user: test005] 
[14:23:38.097] [7246 ] [ERROR] [error:157]	got error busi back: d9d56a04-9915-4d2f-b400-eceab046ff24, code: 1007 
[14:23:38.097] [7246 ] [WARN ] [error:167]	busi err back, erase task failed, cannot find cache task: d9d56a04-9915-4d2f-b400-eceab046ff24 !  [THE user: test005] 
[14:23:38.099] [2803 ] [ERROR] [error:157]	got error busi back: 7ce52cc0-4bda-4d43-9476-86ac639b4062, code: 1007 
[14:23:38.099] [2803 ] [WARN ] [error:167]	busi err back, erase task failed, cannot find cache task: 7ce52cc0-4bda-4d43-9476-86ac639b4062 !  [THE user: test005] 
[14:23:38.100] [7246 ] [ERROR] [error:157]	got error busi back: f4be1b3e-71a1-437f-b900-625a3c9e3209, code: 1007 
[14:23:38.100] [7246 ] [WARN ] [error:167]	busi err back, erase task failed, cannot find cache task: f4be1b3e-71a1-437f-b900-625a3c9e3209 !  [THE user: test005] 
[14:23:38.102] [2803 ] [ERROR] [error:157]	got error busi back: 1b2fc0de-14a2-4f4c-84e5-c6459b35ccea, code: 1007 
[14:23:38.102] [2803 ] [WARN ] [error:167]	busi err back, erase task failed, cannot find cache task: 1b2fc0de-14a2-4f4c-84e5-c6459b35ccea !  [THE user: test005] 
[14:23:38.104] [7246 ] [ERROR] [error:157]	got error busi back: 7f81e4c1-9c24-4689-9391-7d35a354f916, code: 1007 
[14:23:38.104] [7246 ] [WARN ] [error:167]	busi err back, erase task failed, cannot find cache task: 7f81e4c1-9c24-4689-9391-7d35a354f916 !  [THE user: test005] 
[14:23:38.105] [2803 ] [ERROR] [error:157]	got error busi back: 95fe8a18-7b14-4e32-8124-77d8e66be2be, code: 1007 
[14:23:38.105] [2803 ] [WARN ] [error:167]	busi err back, erase task failed, cannot find cache task: 95fe8a18-7b14-4e32-8124-77d8e66be2be !  [THE user: test005] 
[14:23:38.107] [7246 ] [ERROR] [error:157]	got error busi back: ad15134e-2fb8-4d72-9161-d22158d5f4be, code: 1007 
[14:23:38.107] [7246 ] [WARN ] [error:167]	busi err back, erase task failed, cannot find cache task: ad15134e-2fb8-4d72-9161-d22158d5f4be !  [THE user: test005] 
[14:23:38.108] [2803 ] [ERROR] [error:157]	got error busi back: f151e78d-5c47-491c-8eec-31555937e04f, code: 1007 
[14:23:38.108] [2803 ] [WARN ] [error:167]	busi err back, erase task failed, cannot find cache task: f151e78d-5c47-491c-8eec-31555937e04f !  [THE user: test005] 
[14:23:38.110] [7246 ] [ERROR] [error:157]	got error busi back: 475754ca-ad72-44f8-b208-2ce3deb7a6b0, code: 1007 
[14:23:38.110] [7246 ] [WARN ] [error:167]	busi err back, erase task failed, cannot find cache task: 475754ca-ad72-44f8-b208-2ce3deb7a6b0 !  [THE user: test005] 
[14:23:38.111] [2803 ] [ERROR] [error:157]	got error busi back: a2ff0e37-02a7-4ae8-8a9c-47ccc4e59d5f, code: 1007 
[14:23:38.111] [2803 ] [WARN ] [error:167]	busi err back, erase task failed, cannot find cache task: a2ff0e37-02a7-4ae8-8a9c-47ccc4e59d5f !  [THE user: test005] 
[14:23:38.113] [7246 ] [ERROR] [error:157]	got error busi back: 38b38a40-e957-4d86-863b-077c454df5cd, code: 1007 
[14:23:38.113] [7246 ] [WARN ] [error:167]	busi err back, erase task failed, cannot find cache task: 38b38a40-e957-4d86-863b-077c454df5cd !  [THE user: test005] 
[14:23:38.114] [2803 ] [ERROR] [error:157]	got error busi back: 72c9fccb-5327-40f0-846a-ecd5e094cf65, code: 1007 
[14:23:38.114] [2803 ] [WARN ] [error:167]	busi err back, erase task failed, cannot find cache task: 72c9fccb-5327-40f0-846a-ecd5e094cf65 !  [THE user: test005] 
[14:23:38.115] [7246 ] [ERROR] [error:157]	got error busi back: d557cf0b-a143-4282-9078-46b1237c36e5, code: 1007 
[14:23:38.115] [7246 ] [WARN ] [error:167]	busi err back, erase task failed, cannot find cache task: d557cf0b-a143-4282-9078-46b1237c36e5 !  [THE user: test005] 
[14:23:38.116] [2803 ] [ERROR] [error:157]	got error busi back: 6ef63bae-05df-4063-aff0-17dc6e16bc0f, code: 1007 
[14:23:38.117] [2803 ] [WARN ] [error:167]	busi err back, erase task failed, cannot find cache task: 6ef63bae-05df-4063-aff0-17dc6e16bc0f !  [THE user: test005] 
[14:23:38.118] [7246 ] [ERROR] [error:157]	got error busi back: a519d831-821b-4bd8-bd17-deb938d634f7, code: 1007 
[14:23:38.118] [7246 ] [WARN ] [error:167]	busi err back, erase task failed, cannot find cache task: a519d831-821b-4bd8-bd17-deb938d634f7 !  [THE user: test005] 
[14:23:38.121] [2803 ] [ERROR] [error:157]	got error busi back: 648767ba-672c-48b7-a98f-6f44b5459a51, code: 1007 
[14:23:38.121] [2803 ] [WARN ] [error:167]	busi err back, erase task failed, cannot find cache task: 648767ba-672c-48b7-a98f-6f44b5459a51 !  [THE user: test005] 
[14:23:38.122] [7246 ] [ERROR] [error:157]	got error busi back: 67cbc25d-5129-4925-841e-60b62761455b, code: 1007 
[14:23:38.122] [7246 ] [WARN ] [error:167]	busi err back, erase task failed, cannot find cache task: 67cbc25d-5129-4925-841e-60b62761455b !  [THE user: test005] 
[14:23:38.125] [2803 ] [ERROR] [error:157]	got error busi back: 938839f0-27a9-4d38-8ec3-66edbc98d52c, code: 1007 
[14:23:38.125] [2803 ] [WARN ] [error:167]	busi err back, erase task failed, cannot find cache task: 938839f0-27a9-4d38-8ec3-66edbc98d52c !  [THE user: test005] 
[14:23:38.126] [7246 ] [ERROR] [error:157]	got error busi back: 0eb18384-8338-412f-b04f-82f7aeafb9b0, code: 1007 
[14:23:38.126] [7246 ] [WARN ] [error:167]	busi err back, erase task failed, cannot find cache task: 0eb18384-8338-412f-b04f-82f7aeafb9b0 !  [THE user: test005] 
[14:23:38.128] [2803 ] [ERROR] [error:157]	got error busi back: 8f269e76-9007-4461-8059-fb0f518784a4, code: 1007 
[14:23:38.128] [2803 ] [WARN ] [error:167]	busi err back, erase task failed, cannot find cache task: 8f269e76-9007-4461-8059-fb0f518784a4 !  [THE user: test005] 
[14:23:38.129] [7246 ] [ERROR] [error:157]	got error busi back: 05f09f01-154a-4abd-b119-44c188b10efe, code: 1007 
[14:23:38.129] [7246 ] [WARN ] [error:167]	busi err back, erase task failed, cannot find cache task: 05f09f01-154a-4abd-b119-44c188b10efe !  [THE user: test005] 
[14:23:38.131] [2803 ] [ERROR] [error:157]	got error busi back: 916d8d5c-6e6a-46d3-9441-ee7971104f4c, code: 1007 
[14:23:38.131] [2803 ] [WARN ] [error:167]	busi err back, erase task failed, cannot find cache task: 916d8d5c-6e6a-46d3-9441-ee7971104f4c !  [THE user: test005] 
[14:23:38.133] [7246 ] [ERROR] [error:157]	got error busi back: 32d1920c-0179-4f71-8ba7-37c68824c8b8, code: 1007 
[14:23:38.133] [7246 ] [WARN ] [error:167]	busi err back, erase task failed, cannot find cache task: 32d1920c-0179-4f71-8ba7-37c68824c8b8 !  [THE user: test005] 
[14:23:38.134] [2803 ] [ERROR] [error:157]	got error busi back: b75ce889-1aee-4a47-965c-84821696d56e, code: 1007 
[14:23:38.134] [2803 ] [WARN ] [error:167]	busi err back, erase task failed, cannot find cache task: b75ce889-1aee-4a47-965c-84821696d56e !  [THE user: test005] 
[14:23:38.137] [7246 ] [ERROR] [error:157]	got error busi back: de6bd23f-af51-4210-ab62-77f259fce197, code: 1007 
[14:23:38.137] [7246 ] [WARN ] [error:167]	busi err back, erase task failed, cannot find cache task: de6bd23f-af51-4210-ab62-77f259fce197 !  [THE user: test005] 
[14:23:38.138] [2803 ] [ERROR] [error:157]	got error busi back: 43ed7316-30c5-483c-a8fc-42fabd15a75d, code: 1007 
[14:23:38.138] [2803 ] [WARN ] [error:167]	busi err back, erase task failed, cannot find cache task: 43ed7316-30c5-483c-a8fc-42fabd15a75d !  [THE user: test005] 
[14:23:38.139] [7246 ] [ERROR] [error:157]	got error busi back: 1634c36e-70d9-43bb-b160-9df4a7f9dc06, code: 1007 
[14:23:38.139] [7246 ] [WARN ] [error:167]	busi err back, erase task failed, cannot find cache task: 1634c36e-70d9-43bb-b160-9df4a7f9dc06 !  [THE user: test005] 
[14:23:38.141] [2803 ] [ERROR] [error:157]	got error busi back: 896de05b-1068-4f9c-b2a1-2064119c36fd, code: 1007 
[14:23:38.141] [2803 ] [WARN ] [error:167]	busi err back, erase task failed, cannot find cache task: 896de05b-1068-4f9c-b2a1-2064119c36fd !  [THE user: test005] 
[14:28:20.112] [1162 ] [WARN ] [~MpcMemPool:48]	the mempool is freed! 
