[20:16:26.194] [26248] [INFO ] [JNI_OnLoad:24]	jvm onload success ! 
[20:16:26.195] [26248] [INFO ] [init:111]	JniNativeCallback init ok. 
[20:16:26.195] [26248] [INFO ] [init:136]	to init engine, user: test001, mode: 0, proxyEndpoint: ProxyGlacier2/router:tcp -h 202.114.114.46 -p 4502 -t 11000 
[20:16:26.195] [26248] [WARN ] [init:158]	Cannot find the --Mpc.Data=xxxxx config item ! 
[20:16:26.195] [26248] [WARN ] [init:178]	Cannot find the --Mpc.Circuits=xxxxx config item ! not preload circuits !! 
[20:16:26.195] [26248] [INFO ] [init:188]	preload circuits ok ! 
[20:16:26.195] [26248] [INFO ] [init:212]	Not start node server ! use proxy forward ! 
[20:16:26.195] [26248] [INFO ] [MpcTaskDispatcher:39]	construct task dispatcher, with 8 processor, load balence is: 16384 
[20:16:26.195] [26248] [INFO ] [init:63]	INIT the processor: 0, type: 0 ok 
[20:16:26.195] [26248] [INFO ] [init:63]	INIT the processor: 1, type: 0 ok 
[20:16:26.195] [26248] [INFO ] [init:63]	INIT the processor: 2, type: 0 ok 
[20:16:26.195] [26265] [INFO ] [operator():54]	task processor: 1 is running... 
[20:16:26.195] [26248] [INFO ] [init:63]	INIT the processor: 3, type: 0 ok 
[20:16:26.195] [26264] [INFO ] [operator():54]	task processor: 0 is running... 
[20:16:26.195] [26267] [INFO ] [operator():54]	task processor: 3 is running... 
[20:16:26.195] [26265] [INFO ] [popInvitorReadyTask:270]	to POP a ready task from ready invitor queue to processor, now read_num: 0 ... 
[20:16:26.195] [26266] [INFO ] [operator():54]	task processor: 2 is running... 
[20:16:26.195] [26248] [INFO ] [init:63]	INIT the processor: 4, type: 1 ok 
[20:16:26.195] [26248] [INFO ] [init:63]	INIT the processor: 5, type: 1 ok 
[20:16:26.195] [26268] [INFO ] [operator():54]	task processor: 4 is running... 
[20:16:26.196] [26270] [INFO ] [operator():54]	task processor: 6 is running... 
[20:16:26.196] [26268] [INFO ] [popInviteeReadyTask:208]	to POP a ready task from ready invitee queue to processor, now read_num: 0 ... 
[20:16:26.195] [26266] [INFO ] [popInvitorReadyTask:270]	to POP a ready task from ready invitor queue to processor, now read_num: 0 ... 
[20:16:26.195] [26269] [INFO ] [operator():54]	task processor: 5 is running... 
[20:16:26.195] [26264] [INFO ] [popInvitorReadyTask:270]	to POP a ready task from ready invitor queue to processor, now read_num: 0 ... 
[20:16:26.196] [26248] [INFO ] [init:63]	INIT the processor: 6, type: 1 ok 
[20:16:26.196] [26269] [INFO ] [popInviteeReadyTask:208]	to POP a ready task from ready invitee queue to processor, now read_num: 0 ... 
[20:16:26.196] [26270] [INFO ] [popInviteeReadyTask:208]	to POP a ready task from ready invitee queue to processor, now read_num: 0 ... 
[20:16:26.196] [26248] [INFO ] [init:63]	INIT the processor: 7, type: 1 ok 
[20:16:26.196] [26248] [INFO ] [init:234]	INIT task dispatcher done ! 
[20:16:26.195] [26267] [INFO ] [popInvitorReadyTask:270]	to POP a ready task from ready invitor queue to processor, now read_num: 0 ... 
[20:16:26.196] [26271] [INFO ] [operator():54]	task processor: 7 is running... 
[20:16:26.196] [26271] [INFO ] [popInviteeReadyTask:208]	to POP a ready task from ready invitee queue to processor, now read_num: 0 ... 
[20:16:26.197] [26248] [INFO ] [init:64]	connect to busi proxy server endpoint: ProxyGlacier2/router:tcp -h 202.114.114.46 -p 4502 -t 11000 
[20:16:26.215] [26276] [INFO ] [connected:34]	to get session... 
[20:16:26.215] [26276] [INFO ] [connected:38]	to get create busi node callback... 
[20:16:26.215] [26276] [INFO ] [connected:46]	to set node callback, public endpoint: ProxyGlacier2/router:tcp -h 202.114.114.46 -p 4502 -t 11000, user: test001 ... 
[20:16:26.218] [26276] [WARN ] [connected:55]	the busi session create success. 
[20:16:26.703] [26248] [INFO ] [init:69]	waiting for node busi client inited ... timeout 1s.. 
[20:16:26.703] [26248] [INFO ] [init:74]	the busi node communicator is prepared !!!! 
[20:16:26.703] [26248] [INFO ] [init:86]	INIT busi node client success. user: test001, proxyEndpoint: ProxyGlacier2/router:tcp -h 202.114.114.46 -p 4502 -t 11000 
[20:16:26.703] [26248] [INFO ] [init:244]	INIT busi node client done ! 
[20:16:26.703] [26248] [INFO ] [init:48]	input ready process init ok. 
[20:16:26.703] [26248] [INFO ] [init:253]	INIT input ready processor done ! 
[20:16:26.703] [26248] [INFO ] [init:48]	ready process init ok. max request queue size: 4 
[20:16:26.703] [26248] [INFO ] [init:263]	INIT ready processor done ! 
[20:16:26.703] [26248] [INFO ] [init:269]	Mpc engine init success. 
[20:16:26.705] [26248] [INFO ] [Java_com_juzix_jugo_node_jni_NativeInterface_setDataLogLevel:155]	init the log to level: 3, data log state: 0 
[20:37:06.699] [26275] [WARN ] [MpcMemPool:42]	the mempool construction, size: 134217728, mem: 0x7f174f55c010 
[20:37:08.454] [26271] [ERROR] [consumeBuffer:363]	====> the first buffer seq: 1 
[20:37:08.456] [26269] [ERROR] [consumeBuffer:363]	====> the first buffer seq: 1 
[20:37:08.457] [26268] [ERROR] [consumeBuffer:363]	====> the first buffer seq: 1 
[20:37:08.465] [26270] [ERROR] [consumeBuffer:363]	====> the first buffer seq: 1 
[20:37:21.424] [26270] [ERROR] [consumeBuffer:363]	====> the first buffer seq: 1 
[20:37:21.427] [26269] [ERROR] [consumeBuffer:363]	====> the first buffer seq: 1 
[20:37:21.437] [26271] [ERROR] [consumeBuffer:363]	====> the first buffer seq: 1 
[20:37:21.608] [26268] [ERROR] [consumeBuffer:363]	====> the first buffer seq: 1 
[20:37:30.740] [26270] [ERROR] [consumeBuffer:363]	====> the first buffer seq: 1 
[20:37:30.899] [26269] [ERROR] [consumeBuffer:363]	====> the first buffer seq: 1 
[20:37:31.072] [26271] [ERROR] [consumeBuffer:363]	====> the first buffer seq: 1 
[20:37:31.084] [26268] [ERROR] [consumeBuffer:363]	====> the first buffer seq: 1 
[20:37:40.165] [26270] [ERROR] [consumeBuffer:363]	====> the first buffer seq: 1 
[20:37:40.263] [26269] [ERROR] [consumeBuffer:363]	====> the first buffer seq: 1 
[20:37:40.464] [26271] [ERROR] [consumeBuffer:363]	====> the first buffer seq: 1 
[20:37:40.573] [26268] [ERROR] [consumeBuffer:363]	====> the first buffer seq: 1 
[20:37:49.183] [26270] [ERROR] [consumeBuffer:363]	====> the first buffer seq: 1 
[20:37:49.296] [26269] [ERROR] [consumeBuffer:363]	====> the first buffer seq: 1 
[20:37:49.499] [26268] [ERROR] [consumeBuffer:363]	====> the first buffer seq: 1 
[20:37:49.689] [26271] [ERROR] [consumeBuffer:363]	====> the first buffer seq: 1 
[20:37:58.748] [26270] [ERROR] [consumeBuffer:363]	====> the first buffer seq: 1 
[20:37:58.853] [26269] [ERROR] [consumeBuffer:363]	====> the first buffer seq: 1 
[20:37:59.152] [26268] [ERROR] [consumeBuffer:363]	====> the first buffer seq: 1 
[20:37:59.172] [26271] [ERROR] [consumeBuffer:363]	====> the first buffer seq: 1 
[20:38:08.011] [26270] [ERROR] [consumeBuffer:363]	====> the first buffer seq: 1 
[20:38:08.078] [26269] [ERROR] [consumeBuffer:363]	====> the first buffer seq: 1 
[20:38:08.407] [26271] [ERROR] [consumeBuffer:363]	====> the first buffer seq: 1 
[20:38:08.440] [26268] [ERROR] [consumeBuffer:363]	====> the first buffer seq: 1 
[20:38:17.349] [26270] [ERROR] [consumeBuffer:363]	====> the first buffer seq: 1 
[20:38:17.356] [26269] [ERROR] [consumeBuffer:363]	====> the first buffer seq: 1 
[20:38:17.644] [26268] [ERROR] [consumeBuffer:363]	====> the first buffer seq: 1 
[20:38:17.909] [26271] [ERROR] [consumeBuffer:363]	====> the first buffer seq: 1 
[20:38:26.181] [26270] [ERROR] [consumeBuffer:363]	====> the first buffer seq: 1 
[20:38:26.234] [26269] [ERROR] [consumeBuffer:363]	====> the first buffer seq: 1 
[20:38:26.633] [26268] [ERROR] [consumeBuffer:363]	====> the first buffer seq: 1 
[20:38:26.878] [26271] [ERROR] [consumeBuffer:363]	====> the first buffer seq: 1 
[20:38:35.118] [26269] [ERROR] [consumeBuffer:363]	====> the first buffer seq: 1 
[20:38:35.415] [26270] [ERROR] [consumeBuffer:363]	====> the first buffer seq: 1 
[20:38:35.920] [26268] [ERROR] [consumeBuffer:363]	====> the first buffer seq: 1 
[20:38:36.004] [26271] [ERROR] [consumeBuffer:363]	====> the first buffer seq: 1 
[20:38:44.465] [26269] [ERROR] [consumeBuffer:363]	====> the first buffer seq: 1 
[20:38:44.541] [26270] [ERROR] [consumeBuffer:363]	====> the first buffer seq: 1 
[20:38:44.922] [26268] [ERROR] [consumeBuffer:363]	====> the first buffer seq: 1 
[20:38:45.085] [26271] [ERROR] [consumeBuffer:363]	====> the first buffer seq: 1 
[20:38:53.338] [26270] [ERROR] [consumeBuffer:363]	====> the first buffer seq: 1 
[20:38:53.375] [26269] [ERROR] [consumeBuffer:363]	====> the first buffer seq: 1 
[20:38:53.923] [26268] [ERROR] [consumeBuffer:363]	====> the first buffer seq: 1 
[20:38:54.054] [26271] [ERROR] [consumeBuffer:363]	====> the first buffer seq: 1 
[20:39:02.580] [26270] [ERROR] [consumeBuffer:363]	====> the first buffer seq: 1 
[20:39:02.861] [26269] [ERROR] [consumeBuffer:363]	====> the first buffer seq: 1 
[20:39:03.234] [26268] [ERROR] [consumeBuffer:363]	====> the first buffer seq: 1 
[20:39:03.443] [26271] [ERROR] [consumeBuffer:363]	====> the first buffer seq: 1 
[20:39:11.711] [26270] [ERROR] [consumeBuffer:363]	====> the first buffer seq: 1 
[20:39:11.907] [26269] [ERROR] [consumeBuffer:363]	====> the first buffer seq: 1 
[20:39:12.530] [26268] [ERROR] [consumeBuffer:363]	====> the first buffer seq: 1 
[20:39:12.622] [26271] [ERROR] [consumeBuffer:363]	====> the first buffer seq: 1 
[20:39:20.661] [26270] [ERROR] [consumeBuffer:363]	====> the first buffer seq: 1 
[20:39:20.957] [26269] [ERROR] [consumeBuffer:363]	====> the first buffer seq: 1 
[20:39:21.549] [26268] [ERROR] [consumeBuffer:363]	====> the first buffer seq: 1 
[20:39:21.658] [26271] [ERROR] [consumeBuffer:363]	====> the first buffer seq: 1 
[20:39:30.486] [26270] [ERROR] [consumeBuffer:363]	====> the first buffer seq: 1 
[20:39:30.718] [26269] [ERROR] [consumeBuffer:363]	====> the first buffer seq: 1 
[20:39:31.415] [26268] [ERROR] [consumeBuffer:363]	====> the first buffer seq: 1 
[20:39:31.448] [26271] [ERROR] [consumeBuffer:363]	====> the first buffer seq: 1 
[20:39:40.654] [26270] [ERROR] [consumeBuffer:363]	====> the first buffer seq: 1 
[20:39:40.857] [26269] [ERROR] [consumeBuffer:363]	====> the first buffer seq: 1 
[20:39:41.355] [26268] [ERROR] [consumeBuffer:363]	====> the first buffer seq: 1 
[20:39:41.620] [26271] [ERROR] [consumeBuffer:363]	====> the first buffer seq: 1 
[20:39:49.645] [26270] [ERROR] [consumeBuffer:363]	====> the first buffer seq: 1 
[20:39:49.767] [26269] [ERROR] [consumeBuffer:363]	====> the first buffer seq: 1 
[20:39:50.569] [26268] [ERROR] [consumeBuffer:363]	====> the first buffer seq: 1 
[20:39:50.883] [26271] [ERROR] [consumeBuffer:363]	====> the first buffer seq: 1 
[20:39:59.653] [26270] [ERROR] [consumeBuffer:363]	====> the first buffer seq: 1 
[20:39:59.693] [26269] [ERROR] [consumeBuffer:363]	====> the first buffer seq: 1 
[20:40:00.933] [26271] [ERROR] [consumeBuffer:363]	====> the first buffer seq: 1 
[20:40:01.056] [26268] [ERROR] [consumeBuffer:363]	====> the first buffer seq: 1 
[20:40:09.804] [26270] [ERROR] [consumeBuffer:363]	====> the first buffer seq: 1 
[20:40:09.975] [26269] [ERROR] [consumeBuffer:363]	====> the first buffer seq: 1 
[20:40:11.272] [26268] [ERROR] [consumeBuffer:363]	====> the first buffer seq: 1 
[20:40:11.376] [26271] [ERROR] [consumeBuffer:363]	====> the first buffer seq: 1 
[20:40:19.598] [26270] [ERROR] [consumeBuffer:363]	====> the first buffer seq: 1 
[20:40:20.037] [26269] [ERROR] [consumeBuffer:363]	====> the first buffer seq: 1 
[20:40:21.405] [26268] [ERROR] [consumeBuffer:363]	====> the first buffer seq: 1 
[20:40:21.677] [26271] [ERROR] [consumeBuffer:363]	====> the first buffer seq: 1 
[20:40:28.801] [26270] [ERROR] [consumeBuffer:363]	====> the first buffer seq: 1 
[20:40:29.134] [26269] [ERROR] [consumeBuffer:363]	====> the first buffer seq: 1 
[20:40:30.308] [26268] [ERROR] [consumeBuffer:363]	====> the first buffer seq: 1 
[20:40:30.604] [26271] [ERROR] [consumeBuffer:363]	====> the first buffer seq: 1 
[20:40:39.163] [26270] [ERROR] [consumeBuffer:363]	====> the first buffer seq: 1 
[20:40:39.408] [26269] [ERROR] [consumeBuffer:363]	====> the first buffer seq: 1 
[20:40:40.892] [26271] [ERROR] [consumeBuffer:363]	====> the first buffer seq: 1 
[20:40:41.080] [26268] [ERROR] [consumeBuffer:363]	====> the first buffer seq: 1 
[20:40:49.343] [26270] [ERROR] [consumeBuffer:363]	====> the first buffer seq: 1 
[20:40:49.424] [26269] [ERROR] [consumeBuffer:363]	====> the first buffer seq: 1 
[20:40:50.637] [26271] [ERROR] [consumeBuffer:363]	====> the first buffer seq: 1 
[20:40:51.135] [26268] [ERROR] [consumeBuffer:363]	====> the first buffer seq: 1 
[20:40:59.004] [26270] [ERROR] [consumeBuffer:363]	====> the first buffer seq: 1 
[20:40:59.083] [26269] [ERROR] [consumeBuffer:363]	====> the first buffer seq: 1 
[20:40:59.840] [26271] [ERROR] [consumeBuffer:363]	====> the first buffer seq: 1 
[20:41:00.257] [26268] [ERROR] [consumeBuffer:363]	====> the first buffer seq: 1 
[20:44:00.793] [26275] [ERROR] [error:157]	got error busi back: a758fb68-87dd-4ba8-aa73-28af56157c1e, code: 1007 
[20:44:00.793] [26275] [WARN ] [error:167]	busi err back, erase task failed, cannot find cache task: a758fb68-87dd-4ba8-aa73-28af56157c1e !  [THE user: test001] 
[20:44:00.795] [9646 ] [ERROR] [error:157]	got error busi back: 65e326cc-f11e-47e9-aa89-2dd07f0fc3d3, code: 1007 
[20:44:00.795] [9646 ] [WARN ] [error:167]	busi err back, erase task failed, cannot find cache task: 65e326cc-f11e-47e9-aa89-2dd07f0fc3d3 !  [THE user: test001] 
[20:44:00.799] [26275] [ERROR] [error:157]	got error busi back: bdec3121-4da9-4f8b-bf2f-29c83c50f20f, code: 1007 
[20:44:00.799] [26275] [WARN ] [error:167]	busi err back, erase task failed, cannot find cache task: bdec3121-4da9-4f8b-bf2f-29c83c50f20f !  [THE user: test001] 
[20:44:00.801] [26275] [ERROR] [error:157]	got error busi back: 10ab5684-74dc-4597-aa14-edb1912fff66, code: 1007 
[20:44:00.801] [26275] [WARN ] [error:167]	busi err back, erase task failed, cannot find cache task: 10ab5684-74dc-4597-aa14-edb1912fff66 !  [THE user: test001] 
[20:44:00.803] [9646 ] [ERROR] [error:157]	got error busi back: 3a6998e3-4d83-4b64-88a9-5863046b5ede, code: 1007 
[20:44:00.804] [9646 ] [WARN ] [error:167]	busi err back, erase task failed, cannot find cache task: 3a6998e3-4d83-4b64-88a9-5863046b5ede !  [THE user: test001] 
[20:44:00.806] [26275] [ERROR] [error:157]	got error busi back: b5564c12-1b7b-46a3-a977-fa0a1d942301, code: 1007 
[20:44:00.806] [26275] [WARN ] [error:167]	busi err back, erase task failed, cannot find cache task: b5564c12-1b7b-46a3-a977-fa0a1d942301 !  [THE user: test001] 
[20:44:00.809] [9646 ] [ERROR] [error:157]	got error busi back: 599f2e9a-460e-4745-a431-63f1a9318e75, code: 1007 
[20:44:00.809] [9646 ] [WARN ] [error:167]	busi err back, erase task failed, cannot find cache task: 599f2e9a-460e-4745-a431-63f1a9318e75 !  [THE user: test001] 
[20:44:00.810] [26275] [ERROR] [error:157]	got error busi back: 5c033499-96fe-4184-908e-c4c3ccddb7f2, code: 1007 
[20:44:00.810] [26275] [WARN ] [error:167]	busi err back, erase task failed, cannot find cache task: 5c033499-96fe-4184-908e-c4c3ccddb7f2 !  [THE user: test001] 
[20:44:00.813] [9646 ] [ERROR] [error:157]	got error busi back: 2ba25aa1-fc9d-4103-91ad-feb705a9e698, code: 1007 
[20:44:00.813] [9646 ] [WARN ] [error:167]	busi err back, erase task failed, cannot find cache task: 2ba25aa1-fc9d-4103-91ad-feb705a9e698 !  [THE user: test001] 
[20:44:00.815] [26275] [ERROR] [error:157]	got error busi back: a425cfa9-5ac1-4607-874c-0534d8196fb6, code: 1007 
[20:44:00.815] [26275] [WARN ] [error:167]	busi err back, erase task failed, cannot find cache task: a425cfa9-5ac1-4607-874c-0534d8196fb6 !  [THE user: test001] 
[20:44:00.817] [9646 ] [ERROR] [error:157]	got error busi back: a40d7f45-6ee2-4516-a9c4-4cc4396a6f23, code: 1007 
[20:44:00.817] [9646 ] [WARN ] [error:167]	busi err back, erase task failed, cannot find cache task: a40d7f45-6ee2-4516-a9c4-4cc4396a6f23 !  [THE user: test001] 
[20:44:00.819] [26275] [ERROR] [error:157]	got error busi back: cfafa9d9-98eb-4153-a444-d05885d77a7e, code: 1007 
[20:44:00.819] [26275] [WARN ] [error:167]	busi err back, erase task failed, cannot find cache task: cfafa9d9-98eb-4153-a444-d05885d77a7e !  [THE user: test001] 
[20:44:00.820] [9646 ] [ERROR] [error:157]	got error busi back: 5edb3deb-5679-45c4-af8e-7a766763231d, code: 1007 
[20:44:00.820] [9646 ] [WARN ] [error:167]	busi err back, erase task failed, cannot find cache task: 5edb3deb-5679-45c4-af8e-7a766763231d !  [THE user: test001] 
[20:44:00.821] [26275] [ERROR] [error:157]	got error busi back: 27aa2967-ea70-4656-99cd-3f8858454c9d, code: 1007 
[20:44:00.821] [26275] [WARN ] [error:167]	busi err back, erase task failed, cannot find cache task: 27aa2967-ea70-4656-99cd-3f8858454c9d !  [THE user: test001] 
[20:44:00.824] [9646 ] [ERROR] [error:157]	got error busi back: 59578f7d-4e37-453a-b744-da9c7955eee9, code: 1007 
[20:44:00.824] [9646 ] [WARN ] [error:167]	busi err back, erase task failed, cannot find cache task: 59578f7d-4e37-453a-b744-da9c7955eee9 !  [THE user: test001] 
[20:44:00.827] [26275] [ERROR] [error:157]	got error busi back: cf3f91b7-dd8d-4024-8737-52689f2aa5f8, code: 1007 
[20:44:00.827] [26275] [WARN ] [error:167]	busi err back, erase task failed, cannot find cache task: cf3f91b7-dd8d-4024-8737-52689f2aa5f8 !  [THE user: test001] 
[20:44:00.830] [9646 ] [ERROR] [error:157]	got error busi back: 908007e8-a282-4bb3-9c3b-3b1417e19f3c, code: 1007 
[20:44:00.830] [9646 ] [WARN ] [error:167]	busi err back, erase task failed, cannot find cache task: 908007e8-a282-4bb3-9c3b-3b1417e19f3c !  [THE user: test001] 
[20:44:00.832] [26275] [ERROR] [error:157]	got error busi back: a926fc2b-504d-4761-b0bf-47e08060e938, code: 1007 
[20:44:00.832] [26275] [WARN ] [error:167]	busi err back, erase task failed, cannot find cache task: a926fc2b-504d-4761-b0bf-47e08060e938 !  [THE user: test001] 
[20:44:00.835] [9646 ] [ERROR] [error:157]	got error busi back: e7e1f08b-4ba6-4215-a894-25a0aeeb7396, code: 1007 
[20:44:00.835] [9646 ] [WARN ] [error:167]	busi err back, erase task failed, cannot find cache task: e7e1f08b-4ba6-4215-a894-25a0aeeb7396 !  [THE user: test001] 
[20:44:00.837] [26275] [ERROR] [error:157]	got error busi back: f1fac291-a6bb-46a7-8374-ba9371e64352, code: 1007 
[20:44:00.837] [26275] [WARN ] [error:167]	busi err back, erase task failed, cannot find cache task: f1fac291-a6bb-46a7-8374-ba9371e64352 !  [THE user: test001] 
[20:44:00.839] [9646 ] [ERROR] [error:157]	got error busi back: e5bdd831-07e3-4a30-82ec-7c96609d8869, code: 1007 
[20:44:00.839] [9646 ] [WARN ] [error:167]	busi err back, erase task failed, cannot find cache task: e5bdd831-07e3-4a30-82ec-7c96609d8869 !  [THE user: test001] 
[20:44:00.840] [26275] [ERROR] [error:157]	got error busi back: b736587d-9a3f-46a5-b380-5d2001483bf7, code: 1007 
[20:44:00.841] [26275] [WARN ] [error:167]	busi err back, erase task failed, cannot find cache task: b736587d-9a3f-46a5-b380-5d2001483bf7 !  [THE user: test001] 
[20:44:00.842] [9646 ] [ERROR] [error:157]	got error busi back: 5a52949b-4c9e-4d4f-9371-195de7f401af, code: 1007 
[20:44:00.842] [9646 ] [WARN ] [error:167]	busi err back, erase task failed, cannot find cache task: 5a52949b-4c9e-4d4f-9371-195de7f401af !  [THE user: test001] 
[20:44:00.844] [26275] [ERROR] [error:157]	got error busi back: ba5cfd98-b4b1-4718-9a90-258209a9c66a, code: 1007 
[20:44:00.844] [26275] [WARN ] [error:167]	busi err back, erase task failed, cannot find cache task: ba5cfd98-b4b1-4718-9a90-258209a9c66a !  [THE user: test001] 
[20:44:00.846] [9646 ] [ERROR] [error:157]	got error busi back: fc67ed26-d42c-4e76-86bf-b0c6a847a656, code: 1007 
[20:44:00.846] [9646 ] [WARN ] [error:167]	busi err back, erase task failed, cannot find cache task: fc67ed26-d42c-4e76-86bf-b0c6a847a656 !  [THE user: test001] 
[20:44:00.849] [9646 ] [ERROR] [error:157]	got error busi back: 091b0d01-ffb3-485f-9b51-9c41da6cd70c, code: 1007 
[20:44:00.849] [9646 ] [WARN ] [error:167]	busi err back, erase task failed, cannot find cache task: 091b0d01-ffb3-485f-9b51-9c41da6cd70c !  [THE user: test001] 
[20:44:00.861] [9646 ] [ERROR] [error:157]	got error busi back: 0250274b-8c5c-4187-b4c7-7accdb6ef9b5, code: 1007 
[20:44:00.861] [9646 ] [WARN ] [error:167]	busi err back, erase task failed, cannot find cache task: 0250274b-8c5c-4187-b4c7-7accdb6ef9b5 !  [THE user: test001] 
[20:44:00.865] [26275] [ERROR] [error:157]	got error busi back: 18891c90-06df-4a9c-89ae-92b665d10bb8, code: 1007 
[20:44:00.865] [26275] [WARN ] [error:167]	busi err back, erase task failed, cannot find cache task: 18891c90-06df-4a9c-89ae-92b665d10bb8 !  [THE user: test001] 
[20:44:00.867] [9646 ] [ERROR] [error:157]	got error busi back: 8875d4e6-9d9d-4163-a7be-366519e67036, code: 1007 
[20:44:00.867] [9646 ] [WARN ] [error:167]	busi err back, erase task failed, cannot find cache task: 8875d4e6-9d9d-4163-a7be-366519e67036 !  [THE user: test001] 
[20:44:00.869] [26275] [ERROR] [error:157]	got error busi back: 6ec76a0d-40f4-406b-9a8e-843646dc031b, code: 1007 
[20:44:00.869] [26275] [WARN ] [error:167]	busi err back, erase task failed, cannot find cache task: 6ec76a0d-40f4-406b-9a8e-843646dc031b !  [THE user: test001] 
[20:44:00.871] [9646 ] [ERROR] [error:157]	got error busi back: 08cc42f0-636a-467c-b05a-8286e1653dc4, code: 1007 
[20:44:00.871] [9646 ] [WARN ] [error:167]	busi err back, erase task failed, cannot find cache task: 08cc42f0-636a-467c-b05a-8286e1653dc4 !  [THE user: test001] 
[20:44:00.873] [26275] [ERROR] [error:157]	got error busi back: 07deee8a-db89-4d09-ad34-7397c7e1645a, code: 1007 
[20:44:00.873] [26275] [WARN ] [error:167]	busi err back, erase task failed, cannot find cache task: 07deee8a-db89-4d09-ad34-7397c7e1645a !  [THE user: test001] 
[20:44:00.874] [26275] [ERROR] [error:157]	got error busi back: 22514f07-4ef7-4313-ba2c-53d6acf47333, code: 1007 
[20:44:00.875] [26275] [WARN ] [error:167]	busi err back, erase task failed, cannot find cache task: 22514f07-4ef7-4313-ba2c-53d6acf47333 !  [THE user: test001] 
[20:44:00.876] [26275] [ERROR] [error:157]	got error busi back: c0366b40-c2a9-48b8-a033-09f63005f952, code: 1007 
[20:44:00.876] [26275] [WARN ] [error:167]	busi err back, erase task failed, cannot find cache task: c0366b40-c2a9-48b8-a033-09f63005f952 !  [THE user: test001] 
[20:44:00.878] [26275] [ERROR] [error:157]	got error busi back: 47e65463-a686-401c-8faf-a2ee65631864, code: 1007 
[20:44:00.878] [26275] [WARN ] [error:167]	busi err back, erase task failed, cannot find cache task: 47e65463-a686-401c-8faf-a2ee65631864 !  [THE user: test001] 
[20:44:00.880] [26275] [ERROR] [error:157]	got error busi back: 33648fc1-05bc-462b-9e61-2d6ee7263dba, code: 1007 
[20:44:00.880] [26275] [WARN ] [error:167]	busi err back, erase task failed, cannot find cache task: 33648fc1-05bc-462b-9e61-2d6ee7263dba !  [THE user: test001] 
[20:44:00.881] [26275] [ERROR] [error:157]	got error busi back: 244ef96d-8541-41e1-b5a3-028c73dad48a, code: 1007 
[20:44:00.881] [26275] [WARN ] [error:167]	busi err back, erase task failed, cannot find cache task: 244ef96d-8541-41e1-b5a3-028c73dad48a !  [THE user: test001] 
[20:44:00.884] [26275] [ERROR] [error:157]	got error busi back: f75aa62d-36f6-4864-bf77-dcb7f47f271a, code: 1007 
[20:44:00.884] [26275] [WARN ] [error:167]	busi err back, erase task failed, cannot find cache task: f75aa62d-36f6-4864-bf77-dcb7f47f271a !  [THE user: test001] 
[20:44:00.887] [26275] [ERROR] [error:157]	got error busi back: aef17056-e04f-475d-8cc0-35f5e5e0a38a, code: 1007 
[20:44:00.887] [26275] [WARN ] [error:167]	busi err back, erase task failed, cannot find cache task: aef17056-e04f-475d-8cc0-35f5e5e0a38a !  [THE user: test001] 
[20:44:00.889] [26275] [ERROR] [error:157]	got error busi back: 308037b6-4eff-4249-a707-abbabcabb8a8, code: 1007 
[20:44:00.890] [26275] [WARN ] [error:167]	busi err back, erase task failed, cannot find cache task: 308037b6-4eff-4249-a707-abbabcabb8a8 !  [THE user: test001] 
[20:44:00.892] [26275] [ERROR] [error:157]	got error busi back: 6d0f588d-3587-4c0f-848b-e7e25cd5ee6e, code: 1007 
[20:44:00.892] [26275] [WARN ] [error:167]	busi err back, erase task failed, cannot find cache task: 6d0f588d-3587-4c0f-848b-e7e25cd5ee6e !  [THE user: test001] 
[20:44:00.895] [9646 ] [ERROR] [error:157]	got error busi back: 689cc0f7-e07a-4045-9cf3-a572a0a2cf2d, code: 1007 
[20:44:00.895] [9646 ] [WARN ] [error:167]	busi err back, erase task failed, cannot find cache task: 689cc0f7-e07a-4045-9cf3-a572a0a2cf2d !  [THE user: test001] 
[20:44:00.898] [26275] [ERROR] [error:157]	got error busi back: 716b0af4-1a76-4894-ab39-01a006955946, code: 1007 
[20:44:00.898] [26275] [WARN ] [error:167]	busi err back, erase task failed, cannot find cache task: 716b0af4-1a76-4894-ab39-01a006955946 !  [THE user: test001] 
[20:44:00.909] [9646 ] [ERROR] [error:157]	got error busi back: a16205d9-bf07-40fb-915e-088e71002bef, code: 1007 
[20:44:00.909] [9646 ] [WARN ] [error:167]	busi err back, erase task failed, cannot find cache task: a16205d9-bf07-40fb-915e-088e71002bef !  [THE user: test001] 
[20:44:00.912] [9646 ] [ERROR] [error:157]	got error busi back: 7515218e-bb61-49e7-8df8-b1691aa8782a, code: 1007 
[20:44:00.912] [9646 ] [WARN ] [error:167]	busi err back, erase task failed, cannot find cache task: 7515218e-bb61-49e7-8df8-b1691aa8782a !  [THE user: test001] 
[20:44:00.914] [9646 ] [ERROR] [error:157]	got error busi back: df02463e-efd5-4d64-99aa-e09ff4662ef5, code: 1007 
[20:44:00.914] [9646 ] [WARN ] [error:167]	busi err back, erase task failed, cannot find cache task: df02463e-efd5-4d64-99aa-e09ff4662ef5 !  [THE user: test001] 
[20:44:00.915] [9646 ] [ERROR] [error:157]	got error busi back: f48fbbca-b644-459e-b952-112a092e15b5, code: 1007 
[20:44:00.916] [9646 ] [WARN ] [error:167]	busi err back, erase task failed, cannot find cache task: f48fbbca-b644-459e-b952-112a092e15b5 !  [THE user: test001] 
[20:44:00.917] [9646 ] [ERROR] [error:157]	got error busi back: 74d4c184-06af-40af-86b0-87b89c1ef06a, code: 1007 
[20:44:00.917] [9646 ] [WARN ] [error:167]	busi err back, erase task failed, cannot find cache task: 74d4c184-06af-40af-86b0-87b89c1ef06a !  [THE user: test001] 
[20:44:00.919] [9646 ] [ERROR] [error:157]	got error busi back: d72d3e2d-e106-488d-9300-843d0ba09797, code: 1007 
[20:44:00.919] [9646 ] [WARN ] [error:167]	busi err back, erase task failed, cannot find cache task: d72d3e2d-e106-488d-9300-843d0ba09797 !  [THE user: test001] 
[20:44:00.922] [26275] [ERROR] [error:157]	got error busi back: 0ba474d0-cdff-4704-be89-de8bfa6d0660, code: 1007 
[20:44:00.922] [26275] [WARN ] [error:167]	busi err back, erase task failed, cannot find cache task: 0ba474d0-cdff-4704-be89-de8bfa6d0660 !  [THE user: test001] 
[20:44:00.926] [9646 ] [ERROR] [error:157]	got error busi back: e234999b-691b-4ccc-8f54-ba8faf199c5c, code: 1007 
[20:44:00.926] [9646 ] [WARN ] [error:167]	busi err back, erase task failed, cannot find cache task: e234999b-691b-4ccc-8f54-ba8faf199c5c !  [THE user: test001] 
[20:44:00.928] [26275] [ERROR] [error:157]	got error busi back: bba82edb-cbbf-4f51-8d74-0017f5470cec, code: 1007 
[20:44:00.928] [26275] [WARN ] [error:167]	busi err back, erase task failed, cannot find cache task: bba82edb-cbbf-4f51-8d74-0017f5470cec !  [THE user: test001] 
[20:44:00.929] [9646 ] [ERROR] [error:157]	got error busi back: 086228cf-a771-4300-97ec-8376681ea113, code: 1007 
[20:44:00.929] [9646 ] [WARN ] [error:167]	busi err back, erase task failed, cannot find cache task: 086228cf-a771-4300-97ec-8376681ea113 !  [THE user: test001] 
[20:44:00.932] [26275] [ERROR] [error:157]	got error busi back: 8fc10e0b-2d75-46c9-aaf7-d557b68d5f38, code: 1007 
[20:44:00.933] [26275] [WARN ] [error:167]	busi err back, erase task failed, cannot find cache task: 8fc10e0b-2d75-46c9-aaf7-d557b68d5f38 !  [THE user: test001] 
[20:44:00.935] [9646 ] [ERROR] [error:157]	got error busi back: beb4f556-e2b2-473b-ad4e-7cb90d19264e, code: 1007 
[20:44:00.935] [9646 ] [WARN ] [error:167]	busi err back, erase task failed, cannot find cache task: beb4f556-e2b2-473b-ad4e-7cb90d19264e !  [THE user: test001] 
[20:44:00.938] [26275] [ERROR] [error:157]	got error busi back: 9fa4bbf2-6051-4165-89c2-d9f75ae2ff4a, code: 1007 
[20:44:00.938] [26275] [WARN ] [error:167]	busi err back, erase task failed, cannot find cache task: 9fa4bbf2-6051-4165-89c2-d9f75ae2ff4a !  [THE user: test001] 
[20:44:00.940] [9646 ] [ERROR] [error:157]	got error busi back: 60031659-e9ce-4092-8d4b-945df6385041, code: 1007 
[20:44:00.941] [9646 ] [WARN ] [error:167]	busi err back, erase task failed, cannot find cache task: 60031659-e9ce-4092-8d4b-945df6385041 !  [THE user: test001] 
[20:44:00.943] [26275] [ERROR] [error:157]	got error busi back: 3c02e17f-a864-4caa-a13e-ee06ac0e15dd, code: 1007 
[20:44:00.943] [26275] [WARN ] [error:167]	busi err back, erase task failed, cannot find cache task: 3c02e17f-a864-4caa-a13e-ee06ac0e15dd !  [THE user: test001] 
[20:44:00.946] [9646 ] [ERROR] [error:157]	got error busi back: 014f8a36-3cfa-4605-b133-9ea0c8471e3c, code: 1007 
[20:44:00.946] [9646 ] [WARN ] [error:167]	busi err back, erase task failed, cannot find cache task: 014f8a36-3cfa-4605-b133-9ea0c8471e3c !  [THE user: test001] 
[20:44:00.948] [26275] [ERROR] [error:157]	got error busi back: 4452d012-3425-499d-9f1f-fea0f036972f, code: 1007 
[20:44:00.948] [26275] [WARN ] [error:167]	busi err back, erase task failed, cannot find cache task: 4452d012-3425-499d-9f1f-fea0f036972f !  [THE user: test001] 
[20:44:00.950] [9646 ] [ERROR] [error:157]	got error busi back: 18fbf605-2c8f-41f6-ac8d-a849d006aee1, code: 1007 
[20:44:00.950] [9646 ] [WARN ] [error:167]	busi err back, erase task failed, cannot find cache task: 18fbf605-2c8f-41f6-ac8d-a849d006aee1 !  [THE user: test001] 
[20:44:00.952] [26275] [ERROR] [error:157]	got error busi back: 938b6282-bf9c-4ec3-afab-0509eb08b02c, code: 1007 
[20:44:00.952] [26275] [WARN ] [error:167]	busi err back, erase task failed, cannot find cache task: 938b6282-bf9c-4ec3-afab-0509eb08b02c !  [THE user: test001] 
[20:44:00.954] [9646 ] [ERROR] [error:157]	got error busi back: 7ec9f453-86d0-4c08-9ef8-db504c3250ed, code: 1007 
[20:44:00.954] [9646 ] [WARN ] [error:167]	busi err back, erase task failed, cannot find cache task: 7ec9f453-86d0-4c08-9ef8-db504c3250ed !  [THE user: test001] 
[20:44:00.956] [26275] [ERROR] [error:157]	got error busi back: 958ac688-65c7-4e25-8b28-0d5635e0b5c9, code: 1007 
[20:44:00.956] [26275] [WARN ] [error:167]	busi err back, erase task failed, cannot find cache task: 958ac688-65c7-4e25-8b28-0d5635e0b5c9 !  [THE user: test001] 
[20:44:00.957] [9646 ] [ERROR] [error:157]	got error busi back: a8a7fb41-6eca-4f2a-ae5f-59e6983d5f83, code: 1007 
[20:44:00.957] [9646 ] [WARN ] [error:167]	busi err back, erase task failed, cannot find cache task: a8a7fb41-6eca-4f2a-ae5f-59e6983d5f83 !  [THE user: test001] 
[20:44:00.959] [26275] [ERROR] [error:157]	got error busi back: 16ae256b-7d7b-436e-bf61-7184e8b47fa5, code: 1007 
[20:44:00.959] [26275] [WARN ] [error:167]	busi err back, erase task failed, cannot find cache task: 16ae256b-7d7b-436e-bf61-7184e8b47fa5 !  [THE user: test001] 
[20:58:13.028] [26271] [ERROR] [consumeBuffer:363]	====> the first buffer seq: 1 
[20:58:13.029] [26269] [ERROR] [consumeBuffer:363]	====> the first buffer seq: 1 
[20:58:13.030] [26268] [ERROR] [consumeBuffer:363]	====> the first buffer seq: 1 
[20:58:13.035] [26270] [ERROR] [consumeBuffer:363]	====> the first buffer seq: 1 
[20:58:24.054] [26270] [ERROR] [consumeBuffer:363]	====> the first buffer seq: 1 
[20:58:24.122] [26269] [ERROR] [consumeBuffer:363]	====> the first buffer seq: 1 
[20:58:24.216] [26268] [ERROR] [consumeBuffer:363]	====> the first buffer seq: 1 
[20:58:24.245] [26271] [ERROR] [consumeBuffer:363]	====> the first buffer seq: 1 
[20:58:32.880] [26270] [ERROR] [consumeBuffer:363]	====> the first buffer seq: 1 
[20:58:33.067] [26268] [ERROR] [consumeBuffer:363]	====> the first buffer seq: 1 
[20:58:33.136] [26269] [ERROR] [consumeBuffer:363]	====> the first buffer seq: 1 
[20:58:33.246] [26271] [ERROR] [consumeBuffer:363]	====> the first buffer seq: 1 
[20:58:41.542] [26269] [ERROR] [consumeBuffer:363]	====> the first buffer seq: 1 
[20:58:41.559] [26268] [ERROR] [consumeBuffer:363]	====> the first buffer seq: 1 
[20:58:41.597] [26270] [ERROR] [consumeBuffer:363]	====> the first buffer seq: 1 
[20:58:41.841] [26271] [ERROR] [consumeBuffer:363]	====> the first buffer seq: 1 
[20:58:50.049] [26268] [ERROR] [consumeBuffer:363]	====> the first buffer seq: 1 
[20:58:50.147] [26270] [ERROR] [consumeBuffer:363]	====> the first buffer seq: 1 
[20:58:50.397] [26271] [ERROR] [consumeBuffer:363]	====> the first buffer seq: 1 
[20:58:50.453] [26269] [ERROR] [consumeBuffer:363]	====> the first buffer seq: 1 
[20:58:58.291] [26268] [ERROR] [consumeBuffer:363]	====> the first buffer seq: 1 
[20:58:58.407] [26270] [ERROR] [consumeBuffer:363]	====> the first buffer seq: 1 
[20:58:58.492] [26271] [ERROR] [consumeBuffer:363]	====> the first buffer seq: 1 
[20:58:58.679] [26269] [ERROR] [consumeBuffer:363]	====> the first buffer seq: 1 
[20:59:06.844] [26268] [ERROR] [consumeBuffer:363]	====> the first buffer seq: 1 
[20:59:06.959] [26270] [ERROR] [consumeBuffer:363]	====> the first buffer seq: 1 
[20:59:07.207] [26271] [ERROR] [consumeBuffer:363]	====> the first buffer seq: 1 
[20:59:07.349] [26269] [ERROR] [consumeBuffer:363]	====> the first buffer seq: 1 
[20:59:15.136] [26268] [ERROR] [consumeBuffer:363]	====> the first buffer seq: 1 
[20:59:15.350] [26270] [ERROR] [consumeBuffer:363]	====> the first buffer seq: 1 
[20:59:15.650] [26271] [ERROR] [consumeBuffer:363]	====> the first buffer seq: 1 
[20:59:15.783] [26269] [ERROR] [consumeBuffer:363]	====> the first buffer seq: 1 
[20:59:23.366] [26268] [ERROR] [consumeBuffer:363]	====> the first buffer seq: 1 
[20:59:23.600] [26270] [ERROR] [consumeBuffer:363]	====> the first buffer seq: 1 
[20:59:24.034] [26271] [ERROR] [consumeBuffer:363]	====> the first buffer seq: 1 
[20:59:24.050] [26269] [ERROR] [consumeBuffer:363]	====> the first buffer seq: 1 
[20:59:31.232] [26268] [ERROR] [consumeBuffer:363]	====> the first buffer seq: 1 
[20:59:31.482] [26270] [ERROR] [consumeBuffer:363]	====> the first buffer seq: 1 
[20:59:31.871] [26269] [ERROR] [consumeBuffer:363]	====> the first buffer seq: 1 
[20:59:32.087] [26271] [ERROR] [consumeBuffer:363]	====> the first buffer seq: 1 
[20:59:40.143] [26268] [ERROR] [consumeBuffer:363]	====> the first buffer seq: 1 
[20:59:40.183] [26270] [ERROR] [consumeBuffer:363]	====> the first buffer seq: 1 
[20:59:40.753] [26269] [ERROR] [consumeBuffer:363]	====> the first buffer seq: 1 
[20:59:40.963] [26271] [ERROR] [consumeBuffer:363]	====> the first buffer seq: 1 
[20:59:48.352] [26268] [ERROR] [consumeBuffer:363]	====> the first buffer seq: 1 
[20:59:48.544] [26270] [ERROR] [consumeBuffer:363]	====> the first buffer seq: 1 
[20:59:48.858] [26269] [ERROR] [consumeBuffer:363]	====> the first buffer seq: 1 
[20:59:49.548] [26271] [ERROR] [consumeBuffer:363]	====> the first buffer seq: 1 
[20:59:56.483] [26268] [ERROR] [consumeBuffer:363]	====> the first buffer seq: 1 
[20:59:56.887] [26270] [ERROR] [consumeBuffer:363]	====> the first buffer seq: 1 
[20:59:57.012] [26269] [ERROR] [consumeBuffer:363]	====> the first buffer seq: 1 
[20:59:57.883] [26271] [ERROR] [consumeBuffer:363]	====> the first buffer seq: 1 
[21:00:04.792] [26268] [ERROR] [consumeBuffer:363]	====> the first buffer seq: 1 
[21:00:05.027] [26270] [ERROR] [consumeBuffer:363]	====> the first buffer seq: 1 
[21:00:05.318] [26269] [ERROR] [consumeBuffer:363]	====> the first buffer seq: 1 
[21:00:06.110] [26271] [ERROR] [consumeBuffer:363]	====> the first buffer seq: 1 
[21:00:12.686] [26268] [ERROR] [consumeBuffer:363]	====> the first buffer seq: 1 
[21:00:13.043] [26270] [ERROR] [consumeBuffer:363]	====> the first buffer seq: 1 
[21:00:13.239] [26269] [ERROR] [consumeBuffer:363]	====> the first buffer seq: 1 
[21:00:14.068] [26271] [ERROR] [consumeBuffer:363]	====> the first buffer seq: 1 
[21:00:20.902] [26268] [ERROR] [consumeBuffer:363]	====> the first buffer seq: 1 
[21:00:21.216] [26270] [ERROR] [consumeBuffer:363]	====> the first buffer seq: 1 
[21:00:21.483] [26269] [ERROR] [consumeBuffer:363]	====> the first buffer seq: 1 
[21:00:22.366] [26271] [ERROR] [consumeBuffer:363]	====> the first buffer seq: 1 
[21:00:30.274] [26268] [ERROR] [consumeBuffer:363]	====> the first buffer seq: 1 
[21:00:30.597] [26270] [ERROR] [consumeBuffer:363]	====> the first buffer seq: 1 
[21:00:31.081] [26269] [ERROR] [consumeBuffer:363]	====> the first buffer seq: 1 
[21:00:32.141] [26271] [ERROR] [consumeBuffer:363]	====> the first buffer seq: 1 
[21:00:39.563] [26268] [ERROR] [consumeBuffer:363]	====> the first buffer seq: 1 
[21:00:39.771] [26270] [ERROR] [consumeBuffer:363]	====> the first buffer seq: 1 
[21:00:40.289] [26269] [ERROR] [consumeBuffer:363]	====> the first buffer seq: 1 
[21:00:41.469] [26271] [ERROR] [consumeBuffer:363]	====> the first buffer seq: 1 
[21:00:48.916] [26268] [ERROR] [consumeBuffer:363]	====> the first buffer seq: 1 
[21:00:49.061] [26270] [ERROR] [consumeBuffer:363]	====> the first buffer seq: 1 
[21:00:49.770] [26269] [ERROR] [consumeBuffer:363]	====> the first buffer seq: 1 
[21:00:50.781] [26271] [ERROR] [consumeBuffer:363]	====> the first buffer seq: 1 
[21:00:57.434] [26268] [ERROR] [consumeBuffer:363]	====> the first buffer seq: 1 
[21:00:57.701] [26270] [ERROR] [consumeBuffer:363]	====> the first buffer seq: 1 
[21:00:58.158] [26269] [ERROR] [consumeBuffer:363]	====> the first buffer seq: 1 
[21:00:59.066] [26271] [ERROR] [consumeBuffer:363]	====> the first buffer seq: 1 
[21:01:05.967] [26270] [ERROR] [consumeBuffer:363]	====> the first buffer seq: 1 
[21:01:06.060] [26268] [ERROR] [consumeBuffer:363]	====> the first buffer seq: 1 
[21:01:06.477] [26269] [ERROR] [consumeBuffer:363]	====> the first buffer seq: 1 
[21:01:07.601] [26271] [ERROR] [consumeBuffer:363]	====> the first buffer seq: 1 
[21:01:14.589] [26270] [ERROR] [consumeBuffer:363]	====> the first buffer seq: 1 
[21:01:14.845] [26268] [ERROR] [consumeBuffer:363]	====> the first buffer seq: 1 
[21:01:14.961] [26269] [ERROR] [consumeBuffer:363]	====> the first buffer seq: 1 
[21:01:15.747] [26271] [ERROR] [consumeBuffer:363]	====> the first buffer seq: 1 
[21:01:22.570] [26270] [ERROR] [consumeBuffer:363]	====> the first buffer seq: 1 
[21:01:22.693] [26268] [ERROR] [consumeBuffer:363]	====> the first buffer seq: 1 
[21:01:22.949] [26269] [ERROR] [consumeBuffer:363]	====> the first buffer seq: 1 
[21:01:23.637] [26271] [ERROR] [consumeBuffer:363]	====> the first buffer seq: 1 
[21:01:31.858] [26270] [ERROR] [consumeBuffer:363]	====> the first buffer seq: 1 
[21:01:31.961] [26268] [ERROR] [consumeBuffer:363]	====> the first buffer seq: 1 
[21:01:32.057] [26269] [ERROR] [consumeBuffer:363]	====> the first buffer seq: 1 
[21:01:32.750] [26271] [ERROR] [consumeBuffer:363]	====> the first buffer seq: 1 
[21:01:40.847] [26268] [ERROR] [consumeBuffer:363]	====> the first buffer seq: 1 
[21:01:41.005] [26270] [ERROR] [consumeBuffer:363]	====> the first buffer seq: 1 
[21:01:41.169] [26269] [ERROR] [consumeBuffer:363]	====> the first buffer seq: 1 
[21:01:41.915] [26271] [ERROR] [consumeBuffer:363]	====> the first buffer seq: 1 
[21:05:43.808] [22593] [ERROR] [error:157]	got error busi back: a758fb68-87dd-4ba8-aa73-28af56157c1e, code: 1007 
[21:05:43.808] [22593] [WARN ] [error:167]	busi err back, erase task failed, cannot find cache task: a758fb68-87dd-4ba8-aa73-28af56157c1e !  [THE user: test001] 
[21:05:43.809] [12213] [ERROR] [error:157]	got error busi back: 65e326cc-f11e-47e9-aa89-2dd07f0fc3d3, code: 1007 
[21:05:43.809] [12213] [WARN ] [error:167]	busi err back, erase task failed, cannot find cache task: 65e326cc-f11e-47e9-aa89-2dd07f0fc3d3 !  [THE user: test001] 
[21:05:43.810] [22593] [ERROR] [error:157]	got error busi back: 10ab5684-74dc-4597-aa14-edb1912fff66, code: 1007 
[21:05:43.810] [22593] [WARN ] [error:167]	busi err back, erase task failed, cannot find cache task: 10ab5684-74dc-4597-aa14-edb1912fff66 !  [THE user: test001] 
[21:05:43.811] [12213] [ERROR] [error:157]	got error busi back: bdec3121-4da9-4f8b-bf2f-29c83c50f20f, code: 1007 
[21:05:43.811] [12213] [WARN ] [error:167]	busi err back, erase task failed, cannot find cache task: bdec3121-4da9-4f8b-bf2f-29c83c50f20f !  [THE user: test001] 
[21:05:43.812] [22593] [ERROR] [error:157]	got error busi back: 3a6998e3-4d83-4b64-88a9-5863046b5ede, code: 1007 
[21:05:43.812] [22593] [WARN ] [error:167]	busi err back, erase task failed, cannot find cache task: 3a6998e3-4d83-4b64-88a9-5863046b5ede !  [THE user: test001] 
[21:05:43.814] [12213] [ERROR] [error:157]	got error busi back: 599f2e9a-460e-4745-a431-63f1a9318e75, code: 1007 
[21:05:43.814] [12213] [WARN ] [error:167]	busi err back, erase task failed, cannot find cache task: 599f2e9a-460e-4745-a431-63f1a9318e75 !  [THE user: test001] 
[21:05:43.817] [22593] [ERROR] [error:157]	got error busi back: b5564c12-1b7b-46a3-a977-fa0a1d942301, code: 1007 
[21:05:43.817] [22593] [WARN ] [error:167]	busi err back, erase task failed, cannot find cache task: b5564c12-1b7b-46a3-a977-fa0a1d942301 !  [THE user: test001] 
[21:05:43.819] [12213] [ERROR] [error:157]	got error busi back: 2ba25aa1-fc9d-4103-91ad-feb705a9e698, code: 1007 
[21:05:43.819] [12213] [WARN ] [error:167]	busi err back, erase task failed, cannot find cache task: 2ba25aa1-fc9d-4103-91ad-feb705a9e698 !  [THE user: test001] 
[21:05:43.821] [22593] [ERROR] [error:157]	got error busi back: 5c033499-96fe-4184-908e-c4c3ccddb7f2, code: 1007 
[21:05:43.821] [22593] [WARN ] [error:167]	busi err back, erase task failed, cannot find cache task: 5c033499-96fe-4184-908e-c4c3ccddb7f2 !  [THE user: test001] 
[21:05:43.822] [12213] [ERROR] [error:157]	got error busi back: a425cfa9-5ac1-4607-874c-0534d8196fb6, code: 1007 
[21:05:43.822] [12213] [WARN ] [error:167]	busi err back, erase task failed, cannot find cache task: a425cfa9-5ac1-4607-874c-0534d8196fb6 !  [THE user: test001] 
[21:05:43.822] [22593] [ERROR] [error:157]	got error busi back: a40d7f45-6ee2-4516-a9c4-4cc4396a6f23, code: 1007 
[21:05:43.822] [22593] [WARN ] [error:167]	busi err back, erase task failed, cannot find cache task: a40d7f45-6ee2-4516-a9c4-4cc4396a6f23 !  [THE user: test001] 
[21:05:43.825] [12213] [ERROR] [error:157]	got error busi back: cfafa9d9-98eb-4153-a444-d05885d77a7e, code: 1007 
[21:05:43.825] [12213] [WARN ] [error:167]	busi err back, erase task failed, cannot find cache task: cfafa9d9-98eb-4153-a444-d05885d77a7e !  [THE user: test001] 
[21:05:43.827] [22593] [ERROR] [error:157]	got error busi back: 5edb3deb-5679-45c4-af8e-7a766763231d, code: 1007 
[21:05:43.827] [22593] [WARN ] [error:167]	busi err back, erase task failed, cannot find cache task: 5edb3deb-5679-45c4-af8e-7a766763231d !  [THE user: test001] 
[21:05:43.829] [12213] [ERROR] [error:157]	got error busi back: 27aa2967-ea70-4656-99cd-3f8858454c9d, code: 1007 
[21:05:43.829] [12213] [WARN ] [error:167]	busi err back, erase task failed, cannot find cache task: 27aa2967-ea70-4656-99cd-3f8858454c9d !  [THE user: test001] 
[21:05:43.830] [22593] [ERROR] [error:157]	got error busi back: 59578f7d-4e37-453a-b744-da9c7955eee9, code: 1007 
[21:05:43.830] [22593] [WARN ] [error:167]	busi err back, erase task failed, cannot find cache task: 59578f7d-4e37-453a-b744-da9c7955eee9 !  [THE user: test001] 
[21:05:43.831] [12213] [ERROR] [error:157]	got error busi back: cf3f91b7-dd8d-4024-8737-52689f2aa5f8, code: 1007 
[21:05:43.831] [12213] [WARN ] [error:167]	busi err back, erase task failed, cannot find cache task: cf3f91b7-dd8d-4024-8737-52689f2aa5f8 !  [THE user: test001] 
[21:05:43.833] [22593] [ERROR] [error:157]	got error busi back: 908007e8-a282-4bb3-9c3b-3b1417e19f3c, code: 1007 
[21:05:43.833] [22593] [WARN ] [error:167]	busi err back, erase task failed, cannot find cache task: 908007e8-a282-4bb3-9c3b-3b1417e19f3c !  [THE user: test001] 
[21:05:43.838] [12213] [ERROR] [error:157]	got error busi back: a926fc2b-504d-4761-b0bf-47e08060e938, code: 1007 
[21:05:43.838] [12213] [WARN ] [error:167]	busi err back, erase task failed, cannot find cache task: a926fc2b-504d-4761-b0bf-47e08060e938 !  [THE user: test001] 
[21:05:43.840] [22593] [ERROR] [error:157]	got error busi back: e7e1f08b-4ba6-4215-a894-25a0aeeb7396, code: 1007 
[21:05:43.840] [22593] [WARN ] [error:167]	busi err back, erase task failed, cannot find cache task: e7e1f08b-4ba6-4215-a894-25a0aeeb7396 !  [THE user: test001] 
[21:05:43.841] [22593] [ERROR] [error:157]	got error busi back: f1fac291-a6bb-46a7-8374-ba9371e64352, code: 1007 
[21:05:43.841] [22593] [WARN ] [error:167]	busi err back, erase task failed, cannot find cache task: f1fac291-a6bb-46a7-8374-ba9371e64352 !  [THE user: test001] 
[21:05:43.842] [22593] [ERROR] [error:157]	got error busi back: e5bdd831-07e3-4a30-82ec-7c96609d8869, code: 1007 
[21:05:43.842] [22593] [WARN ] [error:167]	busi err back, erase task failed, cannot find cache task: e5bdd831-07e3-4a30-82ec-7c96609d8869 !  [THE user: test001] 
[21:05:43.843] [22593] [ERROR] [error:157]	got error busi back: b736587d-9a3f-46a5-b380-5d2001483bf7, code: 1007 
[21:05:43.843] [22593] [WARN ] [error:167]	busi err back, erase task failed, cannot find cache task: b736587d-9a3f-46a5-b380-5d2001483bf7 !  [THE user: test001] 
[21:05:43.844] [22593] [ERROR] [error:157]	got error busi back: 5a52949b-4c9e-4d4f-9371-195de7f401af, code: 1007 
[21:05:43.844] [22593] [WARN ] [error:167]	busi err back, erase task failed, cannot find cache task: 5a52949b-4c9e-4d4f-9371-195de7f401af !  [THE user: test001] 
[21:05:43.847] [12213] [ERROR] [error:157]	got error busi back: fc67ed26-d42c-4e76-86bf-b0c6a847a656, code: 1007 
[21:05:43.847] [12213] [WARN ] [error:167]	busi err back, erase task failed, cannot find cache task: fc67ed26-d42c-4e76-86bf-b0c6a847a656 !  [THE user: test001] 
[21:05:43.849] [22593] [ERROR] [error:157]	got error busi back: ba5cfd98-b4b1-4718-9a90-258209a9c66a, code: 1007 
[21:05:43.849] [22593] [WARN ] [error:167]	busi err back, erase task failed, cannot find cache task: ba5cfd98-b4b1-4718-9a90-258209a9c66a !  [THE user: test001] 
[21:05:43.851] [12213] [ERROR] [error:157]	got error busi back: 091b0d01-ffb3-485f-9b51-9c41da6cd70c, code: 1007 
[21:05:43.851] [12213] [WARN ] [error:167]	busi err back, erase task failed, cannot find cache task: 091b0d01-ffb3-485f-9b51-9c41da6cd70c !  [THE user: test001] 
[21:05:43.852] [22593] [ERROR] [error:157]	got error busi back: 0250274b-8c5c-4187-b4c7-7accdb6ef9b5, code: 1007 
[21:05:43.852] [22593] [WARN ] [error:167]	busi err back, erase task failed, cannot find cache task: 0250274b-8c5c-4187-b4c7-7accdb6ef9b5 !  [THE user: test001] 
[21:05:43.853] [12213] [ERROR] [error:157]	got error busi back: 18891c90-06df-4a9c-89ae-92b665d10bb8, code: 1007 
[21:05:43.853] [12213] [WARN ] [error:167]	busi err back, erase task failed, cannot find cache task: 18891c90-06df-4a9c-89ae-92b665d10bb8 !  [THE user: test001] 
[21:05:43.854] [22593] [ERROR] [error:157]	got error busi back: 8875d4e6-9d9d-4163-a7be-366519e67036, code: 1007 
[21:05:43.854] [22593] [WARN ] [error:167]	busi err back, erase task failed, cannot find cache task: 8875d4e6-9d9d-4163-a7be-366519e67036 !  [THE user: test001] 
[21:05:43.856] [12213] [ERROR] [error:157]	got error busi back: 6ec76a0d-40f4-406b-9a8e-843646dc031b, code: 1007 
[21:05:43.856] [12213] [WARN ] [error:167]	busi err back, erase task failed, cannot find cache task: 6ec76a0d-40f4-406b-9a8e-843646dc031b !  [THE user: test001] 
[21:05:43.858] [22593] [ERROR] [error:157]	got error busi back: 08cc42f0-636a-467c-b05a-8286e1653dc4, code: 1007 
[21:05:43.859] [22593] [WARN ] [error:167]	busi err back, erase task failed, cannot find cache task: 08cc42f0-636a-467c-b05a-8286e1653dc4 !  [THE user: test001] 
[21:05:43.862] [12213] [ERROR] [error:157]	got error busi back: 07deee8a-db89-4d09-ad34-7397c7e1645a, code: 1007 
[21:05:43.862] [12213] [WARN ] [error:167]	busi err back, erase task failed, cannot find cache task: 07deee8a-db89-4d09-ad34-7397c7e1645a !  [THE user: test001] 
[21:05:43.863] [22593] [ERROR] [error:157]	got error busi back: 22514f07-4ef7-4313-ba2c-53d6acf47333, code: 1007 
[21:05:43.863] [22593] [WARN ] [error:167]	busi err back, erase task failed, cannot find cache task: 22514f07-4ef7-4313-ba2c-53d6acf47333 !  [THE user: test001] 
[21:05:43.865] [12213] [ERROR] [error:157]	got error busi back: c0366b40-c2a9-48b8-a033-09f63005f952, code: 1007 
[21:05:43.865] [12213] [WARN ] [error:167]	busi err back, erase task failed, cannot find cache task: c0366b40-c2a9-48b8-a033-09f63005f952 !  [THE user: test001] 
[21:05:43.869] [22593] [ERROR] [error:157]	got error busi back: 47e65463-a686-401c-8faf-a2ee65631864, code: 1007 
[21:05:43.869] [22593] [WARN ] [error:167]	busi err back, erase task failed, cannot find cache task: 47e65463-a686-401c-8faf-a2ee65631864 !  [THE user: test001] 
[21:05:43.871] [12213] [ERROR] [error:157]	got error busi back: 33648fc1-05bc-462b-9e61-2d6ee7263dba, code: 1007 
[21:05:43.871] [12213] [WARN ] [error:167]	busi err back, erase task failed, cannot find cache task: 33648fc1-05bc-462b-9e61-2d6ee7263dba !  [THE user: test001] 
[21:05:43.873] [22593] [ERROR] [error:157]	got error busi back: 244ef96d-8541-41e1-b5a3-028c73dad48a, code: 1007 
[21:05:43.873] [22593] [WARN ] [error:167]	busi err back, erase task failed, cannot find cache task: 244ef96d-8541-41e1-b5a3-028c73dad48a !  [THE user: test001] 
[21:05:43.875] [12213] [ERROR] [error:157]	got error busi back: f75aa62d-36f6-4864-bf77-dcb7f47f271a, code: 1007 
[21:05:43.875] [12213] [WARN ] [error:167]	busi err back, erase task failed, cannot find cache task: f75aa62d-36f6-4864-bf77-dcb7f47f271a !  [THE user: test001] 
[21:05:43.879] [22593] [ERROR] [error:157]	got error busi back: 308037b6-4eff-4249-a707-abbabcabb8a8, code: 1007 
[21:05:43.879] [22593] [WARN ] [error:167]	busi err back, erase task failed, cannot find cache task: 308037b6-4eff-4249-a707-abbabcabb8a8 !  [THE user: test001] 
[21:05:43.880] [12213] [ERROR] [error:157]	got error busi back: aef17056-e04f-475d-8cc0-35f5e5e0a38a, code: 1007 
[21:05:43.880] [12213] [WARN ] [error:167]	busi err back, erase task failed, cannot find cache task: aef17056-e04f-475d-8cc0-35f5e5e0a38a !  [THE user: test001] 
[21:05:43.881] [22593] [ERROR] [error:157]	got error busi back: 6d0f588d-3587-4c0f-848b-e7e25cd5ee6e, code: 1007 
[21:05:43.881] [22593] [WARN ] [error:167]	busi err back, erase task failed, cannot find cache task: 6d0f588d-3587-4c0f-848b-e7e25cd5ee6e !  [THE user: test001] 
[21:05:43.882] [12213] [ERROR] [error:157]	got error busi back: 689cc0f7-e07a-4045-9cf3-a572a0a2cf2d, code: 1007 
[21:05:43.882] [12213] [WARN ] [error:167]	busi err back, erase task failed, cannot find cache task: 689cc0f7-e07a-4045-9cf3-a572a0a2cf2d !  [THE user: test001] 
[21:05:43.884] [22593] [ERROR] [error:157]	got error busi back: 716b0af4-1a76-4894-ab39-01a006955946, code: 1007 
[21:05:43.884] [22593] [WARN ] [error:167]	busi err back, erase task failed, cannot find cache task: 716b0af4-1a76-4894-ab39-01a006955946 !  [THE user: test001] 
[21:05:43.887] [12213] [ERROR] [error:157]	got error busi back: a16205d9-bf07-40fb-915e-088e71002bef, code: 1007 
[21:05:43.887] [12213] [WARN ] [error:167]	busi err back, erase task failed, cannot find cache task: a16205d9-bf07-40fb-915e-088e71002bef !  [THE user: test001] 
[21:05:43.890] [22593] [ERROR] [error:157]	got error busi back: 7515218e-bb61-49e7-8df8-b1691aa8782a, code: 1007 
[21:05:43.890] [22593] [WARN ] [error:167]	busi err back, erase task failed, cannot find cache task: 7515218e-bb61-49e7-8df8-b1691aa8782a !  [THE user: test001] 
[21:05:43.891] [12213] [ERROR] [error:157]	got error busi back: df02463e-efd5-4d64-99aa-e09ff4662ef5, code: 1007 
[21:05:43.891] [12213] [WARN ] [error:167]	busi err back, erase task failed, cannot find cache task: df02463e-efd5-4d64-99aa-e09ff4662ef5 !  [THE user: test001] 
[21:05:43.892] [22593] [ERROR] [error:157]	got error busi back: f48fbbca-b644-459e-b952-112a092e15b5, code: 1007 
[21:05:43.892] [22593] [WARN ] [error:167]	busi err back, erase task failed, cannot find cache task: f48fbbca-b644-459e-b952-112a092e15b5 !  [THE user: test001] 
[21:05:43.893] [12213] [ERROR] [error:157]	got error busi back: 74d4c184-06af-40af-86b0-87b89c1ef06a, code: 1007 
[21:05:43.893] [12213] [WARN ] [error:167]	busi err back, erase task failed, cannot find cache task: 74d4c184-06af-40af-86b0-87b89c1ef06a !  [THE user: test001] 
[21:05:43.894] [22593] [ERROR] [error:157]	got error busi back: d72d3e2d-e106-488d-9300-843d0ba09797, code: 1007 
[21:05:43.894] [22593] [WARN ] [error:167]	busi err back, erase task failed, cannot find cache task: d72d3e2d-e106-488d-9300-843d0ba09797 !  [THE user: test001] 
[21:05:43.896] [12213] [ERROR] [error:157]	got error busi back: 0ba474d0-cdff-4704-be89-de8bfa6d0660, code: 1007 
[21:05:43.896] [12213] [WARN ] [error:167]	busi err back, erase task failed, cannot find cache task: 0ba474d0-cdff-4704-be89-de8bfa6d0660 !  [THE user: test001] 
[21:05:43.899] [12213] [ERROR] [error:157]	got error busi back: e234999b-691b-4ccc-8f54-ba8faf199c5c, code: 1007 
[21:05:43.899] [12213] [WARN ] [error:167]	busi err back, erase task failed, cannot find cache task: e234999b-691b-4ccc-8f54-ba8faf199c5c !  [THE user: test001] 
[21:05:43.900] [22593] [ERROR] [error:157]	got error busi back: bba82edb-cbbf-4f51-8d74-0017f5470cec, code: 1007 
[21:05:43.900] [22593] [WARN ] [error:167]	busi err back, erase task failed, cannot find cache task: bba82edb-cbbf-4f51-8d74-0017f5470cec !  [THE user: test001] 
[21:05:43.901] [12213] [ERROR] [error:157]	got error busi back: 086228cf-a771-4300-97ec-8376681ea113, code: 1007 
[21:05:43.901] [12213] [WARN ] [error:167]	busi err back, erase task failed, cannot find cache task: 086228cf-a771-4300-97ec-8376681ea113 !  [THE user: test001] 
[21:05:43.902] [22593] [ERROR] [error:157]	got error busi back: 8fc10e0b-2d75-46c9-aaf7-d557b68d5f38, code: 1007 
[21:05:43.902] [22593] [WARN ] [error:167]	busi err back, erase task failed, cannot find cache task: 8fc10e0b-2d75-46c9-aaf7-d557b68d5f38 !  [THE user: test001] 
[21:05:43.902] [12213] [ERROR] [error:157]	got error busi back: 9fa4bbf2-6051-4165-89c2-d9f75ae2ff4a, code: 1007 
[21:05:43.902] [12213] [WARN ] [error:167]	busi err back, erase task failed, cannot find cache task: 9fa4bbf2-6051-4165-89c2-d9f75ae2ff4a !  [THE user: test001] 
[21:05:43.903] [22593] [ERROR] [error:157]	got error busi back: beb4f556-e2b2-473b-ad4e-7cb90d19264e, code: 1007 
[21:05:43.903] [22593] [WARN ] [error:167]	busi err back, erase task failed, cannot find cache task: beb4f556-e2b2-473b-ad4e-7cb90d19264e !  [THE user: test001] 
[21:05:43.904] [12213] [ERROR] [error:157]	got error busi back: 60031659-e9ce-4092-8d4b-945df6385041, code: 1007 
[21:05:43.904] [12213] [WARN ] [error:167]	busi err back, erase task failed, cannot find cache task: 60031659-e9ce-4092-8d4b-945df6385041 !  [THE user: test001] 
[21:05:43.905] [22593] [ERROR] [error:157]	got error busi back: 3c02e17f-a864-4caa-a13e-ee06ac0e15dd, code: 1007 
[21:05:43.905] [22593] [WARN ] [error:167]	busi err back, erase task failed, cannot find cache task: 3c02e17f-a864-4caa-a13e-ee06ac0e15dd !  [THE user: test001] 
[21:05:43.907] [12213] [ERROR] [error:157]	got error busi back: 014f8a36-3cfa-4605-b133-9ea0c8471e3c, code: 1007 
[21:05:43.907] [12213] [WARN ] [error:167]	busi err back, erase task failed, cannot find cache task: 014f8a36-3cfa-4605-b133-9ea0c8471e3c !  [THE user: test001] 
[21:05:43.910] [22593] [ERROR] [error:157]	got error busi back: 4452d012-3425-499d-9f1f-fea0f036972f, code: 1007 
[21:05:43.910] [22593] [WARN ] [error:167]	busi err back, erase task failed, cannot find cache task: 4452d012-3425-499d-9f1f-fea0f036972f !  [THE user: test001] 
[21:05:43.912] [12213] [ERROR] [error:157]	got error busi back: 18fbf605-2c8f-41f6-ac8d-a849d006aee1, code: 1007 
[21:05:43.912] [12213] [WARN ] [error:167]	busi err back, erase task failed, cannot find cache task: 18fbf605-2c8f-41f6-ac8d-a849d006aee1 !  [THE user: test001] 
[21:05:43.912] [12213] [ERROR] [error:157]	got error busi back: 938b6282-bf9c-4ec3-afab-0509eb08b02c, code: 1007 
[21:05:43.913] [12213] [WARN ] [error:167]	busi err back, erase task failed, cannot find cache task: 938b6282-bf9c-4ec3-afab-0509eb08b02c !  [THE user: test001] 
[21:05:43.913] [12213] [ERROR] [error:157]	got error busi back: 7ec9f453-86d0-4c08-9ef8-db504c3250ed, code: 1007 
[21:05:43.913] [12213] [WARN ] [error:167]	busi err back, erase task failed, cannot find cache task: 7ec9f453-86d0-4c08-9ef8-db504c3250ed !  [THE user: test001] 
[21:05:43.916] [12213] [ERROR] [error:157]	got error busi back: 958ac688-65c7-4e25-8b28-0d5635e0b5c9, code: 1007 
[21:05:43.916] [12213] [WARN ] [error:167]	busi err back, erase task failed, cannot find cache task: 958ac688-65c7-4e25-8b28-0d5635e0b5c9 !  [THE user: test001] 
[21:05:43.918] [12213] [ERROR] [error:157]	got error busi back: a8a7fb41-6eca-4f2a-ae5f-59e6983d5f83, code: 1007 
[21:05:43.918] [12213] [WARN ] [error:167]	busi err back, erase task failed, cannot find cache task: a8a7fb41-6eca-4f2a-ae5f-59e6983d5f83 !  [THE user: test001] 
[21:05:43.920] [12213] [ERROR] [error:157]	got error busi back: 16ae256b-7d7b-436e-bf61-7184e8b47fa5, code: 1007 
[21:05:43.920] [12213] [WARN ] [error:167]	busi err back, erase task failed, cannot find cache task: 16ae256b-7d7b-436e-bf61-7184e8b47fa5 !  [THE user: test001] 
[21:06:32.624] [26270] [ERROR] [consumeBuffer:363]	====> the first buffer seq: 1 
[21:06:32.625] [26269] [ERROR] [consumeBuffer:363]	====> the first buffer seq: 1 
[21:06:32.626] [26268] [ERROR] [consumeBuffer:363]	====> the first buffer seq: 1 
[21:06:32.641] [26271] [ERROR] [consumeBuffer:363]	====> the first buffer seq: 1 
[21:06:42.559] [26270] [ERROR] [consumeBuffer:363]	====> the first buffer seq: 1 
[21:06:42.754] [26269] [ERROR] [consumeBuffer:363]	====> the first buffer seq: 1 
[21:06:42.770] [26268] [ERROR] [consumeBuffer:363]	====> the first buffer seq: 1 
[21:06:42.844] [26271] [ERROR] [consumeBuffer:363]	====> the first buffer seq: 1 
[21:06:48.963] [26270] [ERROR] [consumeBuffer:363]	====> the first buffer seq: 1 
[21:06:49.076] [26269] [ERROR] [consumeBuffer:363]	====> the first buffer seq: 1 
[21:06:49.112] [26268] [ERROR] [consumeBuffer:363]	====> the first buffer seq: 1 
[21:06:49.207] [26271] [ERROR] [consumeBuffer:363]	====> the first buffer seq: 1 
[21:06:54.313] [26270] [ERROR] [consumeBuffer:363]	====> the first buffer seq: 1 
[21:06:54.345] [26268] [ERROR] [consumeBuffer:363]	====> the first buffer seq: 1 
[21:06:54.442] [26269] [ERROR] [consumeBuffer:363]	====> the first buffer seq: 1 
[21:06:54.490] [26271] [ERROR] [consumeBuffer:363]	====> the first buffer seq: 1 
[21:06:58.978] [26270] [ERROR] [consumeBuffer:363]	====> the first buffer seq: 1 
[21:06:59.139] [26268] [ERROR] [consumeBuffer:363]	====> the first buffer seq: 1 
[21:06:59.229] [26271] [ERROR] [consumeBuffer:363]	====> the first buffer seq: 1 
[21:06:59.332] [26269] [ERROR] [consumeBuffer:363]	====> the first buffer seq: 1 
[21:07:03.878] [26270] [ERROR] [consumeBuffer:363]	====> the first buffer seq: 1 
[21:07:04.045] [26268] [ERROR] [consumeBuffer:363]	====> the first buffer seq: 1 
[21:07:04.158] [26271] [ERROR] [consumeBuffer:363]	====> the first buffer seq: 1 
[21:07:04.382] [26269] [ERROR] [consumeBuffer:363]	====> the first buffer seq: 1 
[21:07:08.501] [26270] [ERROR] [consumeBuffer:363]	====> the first buffer seq: 1 
[21:07:08.848] [26271] [ERROR] [consumeBuffer:363]	====> the first buffer seq: 1 
[21:07:08.860] [26268] [ERROR] [consumeBuffer:363]	====> the first buffer seq: 1 
[21:07:09.038] [26269] [ERROR] [consumeBuffer:363]	====> the first buffer seq: 1 
[21:07:13.103] [26270] [ERROR] [consumeBuffer:363]	====> the first buffer seq: 1 
[21:07:13.564] [26271] [ERROR] [consumeBuffer:363]	====> the first buffer seq: 1 
[21:07:13.579] [26268] [ERROR] [consumeBuffer:363]	====> the first buffer seq: 1 
[21:07:13.792] [26269] [ERROR] [consumeBuffer:363]	====> the first buffer seq: 1 
[21:07:17.617] [26270] [ERROR] [consumeBuffer:363]	====> the first buffer seq: 1 
[21:07:18.231] [26271] [ERROR] [consumeBuffer:363]	====> the first buffer seq: 1 
[21:07:18.465] [26269] [ERROR] [consumeBuffer:363]	====> the first buffer seq: 1 
[21:07:18.493] [26268] [ERROR] [consumeBuffer:363]	====> the first buffer seq: 1 
[21:07:22.060] [26270] [ERROR] [consumeBuffer:363]	====> the first buffer seq: 1 
[21:07:23.122] [26271] [ERROR] [consumeBuffer:363]	====> the first buffer seq: 1 
[21:07:23.232] [26268] [ERROR] [consumeBuffer:363]	====> the first buffer seq: 1 
[21:07:23.320] [26269] [ERROR] [consumeBuffer:363]	====> the first buffer seq: 1 
[21:07:26.366] [26270] [ERROR] [consumeBuffer:363]	====> the first buffer seq: 1 
[21:07:27.830] [26271] [ERROR] [consumeBuffer:363]	====> the first buffer seq: 1 
[21:07:27.967] [26268] [ERROR] [consumeBuffer:363]	====> the first buffer seq: 1 
[21:07:28.004] [26269] [ERROR] [consumeBuffer:363]	====> the first buffer seq: 1 
[21:07:30.680] [26270] [ERROR] [consumeBuffer:363]	====> the first buffer seq: 1 
[21:07:32.510] [26271] [ERROR] [consumeBuffer:363]	====> the first buffer seq: 1 
[21:07:32.793] [26269] [ERROR] [consumeBuffer:363]	====> the first buffer seq: 1 
[21:07:32.838] [26268] [ERROR] [consumeBuffer:363]	====> the first buffer seq: 1 
[21:07:35.158] [26270] [ERROR] [consumeBuffer:363]	====> the first buffer seq: 1 
[21:07:37.131] [26271] [ERROR] [consumeBuffer:363]	====> the first buffer seq: 1 
[21:07:37.344] [26269] [ERROR] [consumeBuffer:363]	====> the first buffer seq: 1 
[21:07:37.406] [26268] [ERROR] [consumeBuffer:363]	====> the first buffer seq: 1 
[21:07:39.333] [26270] [ERROR] [consumeBuffer:363]	====> the first buffer seq: 1 
[21:07:41.422] [26271] [ERROR] [consumeBuffer:363]	====> the first buffer seq: 1 
[21:07:41.834] [26268] [ERROR] [consumeBuffer:363]	====> the first buffer seq: 1 
[21:07:41.989] [26269] [ERROR] [consumeBuffer:363]	====> the first buffer seq: 1 
[21:07:43.849] [26270] [ERROR] [consumeBuffer:363]	====> the first buffer seq: 1 
[21:07:45.937] [26271] [ERROR] [consumeBuffer:363]	====> the first buffer seq: 1 
[21:07:46.243] [26268] [ERROR] [consumeBuffer:363]	====> the first buffer seq: 1 
[21:07:46.512] [26269] [ERROR] [consumeBuffer:363]	====> the first buffer seq: 1 
[21:07:48.141] [26270] [ERROR] [consumeBuffer:363]	====> the first buffer seq: 1 
[21:07:50.488] [26271] [ERROR] [consumeBuffer:363]	====> the first buffer seq: 1 
[21:07:51.223] [26268] [ERROR] [consumeBuffer:363]	====> the first buffer seq: 1 
[21:07:51.395] [26269] [ERROR] [consumeBuffer:363]	====> the first buffer seq: 1 
[21:07:53.094] [26270] [ERROR] [consumeBuffer:363]	====> the first buffer seq: 1 
[21:07:55.546] [26271] [ERROR] [consumeBuffer:363]	====> the first buffer seq: 1 
[21:07:56.513] [26268] [ERROR] [consumeBuffer:363]	====> the first buffer seq: 1 
[21:07:56.544] [26269] [ERROR] [consumeBuffer:363]	====> the first buffer seq: 1 
[21:07:58.025] [26270] [ERROR] [consumeBuffer:363]	====> the first buffer seq: 1 
[21:08:00.102] [26271] [ERROR] [consumeBuffer:363]	====> the first buffer seq: 1 
[21:08:01.159] [26268] [ERROR] [consumeBuffer:363]	====> the first buffer seq: 1 
[21:08:01.194] [26269] [ERROR] [consumeBuffer:363]	====> the first buffer seq: 1 
[21:08:02.279] [26270] [ERROR] [consumeBuffer:363]	====> the first buffer seq: 1 
[21:08:04.544] [26271] [ERROR] [consumeBuffer:363]	====> the first buffer seq: 1 
[21:08:05.576] [26268] [ERROR] [consumeBuffer:363]	====> the first buffer seq: 1 
[21:08:05.715] [26269] [ERROR] [consumeBuffer:363]	====> the first buffer seq: 1 
[21:08:06.686] [26270] [ERROR] [consumeBuffer:363]	====> the first buffer seq: 1 
[21:08:09.032] [26271] [ERROR] [consumeBuffer:363]	====> the first buffer seq: 1 
[21:08:10.167] [26268] [ERROR] [consumeBuffer:363]	====> the first buffer seq: 1 
[21:08:10.176] [26269] [ERROR] [consumeBuffer:363]	====> the first buffer seq: 1 
[21:08:10.997] [26270] [ERROR] [consumeBuffer:363]	====> the first buffer seq: 1 
[21:08:13.292] [26271] [ERROR] [consumeBuffer:363]	====> the first buffer seq: 1 
[21:08:15.187] [26269] [ERROR] [consumeBuffer:363]	====> the first buffer seq: 1 
[21:08:15.199] [26268] [ERROR] [consumeBuffer:363]	====> the first buffer seq: 1 
[21:08:15.898] [26270] [ERROR] [consumeBuffer:363]	====> the first buffer seq: 1 
[21:08:18.210] [26271] [ERROR] [consumeBuffer:363]	====> the first buffer seq: 1 
[21:08:19.963] [26269] [ERROR] [consumeBuffer:363]	====> the first buffer seq: 1 
[21:08:20.034] [26268] [ERROR] [consumeBuffer:363]	====> the first buffer seq: 1 
[21:08:20.524] [26270] [ERROR] [consumeBuffer:363]	====> the first buffer seq: 1 
[21:08:23.554] [26271] [ERROR] [consumeBuffer:363]	====> the first buffer seq: 1 
[21:08:24.950] [26269] [ERROR] [consumeBuffer:363]	====> the first buffer seq: 1 
[21:08:25.043] [26268] [ERROR] [consumeBuffer:363]	====> the first buffer seq: 1 
[21:08:25.452] [26270] [ERROR] [consumeBuffer:363]	====> the first buffer seq: 1 
[21:08:27.706] [26271] [ERROR] [consumeBuffer:363]	====> the first buffer seq: 1 
[21:08:29.438] [26269] [ERROR] [consumeBuffer:363]	====> the first buffer seq: 1 
[21:08:29.540] [26268] [ERROR] [consumeBuffer:363]	====> the first buffer seq: 1 
[21:08:30.463] [26270] [ERROR] [consumeBuffer:363]	====> the first buffer seq: 1 
[21:08:32.116] [26271] [ERROR] [consumeBuffer:363]	====> the first buffer seq: 1 
[21:08:34.087] [26268] [ERROR] [consumeBuffer:363]	====> the first buffer seq: 1 
[21:08:34.107] [26269] [ERROR] [consumeBuffer:363]	====> the first buffer seq: 1 
[21:17:22.534] [25075] [WARN ] [~MpcMemPool:48]	the mempool is freed! 
