[16:41:27.267] [24823] [INFO ] [JNI_OnLoad:24]	jvm onload success ! 
[16:41:27.268] [24823] [INFO ] [init:111]	JniNativeCallback init ok. 
[16:41:27.268] [24823] [INFO ] [init:136]	to init engine, user: test001, mode: 0, proxyEndpoint: ProxyGlacier2/router:tcp -h 202.114.114.46 -p 4502 -t 11000 
[16:41:27.268] [24823] [WARN ] [init:158]	Cannot find the --Mpc.Data=xxxxx config item ! 
[16:41:27.268] [24823] [INFO ] [parseCircuits:365]	** preload circuit:  /home/lmars/gc/localmoran.gc 
[16:41:27.268] [24823] [INFO ] [init:172]	the --Mpc.Circuits=/home/lmars/gc/localmoran.gc is set ! 
[16:41:29.286] [24823] [INFO ] [resolveCiruit:326]	** circuit resolve => circuit: /home/lmars/gc/localmoran.gc , gates: 3230476, andGate: 900086, wires: 3237068, cost time: 2.018716 seconds, speed: 1600262.904566 (gc / second) ** 
[16:41:29.287] [24823] [INFO ] [CircuitFile:108]	circuit: /home/lmars/gc/localmoran.gc,  hash: 1AB21D8355CFA17F8E61194831E81A8F22BEC8C728FEFB747ED035EB5082AA2B 
[16:41:29.287] [24823] [INFO ] [init:188]	preload circuits ok ! 
[16:41:29.287] [24823] [INFO ] [init:212]	Not start node server ! use proxy forward ! 
[16:41:29.287] [24823] [INFO ] [MpcTaskDispatcher:39]	construct task dispatcher, with 8 processor, load balence is: 16384 
[16:41:29.287] [24823] [INFO ] [init:63]	INIT the processor: 0, type: 0 ok 
[16:41:29.288] [24952] [INFO ] [operator():54]	task processor: 0 is running... 
[16:41:29.288] [24823] [INFO ] [init:63]	INIT the processor: 1, type: 0 ok 
[16:41:29.288] [24952] [INFO ] [popInvitorReadyTask:270]	to POP a ready task from ready invitor queue to processor, now read_num: 0 ... 
[16:41:29.288] [24953] [INFO ] [operator():54]	task processor: 1 is running... 
[16:41:29.288] [24954] [INFO ] [operator():54]	task processor: 2 is running... 
[16:41:29.288] [24954] [INFO ] [popInvitorReadyTask:270]	to POP a ready task from ready invitor queue to processor, now read_num: 0 ... 
[16:41:29.288] [24953] [INFO ] [popInvitorReadyTask:270]	to POP a ready task from ready invitor queue to processor, now read_num: 0 ... 
[16:41:29.288] [24823] [INFO ] [init:63]	INIT the processor: 2, type: 0 ok 
[16:41:29.288] [24823] [INFO ] [init:63]	INIT the processor: 3, type: 0 ok 
[16:41:29.288] [24955] [INFO ] [operator():54]	task processor: 3 is running... 
[16:41:29.288] [24823] [INFO ] [init:63]	INIT the processor: 4, type: 1 ok 
[16:41:29.288] [24956] [INFO ] [operator():54]	task processor: 4 is running... 
[16:41:29.288] [24955] [INFO ] [popInvitorReadyTask:270]	to POP a ready task from ready invitor queue to processor, now read_num: 0 ... 
[16:41:29.288] [24823] [INFO ] [init:63]	INIT the processor: 5, type: 1 ok 
[16:41:29.288] [24956] [INFO ] [popInviteeReadyTask:208]	to POP a ready task from ready invitee queue to processor, now read_num: 0 ... 
[16:41:29.288] [24957] [INFO ] [operator():54]	task processor: 5 is running... 
[16:41:29.288] [24957] [INFO ] [popInviteeReadyTask:208]	to POP a ready task from ready invitee queue to processor, now read_num: 0 ... 
[16:41:29.288] [24823] [INFO ] [init:63]	INIT the processor: 6, type: 1 ok 
[16:41:29.288] [24958] [INFO ] [operator():54]	task processor: 6 is running... 
[16:41:29.288] [24958] [INFO ] [popInviteeReadyTask:208]	to POP a ready task from ready invitee queue to processor, now read_num: 0 ... 
[16:41:29.288] [24823] [INFO ] [init:63]	INIT the processor: 7, type: 1 ok 
[16:41:29.288] [24823] [INFO ] [init:234]	INIT task dispatcher done ! 
[16:41:29.288] [24959] [INFO ] [operator():54]	task processor: 7 is running... 
[16:41:29.288] [24959] [INFO ] [popInviteeReadyTask:208]	to POP a ready task from ready invitee queue to processor, now read_num: 0 ... 
[16:41:29.290] [24823] [INFO ] [init:64]	connect to busi proxy server endpoint: ProxyGlacier2/router:tcp -h 202.114.114.46 -p 4502 -t 11000 
[16:41:29.303] [24965] [INFO ] [connected:34]	to get session... 
[16:41:29.303] [24965] [INFO ] [connected:38]	to get create busi node callback... 
[16:41:29.303] [24965] [INFO ] [connected:46]	to set node callback, public endpoint: ProxyGlacier2/router:tcp -h 202.114.114.46 -p 4502 -t 11000, user: test001 ... 
[16:41:29.308] [24965] [WARN ] [connected:55]	the busi session create success. 
[16:41:29.798] [24823] [INFO ] [init:69]	waiting for node busi client inited ... timeout 1s.. 
[16:41:29.798] [24823] [INFO ] [init:74]	the busi node communicator is prepared !!!! 
[16:41:29.799] [24823] [INFO ] [init:86]	INIT busi node client success. user: test001, proxyEndpoint: ProxyGlacier2/router:tcp -h 202.114.114.46 -p 4502 -t 11000 
[16:41:29.799] [24823] [INFO ] [init:244]	INIT busi node client done ! 
[16:41:29.799] [24823] [INFO ] [init:48]	input ready process init ok. 
[16:41:29.799] [24823] [INFO ] [init:253]	INIT input ready processor done ! 
[16:41:29.799] [24823] [INFO ] [init:48]	ready process init ok. max request queue size: 4 
[16:41:29.799] [24823] [INFO ] [init:263]	INIT ready processor done ! 
[16:41:29.799] [25006] [INFO ] [popCommitTask:127]	to POP a commit task, task size: 0  ... 
[16:41:29.799] [24823] [INFO ] [init:269]	Mpc engine init success. 
[16:41:29.800] [24823] [INFO ] [Java_com_juzix_jugo_node_jni_NativeInterface_setDataLogLevel:155]	init the log to level: 3, data log state: 0 
[16:41:34.512] [24964] [WARN ] [MpcMemPool:42]	the mempool construction, size: 134217728, mem: 0x7fca81bee010 
[16:41:34.546] [24956] [ERROR] [consumeBuffer:363]	====> the first buffer seq: 1 
[16:41:34.651] [24957] [ERROR] [consumeBuffer:363]	====> the first buffer seq: 1 
[16:41:34.660] [24958] [ERROR] [consumeBuffer:363]	====> the first buffer seq: 1 
[16:41:34.714] [24959] [ERROR] [consumeBuffer:363]	====> the first buffer seq: 1 
[16:41:45.917] [24956] [ERROR] [consumeBuffer:363]	====> the first buffer seq: 1 
[16:41:45.987] [24959] [ERROR] [consumeBuffer:363]	====> the first buffer seq: 1 
[16:41:46.079] [24957] [ERROR] [consumeBuffer:363]	====> the first buffer seq: 1 
[16:41:46.124] [24958] [ERROR] [consumeBuffer:363]	====> the first buffer seq: 1 
[16:41:54.583] [24959] [ERROR] [consumeBuffer:363]	====> the first buffer seq: 1 
[16:41:54.642] [24956] [ERROR] [consumeBuffer:363]	====> the first buffer seq: 1 
[16:41:54.900] [24957] [ERROR] [consumeBuffer:363]	====> the first buffer seq: 1 
[16:41:55.031] [24958] [ERROR] [consumeBuffer:363]	====> the first buffer seq: 1 
[16:42:03.264] [24956] [ERROR] [consumeBuffer:363]	====> the first buffer seq: 1 
[16:42:03.396] [24959] [ERROR] [consumeBuffer:363]	====> the first buffer seq: 1 
[16:42:03.665] [24957] [ERROR] [consumeBuffer:363]	====> the first buffer seq: 1 
[16:42:03.781] [24958] [ERROR] [consumeBuffer:363]	====> the first buffer seq: 1 
[16:42:11.994] [24956] [ERROR] [consumeBuffer:363]	====> the first buffer seq: 1 
[16:42:12.091] [24959] [ERROR] [consumeBuffer:363]	====> the first buffer seq: 1 
[16:42:12.393] [24958] [ERROR] [consumeBuffer:363]	====> the first buffer seq: 1 
[16:42:12.428] [24957] [ERROR] [consumeBuffer:363]	====> the first buffer seq: 1 
[16:42:20.842] [24956] [ERROR] [consumeBuffer:363]	====> the first buffer seq: 1 
[16:42:21.061] [24959] [ERROR] [consumeBuffer:363]	====> the first buffer seq: 1 
[16:42:21.373] [24958] [ERROR] [consumeBuffer:363]	====> the first buffer seq: 1 
[16:42:21.487] [24957] [ERROR] [consumeBuffer:363]	====> the first buffer seq: 1 
[16:42:29.650] [24956] [ERROR] [consumeBuffer:363]	====> the first buffer seq: 1 
[16:42:29.955] [24959] [ERROR] [consumeBuffer:363]	====> the first buffer seq: 1 
[16:42:30.615] [24957] [ERROR] [consumeBuffer:363]	====> the first buffer seq: 1 
[16:42:30.661] [24958] [ERROR] [consumeBuffer:363]	====> the first buffer seq: 1 
[16:42:38.787] [24956] [ERROR] [consumeBuffer:363]	====> the first buffer seq: 1 
[16:42:38.835] [24959] [ERROR] [consumeBuffer:363]	====> the first buffer seq: 1 
[16:42:39.599] [24957] [ERROR] [consumeBuffer:363]	====> the first buffer seq: 1 
[16:42:39.688] [24958] [ERROR] [consumeBuffer:363]	====> the first buffer seq: 1 
[16:42:47.428] [24959] [ERROR] [consumeBuffer:363]	====> the first buffer seq: 1 
[16:42:47.570] [24956] [ERROR] [consumeBuffer:363]	====> the first buffer seq: 1 
[16:42:48.395] [24958] [ERROR] [consumeBuffer:363]	====> the first buffer seq: 1 
[16:42:48.610] [24957] [ERROR] [consumeBuffer:363]	====> the first buffer seq: 1 
[16:42:56.273] [24956] [ERROR] [consumeBuffer:363]	====> the first buffer seq: 1 
[16:42:56.380] [24959] [ERROR] [consumeBuffer:363]	====> the first buffer seq: 1 
[16:42:57.249] [24957] [ERROR] [consumeBuffer:363]	====> the first buffer seq: 1 
[16:42:57.305] [24958] [ERROR] [consumeBuffer:363]	====> the first buffer seq: 1 
[16:43:04.973] [24956] [ERROR] [consumeBuffer:363]	====> the first buffer seq: 1 
[16:43:05.206] [24959] [ERROR] [consumeBuffer:363]	====> the first buffer seq: 1 
[16:43:06.250] [24957] [ERROR] [consumeBuffer:363]	====> the first buffer seq: 1 
[16:43:06.323] [24958] [ERROR] [consumeBuffer:363]	====> the first buffer seq: 1 
[16:43:13.854] [24956] [ERROR] [consumeBuffer:363]	====> the first buffer seq: 1 
[16:43:14.180] [24959] [ERROR] [consumeBuffer:363]	====> the first buffer seq: 1 
[16:43:15.269] [24958] [ERROR] [consumeBuffer:363]	====> the first buffer seq: 1 
[16:43:15.558] [24957] [ERROR] [consumeBuffer:363]	====> the first buffer seq: 1 
[16:43:22.235] [24956] [ERROR] [consumeBuffer:363]	====> the first buffer seq: 1 
[16:43:22.767] [24959] [ERROR] [consumeBuffer:363]	====> the first buffer seq: 1 
[16:43:24.104] [24958] [ERROR] [consumeBuffer:363]	====> the first buffer seq: 1 
[16:43:24.139] [24957] [ERROR] [consumeBuffer:363]	====> the first buffer seq: 1 
[16:43:30.771] [24956] [ERROR] [consumeBuffer:363]	====> the first buffer seq: 1 
[16:43:31.627] [24959] [ERROR] [consumeBuffer:363]	====> the first buffer seq: 1 
[16:43:32.893] [24958] [ERROR] [consumeBuffer:363]	====> the first buffer seq: 1 
[16:43:32.920] [24957] [ERROR] [consumeBuffer:363]	====> the first buffer seq: 1 
[16:43:39.321] [24956] [ERROR] [consumeBuffer:363]	====> the first buffer seq: 1 
[16:43:40.180] [24959] [ERROR] [consumeBuffer:363]	====> the first buffer seq: 1 
[16:43:41.850] [24958] [ERROR] [consumeBuffer:363]	====> the first buffer seq: 1 
[16:43:41.956] [24957] [ERROR] [consumeBuffer:363]	====> the first buffer seq: 1 
[16:43:48.649] [24956] [ERROR] [consumeBuffer:363]	====> the first buffer seq: 1 
[16:43:49.267] [24959] [ERROR] [consumeBuffer:363]	====> the first buffer seq: 1 
[16:43:50.905] [24958] [ERROR] [consumeBuffer:363]	====> the first buffer seq: 1 
[16:43:51.105] [24957] [ERROR] [consumeBuffer:363]	====> the first buffer seq: 1 
[16:43:58.990] [24956] [ERROR] [consumeBuffer:363]	====> the first buffer seq: 1 
[16:43:59.716] [24959] [ERROR] [consumeBuffer:363]	====> the first buffer seq: 1 
[16:44:01.972] [24957] [ERROR] [consumeBuffer:363]	====> the first buffer seq: 1 
[16:44:01.999] [24958] [ERROR] [consumeBuffer:363]	====> the first buffer seq: 1 
[16:44:08.771] [24956] [ERROR] [consumeBuffer:363]	====> the first buffer seq: 1 
[16:44:09.202] [24959] [ERROR] [consumeBuffer:363]	====> the first buffer seq: 1 
[16:44:11.317] [24957] [ERROR] [consumeBuffer:363]	====> the first buffer seq: 1 
[16:44:11.502] [24958] [ERROR] [consumeBuffer:363]	====> the first buffer seq: 1 
[16:44:18.071] [24956] [ERROR] [consumeBuffer:363]	====> the first buffer seq: 1 
[16:44:18.361] [24959] [ERROR] [consumeBuffer:363]	====> the first buffer seq: 1 
[16:44:20.062] [24957] [ERROR] [consumeBuffer:363]	====> the first buffer seq: 1 
[16:44:20.469] [24958] [ERROR] [consumeBuffer:363]	====> the first buffer seq: 1 
[16:44:27.025] [24956] [ERROR] [consumeBuffer:363]	====> the first buffer seq: 1 
[16:44:27.315] [24959] [ERROR] [consumeBuffer:363]	====> the first buffer seq: 1 
[16:44:29.118] [24957] [ERROR] [consumeBuffer:363]	====> the first buffer seq: 1 
[16:44:29.582] [24958] [ERROR] [consumeBuffer:363]	====> the first buffer seq: 1 
[16:44:36.122] [24956] [ERROR] [consumeBuffer:363]	====> the first buffer seq: 1 
[16:44:36.363] [24959] [ERROR] [consumeBuffer:363]	====> the first buffer seq: 1 
[16:44:38.326] [24957] [ERROR] [consumeBuffer:363]	====> the first buffer seq: 1 
[16:44:38.761] [24958] [ERROR] [consumeBuffer:363]	====> the first buffer seq: 1 
[16:44:44.876] [24956] [ERROR] [consumeBuffer:363]	====> the first buffer seq: 1 
[16:44:45.056] [24959] [ERROR] [consumeBuffer:363]	====> the first buffer seq: 1 
[16:44:47.310] [24957] [ERROR] [consumeBuffer:363]	====> the first buffer seq: 1 
[16:44:47.792] [24958] [ERROR] [consumeBuffer:363]	====> the first buffer seq: 1 
[16:44:53.629] [24956] [ERROR] [consumeBuffer:363]	====> the first buffer seq: 1 
[16:44:53.704] [24959] [ERROR] [consumeBuffer:363]	====> the first buffer seq: 1 
[16:44:56.212] [24957] [ERROR] [consumeBuffer:363]	====> the first buffer seq: 1 
[16:44:56.391] [24958] [ERROR] [consumeBuffer:363]	====> the first buffer seq: 1 
[16:45:02.501] [24956] [ERROR] [consumeBuffer:363]	====> the first buffer seq: 1 
[16:45:02.775] [24959] [ERROR] [consumeBuffer:363]	====> the first buffer seq: 1 
[16:45:05.399] [24957] [ERROR] [consumeBuffer:363]	====> the first buffer seq: 1 
[16:45:05.481] [24958] [ERROR] [consumeBuffer:363]	====> the first buffer seq: 1 
[16:45:11.804] [24959] [ERROR] [consumeBuffer:363]	====> the first buffer seq: 1 
[16:45:11.947] [24956] [ERROR] [consumeBuffer:363]	====> the first buffer seq: 1 
[16:45:14.435] [24958] [ERROR] [consumeBuffer:363]	====> the first buffer seq: 1 
[16:45:14.760] [24957] [ERROR] [consumeBuffer:363]	====> the first buffer seq: 1 
[17:16:47.084] [24253] [WARN ] [~MpcMemPool:48]	the mempool is freed! 
