[14:21:26.895] [21424] [INFO ] [JNI_OnLoad:24]	jvm onload success ! 
[14:21:26.896] [21424] [INFO ] [init:111]	JniNativeCallback init ok. 
[14:21:26.896] [21424] [INFO ] [init:136]	to init engine, user: test003, mode: 0, proxyEndpoint: ProxyGlacier2/router:tcp -h 202.114.114.46 -p 4502 -t 11000 
[14:21:26.896] [21424] [WARN ] [init:158]	Cannot find the --Mpc.Data=xxxxx config item ! 
[14:21:26.896] [21424] [INFO ] [parseCircuits:365]	** preload circuit:  /home/lmars/gc/crossk10_10.gc 
[14:21:26.896] [21424] [INFO ] [init:172]	the --Mpc.Circuits=/home/lmars/gc/crossk10_10.gc is set ! 
[14:21:28.095] [21424] [INFO ] [resolveCiruit:326]	** circuit resolve => circuit: /home/lmars/gc/crossk10_10.gc , gates: 2476000, andGate: 825500, wires: 2478560, cost time: 1.198941 seconds, speed: 2065156.568857 (gc / second) ** 
[14:21:28.095] [21424] [INFO ] [CircuitFile:108]	circuit: /home/lmars/gc/crossk10_10.gc,  hash: 1AB21D8355CFA17F8E61194831E81A8F22BEC8C728FEFB747ED035EB5082AA2B 
[14:21:28.095] [21424] [INFO ] [init:188]	preload circuits ok ! 
[14:21:28.095] [21424] [INFO ] [init:212]	Not start node server ! use proxy forward ! 
[14:21:28.096] [21424] [INFO ] [MpcTaskDispatcher:39]	construct task dispatcher, with 8 processor, load balence is: 16384 
[14:21:28.096] [21424] [INFO ] [init:63]	INIT the processor: 0, type: 0 ok 
[14:21:28.096] [22349] [INFO ] [operator():54]	task processor: 0 is running... 
[14:21:28.096] [22350] [INFO ] [operator():54]	task processor: 1 is running... 
[14:21:28.096] [22349] [INFO ] [popInvitorReadyTask:270]	to POP a ready task from ready invitor queue to processor, now read_num: 0 ... 
[14:21:28.096] [21424] [INFO ] [init:63]	INIT the processor: 1, type: 0 ok 
[14:21:28.096] [22350] [INFO ] [popInvitorReadyTask:270]	to POP a ready task from ready invitor queue to processor, now read_num: 0 ... 
[14:21:28.096] [21424] [INFO ] [init:63]	INIT the processor: 2, type: 0 ok 
[14:21:28.096] [22351] [INFO ] [operator():54]	task processor: 2 is running... 
[14:21:28.096] [21424] [INFO ] [init:63]	INIT the processor: 3, type: 0 ok 
[14:21:28.096] [22352] [INFO ] [operator():54]	task processor: 3 is running... 
[14:21:28.096] [22351] [INFO ] [popInvitorReadyTask:270]	to POP a ready task from ready invitor queue to processor, now read_num: 0 ... 
[14:21:28.096] [21424] [INFO ] [init:63]	INIT the processor: 4, type: 1 ok 
[14:21:28.096] [22352] [INFO ] [popInvitorReadyTask:270]	to POP a ready task from ready invitor queue to processor, now read_num: 0 ... 
[14:21:28.096] [22353] [INFO ] [operator():54]	task processor: 4 is running... 
[14:21:28.096] [21424] [INFO ] [init:63]	INIT the processor: 5, type: 1 ok 
[14:21:28.096] [22353] [INFO ] [popInviteeReadyTask:208]	to POP a ready task from ready invitee queue to processor, now read_num: 0 ... 
[14:21:28.096] [21424] [INFO ] [init:63]	INIT the processor: 6, type: 1 ok 
[14:21:28.096] [22354] [INFO ] [operator():54]	task processor: 5 is running... 
[14:21:28.096] [21424] [INFO ] [init:63]	INIT the processor: 7, type: 1 ok 
[14:21:28.096] [21424] [INFO ] [init:234]	INIT task dispatcher done ! 
[14:21:28.096] [22355] [INFO ] [operator():54]	task processor: 6 is running... 
[14:21:28.097] [22355] [INFO ] [popInviteeReadyTask:208]	to POP a ready task from ready invitee queue to processor, now read_num: 0 ... 
[14:21:28.097] [22356] [INFO ] [operator():54]	task processor: 7 is running... 
[14:21:28.097] [22356] [INFO ] [popInviteeReadyTask:208]	to POP a ready task from ready invitee queue to processor, now read_num: 0 ... 
[14:21:28.097] [22354] [INFO ] [popInviteeReadyTask:208]	to POP a ready task from ready invitee queue to processor, now read_num: 0 ... 
[14:21:28.097] [21424] [INFO ] [init:64]	connect to busi proxy server endpoint: ProxyGlacier2/router:tcp -h 202.114.114.46 -p 4502 -t 11000 
[14:21:28.110] [22361] [INFO ] [connected:34]	to get session... 
[14:21:28.110] [22361] [INFO ] [connected:38]	to get create busi node callback... 
[14:21:28.110] [22361] [INFO ] [connected:46]	to set node callback, public endpoint: ProxyGlacier2/router:tcp -h 202.114.114.46 -p 4502 -t 11000, user: test003 ... 
[14:21:28.112] [22361] [WARN ] [connected:55]	the busi session create success. 
[14:21:28.605] [21424] [INFO ] [init:69]	waiting for node busi client inited ... timeout 1s.. 
[14:21:28.605] [21424] [INFO ] [init:74]	the busi node communicator is prepared !!!! 
[14:21:28.605] [21424] [INFO ] [init:86]	INIT busi node client success. user: test003, proxyEndpoint: ProxyGlacier2/router:tcp -h 202.114.114.46 -p 4502 -t 11000 
[14:21:28.605] [21424] [INFO ] [init:244]	INIT busi node client done ! 
[14:21:28.605] [21424] [INFO ] [init:48]	input ready process init ok. 
[14:21:28.605] [21424] [INFO ] [init:253]	INIT input ready processor done ! 
[14:21:28.605] [21424] [INFO ] [init:48]	ready process init ok. max request queue size: 4 
[14:21:28.605] [21424] [INFO ] [init:263]	INIT ready processor done ! 
[14:21:28.605] [22398] [INFO ] [popCommitTask:127]	to POP a commit task, task size: 0  ... 
[14:21:28.605] [21424] [INFO ] [init:269]	Mpc engine init success. 
[14:21:28.606] [21424] [INFO ] [Java_com_juzix_jugo_node_jni_NativeInterface_setDataLogLevel:155]	init the log to level: 3, data log state: 0 
