[15:33:37.429] [11726] [INFO ] [JNI_OnLoad:24]	jvm onload success ! 
[15:33:37.431] [11726] [INFO ] [init:111]	JniNativeCallback init ok. 
[15:33:37.431] [11726] [INFO ] [init:136]	to init engine, user: test001, mode: 0, proxyEndpoint: ProxyGlacier2/router:tcp -h 202.114.114.46 -p 4502 -t 11000 
[15:33:37.431] [11726] [WARN ] [init:158]	Cannot find the --Mpc.Data=xxxxx config item ! 
[15:33:37.431] [11726] [WARN ] [init:178]	Cannot find the --Mpc.Circuits=xxxxx config item ! not preload circuits !! 
[15:33:37.431] [11726] [INFO ] [init:188]	preload circuits ok ! 
[15:33:37.431] [11726] [INFO ] [init:212]	Not start node server ! use proxy forward ! 
[15:33:37.432] [11726] [INFO ] [MpcTaskDispatcher:39]	construct task dispatcher, with 8 processor, load balence is: 16384 
[15:33:37.432] [11726] [INFO ] [init:63]	INIT the processor: 0, type: 0 ok 
[15:33:37.432] [11726] [INFO ] [init:63]	INIT the processor: 1, type: 0 ok 
[15:33:37.432] [11726] [INFO ] [init:63]	INIT the processor: 2, type: 0 ok 
[15:33:37.432] [11726] [INFO ] [init:63]	INIT the processor: 3, type: 0 ok 
[15:33:37.432] [11726] [INFO ] [init:63]	INIT the processor: 4, type: 1 ok 
[15:33:37.432] [11726] [INFO ] [init:63]	INIT the processor: 5, type: 1 ok 
[15:33:37.432] [11726] [INFO ] [init:63]	INIT the processor: 6, type: 1 ok 
[15:33:37.433] [11726] [INFO ] [init:63]	INIT the processor: 7, type: 1 ok 
[15:33:37.433] [11726] [INFO ] [init:234]	INIT task dispatcher done ! 
[15:33:37.434] [11745] [INFO ] [operator():54]	task processor: 7 is running... 
[15:33:37.434] [11726] [INFO ] [init:64]	connect to busi proxy server endpoint: ProxyGlacier2/router:tcp -h 202.114.114.46 -p 4502 -t 11000 
[15:33:37.434] [11745] [INFO ] [popInviteeReadyTask:208]	to POP a ready task from ready invitee queue to processor, now read_num: 0 ... 
[15:33:37.436] [11743] [INFO ] [operator():54]	task processor: 5 is running... 
[15:33:37.436] [11738] [INFO ] [operator():54]	task processor: 0 is running... 
[15:33:37.437] [11738] [INFO ] [popInvitorReadyTask:270]	to POP a ready task from ready invitor queue to processor, now read_num: 0 ... 
[15:33:37.436] [11743] [INFO ] [popInviteeReadyTask:208]	to POP a ready task from ready invitee queue to processor, now read_num: 0 ... 
[15:33:37.437] [11741] [INFO ] [operator():54]	task processor: 3 is running... 
[15:33:37.437] [11741] [INFO ] [popInvitorReadyTask:270]	to POP a ready task from ready invitor queue to processor, now read_num: 0 ... 
[15:33:37.437] [11740] [INFO ] [operator():54]	task processor: 2 is running... 
[15:33:37.449] [11740] [INFO ] [popInvitorReadyTask:270]	to POP a ready task from ready invitor queue to processor, now read_num: 0 ... 
[15:33:37.437] [11742] [INFO ] [operator():54]	task processor: 4 is running... 
[15:33:37.449] [11742] [INFO ] [popInviteeReadyTask:208]	to POP a ready task from ready invitee queue to processor, now read_num: 0 ... 
[15:33:37.439] [11739] [INFO ] [operator():54]	task processor: 1 is running... 
[15:33:37.449] [11739] [INFO ] [popInvitorReadyTask:270]	to POP a ready task from ready invitor queue to processor, now read_num: 0 ... 
[15:33:37.449] [11744] [INFO ] [operator():54]	task processor: 6 is running... 
[15:33:37.450] [11744] [INFO ] [popInviteeReadyTask:208]	to POP a ready task from ready invitee queue to processor, now read_num: 0 ... 
[15:33:37.491] [11750] [INFO ] [connected:34]	to get session... 
[15:33:37.491] [11750] [INFO ] [connected:38]	to get create busi node callback... 
[15:33:37.492] [11750] [INFO ] [connected:46]	to set node callback, public endpoint: ProxyGlacier2/router:tcp -h 202.114.114.46 -p 4502 -t 11000, user: test001 ... 
[15:33:37.496] [11750] [WARN ] [connected:55]	the busi session create success. 
[15:33:37.947] [11726] [INFO ] [init:69]	waiting for node busi client inited ... timeout 1s.. 
[15:33:37.948] [11726] [INFO ] [init:74]	the busi node communicator is prepared !!!! 
[15:33:37.948] [11726] [INFO ] [init:86]	INIT busi node client success. user: test001, proxyEndpoint: ProxyGlacier2/router:tcp -h 202.114.114.46 -p 4502 -t 11000 
[15:33:37.948] [11726] [INFO ] [init:244]	INIT busi node client done ! 
[15:33:37.948] [11726] [INFO ] [init:48]	input ready process init ok. 
[15:33:37.948] [11726] [INFO ] [init:253]	INIT input ready processor done ! 
[15:33:37.948] [11726] [INFO ] [init:48]	ready process init ok. max request queue size: 4 
[15:33:37.948] [11726] [INFO ] [init:263]	INIT ready processor done ! 
[15:33:37.948] [11726] [INFO ] [init:269]	Mpc engine init success. 
[15:33:37.948] [11780] [INFO ] [popCommitTask:127]	to POP a commit task, task size: 0  ... 
[15:33:37.950] [11726] [INFO ] [Java_com_juzix_jugo_node_jni_NativeInterface_setDataLogLevel:155]	init the log to level: 3, data log state: 0 
[15:33:43.830] [11748] [WARN ] [MpcMemPool:42]	the mempool construction, size: 134217728, mem: 0x7f16d8e55010 
[15:33:45.200] [11742] [ERROR] [consumeBuffer:363]	====> the first buffer seq: 1 
[15:33:45.200] [11745] [ERROR] [consumeBuffer:363]	====> the first buffer seq: 1 
[15:33:45.205] [11743] [ERROR] [consumeBuffer:363]	====> the first buffer seq: 1 
[15:33:45.223] [11744] [ERROR] [consumeBuffer:363]	====> the first buffer seq: 1 
[15:33:54.184] [11742] [ERROR] [consumeBuffer:363]	====> the first buffer seq: 1 
[15:33:54.328] [11743] [ERROR] [consumeBuffer:363]	====> the first buffer seq: 1 
[15:33:54.363] [11744] [ERROR] [consumeBuffer:363]	====> the first buffer seq: 1 
[15:33:54.504] [11745] [ERROR] [consumeBuffer:363]	====> the first buffer seq: 1 
[15:34:01.557] [11742] [ERROR] [consumeBuffer:363]	====> the first buffer seq: 1 
[15:34:01.746] [11744] [ERROR] [consumeBuffer:363]	====> the first buffer seq: 1 
[15:34:01.789] [11743] [ERROR] [consumeBuffer:363]	====> the first buffer seq: 1 
[15:34:01.812] [11745] [ERROR] [consumeBuffer:363]	====> the first buffer seq: 1 
[15:34:08.872] [11742] [ERROR] [consumeBuffer:363]	====> the first buffer seq: 1 
[15:34:08.970] [11744] [ERROR] [consumeBuffer:363]	====> the first buffer seq: 1 
[15:34:09.189] [11743] [ERROR] [consumeBuffer:363]	====> the first buffer seq: 1 
[15:34:09.195] [11745] [ERROR] [consumeBuffer:363]	====> the first buffer seq: 1 
[15:34:16.148] [11744] [ERROR] [consumeBuffer:363]	====> the first buffer seq: 1 
[15:34:16.205] [11742] [ERROR] [consumeBuffer:363]	====> the first buffer seq: 1 
[15:34:16.546] [11743] [ERROR] [consumeBuffer:363]	====> the first buffer seq: 1 
[15:34:16.637] [11745] [ERROR] [consumeBuffer:363]	====> the first buffer seq: 1 
[15:34:23.522] [11744] [ERROR] [consumeBuffer:363]	====> the first buffer seq: 1 
[15:34:23.724] [11742] [ERROR] [consumeBuffer:363]	====> the first buffer seq: 1 
[15:34:24.017] [11745] [ERROR] [consumeBuffer:363]	====> the first buffer seq: 1 
[15:34:24.059] [11743] [ERROR] [consumeBuffer:363]	====> the first buffer seq: 1 
[15:34:30.697] [11744] [ERROR] [consumeBuffer:363]	====> the first buffer seq: 1 
[15:34:31.129] [11742] [ERROR] [consumeBuffer:363]	====> the first buffer seq: 1 
[15:34:31.482] [11743] [ERROR] [consumeBuffer:363]	====> the first buffer seq: 1 
[15:34:31.620] [11745] [ERROR] [consumeBuffer:363]	====> the first buffer seq: 1 
[15:34:38.148] [11744] [ERROR] [consumeBuffer:363]	====> the first buffer seq: 1 
[15:34:38.472] [11742] [ERROR] [consumeBuffer:363]	====> the first buffer seq: 1 
[15:34:39.075] [11745] [ERROR] [consumeBuffer:363]	====> the first buffer seq: 1 
[15:34:39.076] [11743] [ERROR] [consumeBuffer:363]	====> the first buffer seq: 1 
[15:34:45.400] [11744] [ERROR] [consumeBuffer:363]	====> the first buffer seq: 1 
[15:34:46.113] [11742] [ERROR] [consumeBuffer:363]	====> the first buffer seq: 1 
[15:34:46.668] [11745] [ERROR] [consumeBuffer:363]	====> the first buffer seq: 1 
[15:34:46.710] [11743] [ERROR] [consumeBuffer:363]	====> the first buffer seq: 1 
[15:34:52.676] [11744] [ERROR] [consumeBuffer:363]	====> the first buffer seq: 1 
[15:34:53.302] [11742] [ERROR] [consumeBuffer:363]	====> the first buffer seq: 1 
[15:34:54.116] [11745] [ERROR] [consumeBuffer:363]	====> the first buffer seq: 1 
[15:34:54.118] [11743] [ERROR] [consumeBuffer:363]	====> the first buffer seq: 1 
[15:34:59.801] [11744] [ERROR] [consumeBuffer:363]	====> the first buffer seq: 1 
[15:35:00.489] [11742] [ERROR] [consumeBuffer:363]	====> the first buffer seq: 1 
[15:35:01.558] [11743] [ERROR] [consumeBuffer:363]	====> the first buffer seq: 1 
[15:35:01.575] [11745] [ERROR] [consumeBuffer:363]	====> the first buffer seq: 1 
[15:35:06.778] [11744] [ERROR] [consumeBuffer:363]	====> the first buffer seq: 1 
[15:35:07.694] [11742] [ERROR] [consumeBuffer:363]	====> the first buffer seq: 1 
[15:35:08.979] [11743] [ERROR] [consumeBuffer:363]	====> the first buffer seq: 1 
[15:35:09.035] [11745] [ERROR] [consumeBuffer:363]	====> the first buffer seq: 1 
[15:35:14.216] [11744] [ERROR] [consumeBuffer:363]	====> the first buffer seq: 1 
[15:35:15.289] [11742] [ERROR] [consumeBuffer:363]	====> the first buffer seq: 1 
[15:35:16.432] [11743] [ERROR] [consumeBuffer:363]	====> the first buffer seq: 1 
[15:35:16.469] [11745] [ERROR] [consumeBuffer:363]	====> the first buffer seq: 1 
[15:35:21.482] [11744] [ERROR] [consumeBuffer:363]	====> the first buffer seq: 1 
[15:35:22.441] [11742] [ERROR] [consumeBuffer:363]	====> the first buffer seq: 1 
[15:35:23.566] [11745] [ERROR] [consumeBuffer:363]	====> the first buffer seq: 1 
[15:35:24.064] [11743] [ERROR] [consumeBuffer:363]	====> the first buffer seq: 1 
[15:35:28.850] [11744] [ERROR] [consumeBuffer:363]	====> the first buffer seq: 1 
[15:35:29.842] [11742] [ERROR] [consumeBuffer:363]	====> the first buffer seq: 1 
[15:35:30.972] [11745] [ERROR] [consumeBuffer:363]	====> the first buffer seq: 1 
[15:35:31.515] [11743] [ERROR] [consumeBuffer:363]	====> the first buffer seq: 1 
[15:35:36.341] [11744] [ERROR] [consumeBuffer:363]	====> the first buffer seq: 1 
[15:35:37.208] [11742] [ERROR] [consumeBuffer:363]	====> the first buffer seq: 1 
[15:35:38.267] [11745] [ERROR] [consumeBuffer:363]	====> the first buffer seq: 1 
[15:35:38.828] [11743] [ERROR] [consumeBuffer:363]	====> the first buffer seq: 1 
[15:35:43.750] [11744] [ERROR] [consumeBuffer:363]	====> the first buffer seq: 1 
[15:35:44.370] [11742] [ERROR] [consumeBuffer:363]	====> the first buffer seq: 1 
[15:35:45.584] [11745] [ERROR] [consumeBuffer:363]	====> the first buffer seq: 1 
[15:35:45.755] [11743] [ERROR] [consumeBuffer:363]	====> the first buffer seq: 1 
[15:35:51.208] [11744] [ERROR] [consumeBuffer:363]	====> the first buffer seq: 1 
[15:35:51.768] [11742] [ERROR] [consumeBuffer:363]	====> the first buffer seq: 1 
[15:35:53.002] [11745] [ERROR] [consumeBuffer:363]	====> the first buffer seq: 1 
[15:35:53.120] [11743] [ERROR] [consumeBuffer:363]	====> the first buffer seq: 1 
[15:35:58.613] [11744] [ERROR] [consumeBuffer:363]	====> the first buffer seq: 1 
[15:35:59.255] [11742] [ERROR] [consumeBuffer:363]	====> the first buffer seq: 1 
[15:36:00.190] [11745] [ERROR] [consumeBuffer:363]	====> the first buffer seq: 1 
[15:36:00.440] [11743] [ERROR] [consumeBuffer:363]	====> the first buffer seq: 1 
[15:36:05.794] [11744] [ERROR] [consumeBuffer:363]	====> the first buffer seq: 1 
[15:36:06.473] [11742] [ERROR] [consumeBuffer:363]	====> the first buffer seq: 1 
[15:36:07.284] [11745] [ERROR] [consumeBuffer:363]	====> the first buffer seq: 1 
[15:36:07.418] [11743] [ERROR] [consumeBuffer:363]	====> the first buffer seq: 1 
[15:36:12.819] [11744] [ERROR] [consumeBuffer:363]	====> the first buffer seq: 1 
[15:36:13.828] [11742] [ERROR] [consumeBuffer:363]	====> the first buffer seq: 1 
[15:36:14.555] [11745] [ERROR] [consumeBuffer:363]	====> the first buffer seq: 1 
[15:36:14.734] [11743] [ERROR] [consumeBuffer:363]	====> the first buffer seq: 1 
[15:36:20.022] [11744] [ERROR] [consumeBuffer:363]	====> the first buffer seq: 1 
[15:36:21.220] [11742] [ERROR] [consumeBuffer:363]	====> the first buffer seq: 1 
[15:36:21.925] [11745] [ERROR] [consumeBuffer:363]	====> the first buffer seq: 1 
[15:36:22.099] [11743] [ERROR] [consumeBuffer:363]	====> the first buffer seq: 1 
[15:36:27.096] [11744] [ERROR] [consumeBuffer:363]	====> the first buffer seq: 1 
[15:36:28.505] [11742] [ERROR] [consumeBuffer:363]	====> the first buffer seq: 1 
[15:36:29.383] [11745] [ERROR] [consumeBuffer:363]	====> the first buffer seq: 1 
[15:36:29.650] [11743] [ERROR] [consumeBuffer:363]	====> the first buffer seq: 1 
[15:36:34.299] [11744] [ERROR] [consumeBuffer:363]	====> the first buffer seq: 1 
[15:36:35.717] [11742] [ERROR] [consumeBuffer:363]	====> the first buffer seq: 1 
[15:36:36.760] [11745] [ERROR] [consumeBuffer:363]	====> the first buffer seq: 1 
[15:36:36.981] [11743] [ERROR] [consumeBuffer:363]	====> the first buffer seq: 1 
[15:36:41.398] [11744] [ERROR] [consumeBuffer:363]	====> the first buffer seq: 1 
[15:36:42.835] [11742] [ERROR] [consumeBuffer:363]	====> the first buffer seq: 1 
[15:36:43.987] [11745] [ERROR] [consumeBuffer:363]	====> the first buffer seq: 1 
[15:36:44.381] [11743] [ERROR] [consumeBuffer:363]	====> the first buffer seq: 1 
[15:43:18.653] [11748] [ERROR] [error:157]	got error busi back: a758fb68-87dd-4ba8-aa73-28af56157c1e, code: 1007 
[15:43:18.653] [11748] [WARN ] [error:167]	busi err back, erase task failed, cannot find cache task: a758fb68-87dd-4ba8-aa73-28af56157c1e !  [THE user: test001] 
[15:43:18.654] [2050 ] [ERROR] [error:157]	got error busi back: 65e326cc-f11e-47e9-aa89-2dd07f0fc3d3, code: 1007 
[15:43:18.654] [2050 ] [WARN ] [error:167]	busi err back, erase task failed, cannot find cache task: 65e326cc-f11e-47e9-aa89-2dd07f0fc3d3 !  [THE user: test001] 
[15:43:18.655] [11748] [ERROR] [error:157]	got error busi back: 10ab5684-74dc-4597-aa14-edb1912fff66, code: 1007 
[15:43:18.655] [11748] [WARN ] [error:167]	busi err back, erase task failed, cannot find cache task: 10ab5684-74dc-4597-aa14-edb1912fff66 !  [THE user: test001] 
[15:43:18.656] [2050 ] [ERROR] [error:157]	got error busi back: bdec3121-4da9-4f8b-bf2f-29c83c50f20f, code: 1007 
[15:43:18.656] [2050 ] [WARN ] [error:167]	busi err back, erase task failed, cannot find cache task: bdec3121-4da9-4f8b-bf2f-29c83c50f20f !  [THE user: test001] 
[15:43:18.657] [11748] [ERROR] [error:157]	got error busi back: b5564c12-1b7b-46a3-a977-fa0a1d942301, code: 1007 
[15:43:18.657] [11748] [WARN ] [error:167]	busi err back, erase task failed, cannot find cache task: b5564c12-1b7b-46a3-a977-fa0a1d942301 !  [THE user: test001] 
[15:43:18.658] [2050 ] [ERROR] [error:157]	got error busi back: 599f2e9a-460e-4745-a431-63f1a9318e75, code: 1007 
[15:43:18.658] [2050 ] [WARN ] [error:167]	busi err back, erase task failed, cannot find cache task: 599f2e9a-460e-4745-a431-63f1a9318e75 !  [THE user: test001] 
[15:43:18.659] [11748] [ERROR] [error:157]	got error busi back: 3a6998e3-4d83-4b64-88a9-5863046b5ede, code: 1007 
[15:43:18.659] [11748] [WARN ] [error:167]	busi err back, erase task failed, cannot find cache task: 3a6998e3-4d83-4b64-88a9-5863046b5ede !  [THE user: test001] 
[15:43:18.661] [2050 ] [ERROR] [error:157]	got error busi back: 2ba25aa1-fc9d-4103-91ad-feb705a9e698, code: 1007 
[15:43:18.662] [2050 ] [WARN ] [error:167]	busi err back, erase task failed, cannot find cache task: 2ba25aa1-fc9d-4103-91ad-feb705a9e698 !  [THE user: test001] 
[15:43:18.664] [11748] [ERROR] [error:157]	got error busi back: 5c033499-96fe-4184-908e-c4c3ccddb7f2, code: 1007 
[15:43:18.664] [11748] [WARN ] [error:167]	busi err back, erase task failed, cannot find cache task: 5c033499-96fe-4184-908e-c4c3ccddb7f2 !  [THE user: test001] 
[15:43:18.666] [2050 ] [ERROR] [error:157]	got error busi back: a425cfa9-5ac1-4607-874c-0534d8196fb6, code: 1007 
[15:43:18.666] [2050 ] [WARN ] [error:167]	busi err back, erase task failed, cannot find cache task: a425cfa9-5ac1-4607-874c-0534d8196fb6 !  [THE user: test001] 
[15:43:18.669] [11748] [ERROR] [error:157]	got error busi back: a40d7f45-6ee2-4516-a9c4-4cc4396a6f23, code: 1007 
[15:43:18.669] [11748] [WARN ] [error:167]	busi err back, erase task failed, cannot find cache task: a40d7f45-6ee2-4516-a9c4-4cc4396a6f23 !  [THE user: test001] 
[15:43:18.671] [2050 ] [ERROR] [error:157]	got error busi back: cfafa9d9-98eb-4153-a444-d05885d77a7e, code: 1007 
[15:43:18.671] [2050 ] [WARN ] [error:167]	busi err back, erase task failed, cannot find cache task: cfafa9d9-98eb-4153-a444-d05885d77a7e !  [THE user: test001] 
[15:43:18.673] [11748] [ERROR] [error:157]	got error busi back: 5edb3deb-5679-45c4-af8e-7a766763231d, code: 1007 
[15:43:18.673] [11748] [WARN ] [error:167]	busi err back, erase task failed, cannot find cache task: 5edb3deb-5679-45c4-af8e-7a766763231d !  [THE user: test001] 
[15:43:18.676] [2050 ] [ERROR] [error:157]	got error busi back: 27aa2967-ea70-4656-99cd-3f8858454c9d, code: 1007 
[15:43:18.676] [2050 ] [WARN ] [error:167]	busi err back, erase task failed, cannot find cache task: 27aa2967-ea70-4656-99cd-3f8858454c9d !  [THE user: test001] 
[15:43:18.679] [11748] [ERROR] [error:157]	got error busi back: 59578f7d-4e37-453a-b744-da9c7955eee9, code: 1007 
[15:43:18.679] [11748] [WARN ] [error:167]	busi err back, erase task failed, cannot find cache task: 59578f7d-4e37-453a-b744-da9c7955eee9 !  [THE user: test001] 
[15:43:18.681] [2050 ] [ERROR] [error:157]	got error busi back: cf3f91b7-dd8d-4024-8737-52689f2aa5f8, code: 1007 
[15:43:18.681] [2050 ] [WARN ] [error:167]	busi err back, erase task failed, cannot find cache task: cf3f91b7-dd8d-4024-8737-52689f2aa5f8 !  [THE user: test001] 
[15:43:18.684] [11748] [ERROR] [error:157]	got error busi back: 908007e8-a282-4bb3-9c3b-3b1417e19f3c, code: 1007 
[15:43:18.684] [11748] [WARN ] [error:167]	busi err back, erase task failed, cannot find cache task: 908007e8-a282-4bb3-9c3b-3b1417e19f3c !  [THE user: test001] 
[15:43:18.685] [11748] [ERROR] [error:157]	got error busi back: a926fc2b-504d-4761-b0bf-47e08060e938, code: 1007 
[15:43:18.685] [11748] [WARN ] [error:167]	busi err back, erase task failed, cannot find cache task: a926fc2b-504d-4761-b0bf-47e08060e938 !  [THE user: test001] 
[15:43:18.687] [11748] [ERROR] [error:157]	got error busi back: e7e1f08b-4ba6-4215-a894-25a0aeeb7396, code: 1007 
[15:43:18.687] [11748] [WARN ] [error:167]	busi err back, erase task failed, cannot find cache task: e7e1f08b-4ba6-4215-a894-25a0aeeb7396 !  [THE user: test001] 
[15:43:18.689] [11748] [ERROR] [error:157]	got error busi back: e5bdd831-07e3-4a30-82ec-7c96609d8869, code: 1007 
[15:43:18.689] [11748] [WARN ] [error:167]	busi err back, erase task failed, cannot find cache task: e5bdd831-07e3-4a30-82ec-7c96609d8869 !  [THE user: test001] 
[15:43:18.690] [11748] [ERROR] [error:157]	got error busi back: f1fac291-a6bb-46a7-8374-ba9371e64352, code: 1007 
[15:43:18.690] [11748] [WARN ] [error:167]	busi err back, erase task failed, cannot find cache task: f1fac291-a6bb-46a7-8374-ba9371e64352 !  [THE user: test001] 
[15:43:18.693] [11748] [ERROR] [error:157]	got error busi back: b736587d-9a3f-46a5-b380-5d2001483bf7, code: 1007 
[15:43:18.693] [11748] [WARN ] [error:167]	busi err back, erase task failed, cannot find cache task: b736587d-9a3f-46a5-b380-5d2001483bf7 !  [THE user: test001] 
[15:43:18.696] [11748] [ERROR] [error:157]	got error busi back: 5a52949b-4c9e-4d4f-9371-195de7f401af, code: 1007 
[15:43:18.696] [11748] [WARN ] [error:167]	busi err back, erase task failed, cannot find cache task: 5a52949b-4c9e-4d4f-9371-195de7f401af !  [THE user: test001] 
[15:43:18.699] [11748] [ERROR] [error:157]	got error busi back: ba5cfd98-b4b1-4718-9a90-258209a9c66a, code: 1007 
[15:43:18.699] [11748] [WARN ] [error:167]	busi err back, erase task failed, cannot find cache task: ba5cfd98-b4b1-4718-9a90-258209a9c66a !  [THE user: test001] 
[15:43:18.702] [11748] [ERROR] [error:157]	got error busi back: fc67ed26-d42c-4e76-86bf-b0c6a847a656, code: 1007 
[15:43:18.702] [11748] [WARN ] [error:167]	busi err back, erase task failed, cannot find cache task: fc67ed26-d42c-4e76-86bf-b0c6a847a656 !  [THE user: test001] 
[15:43:18.704] [2050 ] [ERROR] [error:157]	got error busi back: 091b0d01-ffb3-485f-9b51-9c41da6cd70c, code: 1007 
[15:43:18.704] [2050 ] [WARN ] [error:167]	busi err back, erase task failed, cannot find cache task: 091b0d01-ffb3-485f-9b51-9c41da6cd70c !  [THE user: test001] 
[15:43:18.707] [11748] [ERROR] [error:157]	got error busi back: 0250274b-8c5c-4187-b4c7-7accdb6ef9b5, code: 1007 
[15:43:18.707] [11748] [WARN ] [error:167]	busi err back, erase task failed, cannot find cache task: 0250274b-8c5c-4187-b4c7-7accdb6ef9b5 !  [THE user: test001] 
[15:43:18.708] [2050 ] [ERROR] [error:157]	got error busi back: 18891c90-06df-4a9c-89ae-92b665d10bb8, code: 1007 
[15:43:18.708] [2050 ] [WARN ] [error:167]	busi err back, erase task failed, cannot find cache task: 18891c90-06df-4a9c-89ae-92b665d10bb8 !  [THE user: test001] 
[15:43:18.709] [11748] [ERROR] [error:157]	got error busi back: 8875d4e6-9d9d-4163-a7be-366519e67036, code: 1007 
[15:43:18.709] [11748] [WARN ] [error:167]	busi err back, erase task failed, cannot find cache task: 8875d4e6-9d9d-4163-a7be-366519e67036 !  [THE user: test001] 
[15:43:18.711] [2050 ] [ERROR] [error:157]	got error busi back: 6ec76a0d-40f4-406b-9a8e-843646dc031b, code: 1007 
[15:43:18.711] [2050 ] [WARN ] [error:167]	busi err back, erase task failed, cannot find cache task: 6ec76a0d-40f4-406b-9a8e-843646dc031b !  [THE user: test001] 
[15:43:18.713] [11748] [ERROR] [error:157]	got error busi back: 08cc42f0-636a-467c-b05a-8286e1653dc4, code: 1007 
[15:43:18.713] [11748] [WARN ] [error:167]	busi err back, erase task failed, cannot find cache task: 08cc42f0-636a-467c-b05a-8286e1653dc4 !  [THE user: test001] 
[15:43:18.715] [2050 ] [ERROR] [error:157]	got error busi back: 07deee8a-db89-4d09-ad34-7397c7e1645a, code: 1007 
[15:43:18.715] [2050 ] [WARN ] [error:167]	busi err back, erase task failed, cannot find cache task: 07deee8a-db89-4d09-ad34-7397c7e1645a !  [THE user: test001] 
[15:43:18.720] [11748] [ERROR] [error:157]	got error busi back: 22514f07-4ef7-4313-ba2c-53d6acf47333, code: 1007 
[15:43:18.720] [11748] [WARN ] [error:167]	busi err back, erase task failed, cannot find cache task: 22514f07-4ef7-4313-ba2c-53d6acf47333 !  [THE user: test001] 
[15:43:18.722] [2050 ] [ERROR] [error:157]	got error busi back: c0366b40-c2a9-48b8-a033-09f63005f952, code: 1007 
[15:43:18.722] [2050 ] [WARN ] [error:167]	busi err back, erase task failed, cannot find cache task: c0366b40-c2a9-48b8-a033-09f63005f952 !  [THE user: test001] 
[15:43:18.724] [11748] [ERROR] [error:157]	got error busi back: 47e65463-a686-401c-8faf-a2ee65631864, code: 1007 
[15:43:18.724] [11748] [WARN ] [error:167]	busi err back, erase task failed, cannot find cache task: 47e65463-a686-401c-8faf-a2ee65631864 !  [THE user: test001] 
[15:43:18.725] [2050 ] [ERROR] [error:157]	got error busi back: 33648fc1-05bc-462b-9e61-2d6ee7263dba, code: 1007 
[15:43:18.725] [2050 ] [WARN ] [error:167]	busi err back, erase task failed, cannot find cache task: 33648fc1-05bc-462b-9e61-2d6ee7263dba !  [THE user: test001] 
[15:43:18.726] [11748] [ERROR] [error:157]	got error busi back: 244ef96d-8541-41e1-b5a3-028c73dad48a, code: 1007 
[15:43:18.726] [11748] [WARN ] [error:167]	busi err back, erase task failed, cannot find cache task: 244ef96d-8541-41e1-b5a3-028c73dad48a !  [THE user: test001] 
[15:43:18.727] [2050 ] [ERROR] [error:157]	got error busi back: f75aa62d-36f6-4864-bf77-dcb7f47f271a, code: 1007 
[15:43:18.727] [2050 ] [WARN ] [error:167]	busi err back, erase task failed, cannot find cache task: f75aa62d-36f6-4864-bf77-dcb7f47f271a !  [THE user: test001] 
[15:43:18.728] [11748] [ERROR] [error:157]	got error busi back: 308037b6-4eff-4249-a707-abbabcabb8a8, code: 1007 
[15:43:18.728] [11748] [WARN ] [error:167]	busi err back, erase task failed, cannot find cache task: 308037b6-4eff-4249-a707-abbabcabb8a8 !  [THE user: test001] 
[15:43:18.729] [2050 ] [ERROR] [error:157]	got error busi back: aef17056-e04f-475d-8cc0-35f5e5e0a38a, code: 1007 
[15:43:18.729] [2050 ] [WARN ] [error:167]	busi err back, erase task failed, cannot find cache task: aef17056-e04f-475d-8cc0-35f5e5e0a38a !  [THE user: test001] 
[15:43:18.730] [11748] [ERROR] [error:157]	got error busi back: 689cc0f7-e07a-4045-9cf3-a572a0a2cf2d, code: 1007 
[15:43:18.730] [11748] [WARN ] [error:167]	busi err back, erase task failed, cannot find cache task: 689cc0f7-e07a-4045-9cf3-a572a0a2cf2d !  [THE user: test001] 
[15:43:18.731] [2050 ] [ERROR] [error:157]	got error busi back: 6d0f588d-3587-4c0f-848b-e7e25cd5ee6e, code: 1007 
[15:43:18.731] [2050 ] [WARN ] [error:167]	busi err back, erase task failed, cannot find cache task: 6d0f588d-3587-4c0f-848b-e7e25cd5ee6e !  [THE user: test001] 
[15:43:18.731] [11748] [ERROR] [error:157]	got error busi back: 716b0af4-1a76-4894-ab39-01a006955946, code: 1007 
[15:43:18.731] [11748] [WARN ] [error:167]	busi err back, erase task failed, cannot find cache task: 716b0af4-1a76-4894-ab39-01a006955946 !  [THE user: test001] 
[15:43:18.732] [2050 ] [ERROR] [error:157]	got error busi back: 7515218e-bb61-49e7-8df8-b1691aa8782a, code: 1007 
[15:43:18.732] [2050 ] [WARN ] [error:167]	busi err back, erase task failed, cannot find cache task: 7515218e-bb61-49e7-8df8-b1691aa8782a !  [THE user: test001] 
[15:43:18.733] [11748] [ERROR] [error:157]	got error busi back: a16205d9-bf07-40fb-915e-088e71002bef, code: 1007 
[15:43:18.733] [11748] [WARN ] [error:167]	busi err back, erase task failed, cannot find cache task: a16205d9-bf07-40fb-915e-088e71002bef !  [THE user: test001] 
[15:43:18.733] [2050 ] [ERROR] [error:157]	got error busi back: df02463e-efd5-4d64-99aa-e09ff4662ef5, code: 1007 
[15:43:18.733] [2050 ] [WARN ] [error:167]	busi err back, erase task failed, cannot find cache task: df02463e-efd5-4d64-99aa-e09ff4662ef5 !  [THE user: test001] 
[15:43:18.734] [11748] [ERROR] [error:157]	got error busi back: f48fbbca-b644-459e-b952-112a092e15b5, code: 1007 
[15:43:18.734] [11748] [WARN ] [error:167]	busi err back, erase task failed, cannot find cache task: f48fbbca-b644-459e-b952-112a092e15b5 !  [THE user: test001] 
[15:43:18.735] [2050 ] [ERROR] [error:157]	got error busi back: 74d4c184-06af-40af-86b0-87b89c1ef06a, code: 1007 
[15:43:18.735] [2050 ] [WARN ] [error:167]	busi err back, erase task failed, cannot find cache task: 74d4c184-06af-40af-86b0-87b89c1ef06a !  [THE user: test001] 
[15:43:18.735] [11748] [ERROR] [error:157]	got error busi back: d72d3e2d-e106-488d-9300-843d0ba09797, code: 1007 
[15:43:18.735] [11748] [WARN ] [error:167]	busi err back, erase task failed, cannot find cache task: d72d3e2d-e106-488d-9300-843d0ba09797 !  [THE user: test001] 
[15:43:18.736] [2050 ] [ERROR] [error:157]	got error busi back: 0ba474d0-cdff-4704-be89-de8bfa6d0660, code: 1007 
[15:43:18.736] [2050 ] [WARN ] [error:167]	busi err back, erase task failed, cannot find cache task: 0ba474d0-cdff-4704-be89-de8bfa6d0660 !  [THE user: test001] 
[15:43:18.737] [11748] [ERROR] [error:157]	got error busi back: e234999b-691b-4ccc-8f54-ba8faf199c5c, code: 1007 
[15:43:18.737] [11748] [WARN ] [error:167]	busi err back, erase task failed, cannot find cache task: e234999b-691b-4ccc-8f54-ba8faf199c5c !  [THE user: test001] 
[15:43:18.737] [2050 ] [ERROR] [error:157]	got error busi back: bba82edb-cbbf-4f51-8d74-0017f5470cec, code: 1007 
[15:43:18.737] [2050 ] [WARN ] [error:167]	busi err back, erase task failed, cannot find cache task: bba82edb-cbbf-4f51-8d74-0017f5470cec !  [THE user: test001] 
[15:43:18.738] [11748] [ERROR] [error:157]	got error busi back: 086228cf-a771-4300-97ec-8376681ea113, code: 1007 
[15:43:18.738] [11748] [WARN ] [error:167]	busi err back, erase task failed, cannot find cache task: 086228cf-a771-4300-97ec-8376681ea113 !  [THE user: test001] 
[15:43:18.738] [2050 ] [ERROR] [error:157]	got error busi back: 8fc10e0b-2d75-46c9-aaf7-d557b68d5f38, code: 1007 
[15:43:18.738] [2050 ] [WARN ] [error:167]	busi err back, erase task failed, cannot find cache task: 8fc10e0b-2d75-46c9-aaf7-d557b68d5f38 !  [THE user: test001] 
[15:43:18.739] [11748] [ERROR] [error:157]	got error busi back: beb4f556-e2b2-473b-ad4e-7cb90d19264e, code: 1007 
[15:43:18.739] [11748] [WARN ] [error:167]	busi err back, erase task failed, cannot find cache task: beb4f556-e2b2-473b-ad4e-7cb90d19264e !  [THE user: test001] 
[15:43:18.740] [2050 ] [ERROR] [error:157]	got error busi back: 9fa4bbf2-6051-4165-89c2-d9f75ae2ff4a, code: 1007 
[15:43:18.740] [2050 ] [WARN ] [error:167]	busi err back, erase task failed, cannot find cache task: 9fa4bbf2-6051-4165-89c2-d9f75ae2ff4a !  [THE user: test001] 
[15:43:18.741] [11748] [ERROR] [error:157]	got error busi back: 3c02e17f-a864-4caa-a13e-ee06ac0e15dd, code: 1007 
[15:43:18.741] [11748] [WARN ] [error:167]	busi err back, erase task failed, cannot find cache task: 3c02e17f-a864-4caa-a13e-ee06ac0e15dd !  [THE user: test001] 
[15:43:18.741] [2050 ] [ERROR] [error:157]	got error busi back: 60031659-e9ce-4092-8d4b-945df6385041, code: 1007 
[15:43:18.741] [2050 ] [WARN ] [error:167]	busi err back, erase task failed, cannot find cache task: 60031659-e9ce-4092-8d4b-945df6385041 !  [THE user: test001] 
[15:43:18.742] [11748] [ERROR] [error:157]	got error busi back: 014f8a36-3cfa-4605-b133-9ea0c8471e3c, code: 1007 
[15:43:18.742] [11748] [WARN ] [error:167]	busi err back, erase task failed, cannot find cache task: 014f8a36-3cfa-4605-b133-9ea0c8471e3c !  [THE user: test001] 
[15:43:18.743] [2050 ] [ERROR] [error:157]	got error busi back: 18fbf605-2c8f-41f6-ac8d-a849d006aee1, code: 1007 
[15:43:18.743] [2050 ] [WARN ] [error:167]	busi err back, erase task failed, cannot find cache task: 18fbf605-2c8f-41f6-ac8d-a849d006aee1 !  [THE user: test001] 
[15:43:18.745] [11748] [ERROR] [error:157]	got error busi back: 4452d012-3425-499d-9f1f-fea0f036972f, code: 1007 
[15:43:18.745] [11748] [WARN ] [error:167]	busi err back, erase task failed, cannot find cache task: 4452d012-3425-499d-9f1f-fea0f036972f !  [THE user: test001] 
[15:43:18.747] [2050 ] [ERROR] [error:157]	got error busi back: 938b6282-bf9c-4ec3-afab-0509eb08b02c, code: 1007 
[15:43:18.747] [2050 ] [WARN ] [error:167]	busi err back, erase task failed, cannot find cache task: 938b6282-bf9c-4ec3-afab-0509eb08b02c !  [THE user: test001] 
[15:43:18.750] [11748] [ERROR] [error:157]	got error busi back: 7ec9f453-86d0-4c08-9ef8-db504c3250ed, code: 1007 
[15:43:18.750] [11748] [WARN ] [error:167]	busi err back, erase task failed, cannot find cache task: 7ec9f453-86d0-4c08-9ef8-db504c3250ed !  [THE user: test001] 
[15:43:18.753] [2050 ] [ERROR] [error:157]	got error busi back: 958ac688-65c7-4e25-8b28-0d5635e0b5c9, code: 1007 
[15:43:18.753] [2050 ] [WARN ] [error:167]	busi err back, erase task failed, cannot find cache task: 958ac688-65c7-4e25-8b28-0d5635e0b5c9 !  [THE user: test001] 
[15:43:18.756] [2050 ] [ERROR] [error:157]	got error busi back: a8a7fb41-6eca-4f2a-ae5f-59e6983d5f83, code: 1007 
[15:43:18.756] [2050 ] [WARN ] [error:167]	busi err back, erase task failed, cannot find cache task: a8a7fb41-6eca-4f2a-ae5f-59e6983d5f83 !  [THE user: test001] 
[15:43:18.758] [11748] [ERROR] [error:157]	got error busi back: 16ae256b-7d7b-436e-bf61-7184e8b47fa5, code: 1007 
[15:43:18.759] [11748] [WARN ] [error:167]	busi err back, erase task failed, cannot find cache task: 16ae256b-7d7b-436e-bf61-7184e8b47fa5 !  [THE user: test001] 
[15:49:27.254] [11744] [ERROR] [consumeBuffer:363]	====> the first buffer seq: 1 
[15:49:27.265] [11742] [ERROR] [consumeBuffer:363]	====> the first buffer seq: 1 
[15:49:27.267] [11745] [ERROR] [consumeBuffer:363]	====> the first buffer seq: 1 
[15:49:27.272] [11743] [ERROR] [consumeBuffer:363]	====> the first buffer seq: 1 
[15:49:35.765] [11742] [ERROR] [consumeBuffer:363]	====> the first buffer seq: 1 
[15:49:35.997] [11745] [ERROR] [consumeBuffer:363]	====> the first buffer seq: 1 
[15:49:36.011] [11744] [ERROR] [consumeBuffer:363]	====> the first buffer seq: 1 
[15:49:36.079] [11743] [ERROR] [consumeBuffer:363]	====> the first buffer seq: 1 
[15:49:42.906] [11742] [ERROR] [consumeBuffer:363]	====> the first buffer seq: 1 
[15:49:43.080] [11745] [ERROR] [consumeBuffer:363]	====> the first buffer seq: 1 
[15:49:43.153] [11744] [ERROR] [consumeBuffer:363]	====> the first buffer seq: 1 
[15:49:43.311] [11743] [ERROR] [consumeBuffer:363]	====> the first buffer seq: 1 
[15:49:50.093] [11742] [ERROR] [consumeBuffer:363]	====> the first buffer seq: 1 
[15:49:50.424] [11744] [ERROR] [consumeBuffer:363]	====> the first buffer seq: 1 
[15:49:50.459] [11745] [ERROR] [consumeBuffer:363]	====> the first buffer seq: 1 
[15:49:50.550] [11743] [ERROR] [consumeBuffer:363]	====> the first buffer seq: 1 
[15:49:57.272] [11742] [ERROR] [consumeBuffer:363]	====> the first buffer seq: 1 
[15:49:57.438] [11744] [ERROR] [consumeBuffer:363]	====> the first buffer seq: 1 
[15:49:57.580] [11745] [ERROR] [consumeBuffer:363]	====> the first buffer seq: 1 
[15:49:57.847] [11743] [ERROR] [consumeBuffer:363]	====> the first buffer seq: 1 
[15:50:04.624] [11744] [ERROR] [consumeBuffer:363]	====> the first buffer seq: 1 
[15:50:04.675] [11742] [ERROR] [consumeBuffer:363]	====> the first buffer seq: 1 
[15:50:04.737] [11745] [ERROR] [consumeBuffer:363]	====> the first buffer seq: 1 
[15:50:05.047] [11743] [ERROR] [consumeBuffer:363]	====> the first buffer seq: 1 
[15:50:11.724] [11744] [ERROR] [consumeBuffer:363]	====> the first buffer seq: 1 
[15:50:11.853] [11742] [ERROR] [consumeBuffer:363]	====> the first buffer seq: 1 
[15:50:12.034] [11745] [ERROR] [consumeBuffer:363]	====> the first buffer seq: 1 
[15:50:12.148] [11743] [ERROR] [consumeBuffer:363]	====> the first buffer seq: 1 
[15:50:18.509] [11744] [ERROR] [consumeBuffer:363]	====> the first buffer seq: 1 
[15:50:19.118] [11745] [ERROR] [consumeBuffer:363]	====> the first buffer seq: 1 
[15:50:19.165] [11742] [ERROR] [consumeBuffer:363]	====> the first buffer seq: 1 
[15:50:19.249] [11743] [ERROR] [consumeBuffer:363]	====> the first buffer seq: 1 
[15:50:25.298] [11744] [ERROR] [consumeBuffer:363]	====> the first buffer seq: 1 
[15:50:26.109] [11745] [ERROR] [consumeBuffer:363]	====> the first buffer seq: 1 
[15:50:26.364] [11743] [ERROR] [consumeBuffer:363]	====> the first buffer seq: 1 
[15:50:26.422] [11742] [ERROR] [consumeBuffer:363]	====> the first buffer seq: 1 
[15:50:32.341] [11744] [ERROR] [consumeBuffer:363]	====> the first buffer seq: 1 
[15:50:33.182] [11745] [ERROR] [consumeBuffer:363]	====> the first buffer seq: 1 
[15:50:33.455] [11743] [ERROR] [consumeBuffer:363]	====> the first buffer seq: 1 
[15:50:33.681] [11742] [ERROR] [consumeBuffer:363]	====> the first buffer seq: 1 
[15:50:39.621] [11744] [ERROR] [consumeBuffer:363]	====> the first buffer seq: 1 
[15:50:40.391] [11745] [ERROR] [consumeBuffer:363]	====> the first buffer seq: 1 
[15:50:40.852] [11742] [ERROR] [consumeBuffer:363]	====> the first buffer seq: 1 
[15:50:40.900] [11743] [ERROR] [consumeBuffer:363]	====> the first buffer seq: 1 
[15:50:46.594] [11744] [ERROR] [consumeBuffer:363]	====> the first buffer seq: 1 
[15:50:47.405] [11745] [ERROR] [consumeBuffer:363]	====> the first buffer seq: 1 
[15:50:47.625] [11742] [ERROR] [consumeBuffer:363]	====> the first buffer seq: 1 
[15:50:48.003] [11743] [ERROR] [consumeBuffer:363]	====> the first buffer seq: 1 
[15:50:53.368] [11744] [ERROR] [consumeBuffer:363]	====> the first buffer seq: 1 
[15:50:54.572] [11742] [ERROR] [consumeBuffer:363]	====> the first buffer seq: 1 
[15:50:54.654] [11745] [ERROR] [consumeBuffer:363]	====> the first buffer seq: 1 
[15:50:54.794] [11743] [ERROR] [consumeBuffer:363]	====> the first buffer seq: 1 
[15:51:00.212] [11744] [ERROR] [consumeBuffer:363]	====> the first buffer seq: 1 
[15:51:01.773] [11742] [ERROR] [consumeBuffer:363]	====> the first buffer seq: 1 
[15:51:02.047] [11743] [ERROR] [consumeBuffer:363]	====> the first buffer seq: 1 
[15:51:02.176] [11745] [ERROR] [consumeBuffer:363]	====> the first buffer seq: 1 
[15:51:06.959] [11744] [ERROR] [consumeBuffer:363]	====> the first buffer seq: 1 
[15:51:08.734] [11743] [ERROR] [consumeBuffer:363]	====> the first buffer seq: 1 
[15:51:08.799] [11742] [ERROR] [consumeBuffer:363]	====> the first buffer seq: 1 
[15:51:09.135] [11745] [ERROR] [consumeBuffer:363]	====> the first buffer seq: 1 
[15:51:13.816] [11744] [ERROR] [consumeBuffer:363]	====> the first buffer seq: 1 
[15:51:15.698] [11743] [ERROR] [consumeBuffer:363]	====> the first buffer seq: 1 
[15:51:15.863] [11742] [ERROR] [consumeBuffer:363]	====> the first buffer seq: 1 
[15:51:16.122] [11745] [ERROR] [consumeBuffer:363]	====> the first buffer seq: 1 
[15:51:20.693] [11744] [ERROR] [consumeBuffer:363]	====> the first buffer seq: 1 
[15:51:22.634] [11743] [ERROR] [consumeBuffer:363]	====> the first buffer seq: 1 
[15:51:22.893] [11742] [ERROR] [consumeBuffer:363]	====> the first buffer seq: 1 
[15:51:23.149] [11745] [ERROR] [consumeBuffer:363]	====> the first buffer seq: 1 
[15:51:27.805] [11744] [ERROR] [consumeBuffer:363]	====> the first buffer seq: 1 
[15:51:29.804] [11743] [ERROR] [consumeBuffer:363]	====> the first buffer seq: 1 
[15:51:30.029] [11742] [ERROR] [consumeBuffer:363]	====> the first buffer seq: 1 
[15:51:30.118] [11745] [ERROR] [consumeBuffer:363]	====> the first buffer seq: 1 
[15:51:34.816] [11744] [ERROR] [consumeBuffer:363]	====> the first buffer seq: 1 
[15:51:37.017] [11743] [ERROR] [consumeBuffer:363]	====> the first buffer seq: 1 
[15:51:37.163] [11745] [ERROR] [consumeBuffer:363]	====> the first buffer seq: 1 
[15:51:37.307] [11742] [ERROR] [consumeBuffer:363]	====> the first buffer seq: 1 
[15:51:41.539] [11744] [ERROR] [consumeBuffer:363]	====> the first buffer seq: 1 
[15:51:43.629] [11743] [ERROR] [consumeBuffer:363]	====> the first buffer seq: 1 
[15:51:44.092] [11745] [ERROR] [consumeBuffer:363]	====> the first buffer seq: 1 
[15:51:44.247] [11742] [ERROR] [consumeBuffer:363]	====> the first buffer seq: 1 
[15:51:48.633] [11744] [ERROR] [consumeBuffer:363]	====> the first buffer seq: 1 
[15:51:50.883] [11743] [ERROR] [consumeBuffer:363]	====> the first buffer seq: 1 
[15:51:51.094] [11745] [ERROR] [consumeBuffer:363]	====> the first buffer seq: 1 
[15:51:51.332] [11742] [ERROR] [consumeBuffer:363]	====> the first buffer seq: 1 
[15:51:55.503] [11744] [ERROR] [consumeBuffer:363]	====> the first buffer seq: 1 
[15:51:58.117] [11745] [ERROR] [consumeBuffer:363]	====> the first buffer seq: 1 
[15:51:58.145] [11743] [ERROR] [consumeBuffer:363]	====> the first buffer seq: 1 
[15:51:58.373] [11742] [ERROR] [consumeBuffer:363]	====> the first buffer seq: 1 
[15:52:02.442] [11744] [ERROR] [consumeBuffer:363]	====> the first buffer seq: 1 
[15:52:05.184] [11745] [ERROR] [consumeBuffer:363]	====> the first buffer seq: 1 
[15:52:05.432] [11743] [ERROR] [consumeBuffer:363]	====> the first buffer seq: 1 
[15:52:05.552] [11742] [ERROR] [consumeBuffer:363]	====> the first buffer seq: 1 
[15:52:09.239] [11744] [ERROR] [consumeBuffer:363]	====> the first buffer seq: 1 
[15:52:12.232] [11743] [ERROR] [consumeBuffer:363]	====> the first buffer seq: 1 
[15:52:12.302] [11745] [ERROR] [consumeBuffer:363]	====> the first buffer seq: 1 
[15:52:12.382] [11742] [ERROR] [consumeBuffer:363]	====> the first buffer seq: 1 
[15:52:16.296] [11744] [ERROR] [consumeBuffer:363]	====> the first buffer seq: 1 
[15:52:19.292] [11743] [ERROR] [consumeBuffer:363]	====> the first buffer seq: 1 
[15:52:19.383] [11745] [ERROR] [consumeBuffer:363]	====> the first buffer seq: 1 
[15:52:19.587] [11742] [ERROR] [consumeBuffer:363]	====> the first buffer seq: 1 
[16:03:51.981] [11744] [ERROR] [consumeBuffer:363]	====> the first buffer seq: 1 
[16:03:51.985] [11745] [ERROR] [consumeBuffer:363]	====> the first buffer seq: 1 
[16:03:51.995] [11743] [ERROR] [consumeBuffer:363]	====> the first buffer seq: 1 
[16:03:52.005] [11742] [ERROR] [consumeBuffer:363]	====> the first buffer seq: 1 
[16:03:57.553] [11745] [ERROR] [consumeBuffer:363]	====> the first buffer seq: 1 
[16:03:58.732] [11744] [ERROR] [consumeBuffer:363]	====> the first buffer seq: 1 
[16:03:58.769] [11743] [ERROR] [consumeBuffer:363]	====> the first buffer seq: 1 
[16:03:58.937] [11742] [ERROR] [consumeBuffer:363]	====> the first buffer seq: 1 
[16:04:04.006] [11745] [ERROR] [consumeBuffer:363]	====> the first buffer seq: 1 
[16:04:05.478] [11742] [ERROR] [consumeBuffer:363]	====> the first buffer seq: 1 
[16:04:05.507] [11744] [ERROR] [consumeBuffer:363]	====> the first buffer seq: 1 
[16:04:05.655] [11743] [ERROR] [consumeBuffer:363]	====> the first buffer seq: 1 
[16:04:10.243] [11745] [ERROR] [consumeBuffer:363]	====> the first buffer seq: 1 
[16:04:11.905] [11742] [ERROR] [consumeBuffer:363]	====> the first buffer seq: 1 
[16:04:12.068] [11744] [ERROR] [consumeBuffer:363]	====> the first buffer seq: 1 
[16:04:12.235] [11743] [ERROR] [consumeBuffer:363]	====> the first buffer seq: 1 
[16:04:16.627] [11745] [ERROR] [consumeBuffer:363]	====> the first buffer seq: 1 
[16:04:18.602] [11742] [ERROR] [consumeBuffer:363]	====> the first buffer seq: 1 
[16:04:18.779] [11744] [ERROR] [consumeBuffer:363]	====> the first buffer seq: 1 
[16:04:18.795] [11743] [ERROR] [consumeBuffer:363]	====> the first buffer seq: 1 
[16:04:22.754] [11745] [ERROR] [consumeBuffer:363]	====> the first buffer seq: 1 
[16:04:25.248] [11742] [ERROR] [consumeBuffer:363]	====> the first buffer seq: 1 
[16:04:25.258] [11744] [ERROR] [consumeBuffer:363]	====> the first buffer seq: 1 
[16:04:25.375] [11743] [ERROR] [consumeBuffer:363]	====> the first buffer seq: 1 
[16:04:29.024] [11745] [ERROR] [consumeBuffer:363]	====> the first buffer seq: 1 
[16:04:31.831] [11744] [ERROR] [consumeBuffer:363]	====> the first buffer seq: 1 
[16:04:31.914] [11742] [ERROR] [consumeBuffer:363]	====> the first buffer seq: 1 
[16:04:31.973] [11743] [ERROR] [consumeBuffer:363]	====> the first buffer seq: 1 
[16:04:35.467] [11745] [ERROR] [consumeBuffer:363]	====> the first buffer seq: 1 
[16:04:38.187] [11744] [ERROR] [consumeBuffer:363]	====> the first buffer seq: 1 
[16:04:38.335] [11743] [ERROR] [consumeBuffer:363]	====> the first buffer seq: 1 
[16:04:38.615] [11742] [ERROR] [consumeBuffer:363]	====> the first buffer seq: 1 
[16:04:41.779] [11745] [ERROR] [consumeBuffer:363]	====> the first buffer seq: 1 
[16:04:44.927] [11743] [ERROR] [consumeBuffer:363]	====> the first buffer seq: 1 
[16:04:44.937] [11744] [ERROR] [consumeBuffer:363]	====> the first buffer seq: 1 
[16:04:44.977] [11742] [ERROR] [consumeBuffer:363]	====> the first buffer seq: 1 
[16:04:47.924] [11745] [ERROR] [consumeBuffer:363]	====> the first buffer seq: 1 
[16:04:51.311] [11744] [ERROR] [consumeBuffer:363]	====> the first buffer seq: 1 
[16:04:51.360] [11743] [ERROR] [consumeBuffer:363]	====> the first buffer seq: 1 
[16:04:51.713] [11742] [ERROR] [consumeBuffer:363]	====> the first buffer seq: 1 
[16:04:54.064] [11745] [ERROR] [consumeBuffer:363]	====> the first buffer seq: 1 
[16:04:57.812] [11743] [ERROR] [consumeBuffer:363]	====> the first buffer seq: 1 
[16:04:57.953] [11744] [ERROR] [consumeBuffer:363]	====> the first buffer seq: 1 
[16:04:58.083] [11742] [ERROR] [consumeBuffer:363]	====> the first buffer seq: 1 
[16:05:00.444] [11745] [ERROR] [consumeBuffer:363]	====> the first buffer seq: 1 
[16:05:04.228] [11743] [ERROR] [consumeBuffer:363]	====> the first buffer seq: 1 
[16:05:04.685] [11744] [ERROR] [consumeBuffer:363]	====> the first buffer seq: 1 
[16:05:04.747] [11742] [ERROR] [consumeBuffer:363]	====> the first buffer seq: 1 
[16:05:06.892] [11745] [ERROR] [consumeBuffer:363]	====> the first buffer seq: 1 
[16:05:10.722] [11743] [ERROR] [consumeBuffer:363]	====> the first buffer seq: 1 
[16:05:11.165] [11744] [ERROR] [consumeBuffer:363]	====> the first buffer seq: 1 
[16:05:11.189] [11742] [ERROR] [consumeBuffer:363]	====> the first buffer seq: 1 
[16:05:13.312] [11745] [ERROR] [consumeBuffer:363]	====> the first buffer seq: 1 
[16:05:17.124] [11743] [ERROR] [consumeBuffer:363]	====> the first buffer seq: 1 
[16:05:17.667] [11744] [ERROR] [consumeBuffer:363]	====> the first buffer seq: 1 
[16:05:17.759] [11742] [ERROR] [consumeBuffer:363]	====> the first buffer seq: 1 
[16:05:19.546] [11745] [ERROR] [consumeBuffer:363]	====> the first buffer seq: 1 
[16:05:23.846] [11743] [ERROR] [consumeBuffer:363]	====> the first buffer seq: 1 
[16:05:24.188] [11744] [ERROR] [consumeBuffer:363]	====> the first buffer seq: 1 
[16:05:24.372] [11742] [ERROR] [consumeBuffer:363]	====> the first buffer seq: 1 
[16:05:26.191] [11745] [ERROR] [consumeBuffer:363]	====> the first buffer seq: 1 
[16:05:30.437] [11743] [ERROR] [consumeBuffer:363]	====> the first buffer seq: 1 
[16:05:30.679] [11744] [ERROR] [consumeBuffer:363]	====> the first buffer seq: 1 
[16:05:31.008] [11742] [ERROR] [consumeBuffer:363]	====> the first buffer seq: 1 
[16:05:32.713] [11745] [ERROR] [consumeBuffer:363]	====> the first buffer seq: 1 
[16:05:37.147] [11743] [ERROR] [consumeBuffer:363]	====> the first buffer seq: 1 
[16:05:37.308] [11744] [ERROR] [consumeBuffer:363]	====> the first buffer seq: 1 
[16:05:37.730] [11742] [ERROR] [consumeBuffer:363]	====> the first buffer seq: 1 
[16:05:39.345] [11745] [ERROR] [consumeBuffer:363]	====> the first buffer seq: 1 
[16:05:43.757] [11743] [ERROR] [consumeBuffer:363]	====> the first buffer seq: 1 
[16:05:43.907] [11744] [ERROR] [consumeBuffer:363]	====> the first buffer seq: 1 
[16:05:44.155] [11742] [ERROR] [consumeBuffer:363]	====> the first buffer seq: 1 
[16:05:45.719] [11745] [ERROR] [consumeBuffer:363]	====> the first buffer seq: 1 
[16:05:50.061] [11743] [ERROR] [consumeBuffer:363]	====> the first buffer seq: 1 
[16:05:50.569] [11742] [ERROR] [consumeBuffer:363]	====> the first buffer seq: 1 
[16:05:50.621] [11744] [ERROR] [consumeBuffer:363]	====> the first buffer seq: 1 
[16:05:52.301] [11745] [ERROR] [consumeBuffer:363]	====> the first buffer seq: 1 
[16:05:56.868] [11743] [ERROR] [consumeBuffer:363]	====> the first buffer seq: 1 
[16:05:57.334] [11744] [ERROR] [consumeBuffer:363]	====> the first buffer seq: 1 
[16:05:57.394] [11742] [ERROR] [consumeBuffer:363]	====> the first buffer seq: 1 
[16:05:58.628] [11745] [ERROR] [consumeBuffer:363]	====> the first buffer seq: 1 
[16:06:03.361] [11743] [ERROR] [consumeBuffer:363]	====> the first buffer seq: 1 
[16:06:03.945] [11742] [ERROR] [consumeBuffer:363]	====> the first buffer seq: 1 
[16:06:04.047] [11744] [ERROR] [consumeBuffer:363]	====> the first buffer seq: 1 
[16:06:05.128] [11745] [ERROR] [consumeBuffer:363]	====> the first buffer seq: 1 
[16:06:09.788] [11743] [ERROR] [consumeBuffer:363]	====> the first buffer seq: 1 
[16:06:10.402] [11742] [ERROR] [consumeBuffer:363]	====> the first buffer seq: 1 
[16:06:10.498] [11744] [ERROR] [consumeBuffer:363]	====> the first buffer seq: 1 
[16:06:11.860] [11745] [ERROR] [consumeBuffer:363]	====> the first buffer seq: 1 
[16:06:16.361] [11743] [ERROR] [consumeBuffer:363]	====> the first buffer seq: 1 
[16:06:16.978] [11742] [ERROR] [consumeBuffer:363]	====> the first buffer seq: 1 
[16:06:17.134] [11744] [ERROR] [consumeBuffer:363]	====> the first buffer seq: 1 
[16:06:18.260] [11745] [ERROR] [consumeBuffer:363]	====> the first buffer seq: 1 
[16:06:22.784] [11743] [ERROR] [consumeBuffer:363]	====> the first buffer seq: 1 
[16:06:23.513] [11742] [ERROR] [consumeBuffer:363]	====> the first buffer seq: 1 
[16:06:23.728] [11744] [ERROR] [consumeBuffer:363]	====> the first buffer seq: 1 
[16:06:24.592] [11745] [ERROR] [consumeBuffer:363]	====> the first buffer seq: 1 
[16:06:29.342] [11743] [ERROR] [consumeBuffer:363]	====> the first buffer seq: 1 
[16:06:30.211] [11742] [ERROR] [consumeBuffer:363]	====> the first buffer seq: 1 
[16:06:30.294] [11744] [ERROR] [consumeBuffer:363]	====> the first buffer seq: 1 
[16:08:21.637] [11743] [ERROR] [consumeBuffer:363]	====> the first buffer seq: 1 
[16:08:21.639] [11745] [ERROR] [consumeBuffer:363]	====> the first buffer seq: 1 
[16:08:21.642] [11744] [ERROR] [consumeBuffer:363]	====> the first buffer seq: 1 
[16:08:21.648] [11742] [ERROR] [consumeBuffer:363]	====> the first buffer seq: 1 
[16:08:24.557] [11743] [ERROR] [consumeBuffer:363]	====> the first buffer seq: 1 
[16:08:25.665] [11745] [ERROR] [consumeBuffer:363]	====> the first buffer seq: 1 
[16:08:25.821] [11744] [ERROR] [consumeBuffer:363]	====> the first buffer seq: 1 
[16:08:25.989] [11742] [ERROR] [consumeBuffer:363]	====> the first buffer seq: 1 
[16:08:28.406] [11743] [ERROR] [consumeBuffer:363]	====> the first buffer seq: 1 
[16:08:29.665] [11745] [ERROR] [consumeBuffer:363]	====> the first buffer seq: 1 
[16:08:29.716] [11744] [ERROR] [consumeBuffer:363]	====> the first buffer seq: 1 
[16:08:30.006] [11742] [ERROR] [consumeBuffer:363]	====> the first buffer seq: 1 
[16:08:32.336] [11743] [ERROR] [consumeBuffer:363]	====> the first buffer seq: 1 
[16:08:33.654] [11745] [ERROR] [consumeBuffer:363]	====> the first buffer seq: 1 
[16:08:33.749] [11744] [ERROR] [consumeBuffer:363]	====> the first buffer seq: 1 
[16:08:33.873] [11742] [ERROR] [consumeBuffer:363]	====> the first buffer seq: 1 
[16:08:36.221] [11743] [ERROR] [consumeBuffer:363]	====> the first buffer seq: 1 
[16:08:38.131] [11745] [ERROR] [consumeBuffer:363]	====> the first buffer seq: 1 
[16:08:38.221] [11742] [ERROR] [consumeBuffer:363]	====> the first buffer seq: 1 
[16:08:38.261] [11744] [ERROR] [consumeBuffer:363]	====> the first buffer seq: 1 
[16:08:40.681] [11743] [ERROR] [consumeBuffer:363]	====> the first buffer seq: 1 
[16:08:42.437] [11745] [ERROR] [consumeBuffer:363]	====> the first buffer seq: 1 
[16:08:42.561] [11744] [ERROR] [consumeBuffer:363]	====> the first buffer seq: 1 
[16:08:42.587] [11742] [ERROR] [consumeBuffer:363]	====> the first buffer seq: 1 
[16:08:44.981] [11743] [ERROR] [consumeBuffer:363]	====> the first buffer seq: 1 
[16:08:46.627] [11745] [ERROR] [consumeBuffer:363]	====> the first buffer seq: 1 
[16:08:46.862] [11742] [ERROR] [consumeBuffer:363]	====> the first buffer seq: 1 
[16:08:46.955] [11744] [ERROR] [consumeBuffer:363]	====> the first buffer seq: 1 
[16:08:48.964] [11743] [ERROR] [consumeBuffer:363]	====> the first buffer seq: 1 
[16:08:50.647] [11745] [ERROR] [consumeBuffer:363]	====> the first buffer seq: 1 
[16:08:50.817] [11742] [ERROR] [consumeBuffer:363]	====> the first buffer seq: 1 
[16:08:50.822] [11744] [ERROR] [consumeBuffer:363]	====> the first buffer seq: 1 
[16:08:52.850] [11743] [ERROR] [consumeBuffer:363]	====> the first buffer seq: 1 
[16:08:54.671] [11745] [ERROR] [consumeBuffer:363]	====> the first buffer seq: 1 
[16:08:54.800] [11742] [ERROR] [consumeBuffer:363]	====> the first buffer seq: 1 
[16:08:54.851] [11744] [ERROR] [consumeBuffer:363]	====> the first buffer seq: 1 
[16:08:56.716] [11743] [ERROR] [consumeBuffer:363]	====> the first buffer seq: 1 
[16:08:58.488] [11745] [ERROR] [consumeBuffer:363]	====> the first buffer seq: 1 
[16:08:58.794] [11742] [ERROR] [consumeBuffer:363]	====> the first buffer seq: 1 
[16:08:58.939] [11744] [ERROR] [consumeBuffer:363]	====> the first buffer seq: 1 
[16:09:00.525] [11743] [ERROR] [consumeBuffer:363]	====> the first buffer seq: 1 
[16:09:02.449] [11745] [ERROR] [consumeBuffer:363]	====> the first buffer seq: 1 
[16:09:02.725] [11742] [ERROR] [consumeBuffer:363]	====> the first buffer seq: 1 
[16:09:02.844] [11744] [ERROR] [consumeBuffer:363]	====> the first buffer seq: 1 
[16:09:04.796] [11743] [ERROR] [consumeBuffer:363]	====> the first buffer seq: 1 
[16:09:07.079] [11745] [ERROR] [consumeBuffer:363]	====> the first buffer seq: 1 
[16:09:07.440] [11744] [ERROR] [consumeBuffer:363]	====> the first buffer seq: 1 
[16:09:07.656] [11742] [ERROR] [consumeBuffer:363]	====> the first buffer seq: 1 
[16:09:09.125] [11743] [ERROR] [consumeBuffer:363]	====> the first buffer seq: 1 
[16:09:11.131] [11745] [ERROR] [consumeBuffer:363]	====> the first buffer seq: 1 
[16:09:11.605] [11744] [ERROR] [consumeBuffer:363]	====> the first buffer seq: 1 
[16:09:12.030] [11742] [ERROR] [consumeBuffer:363]	====> the first buffer seq: 1 
[16:09:13.631] [11743] [ERROR] [consumeBuffer:363]	====> the first buffer seq: 1 
[16:09:15.626] [11745] [ERROR] [consumeBuffer:363]	====> the first buffer seq: 1 
[16:09:16.180] [11744] [ERROR] [consumeBuffer:363]	====> the first buffer seq: 1 
[16:09:16.387] [11742] [ERROR] [consumeBuffer:363]	====> the first buffer seq: 1 
[16:09:17.652] [11743] [ERROR] [consumeBuffer:363]	====> the first buffer seq: 1 
[16:09:19.582] [11745] [ERROR] [consumeBuffer:363]	====> the first buffer seq: 1 
[16:09:19.981] [11744] [ERROR] [consumeBuffer:363]	====> the first buffer seq: 1 
[16:09:20.424] [11742] [ERROR] [consumeBuffer:363]	====> the first buffer seq: 1 
[16:09:21.749] [11743] [ERROR] [consumeBuffer:363]	====> the first buffer seq: 1 
[16:09:23.654] [11745] [ERROR] [consumeBuffer:363]	====> the first buffer seq: 1 
[16:09:23.906] [11744] [ERROR] [consumeBuffer:363]	====> the first buffer seq: 1 
[16:09:24.379] [11742] [ERROR] [consumeBuffer:363]	====> the first buffer seq: 1 
[16:09:25.401] [11743] [ERROR] [consumeBuffer:363]	====> the first buffer seq: 1 
[16:09:27.657] [11745] [ERROR] [consumeBuffer:363]	====> the first buffer seq: 1 
[16:09:28.055] [11744] [ERROR] [consumeBuffer:363]	====> the first buffer seq: 1 
[16:09:28.448] [11742] [ERROR] [consumeBuffer:363]	====> the first buffer seq: 1 
[16:09:29.063] [11743] [ERROR] [consumeBuffer:363]	====> the first buffer seq: 1 
[16:09:31.551] [11745] [ERROR] [consumeBuffer:363]	====> the first buffer seq: 1 
[16:09:32.226] [11744] [ERROR] [consumeBuffer:363]	====> the first buffer seq: 1 
[16:09:32.563] [11742] [ERROR] [consumeBuffer:363]	====> the first buffer seq: 1 
[16:09:32.995] [11743] [ERROR] [consumeBuffer:363]	====> the first buffer seq: 1 
[16:09:35.324] [11745] [ERROR] [consumeBuffer:363]	====> the first buffer seq: 1 
[16:09:36.419] [11744] [ERROR] [consumeBuffer:363]	====> the first buffer seq: 1 
[16:09:36.641] [11742] [ERROR] [consumeBuffer:363]	====> the first buffer seq: 1 
[16:09:37.031] [11743] [ERROR] [consumeBuffer:363]	====> the first buffer seq: 1 
[16:09:39.119] [11745] [ERROR] [consumeBuffer:363]	====> the first buffer seq: 1 
[16:09:40.380] [11744] [ERROR] [consumeBuffer:363]	====> the first buffer seq: 1 
[16:09:40.800] [11742] [ERROR] [consumeBuffer:363]	====> the first buffer seq: 1 
[16:09:41.069] [11743] [ERROR] [consumeBuffer:363]	====> the first buffer seq: 1 
[16:09:42.921] [11745] [ERROR] [consumeBuffer:363]	====> the first buffer seq: 1 
[16:09:44.243] [11744] [ERROR] [consumeBuffer:363]	====> the first buffer seq: 1 
[16:09:44.709] [11742] [ERROR] [consumeBuffer:363]	====> the first buffer seq: 1 
[16:09:44.926] [11743] [ERROR] [consumeBuffer:363]	====> the first buffer seq: 1 
[16:09:46.959] [11745] [ERROR] [consumeBuffer:363]	====> the first buffer seq: 1 
[16:09:48.215] [11744] [ERROR] [consumeBuffer:363]	====> the first buffer seq: 1 
[16:09:48.608] [11742] [ERROR] [consumeBuffer:363]	====> the first buffer seq: 1 
[16:09:48.852] [11743] [ERROR] [consumeBuffer:363]	====> the first buffer seq: 1 
[16:09:50.983] [11745] [ERROR] [consumeBuffer:363]	====> the first buffer seq: 1 
[16:09:52.178] [11744] [ERROR] [consumeBuffer:363]	====> the first buffer seq: 1 
[16:09:52.560] [11742] [ERROR] [consumeBuffer:363]	====> the first buffer seq: 1 
[16:09:52.882] [11743] [ERROR] [consumeBuffer:363]	====> the first buffer seq: 1 
[16:09:54.844] [11745] [ERROR] [consumeBuffer:363]	====> the first buffer seq: 1 
[16:09:56.334] [11744] [ERROR] [consumeBuffer:363]	====> the first buffer seq: 1 
[16:09:56.623] [11742] [ERROR] [consumeBuffer:363]	====> the first buffer seq: 1 
[16:09:57.079] [11743] [ERROR] [consumeBuffer:363]	====> the first buffer seq: 1 
[16:09:58.587] [11745] [ERROR] [consumeBuffer:363]	====> the first buffer seq: 1 
[16:10:00.174] [11744] [ERROR] [consumeBuffer:363]	====> the first buffer seq: 1 
[16:10:00.621] [11742] [ERROR] [consumeBuffer:363]	====> the first buffer seq: 1 
[16:24:17.890] [26125] [ERROR] [error:157]	got error busi back: a758fb68-87dd-4ba8-aa73-28af56157c1e, code: 1007 
[16:24:17.890] [26125] [WARN ] [error:167]	busi err back, erase task failed, cannot find cache task: a758fb68-87dd-4ba8-aa73-28af56157c1e !  [THE user: test001] 
[16:24:17.892] [25386] [ERROR] [error:157]	got error busi back: 65e326cc-f11e-47e9-aa89-2dd07f0fc3d3, code: 1007 
[16:24:17.892] [25386] [WARN ] [error:167]	busi err back, erase task failed, cannot find cache task: 65e326cc-f11e-47e9-aa89-2dd07f0fc3d3 !  [THE user: test001] 
[16:24:17.894] [26125] [ERROR] [error:157]	got error busi back: bdec3121-4da9-4f8b-bf2f-29c83c50f20f, code: 1007 
[16:24:17.894] [26125] [WARN ] [error:167]	busi err back, erase task failed, cannot find cache task: bdec3121-4da9-4f8b-bf2f-29c83c50f20f !  [THE user: test001] 
[16:24:17.897] [25386] [ERROR] [error:157]	got error busi back: 10ab5684-74dc-4597-aa14-edb1912fff66, code: 1007 
[16:24:17.897] [25386] [WARN ] [error:167]	busi err back, erase task failed, cannot find cache task: 10ab5684-74dc-4597-aa14-edb1912fff66 !  [THE user: test001] 
[16:24:17.900] [26125] [ERROR] [error:157]	got error busi back: 599f2e9a-460e-4745-a431-63f1a9318e75, code: 1007 
[16:24:17.900] [26125] [WARN ] [error:167]	busi err back, erase task failed, cannot find cache task: 599f2e9a-460e-4745-a431-63f1a9318e75 !  [THE user: test001] 
[16:24:17.902] [25386] [ERROR] [error:157]	got error busi back: b5564c12-1b7b-46a3-a977-fa0a1d942301, code: 1007 
[16:24:17.902] [25386] [WARN ] [error:167]	busi err back, erase task failed, cannot find cache task: b5564c12-1b7b-46a3-a977-fa0a1d942301 !  [THE user: test001] 
[16:24:17.905] [25386] [ERROR] [error:157]	got error busi back: 3a6998e3-4d83-4b64-88a9-5863046b5ede, code: 1007 
[16:24:17.905] [25386] [WARN ] [error:167]	busi err back, erase task failed, cannot find cache task: 3a6998e3-4d83-4b64-88a9-5863046b5ede !  [THE user: test001] 
[16:24:17.908] [26125] [ERROR] [error:157]	got error busi back: 5c033499-96fe-4184-908e-c4c3ccddb7f2, code: 1007 
[16:24:17.908] [26125] [WARN ] [error:167]	busi err back, erase task failed, cannot find cache task: 5c033499-96fe-4184-908e-c4c3ccddb7f2 !  [THE user: test001] 
[16:24:17.910] [26125] [ERROR] [error:157]	got error busi back: 2ba25aa1-fc9d-4103-91ad-feb705a9e698, code: 1007 
[16:24:17.911] [26125] [WARN ] [error:167]	busi err back, erase task failed, cannot find cache task: 2ba25aa1-fc9d-4103-91ad-feb705a9e698 !  [THE user: test001] 
[16:24:17.913] [26125] [ERROR] [error:157]	got error busi back: a425cfa9-5ac1-4607-874c-0534d8196fb6, code: 1007 
[16:24:17.913] [26125] [WARN ] [error:167]	busi err back, erase task failed, cannot find cache task: a425cfa9-5ac1-4607-874c-0534d8196fb6 !  [THE user: test001] 
[16:24:17.917] [25386] [ERROR] [error:157]	got error busi back: a40d7f45-6ee2-4516-a9c4-4cc4396a6f23, code: 1007 
[16:24:17.917] [25386] [WARN ] [error:167]	busi err back, erase task failed, cannot find cache task: a40d7f45-6ee2-4516-a9c4-4cc4396a6f23 !  [THE user: test001] 
[16:24:17.920] [26125] [ERROR] [error:157]	got error busi back: cfafa9d9-98eb-4153-a444-d05885d77a7e, code: 1007 
[16:24:17.920] [26125] [WARN ] [error:167]	busi err back, erase task failed, cannot find cache task: cfafa9d9-98eb-4153-a444-d05885d77a7e !  [THE user: test001] 
[16:24:17.923] [25386] [ERROR] [error:157]	got error busi back: 5edb3deb-5679-45c4-af8e-7a766763231d, code: 1007 
[16:24:17.923] [25386] [WARN ] [error:167]	busi err back, erase task failed, cannot find cache task: 5edb3deb-5679-45c4-af8e-7a766763231d !  [THE user: test001] 
[16:24:17.927] [26125] [ERROR] [error:157]	got error busi back: 27aa2967-ea70-4656-99cd-3f8858454c9d, code: 1007 
[16:24:17.927] [26125] [WARN ] [error:167]	busi err back, erase task failed, cannot find cache task: 27aa2967-ea70-4656-99cd-3f8858454c9d !  [THE user: test001] 
[16:24:17.930] [25386] [ERROR] [error:157]	got error busi back: 59578f7d-4e37-453a-b744-da9c7955eee9, code: 1007 
[16:24:17.930] [25386] [WARN ] [error:167]	busi err back, erase task failed, cannot find cache task: 59578f7d-4e37-453a-b744-da9c7955eee9 !  [THE user: test001] 
[16:24:17.934] [26125] [ERROR] [error:157]	got error busi back: cf3f91b7-dd8d-4024-8737-52689f2aa5f8, code: 1007 
[16:24:17.934] [26125] [WARN ] [error:167]	busi err back, erase task failed, cannot find cache task: cf3f91b7-dd8d-4024-8737-52689f2aa5f8 !  [THE user: test001] 
[16:24:17.936] [25386] [ERROR] [error:157]	got error busi back: 908007e8-a282-4bb3-9c3b-3b1417e19f3c, code: 1007 
[16:24:17.936] [25386] [WARN ] [error:167]	busi err back, erase task failed, cannot find cache task: 908007e8-a282-4bb3-9c3b-3b1417e19f3c !  [THE user: test001] 
[16:24:17.939] [26125] [ERROR] [error:157]	got error busi back: a926fc2b-504d-4761-b0bf-47e08060e938, code: 1007 
[16:24:17.939] [26125] [WARN ] [error:167]	busi err back, erase task failed, cannot find cache task: a926fc2b-504d-4761-b0bf-47e08060e938 !  [THE user: test001] 
[16:24:17.943] [25386] [ERROR] [error:157]	got error busi back: e7e1f08b-4ba6-4215-a894-25a0aeeb7396, code: 1007 
[16:24:17.943] [25386] [WARN ] [error:167]	busi err back, erase task failed, cannot find cache task: e7e1f08b-4ba6-4215-a894-25a0aeeb7396 !  [THE user: test001] 
[16:24:17.946] [26125] [ERROR] [error:157]	got error busi back: e5bdd831-07e3-4a30-82ec-7c96609d8869, code: 1007 
[16:24:17.946] [26125] [WARN ] [error:167]	busi err back, erase task failed, cannot find cache task: e5bdd831-07e3-4a30-82ec-7c96609d8869 !  [THE user: test001] 
[16:24:17.948] [25386] [ERROR] [error:157]	got error busi back: f1fac291-a6bb-46a7-8374-ba9371e64352, code: 1007 
[16:24:17.948] [25386] [WARN ] [error:167]	busi err back, erase task failed, cannot find cache task: f1fac291-a6bb-46a7-8374-ba9371e64352 !  [THE user: test001] 
[16:24:17.951] [26125] [ERROR] [error:157]	got error busi back: b736587d-9a3f-46a5-b380-5d2001483bf7, code: 1007 
[16:24:17.951] [26125] [WARN ] [error:167]	busi err back, erase task failed, cannot find cache task: b736587d-9a3f-46a5-b380-5d2001483bf7 !  [THE user: test001] 
[16:24:17.954] [25386] [ERROR] [error:157]	got error busi back: 5a52949b-4c9e-4d4f-9371-195de7f401af, code: 1007 
[16:24:17.954] [25386] [WARN ] [error:167]	busi err back, erase task failed, cannot find cache task: 5a52949b-4c9e-4d4f-9371-195de7f401af !  [THE user: test001] 
[16:24:17.957] [26125] [ERROR] [error:157]	got error busi back: fc67ed26-d42c-4e76-86bf-b0c6a847a656, code: 1007 
[16:24:17.957] [26125] [WARN ] [error:167]	busi err back, erase task failed, cannot find cache task: fc67ed26-d42c-4e76-86bf-b0c6a847a656 !  [THE user: test001] 
[16:24:17.959] [25386] [ERROR] [error:157]	got error busi back: ba5cfd98-b4b1-4718-9a90-258209a9c66a, code: 1007 
[16:24:17.959] [25386] [WARN ] [error:167]	busi err back, erase task failed, cannot find cache task: ba5cfd98-b4b1-4718-9a90-258209a9c66a !  [THE user: test001] 
[16:24:17.960] [26125] [ERROR] [error:157]	got error busi back: 091b0d01-ffb3-485f-9b51-9c41da6cd70c, code: 1007 
[16:24:17.960] [26125] [WARN ] [error:167]	busi err back, erase task failed, cannot find cache task: 091b0d01-ffb3-485f-9b51-9c41da6cd70c !  [THE user: test001] 
[16:24:17.961] [25386] [ERROR] [error:157]	got error busi back: 0250274b-8c5c-4187-b4c7-7accdb6ef9b5, code: 1007 
[16:24:17.961] [25386] [WARN ] [error:167]	busi err back, erase task failed, cannot find cache task: 0250274b-8c5c-4187-b4c7-7accdb6ef9b5 !  [THE user: test001] 
[16:24:17.962] [26125] [ERROR] [error:157]	got error busi back: 18891c90-06df-4a9c-89ae-92b665d10bb8, code: 1007 
[16:24:17.962] [26125] [WARN ] [error:167]	busi err back, erase task failed, cannot find cache task: 18891c90-06df-4a9c-89ae-92b665d10bb8 !  [THE user: test001] 
[16:24:17.963] [25386] [ERROR] [error:157]	got error busi back: 8875d4e6-9d9d-4163-a7be-366519e67036, code: 1007 
[16:24:17.963] [25386] [WARN ] [error:167]	busi err back, erase task failed, cannot find cache task: 8875d4e6-9d9d-4163-a7be-366519e67036 !  [THE user: test001] 
[16:24:17.964] [26125] [ERROR] [error:157]	got error busi back: 6ec76a0d-40f4-406b-9a8e-843646dc031b, code: 1007 
[16:24:17.964] [26125] [WARN ] [error:167]	busi err back, erase task failed, cannot find cache task: 6ec76a0d-40f4-406b-9a8e-843646dc031b !  [THE user: test001] 
[16:24:17.965] [25386] [ERROR] [error:157]	got error busi back: 08cc42f0-636a-467c-b05a-8286e1653dc4, code: 1007 
[16:24:17.965] [25386] [WARN ] [error:167]	busi err back, erase task failed, cannot find cache task: 08cc42f0-636a-467c-b05a-8286e1653dc4 !  [THE user: test001] 
[16:24:17.966] [26125] [ERROR] [error:157]	got error busi back: 07deee8a-db89-4d09-ad34-7397c7e1645a, code: 1007 
[16:24:17.966] [26125] [WARN ] [error:167]	busi err back, erase task failed, cannot find cache task: 07deee8a-db89-4d09-ad34-7397c7e1645a !  [THE user: test001] 
[16:24:17.966] [25386] [ERROR] [error:157]	got error busi back: 22514f07-4ef7-4313-ba2c-53d6acf47333, code: 1007 
[16:24:17.966] [25386] [WARN ] [error:167]	busi err back, erase task failed, cannot find cache task: 22514f07-4ef7-4313-ba2c-53d6acf47333 !  [THE user: test001] 
[16:24:17.967] [26125] [ERROR] [error:157]	got error busi back: c0366b40-c2a9-48b8-a033-09f63005f952, code: 1007 
[16:24:17.967] [26125] [WARN ] [error:167]	busi err back, erase task failed, cannot find cache task: c0366b40-c2a9-48b8-a033-09f63005f952 !  [THE user: test001] 
[16:24:17.967] [25386] [ERROR] [error:157]	got error busi back: 47e65463-a686-401c-8faf-a2ee65631864, code: 1007 
[16:24:17.967] [25386] [WARN ] [error:167]	busi err back, erase task failed, cannot find cache task: 47e65463-a686-401c-8faf-a2ee65631864 !  [THE user: test001] 
[16:24:17.968] [26125] [ERROR] [error:157]	got error busi back: 33648fc1-05bc-462b-9e61-2d6ee7263dba, code: 1007 
[16:24:17.968] [26125] [WARN ] [error:167]	busi err back, erase task failed, cannot find cache task: 33648fc1-05bc-462b-9e61-2d6ee7263dba !  [THE user: test001] 
[16:24:17.969] [25386] [ERROR] [error:157]	got error busi back: 244ef96d-8541-41e1-b5a3-028c73dad48a, code: 1007 
[16:24:17.969] [25386] [WARN ] [error:167]	busi err back, erase task failed, cannot find cache task: 244ef96d-8541-41e1-b5a3-028c73dad48a !  [THE user: test001] 
[16:24:17.969] [26125] [ERROR] [error:157]	got error busi back: f75aa62d-36f6-4864-bf77-dcb7f47f271a, code: 1007 
[16:24:17.969] [26125] [WARN ] [error:167]	busi err back, erase task failed, cannot find cache task: f75aa62d-36f6-4864-bf77-dcb7f47f271a !  [THE user: test001] 
[16:24:17.970] [25386] [ERROR] [error:157]	got error busi back: aef17056-e04f-475d-8cc0-35f5e5e0a38a, code: 1007 
[16:24:17.970] [25386] [WARN ] [error:167]	busi err back, erase task failed, cannot find cache task: aef17056-e04f-475d-8cc0-35f5e5e0a38a !  [THE user: test001] 
[16:24:17.970] [26125] [ERROR] [error:157]	got error busi back: 308037b6-4eff-4249-a707-abbabcabb8a8, code: 1007 
[16:24:17.970] [26125] [WARN ] [error:167]	busi err back, erase task failed, cannot find cache task: 308037b6-4eff-4249-a707-abbabcabb8a8 !  [THE user: test001] 
[16:24:17.971] [25386] [ERROR] [error:157]	got error busi back: 6d0f588d-3587-4c0f-848b-e7e25cd5ee6e, code: 1007 
[16:24:17.971] [25386] [WARN ] [error:167]	busi err back, erase task failed, cannot find cache task: 6d0f588d-3587-4c0f-848b-e7e25cd5ee6e !  [THE user: test001] 
[16:24:17.971] [26125] [ERROR] [error:157]	got error busi back: 689cc0f7-e07a-4045-9cf3-a572a0a2cf2d, code: 1007 
[16:24:17.972] [26125] [WARN ] [error:167]	busi err back, erase task failed, cannot find cache task: 689cc0f7-e07a-4045-9cf3-a572a0a2cf2d !  [THE user: test001] 
[16:24:17.972] [25386] [ERROR] [error:157]	got error busi back: 716b0af4-1a76-4894-ab39-01a006955946, code: 1007 
[16:24:17.972] [25386] [WARN ] [error:167]	busi err back, erase task failed, cannot find cache task: 716b0af4-1a76-4894-ab39-01a006955946 !  [THE user: test001] 
[16:24:17.973] [26125] [ERROR] [error:157]	got error busi back: 7515218e-bb61-49e7-8df8-b1691aa8782a, code: 1007 
[16:24:17.973] [26125] [WARN ] [error:167]	busi err back, erase task failed, cannot find cache task: 7515218e-bb61-49e7-8df8-b1691aa8782a !  [THE user: test001] 
[16:24:17.973] [25386] [ERROR] [error:157]	got error busi back: a16205d9-bf07-40fb-915e-088e71002bef, code: 1007 
[16:24:17.973] [25386] [WARN ] [error:167]	busi err back, erase task failed, cannot find cache task: a16205d9-bf07-40fb-915e-088e71002bef !  [THE user: test001] 
[16:24:17.974] [26125] [ERROR] [error:157]	got error busi back: df02463e-efd5-4d64-99aa-e09ff4662ef5, code: 1007 
[16:24:17.974] [26125] [WARN ] [error:167]	busi err back, erase task failed, cannot find cache task: df02463e-efd5-4d64-99aa-e09ff4662ef5 !  [THE user: test001] 
[16:24:17.975] [25386] [ERROR] [error:157]	got error busi back: f48fbbca-b644-459e-b952-112a092e15b5, code: 1007 
[16:24:17.975] [25386] [WARN ] [error:167]	busi err back, erase task failed, cannot find cache task: f48fbbca-b644-459e-b952-112a092e15b5 !  [THE user: test001] 
[16:24:17.976] [26125] [ERROR] [error:157]	got error busi back: 74d4c184-06af-40af-86b0-87b89c1ef06a, code: 1007 
[16:24:17.976] [26125] [WARN ] [error:167]	busi err back, erase task failed, cannot find cache task: 74d4c184-06af-40af-86b0-87b89c1ef06a !  [THE user: test001] 
[16:24:17.977] [25386] [ERROR] [error:157]	got error busi back: d72d3e2d-e106-488d-9300-843d0ba09797, code: 1007 
[16:24:17.978] [25386] [WARN ] [error:167]	busi err back, erase task failed, cannot find cache task: d72d3e2d-e106-488d-9300-843d0ba09797 !  [THE user: test001] 
[16:24:17.979] [26125] [ERROR] [error:157]	got error busi back: 0ba474d0-cdff-4704-be89-de8bfa6d0660, code: 1007 
[16:24:17.979] [26125] [WARN ] [error:167]	busi err back, erase task failed, cannot find cache task: 0ba474d0-cdff-4704-be89-de8bfa6d0660 !  [THE user: test001] 
[16:24:17.980] [25386] [ERROR] [error:157]	got error busi back: e234999b-691b-4ccc-8f54-ba8faf199c5c, code: 1007 
[16:24:17.980] [25386] [WARN ] [error:167]	busi err back, erase task failed, cannot find cache task: e234999b-691b-4ccc-8f54-ba8faf199c5c !  [THE user: test001] 
[16:24:17.983] [26125] [ERROR] [error:157]	got error busi back: bba82edb-cbbf-4f51-8d74-0017f5470cec, code: 1007 
[16:24:17.983] [26125] [WARN ] [error:167]	busi err back, erase task failed, cannot find cache task: bba82edb-cbbf-4f51-8d74-0017f5470cec !  [THE user: test001] 
[16:24:17.986] [25386] [ERROR] [error:157]	got error busi back: 086228cf-a771-4300-97ec-8376681ea113, code: 1007 
[16:24:17.986] [25386] [WARN ] [error:167]	busi err back, erase task failed, cannot find cache task: 086228cf-a771-4300-97ec-8376681ea113 !  [THE user: test001] 
[16:24:17.988] [26125] [ERROR] [error:157]	got error busi back: beb4f556-e2b2-473b-ad4e-7cb90d19264e, code: 1007 
[16:24:17.988] [26125] [WARN ] [error:167]	busi err back, erase task failed, cannot find cache task: beb4f556-e2b2-473b-ad4e-7cb90d19264e !  [THE user: test001] 
[16:24:17.990] [25386] [ERROR] [error:157]	got error busi back: 8fc10e0b-2d75-46c9-aaf7-d557b68d5f38, code: 1007 
[16:24:17.990] [25386] [WARN ] [error:167]	busi err back, erase task failed, cannot find cache task: 8fc10e0b-2d75-46c9-aaf7-d557b68d5f38 !  [THE user: test001] 
[16:24:17.992] [26125] [ERROR] [error:157]	got error busi back: 9fa4bbf2-6051-4165-89c2-d9f75ae2ff4a, code: 1007 
[16:24:17.992] [26125] [WARN ] [error:167]	busi err back, erase task failed, cannot find cache task: 9fa4bbf2-6051-4165-89c2-d9f75ae2ff4a !  [THE user: test001] 
[16:24:17.994] [25386] [ERROR] [error:157]	got error busi back: 60031659-e9ce-4092-8d4b-945df6385041, code: 1007 
[16:24:17.995] [25386] [WARN ] [error:167]	busi err back, erase task failed, cannot find cache task: 60031659-e9ce-4092-8d4b-945df6385041 !  [THE user: test001] 
[16:24:17.997] [26125] [ERROR] [error:157]	got error busi back: 3c02e17f-a864-4caa-a13e-ee06ac0e15dd, code: 1007 
[16:24:17.997] [26125] [WARN ] [error:167]	busi err back, erase task failed, cannot find cache task: 3c02e17f-a864-4caa-a13e-ee06ac0e15dd !  [THE user: test001] 
[16:24:17.999] [25386] [ERROR] [error:157]	got error busi back: 014f8a36-3cfa-4605-b133-9ea0c8471e3c, code: 1007 
[16:24:17.999] [25386] [WARN ] [error:167]	busi err back, erase task failed, cannot find cache task: 014f8a36-3cfa-4605-b133-9ea0c8471e3c !  [THE user: test001] 
[16:24:18.001] [26125] [ERROR] [error:157]	got error busi back: 18fbf605-2c8f-41f6-ac8d-a849d006aee1, code: 1007 
[16:24:18.001] [26125] [WARN ] [error:167]	busi err back, erase task failed, cannot find cache task: 18fbf605-2c8f-41f6-ac8d-a849d006aee1 !  [THE user: test001] 
[16:24:18.003] [26125] [ERROR] [error:157]	got error busi back: 4452d012-3425-499d-9f1f-fea0f036972f, code: 1007 
[16:24:18.003] [26125] [WARN ] [error:167]	busi err back, erase task failed, cannot find cache task: 4452d012-3425-499d-9f1f-fea0f036972f !  [THE user: test001] 
[16:24:18.005] [26125] [ERROR] [error:157]	got error busi back: 938b6282-bf9c-4ec3-afab-0509eb08b02c, code: 1007 
[16:24:18.005] [26125] [WARN ] [error:167]	busi err back, erase task failed, cannot find cache task: 938b6282-bf9c-4ec3-afab-0509eb08b02c !  [THE user: test001] 
[16:24:18.007] [26125] [ERROR] [error:157]	got error busi back: 7ec9f453-86d0-4c08-9ef8-db504c3250ed, code: 1007 
[16:24:18.007] [26125] [WARN ] [error:167]	busi err back, erase task failed, cannot find cache task: 7ec9f453-86d0-4c08-9ef8-db504c3250ed !  [THE user: test001] 
[16:24:18.011] [26125] [ERROR] [error:157]	got error busi back: 958ac688-65c7-4e25-8b28-0d5635e0b5c9, code: 1007 
[16:24:18.011] [26125] [WARN ] [error:167]	busi err back, erase task failed, cannot find cache task: 958ac688-65c7-4e25-8b28-0d5635e0b5c9 !  [THE user: test001] 
[16:24:18.013] [26125] [ERROR] [error:157]	got error busi back: a8a7fb41-6eca-4f2a-ae5f-59e6983d5f83, code: 1007 
[16:24:18.013] [26125] [WARN ] [error:167]	busi err back, erase task failed, cannot find cache task: a8a7fb41-6eca-4f2a-ae5f-59e6983d5f83 !  [THE user: test001] 
[16:24:18.015] [26125] [ERROR] [error:157]	got error busi back: 16ae256b-7d7b-436e-bf61-7184e8b47fa5, code: 1007 
[16:24:18.015] [26125] [WARN ] [error:167]	busi err back, erase task failed, cannot find cache task: 16ae256b-7d7b-436e-bf61-7184e8b47fa5 !  [THE user: test001] 
[16:25:28.332] [10437] [WARN ] [~MpcMemPool:48]	the mempool is freed! 
