[16:46:42.385] [9796 ] [INFO ] [JNI_OnLoad:24]	jvm onload success ! 
[16:46:42.386] [9796 ] [INFO ] [init:111]	JniNativeCallback init ok. 
[16:46:42.387] [9796 ] [INFO ] [init:136]	to init engine, user: test003, mode: 0, proxyEndpoint: ProxyGlacier2/router:tcp -h 202.114.114.46 -p 4502 -t 11000 
[16:46:42.387] [9796 ] [WARN ] [init:158]	Cannot find the --Mpc.Data=xxxxx config item ! 
[16:46:42.387] [9796 ] [INFO ] [parseCircuits:365]	** preload circuit:  /home/lmars/gc/crossk10_10.gc 
[16:46:42.387] [9796 ] [INFO ] [init:172]	the --Mpc.Circuits=/home/lmars/gc/crossk10_10.gc is set ! 
[16:46:43.732] [9796 ] [INFO ] [resolveCiruit:326]	** circuit resolve => circuit: /home/lmars/gc/crossk10_10.gc , gates: 2476000, andGate: 825500, wires: 2478560, cost time: 1.345083 seconds, speed: 1840778.382566 (gc / second) ** 
[16:46:43.732] [9796 ] [INFO ] [CircuitFile:108]	circuit: /home/lmars/gc/crossk10_10.gc,  hash: 1AB21D8355CFA17F8E61194831E81A8F22BEC8C728FEFB747ED035EB5082AA2B 
[16:46:43.732] [9796 ] [INFO ] [init:188]	preload circuits ok ! 
[16:46:43.732] [9796 ] [INFO ] [init:212]	Not start node server ! use proxy forward ! 
[16:46:43.732] [9796 ] [INFO ] [MpcTaskDispatcher:39]	construct task dispatcher, with 8 processor, load balence is: 16384 
[16:46:43.733] [9796 ] [INFO ] [init:63]	INIT the processor: 0, type: 0 ok 
[16:46:43.733] [9989 ] [INFO ] [operator():54]	task processor: 0 is running... 
[16:46:43.733] [9796 ] [INFO ] [init:63]	INIT the processor: 1, type: 0 ok 
[16:46:43.733] [9989 ] [INFO ] [popInvitorReadyTask:270]	to POP a ready task from ready invitor queue to processor, now read_num: 0 ... 
[16:46:43.733] [9796 ] [INFO ] [init:63]	INIT the processor: 2, type: 0 ok 
[16:46:43.733] [9796 ] [INFO ] [init:63]	INIT the processor: 3, type: 0 ok 
[16:46:43.733] [9992 ] [INFO ] [operator():54]	task processor: 3 is running... 
[16:46:43.733] [9796 ] [INFO ] [init:63]	INIT the processor: 4, type: 1 ok 
[16:46:43.733] [9993 ] [INFO ] [operator():54]	task processor: 4 is running... 
[16:46:43.733] [9992 ] [INFO ] [popInvitorReadyTask:270]	to POP a ready task from ready invitor queue to processor, now read_num: 0 ... 
[16:46:43.733] [9993 ] [INFO ] [popInviteeReadyTask:208]	to POP a ready task from ready invitee queue to processor, now read_num: 0 ... 
[16:46:43.733] [9990 ] [INFO ] [operator():54]	task processor: 1 is running... 
[16:46:43.733] [9796 ] [INFO ] [init:63]	INIT the processor: 5, type: 1 ok 
[16:46:43.733] [9994 ] [INFO ] [operator():54]	task processor: 5 is running... 
[16:46:43.733] [9990 ] [INFO ] [popInvitorReadyTask:270]	to POP a ready task from ready invitor queue to processor, now read_num: 0 ... 
[16:46:43.733] [9796 ] [INFO ] [init:63]	INIT the processor: 6, type: 1 ok 
[16:46:43.733] [9994 ] [INFO ] [popInviteeReadyTask:208]	to POP a ready task from ready invitee queue to processor, now read_num: 0 ... 
[16:46:43.733] [9991 ] [INFO ] [operator():54]	task processor: 2 is running... 
[16:46:43.733] [9796 ] [INFO ] [init:63]	INIT the processor: 7, type: 1 ok 
[16:46:43.733] [9991 ] [INFO ] [popInvitorReadyTask:270]	to POP a ready task from ready invitor queue to processor, now read_num: 0 ... 
[16:46:43.733] [9796 ] [INFO ] [init:234]	INIT task dispatcher done ! 
[16:46:43.734] [9796 ] [INFO ] [init:64]	connect to busi proxy server endpoint: ProxyGlacier2/router:tcp -h 202.114.114.46 -p 4502 -t 11000 
[16:46:43.733] [9996 ] [INFO ] [operator():54]	task processor: 7 is running... 
[16:46:43.734] [9996 ] [INFO ] [popInviteeReadyTask:208]	to POP a ready task from ready invitee queue to processor, now read_num: 0 ... 
[16:46:43.733] [9995 ] [INFO ] [operator():54]	task processor: 6 is running... 
[16:46:43.734] [9995 ] [INFO ] [popInviteeReadyTask:208]	to POP a ready task from ready invitee queue to processor, now read_num: 0 ... 
[16:46:43.760] [10004] [INFO ] [connected:34]	to get session... 
[16:46:43.760] [10004] [INFO ] [connected:38]	to get create busi node callback... 
[16:46:43.760] [10004] [INFO ] [connected:46]	to set node callback, public endpoint: ProxyGlacier2/router:tcp -h 202.114.114.46 -p 4502 -t 11000, user: test003 ... 
[16:46:43.763] [10004] [WARN ] [connected:55]	the busi session create success. 
[16:46:44.242] [9796 ] [INFO ] [init:69]	waiting for node busi client inited ... timeout 1s.. 
[16:46:44.242] [9796 ] [INFO ] [init:74]	the busi node communicator is prepared !!!! 
[16:46:44.242] [9796 ] [INFO ] [init:86]	INIT busi node client success. user: test003, proxyEndpoint: ProxyGlacier2/router:tcp -h 202.114.114.46 -p 4502 -t 11000 
[16:46:44.242] [9796 ] [INFO ] [init:244]	INIT busi node client done ! 
[16:46:44.242] [9796 ] [INFO ] [init:48]	input ready process init ok. 
[16:46:44.242] [9796 ] [INFO ] [init:253]	INIT input ready processor done ! 
[16:46:44.242] [9796 ] [INFO ] [init:48]	ready process init ok. max request queue size: 4 
[16:46:44.242] [9796 ] [INFO ] [init:263]	INIT ready processor done ! 
[16:46:44.242] [9796 ] [INFO ] [init:269]	Mpc engine init success. 
[16:46:44.242] [10047] [INFO ] [popCommitTask:127]	to POP a commit task, task size: 0  ... 
[16:46:44.243] [9796 ] [INFO ] [Java_com_juzix_jugo_node_jni_NativeInterface_setDataLogLevel:155]	init the log to level: 3, data log state: 0 
[16:46:48.928] [10002] [WARN ] [MpcMemPool:42]	the mempool construction, size: 134217728, mem: 0x7f4c99b65010 
[16:46:48.951] [9993 ] [ERROR] [consumeBuffer:363]	====> the first buffer seq: 1 
[16:46:49.053] [9994 ] [ERROR] [consumeBuffer:363]	====> the first buffer seq: 1 
[16:46:49.075] [9995 ] [ERROR] [consumeBuffer:363]	====> the first buffer seq: 1 
[16:46:49.080] [9996 ] [ERROR] [consumeBuffer:363]	====> the first buffer seq: 1 
[16:46:56.988] [9994 ] [ERROR] [consumeBuffer:363]	====> the first buffer seq: 1 
[16:46:57.005] [9996 ] [ERROR] [consumeBuffer:363]	====> the first buffer seq: 1 
[16:46:57.020] [9995 ] [ERROR] [consumeBuffer:363]	====> the first buffer seq: 1 
[16:46:57.089] [9993 ] [ERROR] [consumeBuffer:363]	====> the first buffer seq: 1 
[16:47:03.908] [9995 ] [ERROR] [consumeBuffer:363]	====> the first buffer seq: 1 
[16:47:03.961] [9994 ] [ERROR] [consumeBuffer:363]	====> the first buffer seq: 1 
[16:47:04.054] [9996 ] [ERROR] [consumeBuffer:363]	====> the first buffer seq: 1 
[16:47:04.122] [9993 ] [ERROR] [consumeBuffer:363]	====> the first buffer seq: 1 
[16:47:10.888] [9994 ] [ERROR] [consumeBuffer:363]	====> the first buffer seq: 1 
[16:47:10.975] [9995 ] [ERROR] [consumeBuffer:363]	====> the first buffer seq: 1 
[16:47:11.065] [9996 ] [ERROR] [consumeBuffer:363]	====> the first buffer seq: 1 
[16:47:11.229] [9993 ] [ERROR] [consumeBuffer:363]	====> the first buffer seq: 1 
[16:47:18.045] [9994 ] [ERROR] [consumeBuffer:363]	====> the first buffer seq: 1 
[16:47:18.050] [9995 ] [ERROR] [consumeBuffer:363]	====> the first buffer seq: 1 
[16:47:18.099] [9996 ] [ERROR] [consumeBuffer:363]	====> the first buffer seq: 1 
[16:47:18.337] [9993 ] [ERROR] [consumeBuffer:363]	====> the first buffer seq: 1 
[16:47:24.859] [9995 ] [ERROR] [consumeBuffer:363]	====> the first buffer seq: 1 
[16:47:24.947] [9994 ] [ERROR] [consumeBuffer:363]	====> the first buffer seq: 1 
[16:47:25.197] [9993 ] [ERROR] [consumeBuffer:363]	====> the first buffer seq: 1 
[16:47:25.295] [9996 ] [ERROR] [consumeBuffer:363]	====> the first buffer seq: 1 
[16:47:32.049] [9995 ] [ERROR] [consumeBuffer:363]	====> the first buffer seq: 1 
[16:47:32.063] [9994 ] [ERROR] [consumeBuffer:363]	====> the first buffer seq: 1 
[16:47:32.424] [9993 ] [ERROR] [consumeBuffer:363]	====> the first buffer seq: 1 
[16:47:32.689] [9996 ] [ERROR] [consumeBuffer:363]	====> the first buffer seq: 1 
[16:47:39.121] [9995 ] [ERROR] [consumeBuffer:363]	====> the first buffer seq: 1 
[16:47:39.224] [9994 ] [ERROR] [consumeBuffer:363]	====> the first buffer seq: 1 
[16:47:39.649] [9993 ] [ERROR] [consumeBuffer:363]	====> the first buffer seq: 1 
[16:47:39.779] [9996 ] [ERROR] [consumeBuffer:363]	====> the first buffer seq: 1 
[16:47:46.016] [9995 ] [ERROR] [consumeBuffer:363]	====> the first buffer seq: 1 
[16:47:46.121] [9994 ] [ERROR] [consumeBuffer:363]	====> the first buffer seq: 1 
[16:47:46.649] [9993 ] [ERROR] [consumeBuffer:363]	====> the first buffer seq: 1 
[16:47:46.813] [9996 ] [ERROR] [consumeBuffer:363]	====> the first buffer seq: 1 
[16:47:52.698] [9995 ] [ERROR] [consumeBuffer:363]	====> the first buffer seq: 1 
[16:47:52.821] [9994 ] [ERROR] [consumeBuffer:363]	====> the first buffer seq: 1 
[16:47:53.395] [9993 ] [ERROR] [consumeBuffer:363]	====> the first buffer seq: 1 
[16:47:53.607] [9996 ] [ERROR] [consumeBuffer:363]	====> the first buffer seq: 1 
[16:47:59.311] [9995 ] [ERROR] [consumeBuffer:363]	====> the first buffer seq: 1 
[16:47:59.562] [9994 ] [ERROR] [consumeBuffer:363]	====> the first buffer seq: 1 
[16:48:00.122] [9993 ] [ERROR] [consumeBuffer:363]	====> the first buffer seq: 1 
[16:48:00.363] [9996 ] [ERROR] [consumeBuffer:363]	====> the first buffer seq: 1 
[16:48:06.025] [9995 ] [ERROR] [consumeBuffer:363]	====> the first buffer seq: 1 
[16:48:06.437] [9994 ] [ERROR] [consumeBuffer:363]	====> the first buffer seq: 1 
[16:48:07.060] [9993 ] [ERROR] [consumeBuffer:363]	====> the first buffer seq: 1 
[16:48:07.110] [9996 ] [ERROR] [consumeBuffer:363]	====> the first buffer seq: 1 
[16:48:12.664] [9995 ] [ERROR] [consumeBuffer:363]	====> the first buffer seq: 1 
[16:48:12.867] [9994 ] [ERROR] [consumeBuffer:363]	====> the first buffer seq: 1 
[16:50:04.576] [10002] [ERROR] [error:157]	got error busi back: 974aa042-75a6-406b-affe-c628a2be51b8, code: 1007 
[16:50:04.576] [10002] [WARN ] [error:167]	busi err back, erase task failed, cannot find cache task: 974aa042-75a6-406b-affe-c628a2be51b8 !  [THE user: test003] 
[16:50:04.580] [21176] [ERROR] [error:157]	got error busi back: bb403281-6cce-48a4-84cd-75fc5a63de1a, code: 1007 
[16:50:04.581] [21176] [WARN ] [error:167]	busi err back, erase task failed, cannot find cache task: bb403281-6cce-48a4-84cd-75fc5a63de1a !  [THE user: test003] 
[16:50:04.593] [10002] [ERROR] [error:157]	got error busi back: c4e2f654-bad7-4ac2-8a68-699459f46669, code: 1007 
[16:50:04.593] [10002] [WARN ] [error:167]	busi err back, erase task failed, cannot find cache task: c4e2f654-bad7-4ac2-8a68-699459f46669 !  [THE user: test003] 
[16:50:04.663] [21176] [ERROR] [error:157]	got error busi back: 6fcfeb79-1b9b-4740-85e9-2cd1c62ce2b7, code: 1007 
[16:50:04.663] [21176] [WARN ] [error:167]	busi err back, erase task failed, cannot find cache task: 6fcfeb79-1b9b-4740-85e9-2cd1c62ce2b7 !  [THE user: test003] 
[16:50:04.670] [10002] [ERROR] [error:157]	got error busi back: dd35a73c-514c-4467-8ede-6b4f4573e353, code: 1007 
[16:50:04.670] [10002] [WARN ] [error:167]	busi err back, erase task failed, cannot find cache task: dd35a73c-514c-4467-8ede-6b4f4573e353 !  [THE user: test003] 
[16:50:04.677] [21176] [ERROR] [error:157]	got error busi back: 7d7a0a5c-c2ea-481a-bf9c-5d96e63639fd, code: 1007 
[16:50:04.677] [21176] [WARN ] [error:167]	busi err back, erase task failed, cannot find cache task: 7d7a0a5c-c2ea-481a-bf9c-5d96e63639fd !  [THE user: test003] 
[16:50:35.761] [9996 ] [ERROR] [consumeBuffer:363]	====> the first buffer seq: 1 
[16:50:36.016] [9993 ] [ERROR] [consumeBuffer:363]	====> the first buffer seq: 1 
[16:50:36.044] [9995 ] [ERROR] [consumeBuffer:363]	====> the first buffer seq: 1 
[16:50:36.099] [9994 ] [ERROR] [consumeBuffer:363]	====> the first buffer seq: 1 
[16:50:44.337] [9996 ] [ERROR] [consumeBuffer:363]	====> the first buffer seq: 1 
[16:50:44.466] [9993 ] [ERROR] [consumeBuffer:363]	====> the first buffer seq: 1 
[16:50:44.570] [9995 ] [ERROR] [consumeBuffer:363]	====> the first buffer seq: 1 
[16:50:44.724] [9994 ] [ERROR] [consumeBuffer:363]	====> the first buffer seq: 1 
[16:50:51.419] [9996 ] [ERROR] [consumeBuffer:363]	====> the first buffer seq: 1 
[16:50:51.614] [9993 ] [ERROR] [consumeBuffer:363]	====> the first buffer seq: 1 
[16:50:51.669] [9995 ] [ERROR] [consumeBuffer:363]	====> the first buffer seq: 1 
[16:50:51.939] [9994 ] [ERROR] [consumeBuffer:363]	====> the first buffer seq: 1 
[16:50:59.026] [9996 ] [ERROR] [consumeBuffer:363]	====> the first buffer seq: 1 
[16:50:59.118] [9993 ] [ERROR] [consumeBuffer:363]	====> the first buffer seq: 1 
[16:50:59.253] [9995 ] [ERROR] [consumeBuffer:363]	====> the first buffer seq: 1 
[16:50:59.549] [9994 ] [ERROR] [consumeBuffer:363]	====> the first buffer seq: 1 
[16:51:06.380] [9996 ] [ERROR] [consumeBuffer:363]	====> the first buffer seq: 1 
[16:51:06.543] [9993 ] [ERROR] [consumeBuffer:363]	====> the first buffer seq: 1 
[16:51:06.777] [9995 ] [ERROR] [consumeBuffer:363]	====> the first buffer seq: 1 
[16:51:06.991] [9994 ] [ERROR] [consumeBuffer:363]	====> the first buffer seq: 1 
[16:51:13.277] [9996 ] [ERROR] [consumeBuffer:363]	====> the first buffer seq: 1 
[16:51:13.441] [9993 ] [ERROR] [consumeBuffer:363]	====> the first buffer seq: 1 
[16:51:13.594] [9995 ] [ERROR] [consumeBuffer:363]	====> the first buffer seq: 1 
[16:51:13.790] [9994 ] [ERROR] [consumeBuffer:363]	====> the first buffer seq: 1 
[16:51:19.248] [9996 ] [ERROR] [consumeBuffer:363]	====> the first buffer seq: 1 
[16:51:19.510] [9993 ] [ERROR] [consumeBuffer:363]	====> the first buffer seq: 1 
[16:51:19.756] [9995 ] [ERROR] [consumeBuffer:363]	====> the first buffer seq: 1 
[16:51:19.959] [9994 ] [ERROR] [consumeBuffer:363]	====> the first buffer seq: 1 
[16:51:26.143] [9996 ] [ERROR] [consumeBuffer:363]	====> the first buffer seq: 1 
[16:51:26.522] [9993 ] [ERROR] [consumeBuffer:363]	====> the first buffer seq: 1 
[16:51:26.559] [9995 ] [ERROR] [consumeBuffer:363]	====> the first buffer seq: 1 
[16:51:26.855] [9994 ] [ERROR] [consumeBuffer:363]	====> the first buffer seq: 1 
[16:51:32.914] [9996 ] [ERROR] [consumeBuffer:363]	====> the first buffer seq: 1 
[16:51:33.440] [9993 ] [ERROR] [consumeBuffer:363]	====> the first buffer seq: 1 
[16:51:33.601] [9995 ] [ERROR] [consumeBuffer:363]	====> the first buffer seq: 1 
[16:51:33.823] [9994 ] [ERROR] [consumeBuffer:363]	====> the first buffer seq: 1 
[16:51:39.852] [9996 ] [ERROR] [consumeBuffer:363]	====> the first buffer seq: 1 
[16:51:40.360] [9993 ] [ERROR] [consumeBuffer:363]	====> the first buffer seq: 1 
[16:51:40.661] [9995 ] [ERROR] [consumeBuffer:363]	====> the first buffer seq: 1 
[16:51:40.949] [9994 ] [ERROR] [consumeBuffer:363]	====> the first buffer seq: 1 
[16:51:47.058] [9996 ] [ERROR] [consumeBuffer:363]	====> the first buffer seq: 1 
[16:51:47.611] [9993 ] [ERROR] [consumeBuffer:363]	====> the first buffer seq: 1 
[16:51:47.828] [9995 ] [ERROR] [consumeBuffer:363]	====> the first buffer seq: 1 
[16:51:48.191] [9994 ] [ERROR] [consumeBuffer:363]	====> the first buffer seq: 1 
[16:51:54.109] [9996 ] [ERROR] [consumeBuffer:363]	====> the first buffer seq: 1 
[16:51:54.641] [9993 ] [ERROR] [consumeBuffer:363]	====> the first buffer seq: 1 
[16:51:54.957] [9995 ] [ERROR] [consumeBuffer:363]	====> the first buffer seq: 1 
[16:51:55.315] [9994 ] [ERROR] [consumeBuffer:363]	====> the first buffer seq: 1 
[16:52:01.312] [9996 ] [ERROR] [consumeBuffer:363]	====> the first buffer seq: 1 
[16:52:01.929] [9993 ] [ERROR] [consumeBuffer:363]	====> the first buffer seq: 1 
[16:54:03.464] [10002] [ERROR] [error:157]	got error busi back: 974aa042-75a6-406b-affe-c628a2be51b8, code: 1007 
[16:54:03.464] [10002] [WARN ] [error:167]	busi err back, erase task failed, cannot find cache task: 974aa042-75a6-406b-affe-c628a2be51b8 !  [THE user: test003] 
[16:54:03.470] [1471 ] [ERROR] [error:157]	got error busi back: bb403281-6cce-48a4-84cd-75fc5a63de1a, code: 1007 
[16:54:03.470] [1471 ] [WARN ] [error:167]	busi err back, erase task failed, cannot find cache task: bb403281-6cce-48a4-84cd-75fc5a63de1a !  [THE user: test003] 
[16:54:03.488] [10002] [ERROR] [error:157]	got error busi back: c4e2f654-bad7-4ac2-8a68-699459f46669, code: 1007 
[16:54:03.488] [10002] [WARN ] [error:167]	busi err back, erase task failed, cannot find cache task: c4e2f654-bad7-4ac2-8a68-699459f46669 !  [THE user: test003] 
[16:54:03.612] [1471 ] [ERROR] [error:157]	got error busi back: 6fcfeb79-1b9b-4740-85e9-2cd1c62ce2b7, code: 1007 
[16:54:03.612] [1471 ] [WARN ] [error:167]	busi err back, erase task failed, cannot find cache task: 6fcfeb79-1b9b-4740-85e9-2cd1c62ce2b7 !  [THE user: test003] 
[16:54:03.624] [10002] [ERROR] [error:157]	got error busi back: dd35a73c-514c-4467-8ede-6b4f4573e353, code: 1007 
[16:54:03.624] [10002] [WARN ] [error:167]	busi err back, erase task failed, cannot find cache task: dd35a73c-514c-4467-8ede-6b4f4573e353 !  [THE user: test003] 
[16:54:03.633] [1471 ] [ERROR] [error:157]	got error busi back: 7d7a0a5c-c2ea-481a-bf9c-5d96e63639fd, code: 1007 
[16:54:03.633] [1471 ] [WARN ] [error:167]	busi err back, erase task failed, cannot find cache task: 7d7a0a5c-c2ea-481a-bf9c-5d96e63639fd !  [THE user: test003] 
[16:54:34.426] [9995 ] [ERROR] [consumeBuffer:363]	====> the first buffer seq: 1 
[16:54:34.519] [9994 ] [ERROR] [consumeBuffer:363]	====> the first buffer seq: 1 
[16:54:34.548] [9996 ] [ERROR] [consumeBuffer:363]	====> the first buffer seq: 1 
[16:54:34.550] [9993 ] [ERROR] [consumeBuffer:363]	====> the first buffer seq: 1 
[16:54:42.789] [9995 ] [ERROR] [consumeBuffer:363]	====> the first buffer seq: 1 
[16:54:43.125] [9996 ] [ERROR] [consumeBuffer:363]	====> the first buffer seq: 1 
[16:54:43.133] [9994 ] [ERROR] [consumeBuffer:363]	====> the first buffer seq: 1 
[16:54:43.151] [9993 ] [ERROR] [consumeBuffer:363]	====> the first buffer seq: 1 
[16:54:49.886] [9995 ] [ERROR] [consumeBuffer:363]	====> the first buffer seq: 1 
[16:54:50.335] [9994 ] [ERROR] [consumeBuffer:363]	====> the first buffer seq: 1 
[16:54:50.555] [9993 ] [ERROR] [consumeBuffer:363]	====> the first buffer seq: 1 
[16:54:50.557] [9996 ] [ERROR] [consumeBuffer:363]	====> the first buffer seq: 1 
[16:54:57.317] [9995 ] [ERROR] [consumeBuffer:363]	====> the first buffer seq: 1 
[16:54:57.845] [9994 ] [ERROR] [consumeBuffer:363]	====> the first buffer seq: 1 
[16:54:58.157] [9993 ] [ERROR] [consumeBuffer:363]	====> the first buffer seq: 1 
[16:54:58.260] [9996 ] [ERROR] [consumeBuffer:363]	====> the first buffer seq: 1 
[16:55:04.585] [9995 ] [ERROR] [consumeBuffer:363]	====> the first buffer seq: 1 
[16:55:05.310] [9994 ] [ERROR] [consumeBuffer:363]	====> the first buffer seq: 1 
[16:55:05.825] [9993 ] [ERROR] [consumeBuffer:363]	====> the first buffer seq: 1 
[16:55:05.842] [9996 ] [ERROR] [consumeBuffer:363]	====> the first buffer seq: 1 
[16:55:11.853] [9995 ] [ERROR] [consumeBuffer:363]	====> the first buffer seq: 1 
[16:55:12.564] [9994 ] [ERROR] [consumeBuffer:363]	====> the first buffer seq: 1 
[16:55:13.361] [9993 ] [ERROR] [consumeBuffer:363]	====> the first buffer seq: 1 
[16:55:13.368] [9996 ] [ERROR] [consumeBuffer:363]	====> the first buffer seq: 1 
[16:55:18.996] [9995 ] [ERROR] [consumeBuffer:363]	====> the first buffer seq: 1 
[16:55:19.772] [9994 ] [ERROR] [consumeBuffer:363]	====> the first buffer seq: 1 
[16:55:20.648] [9996 ] [ERROR] [consumeBuffer:363]	====> the first buffer seq: 1 
[16:55:20.831] [9993 ] [ERROR] [consumeBuffer:363]	====> the first buffer seq: 1 
[16:55:26.158] [9995 ] [ERROR] [consumeBuffer:363]	====> the first buffer seq: 1 
[16:55:27.036] [9994 ] [ERROR] [consumeBuffer:363]	====> the first buffer seq: 1 
[16:55:27.811] [9996 ] [ERROR] [consumeBuffer:363]	====> the first buffer seq: 1 
[16:55:28.094] [9993 ] [ERROR] [consumeBuffer:363]	====> the first buffer seq: 1 
[16:55:33.399] [9995 ] [ERROR] [consumeBuffer:363]	====> the first buffer seq: 1 
[16:55:34.577] [9994 ] [ERROR] [consumeBuffer:363]	====> the first buffer seq: 1 
[16:55:35.121] [9996 ] [ERROR] [consumeBuffer:363]	====> the first buffer seq: 1 
[16:55:35.235] [9993 ] [ERROR] [consumeBuffer:363]	====> the first buffer seq: 1 
[16:55:40.497] [9995 ] [ERROR] [consumeBuffer:363]	====> the first buffer seq: 1 
[16:55:42.010] [9994 ] [ERROR] [consumeBuffer:363]	====> the first buffer seq: 1 
[16:55:42.474] [9996 ] [ERROR] [consumeBuffer:363]	====> the first buffer seq: 1 
[16:55:42.680] [9993 ] [ERROR] [consumeBuffer:363]	====> the first buffer seq: 1 
[16:55:47.441] [9995 ] [ERROR] [consumeBuffer:363]	====> the first buffer seq: 1 
[16:55:48.922] [9994 ] [ERROR] [consumeBuffer:363]	====> the first buffer seq: 1 
[16:55:49.563] [9996 ] [ERROR] [consumeBuffer:363]	====> the first buffer seq: 1 
[16:55:49.804] [9993 ] [ERROR] [consumeBuffer:363]	====> the first buffer seq: 1 
[16:55:54.132] [9995 ] [ERROR] [consumeBuffer:363]	====> the first buffer seq: 1 
[16:55:56.006] [9994 ] [ERROR] [consumeBuffer:363]	====> the first buffer seq: 1 
[16:55:56.456] [9996 ] [ERROR] [consumeBuffer:363]	====> the first buffer seq: 1 
[16:55:56.930] [9993 ] [ERROR] [consumeBuffer:363]	====> the first buffer seq: 1 
[16:56:00.903] [9995 ] [ERROR] [consumeBuffer:363]	====> the first buffer seq: 1 
[16:56:03.075] [9994 ] [ERROR] [consumeBuffer:363]	====> the first buffer seq: 1 
[17:28:21.815] [10002] [ERROR] [error:157]	got error busi back: 974aa042-75a6-406b-affe-c628a2be51b8, code: 1007 
[17:28:21.815] [10002] [WARN ] [error:167]	busi err back, erase task failed, cannot find cache task: 974aa042-75a6-406b-affe-c628a2be51b8 !  [THE user: test003] 
[17:28:21.820] [21466] [ERROR] [error:157]	got error busi back: bb403281-6cce-48a4-84cd-75fc5a63de1a, code: 1007 
[17:28:21.820] [21466] [WARN ] [error:167]	busi err back, erase task failed, cannot find cache task: bb403281-6cce-48a4-84cd-75fc5a63de1a !  [THE user: test003] 
[17:28:21.856] [10002] [ERROR] [error:157]	got error busi back: c4e2f654-bad7-4ac2-8a68-699459f46669, code: 1007 
[17:28:21.856] [10002] [WARN ] [error:167]	busi err back, erase task failed, cannot find cache task: c4e2f654-bad7-4ac2-8a68-699459f46669 !  [THE user: test003] 
[17:28:21.972] [10002] [ERROR] [error:157]	got error busi back: 6fcfeb79-1b9b-4740-85e9-2cd1c62ce2b7, code: 1007 
[17:28:21.972] [10002] [WARN ] [error:167]	busi err back, erase task failed, cannot find cache task: 6fcfeb79-1b9b-4740-85e9-2cd1c62ce2b7 !  [THE user: test003] 
[17:28:21.981] [10002] [ERROR] [error:157]	got error busi back: dd35a73c-514c-4467-8ede-6b4f4573e353, code: 1007 
[17:28:21.981] [10002] [WARN ] [error:167]	busi err back, erase task failed, cannot find cache task: dd35a73c-514c-4467-8ede-6b4f4573e353 !  [THE user: test003] 
[17:28:21.989] [21466] [ERROR] [error:157]	got error busi back: 7d7a0a5c-c2ea-481a-bf9c-5d96e63639fd, code: 1007 
[17:28:21.989] [21466] [WARN ] [error:167]	busi err back, erase task failed, cannot find cache task: 7d7a0a5c-c2ea-481a-bf9c-5d96e63639fd !  [THE user: test003] 
[17:28:49.301] [9996 ] [ERROR] [consumeBuffer:363]	====> the first buffer seq: 1 
[17:28:49.404] [9993 ] [ERROR] [consumeBuffer:363]	====> the first buffer seq: 1 
[17:28:49.444] [9995 ] [ERROR] [consumeBuffer:363]	====> the first buffer seq: 1 
[17:28:49.476] [9994 ] [ERROR] [consumeBuffer:363]	====> the first buffer seq: 1 
[17:28:57.047] [9996 ] [ERROR] [consumeBuffer:363]	====> the first buffer seq: 1 
[17:28:57.179] [9995 ] [ERROR] [consumeBuffer:363]	====> the first buffer seq: 1 
[17:28:57.293] [9993 ] [ERROR] [consumeBuffer:363]	====> the first buffer seq: 1 
[17:28:57.357] [9994 ] [ERROR] [consumeBuffer:363]	====> the first buffer seq: 1 
[17:29:03.644] [9995 ] [ERROR] [consumeBuffer:363]	====> the first buffer seq: 1 
[17:29:03.768] [9996 ] [ERROR] [consumeBuffer:363]	====> the first buffer seq: 1 
[17:29:04.076] [9993 ] [ERROR] [consumeBuffer:363]	====> the first buffer seq: 1 
[17:29:04.135] [9994 ] [ERROR] [consumeBuffer:363]	====> the first buffer seq: 1 
[17:29:10.057] [9995 ] [ERROR] [consumeBuffer:363]	====> the first buffer seq: 1 
[17:29:10.140] [9996 ] [ERROR] [consumeBuffer:363]	====> the first buffer seq: 1 
[17:29:10.412] [9993 ] [ERROR] [consumeBuffer:363]	====> the first buffer seq: 1 
[17:29:10.693] [9994 ] [ERROR] [consumeBuffer:363]	====> the first buffer seq: 1 
[17:29:17.233] [9996 ] [ERROR] [consumeBuffer:363]	====> the first buffer seq: 1 
[17:29:17.235] [9995 ] [ERROR] [consumeBuffer:363]	====> the first buffer seq: 1 
[17:29:17.307] [9993 ] [ERROR] [consumeBuffer:363]	====> the first buffer seq: 1 
[17:29:17.533] [9994 ] [ERROR] [consumeBuffer:363]	====> the first buffer seq: 1 
[17:29:23.910] [9996 ] [ERROR] [consumeBuffer:363]	====> the first buffer seq: 1 
[17:29:24.284] [9995 ] [ERROR] [consumeBuffer:363]	====> the first buffer seq: 1 
[17:29:24.330] [9993 ] [ERROR] [consumeBuffer:363]	====> the first buffer seq: 1 
[17:29:24.469] [9994 ] [ERROR] [consumeBuffer:363]	====> the first buffer seq: 1 
[17:29:30.369] [9996 ] [ERROR] [consumeBuffer:363]	====> the first buffer seq: 1 
[17:29:30.931] [9995 ] [ERROR] [consumeBuffer:363]	====> the first buffer seq: 1 
[17:29:31.018] [9993 ] [ERROR] [consumeBuffer:363]	====> the first buffer seq: 1 
[17:29:31.233] [9994 ] [ERROR] [consumeBuffer:363]	====> the first buffer seq: 1 
[17:29:36.883] [9996 ] [ERROR] [consumeBuffer:363]	====> the first buffer seq: 1 
[17:29:37.503] [9995 ] [ERROR] [consumeBuffer:363]	====> the first buffer seq: 1 
[17:29:37.901] [9993 ] [ERROR] [consumeBuffer:363]	====> the first buffer seq: 1 
[17:29:38.020] [9994 ] [ERROR] [consumeBuffer:363]	====> the first buffer seq: 1 
[17:29:43.297] [9996 ] [ERROR] [consumeBuffer:363]	====> the first buffer seq: 1 
[17:29:44.387] [9995 ] [ERROR] [consumeBuffer:363]	====> the first buffer seq: 1 
[17:29:44.628] [9993 ] [ERROR] [consumeBuffer:363]	====> the first buffer seq: 1 
[17:29:44.663] [9994 ] [ERROR] [consumeBuffer:363]	====> the first buffer seq: 1 
[17:29:50.079] [9996 ] [ERROR] [consumeBuffer:363]	====> the first buffer seq: 1 
[17:29:51.291] [9995 ] [ERROR] [consumeBuffer:363]	====> the first buffer seq: 1 
[17:29:51.484] [9994 ] [ERROR] [consumeBuffer:363]	====> the first buffer seq: 1 
[17:29:51.549] [9993 ] [ERROR] [consumeBuffer:363]	====> the first buffer seq: 1 
[17:29:56.569] [9996 ] [ERROR] [consumeBuffer:363]	====> the first buffer seq: 1 
[17:29:57.727] [9995 ] [ERROR] [consumeBuffer:363]	====> the first buffer seq: 1 
[17:29:58.386] [9993 ] [ERROR] [consumeBuffer:363]	====> the first buffer seq: 1 
[17:29:58.415] [9994 ] [ERROR] [consumeBuffer:363]	====> the first buffer seq: 1 
[17:30:02.815] [9996 ] [ERROR] [consumeBuffer:363]	====> the first buffer seq: 1 
[17:30:03.984] [9995 ] [ERROR] [consumeBuffer:363]	====> the first buffer seq: 1 
[17:30:04.829] [9993 ] [ERROR] [consumeBuffer:363]	====> the first buffer seq: 1 
[17:30:04.908] [9994 ] [ERROR] [consumeBuffer:363]	====> the first buffer seq: 1 
[17:30:09.146] [9996 ] [ERROR] [consumeBuffer:363]	====> the first buffer seq: 1 
[17:30:10.283] [9995 ] [ERROR] [consumeBuffer:363]	====> the first buffer seq: 1 
[17:32:50.212] [21466] [ERROR] [error:157]	got error busi back: 974aa042-75a6-406b-affe-c628a2be51b8, code: 1007 
[17:32:50.212] [21466] [WARN ] [error:167]	busi err back, erase task failed, cannot find cache task: 974aa042-75a6-406b-affe-c628a2be51b8 !  [THE user: test003] 
[17:32:50.216] [5872 ] [ERROR] [error:157]	got error busi back: bb403281-6cce-48a4-84cd-75fc5a63de1a, code: 1007 
[17:32:50.216] [5872 ] [WARN ] [error:167]	busi err back, erase task failed, cannot find cache task: bb403281-6cce-48a4-84cd-75fc5a63de1a !  [THE user: test003] 
[17:32:50.227] [21466] [ERROR] [error:157]	got error busi back: c4e2f654-bad7-4ac2-8a68-699459f46669, code: 1007 
[17:32:50.227] [21466] [WARN ] [error:167]	busi err back, erase task failed, cannot find cache task: c4e2f654-bad7-4ac2-8a68-699459f46669 !  [THE user: test003] 
[17:32:50.302] [5872 ] [ERROR] [error:157]	got error busi back: 6fcfeb79-1b9b-4740-85e9-2cd1c62ce2b7, code: 1007 
[17:32:50.303] [5872 ] [WARN ] [error:167]	busi err back, erase task failed, cannot find cache task: 6fcfeb79-1b9b-4740-85e9-2cd1c62ce2b7 !  [THE user: test003] 
[17:32:50.314] [21466] [ERROR] [error:157]	got error busi back: dd35a73c-514c-4467-8ede-6b4f4573e353, code: 1007 
[17:32:50.314] [21466] [WARN ] [error:167]	busi err back, erase task failed, cannot find cache task: dd35a73c-514c-4467-8ede-6b4f4573e353 !  [THE user: test003] 
[17:32:50.321] [5872 ] [ERROR] [error:157]	got error busi back: 7d7a0a5c-c2ea-481a-bf9c-5d96e63639fd, code: 1007 
[17:32:50.321] [5872 ] [WARN ] [error:167]	busi err back, erase task failed, cannot find cache task: 7d7a0a5c-c2ea-481a-bf9c-5d96e63639fd !  [THE user: test003] 
[17:33:20.702] [9993 ] [ERROR] [consumeBuffer:363]	====> the first buffer seq: 1 
[17:33:20.802] [9994 ] [ERROR] [consumeBuffer:363]	====> the first buffer seq: 1 
[17:33:20.823] [9996 ] [ERROR] [consumeBuffer:363]	====> the first buffer seq: 1 
[17:33:20.843] [9995 ] [ERROR] [consumeBuffer:363]	====> the first buffer seq: 1 
[17:33:27.603] [9993 ] [ERROR] [consumeBuffer:363]	====> the first buffer seq: 1 
[17:33:27.803] [9996 ] [ERROR] [consumeBuffer:363]	====> the first buffer seq: 1 
[17:33:27.974] [9994 ] [ERROR] [consumeBuffer:363]	====> the first buffer seq: 1 
[17:33:28.059] [9995 ] [ERROR] [consumeBuffer:363]	====> the first buffer seq: 1 
[17:33:33.815] [9993 ] [ERROR] [consumeBuffer:363]	====> the first buffer seq: 1 
[17:33:34.170] [9996 ] [ERROR] [consumeBuffer:363]	====> the first buffer seq: 1 
[17:33:34.265] [9994 ] [ERROR] [consumeBuffer:363]	====> the first buffer seq: 1 
[17:33:34.306] [9995 ] [ERROR] [consumeBuffer:363]	====> the first buffer seq: 1 
[17:33:39.525] [9993 ] [ERROR] [consumeBuffer:363]	====> the first buffer seq: 1 
[17:33:40.135] [9996 ] [ERROR] [consumeBuffer:363]	====> the first buffer seq: 1 
[17:33:40.210] [9994 ] [ERROR] [consumeBuffer:363]	====> the first buffer seq: 1 
[17:33:40.349] [9995 ] [ERROR] [consumeBuffer:363]	====> the first buffer seq: 1 
[17:33:45.345] [9993 ] [ERROR] [consumeBuffer:363]	====> the first buffer seq: 1 
[17:33:46.053] [9994 ] [ERROR] [consumeBuffer:363]	====> the first buffer seq: 1 
[17:33:46.170] [9995 ] [ERROR] [consumeBuffer:363]	====> the first buffer seq: 1 
[17:33:46.184] [9996 ] [ERROR] [consumeBuffer:363]	====> the first buffer seq: 1 
[17:33:51.320] [9993 ] [ERROR] [consumeBuffer:363]	====> the first buffer seq: 1 
[17:33:52.132] [9995 ] [ERROR] [consumeBuffer:363]	====> the first buffer seq: 1 
[17:33:52.233] [9994 ] [ERROR] [consumeBuffer:363]	====> the first buffer seq: 1 
[17:33:52.245] [9996 ] [ERROR] [consumeBuffer:363]	====> the first buffer seq: 1 
[17:33:57.051] [9993 ] [ERROR] [consumeBuffer:363]	====> the first buffer seq: 1 
[17:33:58.035] [9995 ] [ERROR] [consumeBuffer:363]	====> the first buffer seq: 1 
[17:33:58.113] [9994 ] [ERROR] [consumeBuffer:363]	====> the first buffer seq: 1 
[17:33:58.369] [9996 ] [ERROR] [consumeBuffer:363]	====> the first buffer seq: 1 
[17:34:02.538] [9993 ] [ERROR] [consumeBuffer:363]	====> the first buffer seq: 1 
[17:34:03.826] [9994 ] [ERROR] [consumeBuffer:363]	====> the first buffer seq: 1 
[17:34:03.861] [9995 ] [ERROR] [consumeBuffer:363]	====> the first buffer seq: 1 
[17:34:04.033] [9996 ] [ERROR] [consumeBuffer:363]	====> the first buffer seq: 1 
[17:34:08.293] [9993 ] [ERROR] [consumeBuffer:363]	====> the first buffer seq: 1 
[17:34:09.941] [9995 ] [ERROR] [consumeBuffer:363]	====> the first buffer seq: 1 
[17:34:09.996] [9994 ] [ERROR] [consumeBuffer:363]	====> the first buffer seq: 1 
[17:34:10.027] [9996 ] [ERROR] [consumeBuffer:363]	====> the first buffer seq: 1 
[17:34:14.311] [9993 ] [ERROR] [consumeBuffer:363]	====> the first buffer seq: 1 
[17:34:15.958] [9994 ] [ERROR] [consumeBuffer:363]	====> the first buffer seq: 1 
[17:34:16.062] [9996 ] [ERROR] [consumeBuffer:363]	====> the first buffer seq: 1 
[17:34:16.332] [9995 ] [ERROR] [consumeBuffer:363]	====> the first buffer seq: 1 
[17:34:20.111] [9993 ] [ERROR] [consumeBuffer:363]	====> the first buffer seq: 1 
[17:34:22.323] [9995 ] [ERROR] [consumeBuffer:363]	====> the first buffer seq: 1 
[17:34:22.347] [9996 ] [ERROR] [consumeBuffer:363]	====> the first buffer seq: 1 
[17:34:22.407] [9994 ] [ERROR] [consumeBuffer:363]	====> the first buffer seq: 1 
[17:34:26.301] [9993 ] [ERROR] [consumeBuffer:363]	====> the first buffer seq: 1 
[17:34:28.431] [9996 ] [ERROR] [consumeBuffer:363]	====> the first buffer seq: 1 
[17:34:28.645] [9995 ] [ERROR] [consumeBuffer:363]	====> the first buffer seq: 1 
[17:34:28.789] [9994 ] [ERROR] [consumeBuffer:363]	====> the first buffer seq: 1 
[17:34:32.308] [9993 ] [ERROR] [consumeBuffer:363]	====> the first buffer seq: 1 
[17:34:34.534] [9996 ] [ERROR] [consumeBuffer:363]	====> the first buffer seq: 1 
[17:35:59.604] [21466] [ERROR] [error:157]	got error busi back: 974aa042-75a6-406b-affe-c628a2be51b8, code: 1007 
[17:35:59.604] [21466] [WARN ] [error:167]	busi err back, erase task failed, cannot find cache task: 974aa042-75a6-406b-affe-c628a2be51b8 !  [THE user: test003] 
[17:35:59.612] [17466] [ERROR] [error:157]	got error busi back: bb403281-6cce-48a4-84cd-75fc5a63de1a, code: 1007 
[17:35:59.612] [17466] [WARN ] [error:167]	busi err back, erase task failed, cannot find cache task: bb403281-6cce-48a4-84cd-75fc5a63de1a !  [THE user: test003] 
[17:35:59.626] [21466] [ERROR] [error:157]	got error busi back: c4e2f654-bad7-4ac2-8a68-699459f46669, code: 1007 
[17:35:59.626] [21466] [WARN ] [error:167]	busi err back, erase task failed, cannot find cache task: c4e2f654-bad7-4ac2-8a68-699459f46669 !  [THE user: test003] 
[17:35:59.713] [17466] [ERROR] [error:157]	got error busi back: 6fcfeb79-1b9b-4740-85e9-2cd1c62ce2b7, code: 1007 
[17:35:59.713] [17466] [WARN ] [error:167]	busi err back, erase task failed, cannot find cache task: 6fcfeb79-1b9b-4740-85e9-2cd1c62ce2b7 !  [THE user: test003] 
[17:35:59.722] [21466] [ERROR] [error:157]	got error busi back: dd35a73c-514c-4467-8ede-6b4f4573e353, code: 1007 
[17:35:59.722] [21466] [WARN ] [error:167]	busi err back, erase task failed, cannot find cache task: dd35a73c-514c-4467-8ede-6b4f4573e353 !  [THE user: test003] 
[17:35:59.728] [17466] [ERROR] [error:157]	got error busi back: 7d7a0a5c-c2ea-481a-bf9c-5d96e63639fd, code: 1007 
[17:35:59.728] [17466] [WARN ] [error:167]	busi err back, erase task failed, cannot find cache task: 7d7a0a5c-c2ea-481a-bf9c-5d96e63639fd !  [THE user: test003] 
[17:36:32.950] [9994 ] [ERROR] [consumeBuffer:363]	====> the first buffer seq: 1 
[17:36:33.047] [9995 ] [ERROR] [consumeBuffer:363]	====> the first buffer seq: 1 
[17:36:33.057] [9993 ] [ERROR] [consumeBuffer:363]	====> the first buffer seq: 1 
[17:36:33.085] [9996 ] [ERROR] [consumeBuffer:363]	====> the first buffer seq: 1 
[17:36:40.814] [9994 ] [ERROR] [consumeBuffer:363]	====> the first buffer seq: 1 
[17:36:41.015] [9995 ] [ERROR] [consumeBuffer:363]	====> the first buffer seq: 1 
[17:36:41.085] [9993 ] [ERROR] [consumeBuffer:363]	====> the first buffer seq: 1 
[17:36:41.147] [9996 ] [ERROR] [consumeBuffer:363]	====> the first buffer seq: 1 
[17:36:47.667] [9994 ] [ERROR] [consumeBuffer:363]	====> the first buffer seq: 1 
[17:36:47.755] [9995 ] [ERROR] [consumeBuffer:363]	====> the first buffer seq: 1 
[17:36:48.030] [9996 ] [ERROR] [consumeBuffer:363]	====> the first buffer seq: 1 
[17:36:48.166] [9993 ] [ERROR] [consumeBuffer:363]	====> the first buffer seq: 1 
[17:36:54.068] [9995 ] [ERROR] [consumeBuffer:363]	====> the first buffer seq: 1 
[17:36:54.262] [9994 ] [ERROR] [consumeBuffer:363]	====> the first buffer seq: 1 
[17:36:54.498] [9996 ] [ERROR] [consumeBuffer:363]	====> the first buffer seq: 1 
[17:36:54.790] [9993 ] [ERROR] [consumeBuffer:363]	====> the first buffer seq: 1 
[17:37:00.730] [9995 ] [ERROR] [consumeBuffer:363]	====> the first buffer seq: 1 
[17:37:00.744] [9994 ] [ERROR] [consumeBuffer:363]	====> the first buffer seq: 1 
[17:37:01.125] [9996 ] [ERROR] [consumeBuffer:363]	====> the first buffer seq: 1 
[17:37:01.261] [9993 ] [ERROR] [consumeBuffer:363]	====> the first buffer seq: 1 
[17:37:06.699] [9995 ] [ERROR] [consumeBuffer:363]	====> the first buffer seq: 1 
[17:37:06.871] [9994 ] [ERROR] [consumeBuffer:363]	====> the first buffer seq: 1 
[17:37:07.149] [9996 ] [ERROR] [consumeBuffer:363]	====> the first buffer seq: 1 
[17:37:07.247] [9993 ] [ERROR] [consumeBuffer:363]	====> the first buffer seq: 1 
[17:37:12.375] [9995 ] [ERROR] [consumeBuffer:363]	====> the first buffer seq: 1 
[17:37:12.682] [9994 ] [ERROR] [consumeBuffer:363]	====> the first buffer seq: 1 
[17:37:13.034] [9996 ] [ERROR] [consumeBuffer:363]	====> the first buffer seq: 1 
[17:37:13.264] [9993 ] [ERROR] [consumeBuffer:363]	====> the first buffer seq: 1 
[17:37:18.797] [9995 ] [ERROR] [consumeBuffer:363]	====> the first buffer seq: 1 
[17:37:19.079] [9994 ] [ERROR] [consumeBuffer:363]	====> the first buffer seq: 1 
[17:37:19.637] [9996 ] [ERROR] [consumeBuffer:363]	====> the first buffer seq: 1 
[17:37:19.813] [9993 ] [ERROR] [consumeBuffer:363]	====> the first buffer seq: 1 
[17:37:25.315] [9995 ] [ERROR] [consumeBuffer:363]	====> the first buffer seq: 1 
[17:37:25.511] [9994 ] [ERROR] [consumeBuffer:363]	====> the first buffer seq: 1 
[17:37:26.019] [9996 ] [ERROR] [consumeBuffer:363]	====> the first buffer seq: 1 
[17:37:26.075] [9993 ] [ERROR] [consumeBuffer:363]	====> the first buffer seq: 1 
[17:37:31.748] [9995 ] [ERROR] [consumeBuffer:363]	====> the first buffer seq: 1 
[17:37:32.005] [9994 ] [ERROR] [consumeBuffer:363]	====> the first buffer seq: 1 
[17:37:32.398] [9996 ] [ERROR] [consumeBuffer:363]	====> the first buffer seq: 1 
[17:37:32.754] [9993 ] [ERROR] [consumeBuffer:363]	====> the first buffer seq: 1 
[17:37:38.015] [9995 ] [ERROR] [consumeBuffer:363]	====> the first buffer seq: 1 
[17:37:38.494] [9994 ] [ERROR] [consumeBuffer:363]	====> the first buffer seq: 1 
[17:37:39.126] [9996 ] [ERROR] [consumeBuffer:363]	====> the first buffer seq: 1 
[17:37:39.210] [9993 ] [ERROR] [consumeBuffer:363]	====> the first buffer seq: 1 
[17:37:44.238] [9995 ] [ERROR] [consumeBuffer:363]	====> the first buffer seq: 1 
[17:37:44.960] [9994 ] [ERROR] [consumeBuffer:363]	====> the first buffer seq: 1 
[17:37:45.743] [9993 ] [ERROR] [consumeBuffer:363]	====> the first buffer seq: 1 
[17:37:45.764] [9996 ] [ERROR] [consumeBuffer:363]	====> the first buffer seq: 1 
[17:37:50.548] [9995 ] [ERROR] [consumeBuffer:363]	====> the first buffer seq: 1 
[17:37:51.688] [9994 ] [ERROR] [consumeBuffer:363]	====> the first buffer seq: 1 
[22:11:35.044] [17466] [ERROR] [error:157]	got error busi back: 974aa042-75a6-406b-affe-c628a2be51b8, code: 1007 
[22:11:35.044] [17466] [WARN ] [error:167]	busi err back, erase task failed, cannot find cache task: 974aa042-75a6-406b-affe-c628a2be51b8 !  [THE user: test003] 
[22:11:35.050] [18833] [ERROR] [error:157]	got error busi back: bb403281-6cce-48a4-84cd-75fc5a63de1a, code: 1007 
[22:11:35.050] [18833] [WARN ] [error:167]	busi err back, erase task failed, cannot find cache task: bb403281-6cce-48a4-84cd-75fc5a63de1a !  [THE user: test003] 
[22:11:35.065] [17466] [ERROR] [error:157]	got error busi back: c4e2f654-bad7-4ac2-8a68-699459f46669, code: 1007 
[22:11:35.065] [17466] [WARN ] [error:167]	busi err back, erase task failed, cannot find cache task: c4e2f654-bad7-4ac2-8a68-699459f46669 !  [THE user: test003] 
[22:11:35.172] [18833] [ERROR] [error:157]	got error busi back: 6fcfeb79-1b9b-4740-85e9-2cd1c62ce2b7, code: 1007 
[22:11:35.172] [18833] [WARN ] [error:167]	busi err back, erase task failed, cannot find cache task: 6fcfeb79-1b9b-4740-85e9-2cd1c62ce2b7 !  [THE user: test003] 
[22:11:35.182] [17466] [ERROR] [error:157]	got error busi back: dd35a73c-514c-4467-8ede-6b4f4573e353, code: 1007 
[22:11:35.182] [17466] [WARN ] [error:167]	busi err back, erase task failed, cannot find cache task: dd35a73c-514c-4467-8ede-6b4f4573e353 !  [THE user: test003] 
[22:11:35.190] [18833] [ERROR] [error:157]	got error busi back: 7d7a0a5c-c2ea-481a-bf9c-5d96e63639fd, code: 1007 
[22:11:35.190] [18833] [WARN ] [error:167]	busi err back, erase task failed, cannot find cache task: 7d7a0a5c-c2ea-481a-bf9c-5d96e63639fd !  [THE user: test003] 
[22:32:38.464] [9993 ] [ERROR] [consumeBuffer:363]	====> the first buffer seq: 1 
[22:32:38.575] [9996 ] [ERROR] [consumeBuffer:363]	====> the first buffer seq: 1 
[22:32:38.593] [9995 ] [ERROR] [consumeBuffer:363]	====> the first buffer seq: 1 
[22:32:38.612] [9994 ] [ERROR] [consumeBuffer:363]	====> the first buffer seq: 1 
[22:32:45.701] [9993 ] [ERROR] [consumeBuffer:363]	====> the first buffer seq: 1 
[22:32:46.005] [9996 ] [ERROR] [consumeBuffer:363]	====> the first buffer seq: 1 
[22:32:46.111] [9995 ] [ERROR] [consumeBuffer:363]	====> the first buffer seq: 1 
[22:32:46.196] [9994 ] [ERROR] [consumeBuffer:363]	====> the first buffer seq: 1 
[22:32:52.353] [9993 ] [ERROR] [consumeBuffer:363]	====> the first buffer seq: 1 
[22:32:52.749] [9996 ] [ERROR] [consumeBuffer:363]	====> the first buffer seq: 1 
[22:32:53.010] [9995 ] [ERROR] [consumeBuffer:363]	====> the first buffer seq: 1 
[22:32:53.047] [9994 ] [ERROR] [consumeBuffer:363]	====> the first buffer seq: 1 
[22:32:58.855] [9993 ] [ERROR] [consumeBuffer:363]	====> the first buffer seq: 1 
[22:32:59.136] [9996 ] [ERROR] [consumeBuffer:363]	====> the first buffer seq: 1 
[22:32:59.410] [9994 ] [ERROR] [consumeBuffer:363]	====> the first buffer seq: 1 
[22:32:59.586] [9995 ] [ERROR] [consumeBuffer:363]	====> the first buffer seq: 1 
[22:33:05.307] [9993 ] [ERROR] [consumeBuffer:363]	====> the first buffer seq: 1 
[22:33:05.924] [9996 ] [ERROR] [consumeBuffer:363]	====> the first buffer seq: 1 
[22:33:05.935] [9994 ] [ERROR] [consumeBuffer:363]	====> the first buffer seq: 1 
[22:33:06.286] [9995 ] [ERROR] [consumeBuffer:363]	====> the first buffer seq: 1 
[22:33:11.587] [9993 ] [ERROR] [consumeBuffer:363]	====> the first buffer seq: 1 
[22:33:12.168] [9996 ] [ERROR] [consumeBuffer:363]	====> the first buffer seq: 1 
[22:33:12.333] [9994 ] [ERROR] [consumeBuffer:363]	====> the first buffer seq: 1 
[22:33:12.494] [9995 ] [ERROR] [consumeBuffer:363]	====> the first buffer seq: 1 
[22:33:16.998] [9993 ] [ERROR] [consumeBuffer:363]	====> the first buffer seq: 1 
[22:33:17.736] [9996 ] [ERROR] [consumeBuffer:363]	====> the first buffer seq: 1 
[22:33:17.946] [9994 ] [ERROR] [consumeBuffer:363]	====> the first buffer seq: 1 
[22:33:18.102] [9995 ] [ERROR] [consumeBuffer:363]	====> the first buffer seq: 1 
[22:33:22.952] [9993 ] [ERROR] [consumeBuffer:363]	====> the first buffer seq: 1 
[22:33:24.089] [9996 ] [ERROR] [consumeBuffer:363]	====> the first buffer seq: 1 
[22:33:24.330] [9994 ] [ERROR] [consumeBuffer:363]	====> the first buffer seq: 1 
[22:33:24.637] [9995 ] [ERROR] [consumeBuffer:363]	====> the first buffer seq: 1 
[22:33:28.746] [9993 ] [ERROR] [consumeBuffer:363]	====> the first buffer seq: 1 
[22:33:30.293] [9994 ] [ERROR] [consumeBuffer:363]	====> the first buffer seq: 1 
[22:33:30.372] [9996 ] [ERROR] [consumeBuffer:363]	====> the first buffer seq: 1 
[22:33:30.761] [9995 ] [ERROR] [consumeBuffer:363]	====> the first buffer seq: 1 
[22:33:34.976] [9993 ] [ERROR] [consumeBuffer:363]	====> the first buffer seq: 1 
[22:33:36.759] [9994 ] [ERROR] [consumeBuffer:363]	====> the first buffer seq: 1 
[22:33:36.896] [9996 ] [ERROR] [consumeBuffer:363]	====> the first buffer seq: 1 
[22:33:37.108] [9995 ] [ERROR] [consumeBuffer:363]	====> the first buffer seq: 1 
[22:33:41.179] [9993 ] [ERROR] [consumeBuffer:363]	====> the first buffer seq: 1 
[22:33:42.975] [9994 ] [ERROR] [consumeBuffer:363]	====> the first buffer seq: 1 
[22:33:43.179] [9996 ] [ERROR] [consumeBuffer:363]	====> the first buffer seq: 1 
[22:33:43.390] [9995 ] [ERROR] [consumeBuffer:363]	====> the first buffer seq: 1 
[22:33:47.346] [9993 ] [ERROR] [consumeBuffer:363]	====> the first buffer seq: 1 
[22:33:49.630] [9994 ] [ERROR] [consumeBuffer:363]	====> the first buffer seq: 1 
[22:33:49.713] [9996 ] [ERROR] [consumeBuffer:363]	====> the first buffer seq: 1 
[22:33:49.958] [9995 ] [ERROR] [consumeBuffer:363]	====> the first buffer seq: 1 
[22:33:53.646] [9993 ] [ERROR] [consumeBuffer:363]	====> the first buffer seq: 1 
[22:33:56.006] [9996 ] [ERROR] [consumeBuffer:363]	====> the first buffer seq: 1 
[22:34:21.464] [9994 ] [ERROR] [consumeBuffer:363]	====> the first buffer seq: 1 
[22:34:21.479] [9995 ] [ERROR] [consumeBuffer:363]	====> the first buffer seq: 1 
[22:34:21.482] [9993 ] [ERROR] [consumeBuffer:363]	====> the first buffer seq: 1 
[22:34:21.487] [9996 ] [ERROR] [consumeBuffer:363]	====> the first buffer seq: 1 
[22:34:27.057] [9994 ] [ERROR] [consumeBuffer:363]	====> the first buffer seq: 1 
[22:34:27.843] [9995 ] [ERROR] [consumeBuffer:363]	====> the first buffer seq: 1 
[22:34:28.008] [9996 ] [ERROR] [consumeBuffer:363]	====> the first buffer seq: 1 
[22:34:28.015] [9993 ] [ERROR] [consumeBuffer:363]	====> the first buffer seq: 1 
[22:34:33.822] [9994 ] [ERROR] [consumeBuffer:363]	====> the first buffer seq: 1 
[22:34:34.341] [9995 ] [ERROR] [consumeBuffer:363]	====> the first buffer seq: 1 
[22:34:34.856] [9993 ] [ERROR] [consumeBuffer:363]	====> the first buffer seq: 1 
[22:34:34.951] [9996 ] [ERROR] [consumeBuffer:363]	====> the first buffer seq: 1 
[22:34:40.405] [9994 ] [ERROR] [consumeBuffer:363]	====> the first buffer seq: 1 
[22:34:40.642] [9995 ] [ERROR] [consumeBuffer:363]	====> the first buffer seq: 1 
[22:34:41.450] [9996 ] [ERROR] [consumeBuffer:363]	====> the first buffer seq: 1 
[22:34:41.477] [9993 ] [ERROR] [consumeBuffer:363]	====> the first buffer seq: 1 
[22:34:47.105] [9994 ] [ERROR] [consumeBuffer:363]	====> the first buffer seq: 1 
[22:34:47.266] [9995 ] [ERROR] [consumeBuffer:363]	====> the first buffer seq: 1 
[22:34:47.869] [9996 ] [ERROR] [consumeBuffer:363]	====> the first buffer seq: 1 
[22:34:48.096] [9993 ] [ERROR] [consumeBuffer:363]	====> the first buffer seq: 1 
[22:34:53.248] [9994 ] [ERROR] [consumeBuffer:363]	====> the first buffer seq: 1 
[22:34:53.669] [9995 ] [ERROR] [consumeBuffer:363]	====> the first buffer seq: 1 
[22:34:54.187] [9996 ] [ERROR] [consumeBuffer:363]	====> the first buffer seq: 1 
[22:34:54.529] [9993 ] [ERROR] [consumeBuffer:363]	====> the first buffer seq: 1 
[22:34:59.426] [9994 ] [ERROR] [consumeBuffer:363]	====> the first buffer seq: 1 
[22:34:59.888] [9995 ] [ERROR] [consumeBuffer:363]	====> the first buffer seq: 1 
[22:35:00.626] [9996 ] [ERROR] [consumeBuffer:363]	====> the first buffer seq: 1 
[22:35:00.758] [9993 ] [ERROR] [consumeBuffer:363]	====> the first buffer seq: 1 
[22:35:05.496] [9994 ] [ERROR] [consumeBuffer:363]	====> the first buffer seq: 1 
[22:35:06.180] [9995 ] [ERROR] [consumeBuffer:363]	====> the first buffer seq: 1 
[22:35:07.033] [9996 ] [ERROR] [consumeBuffer:363]	====> the first buffer seq: 1 
[22:35:07.048] [9993 ] [ERROR] [consumeBuffer:363]	====> the first buffer seq: 1 
[22:35:11.943] [9994 ] [ERROR] [consumeBuffer:363]	====> the first buffer seq: 1 
[22:35:12.379] [9995 ] [ERROR] [consumeBuffer:363]	====> the first buffer seq: 1 
[22:35:13.513] [9993 ] [ERROR] [consumeBuffer:363]	====> the first buffer seq: 1 
[22:35:13.614] [9996 ] [ERROR] [consumeBuffer:363]	====> the first buffer seq: 1 
[22:35:18.552] [9994 ] [ERROR] [consumeBuffer:363]	====> the first buffer seq: 1 
[22:35:18.892] [9995 ] [ERROR] [consumeBuffer:363]	====> the first buffer seq: 1 
[22:35:19.966] [9996 ] [ERROR] [consumeBuffer:363]	====> the first buffer seq: 1 
[22:35:20.109] [9993 ] [ERROR] [consumeBuffer:363]	====> the first buffer seq: 1 
[22:35:24.990] [9994 ] [ERROR] [consumeBuffer:363]	====> the first buffer seq: 1 
[22:35:25.165] [9995 ] [ERROR] [consumeBuffer:363]	====> the first buffer seq: 1 
[22:35:26.412] [9996 ] [ERROR] [consumeBuffer:363]	====> the first buffer seq: 1 
[22:35:26.637] [9993 ] [ERROR] [consumeBuffer:363]	====> the first buffer seq: 1 
[22:35:30.880] [9994 ] [ERROR] [consumeBuffer:363]	====> the first buffer seq: 1 
[22:35:31.257] [9995 ] [ERROR] [consumeBuffer:363]	====> the first buffer seq: 1 
[22:35:32.468] [9996 ] [ERROR] [consumeBuffer:363]	====> the first buffer seq: 1 
[22:35:32.690] [9993 ] [ERROR] [consumeBuffer:363]	====> the first buffer seq: 1 
[22:35:37.508] [9994 ] [ERROR] [consumeBuffer:363]	====> the first buffer seq: 1 
[22:35:37.715] [9995 ] [ERROR] [consumeBuffer:363]	====> the first buffer seq: 1 
[22:40:14.417] [9996 ] [ERROR] [consumeBuffer:363]	====> the first buffer seq: 1 
[22:40:14.423] [9993 ] [ERROR] [consumeBuffer:363]	====> the first buffer seq: 1 
[22:40:14.430] [9994 ] [ERROR] [consumeBuffer:363]	====> the first buffer seq: 1 
[22:40:14.435] [9995 ] [ERROR] [consumeBuffer:363]	====> the first buffer seq: 1 
[22:40:19.322] [9996 ] [ERROR] [consumeBuffer:363]	====> the first buffer seq: 1 
[22:40:20.289] [9994 ] [ERROR] [consumeBuffer:363]	====> the first buffer seq: 1 
[22:40:20.356] [9993 ] [ERROR] [consumeBuffer:363]	====> the first buffer seq: 1 
[22:40:20.446] [9995 ] [ERROR] [consumeBuffer:363]	====> the first buffer seq: 1 
[22:40:24.536] [9996 ] [ERROR] [consumeBuffer:363]	====> the first buffer seq: 1 
[22:40:25.940] [9994 ] [ERROR] [consumeBuffer:363]	====> the first buffer seq: 1 
[22:40:26.028] [9995 ] [ERROR] [consumeBuffer:363]	====> the first buffer seq: 1 
[22:40:26.037] [9993 ] [ERROR] [consumeBuffer:363]	====> the first buffer seq: 1 
[22:40:30.424] [9996 ] [ERROR] [consumeBuffer:363]	====> the first buffer seq: 1 
[22:40:32.188] [9993 ] [ERROR] [consumeBuffer:363]	====> the first buffer seq: 1 
[22:40:32.321] [9995 ] [ERROR] [consumeBuffer:363]	====> the first buffer seq: 1 
[22:40:32.404] [9994 ] [ERROR] [consumeBuffer:363]	====> the first buffer seq: 1 
[22:40:36.296] [9996 ] [ERROR] [consumeBuffer:363]	====> the first buffer seq: 1 
[22:40:38.556] [9993 ] [ERROR] [consumeBuffer:363]	====> the first buffer seq: 1 
[22:40:38.571] [9994 ] [ERROR] [consumeBuffer:363]	====> the first buffer seq: 1 
[22:40:38.680] [9995 ] [ERROR] [consumeBuffer:363]	====> the first buffer seq: 1 
[22:40:42.338] [9996 ] [ERROR] [consumeBuffer:363]	====> the first buffer seq: 1 
[22:40:44.775] [9995 ] [ERROR] [consumeBuffer:363]	====> the first buffer seq: 1 
[22:40:44.843] [9993 ] [ERROR] [consumeBuffer:363]	====> the first buffer seq: 1 
[22:40:44.864] [9994 ] [ERROR] [consumeBuffer:363]	====> the first buffer seq: 1 
[22:40:48.561] [9996 ] [ERROR] [consumeBuffer:363]	====> the first buffer seq: 1 
[22:40:50.952] [9995 ] [ERROR] [consumeBuffer:363]	====> the first buffer seq: 1 
[22:40:51.026] [9994 ] [ERROR] [consumeBuffer:363]	====> the first buffer seq: 1 
[22:40:51.119] [9993 ] [ERROR] [consumeBuffer:363]	====> the first buffer seq: 1 
[22:40:54.733] [9996 ] [ERROR] [consumeBuffer:363]	====> the first buffer seq: 1 
[22:40:57.389] [9995 ] [ERROR] [consumeBuffer:363]	====> the first buffer seq: 1 
[22:40:57.415] [9994 ] [ERROR] [consumeBuffer:363]	====> the first buffer seq: 1 
[22:40:57.663] [9993 ] [ERROR] [consumeBuffer:363]	====> the first buffer seq: 1 
[22:41:00.987] [9996 ] [ERROR] [consumeBuffer:363]	====> the first buffer seq: 1 
[22:41:04.041] [9994 ] [ERROR] [consumeBuffer:363]	====> the first buffer seq: 1 
[22:41:04.107] [9993 ] [ERROR] [consumeBuffer:363]	====> the first buffer seq: 1 
[22:41:04.123] [9995 ] [ERROR] [consumeBuffer:363]	====> the first buffer seq: 1 
[22:41:07.234] [9996 ] [ERROR] [consumeBuffer:363]	====> the first buffer seq: 1 
[22:41:10.486] [9995 ] [ERROR] [consumeBuffer:363]	====> the first buffer seq: 1 
[22:41:10.643] [9994 ] [ERROR] [consumeBuffer:363]	====> the first buffer seq: 1 
[22:41:10.760] [9993 ] [ERROR] [consumeBuffer:363]	====> the first buffer seq: 1 
[22:41:13.778] [9996 ] [ERROR] [consumeBuffer:363]	====> the first buffer seq: 1 
[22:41:17.203] [9995 ] [ERROR] [consumeBuffer:363]	====> the first buffer seq: 1 
[22:41:17.475] [9994 ] [ERROR] [consumeBuffer:363]	====> the first buffer seq: 1 
[22:41:17.516] [9993 ] [ERROR] [consumeBuffer:363]	====> the first buffer seq: 1 
[22:41:20.346] [9996 ] [ERROR] [consumeBuffer:363]	====> the first buffer seq: 1 
[22:41:23.631] [9995 ] [ERROR] [consumeBuffer:363]	====> the first buffer seq: 1 
[22:41:23.949] [9994 ] [ERROR] [consumeBuffer:363]	====> the first buffer seq: 1 
[22:41:24.008] [9993 ] [ERROR] [consumeBuffer:363]	====> the first buffer seq: 1 
[22:41:26.645] [9996 ] [ERROR] [consumeBuffer:363]	====> the first buffer seq: 1 
[22:41:30.015] [9995 ] [ERROR] [consumeBuffer:363]	====> the first buffer seq: 1 
[10:41:37.708] [9994 ] [ERROR] [consumeBuffer:363]	====> the first buffer seq: 1 
[10:41:37.710] [9993 ] [ERROR] [consumeBuffer:363]	====> the first buffer seq: 1 
[10:41:37.712] [9996 ] [ERROR] [consumeBuffer:363]	====> the first buffer seq: 1 
[10:41:37.729] [9995 ] [ERROR] [consumeBuffer:363]	====> the first buffer seq: 1 
[10:41:41.048] [9993 ] [ERROR] [consumeBuffer:363]	====> the first buffer seq: 1 
[10:41:42.281] [9995 ] [ERROR] [consumeBuffer:363]	====> the first buffer seq: 1 
[10:41:42.374] [9994 ] [ERROR] [consumeBuffer:363]	====> the first buffer seq: 1 
[10:41:42.386] [9996 ] [ERROR] [consumeBuffer:363]	====> the first buffer seq: 1 
[10:41:45.778] [9993 ] [ERROR] [consumeBuffer:363]	====> the first buffer seq: 1 
[10:41:47.689] [9995 ] [ERROR] [consumeBuffer:363]	====> the first buffer seq: 1 
[10:41:47.813] [9996 ] [ERROR] [consumeBuffer:363]	====> the first buffer seq: 1 
[10:41:47.859] [9994 ] [ERROR] [consumeBuffer:363]	====> the first buffer seq: 1 
[10:41:51.597] [9993 ] [ERROR] [consumeBuffer:363]	====> the first buffer seq: 1 
[10:41:53.835] [9995 ] [ERROR] [consumeBuffer:363]	====> the first buffer seq: 1 
[10:41:54.013] [9994 ] [ERROR] [consumeBuffer:363]	====> the first buffer seq: 1 
[10:41:54.090] [9996 ] [ERROR] [consumeBuffer:363]	====> the first buffer seq: 1 
[10:41:58.360] [9993 ] [ERROR] [consumeBuffer:363]	====> the first buffer seq: 1 
[10:42:00.537] [9995 ] [ERROR] [consumeBuffer:363]	====> the first buffer seq: 1 
[10:42:00.806] [9994 ] [ERROR] [consumeBuffer:363]	====> the first buffer seq: 1 
[10:42:00.840] [9996 ] [ERROR] [consumeBuffer:363]	====> the first buffer seq: 1 
[10:42:04.744] [9993 ] [ERROR] [consumeBuffer:363]	====> the first buffer seq: 1 
[10:42:07.440] [9996 ] [ERROR] [consumeBuffer:363]	====> the first buffer seq: 1 
[10:42:07.490] [9995 ] [ERROR] [consumeBuffer:363]	====> the first buffer seq: 1 
[10:42:07.568] [9994 ] [ERROR] [consumeBuffer:363]	====> the first buffer seq: 1 
[10:42:11.031] [9993 ] [ERROR] [consumeBuffer:363]	====> the first buffer seq: 1 
[10:42:14.067] [9996 ] [ERROR] [consumeBuffer:363]	====> the first buffer seq: 1 
[10:42:14.087] [9994 ] [ERROR] [consumeBuffer:363]	====> the first buffer seq: 1 
[10:42:14.189] [9995 ] [ERROR] [consumeBuffer:363]	====> the first buffer seq: 1 
[10:42:17.295] [9993 ] [ERROR] [consumeBuffer:363]	====> the first buffer seq: 1 
[10:42:20.325] [9994 ] [ERROR] [consumeBuffer:363]	====> the first buffer seq: 1 
[10:42:20.457] [9996 ] [ERROR] [consumeBuffer:363]	====> the first buffer seq: 1 
[10:42:20.575] [9995 ] [ERROR] [consumeBuffer:363]	====> the first buffer seq: 1 
[10:42:23.367] [9993 ] [ERROR] [consumeBuffer:363]	====> the first buffer seq: 1 
[10:42:26.596] [9994 ] [ERROR] [consumeBuffer:363]	====> the first buffer seq: 1 
[10:42:26.955] [9996 ] [ERROR] [consumeBuffer:363]	====> the first buffer seq: 1 
[10:42:27.166] [9995 ] [ERROR] [consumeBuffer:363]	====> the first buffer seq: 1 
[10:42:29.555] [9993 ] [ERROR] [consumeBuffer:363]	====> the first buffer seq: 1 
[10:42:33.231] [9994 ] [ERROR] [consumeBuffer:363]	====> the first buffer seq: 1 
[10:42:33.720] [9996 ] [ERROR] [consumeBuffer:363]	====> the first buffer seq: 1 
[10:42:33.870] [9995 ] [ERROR] [consumeBuffer:363]	====> the first buffer seq: 1 
[10:42:35.714] [9993 ] [ERROR] [consumeBuffer:363]	====> the first buffer seq: 1 
[10:42:39.403] [9994 ] [ERROR] [consumeBuffer:363]	====> the first buffer seq: 1 
[10:42:39.961] [9996 ] [ERROR] [consumeBuffer:363]	====> the first buffer seq: 1 
[10:42:40.157] [9995 ] [ERROR] [consumeBuffer:363]	====> the first buffer seq: 1 
[10:42:42.171] [9993 ] [ERROR] [consumeBuffer:363]	====> the first buffer seq: 1 
[10:42:45.926] [9994 ] [ERROR] [consumeBuffer:363]	====> the first buffer seq: 1 
[10:42:46.448] [9996 ] [ERROR] [consumeBuffer:363]	====> the first buffer seq: 1 
[10:42:46.726] [9995 ] [ERROR] [consumeBuffer:363]	====> the first buffer seq: 1 
[10:42:48.752] [9993 ] [ERROR] [consumeBuffer:363]	====> the first buffer seq: 1 
[10:42:51.978] [9994 ] [ERROR] [consumeBuffer:363]	====> the first buffer seq: 1 
[11:00:22.744] [9996 ] [ERROR] [consumeBuffer:363]	====> the first buffer seq: 1 
[11:00:22.750] [9995 ] [ERROR] [consumeBuffer:363]	====> the first buffer seq: 1 
[11:00:22.755] [9993 ] [ERROR] [consumeBuffer:363]	====> the first buffer seq: 1 
[11:00:22.758] [9994 ] [ERROR] [consumeBuffer:363]	====> the first buffer seq: 1 
[11:00:27.820] [9996 ] [ERROR] [consumeBuffer:363]	====> the first buffer seq: 1 
[11:00:28.875] [9993 ] [ERROR] [consumeBuffer:363]	====> the first buffer seq: 1 
[11:00:28.898] [9995 ] [ERROR] [consumeBuffer:363]	====> the first buffer seq: 1 
[11:00:28.949] [9994 ] [ERROR] [consumeBuffer:363]	====> the first buffer seq: 1 
[11:00:33.873] [9996 ] [ERROR] [consumeBuffer:363]	====> the first buffer seq: 1 
[11:00:35.080] [9993 ] [ERROR] [consumeBuffer:363]	====> the first buffer seq: 1 
[11:00:35.171] [9995 ] [ERROR] [consumeBuffer:363]	====> the first buffer seq: 1 
[11:00:35.179] [9994 ] [ERROR] [consumeBuffer:363]	====> the first buffer seq: 1 
[11:00:39.913] [9996 ] [ERROR] [consumeBuffer:363]	====> the first buffer seq: 1 
[11:00:41.353] [9993 ] [ERROR] [consumeBuffer:363]	====> the first buffer seq: 1 
[11:00:41.477] [9994 ] [ERROR] [consumeBuffer:363]	====> the first buffer seq: 1 
[11:00:41.619] [9995 ] [ERROR] [consumeBuffer:363]	====> the first buffer seq: 1 
[11:00:45.952] [9996 ] [ERROR] [consumeBuffer:363]	====> the first buffer seq: 1 
[11:00:47.549] [9993 ] [ERROR] [consumeBuffer:363]	====> the first buffer seq: 1 
[11:00:47.584] [9994 ] [ERROR] [consumeBuffer:363]	====> the first buffer seq: 1 
[11:00:47.878] [9995 ] [ERROR] [consumeBuffer:363]	====> the first buffer seq: 1 
[11:00:51.468] [9996 ] [ERROR] [consumeBuffer:363]	====> the first buffer seq: 1 
[11:00:52.546] [9993 ] [ERROR] [consumeBuffer:363]	====> the first buffer seq: 1 
[11:00:52.779] [9994 ] [ERROR] [consumeBuffer:363]	====> the first buffer seq: 1 
[11:00:52.839] [9995 ] [ERROR] [consumeBuffer:363]	====> the first buffer seq: 1 
[11:00:55.555] [9996 ] [ERROR] [consumeBuffer:363]	====> the first buffer seq: 1 
[11:00:56.837] [9993 ] [ERROR] [consumeBuffer:363]	====> the first buffer seq: 1 
[11:00:57.058] [9994 ] [ERROR] [consumeBuffer:363]	====> the first buffer seq: 1 
[11:00:57.301] [9995 ] [ERROR] [consumeBuffer:363]	====> the first buffer seq: 1 
[11:00:59.503] [9996 ] [ERROR] [consumeBuffer:363]	====> the first buffer seq: 1 
[11:01:00.969] [9993 ] [ERROR] [consumeBuffer:363]	====> the first buffer seq: 1 
[11:01:01.542] [9994 ] [ERROR] [consumeBuffer:363]	====> the first buffer seq: 1 
[11:01:01.732] [9995 ] [ERROR] [consumeBuffer:363]	====> the first buffer seq: 1 
[11:01:03.758] [9996 ] [ERROR] [consumeBuffer:363]	====> the first buffer seq: 1 
[11:01:05.063] [9993 ] [ERROR] [consumeBuffer:363]	====> the first buffer seq: 1 
[11:01:05.833] [9994 ] [ERROR] [consumeBuffer:363]	====> the first buffer seq: 1 
[11:01:06.039] [9995 ] [ERROR] [consumeBuffer:363]	====> the first buffer seq: 1 
[11:01:07.924] [9996 ] [ERROR] [consumeBuffer:363]	====> the first buffer seq: 1 
[11:01:09.182] [9993 ] [ERROR] [consumeBuffer:363]	====> the first buffer seq: 1 
[11:01:10.142] [9994 ] [ERROR] [consumeBuffer:363]	====> the first buffer seq: 1 
[11:01:10.377] [9995 ] [ERROR] [consumeBuffer:363]	====> the first buffer seq: 1 
[11:01:12.012] [9996 ] [ERROR] [consumeBuffer:363]	====> the first buffer seq: 1 
[11:01:13.266] [9993 ] [ERROR] [consumeBuffer:363]	====> the first buffer seq: 1 
[11:01:14.408] [9994 ] [ERROR] [consumeBuffer:363]	====> the first buffer seq: 1 
[11:01:14.636] [9995 ] [ERROR] [consumeBuffer:363]	====> the first buffer seq: 1 
[11:01:16.127] [9996 ] [ERROR] [consumeBuffer:363]	====> the first buffer seq: 1 
[11:01:17.367] [9993 ] [ERROR] [consumeBuffer:363]	====> the first buffer seq: 1 
[11:01:18.677] [9994 ] [ERROR] [consumeBuffer:363]	====> the first buffer seq: 1 
[11:01:18.878] [9995 ] [ERROR] [consumeBuffer:363]	====> the first buffer seq: 1 
[11:01:20.455] [9996 ] [ERROR] [consumeBuffer:363]	====> the first buffer seq: 1 
[11:01:21.393] [9993 ] [ERROR] [consumeBuffer:363]	====> the first buffer seq: 1 
[11:10:23.952] [9995 ] [ERROR] [consumeBuffer:363]	====> the first buffer seq: 1 
[11:10:23.954] [9994 ] [ERROR] [consumeBuffer:363]	====> the first buffer seq: 1 
[11:10:23.959] [9996 ] [ERROR] [consumeBuffer:363]	====> the first buffer seq: 1 
[11:10:23.968] [9993 ] [ERROR] [consumeBuffer:363]	====> the first buffer seq: 1 
[11:10:28.787] [9995 ] [ERROR] [consumeBuffer:363]	====> the first buffer seq: 1 
[11:10:29.786] [9996 ] [ERROR] [consumeBuffer:363]	====> the first buffer seq: 1 
[11:10:29.839] [9994 ] [ERROR] [consumeBuffer:363]	====> the first buffer seq: 1 
[11:10:29.996] [9993 ] [ERROR] [consumeBuffer:363]	====> the first buffer seq: 1 
[11:10:33.707] [9995 ] [ERROR] [consumeBuffer:363]	====> the first buffer seq: 1 
[11:10:35.057] [9996 ] [ERROR] [consumeBuffer:363]	====> the first buffer seq: 1 
[11:10:35.197] [9994 ] [ERROR] [consumeBuffer:363]	====> the first buffer seq: 1 
[11:10:35.412] [9993 ] [ERROR] [consumeBuffer:363]	====> the first buffer seq: 1 
[11:10:39.567] [9995 ] [ERROR] [consumeBuffer:363]	====> the first buffer seq: 1 
[11:10:40.928] [9994 ] [ERROR] [consumeBuffer:363]	====> the first buffer seq: 1 
[11:10:40.969] [9996 ] [ERROR] [consumeBuffer:363]	====> the first buffer seq: 1 
[11:10:41.309] [9993 ] [ERROR] [consumeBuffer:363]	====> the first buffer seq: 1 
[11:10:45.152] [9995 ] [ERROR] [consumeBuffer:363]	====> the first buffer seq: 1 
[11:10:46.614] [9994 ] [ERROR] [consumeBuffer:363]	====> the first buffer seq: 1 
[11:10:46.691] [9996 ] [ERROR] [consumeBuffer:363]	====> the first buffer seq: 1 
[11:10:46.986] [9993 ] [ERROR] [consumeBuffer:363]	====> the first buffer seq: 1 
[11:10:51.153] [9995 ] [ERROR] [consumeBuffer:363]	====> the first buffer seq: 1 
[11:10:52.995] [9994 ] [ERROR] [consumeBuffer:363]	====> the first buffer seq: 1 
[11:10:53.030] [9996 ] [ERROR] [consumeBuffer:363]	====> the first buffer seq: 1 
[11:10:53.177] [9993 ] [ERROR] [consumeBuffer:363]	====> the first buffer seq: 1 
[11:10:57.022] [9995 ] [ERROR] [consumeBuffer:363]	====> the first buffer seq: 1 
[11:10:59.221] [9994 ] [ERROR] [consumeBuffer:363]	====> the first buffer seq: 1 
[11:10:59.222] [9996 ] [ERROR] [consumeBuffer:363]	====> the first buffer seq: 1 
[11:10:59.414] [9993 ] [ERROR] [consumeBuffer:363]	====> the first buffer seq: 1 
[11:11:03.234] [9995 ] [ERROR] [consumeBuffer:363]	====> the first buffer seq: 1 
[11:11:05.386] [9996 ] [ERROR] [consumeBuffer:363]	====> the first buffer seq: 1 
[11:11:05.419] [9994 ] [ERROR] [consumeBuffer:363]	====> the first buffer seq: 1 
[11:11:05.669] [9993 ] [ERROR] [consumeBuffer:363]	====> the first buffer seq: 1 
[11:11:09.267] [9995 ] [ERROR] [consumeBuffer:363]	====> the first buffer seq: 1 
[11:11:11.489] [9994 ] [ERROR] [consumeBuffer:363]	====> the first buffer seq: 1 
[11:11:11.536] [9996 ] [ERROR] [consumeBuffer:363]	====> the first buffer seq: 1 
[11:11:11.847] [9993 ] [ERROR] [consumeBuffer:363]	====> the first buffer seq: 1 
[11:11:15.300] [9995 ] [ERROR] [consumeBuffer:363]	====> the first buffer seq: 1 
[11:11:17.607] [9994 ] [ERROR] [consumeBuffer:363]	====> the first buffer seq: 1 
[11:11:17.764] [9996 ] [ERROR] [consumeBuffer:363]	====> the first buffer seq: 1 
[11:11:17.942] [9993 ] [ERROR] [consumeBuffer:363]	====> the first buffer seq: 1 
[11:11:21.617] [9995 ] [ERROR] [consumeBuffer:363]	====> the first buffer seq: 1 
[11:11:23.701] [9994 ] [ERROR] [consumeBuffer:363]	====> the first buffer seq: 1 
[11:11:23.996] [9996 ] [ERROR] [consumeBuffer:363]	====> the first buffer seq: 1 
[11:11:24.103] [9993 ] [ERROR] [consumeBuffer:363]	====> the first buffer seq: 1 
[11:11:27.686] [9995 ] [ERROR] [consumeBuffer:363]	====> the first buffer seq: 1 
[11:11:30.100] [9994 ] [ERROR] [consumeBuffer:363]	====> the first buffer seq: 1 
[11:11:30.457] [9993 ] [ERROR] [consumeBuffer:363]	====> the first buffer seq: 1 
[11:11:30.505] [9996 ] [ERROR] [consumeBuffer:363]	====> the first buffer seq: 1 
[11:11:33.770] [9995 ] [ERROR] [consumeBuffer:363]	====> the first buffer seq: 1 
[11:11:36.216] [9994 ] [ERROR] [consumeBuffer:363]	====> the first buffer seq: 1 
[12:01:44.723] [9993 ] [ERROR] [consumeBuffer:363]	====> the first buffer seq: 1 
[12:01:44.738] [9996 ] [ERROR] [consumeBuffer:363]	====> the first buffer seq: 1 
[12:01:44.743] [9995 ] [ERROR] [consumeBuffer:363]	====> the first buffer seq: 1 
[12:01:44.750] [9994 ] [ERROR] [consumeBuffer:363]	====> the first buffer seq: 1 
[12:01:49.986] [9993 ] [ERROR] [consumeBuffer:363]	====> the first buffer seq: 1 
[12:01:51.156] [9996 ] [ERROR] [consumeBuffer:363]	====> the first buffer seq: 1 
[12:01:51.287] [9994 ] [ERROR] [consumeBuffer:363]	====> the first buffer seq: 1 
[12:01:51.301] [9995 ] [ERROR] [consumeBuffer:363]	====> the first buffer seq: 1 
[12:01:56.805] [9993 ] [ERROR] [consumeBuffer:363]	====> the first buffer seq: 1 
[12:01:57.768] [9996 ] [ERROR] [consumeBuffer:363]	====> the first buffer seq: 1 
[12:01:58.114] [9994 ] [ERROR] [consumeBuffer:363]	====> the first buffer seq: 1 
[12:01:58.151] [9995 ] [ERROR] [consumeBuffer:363]	====> the first buffer seq: 1 
[12:02:03.018] [9993 ] [ERROR] [consumeBuffer:363]	====> the first buffer seq: 1 
[12:02:03.959] [9996 ] [ERROR] [consumeBuffer:363]	====> the first buffer seq: 1 
[12:02:04.530] [9995 ] [ERROR] [consumeBuffer:363]	====> the first buffer seq: 1 
[12:02:04.562] [9994 ] [ERROR] [consumeBuffer:363]	====> the first buffer seq: 1 
[12:02:09.180] [9993 ] [ERROR] [consumeBuffer:363]	====> the first buffer seq: 1 
[12:02:10.100] [9996 ] [ERROR] [consumeBuffer:363]	====> the first buffer seq: 1 
[12:02:10.867] [9995 ] [ERROR] [consumeBuffer:363]	====> the first buffer seq: 1 
[12:02:11.094] [9994 ] [ERROR] [consumeBuffer:363]	====> the first buffer seq: 1 
[12:02:15.591] [9993 ] [ERROR] [consumeBuffer:363]	====> the first buffer seq: 1 
[12:02:16.818] [9996 ] [ERROR] [consumeBuffer:363]	====> the first buffer seq: 1 
[12:02:17.627] [9995 ] [ERROR] [consumeBuffer:363]	====> the first buffer seq: 1 
[12:02:17.897] [9994 ] [ERROR] [consumeBuffer:363]	====> the first buffer seq: 1 
[12:02:22.367] [9993 ] [ERROR] [consumeBuffer:363]	====> the first buffer seq: 1 
[12:02:23.410] [9996 ] [ERROR] [consumeBuffer:363]	====> the first buffer seq: 1 
[12:02:24.234] [9995 ] [ERROR] [consumeBuffer:363]	====> the first buffer seq: 1 
[12:02:24.664] [9994 ] [ERROR] [consumeBuffer:363]	====> the first buffer seq: 1 
[12:02:28.924] [9993 ] [ERROR] [consumeBuffer:363]	====> the first buffer seq: 1 
[12:02:29.859] [9996 ] [ERROR] [consumeBuffer:363]	====> the first buffer seq: 1 
[12:02:30.842] [9995 ] [ERROR] [consumeBuffer:363]	====> the first buffer seq: 1 
[12:02:31.129] [9994 ] [ERROR] [consumeBuffer:363]	====> the first buffer seq: 1 
[12:02:35.019] [9993 ] [ERROR] [consumeBuffer:363]	====> the first buffer seq: 1 
[12:02:35.929] [9996 ] [ERROR] [consumeBuffer:363]	====> the first buffer seq: 1 
[12:02:36.846] [9995 ] [ERROR] [consumeBuffer:363]	====> the first buffer seq: 1 
[12:02:37.336] [9994 ] [ERROR] [consumeBuffer:363]	====> the first buffer seq: 1 
[12:02:41.384] [9993 ] [ERROR] [consumeBuffer:363]	====> the first buffer seq: 1 
[12:02:42.208] [9996 ] [ERROR] [consumeBuffer:363]	====> the first buffer seq: 1 
[12:02:43.121] [9995 ] [ERROR] [consumeBuffer:363]	====> the first buffer seq: 1 
[12:02:43.688] [9994 ] [ERROR] [consumeBuffer:363]	====> the first buffer seq: 1 
[12:02:47.381] [9993 ] [ERROR] [consumeBuffer:363]	====> the first buffer seq: 1 
[12:02:48.481] [9996 ] [ERROR] [consumeBuffer:363]	====> the first buffer seq: 1 
[12:02:49.128] [9995 ] [ERROR] [consumeBuffer:363]	====> the first buffer seq: 1 
[12:02:49.804] [9994 ] [ERROR] [consumeBuffer:363]	====> the first buffer seq: 1 
[12:02:53.370] [9993 ] [ERROR] [consumeBuffer:363]	====> the first buffer seq: 1 
[12:02:54.511] [9996 ] [ERROR] [consumeBuffer:363]	====> the first buffer seq: 1 
[12:02:55.376] [9995 ] [ERROR] [consumeBuffer:363]	====> the first buffer seq: 1 
[12:02:56.093] [9994 ] [ERROR] [consumeBuffer:363]	====> the first buffer seq: 1 
[12:02:59.398] [9993 ] [ERROR] [consumeBuffer:363]	====> the first buffer seq: 1 
[12:03:00.684] [9996 ] [ERROR] [consumeBuffer:363]	====> the first buffer seq: 1 
[14:39:17.483] [9995 ] [ERROR] [consumeBuffer:363]	====> the first buffer seq: 1 
[14:39:17.488] [9994 ] [ERROR] [consumeBuffer:363]	====> the first buffer seq: 1 
[14:39:17.492] [9996 ] [ERROR] [consumeBuffer:363]	====> the first buffer seq: 1 
[14:39:17.493] [9993 ] [ERROR] [consumeBuffer:363]	====> the first buffer seq: 1 
[14:39:21.445] [9994 ] [ERROR] [consumeBuffer:363]	====> the first buffer seq: 1 
[14:39:23.073] [9995 ] [ERROR] [consumeBuffer:363]	====> the first buffer seq: 1 
[14:39:23.106] [9996 ] [ERROR] [consumeBuffer:363]	====> the first buffer seq: 1 
[14:39:23.234] [9993 ] [ERROR] [consumeBuffer:363]	====> the first buffer seq: 1 
[14:39:27.694] [9994 ] [ERROR] [consumeBuffer:363]	====> the first buffer seq: 1 
[14:39:29.619] [9995 ] [ERROR] [consumeBuffer:363]	====> the first buffer seq: 1 
[14:39:29.734] [9996 ] [ERROR] [consumeBuffer:363]	====> the first buffer seq: 1 
[14:39:29.897] [9993 ] [ERROR] [consumeBuffer:363]	====> the first buffer seq: 1 
[14:39:34.113] [9994 ] [ERROR] [consumeBuffer:363]	====> the first buffer seq: 1 
[14:39:35.958] [9995 ] [ERROR] [consumeBuffer:363]	====> the first buffer seq: 1 
[14:39:36.014] [9996 ] [ERROR] [consumeBuffer:363]	====> the first buffer seq: 1 
[14:39:36.376] [9993 ] [ERROR] [consumeBuffer:363]	====> the first buffer seq: 1 
[14:39:40.224] [9994 ] [ERROR] [consumeBuffer:363]	====> the first buffer seq: 1 
[14:39:42.096] [9995 ] [ERROR] [consumeBuffer:363]	====> the first buffer seq: 1 
[14:39:42.338] [9996 ] [ERROR] [consumeBuffer:363]	====> the first buffer seq: 1 
[14:39:42.739] [9993 ] [ERROR] [consumeBuffer:363]	====> the first buffer seq: 1 
[14:39:46.737] [9994 ] [ERROR] [consumeBuffer:363]	====> the first buffer seq: 1 
[14:39:48.603] [9995 ] [ERROR] [consumeBuffer:363]	====> the first buffer seq: 1 
[14:39:49.247] [9996 ] [ERROR] [consumeBuffer:363]	====> the first buffer seq: 1 
[14:39:49.337] [9993 ] [ERROR] [consumeBuffer:363]	====> the first buffer seq: 1 
[14:39:53.135] [9994 ] [ERROR] [consumeBuffer:363]	====> the first buffer seq: 1 
[14:39:54.924] [9995 ] [ERROR] [consumeBuffer:363]	====> the first buffer seq: 1 
[14:39:55.537] [9996 ] [ERROR] [consumeBuffer:363]	====> the first buffer seq: 1 
[14:39:55.705] [9993 ] [ERROR] [consumeBuffer:363]	====> the first buffer seq: 1 
[14:39:59.549] [9994 ] [ERROR] [consumeBuffer:363]	====> the first buffer seq: 1 
[14:40:01.599] [9995 ] [ERROR] [consumeBuffer:363]	====> the first buffer seq: 1 
[14:40:02.374] [9996 ] [ERROR] [consumeBuffer:363]	====> the first buffer seq: 1 
[14:40:02.451] [9993 ] [ERROR] [consumeBuffer:363]	====> the first buffer seq: 1 
[14:40:05.905] [9994 ] [ERROR] [consumeBuffer:363]	====> the first buffer seq: 1 
[14:40:07.938] [9995 ] [ERROR] [consumeBuffer:363]	====> the first buffer seq: 1 
[14:40:08.935] [9993 ] [ERROR] [consumeBuffer:363]	====> the first buffer seq: 1 
[14:40:08.949] [9996 ] [ERROR] [consumeBuffer:363]	====> the first buffer seq: 1 
[14:40:12.230] [9994 ] [ERROR] [consumeBuffer:363]	====> the first buffer seq: 1 
[14:40:14.320] [9995 ] [ERROR] [consumeBuffer:363]	====> the first buffer seq: 1 
[14:40:15.260] [9996 ] [ERROR] [consumeBuffer:363]	====> the first buffer seq: 1 
[14:40:15.268] [9993 ] [ERROR] [consumeBuffer:363]	====> the first buffer seq: 1 
[14:40:18.367] [9994 ] [ERROR] [consumeBuffer:363]	====> the first buffer seq: 1 
[14:40:20.405] [9995 ] [ERROR] [consumeBuffer:363]	====> the first buffer seq: 1 
[14:40:21.311] [9993 ] [ERROR] [consumeBuffer:363]	====> the first buffer seq: 1 
[14:40:21.429] [9996 ] [ERROR] [consumeBuffer:363]	====> the first buffer seq: 1 
[14:40:24.576] [9994 ] [ERROR] [consumeBuffer:363]	====> the first buffer seq: 1 
[14:40:26.983] [9995 ] [ERROR] [consumeBuffer:363]	====> the first buffer seq: 1 
[14:40:27.840] [9993 ] [ERROR] [consumeBuffer:363]	====> the first buffer seq: 1 
[14:40:27.975] [9996 ] [ERROR] [consumeBuffer:363]	====> the first buffer seq: 1 
[14:40:30.735] [9994 ] [ERROR] [consumeBuffer:363]	====> the first buffer seq: 1 
[14:40:33.794] [9995 ] [ERROR] [consumeBuffer:363]	====> the first buffer seq: 1 
[14:52:34.652] [9993 ] [ERROR] [consumeBuffer:363]	====> the first buffer seq: 1 
[14:52:34.659] [9996 ] [ERROR] [consumeBuffer:363]	====> the first buffer seq: 1 
[14:52:34.665] [9994 ] [ERROR] [consumeBuffer:363]	====> the first buffer seq: 1 
[14:52:34.675] [9995 ] [ERROR] [consumeBuffer:363]	====> the first buffer seq: 1 
[14:52:40.336] [9993 ] [ERROR] [consumeBuffer:363]	====> the first buffer seq: 1 
[14:52:41.294] [9994 ] [ERROR] [consumeBuffer:363]	====> the first buffer seq: 1 
[14:52:41.383] [9995 ] [ERROR] [consumeBuffer:363]	====> the first buffer seq: 1 
[14:52:41.408] [9996 ] [ERROR] [consumeBuffer:363]	====> the first buffer seq: 1 
[14:52:46.781] [9993 ] [ERROR] [consumeBuffer:363]	====> the first buffer seq: 1 
[14:52:47.813] [9994 ] [ERROR] [consumeBuffer:363]	====> the first buffer seq: 1 
[14:52:47.829] [9995 ] [ERROR] [consumeBuffer:363]	====> the first buffer seq: 1 
[14:52:47.976] [9996 ] [ERROR] [consumeBuffer:363]	====> the first buffer seq: 1 
[14:52:53.025] [9993 ] [ERROR] [consumeBuffer:363]	====> the first buffer seq: 1 
[14:52:54.312] [9995 ] [ERROR] [consumeBuffer:363]	====> the first buffer seq: 1 
[14:52:54.337] [9994 ] [ERROR] [consumeBuffer:363]	====> the first buffer seq: 1 
[14:52:54.405] [9996 ] [ERROR] [consumeBuffer:363]	====> the first buffer seq: 1 
[14:52:59.635] [9993 ] [ERROR] [consumeBuffer:363]	====> the first buffer seq: 1 
[14:53:00.948] [9996 ] [ERROR] [consumeBuffer:363]	====> the first buffer seq: 1 
[14:53:00.998] [9995 ] [ERROR] [consumeBuffer:363]	====> the first buffer seq: 1 
[14:53:01.065] [9994 ] [ERROR] [consumeBuffer:363]	====> the first buffer seq: 1 
[14:53:06.091] [9993 ] [ERROR] [consumeBuffer:363]	====> the first buffer seq: 1 
[14:53:07.538] [9995 ] [ERROR] [consumeBuffer:363]	====> the first buffer seq: 1 
[14:53:07.598] [9994 ] [ERROR] [consumeBuffer:363]	====> the first buffer seq: 1 
[14:53:07.629] [9996 ] [ERROR] [consumeBuffer:363]	====> the first buffer seq: 1 
[14:53:12.461] [9993 ] [ERROR] [consumeBuffer:363]	====> the first buffer seq: 1 
[14:53:14.215] [9995 ] [ERROR] [consumeBuffer:363]	====> the first buffer seq: 1 
[14:53:14.335] [9994 ] [ERROR] [consumeBuffer:363]	====> the first buffer seq: 1 
[14:53:14.386] [9996 ] [ERROR] [consumeBuffer:363]	====> the first buffer seq: 1 
[14:53:19.012] [9993 ] [ERROR] [consumeBuffer:363]	====> the first buffer seq: 1 
[14:53:20.754] [9995 ] [ERROR] [consumeBuffer:363]	====> the first buffer seq: 1 
[14:53:20.930] [9996 ] [ERROR] [consumeBuffer:363]	====> the first buffer seq: 1 
[14:53:20.975] [9994 ] [ERROR] [consumeBuffer:363]	====> the first buffer seq: 1 
[14:53:25.514] [9993 ] [ERROR] [consumeBuffer:363]	====> the first buffer seq: 1 
[14:53:27.102] [9995 ] [ERROR] [consumeBuffer:363]	====> the first buffer seq: 1 
[14:53:27.554] [9996 ] [ERROR] [consumeBuffer:363]	====> the first buffer seq: 1 
[14:53:27.640] [9994 ] [ERROR] [consumeBuffer:363]	====> the first buffer seq: 1 
[14:53:32.103] [9993 ] [ERROR] [consumeBuffer:363]	====> the first buffer seq: 1 
[14:53:33.581] [9995 ] [ERROR] [consumeBuffer:363]	====> the first buffer seq: 1 
[14:53:33.967] [9996 ] [ERROR] [consumeBuffer:363]	====> the first buffer seq: 1 
[14:53:34.049] [9994 ] [ERROR] [consumeBuffer:363]	====> the first buffer seq: 1 
[14:53:38.531] [9993 ] [ERROR] [consumeBuffer:363]	====> the first buffer seq: 1 
[14:53:39.984] [9995 ] [ERROR] [consumeBuffer:363]	====> the first buffer seq: 1 
[14:53:40.319] [9996 ] [ERROR] [consumeBuffer:363]	====> the first buffer seq: 1 
[14:53:40.466] [9994 ] [ERROR] [consumeBuffer:363]	====> the first buffer seq: 1 
[14:53:44.552] [9993 ] [ERROR] [consumeBuffer:363]	====> the first buffer seq: 1 
[14:53:46.332] [9995 ] [ERROR] [consumeBuffer:363]	====> the first buffer seq: 1 
[14:53:46.847] [9996 ] [ERROR] [consumeBuffer:363]	====> the first buffer seq: 1 
[14:53:46.972] [9994 ] [ERROR] [consumeBuffer:363]	====> the first buffer seq: 1 
[14:53:50.817] [9993 ] [ERROR] [consumeBuffer:363]	====> the first buffer seq: 1 
[14:53:52.895] [9995 ] [ERROR] [consumeBuffer:363]	====> the first buffer seq: 1 
[14:58:27.534] [9996 ] [ERROR] [consumeBuffer:363]	====> the first buffer seq: 1 
[14:58:27.541] [9994 ] [ERROR] [consumeBuffer:363]	====> the first buffer seq: 1 
[14:58:27.545] [9993 ] [ERROR] [consumeBuffer:363]	====> the first buffer seq: 1 
[14:58:27.552] [9995 ] [ERROR] [consumeBuffer:363]	====> the first buffer seq: 1 
[14:58:32.741] [9994 ] [ERROR] [consumeBuffer:363]	====> the first buffer seq: 1 
[14:58:33.776] [9995 ] [ERROR] [consumeBuffer:363]	====> the first buffer seq: 1 
[14:58:33.807] [9993 ] [ERROR] [consumeBuffer:363]	====> the first buffer seq: 1 
[14:58:33.893] [9996 ] [ERROR] [consumeBuffer:363]	====> the first buffer seq: 1 
[14:58:39.056] [9994 ] [ERROR] [consumeBuffer:363]	====> the first buffer seq: 1 
[14:58:40.219] [9995 ] [ERROR] [consumeBuffer:363]	====> the first buffer seq: 1 
[14:58:40.224] [9996 ] [ERROR] [consumeBuffer:363]	====> the first buffer seq: 1 
[14:58:40.270] [9993 ] [ERROR] [consumeBuffer:363]	====> the first buffer seq: 1 
[14:58:45.108] [9994 ] [ERROR] [consumeBuffer:363]	====> the first buffer seq: 1 
[14:58:46.394] [9996 ] [ERROR] [consumeBuffer:363]	====> the first buffer seq: 1 
[14:58:46.481] [9995 ] [ERROR] [consumeBuffer:363]	====> the first buffer seq: 1 
[14:58:46.578] [9993 ] [ERROR] [consumeBuffer:363]	====> the first buffer seq: 1 
[14:58:50.753] [9994 ] [ERROR] [consumeBuffer:363]	====> the first buffer seq: 1 
[14:58:51.864] [9996 ] [ERROR] [consumeBuffer:363]	====> the first buffer seq: 1 
[14:58:51.938] [9993 ] [ERROR] [consumeBuffer:363]	====> the first buffer seq: 1 
[14:58:51.981] [9995 ] [ERROR] [consumeBuffer:363]	====> the first buffer seq: 1 
[14:58:54.764] [9994 ] [ERROR] [consumeBuffer:363]	====> the first buffer seq: 1 
[14:58:56.309] [9996 ] [ERROR] [consumeBuffer:363]	====> the first buffer seq: 1 
[14:58:56.368] [9993 ] [ERROR] [consumeBuffer:363]	====> the first buffer seq: 1 
[14:58:56.507] [9995 ] [ERROR] [consumeBuffer:363]	====> the first buffer seq: 1 
[14:58:59.110] [9994 ] [ERROR] [consumeBuffer:363]	====> the first buffer seq: 1 
[14:59:01.038] [9993 ] [ERROR] [consumeBuffer:363]	====> the first buffer seq: 1 
[14:59:01.195] [9996 ] [ERROR] [consumeBuffer:363]	====> the first buffer seq: 1 
[14:59:01.368] [9995 ] [ERROR] [consumeBuffer:363]	====> the first buffer seq: 1 
[14:59:03.942] [9994 ] [ERROR] [consumeBuffer:363]	====> the first buffer seq: 1 
[14:59:06.335] [9993 ] [ERROR] [consumeBuffer:363]	====> the first buffer seq: 1 
[14:59:06.383] [9995 ] [ERROR] [consumeBuffer:363]	====> the first buffer seq: 1 
[14:59:06.466] [9996 ] [ERROR] [consumeBuffer:363]	====> the first buffer seq: 1 
[14:59:08.472] [9994 ] [ERROR] [consumeBuffer:363]	====> the first buffer seq: 1 
[14:59:11.339] [9995 ] [ERROR] [consumeBuffer:363]	====> the first buffer seq: 1 
[14:59:11.387] [9996 ] [ERROR] [consumeBuffer:363]	====> the first buffer seq: 1 
[14:59:11.589] [9993 ] [ERROR] [consumeBuffer:363]	====> the first buffer seq: 1 
[14:59:13.046] [9994 ] [ERROR] [consumeBuffer:363]	====> the first buffer seq: 1 
[14:59:16.515] [9995 ] [ERROR] [consumeBuffer:363]	====> the first buffer seq: 1 
[14:59:16.620] [9996 ] [ERROR] [consumeBuffer:363]	====> the first buffer seq: 1 
[14:59:16.668] [9993 ] [ERROR] [consumeBuffer:363]	====> the first buffer seq: 1 
[14:59:17.408] [9994 ] [ERROR] [consumeBuffer:363]	====> the first buffer seq: 1 
[14:59:21.115] [9995 ] [ERROR] [consumeBuffer:363]	====> the first buffer seq: 1 
[14:59:21.279] [9993 ] [ERROR] [consumeBuffer:363]	====> the first buffer seq: 1 
[14:59:21.387] [9996 ] [ERROR] [consumeBuffer:363]	====> the first buffer seq: 1 
[14:59:21.831] [9994 ] [ERROR] [consumeBuffer:363]	====> the first buffer seq: 1 
[14:59:25.886] [9995 ] [ERROR] [consumeBuffer:363]	====> the first buffer seq: 1 
[14:59:26.075] [9996 ] [ERROR] [consumeBuffer:363]	====> the first buffer seq: 1 
[14:59:26.101] [9993 ] [ERROR] [consumeBuffer:363]	====> the first buffer seq: 1 
[14:59:26.581] [9994 ] [ERROR] [consumeBuffer:363]	====> the first buffer seq: 1 
[14:59:30.581] [9995 ] [ERROR] [consumeBuffer:363]	====> the first buffer seq: 1 
[15:02:15.535] [20871] [WARN ] [disconnected:60]	session is disconnected ! 
[15:03:08.392] [5533 ] [WARN ] [~MpcMemPool:48]	the mempool is freed! 
