[15:13:12.696] [6082 ] [INFO ] [JNI_OnLoad:24]	jvm onload success ! 
[15:13:12.697] [6082 ] [INFO ] [init:111]	JniNativeCallback init ok. 
[15:13:12.697] [6082 ] [INFO ] [init:136]	to init engine, user: test001, mode: 0, proxyEndpoint: ProxyGlacier2/router:tcp -h 202.114.114.46 -p 4502 -t 11000 
[15:13:12.697] [6082 ] [WARN ] [init:158]	Cannot find the --Mpc.Data=xxxxx config item ! 
[15:13:12.697] [6082 ] [WARN ] [init:178]	Cannot find the --Mpc.Circuits=xxxxx config item ! not preload circuits !! 
[15:13:12.697] [6082 ] [INFO ] [init:188]	preload circuits ok ! 
[15:13:12.697] [6082 ] [INFO ] [init:212]	Not start node server ! use proxy forward ! 
[15:13:12.697] [6082 ] [INFO ] [MpcTaskDispatcher:39]	construct task dispatcher, with 8 processor, load balence is: 16384 
[15:13:12.697] [6082 ] [INFO ] [init:63]	INIT the processor: 0, type: 0 ok 
[15:13:12.697] [6108 ] [INFO ] [operator():54]	task processor: 0 is running... 
[15:13:12.697] [6109 ] [INFO ] [operator():54]	task processor: 1 is running... 
[15:13:12.697] [6108 ] [INFO ] [popInvitorReadyTask:270]	to POP a ready task from ready invitor queue to processor, now read_num: 0 ... 
[15:13:12.697] [6109 ] [INFO ] [popInvitorReadyTask:270]	to POP a ready task from ready invitor queue to processor, now read_num: 0 ... 
[15:13:12.697] [6082 ] [INFO ] [init:63]	INIT the processor: 1, type: 0 ok 
[15:13:12.698] [6082 ] [INFO ] [init:63]	INIT the processor: 2, type: 0 ok 
[15:13:12.698] [6110 ] [INFO ] [operator():54]	task processor: 2 is running... 
[15:13:12.698] [6082 ] [INFO ] [init:63]	INIT the processor: 3, type: 0 ok 
[15:13:12.698] [6082 ] [INFO ] [init:63]	INIT the processor: 4, type: 1 ok 
[15:13:12.698] [6110 ] [INFO ] [popInvitorReadyTask:270]	to POP a ready task from ready invitor queue to processor, now read_num: 0 ... 
[15:13:12.698] [6082 ] [INFO ] [init:63]	INIT the processor: 5, type: 1 ok 
[15:13:12.698] [6113 ] [INFO ] [operator():54]	task processor: 5 is running... 
[15:13:12.698] [6112 ] [INFO ] [operator():54]	task processor: 4 is running... 
[15:13:12.698] [6082 ] [INFO ] [init:63]	INIT the processor: 6, type: 1 ok 
[15:13:12.698] [6112 ] [INFO ] [popInviteeReadyTask:208]	to POP a ready task from ready invitee queue to processor, now read_num: 0 ... 
[15:13:12.698] [6082 ] [INFO ] [init:63]	INIT the processor: 7, type: 1 ok 
[15:13:12.698] [6114 ] [INFO ] [operator():54]	task processor: 6 is running... 
[15:13:12.698] [6082 ] [INFO ] [init:234]	INIT task dispatcher done ! 
[15:13:12.698] [6115 ] [INFO ] [operator():54]	task processor: 7 is running... 
[15:13:12.698] [6115 ] [INFO ] [popInviteeReadyTask:208]	to POP a ready task from ready invitee queue to processor, now read_num: 0 ... 
[15:13:12.700] [6082 ] [INFO ] [init:64]	connect to busi proxy server endpoint: ProxyGlacier2/router:tcp -h 202.114.114.46 -p 4502 -t 11000 
[15:13:12.706] [6111 ] [INFO ] [operator():54]	task processor: 3 is running... 
[15:13:12.706] [6111 ] [INFO ] [popInvitorReadyTask:270]	to POP a ready task from ready invitor queue to processor, now read_num: 0 ... 
[15:13:12.698] [6113 ] [INFO ] [popInviteeReadyTask:208]	to POP a ready task from ready invitee queue to processor, now read_num: 0 ... 
[15:13:12.698] [6114 ] [INFO ] [popInviteeReadyTask:208]	to POP a ready task from ready invitee queue to processor, now read_num: 0 ... 
[15:13:12.744] [6120 ] [INFO ] [connected:34]	to get session... 
[15:13:12.744] [6120 ] [INFO ] [connected:38]	to get create busi node callback... 
[15:13:12.744] [6120 ] [INFO ] [connected:46]	to set node callback, public endpoint: ProxyGlacier2/router:tcp -h 202.114.114.46 -p 4502 -t 11000, user: test001 ... 
[15:13:12.749] [6120 ] [WARN ] [connected:55]	the busi session create success. 
[15:13:13.212] [6082 ] [INFO ] [init:69]	waiting for node busi client inited ... timeout 1s.. 
[15:13:13.212] [6082 ] [INFO ] [init:74]	the busi node communicator is prepared !!!! 
[15:13:13.212] [6082 ] [INFO ] [init:86]	INIT busi node client success. user: test001, proxyEndpoint: ProxyGlacier2/router:tcp -h 202.114.114.46 -p 4502 -t 11000 
[15:13:13.212] [6082 ] [INFO ] [init:244]	INIT busi node client done ! 
[15:13:13.212] [6082 ] [INFO ] [init:48]	input ready process init ok. 
[15:13:13.212] [6082 ] [INFO ] [init:253]	INIT input ready processor done ! 
[15:13:13.212] [6082 ] [INFO ] [init:48]	ready process init ok. max request queue size: 4 
[15:13:13.212] [6082 ] [INFO ] [init:263]	INIT ready processor done ! 
[15:13:13.212] [6082 ] [INFO ] [init:269]	Mpc engine init success. 
[15:13:13.215] [6082 ] [INFO ] [Java_com_juzix_jugo_node_jni_NativeInterface_setDataLogLevel:155]	init the log to level: 3, data log state: 0 
[15:13:21.859] [6118 ] [WARN ] [MpcMemPool:42]	the mempool construction, size: 134217728, mem: 0x7f20d3125010 
[15:13:22.193] [6112 ] [ERROR] [consumeBuffer:363]	====> the first buffer seq: 1 
[15:13:53.809] [6115 ] [ERROR] [consumeBuffer:363]	====> the first buffer seq: 1 
[09:10:49.609] [4817 ] [WARN ] [~MpcMemPool:48]	the mempool is freed! 
