[16:49:12.174] [6632 ] [INFO ] [JNI_OnLoad:24]	jvm onload success ! 
[16:49:12.175] [6632 ] [INFO ] [init:111]	JniNativeCallback init ok. 
[16:49:12.175] [6632 ] [INFO ] [init:136]	to init engine, user: test003, mode: 0, proxyEndpoint: ProxyGlacier2/router:tcp -h 202.114.114.46 -p 4502 -t 11000 
[16:49:12.175] [6632 ] [WARN ] [init:158]	Cannot find the --Mpc.Data=xxxxx config item ! 
[16:49:12.175] [6632 ] [INFO ] [parseCircuits:365]	** preload circuit:  /home/lmars/gc/crossk10_10.gc 
[16:49:12.175] [6632 ] [INFO ] [init:172]	the --Mpc.Circuits=/home/lmars/gc/crossk10_10.gc is set ! 
[16:49:13.469] [6632 ] [INFO ] [resolveCiruit:326]	** circuit resolve => circuit: /home/lmars/gc/crossk10_10.gc , gates: 2476000, andGate: 825500, wires: 2478560, cost time: 1.293621 seconds, speed: 1914007.500397 (gc / second) ** 
[16:49:13.469] [6632 ] [INFO ] [CircuitFile:108]	circuit: /home/lmars/gc/crossk10_10.gc,  hash: 1AB21D8355CFA17F8E61194831E81A8F22BEC8C728FEFB747ED035EB5082AA2B 
[16:49:13.469] [6632 ] [INFO ] [init:188]	preload circuits ok ! 
[16:49:13.469] [6632 ] [INFO ] [init:212]	Not start node server ! use proxy forward ! 
[16:49:13.470] [6632 ] [INFO ] [MpcTaskDispatcher:39]	construct task dispatcher, with 8 processor, load balence is: 16384 
[16:49:13.470] [6632 ] [INFO ] [init:63]	INIT the processor: 0, type: 0 ok 
[16:49:13.470] [6707 ] [INFO ] [operator():54]	task processor: 0 is running... 
[16:49:13.470] [6632 ] [INFO ] [init:63]	INIT the processor: 1, type: 0 ok 
[16:49:13.470] [6707 ] [INFO ] [popInvitorReadyTask:270]	to POP a ready task from ready invitor queue to processor, now read_num: 0 ... 
[16:49:13.470] [6632 ] [INFO ] [init:63]	INIT the processor: 2, type: 0 ok 
[16:49:13.470] [6632 ] [INFO ] [init:63]	INIT the processor: 3, type: 0 ok 
[16:49:13.470] [6708 ] [INFO ] [operator():54]	task processor: 1 is running... 
[08:49:13.470] [6709 ] [INFO ] [operator():54]	task processor: 2 is running... 
[16:49:13.470] [6632 ] [INFO ] [init:63]	INIT the processor: 4, type: 1 ok 
[16:49:13.470] [6711 ] [INFO ] [operator():54]	task processor: 3 is running... 
[16:49:13.470] [6708 ] [INFO ] [popInvitorReadyTask:270]	to POP a ready task from ready invitor queue to processor, now read_num: 0 ... 
[16:49:13.470] [6711 ] [INFO ] [popInvitorReadyTask:270]	to POP a ready task from ready invitor queue to processor, now read_num: 0 ... 
[16:49:13.470] [6709 ] [INFO ] [popInvitorReadyTask:270]	to POP a ready task from ready invitor queue to processor, now read_num: 0 ... 
[16:49:13.470] [6632 ] [INFO ] [init:63]	INIT the processor: 5, type: 1 ok 
[16:49:13.470] [6713 ] [INFO ] [operator():54]	task processor: 5 is running... 
[16:49:13.470] [6712 ] [INFO ] [operator():54]	task processor: 4 is running... 
[16:49:13.471] [6713 ] [INFO ] [popInviteeReadyTask:208]	to POP a ready task from ready invitee queue to processor, now read_num: 0 ... 
[16:49:13.471] [6632 ] [INFO ] [init:63]	INIT the processor: 6, type: 1 ok 
[16:49:13.471] [6714 ] [INFO ] [operator():54]	task processor: 6 is running... 
[16:49:13.471] [6714 ] [INFO ] [popInviteeReadyTask:208]	to POP a ready task from ready invitee queue to processor, now read_num: 0 ... 
[16:49:13.471] [6632 ] [INFO ] [init:63]	INIT the processor: 7, type: 1 ok 
[16:49:13.471] [6712 ] [INFO ] [popInviteeReadyTask:208]	to POP a ready task from ready invitee queue to processor, now read_num: 0 ... 
[16:49:13.471] [6715 ] [INFO ] [operator():54]	task processor: 7 is running... 
[16:49:13.471] [6715 ] [INFO ] [popInviteeReadyTask:208]	to POP a ready task from ready invitee queue to processor, now read_num: 0 ... 
[16:49:13.471] [6632 ] [INFO ] [init:234]	INIT task dispatcher done ! 
[16:49:13.473] [6632 ] [INFO ] [init:64]	connect to busi proxy server endpoint: ProxyGlacier2/router:tcp -h 202.114.114.46 -p 4502 -t 11000 
[16:49:13.497] [6723 ] [INFO ] [connected:34]	to get session... 
[16:49:13.497] [6723 ] [INFO ] [connected:38]	to get create busi node callback... 
[16:49:13.497] [6723 ] [INFO ] [connected:46]	to set node callback, public endpoint: ProxyGlacier2/router:tcp -h 202.114.114.46 -p 4502 -t 11000, user: test003 ... 
[16:49:13.501] [6723 ] [WARN ] [connected:55]	the busi session create success. 
[16:49:13.986] [6632 ] [INFO ] [init:69]	waiting for node busi client inited ... timeout 1s.. 
[16:49:13.987] [6632 ] [INFO ] [init:74]	the busi node communicator is prepared !!!! 
[16:49:13.987] [6632 ] [INFO ] [init:86]	INIT busi node client success. user: test003, proxyEndpoint: ProxyGlacier2/router:tcp -h 202.114.114.46 -p 4502 -t 11000 
[16:49:13.987] [6632 ] [INFO ] [init:244]	INIT busi node client done ! 
[16:49:13.987] [6632 ] [INFO ] [init:48]	input ready process init ok. 
[16:49:13.987] [6632 ] [INFO ] [init:253]	INIT input ready processor done ! 
[16:49:13.987] [6632 ] [INFO ] [init:48]	ready process init ok. max request queue size: 4 
[16:49:13.987] [6632 ] [INFO ] [init:263]	INIT ready processor done ! 
[16:49:13.987] [6632 ] [INFO ] [init:269]	Mpc engine init success. 
[16:49:13.987] [6766 ] [INFO ] [popCommitTask:127]	to POP a commit task, task size: 0  ... 
[16:49:13.988] [6632 ] [INFO ] [Java_com_juzix_jugo_node_jni_NativeInterface_setDataLogLevel:155]	init the log to level: 3, data log state: 0 
[16:49:18.956] [6721 ] [WARN ] [MpcMemPool:42]	the mempool construction, size: 134217728, mem: 0x7fd99f293010 
[16:49:18.999] [6713 ] [ERROR] [consumeBuffer:363]	====> the first buffer seq: 1 
[16:49:19.090] [6714 ] [ERROR] [consumeBuffer:363]	====> the first buffer seq: 1 
[16:49:19.107] [6712 ] [ERROR] [consumeBuffer:363]	====> the first buffer seq: 1 
[16:49:19.144] [6715 ] [ERROR] [consumeBuffer:363]	====> the first buffer seq: 1 
[16:49:29.374] [6713 ] [ERROR] [consumeBuffer:363]	====> the first buffer seq: 1 
[16:49:29.458] [6715 ] [ERROR] [consumeBuffer:363]	====> the first buffer seq: 1 
[16:49:29.458] [6714 ] [ERROR] [consumeBuffer:363]	====> the first buffer seq: 1 
[16:49:29.614] [6712 ] [ERROR] [consumeBuffer:363]	====> the first buffer seq: 1 
[16:49:38.265] [6715 ] [ERROR] [consumeBuffer:363]	====> the first buffer seq: 1 
[16:49:38.406] [6713 ] [ERROR] [consumeBuffer:363]	====> the first buffer seq: 1 
[16:49:38.521] [6714 ] [ERROR] [consumeBuffer:363]	====> the first buffer seq: 1 
[16:49:38.541] [6712 ] [ERROR] [consumeBuffer:363]	====> the first buffer seq: 1 
[16:49:46.863] [6715 ] [ERROR] [consumeBuffer:363]	====> the first buffer seq: 1 
[16:49:47.059] [6713 ] [ERROR] [consumeBuffer:363]	====> the first buffer seq: 1 
[16:49:47.314] [6714 ] [ERROR] [consumeBuffer:363]	====> the first buffer seq: 1 
[16:49:47.413] [6712 ] [ERROR] [consumeBuffer:363]	====> the first buffer seq: 1 
[16:49:55.860] [6715 ] [ERROR] [consumeBuffer:363]	====> the first buffer seq: 1 
[16:49:56.120] [6713 ] [ERROR] [consumeBuffer:363]	====> the first buffer seq: 1 
[16:49:56.167] [6714 ] [ERROR] [consumeBuffer:363]	====> the first buffer seq: 1 
[16:49:56.451] [6712 ] [ERROR] [consumeBuffer:363]	====> the first buffer seq: 1 
[16:50:04.903] [6715 ] [ERROR] [consumeBuffer:363]	====> the first buffer seq: 1 
[16:50:04.990] [6713 ] [ERROR] [consumeBuffer:363]	====> the first buffer seq: 1 
[16:50:05.298] [6714 ] [ERROR] [consumeBuffer:363]	====> the first buffer seq: 1 
[16:50:05.426] [6712 ] [ERROR] [consumeBuffer:363]	====> the first buffer seq: 1 
[16:50:13.770] [6713 ] [ERROR] [consumeBuffer:363]	====> the first buffer seq: 1 
[16:50:13.933] [6715 ] [ERROR] [consumeBuffer:363]	====> the first buffer seq: 1 
[16:50:14.154] [6714 ] [ERROR] [consumeBuffer:363]	====> the first buffer seq: 1 
[16:50:14.354] [6712 ] [ERROR] [consumeBuffer:363]	====> the first buffer seq: 1 
[16:50:22.673] [6715 ] [ERROR] [consumeBuffer:363]	====> the first buffer seq: 1 
[16:50:22.855] [6713 ] [ERROR] [consumeBuffer:363]	====> the first buffer seq: 1 
[16:50:23.106] [6714 ] [ERROR] [consumeBuffer:363]	====> the first buffer seq: 1 
[16:50:23.253] [6712 ] [ERROR] [consumeBuffer:363]	====> the first buffer seq: 1 
[16:50:31.026] [6715 ] [ERROR] [consumeBuffer:363]	====> the first buffer seq: 1 
[16:50:31.484] [6713 ] [ERROR] [consumeBuffer:363]	====> the first buffer seq: 1 
[16:50:31.719] [6714 ] [ERROR] [consumeBuffer:363]	====> the first buffer seq: 1 
[16:50:31.911] [6712 ] [ERROR] [consumeBuffer:363]	====> the first buffer seq: 1 
[16:50:39.750] [6715 ] [ERROR] [consumeBuffer:363]	====> the first buffer seq: 1 
[16:50:40.197] [6713 ] [ERROR] [consumeBuffer:363]	====> the first buffer seq: 1 
[16:50:40.423] [6714 ] [ERROR] [consumeBuffer:363]	====> the first buffer seq: 1 
[16:50:40.672] [6712 ] [ERROR] [consumeBuffer:363]	====> the first buffer seq: 1 
[16:50:48.571] [6715 ] [ERROR] [consumeBuffer:363]	====> the first buffer seq: 1 
[16:50:49.109] [6713 ] [ERROR] [consumeBuffer:363]	====> the first buffer seq: 1 
[16:50:49.588] [6714 ] [ERROR] [consumeBuffer:363]	====> the first buffer seq: 1 
[16:50:49.767] [6712 ] [ERROR] [consumeBuffer:363]	====> the first buffer seq: 1 
[16:50:57.792] [6715 ] [ERROR] [consumeBuffer:363]	====> the first buffer seq: 1 
[16:50:58.271] [6713 ] [ERROR] [consumeBuffer:363]	====> the first buffer seq: 1 
[16:50:58.958] [6714 ] [ERROR] [consumeBuffer:363]	====> the first buffer seq: 1 
[16:50:59.122] [6712 ] [ERROR] [consumeBuffer:363]	====> the first buffer seq: 1 
[16:51:07.102] [6715 ] [ERROR] [consumeBuffer:363]	====> the first buffer seq: 1 
[16:51:07.323] [6713 ] [ERROR] [consumeBuffer:363]	====> the first buffer seq: 1 
[16:51:24.542] [6714 ] [ERROR] [consumeBuffer:363]	====> the first buffer seq: 1 
[16:51:24.558] [6712 ] [ERROR] [consumeBuffer:363]	====> the first buffer seq: 1 
[16:51:24.562] [6715 ] [ERROR] [consumeBuffer:363]	====> the first buffer seq: 1 
[16:51:24.565] [6713 ] [ERROR] [consumeBuffer:363]	====> the first buffer seq: 1 
[16:51:33.510] [6713 ] [ERROR] [consumeBuffer:363]	====> the first buffer seq: 1 
[16:51:33.613] [6715 ] [ERROR] [consumeBuffer:363]	====> the first buffer seq: 1 
[16:51:33.651] [6712 ] [ERROR] [consumeBuffer:363]	====> the first buffer seq: 1 
[16:51:33.688] [6714 ] [ERROR] [consumeBuffer:363]	====> the first buffer seq: 1 
[16:51:42.041] [6713 ] [ERROR] [consumeBuffer:363]	====> the first buffer seq: 1 
[16:51:42.568] [6715 ] [ERROR] [consumeBuffer:363]	====> the first buffer seq: 1 
[16:51:42.573] [6712 ] [ERROR] [consumeBuffer:363]	====> the first buffer seq: 1 
[16:51:42.608] [6714 ] [ERROR] [consumeBuffer:363]	====> the first buffer seq: 1 
[16:51:50.274] [6713 ] [ERROR] [consumeBuffer:363]	====> the first buffer seq: 1 
[16:51:51.178] [6715 ] [ERROR] [consumeBuffer:363]	====> the first buffer seq: 1 
[16:51:51.301] [6714 ] [ERROR] [consumeBuffer:363]	====> the first buffer seq: 1 
[16:51:51.330] [6712 ] [ERROR] [consumeBuffer:363]	====> the first buffer seq: 1 
[16:51:58.443] [6713 ] [ERROR] [consumeBuffer:363]	====> the first buffer seq: 1 
[16:51:59.745] [6714 ] [ERROR] [consumeBuffer:363]	====> the first buffer seq: 1 
[16:51:59.756] [6715 ] [ERROR] [consumeBuffer:363]	====> the first buffer seq: 1 
[16:51:59.765] [6712 ] [ERROR] [consumeBuffer:363]	====> the first buffer seq: 1 
[16:52:07.003] [6713 ] [ERROR] [consumeBuffer:363]	====> the first buffer seq: 1 
[16:52:08.384] [6712 ] [ERROR] [consumeBuffer:363]	====> the first buffer seq: 1 
[16:52:08.492] [6714 ] [ERROR] [consumeBuffer:363]	====> the first buffer seq: 1 
[16:52:08.507] [6715 ] [ERROR] [consumeBuffer:363]	====> the first buffer seq: 1 
[16:52:15.444] [6713 ] [ERROR] [consumeBuffer:363]	====> the first buffer seq: 1 
[16:52:16.515] [6712 ] [ERROR] [consumeBuffer:363]	====> the first buffer seq: 1 
[16:52:16.739] [6715 ] [ERROR] [consumeBuffer:363]	====> the first buffer seq: 1 
[16:52:17.032] [6714 ] [ERROR] [consumeBuffer:363]	====> the first buffer seq: 1 
[16:52:23.886] [6713 ] [ERROR] [consumeBuffer:363]	====> the first buffer seq: 1 
[16:52:25.176] [6715 ] [ERROR] [consumeBuffer:363]	====> the first buffer seq: 1 
[16:52:25.201] [6712 ] [ERROR] [consumeBuffer:363]	====> the first buffer seq: 1 
[16:52:25.594] [6714 ] [ERROR] [consumeBuffer:363]	====> the first buffer seq: 1 
[16:52:32.103] [6713 ] [ERROR] [consumeBuffer:363]	====> the first buffer seq: 1 
[16:52:33.958] [6715 ] [ERROR] [consumeBuffer:363]	====> the first buffer seq: 1 
[16:52:34.117] [6712 ] [ERROR] [consumeBuffer:363]	====> the first buffer seq: 1 
[16:52:34.332] [6714 ] [ERROR] [consumeBuffer:363]	====> the first buffer seq: 1 
[16:52:40.674] [6713 ] [ERROR] [consumeBuffer:363]	====> the first buffer seq: 1 
[16:52:42.597] [6715 ] [ERROR] [consumeBuffer:363]	====> the first buffer seq: 1 
[16:52:42.726] [6712 ] [ERROR] [consumeBuffer:363]	====> the first buffer seq: 1 
[16:52:42.906] [6714 ] [ERROR] [consumeBuffer:363]	====> the first buffer seq: 1 
[16:52:49.217] [6713 ] [ERROR] [consumeBuffer:363]	====> the first buffer seq: 1 
[16:52:51.169] [6712 ] [ERROR] [consumeBuffer:363]	====> the first buffer seq: 1 
[16:52:51.229] [6715 ] [ERROR] [consumeBuffer:363]	====> the first buffer seq: 1 
[16:52:51.513] [6714 ] [ERROR] [consumeBuffer:363]	====> the first buffer seq: 1 
[16:52:57.406] [6713 ] [ERROR] [consumeBuffer:363]	====> the first buffer seq: 1 
[16:52:59.302] [6715 ] [ERROR] [consumeBuffer:363]	====> the first buffer seq: 1 
[16:52:59.346] [6712 ] [ERROR] [consumeBuffer:363]	====> the first buffer seq: 1 
[16:52:59.552] [6714 ] [ERROR] [consumeBuffer:363]	====> the first buffer seq: 1 
[16:53:03.821] [6713 ] [ERROR] [consumeBuffer:363]	====> the first buffer seq: 1 
[16:53:05.420] [6715 ] [ERROR] [consumeBuffer:363]	====> the first buffer seq: 1 
[16:53:39.367] [6714 ] [ERROR] [consumeBuffer:363]	====> the first buffer seq: 1 
[16:53:39.368] [6712 ] [ERROR] [consumeBuffer:363]	====> the first buffer seq: 1 
[16:53:39.379] [6713 ] [ERROR] [consumeBuffer:363]	====> the first buffer seq: 1 
[16:53:39.383] [6715 ] [ERROR] [consumeBuffer:363]	====> the first buffer seq: 1 
[16:53:44.302] [6712 ] [ERROR] [consumeBuffer:363]	====> the first buffer seq: 1 
[16:53:44.623] [6715 ] [ERROR] [consumeBuffer:363]	====> the first buffer seq: 1 
[16:53:44.636] [6713 ] [ERROR] [consumeBuffer:363]	====> the first buffer seq: 1 
[16:53:44.693] [6714 ] [ERROR] [consumeBuffer:363]	====> the first buffer seq: 1 
[16:53:49.392] [6712 ] [ERROR] [consumeBuffer:363]	====> the first buffer seq: 1 
[16:53:49.810] [6713 ] [ERROR] [consumeBuffer:363]	====> the first buffer seq: 1 
[16:53:49.936] [6715 ] [ERROR] [consumeBuffer:363]	====> the first buffer seq: 1 
[16:53:50.055] [6714 ] [ERROR] [consumeBuffer:363]	====> the first buffer seq: 1 
[16:53:53.858] [6712 ] [ERROR] [consumeBuffer:363]	====> the first buffer seq: 1 
[16:53:54.278] [6713 ] [ERROR] [consumeBuffer:363]	====> the first buffer seq: 1 
[16:53:54.363] [6715 ] [ERROR] [consumeBuffer:363]	====> the first buffer seq: 1 
[16:53:54.580] [6714 ] [ERROR] [consumeBuffer:363]	====> the first buffer seq: 1 
[16:53:58.255] [6712 ] [ERROR] [consumeBuffer:363]	====> the first buffer seq: 1 
[16:53:58.776] [6713 ] [ERROR] [consumeBuffer:363]	====> the first buffer seq: 1 
[16:53:59.189] [6715 ] [ERROR] [consumeBuffer:363]	====> the first buffer seq: 1 
[16:53:59.252] [6714 ] [ERROR] [consumeBuffer:363]	====> the first buffer seq: 1 
[16:54:03.968] [6712 ] [ERROR] [consumeBuffer:363]	====> the first buffer seq: 1 
[16:54:04.071] [6713 ] [ERROR] [consumeBuffer:363]	====> the first buffer seq: 1 
[16:54:04.581] [6715 ] [ERROR] [consumeBuffer:363]	====> the first buffer seq: 1 
[16:54:04.598] [6714 ] [ERROR] [consumeBuffer:363]	====> the first buffer seq: 1 
[16:54:08.820] [6712 ] [ERROR] [consumeBuffer:363]	====> the first buffer seq: 1 
[16:54:09.041] [6713 ] [ERROR] [consumeBuffer:363]	====> the first buffer seq: 1 
[16:54:09.335] [6715 ] [ERROR] [consumeBuffer:363]	====> the first buffer seq: 1 
[16:54:09.415] [6714 ] [ERROR] [consumeBuffer:363]	====> the first buffer seq: 1 
[16:54:13.218] [6712 ] [ERROR] [consumeBuffer:363]	====> the first buffer seq: 1 
[16:54:13.598] [6713 ] [ERROR] [consumeBuffer:363]	====> the first buffer seq: 1 
[16:54:13.805] [6715 ] [ERROR] [consumeBuffer:363]	====> the first buffer seq: 1 
[16:54:14.057] [6714 ] [ERROR] [consumeBuffer:363]	====> the first buffer seq: 1 
[16:54:17.558] [6712 ] [ERROR] [consumeBuffer:363]	====> the first buffer seq: 1 
[16:54:18.168] [6713 ] [ERROR] [consumeBuffer:363]	====> the first buffer seq: 1 
[16:54:18.400] [6715 ] [ERROR] [consumeBuffer:363]	====> the first buffer seq: 1 
[16:54:18.453] [6714 ] [ERROR] [consumeBuffer:363]	====> the first buffer seq: 1 
[16:54:21.890] [6712 ] [ERROR] [consumeBuffer:363]	====> the first buffer seq: 1 
[16:54:22.800] [6713 ] [ERROR] [consumeBuffer:363]	====> the first buffer seq: 1 
[16:54:23.079] [6715 ] [ERROR] [consumeBuffer:363]	====> the first buffer seq: 1 
[16:54:23.181] [6714 ] [ERROR] [consumeBuffer:363]	====> the first buffer seq: 1 
[16:54:26.108] [6712 ] [ERROR] [consumeBuffer:363]	====> the first buffer seq: 1 
[16:54:27.275] [6713 ] [ERROR] [consumeBuffer:363]	====> the first buffer seq: 1 
[16:54:27.641] [6715 ] [ERROR] [consumeBuffer:363]	====> the first buffer seq: 1 
[16:54:27.721] [6714 ] [ERROR] [consumeBuffer:363]	====> the first buffer seq: 1 
[16:54:30.566] [6712 ] [ERROR] [consumeBuffer:363]	====> the first buffer seq: 1 
[16:54:31.941] [6713 ] [ERROR] [consumeBuffer:363]	====> the first buffer seq: 1 
[16:54:32.040] [6715 ] [ERROR] [consumeBuffer:363]	====> the first buffer seq: 1 
[16:54:32.401] [6714 ] [ERROR] [consumeBuffer:363]	====> the first buffer seq: 1 
[16:54:35.016] [6712 ] [ERROR] [consumeBuffer:363]	====> the first buffer seq: 1 
[16:54:36.467] [6713 ] [ERROR] [consumeBuffer:363]	====> the first buffer seq: 1 
[16:56:52.770] [6715 ] [ERROR] [consumeBuffer:363]	====> the first buffer seq: 1 
[16:56:52.776] [6714 ] [ERROR] [consumeBuffer:363]	====> the first buffer seq: 1 
[16:56:52.778] [6712 ] [ERROR] [consumeBuffer:363]	====> the first buffer seq: 1 
[16:56:52.788] [6713 ] [ERROR] [consumeBuffer:363]	====> the first buffer seq: 1 
[16:56:58.694] [6712 ] [ERROR] [consumeBuffer:363]	====> the first buffer seq: 1 
[16:56:58.865] [6713 ] [ERROR] [consumeBuffer:363]	====> the first buffer seq: 1 
[16:56:58.961] [6715 ] [ERROR] [consumeBuffer:363]	====> the first buffer seq: 1 
[16:56:59.027] [6714 ] [ERROR] [consumeBuffer:363]	====> the first buffer seq: 1 
[16:57:04.839] [6712 ] [ERROR] [consumeBuffer:363]	====> the first buffer seq: 1 
[16:57:05.035] [6713 ] [ERROR] [consumeBuffer:363]	====> the first buffer seq: 1 
[16:57:05.191] [6715 ] [ERROR] [consumeBuffer:363]	====> the first buffer seq: 1 
[16:57:05.390] [6714 ] [ERROR] [consumeBuffer:363]	====> the first buffer seq: 1 
[16:57:11.116] [6712 ] [ERROR] [consumeBuffer:363]	====> the first buffer seq: 1 
[16:57:11.367] [6713 ] [ERROR] [consumeBuffer:363]	====> the first buffer seq: 1 
[16:57:11.611] [6715 ] [ERROR] [consumeBuffer:363]	====> the first buffer seq: 1 
[16:57:11.939] [6714 ] [ERROR] [consumeBuffer:363]	====> the first buffer seq: 1 
[16:57:17.539] [6712 ] [ERROR] [consumeBuffer:363]	====> the first buffer seq: 1 
[16:57:17.659] [6713 ] [ERROR] [consumeBuffer:363]	====> the first buffer seq: 1 
[16:57:17.817] [6715 ] [ERROR] [consumeBuffer:363]	====> the first buffer seq: 1 
[16:57:18.204] [6714 ] [ERROR] [consumeBuffer:363]	====> the first buffer seq: 1 
[16:57:23.717] [6712 ] [ERROR] [consumeBuffer:363]	====> the first buffer seq: 1 
[16:57:23.823] [6713 ] [ERROR] [consumeBuffer:363]	====> the first buffer seq: 1 
[16:57:24.112] [6715 ] [ERROR] [consumeBuffer:363]	====> the first buffer seq: 1 
[16:57:24.517] [6714 ] [ERROR] [consumeBuffer:363]	====> the first buffer seq: 1 
[16:57:30.152] [6712 ] [ERROR] [consumeBuffer:363]	====> the first buffer seq: 1 
[16:57:30.182] [6713 ] [ERROR] [consumeBuffer:363]	====> the first buffer seq: 1 
[16:57:30.315] [6715 ] [ERROR] [consumeBuffer:363]	====> the first buffer seq: 1 
[16:57:30.654] [6714 ] [ERROR] [consumeBuffer:363]	====> the first buffer seq: 1 
[16:57:36.774] [6713 ] [ERROR] [consumeBuffer:363]	====> the first buffer seq: 1 
[16:57:36.800] [6712 ] [ERROR] [consumeBuffer:363]	====> the first buffer seq: 1 
[16:57:36.908] [6715 ] [ERROR] [consumeBuffer:363]	====> the first buffer seq: 1 
[16:57:37.188] [6714 ] [ERROR] [consumeBuffer:363]	====> the first buffer seq: 1 
[16:57:43.066] [6713 ] [ERROR] [consumeBuffer:363]	====> the first buffer seq: 1 
[16:57:43.149] [6712 ] [ERROR] [consumeBuffer:363]	====> the first buffer seq: 1 
[16:57:43.220] [6715 ] [ERROR] [consumeBuffer:363]	====> the first buffer seq: 1 
[16:57:43.507] [6714 ] [ERROR] [consumeBuffer:363]	====> the first buffer seq: 1 
[16:57:49.469] [6712 ] [ERROR] [consumeBuffer:363]	====> the first buffer seq: 1 
[16:57:49.595] [6713 ] [ERROR] [consumeBuffer:363]	====> the first buffer seq: 1 
[16:57:49.820] [6715 ] [ERROR] [consumeBuffer:363]	====> the first buffer seq: 1 
[16:57:49.926] [6714 ] [ERROR] [consumeBuffer:363]	====> the first buffer seq: 1 
[16:57:55.871] [6712 ] [ERROR] [consumeBuffer:363]	====> the first buffer seq: 1 
[16:57:55.941] [6713 ] [ERROR] [consumeBuffer:363]	====> the first buffer seq: 1 
[16:57:56.221] [6715 ] [ERROR] [consumeBuffer:363]	====> the first buffer seq: 1 
[16:57:56.382] [6714 ] [ERROR] [consumeBuffer:363]	====> the first buffer seq: 1 
[16:58:02.307] [6712 ] [ERROR] [consumeBuffer:363]	====> the first buffer seq: 1 
[16:58:02.490] [6715 ] [ERROR] [consumeBuffer:363]	====> the first buffer seq: 1 
[16:58:02.503] [6713 ] [ERROR] [consumeBuffer:363]	====> the first buffer seq: 1 
[16:58:02.719] [6714 ] [ERROR] [consumeBuffer:363]	====> the first buffer seq: 1 
[16:58:08.486] [6712 ] [ERROR] [consumeBuffer:363]	====> the first buffer seq: 1 
[16:58:08.714] [6713 ] [ERROR] [consumeBuffer:363]	====> the first buffer seq: 1 
[17:02:23.333] [6715 ] [ERROR] [consumeBuffer:363]	====> the first buffer seq: 1 
[17:02:23.333] [6712 ] [ERROR] [consumeBuffer:363]	====> the first buffer seq: 1 
[17:02:23.345] [6714 ] [ERROR] [consumeBuffer:363]	====> the first buffer seq: 1 
[17:02:23.371] [6713 ] [ERROR] [consumeBuffer:363]	====> the first buffer seq: 1 
[17:02:32.377] [6715 ] [ERROR] [consumeBuffer:363]	====> the first buffer seq: 1 
[17:02:33.480] [6714 ] [ERROR] [consumeBuffer:363]	====> the first buffer seq: 1 
[17:02:33.696] [6712 ] [ERROR] [consumeBuffer:363]	====> the first buffer seq: 1 
[17:02:34.030] [6713 ] [ERROR] [consumeBuffer:363]	====> the first buffer seq: 1 
[17:02:42.702] [6715 ] [ERROR] [consumeBuffer:363]	====> the first buffer seq: 1 
[17:02:43.424] [6714 ] [ERROR] [consumeBuffer:363]	====> the first buffer seq: 1 
[17:02:44.007] [6712 ] [ERROR] [consumeBuffer:363]	====> the first buffer seq: 1 
[17:02:44.132] [6713 ] [ERROR] [consumeBuffer:363]	====> the first buffer seq: 1 
[17:02:52.538] [6715 ] [ERROR] [consumeBuffer:363]	====> the first buffer seq: 1 
[17:02:53.163] [6714 ] [ERROR] [consumeBuffer:363]	====> the first buffer seq: 1 
[17:02:53.907] [6713 ] [ERROR] [consumeBuffer:363]	====> the first buffer seq: 1 
[17:02:53.912] [6712 ] [ERROR] [consumeBuffer:363]	====> the first buffer seq: 1 
[17:03:02.460] [6715 ] [ERROR] [consumeBuffer:363]	====> the first buffer seq: 1 
[17:03:03.099] [6714 ] [ERROR] [consumeBuffer:363]	====> the first buffer seq: 1 
[17:03:03.789] [6712 ] [ERROR] [consumeBuffer:363]	====> the first buffer seq: 1 
[17:03:03.996] [6713 ] [ERROR] [consumeBuffer:363]	====> the first buffer seq: 1 
[17:03:12.808] [6715 ] [ERROR] [consumeBuffer:363]	====> the first buffer seq: 1 
[17:03:13.607] [6714 ] [ERROR] [consumeBuffer:363]	====> the first buffer seq: 1 
[17:03:14.148] [6712 ] [ERROR] [consumeBuffer:363]	====> the first buffer seq: 1 
[17:03:14.424] [6713 ] [ERROR] [consumeBuffer:363]	====> the first buffer seq: 1 
[17:03:23.158] [6715 ] [ERROR] [consumeBuffer:363]	====> the first buffer seq: 1 
[17:03:23.943] [6714 ] [ERROR] [consumeBuffer:363]	====> the first buffer seq: 1 
[17:03:24.513] [6712 ] [ERROR] [consumeBuffer:363]	====> the first buffer seq: 1 
[17:03:24.626] [6713 ] [ERROR] [consumeBuffer:363]	====> the first buffer seq: 1 
[17:03:33.161] [6715 ] [ERROR] [consumeBuffer:363]	====> the first buffer seq: 1 
[17:03:33.893] [6714 ] [ERROR] [consumeBuffer:363]	====> the first buffer seq: 1 
[17:03:34.657] [6713 ] [ERROR] [consumeBuffer:363]	====> the first buffer seq: 1 
[17:03:34.669] [6712 ] [ERROR] [consumeBuffer:363]	====> the first buffer seq: 1 
[17:03:43.371] [6715 ] [ERROR] [consumeBuffer:363]	====> the first buffer seq: 1 
[17:03:43.999] [6714 ] [ERROR] [consumeBuffer:363]	====> the first buffer seq: 1 
[17:03:44.788] [6713 ] [ERROR] [consumeBuffer:363]	====> the first buffer seq: 1 
[17:03:44.932] [6712 ] [ERROR] [consumeBuffer:363]	====> the first buffer seq: 1 
[17:03:53.722] [6715 ] [ERROR] [consumeBuffer:363]	====> the first buffer seq: 1 
[17:03:54.520] [6714 ] [ERROR] [consumeBuffer:363]	====> the first buffer seq: 1 
[17:03:55.038] [6713 ] [ERROR] [consumeBuffer:363]	====> the first buffer seq: 1 
[17:03:55.286] [6712 ] [ERROR] [consumeBuffer:363]	====> the first buffer seq: 1 
[17:04:03.940] [6715 ] [ERROR] [consumeBuffer:363]	====> the first buffer seq: 1 
[17:04:04.894] [6714 ] [ERROR] [consumeBuffer:363]	====> the first buffer seq: 1 
[17:04:05.358] [6713 ] [ERROR] [consumeBuffer:363]	====> the first buffer seq: 1 
[17:04:05.560] [6712 ] [ERROR] [consumeBuffer:363]	====> the first buffer seq: 1 
[17:04:13.752] [6715 ] [ERROR] [consumeBuffer:363]	====> the first buffer seq: 1 
[17:04:14.936] [6714 ] [ERROR] [consumeBuffer:363]	====> the first buffer seq: 1 
[17:04:15.090] [6713 ] [ERROR] [consumeBuffer:363]	====> the first buffer seq: 1 
[17:04:15.486] [6712 ] [ERROR] [consumeBuffer:363]	====> the first buffer seq: 1 
[17:04:23.805] [6715 ] [ERROR] [consumeBuffer:363]	====> the first buffer seq: 1 
[17:04:24.814] [6714 ] [ERROR] [consumeBuffer:363]	====> the first buffer seq: 1 
[17:05:52.666] [6713 ] [ERROR] [consumeBuffer:363]	====> the first buffer seq: 1 
[17:05:52.673] [6712 ] [ERROR] [consumeBuffer:363]	====> the first buffer seq: 1 
[17:05:52.687] [6715 ] [ERROR] [consumeBuffer:363]	====> the first buffer seq: 1 
[17:05:52.705] [6714 ] [ERROR] [consumeBuffer:363]	====> the first buffer seq: 1 
[17:06:01.326] [6713 ] [ERROR] [consumeBuffer:363]	====> the first buffer seq: 1 
[17:06:02.464] [6714 ] [ERROR] [consumeBuffer:363]	====> the first buffer seq: 1 
[17:06:02.592] [6712 ] [ERROR] [consumeBuffer:363]	====> the first buffer seq: 1 
[17:06:02.613] [6715 ] [ERROR] [consumeBuffer:363]	====> the first buffer seq: 1 
[17:06:11.340] [6713 ] [ERROR] [consumeBuffer:363]	====> the first buffer seq: 1 
[17:06:12.713] [6715 ] [ERROR] [consumeBuffer:363]	====> the first buffer seq: 1 
[17:06:12.852] [6714 ] [ERROR] [consumeBuffer:363]	====> the first buffer seq: 1 
[17:06:12.867] [6712 ] [ERROR] [consumeBuffer:363]	====> the first buffer seq: 1 
[17:06:21.242] [6713 ] [ERROR] [consumeBuffer:363]	====> the first buffer seq: 1 
[17:06:22.915] [6714 ] [ERROR] [consumeBuffer:363]	====> the first buffer seq: 1 
[17:06:23.028] [6712 ] [ERROR] [consumeBuffer:363]	====> the first buffer seq: 1 
[17:06:23.079] [6715 ] [ERROR] [consumeBuffer:363]	====> the first buffer seq: 1 
[17:06:31.559] [6713 ] [ERROR] [consumeBuffer:363]	====> the first buffer seq: 1 
[17:06:33.163] [6714 ] [ERROR] [consumeBuffer:363]	====> the first buffer seq: 1 
[17:06:33.390] [6715 ] [ERROR] [consumeBuffer:363]	====> the first buffer seq: 1 
[17:06:33.501] [6712 ] [ERROR] [consumeBuffer:363]	====> the first buffer seq: 1 
[17:06:41.801] [6713 ] [ERROR] [consumeBuffer:363]	====> the first buffer seq: 1 
[17:06:43.756] [6714 ] [ERROR] [consumeBuffer:363]	====> the first buffer seq: 1 
[17:06:43.792] [6715 ] [ERROR] [consumeBuffer:363]	====> the first buffer seq: 1 
[17:06:43.912] [6712 ] [ERROR] [consumeBuffer:363]	====> the first buffer seq: 1 
[17:06:51.298] [6713 ] [ERROR] [consumeBuffer:363]	====> the first buffer seq: 1 
[17:06:53.730] [6714 ] [ERROR] [consumeBuffer:363]	====> the first buffer seq: 1 
[17:06:53.947] [6712 ] [ERROR] [consumeBuffer:363]	====> the first buffer seq: 1 
[17:06:54.114] [6715 ] [ERROR] [consumeBuffer:363]	====> the first buffer seq: 1 
[17:07:01.789] [6713 ] [ERROR] [consumeBuffer:363]	====> the first buffer seq: 1 
[17:07:04.595] [6714 ] [ERROR] [consumeBuffer:363]	====> the first buffer seq: 1 
[17:07:04.802] [6715 ] [ERROR] [consumeBuffer:363]	====> the first buffer seq: 1 
[17:07:04.822] [6712 ] [ERROR] [consumeBuffer:363]	====> the first buffer seq: 1 
[17:07:11.389] [6713 ] [ERROR] [consumeBuffer:363]	====> the first buffer seq: 1 
[17:07:13.469] [6714 ] [ERROR] [consumeBuffer:363]	====> the first buffer seq: 1 
[17:07:13.966] [6715 ] [ERROR] [consumeBuffer:363]	====> the first buffer seq: 1 
[17:07:13.977] [6712 ] [ERROR] [consumeBuffer:363]	====> the first buffer seq: 1 
[17:07:20.316] [6713 ] [ERROR] [consumeBuffer:363]	====> the first buffer seq: 1 
[17:07:22.365] [6714 ] [ERROR] [consumeBuffer:363]	====> the first buffer seq: 1 
[17:07:22.970] [6715 ] [ERROR] [consumeBuffer:363]	====> the first buffer seq: 1 
[17:07:22.972] [6712 ] [ERROR] [consumeBuffer:363]	====> the first buffer seq: 1 
[17:07:29.335] [6713 ] [ERROR] [consumeBuffer:363]	====> the first buffer seq: 1 
[17:07:31.496] [6714 ] [ERROR] [consumeBuffer:363]	====> the first buffer seq: 1 
[17:07:31.983] [6712 ] [ERROR] [consumeBuffer:363]	====> the first buffer seq: 1 
[17:07:32.109] [6715 ] [ERROR] [consumeBuffer:363]	====> the first buffer seq: 1 
[17:07:38.478] [6713 ] [ERROR] [consumeBuffer:363]	====> the first buffer seq: 1 
[17:07:40.483] [6714 ] [ERROR] [consumeBuffer:363]	====> the first buffer seq: 1 
[17:07:41.014] [6712 ] [ERROR] [consumeBuffer:363]	====> the first buffer seq: 1 
[17:07:41.107] [6715 ] [ERROR] [consumeBuffer:363]	====> the first buffer seq: 1 
[17:07:47.432] [6713 ] [ERROR] [consumeBuffer:363]	====> the first buffer seq: 1 
[17:07:49.255] [6714 ] [ERROR] [consumeBuffer:363]	====> the first buffer seq: 1 
[17:15:19.434] [6712 ] [ERROR] [consumeBuffer:363]	====> the first buffer seq: 1 
[17:15:19.440] [6713 ] [ERROR] [consumeBuffer:363]	====> the first buffer seq: 1 
[17:15:19.446] [6715 ] [ERROR] [consumeBuffer:363]	====> the first buffer seq: 1 
[17:15:19.453] [6714 ] [ERROR] [consumeBuffer:363]	====> the first buffer seq: 1 
[17:15:28.215] [6712 ] [ERROR] [consumeBuffer:363]	====> the first buffer seq: 1 
[17:15:29.132] [6715 ] [ERROR] [consumeBuffer:363]	====> the first buffer seq: 1 
[17:15:29.173] [6713 ] [ERROR] [consumeBuffer:363]	====> the first buffer seq: 1 
[17:15:29.244] [6714 ] [ERROR] [consumeBuffer:363]	====> the first buffer seq: 1 
[17:15:37.427] [6712 ] [ERROR] [consumeBuffer:363]	====> the first buffer seq: 1 
[17:15:38.514] [6713 ] [ERROR] [consumeBuffer:363]	====> the first buffer seq: 1 
[17:15:38.660] [6714 ] [ERROR] [consumeBuffer:363]	====> the first buffer seq: 1 
[17:15:38.765] [6715 ] [ERROR] [consumeBuffer:363]	====> the first buffer seq: 1 
[17:15:47.316] [6712 ] [ERROR] [consumeBuffer:363]	====> the first buffer seq: 1 
[17:15:48.080] [6713 ] [ERROR] [consumeBuffer:363]	====> the first buffer seq: 1 
[17:15:48.467] [6714 ] [ERROR] [consumeBuffer:363]	====> the first buffer seq: 1 
[17:15:48.709] [6715 ] [ERROR] [consumeBuffer:363]	====> the first buffer seq: 1 
[17:15:56.465] [6712 ] [ERROR] [consumeBuffer:363]	====> the first buffer seq: 1 
[17:15:57.332] [6713 ] [ERROR] [consumeBuffer:363]	====> the first buffer seq: 1 
[17:15:57.602] [6714 ] [ERROR] [consumeBuffer:363]	====> the first buffer seq: 1 
[17:15:57.715] [6715 ] [ERROR] [consumeBuffer:363]	====> the first buffer seq: 1 
[17:16:06.069] [6712 ] [ERROR] [consumeBuffer:363]	====> the first buffer seq: 1 
[17:16:07.314] [6713 ] [ERROR] [consumeBuffer:363]	====> the first buffer seq: 1 
[17:16:07.396] [6715 ] [ERROR] [consumeBuffer:363]	====> the first buffer seq: 1 
[17:16:07.542] [6714 ] [ERROR] [consumeBuffer:363]	====> the first buffer seq: 1 
[17:16:15.473] [6712 ] [ERROR] [consumeBuffer:363]	====> the first buffer seq: 1 
[17:16:16.913] [6715 ] [ERROR] [consumeBuffer:363]	====> the first buffer seq: 1 
[17:16:16.920] [6713 ] [ERROR] [consumeBuffer:363]	====> the first buffer seq: 1 
[17:16:17.203] [6714 ] [ERROR] [consumeBuffer:363]	====> the first buffer seq: 1 
[17:16:25.136] [6712 ] [ERROR] [consumeBuffer:363]	====> the first buffer seq: 1 
[17:16:26.805] [6713 ] [ERROR] [consumeBuffer:363]	====> the first buffer seq: 1 
[17:16:26.827] [6715 ] [ERROR] [consumeBuffer:363]	====> the first buffer seq: 1 
[17:16:26.985] [6714 ] [ERROR] [consumeBuffer:363]	====> the first buffer seq: 1 
[17:16:34.684] [6712 ] [ERROR] [consumeBuffer:363]	====> the first buffer seq: 1 
[17:16:36.615] [6714 ] [ERROR] [consumeBuffer:363]	====> the first buffer seq: 1 
[17:16:36.666] [6715 ] [ERROR] [consumeBuffer:363]	====> the first buffer seq: 1 
[17:16:36.707] [6713 ] [ERROR] [consumeBuffer:363]	====> the first buffer seq: 1 
[17:16:43.833] [6712 ] [ERROR] [consumeBuffer:363]	====> the first buffer seq: 1 
[17:16:45.905] [6714 ] [ERROR] [consumeBuffer:363]	====> the first buffer seq: 1 
[17:16:45.931] [6715 ] [ERROR] [consumeBuffer:363]	====> the first buffer seq: 1 
[17:16:46.019] [6713 ] [ERROR] [consumeBuffer:363]	====> the first buffer seq: 1 
[17:16:53.317] [6712 ] [ERROR] [consumeBuffer:363]	====> the first buffer seq: 1 
[17:16:55.409] [6714 ] [ERROR] [consumeBuffer:363]	====> the first buffer seq: 1 
[17:16:55.522] [6715 ] [ERROR] [consumeBuffer:363]	====> the first buffer seq: 1 
[17:16:55.531] [6713 ] [ERROR] [consumeBuffer:363]	====> the first buffer seq: 1 
[17:17:02.931] [6712 ] [ERROR] [consumeBuffer:363]	====> the first buffer seq: 1 
[17:17:05.066] [6714 ] [ERROR] [consumeBuffer:363]	====> the first buffer seq: 1 
[17:17:05.308] [6713 ] [ERROR] [consumeBuffer:363]	====> the first buffer seq: 1 
[17:17:05.506] [6715 ] [ERROR] [consumeBuffer:363]	====> the first buffer seq: 1 
[17:17:12.639] [6712 ] [ERROR] [consumeBuffer:363]	====> the first buffer seq: 1 
[17:17:15.140] [6714 ] [ERROR] [consumeBuffer:363]	====> the first buffer seq: 1 
[18:01:13.941] [6713 ] [ERROR] [consumeBuffer:363]	====> the first buffer seq: 1 
[18:01:13.949] [6715 ] [ERROR] [consumeBuffer:363]	====> the first buffer seq: 1 
[18:01:13.959] [6712 ] [ERROR] [consumeBuffer:363]	====> the first buffer seq: 1 
[18:01:13.973] [6714 ] [ERROR] [consumeBuffer:363]	====> the first buffer seq: 1 
[18:01:22.219] [6713 ] [ERROR] [consumeBuffer:363]	====> the first buffer seq: 1 
[18:01:23.415] [6715 ] [ERROR] [consumeBuffer:363]	====> the first buffer seq: 1 
[18:01:23.469] [6714 ] [ERROR] [consumeBuffer:363]	====> the first buffer seq: 1 
[18:01:23.661] [6712 ] [ERROR] [consumeBuffer:363]	====> the first buffer seq: 1 
[18:01:31.365] [6713 ] [ERROR] [consumeBuffer:363]	====> the first buffer seq: 1 
[18:01:32.638] [6715 ] [ERROR] [consumeBuffer:363]	====> the first buffer seq: 1 
[18:01:32.692] [6714 ] [ERROR] [consumeBuffer:363]	====> the first buffer seq: 1 
[18:01:32.793] [6712 ] [ERROR] [consumeBuffer:363]	====> the first buffer seq: 1 
[18:01:40.038] [6713 ] [ERROR] [consumeBuffer:363]	====> the first buffer seq: 1 
[18:01:41.507] [6715 ] [ERROR] [consumeBuffer:363]	====> the first buffer seq: 1 
[18:01:41.520] [6714 ] [ERROR] [consumeBuffer:363]	====> the first buffer seq: 1 
[18:01:41.594] [6712 ] [ERROR] [consumeBuffer:363]	====> the first buffer seq: 1 
[18:01:48.827] [6713 ] [ERROR] [consumeBuffer:363]	====> the first buffer seq: 1 
[18:01:50.352] [6715 ] [ERROR] [consumeBuffer:363]	====> the first buffer seq: 1 
[18:01:50.474] [6714 ] [ERROR] [consumeBuffer:363]	====> the first buffer seq: 1 
[18:01:50.692] [6712 ] [ERROR] [consumeBuffer:363]	====> the first buffer seq: 1 
[18:01:57.856] [6713 ] [ERROR] [consumeBuffer:363]	====> the first buffer seq: 1 
[18:01:59.586] [6715 ] [ERROR] [consumeBuffer:363]	====> the first buffer seq: 1 
[18:01:59.855] [6714 ] [ERROR] [consumeBuffer:363]	====> the first buffer seq: 1 
[18:01:59.896] [6712 ] [ERROR] [consumeBuffer:363]	====> the first buffer seq: 1 
[18:02:06.952] [6713 ] [ERROR] [consumeBuffer:363]	====> the first buffer seq: 1 
[18:02:08.837] [6715 ] [ERROR] [consumeBuffer:363]	====> the first buffer seq: 1 
[18:02:09.255] [6712 ] [ERROR] [consumeBuffer:363]	====> the first buffer seq: 1 
[18:02:09.358] [6714 ] [ERROR] [consumeBuffer:363]	====> the first buffer seq: 1 
[18:02:15.919] [6713 ] [ERROR] [consumeBuffer:363]	====> the first buffer seq: 1 
[18:02:17.915] [6715 ] [ERROR] [consumeBuffer:363]	====> the first buffer seq: 1 
[18:02:18.279] [6712 ] [ERROR] [consumeBuffer:363]	====> the first buffer seq: 1 
[18:02:18.536] [6714 ] [ERROR] [consumeBuffer:363]	====> the first buffer seq: 1 
[18:02:24.828] [6713 ] [ERROR] [consumeBuffer:363]	====> the first buffer seq: 1 
[18:02:27.152] [6715 ] [ERROR] [consumeBuffer:363]	====> the first buffer seq: 1 
[18:02:27.482] [6712 ] [ERROR] [consumeBuffer:363]	====> the first buffer seq: 1 
[18:02:27.793] [6714 ] [ERROR] [consumeBuffer:363]	====> the first buffer seq: 1 
[18:02:33.546] [6713 ] [ERROR] [consumeBuffer:363]	====> the first buffer seq: 1 
[18:02:36.274] [6715 ] [ERROR] [consumeBuffer:363]	====> the first buffer seq: 1 
[18:02:36.670] [6712 ] [ERROR] [consumeBuffer:363]	====> the first buffer seq: 1 
[18:02:36.799] [6714 ] [ERROR] [consumeBuffer:363]	====> the first buffer seq: 1 
[18:02:42.533] [6713 ] [ERROR] [consumeBuffer:363]	====> the first buffer seq: 1 
[18:02:45.261] [6715 ] [ERROR] [consumeBuffer:363]	====> the first buffer seq: 1 
[18:02:45.740] [6712 ] [ERROR] [consumeBuffer:363]	====> the first buffer seq: 1 
[18:02:46.010] [6714 ] [ERROR] [consumeBuffer:363]	====> the first buffer seq: 1 
[18:02:51.744] [6713 ] [ERROR] [consumeBuffer:363]	====> the first buffer seq: 1 
[18:02:54.431] [6715 ] [ERROR] [consumeBuffer:363]	====> the first buffer seq: 1 
[18:02:55.017] [6712 ] [ERROR] [consumeBuffer:363]	====> the first buffer seq: 1 
[18:02:55.394] [6714 ] [ERROR] [consumeBuffer:363]	====> the first buffer seq: 1 
[18:03:00.856] [6713 ] [ERROR] [consumeBuffer:363]	====> the first buffer seq: 1 
[18:03:03.723] [6715 ] [ERROR] [consumeBuffer:363]	====> the first buffer seq: 1 
[18:06:24.862] [6714 ] [ERROR] [consumeBuffer:363]	====> the first buffer seq: 1 
[18:06:24.865] [6712 ] [ERROR] [consumeBuffer:363]	====> the first buffer seq: 1 
[18:06:24.868] [6713 ] [ERROR] [consumeBuffer:363]	====> the first buffer seq: 1 
[18:06:24.869] [6715 ] [ERROR] [consumeBuffer:363]	====> the first buffer seq: 1 
[18:06:32.047] [6712 ] [ERROR] [consumeBuffer:363]	====> the first buffer seq: 1 
[18:06:33.335] [6715 ] [ERROR] [consumeBuffer:363]	====> the first buffer seq: 1 
[18:06:33.340] [6714 ] [ERROR] [consumeBuffer:363]	====> the first buffer seq: 1 
[18:06:33.372] [6713 ] [ERROR] [consumeBuffer:363]	====> the first buffer seq: 1 
[18:06:40.290] [6712 ] [ERROR] [consumeBuffer:363]	====> the first buffer seq: 1 
[18:06:41.649] [6714 ] [ERROR] [consumeBuffer:363]	====> the first buffer seq: 1 
[18:06:41.925] [6715 ] [ERROR] [consumeBuffer:363]	====> the first buffer seq: 1 
[18:06:42.087] [6713 ] [ERROR] [consumeBuffer:363]	====> the first buffer seq: 1 
[18:06:48.525] [6712 ] [ERROR] [consumeBuffer:363]	====> the first buffer seq: 1 
[18:06:50.030] [6714 ] [ERROR] [consumeBuffer:363]	====> the first buffer seq: 1 
[18:06:50.392] [6715 ] [ERROR] [consumeBuffer:363]	====> the first buffer seq: 1 
[18:06:50.658] [6713 ] [ERROR] [consumeBuffer:363]	====> the first buffer seq: 1 
[18:06:56.957] [6712 ] [ERROR] [consumeBuffer:363]	====> the first buffer seq: 1 
[18:06:58.683] [6714 ] [ERROR] [consumeBuffer:363]	====> the first buffer seq: 1 
[18:06:59.073] [6715 ] [ERROR] [consumeBuffer:363]	====> the first buffer seq: 1 
[18:06:59.388] [6713 ] [ERROR] [consumeBuffer:363]	====> the first buffer seq: 1 
[18:07:05.298] [6712 ] [ERROR] [consumeBuffer:363]	====> the first buffer seq: 1 
[18:07:07.091] [6714 ] [ERROR] [consumeBuffer:363]	====> the first buffer seq: 1 
[18:07:07.610] [6715 ] [ERROR] [consumeBuffer:363]	====> the first buffer seq: 1 
[18:07:07.885] [6713 ] [ERROR] [consumeBuffer:363]	====> the first buffer seq: 1 
[18:07:13.654] [6712 ] [ERROR] [consumeBuffer:363]	====> the first buffer seq: 1 
[18:07:15.412] [6714 ] [ERROR] [consumeBuffer:363]	====> the first buffer seq: 1 
[18:07:16.038] [6715 ] [ERROR] [consumeBuffer:363]	====> the first buffer seq: 1 
[18:07:16.224] [6713 ] [ERROR] [consumeBuffer:363]	====> the first buffer seq: 1 
[18:07:21.882] [6712 ] [ERROR] [consumeBuffer:363]	====> the first buffer seq: 1 
[18:07:23.567] [6714 ] [ERROR] [consumeBuffer:363]	====> the first buffer seq: 1 
[18:07:24.472] [6713 ] [ERROR] [consumeBuffer:363]	====> the first buffer seq: 1 
[18:07:24.557] [6715 ] [ERROR] [consumeBuffer:363]	====> the first buffer seq: 1 
[18:07:30.300] [6712 ] [ERROR] [consumeBuffer:363]	====> the first buffer seq: 1 
[18:07:31.789] [6714 ] [ERROR] [consumeBuffer:363]	====> the first buffer seq: 1 
[18:07:32.787] [6715 ] [ERROR] [consumeBuffer:363]	====> the first buffer seq: 1 
[18:07:32.916] [6713 ] [ERROR] [consumeBuffer:363]	====> the first buffer seq: 1 
[18:07:38.644] [6712 ] [ERROR] [consumeBuffer:363]	====> the first buffer seq: 1 
[18:07:39.985] [6714 ] [ERROR] [consumeBuffer:363]	====> the first buffer seq: 1 
[18:07:41.182] [6715 ] [ERROR] [consumeBuffer:363]	====> the first buffer seq: 1 
[18:07:41.448] [6713 ] [ERROR] [consumeBuffer:363]	====> the first buffer seq: 1 
[18:07:47.082] [6712 ] [ERROR] [consumeBuffer:363]	====> the first buffer seq: 1 
[18:07:48.404] [6714 ] [ERROR] [consumeBuffer:363]	====> the first buffer seq: 1 
[18:07:49.346] [6715 ] [ERROR] [consumeBuffer:363]	====> the first buffer seq: 1 
[18:07:49.862] [6713 ] [ERROR] [consumeBuffer:363]	====> the first buffer seq: 1 
[18:07:55.565] [6712 ] [ERROR] [consumeBuffer:363]	====> the first buffer seq: 1 
[18:07:56.855] [6714 ] [ERROR] [consumeBuffer:363]	====> the first buffer seq: 1 
[18:07:57.845] [6715 ] [ERROR] [consumeBuffer:363]	====> the first buffer seq: 1 
[18:07:58.529] [6713 ] [ERROR] [consumeBuffer:363]	====> the first buffer seq: 1 
[18:08:04.137] [6712 ] [ERROR] [consumeBuffer:363]	====> the first buffer seq: 1 
[18:08:05.282] [6714 ] [ERROR] [consumeBuffer:363]	====> the first buffer seq: 1 
[19:23:48.391] [6715 ] [ERROR] [consumeBuffer:363]	====> the first buffer seq: 1 
[19:23:48.408] [6713 ] [ERROR] [consumeBuffer:363]	====> the first buffer seq: 1 
[19:23:48.427] [6712 ] [ERROR] [consumeBuffer:363]	====> the first buffer seq: 1 
[19:23:48.437] [6714 ] [ERROR] [consumeBuffer:363]	====> the first buffer seq: 1 
[19:23:56.558] [6712 ] [ERROR] [consumeBuffer:363]	====> the first buffer seq: 1 
[19:23:56.564] [6715 ] [ERROR] [consumeBuffer:363]	====> the first buffer seq: 1 
[19:23:56.650] [6713 ] [ERROR] [consumeBuffer:363]	====> the first buffer seq: 1 
[19:23:56.726] [6714 ] [ERROR] [consumeBuffer:363]	====> the first buffer seq: 1 
[19:24:04.662] [6712 ] [ERROR] [consumeBuffer:363]	====> the first buffer seq: 1 
[19:24:04.829] [6715 ] [ERROR] [consumeBuffer:363]	====> the first buffer seq: 1 
[19:24:04.929] [6713 ] [ERROR] [consumeBuffer:363]	====> the first buffer seq: 1 
[19:24:05.229] [6714 ] [ERROR] [consumeBuffer:363]	====> the first buffer seq: 1 
[19:24:12.837] [6712 ] [ERROR] [consumeBuffer:363]	====> the first buffer seq: 1 
[19:24:12.937] [6715 ] [ERROR] [consumeBuffer:363]	====> the first buffer seq: 1 
[19:24:12.000] [6713 ] [ERROR] [consumeBuffer:363]	====> the first buffer seq: 1 
[19:24:13.421] [6714 ] [ERROR] [consumeBuffer:363]	====> the first buffer seq: 1 
[19:24:20.828] [6712 ] [ERROR] [consumeBuffer:363]	====> the first buffer seq: 1 
[19:24:21.058] [6713 ] [ERROR] [consumeBuffer:363]	====> the first buffer seq: 1 
[19:24:21.065] [6715 ] [ERROR] [consumeBuffer:363]	====> the first buffer seq: 1 
[19:24:21.402] [6714 ] [ERROR] [consumeBuffer:363]	====> the first buffer seq: 1 
[19:24:27.807] [6712 ] [ERROR] [consumeBuffer:363]	====> the first buffer seq: 1 
[19:24:28.061] [6713 ] [ERROR] [consumeBuffer:363]	====> the first buffer seq: 1 
[19:24:28.118] [6715 ] [ERROR] [consumeBuffer:363]	====> the first buffer seq: 1 
[19:24:28.263] [6714 ] [ERROR] [consumeBuffer:363]	====> the first buffer seq: 1 
[19:24:32.996] [6712 ] [ERROR] [consumeBuffer:363]	====> the first buffer seq: 1 
[19:24:33.196] [6713 ] [ERROR] [consumeBuffer:363]	====> the first buffer seq: 1 
[19:24:33.312] [6715 ] [ERROR] [consumeBuffer:363]	====> the first buffer seq: 1 
[19:24:33.509] [6714 ] [ERROR] [consumeBuffer:363]	====> the first buffer seq: 1 
[19:24:37.599] [6712 ] [ERROR] [consumeBuffer:363]	====> the first buffer seq: 1 
[19:24:37.953] [6713 ] [ERROR] [consumeBuffer:363]	====> the first buffer seq: 1 
[19:24:38.060] [6715 ] [ERROR] [consumeBuffer:363]	====> the first buffer seq: 1 
[19:24:38.182] [6714 ] [ERROR] [consumeBuffer:363]	====> the first buffer seq: 1 
[19:24:42.032] [6712 ] [ERROR] [consumeBuffer:363]	====> the first buffer seq: 1 
[19:24:42.583] [6713 ] [ERROR] [consumeBuffer:363]	====> the first buffer seq: 1 
[19:24:42.822] [6715 ] [ERROR] [consumeBuffer:363]	====> the first buffer seq: 1 
[19:24:42.834] [6714 ] [ERROR] [consumeBuffer:363]	====> the first buffer seq: 1 
[19:24:46.440] [6712 ] [ERROR] [consumeBuffer:363]	====> the first buffer seq: 1 
[19:24:47.219] [6713 ] [ERROR] [consumeBuffer:363]	====> the first buffer seq: 1 
[19:24:47.471] [6715 ] [ERROR] [consumeBuffer:363]	====> the first buffer seq: 1 
[19:24:47.632] [6714 ] [ERROR] [consumeBuffer:363]	====> the first buffer seq: 1 
[19:24:50.962] [6712 ] [ERROR] [consumeBuffer:363]	====> the first buffer seq: 1 
[19:24:51.815] [6713 ] [ERROR] [consumeBuffer:363]	====> the first buffer seq: 1 
[19:24:52.031] [6715 ] [ERROR] [consumeBuffer:363]	====> the first buffer seq: 1 
[19:24:52.348] [6714 ] [ERROR] [consumeBuffer:363]	====> the first buffer seq: 1 
[19:24:55.366] [6712 ] [ERROR] [consumeBuffer:363]	====> the first buffer seq: 1 
[19:24:56.408] [6713 ] [ERROR] [consumeBuffer:363]	====> the first buffer seq: 1 
[19:24:56.847] [6715 ] [ERROR] [consumeBuffer:363]	====> the first buffer seq: 1 
[19:24:56.982] [6714 ] [ERROR] [consumeBuffer:363]	====> the first buffer seq: 1 
[19:24:59.684] [6712 ] [ERROR] [consumeBuffer:363]	====> the first buffer seq: 1 
[19:25:00.891] [6713 ] [ERROR] [consumeBuffer:363]	====> the first buffer seq: 1 
[19:47:15.623] [6715 ] [ERROR] [consumeBuffer:363]	====> the first buffer seq: 1 
[19:47:15.635] [6714 ] [ERROR] [consumeBuffer:363]	====> the first buffer seq: 1 
[19:47:15.641] [6713 ] [ERROR] [consumeBuffer:363]	====> the first buffer seq: 1 
[19:47:15.642] [6712 ] [ERROR] [consumeBuffer:363]	====> the first buffer seq: 1 
[19:47:25.259] [6714 ] [ERROR] [consumeBuffer:363]	====> the first buffer seq: 1 
[19:47:25.356] [6715 ] [ERROR] [consumeBuffer:363]	====> the first buffer seq: 1 
[19:47:25.372] [6712 ] [ERROR] [consumeBuffer:363]	====> the first buffer seq: 1 
[19:47:25.606] [6713 ] [ERROR] [consumeBuffer:363]	====> the first buffer seq: 1 
[19:47:35.104] [6714 ] [ERROR] [consumeBuffer:363]	====> the first buffer seq: 1 
[19:47:35.294] [6715 ] [ERROR] [consumeBuffer:363]	====> the first buffer seq: 1 
[19:47:35.508] [6713 ] [ERROR] [consumeBuffer:363]	====> the first buffer seq: 1 
[19:47:35.547] [6712 ] [ERROR] [consumeBuffer:363]	====> the first buffer seq: 1 
[19:47:44.586] [6714 ] [ERROR] [consumeBuffer:363]	====> the first buffer seq: 1 
[19:47:44.772] [6715 ] [ERROR] [consumeBuffer:363]	====> the first buffer seq: 1 
[19:47:45.073] [6712 ] [ERROR] [consumeBuffer:363]	====> the first buffer seq: 1 
[19:47:45.116] [6713 ] [ERROR] [consumeBuffer:363]	====> the first buffer seq: 1 
[19:47:54.102] [6714 ] [ERROR] [consumeBuffer:363]	====> the first buffer seq: 1 
[19:47:54.173] [6715 ] [ERROR] [consumeBuffer:363]	====> the first buffer seq: 1 
[19:47:54.423] [6712 ] [ERROR] [consumeBuffer:363]	====> the first buffer seq: 1 
[19:47:54.554] [6713 ] [ERROR] [consumeBuffer:363]	====> the first buffer seq: 1 
[19:48:03.661] [6714 ] [ERROR] [consumeBuffer:363]	====> the first buffer seq: 1 
[19:48:03.719] [6715 ] [ERROR] [consumeBuffer:363]	====> the first buffer seq: 1 
[19:48:04.096] [6712 ] [ERROR] [consumeBuffer:363]	====> the first buffer seq: 1 
[19:48:04.117] [6713 ] [ERROR] [consumeBuffer:363]	====> the first buffer seq: 1 
[19:48:12.931] [6714 ] [ERROR] [consumeBuffer:363]	====> the first buffer seq: 1 
[19:48:13.197] [6715 ] [ERROR] [consumeBuffer:363]	====> the first buffer seq: 1 
[19:48:13.518] [6712 ] [ERROR] [consumeBuffer:363]	====> the first buffer seq: 1 
[19:48:13.609] [6713 ] [ERROR] [consumeBuffer:363]	====> the first buffer seq: 1 
[19:48:21.617] [6714 ] [ERROR] [consumeBuffer:363]	====> the first buffer seq: 1 
[19:48:21.700] [6715 ] [ERROR] [consumeBuffer:363]	====> the first buffer seq: 1 
[19:48:22.071] [6713 ] [ERROR] [consumeBuffer:363]	====> the first buffer seq: 1 
[19:48:22.150] [6712 ] [ERROR] [consumeBuffer:363]	====> the first buffer seq: 1 
[19:48:30.369] [6714 ] [ERROR] [consumeBuffer:363]	====> the first buffer seq: 1 
[19:48:30.378] [6715 ] [ERROR] [consumeBuffer:363]	====> the first buffer seq: 1 
[19:48:30.982] [6713 ] [ERROR] [consumeBuffer:363]	====> the first buffer seq: 1 
[19:48:31.073] [6712 ] [ERROR] [consumeBuffer:363]	====> the first buffer seq: 1 
[19:48:39.681] [6714 ] [ERROR] [consumeBuffer:363]	====> the first buffer seq: 1 
[19:48:39.958] [6715 ] [ERROR] [consumeBuffer:363]	====> the first buffer seq: 1 
[19:48:40.338] [6713 ] [ERROR] [consumeBuffer:363]	====> the first buffer seq: 1 
[19:48:40.412] [6712 ] [ERROR] [consumeBuffer:363]	====> the first buffer seq: 1 
[19:48:49.225] [6714 ] [ERROR] [consumeBuffer:363]	====> the first buffer seq: 1 
[19:48:49.662] [6715 ] [ERROR] [consumeBuffer:363]	====> the first buffer seq: 1 
[19:48:50.141] [6713 ] [ERROR] [consumeBuffer:363]	====> the first buffer seq: 1 
[19:48:50.209] [6712 ] [ERROR] [consumeBuffer:363]	====> the first buffer seq: 1 
[19:48:58.624] [6714 ] [ERROR] [consumeBuffer:363]	====> the first buffer seq: 1 
[19:48:59.131] [6715 ] [ERROR] [consumeBuffer:363]	====> the first buffer seq: 1 
[19:48:59.615] [6713 ] [ERROR] [consumeBuffer:363]	====> the first buffer seq: 1 
[19:48:59.658] [6712 ] [ERROR] [consumeBuffer:363]	====> the first buffer seq: 1 
[19:49:07.945] [6714 ] [ERROR] [consumeBuffer:363]	====> the first buffer seq: 1 
[19:49:08.436] [6715 ] [ERROR] [consumeBuffer:363]	====> the first buffer seq: 1 
[19:51:16.635] [6712 ] [ERROR] [consumeBuffer:363]	====> the first buffer seq: 1 
[19:51:16.640] [6713 ] [ERROR] [consumeBuffer:363]	====> the first buffer seq: 1 
[19:51:16.657] [6714 ] [ERROR] [consumeBuffer:363]	====> the first buffer seq: 1 
[19:51:16.674] [6715 ] [ERROR] [consumeBuffer:363]	====> the first buffer seq: 1 
[19:51:25.050] [6713 ] [ERROR] [consumeBuffer:363]	====> the first buffer seq: 1 
[19:51:26.146] [6714 ] [ERROR] [consumeBuffer:363]	====> the first buffer seq: 1 
[19:51:26.200] [6715 ] [ERROR] [consumeBuffer:363]	====> the first buffer seq: 1 
[19:51:26.237] [6712 ] [ERROR] [consumeBuffer:363]	====> the first buffer seq: 1 
[19:51:34.198] [6713 ] [ERROR] [consumeBuffer:363]	====> the first buffer seq: 1 
[19:51:35.649] [6715 ] [ERROR] [consumeBuffer:363]	====> the first buffer seq: 1 
[19:51:35.744] [6712 ] [ERROR] [consumeBuffer:363]	====> the first buffer seq: 1 
[19:51:35.764] [6714 ] [ERROR] [consumeBuffer:363]	====> the first buffer seq: 1 
[19:51:43.766] [6713 ] [ERROR] [consumeBuffer:363]	====> the first buffer seq: 1 
[19:51:45.500] [6715 ] [ERROR] [consumeBuffer:363]	====> the first buffer seq: 1 
[19:51:45.549] [6714 ] [ERROR] [consumeBuffer:363]	====> the first buffer seq: 1 
[19:51:45.557] [6712 ] [ERROR] [consumeBuffer:363]	====> the first buffer seq: 1 
[19:51:53.007] [6713 ] [ERROR] [consumeBuffer:363]	====> the first buffer seq: 1 
[19:51:55.111] [6712 ] [ERROR] [consumeBuffer:363]	====> the first buffer seq: 1 
[19:51:55.169] [6715 ] [ERROR] [consumeBuffer:363]	====> the first buffer seq: 1 
[19:51:55.458] [6714 ] [ERROR] [consumeBuffer:363]	====> the first buffer seq: 1 
[19:52:02.956] [6713 ] [ERROR] [consumeBuffer:363]	====> the first buffer seq: 1 
[19:52:04.842] [6712 ] [ERROR] [consumeBuffer:363]	====> the first buffer seq: 1 
[19:52:04.950] [6715 ] [ERROR] [consumeBuffer:363]	====> the first buffer seq: 1 
[19:52:05.473] [6714 ] [ERROR] [consumeBuffer:363]	====> the first buffer seq: 1 
[19:52:12.538] [6713 ] [ERROR] [consumeBuffer:363]	====> the first buffer seq: 1 
[19:52:14.605] [6712 ] [ERROR] [consumeBuffer:363]	====> the first buffer seq: 1 
[19:52:14.657] [6715 ] [ERROR] [consumeBuffer:363]	====> the first buffer seq: 1 
[19:52:14.982] [6714 ] [ERROR] [consumeBuffer:363]	====> the first buffer seq: 1 
[19:52:21.953] [6713 ] [ERROR] [consumeBuffer:363]	====> the first buffer seq: 1 
[19:52:24.071] [6712 ] [ERROR] [consumeBuffer:363]	====> the first buffer seq: 1 
[19:52:24.335] [6715 ] [ERROR] [consumeBuffer:363]	====> the first buffer seq: 1 
[19:52:24.772] [6714 ] [ERROR] [consumeBuffer:363]	====> the first buffer seq: 1 
[19:52:31.484] [6713 ] [ERROR] [consumeBuffer:363]	====> the first buffer seq: 1 
[19:52:33.434] [6712 ] [ERROR] [consumeBuffer:363]	====> the first buffer seq: 1 
[19:52:33.752] [6715 ] [ERROR] [consumeBuffer:363]	====> the first buffer seq: 1 
[19:52:34.214] [6714 ] [ERROR] [consumeBuffer:363]	====> the first buffer seq: 1 
[19:52:40.958] [6713 ] [ERROR] [consumeBuffer:363]	====> the first buffer seq: 1 
[19:52:42.797] [6712 ] [ERROR] [consumeBuffer:363]	====> the first buffer seq: 1 
[19:52:43.145] [6715 ] [ERROR] [consumeBuffer:363]	====> the first buffer seq: 1 
[19:52:43.424] [6714 ] [ERROR] [consumeBuffer:363]	====> the first buffer seq: 1 
[19:52:49.499] [6713 ] [ERROR] [consumeBuffer:363]	====> the first buffer seq: 1 
[19:52:51.369] [6712 ] [ERROR] [consumeBuffer:363]	====> the first buffer seq: 1 
[19:52:51.876] [6715 ] [ERROR] [consumeBuffer:363]	====> the first buffer seq: 1 
[19:52:52.135] [6714 ] [ERROR] [consumeBuffer:363]	====> the first buffer seq: 1 
[19:52:58.102] [6713 ] [ERROR] [consumeBuffer:363]	====> the first buffer seq: 1 
[19:53:00.127] [6712 ] [ERROR] [consumeBuffer:363]	====> the first buffer seq: 1 
[19:53:00.619] [6715 ] [ERROR] [consumeBuffer:363]	====> the first buffer seq: 1 
[19:53:01.047] [6714 ] [ERROR] [consumeBuffer:363]	====> the first buffer seq: 1 
[19:53:06.916] [6713 ] [ERROR] [consumeBuffer:363]	====> the first buffer seq: 1 
[19:53:08.793] [6712 ] [ERROR] [consumeBuffer:363]	====> the first buffer seq: 1 
[20:05:20.031] [6715 ] [ERROR] [consumeBuffer:363]	====> the first buffer seq: 1 
[20:05:20.037] [6714 ] [ERROR] [consumeBuffer:363]	====> the first buffer seq: 1 
[20:05:20.042] [6713 ] [ERROR] [consumeBuffer:363]	====> the first buffer seq: 1 
[20:05:20.046] [6712 ] [ERROR] [consumeBuffer:363]	====> the first buffer seq: 1 
[20:05:26.325] [6714 ] [ERROR] [consumeBuffer:363]	====> the first buffer seq: 1 
[20:05:26.431] [6715 ] [ERROR] [consumeBuffer:363]	====> the first buffer seq: 1 
[20:05:26.433] [6713 ] [ERROR] [consumeBuffer:363]	====> the first buffer seq: 1 
[20:05:26.543] [6712 ] [ERROR] [consumeBuffer:363]	====> the first buffer seq: 1 
[20:05:32.506] [6714 ] [ERROR] [consumeBuffer:363]	====> the first buffer seq: 1 
[20:05:32.695] [6712 ] [ERROR] [consumeBuffer:363]	====> the first buffer seq: 1 
[20:05:32.716] [6715 ] [ERROR] [consumeBuffer:363]	====> the first buffer seq: 1 
[20:05:32.754] [6713 ] [ERROR] [consumeBuffer:363]	====> the first buffer seq: 1 
[20:05:38.718] [6714 ] [ERROR] [consumeBuffer:363]	====> the first buffer seq: 1 
[20:05:39.129] [6715 ] [ERROR] [consumeBuffer:363]	====> the first buffer seq: 1 
[20:05:39.200] [6713 ] [ERROR] [consumeBuffer:363]	====> the first buffer seq: 1 
[20:05:39.204] [6712 ] [ERROR] [consumeBuffer:363]	====> the first buffer seq: 1 
[20:05:44.710] [6714 ] [ERROR] [consumeBuffer:363]	====> the first buffer seq: 1 
[20:05:45.263] [6712 ] [ERROR] [consumeBuffer:363]	====> the first buffer seq: 1 
[20:05:45.298] [6715 ] [ERROR] [consumeBuffer:363]	====> the first buffer seq: 1 
[20:05:45.420] [6713 ] [ERROR] [consumeBuffer:363]	====> the first buffer seq: 1 
[20:05:50.976] [6714 ] [ERROR] [consumeBuffer:363]	====> the first buffer seq: 1 
[20:05:51.786] [6713 ] [ERROR] [consumeBuffer:363]	====> the first buffer seq: 1 
[20:05:51.799] [6712 ] [ERROR] [consumeBuffer:363]	====> the first buffer seq: 1 
[20:05:51.826] [6715 ] [ERROR] [consumeBuffer:363]	====> the first buffer seq: 1 
[20:05:56.956] [6714 ] [ERROR] [consumeBuffer:363]	====> the first buffer seq: 1 
[20:05:58.213] [6715 ] [ERROR] [consumeBuffer:363]	====> the first buffer seq: 1 
[20:05:58.288] [6712 ] [ERROR] [consumeBuffer:363]	====> the first buffer seq: 1 
[20:05:58.320] [6713 ] [ERROR] [consumeBuffer:363]	====> the first buffer seq: 1 
[20:06:03.072] [6714 ] [ERROR] [consumeBuffer:363]	====> the first buffer seq: 1 
[20:06:04.559] [6712 ] [ERROR] [consumeBuffer:363]	====> the first buffer seq: 1 
[20:06:04.762] [6715 ] [ERROR] [consumeBuffer:363]	====> the first buffer seq: 1 
[20:06:04.880] [6713 ] [ERROR] [consumeBuffer:363]	====> the first buffer seq: 1 
[20:06:09.533] [6714 ] [ERROR] [consumeBuffer:363]	====> the first buffer seq: 1 
[20:06:11.107] [6712 ] [ERROR] [consumeBuffer:363]	====> the first buffer seq: 1 
[20:06:11.441] [6715 ] [ERROR] [consumeBuffer:363]	====> the first buffer seq: 1 
[20:06:11.452] [6713 ] [ERROR] [consumeBuffer:363]	====> the first buffer seq: 1 
[20:06:15.911] [6714 ] [ERROR] [consumeBuffer:363]	====> the first buffer seq: 1 
[20:06:17.403] [6712 ] [ERROR] [consumeBuffer:363]	====> the first buffer seq: 1 
[20:06:17.757] [6715 ] [ERROR] [consumeBuffer:363]	====> the first buffer seq: 1 
[20:06:17.848] [6713 ] [ERROR] [consumeBuffer:363]	====> the first buffer seq: 1 
[20:06:21.434] [6714 ] [ERROR] [consumeBuffer:363]	====> the first buffer seq: 1 
[20:06:22.982] [6712 ] [ERROR] [consumeBuffer:363]	====> the first buffer seq: 1 
[20:06:23.543] [6715 ] [ERROR] [consumeBuffer:363]	====> the first buffer seq: 1 
[20:06:23.678] [6713 ] [ERROR] [consumeBuffer:363]	====> the first buffer seq: 1 
[20:06:27.854] [6714 ] [ERROR] [consumeBuffer:363]	====> the first buffer seq: 1 
[20:06:29.332] [6712 ] [ERROR] [consumeBuffer:363]	====> the first buffer seq: 1 
[20:06:29.710] [6715 ] [ERROR] [consumeBuffer:363]	====> the first buffer seq: 1 
[20:06:30.143] [6713 ] [ERROR] [consumeBuffer:363]	====> the first buffer seq: 1 
[20:06:33.832] [6714 ] [ERROR] [consumeBuffer:363]	====> the first buffer seq: 1 
[20:06:35.486] [6712 ] [ERROR] [consumeBuffer:363]	====> the first buffer seq: 1 
[20:09:01.226] [6715 ] [ERROR] [consumeBuffer:363]	====> the first buffer seq: 1 
[20:09:01.231] [6713 ] [ERROR] [consumeBuffer:363]	====> the first buffer seq: 1 
[20:09:01.242] [6712 ] [ERROR] [consumeBuffer:363]	====> the first buffer seq: 1 
[20:09:01.244] [6714 ] [ERROR] [consumeBuffer:363]	====> the first buffer seq: 1 
[20:09:05.412] [6715 ] [ERROR] [consumeBuffer:363]	====> the first buffer seq: 1 
[20:09:06.932] [6713 ] [ERROR] [consumeBuffer:363]	====> the first buffer seq: 1 
[20:09:06.956] [6714 ] [ERROR] [consumeBuffer:363]	====> the first buffer seq: 1 
[20:09:07.058] [6712 ] [ERROR] [consumeBuffer:363]	====> the first buffer seq: 1 
[20:09:11.498] [6715 ] [ERROR] [consumeBuffer:363]	====> the first buffer seq: 1 
[20:09:12.795] [6713 ] [ERROR] [consumeBuffer:363]	====> the first buffer seq: 1 
[20:09:13.051] [6712 ] [ERROR] [consumeBuffer:363]	====> the first buffer seq: 1 
[20:09:13.160] [6714 ] [ERROR] [consumeBuffer:363]	====> the first buffer seq: 1 
[20:09:17.341] [6715 ] [ERROR] [consumeBuffer:363]	====> the first buffer seq: 1 
[20:09:18.792] [6713 ] [ERROR] [consumeBuffer:363]	====> the first buffer seq: 1 
[20:09:18.927] [6712 ] [ERROR] [consumeBuffer:363]	====> the first buffer seq: 1 
[20:09:19.201] [6714 ] [ERROR] [consumeBuffer:363]	====> the first buffer seq: 1 
[20:09:23.110] [6715 ] [ERROR] [consumeBuffer:363]	====> the first buffer seq: 1 
[20:09:24.825] [6712 ] [ERROR] [consumeBuffer:363]	====> the first buffer seq: 1 
[20:09:24.891] [6713 ] [ERROR] [consumeBuffer:363]	====> the first buffer seq: 1 
[20:09:25.252] [6714 ] [ERROR] [consumeBuffer:363]	====> the first buffer seq: 1 
[20:09:28.987] [6715 ] [ERROR] [consumeBuffer:363]	====> the first buffer seq: 1 
[20:09:30.932] [6712 ] [ERROR] [consumeBuffer:363]	====> the first buffer seq: 1 
[20:09:31.011] [6713 ] [ERROR] [consumeBuffer:363]	====> the first buffer seq: 1 
[20:09:31.199] [6714 ] [ERROR] [consumeBuffer:363]	====> the first buffer seq: 1 
[20:09:34.796] [6715 ] [ERROR] [consumeBuffer:363]	====> the first buffer seq: 1 
[20:09:37.187] [6712 ] [ERROR] [consumeBuffer:363]	====> the first buffer seq: 1 
[20:09:37.201] [6713 ] [ERROR] [consumeBuffer:363]	====> the first buffer seq: 1 
[20:09:37.304] [6714 ] [ERROR] [consumeBuffer:363]	====> the first buffer seq: 1 
[20:09:40.746] [6715 ] [ERROR] [consumeBuffer:363]	====> the first buffer seq: 1 
[20:09:43.359] [6712 ] [ERROR] [consumeBuffer:363]	====> the first buffer seq: 1 
[20:09:43.505] [6713 ] [ERROR] [consumeBuffer:363]	====> the first buffer seq: 1 
[20:09:43.576] [6714 ] [ERROR] [consumeBuffer:363]	====> the first buffer seq: 1 
[20:09:46.473] [6715 ] [ERROR] [consumeBuffer:363]	====> the first buffer seq: 1 
[20:09:49.384] [6712 ] [ERROR] [consumeBuffer:363]	====> the first buffer seq: 1 
[20:09:49.677] [6714 ] [ERROR] [consumeBuffer:363]	====> the first buffer seq: 1 
[20:09:49.743] [6713 ] [ERROR] [consumeBuffer:363]	====> the first buffer seq: 1 
[20:09:52.423] [6715 ] [ERROR] [consumeBuffer:363]	====> the first buffer seq: 1 
[20:09:55.428] [6712 ] [ERROR] [consumeBuffer:363]	====> the first buffer seq: 1 
[20:09:55.816] [6714 ] [ERROR] [consumeBuffer:363]	====> the first buffer seq: 1 
[20:09:55.830] [6713 ] [ERROR] [consumeBuffer:363]	====> the first buffer seq: 1 
[20:09:58.543] [6715 ] [ERROR] [consumeBuffer:363]	====> the first buffer seq: 1 
[20:10:01.702] [6712 ] [ERROR] [consumeBuffer:363]	====> the first buffer seq: 1 
[20:10:02.017] [6713 ] [ERROR] [consumeBuffer:363]	====> the first buffer seq: 1 
[20:10:02.121] [6714 ] [ERROR] [consumeBuffer:363]	====> the first buffer seq: 1 
[20:10:04.788] [6715 ] [ERROR] [consumeBuffer:363]	====> the first buffer seq: 1 
[20:10:07.939] [6712 ] [ERROR] [consumeBuffer:363]	====> the first buffer seq: 1 
[20:10:08.272] [6714 ] [ERROR] [consumeBuffer:363]	====> the first buffer seq: 1 
[20:10:08.352] [6713 ] [ERROR] [consumeBuffer:363]	====> the first buffer seq: 1 
[20:10:10.531] [6715 ] [ERROR] [consumeBuffer:363]	====> the first buffer seq: 1 
[20:10:13.597] [6712 ] [ERROR] [consumeBuffer:363]	====> the first buffer seq: 1 
[20:30:45.358] [6715 ] [ERROR] [consumeBuffer:363]	====> the first buffer seq: 1 
[20:30:45.359] [6714 ] [ERROR] [consumeBuffer:363]	====> the first buffer seq: 1 
[20:30:45.361] [6713 ] [ERROR] [consumeBuffer:363]	====> the first buffer seq: 1 
[20:30:45.366] [6712 ] [ERROR] [consumeBuffer:363]	====> the first buffer seq: 1 
[20:30:53.235] [6714 ] [ERROR] [consumeBuffer:363]	====> the first buffer seq: 1 
[20:30:54.510] [6713 ] [ERROR] [consumeBuffer:363]	====> the first buffer seq: 1 
[20:30:54.577] [6712 ] [ERROR] [consumeBuffer:363]	====> the first buffer seq: 1 
[20:30:54.750] [6715 ] [ERROR] [consumeBuffer:363]	====> the first buffer seq: 1 
[20:31:02.128] [6714 ] [ERROR] [consumeBuffer:363]	====> the first buffer seq: 1 
[20:31:03.421] [6713 ] [ERROR] [consumeBuffer:363]	====> the first buffer seq: 1 
[20:31:03.548] [6712 ] [ERROR] [consumeBuffer:363]	====> the first buffer seq: 1 
[20:31:03.772] [6715 ] [ERROR] [consumeBuffer:363]	====> the first buffer seq: 1 
[20:31:11.122] [6714 ] [ERROR] [consumeBuffer:363]	====> the first buffer seq: 1 
[20:31:12.544] [6712 ] [ERROR] [consumeBuffer:363]	====> the first buffer seq: 1 
[20:31:12.665] [6713 ] [ERROR] [consumeBuffer:363]	====> the first buffer seq: 1 
[20:31:12.990] [6715 ] [ERROR] [consumeBuffer:363]	====> the first buffer seq: 1 
[20:31:20.183] [6714 ] [ERROR] [consumeBuffer:363]	====> the first buffer seq: 1 
[20:31:21.757] [6712 ] [ERROR] [consumeBuffer:363]	====> the first buffer seq: 1 
[20:31:21.874] [6713 ] [ERROR] [consumeBuffer:363]	====> the first buffer seq: 1 
[20:31:22.199] [6715 ] [ERROR] [consumeBuffer:363]	====> the first buffer seq: 1 
[20:31:29.633] [6714 ] [ERROR] [consumeBuffer:363]	====> the first buffer seq: 1 
[20:31:31.143] [6712 ] [ERROR] [consumeBuffer:363]	====> the first buffer seq: 1 
[20:31:31.166] [6713 ] [ERROR] [consumeBuffer:363]	====> the first buffer seq: 1 
[20:31:31.490] [6715 ] [ERROR] [consumeBuffer:363]	====> the first buffer seq: 1 
[20:31:38.581] [6714 ] [ERROR] [consumeBuffer:363]	====> the first buffer seq: 1 
[20:31:40.319] [6712 ] [ERROR] [consumeBuffer:363]	====> the first buffer seq: 1 
[20:31:40.409] [6713 ] [ERROR] [consumeBuffer:363]	====> the first buffer seq: 1 
[20:31:40.634] [6715 ] [ERROR] [consumeBuffer:363]	====> the first buffer seq: 1 
[20:31:47.686] [6714 ] [ERROR] [consumeBuffer:363]	====> the first buffer seq: 1 
[20:31:49.678] [6712 ] [ERROR] [consumeBuffer:363]	====> the first buffer seq: 1 
[20:31:49.782] [6713 ] [ERROR] [consumeBuffer:363]	====> the first buffer seq: 1 
[20:31:49.997] [6715 ] [ERROR] [consumeBuffer:363]	====> the first buffer seq: 1 
[20:31:56.929] [6714 ] [ERROR] [consumeBuffer:363]	====> the first buffer seq: 1 
[20:31:58.903] [6712 ] [ERROR] [consumeBuffer:363]	====> the first buffer seq: 1 
[20:31:59.078] [6713 ] [ERROR] [consumeBuffer:363]	====> the first buffer seq: 1 
[20:31:59.640] [6715 ] [ERROR] [consumeBuffer:363]	====> the first buffer seq: 1 
[20:32:06.220] [6714 ] [ERROR] [consumeBuffer:363]	====> the first buffer seq: 1 
[20:32:08.141] [6712 ] [ERROR] [consumeBuffer:363]	====> the first buffer seq: 1 
[20:32:08.263] [6713 ] [ERROR] [consumeBuffer:363]	====> the first buffer seq: 1 
[20:32:08.570] [6715 ] [ERROR] [consumeBuffer:363]	====> the first buffer seq: 1 
[20:32:15.259] [6714 ] [ERROR] [consumeBuffer:363]	====> the first buffer seq: 1 
[20:32:17.292] [6712 ] [ERROR] [consumeBuffer:363]	====> the first buffer seq: 1 
[20:32:17.618] [6713 ] [ERROR] [consumeBuffer:363]	====> the first buffer seq: 1 
[20:32:17.668] [6715 ] [ERROR] [consumeBuffer:363]	====> the first buffer seq: 1 
[20:32:24.496] [6714 ] [ERROR] [consumeBuffer:363]	====> the first buffer seq: 1 
[20:32:26.461] [6712 ] [ERROR] [consumeBuffer:363]	====> the first buffer seq: 1 
[20:32:26.877] [6713 ] [ERROR] [consumeBuffer:363]	====> the first buffer seq: 1 
[20:32:27.058] [6715 ] [ERROR] [consumeBuffer:363]	====> the first buffer seq: 1 
[20:32:33.500] [6714 ] [ERROR] [consumeBuffer:363]	====> the first buffer seq: 1 
[20:32:35.871] [6712 ] [ERROR] [consumeBuffer:363]	====> the first buffer seq: 1 
[21:05:20.486] [6715 ] [ERROR] [consumeBuffer:363]	====> the first buffer seq: 1 
[21:05:20.487] [6713 ] [ERROR] [consumeBuffer:363]	====> the first buffer seq: 1 
[21:05:20.501] [6714 ] [ERROR] [consumeBuffer:363]	====> the first buffer seq: 1 
[21:05:20.511] [6712 ] [ERROR] [consumeBuffer:363]	====> the first buffer seq: 1 
[21:05:28.782] [6714 ] [ERROR] [consumeBuffer:363]	====> the first buffer seq: 1 
[21:05:29.569] [6715 ] [ERROR] [consumeBuffer:363]	====> the first buffer seq: 1 
[21:05:29.693] [6712 ] [ERROR] [consumeBuffer:363]	====> the first buffer seq: 1 
[21:05:29.857] [6713 ] [ERROR] [consumeBuffer:363]	====> the first buffer seq: 1 
[21:05:37.751] [6714 ] [ERROR] [consumeBuffer:363]	====> the first buffer seq: 1 
[21:05:38.646] [6715 ] [ERROR] [consumeBuffer:363]	====> the first buffer seq: 1 
[21:05:38.730] [6712 ] [ERROR] [consumeBuffer:363]	====> the first buffer seq: 1 
[21:05:38.836] [6713 ] [ERROR] [consumeBuffer:363]	====> the first buffer seq: 1 
[21:05:47.046] [6714 ] [ERROR] [consumeBuffer:363]	====> the first buffer seq: 1 
[21:05:47.929] [6715 ] [ERROR] [consumeBuffer:363]	====> the first buffer seq: 1 
[21:05:48.279] [6712 ] [ERROR] [consumeBuffer:363]	====> the first buffer seq: 1 
[21:05:48.282] [6713 ] [ERROR] [consumeBuffer:363]	====> the first buffer seq: 1 
[21:05:56.260] [6714 ] [ERROR] [consumeBuffer:363]	====> the first buffer seq: 1 
[21:05:57.361] [6715 ] [ERROR] [consumeBuffer:363]	====> the first buffer seq: 1 
[21:05:57.662] [6713 ] [ERROR] [consumeBuffer:363]	====> the first buffer seq: 1 
[21:05:57.692] [6712 ] [ERROR] [consumeBuffer:363]	====> the first buffer seq: 1 
[21:06:05.349] [6714 ] [ERROR] [consumeBuffer:363]	====> the first buffer seq: 1 
[21:06:06.489] [6715 ] [ERROR] [consumeBuffer:363]	====> the first buffer seq: 1 
[21:06:07.024] [6713 ] [ERROR] [consumeBuffer:363]	====> the first buffer seq: 1 
[21:06:07.172] [6712 ] [ERROR] [consumeBuffer:363]	====> the first buffer seq: 1 
[21:06:14.606] [6714 ] [ERROR] [consumeBuffer:363]	====> the first buffer seq: 1 
[21:06:15.518] [6715 ] [ERROR] [consumeBuffer:363]	====> the first buffer seq: 1 
[21:06:16.087] [6713 ] [ERROR] [consumeBuffer:363]	====> the first buffer seq: 1 
[21:06:16.411] [6712 ] [ERROR] [consumeBuffer:363]	====> the first buffer seq: 1 
[21:06:23.891] [6714 ] [ERROR] [consumeBuffer:363]	====> the first buffer seq: 1 
[21:06:24.768] [6715 ] [ERROR] [consumeBuffer:363]	====> the first buffer seq: 1 
[21:06:25.342] [6713 ] [ERROR] [consumeBuffer:363]	====> the first buffer seq: 1 
[21:06:25.650] [6712 ] [ERROR] [consumeBuffer:363]	====> the first buffer seq: 1 
[21:06:33.204] [6714 ] [ERROR] [consumeBuffer:363]	====> the first buffer seq: 1 
[21:06:33.992] [6715 ] [ERROR] [consumeBuffer:363]	====> the first buffer seq: 1 
[21:06:34.620] [6713 ] [ERROR] [consumeBuffer:363]	====> the first buffer seq: 1 
[21:06:34.810] [6712 ] [ERROR] [consumeBuffer:363]	====> the first buffer seq: 1 
[21:06:42.382] [6714 ] [ERROR] [consumeBuffer:363]	====> the first buffer seq: 1 
[21:06:43.463] [6715 ] [ERROR] [consumeBuffer:363]	====> the first buffer seq: 1 
[21:06:44.053] [6713 ] [ERROR] [consumeBuffer:363]	====> the first buffer seq: 1 
[21:06:44.407] [6712 ] [ERROR] [consumeBuffer:363]	====> the first buffer seq: 1 
[21:06:51.799] [6714 ] [ERROR] [consumeBuffer:363]	====> the first buffer seq: 1 
[21:06:53.165] [6715 ] [ERROR] [consumeBuffer:363]	====> the first buffer seq: 1 
[21:06:53.910] [6713 ] [ERROR] [consumeBuffer:363]	====> the first buffer seq: 1 
[21:06:53.991] [6712 ] [ERROR] [consumeBuffer:363]	====> the first buffer seq: 1 
[21:07:01.508] [6714 ] [ERROR] [consumeBuffer:363]	====> the first buffer seq: 1 
[21:07:02.750] [6715 ] [ERROR] [consumeBuffer:363]	====> the first buffer seq: 1 
[21:07:03.452] [6712 ] [ERROR] [consumeBuffer:363]	====> the first buffer seq: 1 
[21:07:03.657] [6713 ] [ERROR] [consumeBuffer:363]	====> the first buffer seq: 1 
[21:07:10.860] [6714 ] [ERROR] [consumeBuffer:363]	====> the first buffer seq: 1 
[21:07:12.231] [6715 ] [ERROR] [consumeBuffer:363]	====> the first buffer seq: 1 
[21:43:33.590] [6712 ] [ERROR] [consumeBuffer:363]	====> the first buffer seq: 1 
[21:43:33.600] [6713 ] [ERROR] [consumeBuffer:363]	====> the first buffer seq: 1 
[21:43:33.606] [6714 ] [ERROR] [consumeBuffer:363]	====> the first buffer seq: 1 
[21:43:33.636] [6715 ] [ERROR] [consumeBuffer:363]	====> the first buffer seq: 1 
[21:43:41.629] [6712 ] [ERROR] [consumeBuffer:363]	====> the first buffer seq: 1 
[21:43:42.443] [6714 ] [ERROR] [consumeBuffer:363]	====> the first buffer seq: 1 
[21:43:42.708] [6713 ] [ERROR] [consumeBuffer:363]	====> the first buffer seq: 1 
[21:43:42.781] [6715 ] [ERROR] [consumeBuffer:363]	====> the first buffer seq: 1 
[21:43:50.675] [6712 ] [ERROR] [consumeBuffer:363]	====> the first buffer seq: 1 
[21:43:51.510] [6714 ] [ERROR] [consumeBuffer:363]	====> the first buffer seq: 1 
[21:43:51.717] [6715 ] [ERROR] [consumeBuffer:363]	====> the first buffer seq: 1 
[21:43:51.758] [6713 ] [ERROR] [consumeBuffer:363]	====> the first buffer seq: 1 
[21:44:00.306] [6712 ] [ERROR] [consumeBuffer:363]	====> the first buffer seq: 1 
[21:44:01.051] [6714 ] [ERROR] [consumeBuffer:363]	====> the first buffer seq: 1 
[21:44:01.494] [6715 ] [ERROR] [consumeBuffer:363]	====> the first buffer seq: 1 
[21:44:01.529] [6713 ] [ERROR] [consumeBuffer:363]	====> the first buffer seq: 1 
[21:44:09.966] [6712 ] [ERROR] [consumeBuffer:363]	====> the first buffer seq: 1 
[21:44:10.710] [6714 ] [ERROR] [consumeBuffer:363]	====> the first buffer seq: 1 
[21:44:11.115] [6713 ] [ERROR] [consumeBuffer:363]	====> the first buffer seq: 1 
[21:44:11.142] [6715 ] [ERROR] [consumeBuffer:363]	====> the first buffer seq: 1 
[21:44:19.569] [6712 ] [ERROR] [consumeBuffer:363]	====> the first buffer seq: 1 
[21:44:20.175] [6714 ] [ERROR] [consumeBuffer:363]	====> the first buffer seq: 1 
[21:44:20.869] [6715 ] [ERROR] [consumeBuffer:363]	====> the first buffer seq: 1 
[21:44:20.870] [6713 ] [ERROR] [consumeBuffer:363]	====> the first buffer seq: 1 
[21:44:29.047] [6712 ] [ERROR] [consumeBuffer:363]	====> the first buffer seq: 1 
[21:44:29.598] [6714 ] [ERROR] [consumeBuffer:363]	====> the first buffer seq: 1 
[21:44:30.300] [6715 ] [ERROR] [consumeBuffer:363]	====> the first buffer seq: 1 
[21:44:30.301] [6713 ] [ERROR] [consumeBuffer:363]	====> the first buffer seq: 1 
[21:44:38.621] [6712 ] [ERROR] [consumeBuffer:363]	====> the first buffer seq: 1 
[21:44:39.151] [6714 ] [ERROR] [consumeBuffer:363]	====> the first buffer seq: 1 
[21:44:39.881] [6715 ] [ERROR] [consumeBuffer:363]	====> the first buffer seq: 1 
[21:44:39.974] [6713 ] [ERROR] [consumeBuffer:363]	====> the first buffer seq: 1 
[21:44:47.772] [6712 ] [ERROR] [consumeBuffer:363]	====> the first buffer seq: 1 
[21:44:48.246] [6714 ] [ERROR] [consumeBuffer:363]	====> the first buffer seq: 1 
[21:44:49.051] [6713 ] [ERROR] [consumeBuffer:363]	====> the first buffer seq: 1 
[21:44:49.151] [6715 ] [ERROR] [consumeBuffer:363]	====> the first buffer seq: 1 
[21:44:57.244] [6712 ] [ERROR] [consumeBuffer:363]	====> the first buffer seq: 1 
[21:44:57.716] [6714 ] [ERROR] [consumeBuffer:363]	====> the first buffer seq: 1 
[21:44:58.612] [6713 ] [ERROR] [consumeBuffer:363]	====> the first buffer seq: 1 
[21:44:58.698] [6715 ] [ERROR] [consumeBuffer:363]	====> the first buffer seq: 1 
[21:45:06.813] [6712 ] [ERROR] [consumeBuffer:363]	====> the first buffer seq: 1 
[21:45:07.501] [6714 ] [ERROR] [consumeBuffer:363]	====> the first buffer seq: 1 
[21:45:08.152] [6713 ] [ERROR] [consumeBuffer:363]	====> the first buffer seq: 1 
[21:45:08.287] [6715 ] [ERROR] [consumeBuffer:363]	====> the first buffer seq: 1 
[21:45:15.762] [6712 ] [ERROR] [consumeBuffer:363]	====> the first buffer seq: 1 
[21:45:16.326] [6714 ] [ERROR] [consumeBuffer:363]	====> the first buffer seq: 1 
[21:45:16.742] [6713 ] [ERROR] [consumeBuffer:363]	====> the first buffer seq: 1 
[21:45:16.904] [6715 ] [ERROR] [consumeBuffer:363]	====> the first buffer seq: 1 
[21:45:24.589] [6712 ] [ERROR] [consumeBuffer:363]	====> the first buffer seq: 1 
[21:45:25.377] [6714 ] [ERROR] [consumeBuffer:363]	====> the first buffer seq: 1 
[21:47:30.439] [6715 ] [ERROR] [consumeBuffer:363]	====> the first buffer seq: 1 
[21:47:30.460] [6713 ] [ERROR] [consumeBuffer:363]	====> the first buffer seq: 1 
[21:47:30.467] [6712 ] [ERROR] [consumeBuffer:363]	====> the first buffer seq: 1 
[21:47:30.511] [6714 ] [ERROR] [consumeBuffer:363]	====> the first buffer seq: 1 
[21:47:39.344] [6715 ] [ERROR] [consumeBuffer:363]	====> the first buffer seq: 1 
[21:47:40.392] [6714 ] [ERROR] [consumeBuffer:363]	====> the first buffer seq: 1 
[21:47:40.490] [6712 ] [ERROR] [consumeBuffer:363]	====> the first buffer seq: 1 
[21:47:40.599] [6713 ] [ERROR] [consumeBuffer:363]	====> the first buffer seq: 1 
[21:47:48.781] [6715 ] [ERROR] [consumeBuffer:363]	====> the first buffer seq: 1 
[21:47:50.462] [6714 ] [ERROR] [consumeBuffer:363]	====> the first buffer seq: 1 
[21:47:50.483] [6712 ] [ERROR] [consumeBuffer:363]	====> the first buffer seq: 1 
[21:47:50.625] [6713 ] [ERROR] [consumeBuffer:363]	====> the first buffer seq: 1 
[21:47:58.394] [6715 ] [ERROR] [consumeBuffer:363]	====> the first buffer seq: 1 
[21:48:00.040] [6714 ] [ERROR] [consumeBuffer:363]	====> the first buffer seq: 1 
[21:48:00.351] [6713 ] [ERROR] [consumeBuffer:363]	====> the first buffer seq: 1 
[21:48:00.442] [6712 ] [ERROR] [consumeBuffer:363]	====> the first buffer seq: 1 
[21:48:08.201] [6715 ] [ERROR] [consumeBuffer:363]	====> the first buffer seq: 1 
[21:48:09.583] [6714 ] [ERROR] [consumeBuffer:363]	====> the first buffer seq: 1 
[21:48:09.947] [6713 ] [ERROR] [consumeBuffer:363]	====> the first buffer seq: 1 
[21:48:10.030] [6712 ] [ERROR] [consumeBuffer:363]	====> the first buffer seq: 1 
[21:48:17.426] [6715 ] [ERROR] [consumeBuffer:363]	====> the first buffer seq: 1 
[21:48:18.758] [6714 ] [ERROR] [consumeBuffer:363]	====> the first buffer seq: 1 
[21:48:19.320] [6713 ] [ERROR] [consumeBuffer:363]	====> the first buffer seq: 1 
[21:48:19.360] [6712 ] [ERROR] [consumeBuffer:363]	====> the first buffer seq: 1 
[21:48:26.773] [6715 ] [ERROR] [consumeBuffer:363]	====> the first buffer seq: 1 
[21:48:28.275] [6714 ] [ERROR] [consumeBuffer:363]	====> the first buffer seq: 1 
[21:48:28.783] [6713 ] [ERROR] [consumeBuffer:363]	====> the first buffer seq: 1 
[21:48:28.787] [6712 ] [ERROR] [consumeBuffer:363]	====> the first buffer seq: 1 
[21:48:36.058] [6715 ] [ERROR] [consumeBuffer:363]	====> the first buffer seq: 1 
[21:48:37.807] [6714 ] [ERROR] [consumeBuffer:363]	====> the first buffer seq: 1 
[21:48:38.290] [6712 ] [ERROR] [consumeBuffer:363]	====> the first buffer seq: 1 
[21:48:38.341] [6713 ] [ERROR] [consumeBuffer:363]	====> the first buffer seq: 1 
[21:48:44.870] [6715 ] [ERROR] [consumeBuffer:363]	====> the first buffer seq: 1 
[21:48:46.772] [6714 ] [ERROR] [consumeBuffer:363]	====> the first buffer seq: 1 
[21:48:47.495] [6712 ] [ERROR] [consumeBuffer:363]	====> the first buffer seq: 1 
[21:48:47.511] [6713 ] [ERROR] [consumeBuffer:363]	====> the first buffer seq: 1 
[21:48:54.146] [6715 ] [ERROR] [consumeBuffer:363]	====> the first buffer seq: 1 
[21:48:55.937] [6714 ] [ERROR] [consumeBuffer:363]	====> the first buffer seq: 1 
[21:48:56.727] [6713 ] [ERROR] [consumeBuffer:363]	====> the first buffer seq: 1 
[21:48:56.748] [6712 ] [ERROR] [consumeBuffer:363]	====> the first buffer seq: 1 
[21:49:03.298] [6715 ] [ERROR] [consumeBuffer:363]	====> the first buffer seq: 1 
[21:49:05.059] [6714 ] [ERROR] [consumeBuffer:363]	====> the first buffer seq: 1 
[21:49:05.823] [6712 ] [ERROR] [consumeBuffer:363]	====> the first buffer seq: 1 
[21:49:06.012] [6713 ] [ERROR] [consumeBuffer:363]	====> the first buffer seq: 1 
[21:49:12.793] [6715 ] [ERROR] [consumeBuffer:363]	====> the first buffer seq: 1 
[21:49:14.578] [6714 ] [ERROR] [consumeBuffer:363]	====> the first buffer seq: 1 
[21:49:15.423] [6712 ] [ERROR] [consumeBuffer:363]	====> the first buffer seq: 1 
[21:49:15.741] [6713 ] [ERROR] [consumeBuffer:363]	====> the first buffer seq: 1 
[21:49:22.202] [6715 ] [ERROR] [consumeBuffer:363]	====> the first buffer seq: 1 
[21:49:23.737] [6714 ] [ERROR] [consumeBuffer:363]	====> the first buffer seq: 1 
[15:26:49.184] [6712 ] [ERROR] [consumeBuffer:363]	====> the first buffer seq: 1 
[15:26:49.195] [6713 ] [ERROR] [consumeBuffer:363]	====> the first buffer seq: 1 
[15:26:49.212] [6715 ] [ERROR] [consumeBuffer:363]	====> the first buffer seq: 1 
[15:26:49.226] [6714 ] [ERROR] [consumeBuffer:363]	====> the first buffer seq: 1 
[15:26:58.028] [6712 ] [ERROR] [consumeBuffer:363]	====> the first buffer seq: 1 
[15:26:59.229] [6715 ] [ERROR] [consumeBuffer:363]	====> the first buffer seq: 1 
[15:26:59.447] [6713 ] [ERROR] [consumeBuffer:363]	====> the first buffer seq: 1 
[15:26:59.591] [6714 ] [ERROR] [consumeBuffer:363]	====> the first buffer seq: 1 
[15:27:07.915] [6712 ] [ERROR] [consumeBuffer:363]	====> the first buffer seq: 1 
[15:27:09.364] [6715 ] [ERROR] [consumeBuffer:363]	====> the first buffer seq: 1 
[15:27:09.477] [6713 ] [ERROR] [consumeBuffer:363]	====> the first buffer seq: 1 
[15:27:09.722] [6714 ] [ERROR] [consumeBuffer:363]	====> the first buffer seq: 1 
[15:27:17.353] [6712 ] [ERROR] [consumeBuffer:363]	====> the first buffer seq: 1 
[15:27:18.625] [6715 ] [ERROR] [consumeBuffer:363]	====> the first buffer seq: 1 
[15:27:19.032] [6713 ] [ERROR] [consumeBuffer:363]	====> the first buffer seq: 1 
[15:27:19.416] [6714 ] [ERROR] [consumeBuffer:363]	====> the first buffer seq: 1 
[15:27:26.856] [6712 ] [ERROR] [consumeBuffer:363]	====> the first buffer seq: 1 
[15:27:28.144] [6715 ] [ERROR] [consumeBuffer:363]	====> the first buffer seq: 1 
[15:27:28.521] [6713 ] [ERROR] [consumeBuffer:363]	====> the first buffer seq: 1 
[15:27:29.113] [6714 ] [ERROR] [consumeBuffer:363]	====> the first buffer seq: 1 
[15:27:36.385] [6712 ] [ERROR] [consumeBuffer:363]	====> the first buffer seq: 1 
[15:27:37.668] [6715 ] [ERROR] [consumeBuffer:363]	====> the first buffer seq: 1 
[15:27:38.017] [6713 ] [ERROR] [consumeBuffer:363]	====> the first buffer seq: 1 
[15:27:38.631] [6714 ] [ERROR] [consumeBuffer:363]	====> the first buffer seq: 1 
[15:27:45.716] [6712 ] [ERROR] [consumeBuffer:363]	====> the first buffer seq: 1 
[15:27:46.922] [6715 ] [ERROR] [consumeBuffer:363]	====> the first buffer seq: 1 
[15:27:47.360] [6713 ] [ERROR] [consumeBuffer:363]	====> the first buffer seq: 1 
[15:27:48.005] [6714 ] [ERROR] [consumeBuffer:363]	====> the first buffer seq: 1 
[15:27:54.995] [6712 ] [ERROR] [consumeBuffer:363]	====> the first buffer seq: 1 
[15:27:56.340] [6715 ] [ERROR] [consumeBuffer:363]	====> the first buffer seq: 1 
[15:27:56.832] [6713 ] [ERROR] [consumeBuffer:363]	====> the first buffer seq: 1 
[15:27:57.285] [6714 ] [ERROR] [consumeBuffer:363]	====> the first buffer seq: 1 
[15:28:05.641] [6712 ] [ERROR] [consumeBuffer:363]	====> the first buffer seq: 1 
[15:28:05.760] [6715 ] [ERROR] [consumeBuffer:363]	====> the first buffer seq: 1 
[15:28:06.407] [6713 ] [ERROR] [consumeBuffer:363]	====> the first buffer seq: 1 
[15:28:06.568] [6714 ] [ERROR] [consumeBuffer:363]	====> the first buffer seq: 1 
[15:28:14.996] [6715 ] [ERROR] [consumeBuffer:363]	====> the first buffer seq: 1 
[15:28:15.108] [6712 ] [ERROR] [consumeBuffer:363]	====> the first buffer seq: 1 
[15:28:15.919] [6713 ] [ERROR] [consumeBuffer:363]	====> the first buffer seq: 1 
[15:28:16.008] [6714 ] [ERROR] [consumeBuffer:363]	====> the first buffer seq: 1 
[15:28:23.806] [6715 ] [ERROR] [consumeBuffer:363]	====> the first buffer seq: 1 
[15:28:24.113] [6712 ] [ERROR] [consumeBuffer:363]	====> the first buffer seq: 1 
[15:28:24.801] [6714 ] [ERROR] [consumeBuffer:363]	====> the first buffer seq: 1 
[15:28:24.936] [6713 ] [ERROR] [consumeBuffer:363]	====> the first buffer seq: 1 
[15:28:32.498] [6715 ] [ERROR] [consumeBuffer:363]	====> the first buffer seq: 1 
[15:28:32.827] [6712 ] [ERROR] [consumeBuffer:363]	====> the first buffer seq: 1 
[15:28:33.415] [6714 ] [ERROR] [consumeBuffer:363]	====> the first buffer seq: 1 
[15:28:33.535] [6713 ] [ERROR] [consumeBuffer:363]	====> the first buffer seq: 1 
[15:28:41.157] [6715 ] [ERROR] [consumeBuffer:363]	====> the first buffer seq: 1 
[15:28:41.648] [6712 ] [ERROR] [consumeBuffer:363]	====> the first buffer seq: 1 
[15:28:52.209] [6714 ] [WARN ] [run:156]	no data for input !!!! 
[15:28:52.210] [6714 ] [ERROR] [processMpcBusi:231]	MPC run failed ! taskID: 1058926e-4987-4298-a8be-d9157d68395b  
[15:28:52.227] [6715 ] [WARN ] [run:156]	no data for input !!!! 
[15:28:52.227] [6715 ] [ERROR] [processMpcBusi:231]	MPC run failed ! taskID: ceceb4ab-8c76-4ddd-915c-fbb50247531e  
[15:28:52.231] [6713 ] [WARN ] [run:156]	no data for input !!!! 
[15:28:52.231] [6713 ] [ERROR] [processMpcBusi:231]	MPC run failed ! taskID: c3442fa3-2c18-4a11-9595-065672fdfd38  
[15:28:52.239] [6712 ] [WARN ] [run:156]	no data for input !!!! 
[15:28:52.239] [6712 ] [ERROR] [processMpcBusi:231]	MPC run failed ! taskID: a3bb5805-8265-44a9-8cf8-138202738de0  
[15:28:54.228] [6714 ] [WARN ] [processTask:148]	processor a MPC task: 1058926e-4987-4298-a8be-d9157d68395b Failed ! 
[15:28:54.243] [6715 ] [WARN ] [processTask:148]	processor a MPC task: ceceb4ab-8c76-4ddd-915c-fbb50247531e Failed ! 
[15:28:54.246] [6713 ] [WARN ] [processTask:148]	processor a MPC task: c3442fa3-2c18-4a11-9595-065672fdfd38 Failed ! 
[15:28:54.256] [6712 ] [WARN ] [processTask:148]	processor a MPC task: a3bb5805-8265-44a9-8cf8-138202738de0 Failed ! 
[16:10:32.864] [16638] [ERROR] [error:157]	got error busi back: 974aa042-75a6-406b-affe-c628a2be51b8, code: 1007 
[16:10:32.864] [16638] [WARN ] [error:167]	busi err back, erase task failed, cannot find cache task: 974aa042-75a6-406b-affe-c628a2be51b8 !  [THE user: test003] 
[16:10:32.907] [30060] [ERROR] [error:157]	got error busi back: bb403281-6cce-48a4-84cd-75fc5a63de1a, code: 1007 
[16:10:32.908] [30060] [WARN ] [error:167]	busi err back, erase task failed, cannot find cache task: bb403281-6cce-48a4-84cd-75fc5a63de1a !  [THE user: test003] 
[16:10:34.048] [16638] [ERROR] [error:157]	got error busi back: 7bb1b412-2fa2-488b-973c-3ca94b7767d0, code: 1007 
[16:10:34.861] [30060] [ERROR] [error:157]	got error busi back: 6fcfeb79-1b9b-4740-85e9-2cd1c62ce2b7, code: 1007 
[16:10:34.861] [30060] [WARN ] [error:167]	busi err back, erase task failed, cannot find cache task: 6fcfeb79-1b9b-4740-85e9-2cd1c62ce2b7 !  [THE user: test003] 
[16:10:36.312] [4491 ] [WARN ] [~MpcMemPool:48]	the mempool is freed! 
