[18:04:56.015] [9019 ] [INFO ] [JNI_OnLoad:24]	jvm onload success ! 
[18:04:56.016] [9019 ] [INFO ] [init:111]	JniNativeCallback init ok. 
[18:04:56.016] [9019 ] [INFO ] [init:136]	to init engine, user: test003, mode: 0, proxyEndpoint: ProxyGlacier2/router:tcp -h 202.114.114.46 -p 4502 -t 11000 
[18:04:56.016] [9019 ] [WARN ] [init:158]	Cannot find the --Mpc.Data=xxxxx config item ! 
[18:04:56.016] [9019 ] [INFO ] [parseCircuits:365]	** preload circuit:  /home/lmars/gc/crossk10_10.gc 
[18:04:56.016] [9019 ] [INFO ] [init:172]	the --Mpc.Circuits=/home/lmars/gc/crossk10_10.gc is set ! 
[18:04:57.336] [9019 ] [INFO ] [resolveCiruit:326]	** circuit resolve => circuit: /home/lmars/gc/crossk10_10.gc , gates: 2476000, andGate: 825500, wires: 2478560, cost time: 1.319709 seconds, speed: 1876171.787584 (gc / second) ** 
[18:04:57.336] [9019 ] [INFO ] [CircuitFile:108]	circuit: /home/lmars/gc/crossk10_10.gc,  hash: 1AB21D8355CFA17F8E61194831E81A8F22BEC8C728FEFB747ED035EB5082AA2B 
[18:04:57.336] [9019 ] [INFO ] [init:188]	preload circuits ok ! 
[18:04:57.336] [9019 ] [INFO ] [init:212]	Not start node server ! use proxy forward ! 
[18:04:57.336] [9019 ] [INFO ] [MpcTaskDispatcher:39]	construct task dispatcher, with 8 processor, load balence is: 16384 
[18:04:57.336] [9019 ] [INFO ] [init:63]	INIT the processor: 0, type: 0 ok 
[18:04:57.336] [9114 ] [INFO ] [operator():54]	task processor: 0 is running... 
[18:04:57.336] [9019 ] [INFO ] [init:63]	INIT the processor: 1, type: 0 ok 
[18:04:57.336] [9115 ] [INFO ] [operator():54]	task processor: 1 is running... 
[18:04:57.336] [9019 ] [INFO ] [init:63]	INIT the processor: 2, type: 0 ok 
[18:04:57.336] [9115 ] [INFO ] [popInvitorReadyTask:270]	to POP a ready task from ready invitor queue to processor, now read_num: 0 ... 
[18:04:57.336] [9114 ] [INFO ] [popInvitorReadyTask:270]	to POP a ready task from ready invitor queue to processor, now read_num: 0 ... 
[18:04:57.336] [9116 ] [INFO ] [operator():54]	task processor: 2 is running... 
[18:04:57.337] [9019 ] [INFO ] [init:63]	INIT the processor: 3, type: 0 ok 
[18:04:57.337] [9117 ] [INFO ] [operator():54]	task processor: 3 is running... 
[18:04:57.337] [9019 ] [INFO ] [init:63]	INIT the processor: 4, type: 1 ok 
[18:04:57.337] [9117 ] [INFO ] [popInvitorReadyTask:270]	to POP a ready task from ready invitor queue to processor, now read_num: 0 ... 
[18:04:57.337] [9116 ] [INFO ] [popInvitorReadyTask:270]	to POP a ready task from ready invitor queue to processor, now read_num: 0 ... 
[18:04:57.337] [9118 ] [INFO ] [operator():54]	task processor: 4 is running... 
[18:04:57.337] [9019 ] [INFO ] [init:63]	INIT the processor: 5, type: 1 ok 
[18:04:57.337] [9118 ] [INFO ] [popInviteeReadyTask:208]	to POP a ready task from ready invitee queue to processor, now read_num: 0 ... 
[18:04:57.337] [9119 ] [INFO ] [operator():54]	task processor: 5 is running... 
[18:04:57.337] [9019 ] [INFO ] [init:63]	INIT the processor: 6, type: 1 ok 
[18:04:57.337] [9119 ] [INFO ] [popInviteeReadyTask:208]	to POP a ready task from ready invitee queue to processor, now read_num: 0 ... 
[18:04:57.337] [9019 ] [INFO ] [init:63]	INIT the processor: 7, type: 1 ok 
[18:04:57.337] [9019 ] [INFO ] [init:234]	INIT task dispatcher done ! 
[18:04:57.337] [9120 ] [INFO ] [operator():54]	task processor: 6 is running... 
[18:04:57.338] [9120 ] [INFO ] [popInviteeReadyTask:208]	to POP a ready task from ready invitee queue to processor, now read_num: 0 ... 
[18:04:57.338] [9121 ] [INFO ] [operator():54]	task processor: 7 is running... 
[18:04:57.338] [9121 ] [INFO ] [popInviteeReadyTask:208]	to POP a ready task from ready invitee queue to processor, now read_num: 0 ... 
[18:04:57.338] [9019 ] [INFO ] [init:64]	connect to busi proxy server endpoint: ProxyGlacier2/router:tcp -h 202.114.114.46 -p 4502 -t 11000 
[18:04:57.354] [9126 ] [INFO ] [connected:34]	to get session... 
[18:04:57.354] [9126 ] [INFO ] [connected:38]	to get create busi node callback... 
[18:04:57.354] [9126 ] [INFO ] [connected:46]	to set node callback, public endpoint: ProxyGlacier2/router:tcp -h 202.114.114.46 -p 4502 -t 11000, user: test003 ... 
[18:04:57.360] [9126 ] [WARN ] [connected:55]	the busi session create success. 
[18:04:57.845] [9019 ] [INFO ] [init:69]	waiting for node busi client inited ... timeout 1s.. 
[18:04:57.846] [9019 ] [INFO ] [init:74]	the busi node communicator is prepared !!!! 
[18:04:57.846] [9019 ] [INFO ] [init:86]	INIT busi node client success. user: test003, proxyEndpoint: ProxyGlacier2/router:tcp -h 202.114.114.46 -p 4502 -t 11000 
[18:04:57.846] [9019 ] [INFO ] [init:244]	INIT busi node client done ! 
[18:04:57.846] [9019 ] [INFO ] [init:48]	input ready process init ok. 
[18:04:57.846] [9019 ] [INFO ] [init:253]	INIT input ready processor done ! 
[18:04:57.846] [9019 ] [INFO ] [init:48]	ready process init ok. max request queue size: 4 
[18:04:57.846] [9019 ] [INFO ] [init:263]	INIT ready processor done ! 
[18:04:57.846] [9019 ] [INFO ] [init:269]	Mpc engine init success. 
[18:04:57.846] [9172 ] [INFO ] [popCommitTask:127]	to POP a commit task, task size: 0  ... 
[18:04:57.847] [9019 ] [INFO ] [Java_com_juzix_jugo_node_jni_NativeInterface_setDataLogLevel:155]	init the log to level: 3, data log state: 0 
[18:05:03.015] [9125 ] [WARN ] [MpcMemPool:42]	the mempool construction, size: 134217728, mem: 0x7f92efd5d010 
[18:05:03.048] [9118 ] [ERROR] [consumeBuffer:363]	====> the first buffer seq: 1 
[18:05:03.132] [9119 ] [ERROR] [consumeBuffer:363]	====> the first buffer seq: 1 
[18:05:03.144] [9120 ] [ERROR] [consumeBuffer:363]	====> the first buffer seq: 1 
[18:05:03.162] [9121 ] [ERROR] [consumeBuffer:363]	====> the first buffer seq: 1 
[18:05:11.537] [9118 ] [ERROR] [consumeBuffer:363]	====> the first buffer seq: 1 
[18:05:11.820] [9119 ] [ERROR] [consumeBuffer:363]	====> the first buffer seq: 1 
[18:05:11.876] [9120 ] [ERROR] [consumeBuffer:363]	====> the first buffer seq: 1 
[18:05:11.968] [9121 ] [ERROR] [consumeBuffer:363]	====> the first buffer seq: 1 
[18:05:18.802] [9118 ] [ERROR] [consumeBuffer:363]	====> the first buffer seq: 1 
[18:05:18.831] [9119 ] [ERROR] [consumeBuffer:363]	====> the first buffer seq: 1 
[18:05:19.104] [9120 ] [ERROR] [consumeBuffer:363]	====> the first buffer seq: 1 
[18:05:19.270] [9121 ] [ERROR] [consumeBuffer:363]	====> the first buffer seq: 1 
[18:05:25.904] [9118 ] [ERROR] [consumeBuffer:363]	====> the first buffer seq: 1 
[18:05:25.907] [9119 ] [ERROR] [consumeBuffer:363]	====> the first buffer seq: 1 
[18:05:26.181] [9120 ] [ERROR] [consumeBuffer:363]	====> the first buffer seq: 1 
[18:05:26.270] [9121 ] [ERROR] [consumeBuffer:363]	====> the first buffer seq: 1 
[18:05:33.055] [9119 ] [ERROR] [consumeBuffer:363]	====> the first buffer seq: 1 
[18:05:33.127] [9118 ] [ERROR] [consumeBuffer:363]	====> the first buffer seq: 1 
[18:05:33.297] [9120 ] [ERROR] [consumeBuffer:363]	====> the first buffer seq: 1 
[18:05:33.455] [9121 ] [ERROR] [consumeBuffer:363]	====> the first buffer seq: 1 
[18:05:40.279] [9119 ] [ERROR] [consumeBuffer:363]	====> the first buffer seq: 1 
[18:05:40.341] [9118 ] [ERROR] [consumeBuffer:363]	====> the first buffer seq: 1 
[18:05:40.414] [9120 ] [ERROR] [consumeBuffer:363]	====> the first buffer seq: 1 
[18:05:40.671] [9121 ] [ERROR] [consumeBuffer:363]	====> the first buffer seq: 1 
[18:05:47.286] [9120 ] [ERROR] [consumeBuffer:363]	====> the first buffer seq: 1 
[18:05:47.292] [9118 ] [ERROR] [consumeBuffer:363]	====> the first buffer seq: 1 
[18:05:47.362] [9119 ] [ERROR] [consumeBuffer:363]	====> the first buffer seq: 1 
[18:05:47.770] [9121 ] [ERROR] [consumeBuffer:363]	====> the first buffer seq: 1 
[18:05:54.638] [9119 ] [ERROR] [consumeBuffer:363]	====> the first buffer seq: 1 
[18:05:54.739] [9118 ] [ERROR] [consumeBuffer:363]	====> the first buffer seq: 1 
[18:05:54.750] [9120 ] [ERROR] [consumeBuffer:363]	====> the first buffer seq: 1 
[18:05:54.960] [9121 ] [ERROR] [consumeBuffer:363]	====> the first buffer seq: 1 
[18:06:01.857] [9118 ] [ERROR] [consumeBuffer:363]	====> the first buffer seq: 1 
[18:06:01.909] [9119 ] [ERROR] [consumeBuffer:363]	====> the first buffer seq: 1 
[18:06:01.935] [9120 ] [ERROR] [consumeBuffer:363]	====> the first buffer seq: 1 
[18:06:02.104] [9121 ] [ERROR] [consumeBuffer:363]	====> the first buffer seq: 1 
[18:06:08.893] [9118 ] [ERROR] [consumeBuffer:363]	====> the first buffer seq: 1 
[18:06:08.995] [9119 ] [ERROR] [consumeBuffer:363]	====> the first buffer seq: 1 
[18:06:09.143] [9120 ] [ERROR] [consumeBuffer:363]	====> the first buffer seq: 1 
[18:06:09.234] [9121 ] [ERROR] [consumeBuffer:363]	====> the first buffer seq: 1 
[18:06:16.092] [9119 ] [ERROR] [consumeBuffer:363]	====> the first buffer seq: 1 
[18:06:16.157] [9118 ] [ERROR] [consumeBuffer:363]	====> the first buffer seq: 1 
[18:06:16.381] [9120 ] [ERROR] [consumeBuffer:363]	====> the first buffer seq: 1 
[18:06:16.460] [9121 ] [ERROR] [consumeBuffer:363]	====> the first buffer seq: 1 
[18:06:23.231] [9119 ] [ERROR] [consumeBuffer:363]	====> the first buffer seq: 1 
[18:06:23.261] [9118 ] [ERROR] [consumeBuffer:363]	====> the first buffer seq: 1 
[18:06:23.666] [9120 ] [ERROR] [consumeBuffer:363]	====> the first buffer seq: 1 
[18:06:23.752] [9121 ] [ERROR] [consumeBuffer:363]	====> the first buffer seq: 1 
[18:06:30.312] [9118 ] [ERROR] [consumeBuffer:363]	====> the first buffer seq: 1 
[18:06:30.463] [9119 ] [ERROR] [consumeBuffer:363]	====> the first buffer seq: 1 
[18:06:30.968] [9120 ] [ERROR] [consumeBuffer:363]	====> the first buffer seq: 1 
[18:06:31.202] [9121 ] [ERROR] [consumeBuffer:363]	====> the first buffer seq: 1 
[18:06:37.384] [9118 ] [ERROR] [consumeBuffer:363]	====> the first buffer seq: 1 
[18:06:37.723] [9119 ] [ERROR] [consumeBuffer:363]	====> the first buffer seq: 1 
[18:06:38.194] [9120 ] [ERROR] [consumeBuffer:363]	====> the first buffer seq: 1 
[18:06:38.433] [9121 ] [ERROR] [consumeBuffer:363]	====> the first buffer seq: 1 
[18:06:44.867] [9118 ] [ERROR] [consumeBuffer:363]	====> the first buffer seq: 1 
[18:06:45.057] [9119 ] [ERROR] [consumeBuffer:363]	====> the first buffer seq: 1 
[18:06:45.588] [9120 ] [ERROR] [consumeBuffer:363]	====> the first buffer seq: 1 
[18:06:45.920] [9121 ] [ERROR] [consumeBuffer:363]	====> the first buffer seq: 1 
[18:06:52.041] [9118 ] [ERROR] [consumeBuffer:363]	====> the first buffer seq: 1 
[18:06:52.749] [9119 ] [ERROR] [consumeBuffer:363]	====> the first buffer seq: 1 
[18:06:52.898] [9120 ] [ERROR] [consumeBuffer:363]	====> the first buffer seq: 1 
[18:06:53.425] [9121 ] [ERROR] [consumeBuffer:363]	====> the first buffer seq: 1 
[18:06:59.500] [9118 ] [ERROR] [consumeBuffer:363]	====> the first buffer seq: 1 
[18:07:00.218] [9119 ] [ERROR] [consumeBuffer:363]	====> the first buffer seq: 1 
[18:07:00.541] [9120 ] [ERROR] [consumeBuffer:363]	====> the first buffer seq: 1 
[18:07:01.049] [9121 ] [ERROR] [consumeBuffer:363]	====> the first buffer seq: 1 
[18:07:06.809] [9118 ] [ERROR] [consumeBuffer:363]	====> the first buffer seq: 1 
[18:07:07.522] [9119 ] [ERROR] [consumeBuffer:363]	====> the first buffer seq: 1 
[18:07:07.820] [9120 ] [ERROR] [consumeBuffer:363]	====> the first buffer seq: 1 
[18:07:08.265] [9121 ] [ERROR] [consumeBuffer:363]	====> the first buffer seq: 1 
[18:07:13.969] [9118 ] [ERROR] [consumeBuffer:363]	====> the first buffer seq: 1 
[18:07:14.761] [9119 ] [ERROR] [consumeBuffer:363]	====> the first buffer seq: 1 
[18:07:14.924] [9120 ] [ERROR] [consumeBuffer:363]	====> the first buffer seq: 1 
[18:07:15.463] [9121 ] [ERROR] [consumeBuffer:363]	====> the first buffer seq: 1 
[18:07:21.009] [9118 ] [ERROR] [consumeBuffer:363]	====> the first buffer seq: 1 
[18:07:21.733] [9119 ] [ERROR] [consumeBuffer:363]	====> the first buffer seq: 1 
[18:07:21.999] [9120 ] [ERROR] [consumeBuffer:363]	====> the first buffer seq: 1 
[18:07:22.522] [9121 ] [ERROR] [consumeBuffer:363]	====> the first buffer seq: 1 
[18:07:27.929] [9118 ] [ERROR] [consumeBuffer:363]	====> the first buffer seq: 1 
[18:07:29.158] [9119 ] [ERROR] [consumeBuffer:363]	====> the first buffer seq: 1 
[18:07:29.329] [9120 ] [ERROR] [consumeBuffer:363]	====> the first buffer seq: 1 
[18:07:29.966] [9121 ] [ERROR] [consumeBuffer:363]	====> the first buffer seq: 1 
[18:07:34.946] [9118 ] [ERROR] [consumeBuffer:363]	====> the first buffer seq: 1 
[18:07:36.072] [9119 ] [ERROR] [consumeBuffer:363]	====> the first buffer seq: 1 
[18:07:36.451] [9120 ] [ERROR] [consumeBuffer:363]	====> the first buffer seq: 1 
[18:07:36.820] [9121 ] [ERROR] [consumeBuffer:363]	====> the first buffer seq: 1 
[18:07:41.847] [9118 ] [ERROR] [consumeBuffer:363]	====> the first buffer seq: 1 
[18:07:42.915] [9119 ] [ERROR] [consumeBuffer:363]	====> the first buffer seq: 1 
[18:07:43.358] [9120 ] [ERROR] [consumeBuffer:363]	====> the first buffer seq: 1 
[18:07:43.827] [9121 ] [ERROR] [consumeBuffer:363]	====> the first buffer seq: 1 
[18:07:48.869] [9118 ] [ERROR] [consumeBuffer:363]	====> the first buffer seq: 1 
[18:07:50.183] [9119 ] [ERROR] [consumeBuffer:363]	====> the first buffer seq: 1 
[18:07:50.608] [9120 ] [ERROR] [consumeBuffer:363]	====> the first buffer seq: 1 
[18:07:51.037] [9121 ] [ERROR] [consumeBuffer:363]	====> the first buffer seq: 1 
[18:07:56.162] [9118 ] [ERROR] [consumeBuffer:363]	====> the first buffer seq: 1 
[18:07:57.604] [9119 ] [ERROR] [consumeBuffer:363]	====> the first buffer seq: 1 
[18:07:57.916] [9120 ] [ERROR] [consumeBuffer:363]	====> the first buffer seq: 1 
[18:07:58.418] [9121 ] [ERROR] [consumeBuffer:363]	====> the first buffer seq: 1 
[18:24:49.851] [9118 ] [ERROR] [consumeBuffer:363]	====> the first buffer seq: 1 
[18:24:49.868] [9119 ] [ERROR] [consumeBuffer:363]	====> the first buffer seq: 1 
[18:24:49.873] [9120 ] [ERROR] [consumeBuffer:363]	====> the first buffer seq: 1 
[18:24:49.887] [9121 ] [ERROR] [consumeBuffer:363]	====> the first buffer seq: 1 
[18:24:57.770] [9118 ] [ERROR] [consumeBuffer:363]	====> the first buffer seq: 1 
[18:24:59.744] [9121 ] [ERROR] [consumeBuffer:363]	====> the first buffer seq: 1 
[18:24:59.776] [9120 ] [ERROR] [consumeBuffer:363]	====> the first buffer seq: 1 
[18:24:59.829] [9119 ] [ERROR] [consumeBuffer:363]	====> the first buffer seq: 1 
[18:25:06.613] [9118 ] [ERROR] [consumeBuffer:363]	====> the first buffer seq: 1 
[18:25:09.442] [9121 ] [ERROR] [consumeBuffer:363]	====> the first buffer seq: 1 
[18:25:09.659] [9119 ] [ERROR] [consumeBuffer:363]	====> the first buffer seq: 1 
[18:25:09.895] [9120 ] [ERROR] [consumeBuffer:363]	====> the first buffer seq: 1 
[18:25:16.256] [9118 ] [ERROR] [consumeBuffer:363]	====> the first buffer seq: 1 
[18:25:18.992] [9121 ] [ERROR] [consumeBuffer:363]	====> the first buffer seq: 1 
[18:25:19.649] [9119 ] [ERROR] [consumeBuffer:363]	====> the first buffer seq: 1 
[18:25:19.857] [9120 ] [ERROR] [consumeBuffer:363]	====> the first buffer seq: 1 
[18:25:25.961] [9118 ] [ERROR] [consumeBuffer:363]	====> the first buffer seq: 1 
[18:25:28.694] [9121 ] [ERROR] [consumeBuffer:363]	====> the first buffer seq: 1 
[18:25:29.165] [9119 ] [ERROR] [consumeBuffer:363]	====> the first buffer seq: 1 
[18:25:29.635] [9120 ] [ERROR] [consumeBuffer:363]	====> the first buffer seq: 1 
[18:25:35.982] [9118 ] [ERROR] [consumeBuffer:363]	====> the first buffer seq: 1 
[18:25:38.554] [9121 ] [ERROR] [consumeBuffer:363]	====> the first buffer seq: 1 
[18:25:39.282] [9119 ] [ERROR] [consumeBuffer:363]	====> the first buffer seq: 1 
[18:25:39.611] [9120 ] [ERROR] [consumeBuffer:363]	====> the first buffer seq: 1 
[18:25:45.530] [9118 ] [ERROR] [consumeBuffer:363]	====> the first buffer seq: 1 
[18:25:48.149] [9121 ] [ERROR] [consumeBuffer:363]	====> the first buffer seq: 1 
[18:25:48.988] [9119 ] [ERROR] [consumeBuffer:363]	====> the first buffer seq: 1 
[18:25:49.069] [9120 ] [ERROR] [consumeBuffer:363]	====> the first buffer seq: 1 
[18:25:52.420] [9118 ] [ERROR] [consumeBuffer:363]	====> the first buffer seq: 1 
[18:25:54.484] [9121 ] [ERROR] [consumeBuffer:363]	====> the first buffer seq: 1 
[18:25:55.328] [9119 ] [ERROR] [consumeBuffer:363]	====> the first buffer seq: 1 
[18:25:55.462] [9120 ] [ERROR] [consumeBuffer:363]	====> the first buffer seq: 1 
[18:25:58.782] [9118 ] [ERROR] [consumeBuffer:363]	====> the first buffer seq: 1 
[18:26:00.894] [9121 ] [ERROR] [consumeBuffer:363]	====> the first buffer seq: 1 
[18:26:01.656] [9119 ] [ERROR] [consumeBuffer:363]	====> the first buffer seq: 1 
[18:26:01.000] [9120 ] [ERROR] [consumeBuffer:363]	====> the first buffer seq: 1 
[18:26:05.207] [9118 ] [ERROR] [consumeBuffer:363]	====> the first buffer seq: 1 
[18:26:07.288] [9121 ] [ERROR] [consumeBuffer:363]	====> the first buffer seq: 1 
[18:26:08.117] [9119 ] [ERROR] [consumeBuffer:363]	====> the first buffer seq: 1 
[18:26:08.638] [9120 ] [ERROR] [consumeBuffer:363]	====> the first buffer seq: 1 
[18:26:11.713] [9118 ] [ERROR] [consumeBuffer:363]	====> the first buffer seq: 1 
[18:26:13.740] [9121 ] [ERROR] [consumeBuffer:363]	====> the first buffer seq: 1 
[18:26:14.537] [9119 ] [ERROR] [consumeBuffer:363]	====> the first buffer seq: 1 
[18:26:14.897] [9120 ] [ERROR] [consumeBuffer:363]	====> the first buffer seq: 1 
[18:26:18.195] [9118 ] [ERROR] [consumeBuffer:363]	====> the first buffer seq: 1 
[18:26:20.118] [9121 ] [ERROR] [consumeBuffer:363]	====> the first buffer seq: 1 
[18:26:21.010] [9119 ] [ERROR] [consumeBuffer:363]	====> the first buffer seq: 1 
[18:26:21.241] [9120 ] [ERROR] [consumeBuffer:363]	====> the first buffer seq: 1 
[18:26:24.624] [9118 ] [ERROR] [consumeBuffer:363]	====> the first buffer seq: 1 
[18:26:26.340] [9121 ] [ERROR] [consumeBuffer:363]	====> the first buffer seq: 1 
[18:26:27.584] [9120 ] [ERROR] [consumeBuffer:363]	====> the first buffer seq: 1 
[18:26:27.598] [9119 ] [ERROR] [consumeBuffer:363]	====> the first buffer seq: 1 
[18:26:30.987] [9118 ] [ERROR] [consumeBuffer:363]	====> the first buffer seq: 1 
[18:26:32.665] [9121 ] [ERROR] [consumeBuffer:363]	====> the first buffer seq: 1 
[18:26:33.948] [9119 ] [ERROR] [consumeBuffer:363]	====> the first buffer seq: 1 
[18:26:34.110] [9120 ] [ERROR] [consumeBuffer:363]	====> the first buffer seq: 1 
[18:26:37.180] [9118 ] [ERROR] [consumeBuffer:363]	====> the first buffer seq: 1 
[18:26:38.945] [9121 ] [ERROR] [consumeBuffer:363]	====> the first buffer seq: 1 
[18:26:40.239] [9119 ] [ERROR] [consumeBuffer:363]	====> the first buffer seq: 1 
[18:26:40.700] [9120 ] [ERROR] [consumeBuffer:363]	====> the first buffer seq: 1 
[18:26:43.781] [9118 ] [ERROR] [consumeBuffer:363]	====> the first buffer seq: 1 
[18:26:45.420] [9121 ] [ERROR] [consumeBuffer:363]	====> the first buffer seq: 1 
[18:26:46.735] [9119 ] [ERROR] [consumeBuffer:363]	====> the first buffer seq: 1 
[18:26:47.139] [9120 ] [ERROR] [consumeBuffer:363]	====> the first buffer seq: 1 
[18:26:49.961] [9118 ] [ERROR] [consumeBuffer:363]	====> the first buffer seq: 1 
[18:26:51.514] [9121 ] [ERROR] [consumeBuffer:363]	====> the first buffer seq: 1 
[18:26:52.812] [9119 ] [ERROR] [consumeBuffer:363]	====> the first buffer seq: 1 
[18:26:53.329] [9120 ] [ERROR] [consumeBuffer:363]	====> the first buffer seq: 1 
[18:26:56.152] [9118 ] [ERROR] [consumeBuffer:363]	====> the first buffer seq: 1 
[18:26:57.743] [9121 ] [ERROR] [consumeBuffer:363]	====> the first buffer seq: 1 
[18:26:59.108] [9119 ] [ERROR] [consumeBuffer:363]	====> the first buffer seq: 1 
[18:26:59.862] [9120 ] [ERROR] [consumeBuffer:363]	====> the first buffer seq: 1 
[18:27:02.498] [9118 ] [ERROR] [consumeBuffer:363]	====> the first buffer seq: 1 
[18:27:03.886] [9121 ] [ERROR] [consumeBuffer:363]	====> the first buffer seq: 1 
[18:27:05.386] [9119 ] [ERROR] [consumeBuffer:363]	====> the first buffer seq: 1 
[18:27:06.192] [9120 ] [ERROR] [consumeBuffer:363]	====> the first buffer seq: 1 
[18:27:08.672] [9118 ] [ERROR] [consumeBuffer:363]	====> the first buffer seq: 1 
[18:27:10.183] [9121 ] [ERROR] [consumeBuffer:363]	====> the first buffer seq: 1 
[18:27:11.839] [9119 ] [ERROR] [consumeBuffer:363]	====> the first buffer seq: 1 
[18:27:12.854] [9120 ] [ERROR] [consumeBuffer:363]	====> the first buffer seq: 1 
[18:27:15.126] [9118 ] [ERROR] [consumeBuffer:363]	====> the first buffer seq: 1 
[18:27:16.519] [9121 ] [ERROR] [consumeBuffer:363]	====> the first buffer seq: 1 
[18:27:18.036] [9119 ] [ERROR] [consumeBuffer:363]	====> the first buffer seq: 1 
[18:27:18.896] [9120 ] [ERROR] [consumeBuffer:363]	====> the first buffer seq: 1 
[18:27:21.308] [9118 ] [ERROR] [consumeBuffer:363]	====> the first buffer seq: 1 
[18:27:23.020] [9121 ] [ERROR] [consumeBuffer:363]	====> the first buffer seq: 1 
[18:27:24.534] [9119 ] [ERROR] [consumeBuffer:363]	====> the first buffer seq: 1 
[18:27:25.298] [9120 ] [ERROR] [consumeBuffer:363]	====> the first buffer seq: 1 
[18:27:27.893] [9118 ] [ERROR] [consumeBuffer:363]	====> the first buffer seq: 1 
[18:27:29.536] [9121 ] [ERROR] [consumeBuffer:363]	====> the first buffer seq: 1 
[18:27:31.067] [9119 ] [ERROR] [consumeBuffer:363]	====> the first buffer seq: 1 
[18:27:31.893] [9120 ] [ERROR] [consumeBuffer:363]	====> the first buffer seq: 1 
[18:27:34.143] [9118 ] [ERROR] [consumeBuffer:363]	====> the first buffer seq: 1 
[18:27:35.820] [9121 ] [ERROR] [consumeBuffer:363]	====> the first buffer seq: 1 
[18:27:37.181] [9119 ] [ERROR] [consumeBuffer:363]	====> the first buffer seq: 1 
[18:27:38.190] [9120 ] [ERROR] [consumeBuffer:363]	====> the first buffer seq: 1 
[18:27:40.353] [9118 ] [ERROR] [consumeBuffer:363]	====> the first buffer seq: 1 
[18:27:42.245] [9121 ] [ERROR] [consumeBuffer:363]	====> the first buffer seq: 1 
[18:27:43.423] [9119 ] [ERROR] [consumeBuffer:363]	====> the first buffer seq: 1 
[18:27:44.489] [9120 ] [ERROR] [consumeBuffer:363]	====> the first buffer seq: 1 
[18:30:12.849] [9118 ] [ERROR] [consumeBuffer:363]	====> the first buffer seq: 1 
[18:30:12.849] [9121 ] [ERROR] [consumeBuffer:363]	====> the first buffer seq: 1 
[18:30:12.856] [9119 ] [ERROR] [consumeBuffer:363]	====> the first buffer seq: 1 
[18:30:12.875] [9120 ] [ERROR] [consumeBuffer:363]	====> the first buffer seq: 1 
[18:30:17.136] [9121 ] [ERROR] [consumeBuffer:363]	====> the first buffer seq: 1 
[18:30:17.867] [9119 ] [ERROR] [consumeBuffer:363]	====> the first buffer seq: 1 
[18:30:17.901] [9118 ] [ERROR] [consumeBuffer:363]	====> the first buffer seq: 1 
[18:30:17.941] [9120 ] [ERROR] [consumeBuffer:363]	====> the first buffer seq: 1 
[18:30:21.821] [9121 ] [ERROR] [consumeBuffer:363]	====> the first buffer seq: 1 
[18:30:22.444] [9119 ] [ERROR] [consumeBuffer:363]	====> the first buffer seq: 1 
[18:30:22.522] [9118 ] [ERROR] [consumeBuffer:363]	====> the first buffer seq: 1 
[18:30:22.527] [9120 ] [ERROR] [consumeBuffer:363]	====> the first buffer seq: 1 
[18:30:25.949] [9121 ] [ERROR] [consumeBuffer:363]	====> the first buffer seq: 1 
[18:30:26.728] [9119 ] [ERROR] [consumeBuffer:363]	====> the first buffer seq: 1 
[18:30:26.803] [9120 ] [ERROR] [consumeBuffer:363]	====> the first buffer seq: 1 
[18:30:27.028] [9118 ] [ERROR] [consumeBuffer:363]	====> the first buffer seq: 1 
[18:30:30.109] [9121 ] [ERROR] [consumeBuffer:363]	====> the first buffer seq: 1 
[18:30:31.130] [9119 ] [ERROR] [consumeBuffer:363]	====> the first buffer seq: 1 
[18:30:31.243] [9120 ] [ERROR] [consumeBuffer:363]	====> the first buffer seq: 1 
[18:30:31.303] [9118 ] [ERROR] [consumeBuffer:363]	====> the first buffer seq: 1 
[18:30:34.011] [9121 ] [ERROR] [consumeBuffer:363]	====> the first buffer seq: 1 
[18:30:35.313] [9119 ] [ERROR] [consumeBuffer:363]	====> the first buffer seq: 1 
[18:30:35.481] [9120 ] [ERROR] [consumeBuffer:363]	====> the first buffer seq: 1 
[18:30:35.595] [9118 ] [ERROR] [consumeBuffer:363]	====> the first buffer seq: 1 
[18:30:37.982] [9121 ] [ERROR] [consumeBuffer:363]	====> the first buffer seq: 1 
[18:30:39.445] [9119 ] [ERROR] [consumeBuffer:363]	====> the first buffer seq: 1 
[18:30:39.887] [9118 ] [ERROR] [consumeBuffer:363]	====> the first buffer seq: 1 
[18:30:39.937] [9120 ] [ERROR] [consumeBuffer:363]	====> the first buffer seq: 1 
[18:30:42.017] [9121 ] [ERROR] [consumeBuffer:363]	====> the first buffer seq: 1 
[18:30:43.627] [9119 ] [ERROR] [consumeBuffer:363]	====> the first buffer seq: 1 
[18:30:44.069] [9118 ] [ERROR] [consumeBuffer:363]	====> the first buffer seq: 1 
[18:30:44.352] [9120 ] [ERROR] [consumeBuffer:363]	====> the first buffer seq: 1 
[18:30:46.031] [9121 ] [ERROR] [consumeBuffer:363]	====> the first buffer seq: 1 
[18:30:47.684] [9119 ] [ERROR] [consumeBuffer:363]	====> the first buffer seq: 1 
[18:30:48.188] [9118 ] [ERROR] [consumeBuffer:363]	====> the first buffer seq: 1 
[18:30:48.628] [9120 ] [ERROR] [consumeBuffer:363]	====> the first buffer seq: 1 
[18:30:50.294] [9121 ] [ERROR] [consumeBuffer:363]	====> the first buffer seq: 1 
[18:30:51.724] [9119 ] [ERROR] [consumeBuffer:363]	====> the first buffer seq: 1 
[18:30:52.360] [9118 ] [ERROR] [consumeBuffer:363]	====> the first buffer seq: 1 
[18:30:52.886] [9120 ] [ERROR] [consumeBuffer:363]	====> the first buffer seq: 1 
[18:30:54.336] [9121 ] [ERROR] [consumeBuffer:363]	====> the first buffer seq: 1 
[18:30:55.999] [9119 ] [ERROR] [consumeBuffer:363]	====> the first buffer seq: 1 
[18:30:56.615] [9118 ] [ERROR] [consumeBuffer:363]	====> the first buffer seq: 1 
[18:30:57.101] [9120 ] [ERROR] [consumeBuffer:363]	====> the first buffer seq: 1 
[18:30:58.704] [9121 ] [ERROR] [consumeBuffer:363]	====> the first buffer seq: 1 
[18:31:00.406] [9119 ] [ERROR] [consumeBuffer:363]	====> the first buffer seq: 1 
[18:31:00.738] [9118 ] [ERROR] [consumeBuffer:363]	====> the first buffer seq: 1 
[18:31:01.389] [9120 ] [ERROR] [consumeBuffer:363]	====> the first buffer seq: 1 
[18:31:02.912] [9121 ] [ERROR] [consumeBuffer:363]	====> the first buffer seq: 1 
[18:31:04.881] [9119 ] [ERROR] [consumeBuffer:363]	====> the first buffer seq: 1 
[18:31:05.067] [9118 ] [ERROR] [consumeBuffer:363]	====> the first buffer seq: 1 
[18:31:05.621] [9120 ] [ERROR] [consumeBuffer:363]	====> the first buffer seq: 1 
[18:31:06.793] [9121 ] [ERROR] [consumeBuffer:363]	====> the first buffer seq: 1 
[18:31:09.098] [9119 ] [ERROR] [consumeBuffer:363]	====> the first buffer seq: 1 
[18:31:09.206] [9118 ] [ERROR] [consumeBuffer:363]	====> the first buffer seq: 1 
[18:31:09.816] [9120 ] [ERROR] [consumeBuffer:363]	====> the first buffer seq: 1 
[18:31:10.753] [9121 ] [ERROR] [consumeBuffer:363]	====> the first buffer seq: 1 
[18:31:13.352] [9118 ] [ERROR] [consumeBuffer:363]	====> the first buffer seq: 1 
[18:31:13.441] [9119 ] [ERROR] [consumeBuffer:363]	====> the first buffer seq: 1 
[18:31:13.915] [9120 ] [ERROR] [consumeBuffer:363]	====> the first buffer seq: 1 
[18:31:14.693] [9121 ] [ERROR] [consumeBuffer:363]	====> the first buffer seq: 1 
[18:31:17.654] [9118 ] [ERROR] [consumeBuffer:363]	====> the first buffer seq: 1 
[18:31:17.854] [9119 ] [ERROR] [consumeBuffer:363]	====> the first buffer seq: 1 
[18:31:18.080] [9120 ] [ERROR] [consumeBuffer:363]	====> the first buffer seq: 1 
[18:31:19.112] [9121 ] [ERROR] [consumeBuffer:363]	====> the first buffer seq: 1 
[18:31:22.418] [9119 ] [ERROR] [consumeBuffer:363]	====> the first buffer seq: 1 
[18:31:22.466] [9118 ] [ERROR] [consumeBuffer:363]	====> the first buffer seq: 1 
[18:31:22.745] [9120 ] [ERROR] [consumeBuffer:363]	====> the first buffer seq: 1 
[18:31:23.733] [9121 ] [ERROR] [consumeBuffer:363]	====> the first buffer seq: 1 
[18:31:27.078] [9118 ] [ERROR] [consumeBuffer:363]	====> the first buffer seq: 1 
[18:31:27.103] [9119 ] [ERROR] [consumeBuffer:363]	====> the first buffer seq: 1 
[18:31:27.459] [9120 ] [ERROR] [consumeBuffer:363]	====> the first buffer seq: 1 
[18:31:27.932] [9121 ] [ERROR] [consumeBuffer:363]	====> the first buffer seq: 1 
[18:31:31.318] [9119 ] [ERROR] [consumeBuffer:363]	====> the first buffer seq: 1 
[18:31:31.401] [9118 ] [ERROR] [consumeBuffer:363]	====> the first buffer seq: 1 
[18:31:31.651] [9120 ] [ERROR] [consumeBuffer:363]	====> the first buffer seq: 1 
[18:31:32.020] [9121 ] [ERROR] [consumeBuffer:363]	====> the first buffer seq: 1 
[18:31:35.433] [9118 ] [ERROR] [consumeBuffer:363]	====> the first buffer seq: 1 
[18:31:35.568] [9119 ] [ERROR] [consumeBuffer:363]	====> the first buffer seq: 1 
[18:31:35.870] [9120 ] [ERROR] [consumeBuffer:363]	====> the first buffer seq: 1 
[18:31:36.288] [9121 ] [ERROR] [consumeBuffer:363]	====> the first buffer seq: 1 
[18:31:39.429] [9118 ] [ERROR] [consumeBuffer:363]	====> the first buffer seq: 1 
[18:31:39.777] [9119 ] [ERROR] [consumeBuffer:363]	====> the first buffer seq: 1 
[18:31:40.032] [9120 ] [ERROR] [consumeBuffer:363]	====> the first buffer seq: 1 
[18:31:40.436] [9121 ] [ERROR] [consumeBuffer:363]	====> the first buffer seq: 1 
[18:31:43.733] [9118 ] [ERROR] [consumeBuffer:363]	====> the first buffer seq: 1 
[18:31:44.041] [9119 ] [ERROR] [consumeBuffer:363]	====> the first buffer seq: 1 
[18:31:44.581] [9120 ] [ERROR] [consumeBuffer:363]	====> the first buffer seq: 1 
[18:31:44.937] [9121 ] [ERROR] [consumeBuffer:363]	====> the first buffer seq: 1 
[18:31:48.129] [9118 ] [ERROR] [consumeBuffer:363]	====> the first buffer seq: 1 
[18:31:48.513] [9119 ] [ERROR] [consumeBuffer:363]	====> the first buffer seq: 1 
[18:31:49.140] [9120 ] [ERROR] [consumeBuffer:363]	====> the first buffer seq: 1 
[18:31:49.216] [9121 ] [ERROR] [consumeBuffer:363]	====> the first buffer seq: 1 
[18:31:52.853] [9118 ] [ERROR] [consumeBuffer:363]	====> the first buffer seq: 1 
[18:31:53.413] [9119 ] [ERROR] [consumeBuffer:363]	====> the first buffer seq: 1 
[18:31:53.972] [9121 ] [ERROR] [consumeBuffer:363]	====> the first buffer seq: 1 
[18:31:54.091] [9120 ] [ERROR] [consumeBuffer:363]	====> the first buffer seq: 1 
[18:31:56.855] [9118 ] [ERROR] [consumeBuffer:363]	====> the first buffer seq: 1 
[18:31:57.691] [9119 ] [ERROR] [consumeBuffer:363]	====> the first buffer seq: 1 
[18:31:58.116] [9120 ] [ERROR] [consumeBuffer:363]	====> the first buffer seq: 1 
[18:38:01.389] [9121 ] [ERROR] [consumeBuffer:363]	====> the first buffer seq: 1 
[18:38:01.396] [9119 ] [ERROR] [consumeBuffer:363]	====> the first buffer seq: 1 
[18:38:01.398] [9118 ] [ERROR] [consumeBuffer:363]	====> the first buffer seq: 1 
[18:38:01.400] [9120 ] [ERROR] [consumeBuffer:363]	====> the first buffer seq: 1 
[18:38:05.566] [9119 ] [ERROR] [consumeBuffer:363]	====> the first buffer seq: 1 
[18:38:06.674] [9118 ] [ERROR] [consumeBuffer:363]	====> the first buffer seq: 1 
[18:38:06.779] [9120 ] [ERROR] [consumeBuffer:363]	====> the first buffer seq: 1 
[18:38:06.903] [9121 ] [ERROR] [consumeBuffer:363]	====> the first buffer seq: 1 
[18:38:10.739] [9119 ] [ERROR] [consumeBuffer:363]	====> the first buffer seq: 1 
[18:38:12.025] [9118 ] [ERROR] [consumeBuffer:363]	====> the first buffer seq: 1 
[18:38:12.155] [9120 ] [ERROR] [consumeBuffer:363]	====> the first buffer seq: 1 
[18:38:12.255] [9121 ] [ERROR] [consumeBuffer:363]	====> the first buffer seq: 1 
[18:38:15.598] [9119 ] [ERROR] [consumeBuffer:363]	====> the first buffer seq: 1 
[18:38:16.968] [9118 ] [ERROR] [consumeBuffer:363]	====> the first buffer seq: 1 
[18:38:17.201] [9121 ] [ERROR] [consumeBuffer:363]	====> the first buffer seq: 1 
[18:38:17.288] [9120 ] [ERROR] [consumeBuffer:363]	====> the first buffer seq: 1 
[18:38:20.629] [9119 ] [ERROR] [consumeBuffer:363]	====> the first buffer seq: 1 
[18:38:22.245] [9118 ] [ERROR] [consumeBuffer:363]	====> the first buffer seq: 1 
[18:38:22.487] [9121 ] [ERROR] [consumeBuffer:363]	====> the first buffer seq: 1 
[18:38:22.645] [9120 ] [ERROR] [consumeBuffer:363]	====> the first buffer seq: 1 
[18:38:25.751] [9119 ] [ERROR] [consumeBuffer:363]	====> the first buffer seq: 1 
[18:38:27.651] [9118 ] [ERROR] [consumeBuffer:363]	====> the first buffer seq: 1 
[18:38:27.724] [9121 ] [ERROR] [consumeBuffer:363]	====> the first buffer seq: 1 
[18:38:27.925] [9120 ] [ERROR] [consumeBuffer:363]	====> the first buffer seq: 1 
[18:38:31.256] [9119 ] [ERROR] [consumeBuffer:363]	====> the first buffer seq: 1 
[18:38:33.061] [9118 ] [ERROR] [consumeBuffer:363]	====> the first buffer seq: 1 
[18:38:33.160] [9120 ] [ERROR] [consumeBuffer:363]	====> the first buffer seq: 1 
[18:38:33.165] [9121 ] [ERROR] [consumeBuffer:363]	====> the first buffer seq: 1 
[18:38:36.405] [9119 ] [ERROR] [consumeBuffer:363]	====> the first buffer seq: 1 
[18:38:38.375] [9118 ] [ERROR] [consumeBuffer:363]	====> the first buffer seq: 1 
[18:38:38.473] [9120 ] [ERROR] [consumeBuffer:363]	====> the first buffer seq: 1 
[18:38:38.764] [9121 ] [ERROR] [consumeBuffer:363]	====> the first buffer seq: 1 
[18:38:41.707] [9119 ] [ERROR] [consumeBuffer:363]	====> the first buffer seq: 1 
[18:38:43.749] [9118 ] [ERROR] [consumeBuffer:363]	====> the first buffer seq: 1 
[18:38:43.890] [9120 ] [ERROR] [consumeBuffer:363]	====> the first buffer seq: 1 
[18:38:44.040] [9121 ] [ERROR] [consumeBuffer:363]	====> the first buffer seq: 1 
[18:38:46.661] [9119 ] [ERROR] [consumeBuffer:363]	====> the first buffer seq: 1 
[18:38:49.161] [9120 ] [ERROR] [consumeBuffer:363]	====> the first buffer seq: 1 
[18:38:49.314] [9118 ] [ERROR] [consumeBuffer:363]	====> the first buffer seq: 1 
[18:38:49.647] [9121 ] [ERROR] [consumeBuffer:363]	====> the first buffer seq: 1 
[18:38:51.697] [9119 ] [ERROR] [consumeBuffer:363]	====> the first buffer seq: 1 
[18:38:54.458] [9120 ] [ERROR] [consumeBuffer:363]	====> the first buffer seq: 1 
[18:38:54.840] [9118 ] [ERROR] [consumeBuffer:363]	====> the first buffer seq: 1 
[18:38:54.867] [9121 ] [ERROR] [consumeBuffer:363]	====> the first buffer seq: 1 
[18:38:56.962] [9119 ] [ERROR] [consumeBuffer:363]	====> the first buffer seq: 1 
[18:39:00.133] [9120 ] [ERROR] [consumeBuffer:363]	====> the first buffer seq: 1 
[18:39:00.183] [9118 ] [ERROR] [consumeBuffer:363]	====> the first buffer seq: 1 
[18:39:00.394] [9121 ] [ERROR] [consumeBuffer:363]	====> the first buffer seq: 1 
[18:39:02.160] [9119 ] [ERROR] [consumeBuffer:363]	====> the first buffer seq: 1 
[18:39:05.363] [9120 ] [ERROR] [consumeBuffer:363]	====> the first buffer seq: 1 
[18:39:05.742] [9121 ] [ERROR] [consumeBuffer:363]	====> the first buffer seq: 1 
[18:39:05.808] [9118 ] [ERROR] [consumeBuffer:363]	====> the first buffer seq: 1 
[18:39:07.395] [9119 ] [ERROR] [consumeBuffer:363]	====> the first buffer seq: 1 
[18:39:10.737] [9120 ] [ERROR] [consumeBuffer:363]	====> the first buffer seq: 1 
[18:39:11.029] [9118 ] [ERROR] [consumeBuffer:363]	====> the first buffer seq: 1 
[18:39:11.076] [9121 ] [ERROR] [consumeBuffer:363]	====> the first buffer seq: 1 
[18:39:12.608] [9119 ] [ERROR] [consumeBuffer:363]	====> the first buffer seq: 1 
[18:39:15.950] [9120 ] [ERROR] [consumeBuffer:363]	====> the first buffer seq: 1 
[18:39:16.317] [9118 ] [ERROR] [consumeBuffer:363]	====> the first buffer seq: 1 
[18:39:16.630] [9121 ] [ERROR] [consumeBuffer:363]	====> the first buffer seq: 1 
[18:39:17.458] [9119 ] [ERROR] [consumeBuffer:363]	====> the first buffer seq: 1 
[18:39:21.102] [9120 ] [ERROR] [consumeBuffer:363]	====> the first buffer seq: 1 
[18:39:21.607] [9118 ] [ERROR] [consumeBuffer:363]	====> the first buffer seq: 1 
[18:39:21.904] [9121 ] [ERROR] [consumeBuffer:363]	====> the first buffer seq: 1 
[18:39:22.363] [9119 ] [ERROR] [consumeBuffer:363]	====> the first buffer seq: 1 
[18:39:25.823] [9120 ] [ERROR] [consumeBuffer:363]	====> the first buffer seq: 1 
[18:39:26.370] [9118 ] [ERROR] [consumeBuffer:363]	====> the first buffer seq: 1 
[18:39:26.972] [9121 ] [ERROR] [consumeBuffer:363]	====> the first buffer seq: 1 
[18:39:27.178] [9119 ] [ERROR] [consumeBuffer:363]	====> the first buffer seq: 1 
[18:39:30.359] [9120 ] [ERROR] [consumeBuffer:363]	====> the first buffer seq: 1 
[18:39:30.973] [9118 ] [ERROR] [consumeBuffer:363]	====> the first buffer seq: 1 
[18:39:32.031] [9121 ] [ERROR] [consumeBuffer:363]	====> the first buffer seq: 1 
[18:39:32.051] [9119 ] [ERROR] [consumeBuffer:363]	====> the first buffer seq: 1 
[18:39:34.949] [9120 ] [ERROR] [consumeBuffer:363]	====> the first buffer seq: 1 
[18:39:35.376] [9118 ] [ERROR] [consumeBuffer:363]	====> the first buffer seq: 1 
[18:39:36.442] [9121 ] [ERROR] [consumeBuffer:363]	====> the first buffer seq: 1 
[18:39:36.491] [9119 ] [ERROR] [consumeBuffer:363]	====> the first buffer seq: 1 
[18:39:40.092] [9120 ] [ERROR] [consumeBuffer:363]	====> the first buffer seq: 1 
[18:39:40.561] [9118 ] [ERROR] [consumeBuffer:363]	====> the first buffer seq: 1 
[18:39:41.137] [9121 ] [ERROR] [consumeBuffer:363]	====> the first buffer seq: 1 
[18:39:41.225] [9119 ] [ERROR] [consumeBuffer:363]	====> the first buffer seq: 1 
[18:39:44.099] [9120 ] [ERROR] [consumeBuffer:363]	====> the first buffer seq: 1 
[18:39:44.611] [9118 ] [ERROR] [consumeBuffer:363]	====> the first buffer seq: 1 
[18:39:46.081] [9121 ] [ERROR] [consumeBuffer:363]	====> the first buffer seq: 1 
[18:39:46.336] [9119 ] [ERROR] [consumeBuffer:363]	====> the first buffer seq: 1 
[18:39:51.885] [9120 ] [ERROR] [consumeBuffer:363]	====> the first buffer seq: 1 
[18:39:52.335] [9118 ] [ERROR] [consumeBuffer:363]	====> the first buffer seq: 1 
[18:39:54.262] [9121 ] [ERROR] [consumeBuffer:363]	====> the first buffer seq: 1 
[18:39:54.405] [9119 ] [ERROR] [consumeBuffer:363]	====> the first buffer seq: 1 
[18:39:59.652] [9120 ] [ERROR] [consumeBuffer:363]	====> the first buffer seq: 1 
[18:40:00.062] [9118 ] [ERROR] [consumeBuffer:363]	====> the first buffer seq: 1 
[18:40:02.282] [9121 ] [ERROR] [consumeBuffer:363]	====> the first buffer seq: 1 
[18:40:02.424] [9119 ] [ERROR] [consumeBuffer:363]	====> the first buffer seq: 1 
[18:40:07.496] [9120 ] [ERROR] [consumeBuffer:363]	====> the first buffer seq: 1 
[18:40:07.954] [9118 ] [ERROR] [consumeBuffer:363]	====> the first buffer seq: 1 
[18:40:09.975] [9119 ] [ERROR] [consumeBuffer:363]	====> the first buffer seq: 1 
[18:40:10.036] [9121 ] [ERROR] [consumeBuffer:363]	====> the first buffer seq: 1 
[18:40:15.524] [9120 ] [ERROR] [consumeBuffer:363]	====> the first buffer seq: 1 
[18:40:15.636] [9118 ] [ERROR] [consumeBuffer:363]	====> the first buffer seq: 1 
[18:40:17.710] [9119 ] [ERROR] [consumeBuffer:363]	====> the first buffer seq: 1 
[17:45:47.711] [9121 ] [ERROR] [consumeBuffer:363]	====> the first buffer seq: 1 
[17:45:47.739] [9118 ] [ERROR] [consumeBuffer:363]	====> the first buffer seq: 1 
[17:45:47.743] [9120 ] [ERROR] [consumeBuffer:363]	====> the first buffer seq: 1 
[17:45:47.746] [9119 ] [ERROR] [consumeBuffer:363]	====> the first buffer seq: 1 
[17:45:55.162] [9121 ] [ERROR] [consumeBuffer:363]	====> the first buffer seq: 1 
[17:45:55.182] [9118 ] [ERROR] [consumeBuffer:363]	====> the first buffer seq: 1 
[17:45:55.238] [9120 ] [ERROR] [consumeBuffer:363]	====> the first buffer seq: 1 
[17:45:55.284] [9119 ] [ERROR] [consumeBuffer:363]	====> the first buffer seq: 1 
[17:46:02.340] [9118 ] [ERROR] [consumeBuffer:363]	====> the first buffer seq: 1 
[17:46:02.465] [9121 ] [ERROR] [consumeBuffer:363]	====> the first buffer seq: 1 
[17:46:02.524] [9119 ] [ERROR] [consumeBuffer:363]	====> the first buffer seq: 1 
[17:46:02.577] [9120 ] [ERROR] [consumeBuffer:363]	====> the first buffer seq: 1 
[17:46:09.470] [9118 ] [ERROR] [consumeBuffer:363]	====> the first buffer seq: 1 
[17:46:09.827] [9119 ] [ERROR] [consumeBuffer:363]	====> the first buffer seq: 1 
[17:46:09.857] [9121 ] [ERROR] [consumeBuffer:363]	====> the first buffer seq: 1 
[17:46:09.943] [9120 ] [ERROR] [consumeBuffer:363]	====> the first buffer seq: 1 
[17:46:16.814] [9118 ] [ERROR] [consumeBuffer:363]	====> the first buffer seq: 1 
[17:46:16.981] [9121 ] [ERROR] [consumeBuffer:363]	====> the first buffer seq: 1 
[17:46:17.104] [9119 ] [ERROR] [consumeBuffer:363]	====> the first buffer seq: 1 
[17:46:17.264] [9120 ] [ERROR] [consumeBuffer:363]	====> the first buffer seq: 1 
[17:46:24.020] [9121 ] [ERROR] [consumeBuffer:363]	====> the first buffer seq: 1 
[17:46:24.063] [9118 ] [ERROR] [consumeBuffer:363]	====> the first buffer seq: 1 
[17:46:24.264] [9119 ] [ERROR] [consumeBuffer:363]	====> the first buffer seq: 1 
[17:46:24.502] [9120 ] [ERROR] [consumeBuffer:363]	====> the first buffer seq: 1 
[17:46:31.255] [9121 ] [ERROR] [consumeBuffer:363]	====> the first buffer seq: 1 
[17:46:31.494] [9118 ] [ERROR] [consumeBuffer:363]	====> the first buffer seq: 1 
[17:46:31.679] [9119 ] [ERROR] [consumeBuffer:363]	====> the first buffer seq: 1 
[17:46:31.866] [9120 ] [ERROR] [consumeBuffer:363]	====> the first buffer seq: 1 
[17:46:38.632] [9118 ] [ERROR] [consumeBuffer:363]	====> the first buffer seq: 1 
[17:46:38.699] [9121 ] [ERROR] [consumeBuffer:363]	====> the first buffer seq: 1 
[17:46:38.847] [9119 ] [ERROR] [consumeBuffer:363]	====> the first buffer seq: 1 
[17:46:39.094] [9120 ] [ERROR] [consumeBuffer:363]	====> the first buffer seq: 1 
[17:46:45.821] [9118 ] [ERROR] [consumeBuffer:363]	====> the first buffer seq: 1 
[17:46:45.920] [9119 ] [ERROR] [consumeBuffer:363]	====> the first buffer seq: 1 
[17:46:45.949] [9121 ] [ERROR] [consumeBuffer:363]	====> the first buffer seq: 1 
[17:46:46.166] [9120 ] [ERROR] [consumeBuffer:363]	====> the first buffer seq: 1 
[17:46:52.958] [9118 ] [ERROR] [consumeBuffer:363]	====> the first buffer seq: 1 
[17:46:53.106] [9119 ] [ERROR] [consumeBuffer:363]	====> the first buffer seq: 1 
[17:46:53.249] [9121 ] [ERROR] [consumeBuffer:363]	====> the first buffer seq: 1 
[17:46:53.469] [9120 ] [ERROR] [consumeBuffer:363]	====> the first buffer seq: 1 
[17:47:00.239] [9118 ] [ERROR] [consumeBuffer:363]	====> the first buffer seq: 1 
[17:47:00.520] [9119 ] [ERROR] [consumeBuffer:363]	====> the first buffer seq: 1 
[17:47:00.770] [9121 ] [ERROR] [consumeBuffer:363]	====> the first buffer seq: 1 
[17:47:00.842] [9120 ] [ERROR] [consumeBuffer:363]	====> the first buffer seq: 1 
[17:47:07.428] [9118 ] [ERROR] [consumeBuffer:363]	====> the first buffer seq: 1 
[17:47:07.606] [9119 ] [ERROR] [consumeBuffer:363]	====> the first buffer seq: 1 
[17:47:07.975] [9121 ] [ERROR] [consumeBuffer:363]	====> the first buffer seq: 1 
[17:47:08.118] [9120 ] [ERROR] [consumeBuffer:363]	====> the first buffer seq: 1 
[17:47:14.585] [9118 ] [ERROR] [consumeBuffer:363]	====> the first buffer seq: 1 
[17:47:14.705] [9119 ] [ERROR] [consumeBuffer:363]	====> the first buffer seq: 1 
[17:47:15.049] [9121 ] [ERROR] [consumeBuffer:363]	====> the first buffer seq: 1 
[17:47:15.145] [9120 ] [ERROR] [consumeBuffer:363]	====> the first buffer seq: 1 
[17:47:21.974] [9118 ] [ERROR] [consumeBuffer:363]	====> the first buffer seq: 1 
[17:47:22.077] [9119 ] [ERROR] [consumeBuffer:363]	====> the first buffer seq: 1 
[17:47:22.467] [9121 ] [ERROR] [consumeBuffer:363]	====> the first buffer seq: 1 
[17:47:22.517] [9120 ] [ERROR] [consumeBuffer:363]	====> the first buffer seq: 1 
[17:47:29.010] [9118 ] [ERROR] [consumeBuffer:363]	====> the first buffer seq: 1 
[17:47:29.167] [9119 ] [ERROR] [consumeBuffer:363]	====> the first buffer seq: 1 
[17:47:29.652] [9121 ] [ERROR] [consumeBuffer:363]	====> the first buffer seq: 1 
[17:47:29.834] [9120 ] [ERROR] [consumeBuffer:363]	====> the first buffer seq: 1 
[17:47:36.010] [9118 ] [ERROR] [consumeBuffer:363]	====> the first buffer seq: 1 
[17:47:36.092] [9119 ] [ERROR] [consumeBuffer:363]	====> the first buffer seq: 1 
[17:47:36.717] [9121 ] [ERROR] [consumeBuffer:363]	====> the first buffer seq: 1 
[17:47:36.793] [9120 ] [ERROR] [consumeBuffer:363]	====> the first buffer seq: 1 
[17:47:43.186] [9118 ] [ERROR] [consumeBuffer:363]	====> the first buffer seq: 1 
[17:47:43.382] [9119 ] [ERROR] [consumeBuffer:363]	====> the first buffer seq: 1 
[17:47:43.966] [9121 ] [ERROR] [consumeBuffer:363]	====> the first buffer seq: 1 
[17:47:43.976] [9120 ] [ERROR] [consumeBuffer:363]	====> the first buffer seq: 1 
[17:47:50.263] [9118 ] [ERROR] [consumeBuffer:363]	====> the first buffer seq: 1 
[17:47:50.382] [9119 ] [ERROR] [consumeBuffer:363]	====> the first buffer seq: 1 
[17:47:51.105] [9121 ] [ERROR] [consumeBuffer:363]	====> the first buffer seq: 1 
[17:47:51.137] [9120 ] [ERROR] [consumeBuffer:363]	====> the first buffer seq: 1 
[17:47:57.502] [9118 ] [ERROR] [consumeBuffer:363]	====> the first buffer seq: 1 
[17:47:57.624] [9119 ] [ERROR] [consumeBuffer:363]	====> the first buffer seq: 1 
[17:47:58.227] [9121 ] [ERROR] [consumeBuffer:363]	====> the first buffer seq: 1 
[17:47:58.296] [9120 ] [ERROR] [consumeBuffer:363]	====> the first buffer seq: 1 
[17:48:04.847] [9118 ] [ERROR] [consumeBuffer:363]	====> the first buffer seq: 1 
[17:48:04.930] [9119 ] [ERROR] [consumeBuffer:363]	====> the first buffer seq: 1 
[17:48:05.556] [9120 ] [ERROR] [consumeBuffer:363]	====> the first buffer seq: 1 
[17:48:05.629] [9121 ] [ERROR] [consumeBuffer:363]	====> the first buffer seq: 1 
[17:48:12.200] [9118 ] [ERROR] [consumeBuffer:363]	====> the first buffer seq: 1 
[17:48:12.314] [9119 ] [ERROR] [consumeBuffer:363]	====> the first buffer seq: 1 
[17:48:12.879] [9120 ] [ERROR] [consumeBuffer:363]	====> the first buffer seq: 1 
[17:48:12.982] [9121 ] [ERROR] [consumeBuffer:363]	====> the first buffer seq: 1 
[17:48:19.198] [9118 ] [ERROR] [consumeBuffer:363]	====> the first buffer seq: 1 
[17:48:19.415] [9119 ] [ERROR] [consumeBuffer:363]	====> the first buffer seq: 1 
[17:48:19.880] [9120 ] [ERROR] [consumeBuffer:363]	====> the first buffer seq: 1 
[17:48:20.001] [9121 ] [ERROR] [consumeBuffer:363]	====> the first buffer seq: 1 
[17:48:26.348] [9118 ] [ERROR] [consumeBuffer:363]	====> the first buffer seq: 1 
[17:48:26.683] [9119 ] [ERROR] [consumeBuffer:363]	====> the first buffer seq: 1 
[17:48:27.020] [9120 ] [ERROR] [consumeBuffer:363]	====> the first buffer seq: 1 
[17:48:27.053] [9121 ] [ERROR] [consumeBuffer:363]	====> the first buffer seq: 1 
[17:48:33.675] [9118 ] [ERROR] [consumeBuffer:363]	====> the first buffer seq: 1 
[17:48:34.046] [9119 ] [ERROR] [consumeBuffer:363]	====> the first buffer seq: 1 
[17:48:34.234] [9120 ] [ERROR] [consumeBuffer:363]	====> the first buffer seq: 1 
[17:48:34.446] [9121 ] [ERROR] [consumeBuffer:363]	====> the first buffer seq: 1 
[17:48:40.769] [9118 ] [ERROR] [consumeBuffer:363]	====> the first buffer seq: 1 
[17:48:41.091] [9119 ] [ERROR] [consumeBuffer:363]	====> the first buffer seq: 1 
[17:48:41.578] [9120 ] [ERROR] [consumeBuffer:363]	====> the first buffer seq: 1 
[17:48:41.686] [9121 ] [ERROR] [consumeBuffer:363]	====> the first buffer seq: 1 
[15:05:14.872] [12729] [WARN ] [~MpcMemPool:48]	the mempool is freed! 
[22:14:11.992] [9019 ] [INFO ] [JNI_OnLoad:24]	jvm onload success ! 
[22:14:11.994] [9019 ] [INFO ] [init:111]	JniNativeCallback init ok. 
[22:14:11.994] [9019 ] [INFO ] [init:136]	to init engine, user: test003, mode: 0, proxyEndpoint: ProxyGlacier2/router:tcp -h 202.114.114.46 -p 4502 -t 11000 
[22:14:11.994] [9019 ] [WARN ] [init:158]	Cannot find the --Mpc.Data=xxxxx config item ! 
[22:14:11.994] [9019 ] [INFO ] [parseCircuits:365]	** preload circuit:  /home/lmars/gc/crossk10_10.gc 
[22:14:11.994] [9019 ] [INFO ] [init:172]	the --Mpc.Circuits=/home/lmars/gc/crossk10_10.gc is set ! 
[22:14:13.276] [9019 ] [INFO ] [resolveCiruit:326]	** circuit resolve => circuit: /home/lmars/gc/crossk10_10.gc , gates: 2476000, andGate: 825500, wires: 2478560, cost time: 1.281601 seconds, speed: 1931958.816837 (gc / second) ** 
[22:14:13.276] [9019 ] [INFO ] [CircuitFile:108]	circuit: /home/lmars/gc/crossk10_10.gc,  hash: 1AB21D8355CFA17F8E61194831E81A8F22BEC8C728FEFB747ED035EB5082AA2B 
[22:14:13.276] [9019 ] [INFO ] [init:188]	preload circuits ok ! 
[22:14:13.276] [9019 ] [INFO ] [init:212]	Not start node server ! use proxy forward ! 
[22:14:13.277] [9019 ] [INFO ] [MpcTaskDispatcher:39]	construct task dispatcher, with 8 processor, load balence is: 16384 
[22:14:13.277] [9019 ] [INFO ] [init:63]	INIT the processor: 0, type: 0 ok 
[22:14:13.277] [9019 ] [INFO ] [init:63]	INIT the processor: 1, type: 0 ok 
[22:14:13.277] [9126 ] [INFO ] [operator():54]	task processor: 0 is running... 
[22:14:13.277] [9127 ] [INFO ] [operator():54]	task processor: 1 is running... 
[22:14:13.277] [9019 ] [INFO ] [init:63]	INIT the processor: 2, type: 0 ok 
[22:14:13.277] [9128 ] [INFO ] [operator():54]	task processor: 2 is running... 
[14:14:13.277] [9126 ] [INFO ] [popInvitorReadyTask:270]	to POP a ready task from ready invitor queue to processor, now read_num: 0 ... 
[22:14:13.277] [9127 ] [INFO ] [popInvitorReadyTask:270]	to POP a ready task from ready invitor queue to processor, now read_num: 0 ... 
[22:14:13.277] [9019 ] [INFO ] [init:63]	INIT the processor: 3, type: 0 ok 
[22:14:13.277] [9128 ] [INFO ] [popInvitorReadyTask:270]	to POP a ready task from ready invitor queue to processor, now read_num: 0 ... 
[22:14:13.277] [9129 ] [INFO ] [operator():54]	task processor: 3 is running... 
[22:14:13.277] [9130 ] [INFO ] [operator():54]	task processor: 4 is running... 
[22:14:13.277] [9019 ] [INFO ] [init:63]	INIT the processor: 4, type: 1 ok 
[22:14:13.277] [9129 ] [INFO ] [popInvitorReadyTask:270]	to POP a ready task from ready invitor queue to processor, now read_num: 0 ... 
[22:14:13.277] [9130 ] [INFO ] [popInviteeReadyTask:208]	to POP a ready task from ready invitee queue to processor, now read_num: 0 ... 
[22:14:13.278] [9019 ] [INFO ] [init:63]	INIT the processor: 5, type: 1 ok 
[22:14:13.278] [9131 ] [INFO ] [operator():54]	task processor: 5 is running... 
[22:14:13.278] [9019 ] [INFO ] [init:63]	INIT the processor: 6, type: 1 ok 
[22:14:13.278] [9131 ] [INFO ] [popInviteeReadyTask:208]	to POP a ready task from ready invitee queue to processor, now read_num: 0 ... 
[22:14:13.278] [9132 ] [INFO ] [operator():54]	task processor: 6 is running... 
[22:14:13.278] [9019 ] [INFO ] [init:63]	INIT the processor: 7, type: 1 ok 
[22:14:13.278] [9132 ] [INFO ] [popInviteeReadyTask:208]	to POP a ready task from ready invitee queue to processor, now read_num: 0 ... 
[22:14:13.278] [9133 ] [INFO ] [operator():54]	task processor: 7 is running... 
[22:14:13.278] [9133 ] [INFO ] [popInviteeReadyTask:208]	to POP a ready task from ready invitee queue to processor, now read_num: 0 ... 
[22:14:13.278] [9019 ] [INFO ] [init:234]	INIT task dispatcher done ! 
[22:14:13.279] [9019 ] [INFO ] [init:64]	connect to busi proxy server endpoint: ProxyGlacier2/router:tcp -h 202.114.114.46 -p 4502 -t 11000 
[22:14:13.291] [9138 ] [INFO ] [connected:34]	to get session... 
[22:14:13.291] [9138 ] [INFO ] [connected:38]	to get create busi node callback... 
[22:14:13.291] [9138 ] [INFO ] [connected:46]	to set node callback, public endpoint: ProxyGlacier2/router:tcp -h 202.114.114.46 -p 4502 -t 11000, user: test003 ... 
[22:14:13.293] [9138 ] [WARN ] [connected:55]	the busi session create success. 
[22:14:13.786] [9019 ] [INFO ] [init:69]	waiting for node busi client inited ... timeout 1s.. 
[22:14:13.786] [9019 ] [INFO ] [init:74]	the busi node communicator is prepared !!!! 
[22:14:13.786] [9019 ] [INFO ] [init:86]	INIT busi node client success. user: test003, proxyEndpoint: ProxyGlacier2/router:tcp -h 202.114.114.46 -p 4502 -t 11000 
[22:14:13.786] [9019 ] [INFO ] [init:244]	INIT busi node client done ! 
[22:14:13.786] [9019 ] [INFO ] [init:48]	input ready process init ok. 
[22:14:13.786] [9019 ] [INFO ] [init:253]	INIT input ready processor done ! 
[22:14:13.787] [9019 ] [INFO ] [init:48]	ready process init ok. max request queue size: 4 
[22:14:13.787] [9019 ] [INFO ] [init:263]	INIT ready processor done ! 
[22:14:13.787] [9019 ] [INFO ] [init:269]	Mpc engine init success. 
[22:14:13.787] [9205 ] [INFO ] [popCommitTask:127]	to POP a commit task, task size: 0  ... 
[22:14:13.787] [9019 ] [INFO ] [Java_com_juzix_jugo_node_jni_NativeInterface_setDataLogLevel:155]	init the log to level: 3, data log state: 0 
[22:14:17.994] [9136 ] [WARN ] [MpcMemPool:42]	the mempool construction, size: 134217728, mem: 0x7f08574f3010 
[22:14:18.013] [9130 ] [ERROR] [consumeBuffer:363]	====> the first buffer seq: 1 
[22:14:18.060] [9131 ] [ERROR] [consumeBuffer:363]	====> the first buffer seq: 1 
[22:14:18.090] [9132 ] [ERROR] [consumeBuffer:363]	====> the first buffer seq: 1 
[22:14:20.096] [9133 ] [ERROR] [consumeBuffer:363]	====> the first buffer seq: 1 
[22:14:23.447] [9131 ] [ERROR] [consumeBuffer:363]	====> the first buffer seq: 1 
[22:14:23.522] [9130 ] [ERROR] [consumeBuffer:363]	====> the first buffer seq: 1 
[22:14:23.586] [9132 ] [ERROR] [consumeBuffer:363]	====> the first buffer seq: 1 
[22:14:25.256] [9133 ] [ERROR] [consumeBuffer:363]	====> the first buffer seq: 1 
[22:14:28.687] [9131 ] [ERROR] [consumeBuffer:363]	====> the first buffer seq: 1 
[22:14:28.730] [9130 ] [ERROR] [consumeBuffer:363]	====> the first buffer seq: 1 
[22:14:28.771] [9132 ] [ERROR] [consumeBuffer:363]	====> the first buffer seq: 1 
[22:14:29.843] [9133 ] [ERROR] [consumeBuffer:363]	====> the first buffer seq: 1 
[22:14:33.100] [9131 ] [ERROR] [consumeBuffer:363]	====> the first buffer seq: 1 
[22:14:33.164] [9130 ] [ERROR] [consumeBuffer:363]	====> the first buffer seq: 1 
[22:14:33.268] [9132 ] [ERROR] [consumeBuffer:363]	====> the first buffer seq: 1 
[22:14:34.037] [9133 ] [ERROR] [consumeBuffer:363]	====> the first buffer seq: 1 
[22:14:37.573] [9130 ] [ERROR] [consumeBuffer:363]	====> the first buffer seq: 1 
[22:14:37.692] [9131 ] [ERROR] [consumeBuffer:363]	====> the first buffer seq: 1 
[22:14:37.749] [9132 ] [ERROR] [consumeBuffer:363]	====> the first buffer seq: 1 
[22:14:38.618] [9133 ] [ERROR] [consumeBuffer:363]	====> the first buffer seq: 1 
[22:14:42.620] [9130 ] [ERROR] [consumeBuffer:363]	====> the first buffer seq: 1 
[22:14:43.025] [9132 ] [ERROR] [consumeBuffer:363]	====> the first buffer seq: 1 
[22:14:43.086] [9131 ] [ERROR] [consumeBuffer:363]	====> the first buffer seq: 1 
[22:14:43.734] [9133 ] [ERROR] [consumeBuffer:363]	====> the first buffer seq: 1 
[22:14:47.659] [9130 ] [ERROR] [consumeBuffer:363]	====> the first buffer seq: 1 
[22:14:47.891] [9132 ] [ERROR] [consumeBuffer:363]	====> the first buffer seq: 1 
[22:14:48.132] [9131 ] [ERROR] [consumeBuffer:363]	====> the first buffer seq: 1 
[22:14:48.454] [9133 ] [ERROR] [consumeBuffer:363]	====> the first buffer seq: 1 
[22:14:52.188] [9130 ] [ERROR] [consumeBuffer:363]	====> the first buffer seq: 1 
[22:14:52.356] [9132 ] [ERROR] [consumeBuffer:363]	====> the first buffer seq: 1 
[22:14:52.763] [9131 ] [ERROR] [consumeBuffer:363]	====> the first buffer seq: 1 
[22:14:52.897] [9133 ] [ERROR] [consumeBuffer:363]	====> the first buffer seq: 1 
[22:14:58.023] [9130 ] [ERROR] [consumeBuffer:363]	====> the first buffer seq: 1 
[22:14:58.347] [9132 ] [ERROR] [consumeBuffer:363]	====> the first buffer seq: 1 
[22:14:59.122] [9131 ] [ERROR] [consumeBuffer:363]	====> the first buffer seq: 1 
[22:14:59.609] [9133 ] [ERROR] [consumeBuffer:363]	====> the first buffer seq: 1 
[22:15:04.997] [9130 ] [ERROR] [consumeBuffer:363]	====> the first buffer seq: 1 
[22:15:05.492] [9132 ] [ERROR] [consumeBuffer:363]	====> the first buffer seq: 1 
[22:15:06.003] [9131 ] [ERROR] [consumeBuffer:363]	====> the first buffer seq: 1 
[22:15:06.479] [9133 ] [ERROR] [consumeBuffer:363]	====> the first buffer seq: 1 
[22:15:12.024] [9130 ] [ERROR] [consumeBuffer:363]	====> the first buffer seq: 1 
[22:15:12.214] [9132 ] [ERROR] [consumeBuffer:363]	====> the first buffer seq: 1 
[22:15:12.857] [9131 ] [ERROR] [consumeBuffer:363]	====> the first buffer seq: 1 
[22:15:13.442] [9133 ] [ERROR] [consumeBuffer:363]	====> the first buffer seq: 1 
[22:15:18.834] [9130 ] [ERROR] [consumeBuffer:363]	====> the first buffer seq: 1 
[22:15:18.993] [9132 ] [ERROR] [consumeBuffer:363]	====> the first buffer seq: 1 
[22:15:19.743] [9131 ] [ERROR] [consumeBuffer:363]	====> the first buffer seq: 1 
[22:15:20.128] [9133 ] [ERROR] [consumeBuffer:363]	====> the first buffer seq: 1 
[22:15:25.390] [9130 ] [ERROR] [consumeBuffer:363]	====> the first buffer seq: 1 
[22:18:01.568] [9136 ] [ERROR] [error:157]	got error busi back: 974aa042-75a6-406b-affe-c628a2be51b8, code: 1007 
[22:18:01.568] [9136 ] [WARN ] [error:167]	busi err back, erase task failed, cannot find cache task: 974aa042-75a6-406b-affe-c628a2be51b8 !  [THE user: test003] 
[22:18:01.596] [23282] [ERROR] [error:157]	got error busi back: bb403281-6cce-48a4-84cd-75fc5a63de1a, code: 1007 
[22:18:01.596] [23282] [WARN ] [error:167]	busi err back, erase task failed, cannot find cache task: bb403281-6cce-48a4-84cd-75fc5a63de1a !  [THE user: test003] 
[22:18:02.210] [9136 ] [ERROR] [error:157]	got error busi back: 6fcfeb79-1b9b-4740-85e9-2cd1c62ce2b7, code: 1007 
[22:18:02.210] [9136 ] [WARN ] [error:167]	busi err back, erase task failed, cannot find cache task: 6fcfeb79-1b9b-4740-85e9-2cd1c62ce2b7 !  [THE user: test003] 
[22:18:02.249] [23282] [ERROR] [error:157]	got error busi back: dd35a73c-514c-4467-8ede-6b4f4573e353, code: 1007 
[22:18:02.289] [9136 ] [ERROR] [error:157]	got error busi back: 7d7a0a5c-c2ea-481a-bf9c-5d96e63639fd, code: 1007 
[22:18:02.289] [9136 ] [WARN ] [error:167]	busi err back, erase task failed, cannot find cache task: 7d7a0a5c-c2ea-481a-bf9c-5d96e63639fd !  [THE user: test003] 
[22:21:31.088] [5337 ] [WARN ] [~MpcMemPool:48]	the mempool is freed! 
