[09:17:55.263] [8776 ] [INFO ] [JNI_OnLoad:24]	jvm onload success ! 
[09:17:55.265] [8776 ] [INFO ] [init:111]	JniNativeCallback init ok. 
[09:17:55.265] [8776 ] [INFO ] [init:136]	to init engine, user: test001, mode: 0, proxyEndpoint: ProxyGlacier2/router:tcp -h 202.114.114.46 -p 4502 -t 11000 
[09:17:55.265] [8776 ] [WARN ] [init:158]	Cannot find the --Mpc.Data=xxxxx config item ! 
[09:17:55.265] [8776 ] [WARN ] [init:178]	Cannot find the --Mpc.Circuits=xxxxx config item ! not preload circuits !! 
[09:17:55.265] [8776 ] [INFO ] [init:188]	preload circuits ok ! 
[09:17:55.265] [8776 ] [INFO ] [init:212]	Not start node server ! use proxy forward ! 
[09:17:55.266] [8776 ] [INFO ] [MpcTaskDispatcher:39]	construct task dispatcher, with 8 processor, load balence is: 16384 
[09:17:55.266] [8776 ] [INFO ] [init:63]	INIT the processor: 0, type: 0 ok 
[09:17:55.266] [8776 ] [INFO ] [init:63]	INIT the processor: 1, type: 0 ok 
[09:17:55.266] [8776 ] [INFO ] [init:63]	INIT the processor: 2, type: 0 ok 
[09:17:55.266] [8776 ] [INFO ] [init:63]	INIT the processor: 3, type: 0 ok 
[09:17:55.266] [8776 ] [INFO ] [init:63]	INIT the processor: 4, type: 1 ok 
[09:17:55.266] [8776 ] [INFO ] [init:63]	INIT the processor: 5, type: 1 ok 
[09:17:55.266] [8776 ] [INFO ] [init:63]	INIT the processor: 6, type: 1 ok 
[09:17:55.266] [8776 ] [INFO ] [init:63]	INIT the processor: 7, type: 1 ok 
[09:17:55.266] [8776 ] [INFO ] [init:234]	INIT task dispatcher done ! 
[09:17:55.268] [8776 ] [INFO ] [init:64]	connect to busi proxy server endpoint: ProxyGlacier2/router:tcp -h 202.114.114.46 -p 4502 -t 11000 
[09:17:55.269] [8793 ] [INFO ] [operator():54]	task processor: 7 is running... 
[09:17:55.270] [8793 ] [INFO ] [popInviteeReadyTask:208]	to POP a ready task from ready invitee queue to processor, now read_num: 0 ... 
[09:17:55.269] [8789 ] [INFO ] [operator():54]	task processor: 3 is running... 
[09:17:55.276] [8789 ] [INFO ] [popInvitorReadyTask:270]	to POP a ready task from ready invitor queue to processor, now read_num: 0 ... 
[09:17:55.273] [8791 ] [INFO ] [operator():54]	task processor: 5 is running... 
[09:17:55.282] [8791 ] [INFO ] [popInviteeReadyTask:208]	to POP a ready task from ready invitee queue to processor, now read_num: 0 ... 
[09:17:55.273] [8790 ] [INFO ] [operator():54]	task processor: 4 is running... 
[09:17:55.283] [8790 ] [INFO ] [popInviteeReadyTask:208]	to POP a ready task from ready invitee queue to processor, now read_num: 0 ... 
[09:17:55.273] [8788 ] [INFO ] [operator():54]	task processor: 2 is running... 
[09:17:55.283] [8788 ] [INFO ] [popInvitorReadyTask:270]	to POP a ready task from ready invitor queue to processor, now read_num: 0 ... 
[09:17:55.283] [8787 ] [INFO ] [operator():54]	task processor: 1 is running... 
[09:17:55.283] [8787 ] [INFO ] [popInvitorReadyTask:270]	to POP a ready task from ready invitor queue to processor, now read_num: 0 ... 
[09:17:55.273] [8786 ] [INFO ] [operator():54]	task processor: 0 is running... 
[09:17:55.283] [8786 ] [INFO ] [popInvitorReadyTask:270]	to POP a ready task from ready invitor queue to processor, now read_num: 0 ... 
[09:17:55.273] [8792 ] [INFO ] [operator():54]	task processor: 6 is running... 
[09:17:55.287] [8792 ] [INFO ] [popInviteeReadyTask:208]	to POP a ready task from ready invitee queue to processor, now read_num: 0 ... 
[09:17:55.296] [8798 ] [INFO ] [connected:34]	to get session... 
[09:17:55.297] [8798 ] [INFO ] [connected:38]	to get create busi node callback... 
[09:17:55.297] [8798 ] [INFO ] [connected:46]	to set node callback, public endpoint: ProxyGlacier2/router:tcp -h 202.114.114.46 -p 4502 -t 11000, user: test001 ... 
[09:17:55.300] [8798 ] [WARN ] [connected:55]	the busi session create success. 
[09:17:55.787] [8776 ] [INFO ] [init:69]	waiting for node busi client inited ... timeout 1s.. 
[09:17:55.787] [8776 ] [INFO ] [init:74]	the busi node communicator is prepared !!!! 
[09:17:55.787] [8776 ] [INFO ] [init:86]	INIT busi node client success. user: test001, proxyEndpoint: ProxyGlacier2/router:tcp -h 202.114.114.46 -p 4502 -t 11000 
[09:17:55.787] [8776 ] [INFO ] [init:244]	INIT busi node client done ! 
[09:17:55.788] [8776 ] [INFO ] [init:48]	input ready process init ok. 
[09:17:55.788] [8776 ] [INFO ] [init:253]	INIT input ready processor done ! 
[09:17:55.788] [8776 ] [INFO ] [init:48]	ready process init ok. max request queue size: 4 
[09:17:55.788] [8776 ] [INFO ] [init:263]	INIT ready processor done ! 
[09:17:55.788] [8776 ] [INFO ] [init:269]	Mpc engine init success. 
[09:17:55.789] [8776 ] [INFO ] [Java_com_juzix_jugo_node_jni_NativeInterface_setDataLogLevel:155]	init the log to level: 3, data log state: 0 
[09:18:05.777] [8796 ] [WARN ] [MpcMemPool:42]	the mempool construction, size: 134217728, mem: 0x7ff895259010 
[09:18:06.988] [8793 ] [ERROR] [consumeBuffer:363]	====> the first buffer seq: 1 
[14:11:19.526] [7996 ] [WARN ] [~MpcMemPool:48]	the mempool is freed! 
