[16:35:21.478] [23609] [INFO ] [JNI_OnLoad:24]	jvm onload success ! 
[16:35:21.480] [23609] [INFO ] [init:111]	JniNativeCallback init ok. 
[16:35:21.480] [23609] [INFO ] [init:136]	to init engine, user: test001, mode: 0, proxyEndpoint: ProxyGlacier2/router:tcp -h 202.114.114.46 -p 4502 -t 11000 
[16:35:21.480] [23609] [WARN ] [init:158]	Cannot find the --Mpc.Data=xxxxx config item ! 
[16:35:21.480] [23609] [WARN ] [init:178]	Cannot find the --Mpc.Circuits=xxxxx config item ! not preload circuits !! 
[16:35:21.480] [23609] [INFO ] [init:188]	preload circuits ok ! 
[16:35:21.480] [23609] [INFO ] [init:212]	Not start node server ! use proxy forward ! 
[16:35:21.480] [23609] [INFO ] [MpcTaskDispatcher:39]	construct task dispatcher, with 8 processor, load balence is: 16384 
[16:35:21.480] [23609] [INFO ] [init:63]	INIT the processor: 0, type: 0 ok 
[16:35:21.480] [23609] [INFO ] [init:63]	INIT the processor: 1, type: 0 ok 
[16:35:21.480] [23609] [INFO ] [init:63]	INIT the processor: 2, type: 0 ok 
[16:35:21.480] [23609] [INFO ] [init:63]	INIT the processor: 3, type: 0 ok 
[16:35:21.481] [23609] [INFO ] [init:63]	INIT the processor: 4, type: 1 ok 
[16:35:21.481] [23609] [INFO ] [init:63]	INIT the processor: 5, type: 1 ok 
[16:35:21.481] [23609] [INFO ] [init:63]	INIT the processor: 6, type: 1 ok 
[16:35:21.481] [23609] [INFO ] [init:63]	INIT the processor: 7, type: 1 ok 
[16:35:21.481] [23609] [INFO ] [init:234]	INIT task dispatcher done ! 
[16:35:21.482] [23609] [INFO ] [init:64]	connect to busi proxy server endpoint: ProxyGlacier2/router:tcp -h 202.114.114.46 -p 4502 -t 11000 
[16:35:21.483] [23630] [INFO ] [operator():54]	task processor: 4 is running... 
[16:35:21.484] [23630] [INFO ] [popInviteeReadyTask:208]	to POP a ready task from ready invitee queue to processor, now read_num: 0 ... 
[16:35:21.484] [23626] [INFO ] [operator():54]	task processor: 0 is running... 
[16:35:21.484] [23626] [INFO ] [popInvitorReadyTask:270]	to POP a ready task from ready invitor queue to processor, now read_num: 0 ... 
[16:35:21.485] [23631] [INFO ] [operator():54]	task processor: 5 is running... 
[16:35:21.485] [23632] [INFO ] [operator():54]	task processor: 6 is running... 
[16:35:21.496] [23632] [INFO ] [popInviteeReadyTask:208]	to POP a ready task from ready invitee queue to processor, now read_num: 0 ... 
[16:35:21.485] [23628] [INFO ] [operator():54]	task processor: 2 is running... 
[16:35:21.496] [23628] [INFO ] [popInvitorReadyTask:270]	to POP a ready task from ready invitor queue to processor, now read_num: 0 ... 
[16:35:21.485] [23633] [INFO ] [operator():54]	task processor: 7 is running... 
[16:35:21.496] [23633] [INFO ] [popInviteeReadyTask:208]	to POP a ready task from ready invitee queue to processor, now read_num: 0 ... 
[16:35:21.485] [23629] [INFO ] [operator():54]	task processor: 3 is running... 
[16:35:21.496] [23629] [INFO ] [popInvitorReadyTask:270]	to POP a ready task from ready invitor queue to processor, now read_num: 0 ... 
[16:35:21.496] [23631] [INFO ] [popInviteeReadyTask:208]	to POP a ready task from ready invitee queue to processor, now read_num: 0 ... 
[16:35:21.485] [23627] [INFO ] [operator():54]	task processor: 1 is running... 
[16:35:21.499] [23627] [INFO ] [popInvitorReadyTask:270]	to POP a ready task from ready invitor queue to processor, now read_num: 0 ... 
[16:35:21.517] [23640] [INFO ] [connected:34]	to get session... 
[16:35:21.518] [23640] [INFO ] [connected:38]	to get create busi node callback... 
[16:35:21.518] [23640] [INFO ] [connected:46]	to set node callback, public endpoint: ProxyGlacier2/router:tcp -h 202.114.114.46 -p 4502 -t 11000, user: test001 ... 
[16:35:21.522] [23640] [WARN ] [connected:55]	the busi session create success. 
[16:35:21.999] [23609] [INFO ] [init:69]	waiting for node busi client inited ... timeout 1s.. 
[16:35:21.999] [23609] [INFO ] [init:74]	the busi node communicator is prepared !!!! 
[16:35:21.999] [23609] [INFO ] [init:86]	INIT busi node client success. user: test001, proxyEndpoint: ProxyGlacier2/router:tcp -h 202.114.114.46 -p 4502 -t 11000 
[16:35:21.999] [23609] [INFO ] [init:244]	INIT busi node client done ! 
[16:35:21.999] [23609] [INFO ] [init:48]	input ready process init ok. 
[16:35:21.999] [23609] [INFO ] [init:253]	INIT input ready processor done ! 
[16:35:21.999] [23609] [INFO ] [init:48]	ready process init ok. max request queue size: 4 
[16:35:21.999] [23609] [INFO ] [init:263]	INIT ready processor done ! 
[16:35:21.999] [23609] [INFO ] [init:269]	Mpc engine init success. 
[16:35:21.999] [23662] [INFO ] [popCommitTask:127]	to POP a commit task, task size: 0  ... 
[16:35:21.000] [23609] [INFO ] [Java_com_juzix_jugo_node_jni_NativeInterface_setDataLogLevel:155]	init the log to level: 3, data log state: 0 
[16:35:26.703] [23639] [WARN ] [MpcMemPool:42]	the mempool construction, size: 134217728, mem: 0x7f4c9bd5d010 
[16:35:28.086] [23632] [ERROR] [consumeBuffer:363]	====> the first buffer seq: 1 
[16:35:28.087] [23630] [ERROR] [consumeBuffer:363]	====> the first buffer seq: 1 
[16:35:28.087] [23631] [ERROR] [consumeBuffer:363]	====> the first buffer seq: 1 
[16:35:28.093] [23633] [ERROR] [consumeBuffer:363]	====> the first buffer seq: 1 
[16:35:37.571] [23630] [ERROR] [consumeBuffer:363]	====> the first buffer seq: 1 
[16:35:37.595] [23632] [ERROR] [consumeBuffer:363]	====> the first buffer seq: 1 
[16:35:37.697] [23633] [ERROR] [consumeBuffer:363]	====> the first buffer seq: 1 
[16:35:37.829] [23631] [ERROR] [consumeBuffer:363]	====> the first buffer seq: 1 
[16:35:45.294] [23630] [ERROR] [consumeBuffer:363]	====> the first buffer seq: 1 
[16:35:45.363] [23632] [ERROR] [consumeBuffer:363]	====> the first buffer seq: 1 
[16:35:45.695] [23631] [ERROR] [consumeBuffer:363]	====> the first buffer seq: 1 
[16:35:45.700] [23633] [ERROR] [consumeBuffer:363]	====> the first buffer seq: 1 
[16:35:52.062] [23632] [ERROR] [consumeBuffer:363]	====> the first buffer seq: 1 
[16:35:52.300] [23630] [ERROR] [consumeBuffer:363]	====> the first buffer seq: 1 
[16:35:52.812] [23633] [ERROR] [consumeBuffer:363]	====> the first buffer seq: 1 
[16:35:52.866] [23631] [ERROR] [consumeBuffer:363]	====> the first buffer seq: 1 
[16:35:59.337] [23632] [ERROR] [consumeBuffer:363]	====> the first buffer seq: 1 
[16:35:59.347] [23630] [ERROR] [consumeBuffer:363]	====> the first buffer seq: 1 
[16:36:00.108] [23633] [ERROR] [consumeBuffer:363]	====> the first buffer seq: 1 
[16:36:00.262] [23631] [ERROR] [consumeBuffer:363]	====> the first buffer seq: 1 
[16:36:06.498] [23630] [ERROR] [consumeBuffer:363]	====> the first buffer seq: 1 
[16:36:06.602] [23632] [ERROR] [consumeBuffer:363]	====> the first buffer seq: 1 
[16:36:07.477] [23633] [ERROR] [consumeBuffer:363]	====> the first buffer seq: 1 
[16:36:07.509] [23631] [ERROR] [consumeBuffer:363]	====> the first buffer seq: 1 
[16:36:13.453] [23630] [ERROR] [consumeBuffer:363]	====> the first buffer seq: 1 
[16:36:13.825] [23632] [ERROR] [consumeBuffer:363]	====> the first buffer seq: 1 
[16:36:14.748] [23633] [ERROR] [consumeBuffer:363]	====> the first buffer seq: 1 
[16:36:14.752] [23631] [ERROR] [consumeBuffer:363]	====> the first buffer seq: 1 
[16:36:20.396] [23630] [ERROR] [consumeBuffer:363]	====> the first buffer seq: 1 
[16:36:20.811] [23632] [ERROR] [consumeBuffer:363]	====> the first buffer seq: 1 
[16:36:21.840] [23633] [ERROR] [consumeBuffer:363]	====> the first buffer seq: 1 
[16:36:21.955] [23631] [ERROR] [consumeBuffer:363]	====> the first buffer seq: 1 
[16:36:27.332] [23630] [ERROR] [consumeBuffer:363]	====> the first buffer seq: 1 
[16:36:28.081] [23632] [ERROR] [consumeBuffer:363]	====> the first buffer seq: 1 
[16:36:29.015] [23633] [ERROR] [consumeBuffer:363]	====> the first buffer seq: 1 
[16:36:29.095] [23631] [ERROR] [consumeBuffer:363]	====> the first buffer seq: 1 
[16:36:34.444] [23630] [ERROR] [consumeBuffer:363]	====> the first buffer seq: 1 
[16:36:35.371] [23632] [ERROR] [consumeBuffer:363]	====> the first buffer seq: 1 
[16:36:36.150] [23631] [ERROR] [consumeBuffer:363]	====> the first buffer seq: 1 
[16:36:36.440] [23633] [ERROR] [consumeBuffer:363]	====> the first buffer seq: 1 
[16:36:41.613] [23630] [ERROR] [consumeBuffer:363]	====> the first buffer seq: 1 
[16:36:42.790] [23632] [ERROR] [consumeBuffer:363]	====> the first buffer seq: 1 
[16:36:43.259] [23631] [ERROR] [consumeBuffer:363]	====> the first buffer seq: 1 
[16:36:43.685] [23633] [ERROR] [consumeBuffer:363]	====> the first buffer seq: 1 
[16:36:48.615] [23630] [ERROR] [consumeBuffer:363]	====> the first buffer seq: 1 
[16:36:50.182] [23632] [ERROR] [consumeBuffer:363]	====> the first buffer seq: 1 
[16:36:50.428] [23631] [ERROR] [consumeBuffer:363]	====> the first buffer seq: 1 
[16:36:50.952] [23633] [ERROR] [consumeBuffer:363]	====> the first buffer seq: 1 
[16:36:55.679] [23630] [ERROR] [consumeBuffer:363]	====> the first buffer seq: 1 
[16:36:57.150] [23632] [ERROR] [consumeBuffer:363]	====> the first buffer seq: 1 
[16:36:57.421] [23631] [ERROR] [consumeBuffer:363]	====> the first buffer seq: 1 
[16:36:58.088] [23633] [ERROR] [consumeBuffer:363]	====> the first buffer seq: 1 
[16:37:02.808] [23630] [ERROR] [consumeBuffer:363]	====> the first buffer seq: 1 
[16:37:04.054] [23632] [ERROR] [consumeBuffer:363]	====> the first buffer seq: 1 
[16:37:04.471] [23631] [ERROR] [consumeBuffer:363]	====> the first buffer seq: 1 
[16:37:05.209] [23633] [ERROR] [consumeBuffer:363]	====> the first buffer seq: 1 
[16:37:09.964] [23630] [ERROR] [consumeBuffer:363]	====> the first buffer seq: 1 
[16:37:11.102] [23632] [ERROR] [consumeBuffer:363]	====> the first buffer seq: 1 
[16:37:11.705] [23631] [ERROR] [consumeBuffer:363]	====> the first buffer seq: 1 
[16:37:12.638] [23633] [ERROR] [consumeBuffer:363]	====> the first buffer seq: 1 
[16:37:16.797] [23630] [ERROR] [consumeBuffer:363]	====> the first buffer seq: 1 
[16:37:17.925] [23632] [ERROR] [consumeBuffer:363]	====> the first buffer seq: 1 
[16:37:18.446] [23631] [ERROR] [consumeBuffer:363]	====> the first buffer seq: 1 
[16:37:19.626] [23633] [ERROR] [consumeBuffer:363]	====> the first buffer seq: 1 
[16:37:23.924] [23630] [ERROR] [consumeBuffer:363]	====> the first buffer seq: 1 
[16:37:25.350] [23632] [ERROR] [consumeBuffer:363]	====> the first buffer seq: 1 
[16:37:25.607] [23631] [ERROR] [consumeBuffer:363]	====> the first buffer seq: 1 
[16:37:26.786] [23633] [ERROR] [consumeBuffer:363]	====> the first buffer seq: 1 
[16:37:30.748] [23630] [ERROR] [consumeBuffer:363]	====> the first buffer seq: 1 
[16:37:32.482] [23632] [ERROR] [consumeBuffer:363]	====> the first buffer seq: 1 
[16:37:32.606] [23631] [ERROR] [consumeBuffer:363]	====> the first buffer seq: 1 
[16:37:34.043] [23633] [ERROR] [consumeBuffer:363]	====> the first buffer seq: 1 
[16:37:37.845] [23630] [ERROR] [consumeBuffer:363]	====> the first buffer seq: 1 
[16:37:39.506] [23632] [ERROR] [consumeBuffer:363]	====> the first buffer seq: 1 
[16:37:39.558] [23631] [ERROR] [consumeBuffer:363]	====> the first buffer seq: 1 
[16:37:41.120] [23633] [ERROR] [consumeBuffer:363]	====> the first buffer seq: 1 
[16:37:45.141] [23630] [ERROR] [consumeBuffer:363]	====> the first buffer seq: 1 
[16:37:46.518] [23632] [ERROR] [consumeBuffer:363]	====> the first buffer seq: 1 
[16:37:46.689] [23631] [ERROR] [consumeBuffer:363]	====> the first buffer seq: 1 
[16:37:48.296] [23633] [ERROR] [consumeBuffer:363]	====> the first buffer seq: 1 
[16:37:52.438] [23630] [ERROR] [consumeBuffer:363]	====> the first buffer seq: 1 
[16:37:53.579] [23632] [ERROR] [consumeBuffer:363]	====> the first buffer seq: 1 
[16:37:53.978] [23631] [ERROR] [consumeBuffer:363]	====> the first buffer seq: 1 
[16:37:55.257] [23633] [ERROR] [consumeBuffer:363]	====> the first buffer seq: 1 
[16:37:59.565] [23630] [ERROR] [consumeBuffer:363]	====> the first buffer seq: 1 
[16:38:00.754] [23632] [ERROR] [consumeBuffer:363]	====> the first buffer seq: 1 
[16:38:01.181] [23631] [ERROR] [consumeBuffer:363]	====> the first buffer seq: 1 
[16:38:02.504] [23633] [ERROR] [consumeBuffer:363]	====> the first buffer seq: 1 
[16:38:06.569] [23630] [ERROR] [consumeBuffer:363]	====> the first buffer seq: 1 
[16:38:08.024] [23632] [ERROR] [consumeBuffer:363]	====> the first buffer seq: 1 
[16:38:08.299] [23631] [ERROR] [consumeBuffer:363]	====> the first buffer seq: 1 
[16:38:09.588] [23633] [ERROR] [consumeBuffer:363]	====> the first buffer seq: 1 
[16:38:13.657] [23630] [ERROR] [consumeBuffer:363]	====> the first buffer seq: 1 
[16:38:15.025] [23632] [ERROR] [consumeBuffer:363]	====> the first buffer seq: 1 
[16:38:15.468] [23631] [ERROR] [consumeBuffer:363]	====> the first buffer seq: 1 
[16:38:16.706] [23633] [ERROR] [consumeBuffer:363]	====> the first buffer seq: 1 
[16:38:20.582] [23630] [ERROR] [consumeBuffer:363]	====> the first buffer seq: 1 
[16:38:22.139] [23632] [ERROR] [consumeBuffer:363]	====> the first buffer seq: 1 
[16:38:22.691] [23631] [ERROR] [consumeBuffer:363]	====> the first buffer seq: 1 
[16:38:23.824] [23633] [ERROR] [consumeBuffer:363]	====> the first buffer seq: 1 
[16:39:35.245] [23630] [ERROR] [consumeBuffer:363]	====> the first buffer seq: 1 
[16:39:35.263] [23632] [ERROR] [consumeBuffer:363]	====> the first buffer seq: 1 
[16:39:35.270] [23631] [ERROR] [consumeBuffer:363]	====> the first buffer seq: 1 
[16:39:35.278] [23633] [ERROR] [consumeBuffer:363]	====> the first buffer seq: 1 
[16:39:41.432] [23630] [ERROR] [consumeBuffer:363]	====> the first buffer seq: 1 
[16:39:42.700] [23631] [ERROR] [consumeBuffer:363]	====> the first buffer seq: 1 
[16:39:42.797] [23633] [ERROR] [consumeBuffer:363]	====> the first buffer seq: 1 
[16:39:42.892] [23632] [ERROR] [consumeBuffer:363]	====> the first buffer seq: 1 
[16:39:48.582] [23630] [ERROR] [consumeBuffer:363]	====> the first buffer seq: 1 
[16:39:49.863] [23633] [ERROR] [consumeBuffer:363]	====> the first buffer seq: 1 
[16:39:50.014] [23631] [ERROR] [consumeBuffer:363]	====> the first buffer seq: 1 
[16:39:50.130] [23632] [ERROR] [consumeBuffer:363]	====> the first buffer seq: 1 
[16:39:55.680] [23630] [ERROR] [consumeBuffer:363]	====> the first buffer seq: 1 
[16:39:56.752] [23633] [ERROR] [consumeBuffer:363]	====> the first buffer seq: 1 
[16:39:56.903] [23631] [ERROR] [consumeBuffer:363]	====> the first buffer seq: 1 
[16:39:57.129] [23632] [ERROR] [consumeBuffer:363]	====> the first buffer seq: 1 
[16:40:03.028] [23630] [ERROR] [consumeBuffer:363]	====> the first buffer seq: 1 
[16:40:04.267] [23633] [ERROR] [consumeBuffer:363]	====> the first buffer seq: 1 
[16:40:04.410] [23631] [ERROR] [consumeBuffer:363]	====> the first buffer seq: 1 
[16:40:04.704] [23632] [ERROR] [consumeBuffer:363]	====> the first buffer seq: 1 
[16:40:09.977] [23630] [ERROR] [consumeBuffer:363]	====> the first buffer seq: 1 
[16:40:11.376] [23633] [ERROR] [consumeBuffer:363]	====> the first buffer seq: 1 
[16:40:11.641] [23631] [ERROR] [consumeBuffer:363]	====> the first buffer seq: 1 
[16:40:11.879] [23632] [ERROR] [consumeBuffer:363]	====> the first buffer seq: 1 
[16:40:17.009] [23630] [ERROR] [consumeBuffer:363]	====> the first buffer seq: 1 
[16:40:18.646] [23633] [ERROR] [consumeBuffer:363]	====> the first buffer seq: 1 
[16:40:18.936] [23631] [ERROR] [consumeBuffer:363]	====> the first buffer seq: 1 
[16:40:19.202] [23632] [ERROR] [consumeBuffer:363]	====> the first buffer seq: 1 
[16:40:23.963] [23630] [ERROR] [consumeBuffer:363]	====> the first buffer seq: 1 
[16:40:25.385] [23633] [ERROR] [consumeBuffer:363]	====> the first buffer seq: 1 
[16:40:26.090] [23632] [ERROR] [consumeBuffer:363]	====> the first buffer seq: 1 
[16:40:26.123] [23631] [ERROR] [consumeBuffer:363]	====> the first buffer seq: 1 
[16:40:30.869] [23630] [ERROR] [consumeBuffer:363]	====> the first buffer seq: 1 
[16:40:32.616] [23633] [ERROR] [consumeBuffer:363]	====> the first buffer seq: 1 
[16:40:33.234] [23632] [ERROR] [consumeBuffer:363]	====> the first buffer seq: 1 
[16:40:33.715] [23631] [ERROR] [consumeBuffer:363]	====> the first buffer seq: 1 
[16:40:38.188] [23630] [ERROR] [consumeBuffer:363]	====> the first buffer seq: 1 
[16:40:39.567] [23633] [ERROR] [consumeBuffer:363]	====> the first buffer seq: 1 
[16:40:40.305] [23632] [ERROR] [consumeBuffer:363]	====> the first buffer seq: 1 
[16:40:40.867] [23631] [ERROR] [consumeBuffer:363]	====> the first buffer seq: 1 
[16:40:45.131] [23630] [ERROR] [consumeBuffer:363]	====> the first buffer seq: 1 
[16:40:46.595] [23633] [ERROR] [consumeBuffer:363]	====> the first buffer seq: 1 
[16:40:47.141] [23632] [ERROR] [consumeBuffer:363]	====> the first buffer seq: 1 
[16:40:47.874] [23631] [ERROR] [consumeBuffer:363]	====> the first buffer seq: 1 
[16:40:52.343] [23630] [ERROR] [consumeBuffer:363]	====> the first buffer seq: 1 
[16:40:53.680] [23633] [ERROR] [consumeBuffer:363]	====> the first buffer seq: 1 
[16:40:54.314] [23632] [ERROR] [consumeBuffer:363]	====> the first buffer seq: 1 
[16:40:54.830] [23631] [ERROR] [consumeBuffer:363]	====> the first buffer seq: 1 
[16:40:59.398] [23630] [ERROR] [consumeBuffer:363]	====> the first buffer seq: 1 
[16:41:00.834] [23633] [ERROR] [consumeBuffer:363]	====> the first buffer seq: 1 
[16:41:01.760] [23632] [ERROR] [consumeBuffer:363]	====> the first buffer seq: 1 
[16:41:01.917] [23631] [ERROR] [consumeBuffer:363]	====> the first buffer seq: 1 
[16:41:06.554] [23630] [ERROR] [consumeBuffer:363]	====> the first buffer seq: 1 
[16:41:08.014] [23633] [ERROR] [consumeBuffer:363]	====> the first buffer seq: 1 
[16:41:09.136] [23632] [ERROR] [consumeBuffer:363]	====> the first buffer seq: 1 
[16:41:09.224] [23631] [ERROR] [consumeBuffer:363]	====> the first buffer seq: 1 
[16:41:13.638] [23630] [ERROR] [consumeBuffer:363]	====> the first buffer seq: 1 
[16:41:14.995] [23633] [ERROR] [consumeBuffer:363]	====> the first buffer seq: 1 
[16:41:16.177] [23631] [ERROR] [consumeBuffer:363]	====> the first buffer seq: 1 
[16:41:16.517] [23632] [ERROR] [consumeBuffer:363]	====> the first buffer seq: 1 
[16:41:20.531] [23630] [ERROR] [consumeBuffer:363]	====> the first buffer seq: 1 
[16:41:22.078] [23633] [ERROR] [consumeBuffer:363]	====> the first buffer seq: 1 
[16:41:23.324] [23631] [ERROR] [consumeBuffer:363]	====> the first buffer seq: 1 
[16:41:23.847] [23632] [ERROR] [consumeBuffer:363]	====> the first buffer seq: 1 
[16:41:27.534] [23630] [ERROR] [consumeBuffer:363]	====> the first buffer seq: 1 
[16:41:29.027] [23633] [ERROR] [consumeBuffer:363]	====> the first buffer seq: 1 
[16:41:30.376] [23631] [ERROR] [consumeBuffer:363]	====> the first buffer seq: 1 
[16:41:31.009] [23632] [ERROR] [consumeBuffer:363]	====> the first buffer seq: 1 
[16:41:34.611] [23630] [ERROR] [consumeBuffer:363]	====> the first buffer seq: 1 
[16:41:36.298] [23633] [ERROR] [consumeBuffer:363]	====> the first buffer seq: 1 
[16:41:37.452] [23631] [ERROR] [consumeBuffer:363]	====> the first buffer seq: 1 
[16:41:38.175] [23632] [ERROR] [consumeBuffer:363]	====> the first buffer seq: 1 
[16:41:41.815] [23630] [ERROR] [consumeBuffer:363]	====> the first buffer seq: 1 
[16:41:43.369] [23633] [ERROR] [consumeBuffer:363]	====> the first buffer seq: 1 
[16:41:44.632] [23631] [ERROR] [consumeBuffer:363]	====> the first buffer seq: 1 
[16:41:45.292] [23632] [ERROR] [consumeBuffer:363]	====> the first buffer seq: 1 
[16:41:48.940] [23630] [ERROR] [consumeBuffer:363]	====> the first buffer seq: 1 
[16:41:50.506] [23633] [ERROR] [consumeBuffer:363]	====> the first buffer seq: 1 
[16:41:51.625] [23631] [ERROR] [consumeBuffer:363]	====> the first buffer seq: 1 
[16:41:52.254] [23632] [ERROR] [consumeBuffer:363]	====> the first buffer seq: 1 
[16:41:56.052] [23630] [ERROR] [consumeBuffer:363]	====> the first buffer seq: 1 
[16:41:57.532] [23633] [ERROR] [consumeBuffer:363]	====> the first buffer seq: 1 
[16:41:58.916] [23631] [ERROR] [consumeBuffer:363]	====> the first buffer seq: 1 
[16:41:59.528] [23632] [ERROR] [consumeBuffer:363]	====> the first buffer seq: 1 
[16:42:03.136] [23630] [ERROR] [consumeBuffer:363]	====> the first buffer seq: 1 
[16:42:04.413] [23633] [ERROR] [consumeBuffer:363]	====> the first buffer seq: 1 
[16:42:05.952] [23631] [ERROR] [consumeBuffer:363]	====> the first buffer seq: 1 
[16:42:06.626] [23632] [ERROR] [consumeBuffer:363]	====> the first buffer seq: 1 
[16:42:10.247] [23630] [ERROR] [consumeBuffer:363]	====> the first buffer seq: 1 
[16:42:11.621] [23633] [ERROR] [consumeBuffer:363]	====> the first buffer seq: 1 
[16:42:13.238] [23631] [ERROR] [consumeBuffer:363]	====> the first buffer seq: 1 
[16:42:14.043] [23632] [ERROR] [consumeBuffer:363]	====> the first buffer seq: 1 
[16:42:17.196] [23630] [ERROR] [consumeBuffer:363]	====> the first buffer seq: 1 
[16:42:18.373] [23633] [ERROR] [consumeBuffer:363]	====> the first buffer seq: 1 
[16:42:20.030] [23631] [ERROR] [consumeBuffer:363]	====> the first buffer seq: 1 
[16:42:21.009] [23632] [ERROR] [consumeBuffer:363]	====> the first buffer seq: 1 
[16:42:24.540] [23630] [ERROR] [consumeBuffer:363]	====> the first buffer seq: 1 
[16:42:25.523] [23633] [ERROR] [consumeBuffer:363]	====> the first buffer seq: 1 
[16:42:27.090] [23631] [ERROR] [consumeBuffer:363]	====> the first buffer seq: 1 
[16:42:27.990] [23632] [ERROR] [consumeBuffer:363]	====> the first buffer seq: 1 
[16:44:32.041] [23630] [ERROR] [consumeBuffer:363]	====> the first buffer seq: 1 
[16:44:32.046] [23633] [ERROR] [consumeBuffer:363]	====> the first buffer seq: 1 
[16:44:32.052] [23631] [ERROR] [consumeBuffer:363]	====> the first buffer seq: 1 
[16:44:32.065] [23632] [ERROR] [consumeBuffer:363]	====> the first buffer seq: 1 
[16:44:37.985] [23633] [ERROR] [consumeBuffer:363]	====> the first buffer seq: 1 
[16:44:38.856] [23631] [ERROR] [consumeBuffer:363]	====> the first buffer seq: 1 
[16:44:38.995] [23632] [ERROR] [consumeBuffer:363]	====> the first buffer seq: 1 
[16:44:39.162] [23630] [ERROR] [consumeBuffer:363]	====> the first buffer seq: 1 
[16:44:44.472] [23633] [ERROR] [consumeBuffer:363]	====> the first buffer seq: 1 
[16:44:45.405] [23632] [ERROR] [consumeBuffer:363]	====> the first buffer seq: 1 
[16:44:45.524] [23631] [ERROR] [consumeBuffer:363]	====> the first buffer seq: 1 
[16:44:45.616] [23630] [ERROR] [consumeBuffer:363]	====> the first buffer seq: 1 
[16:44:50.805] [23633] [ERROR] [consumeBuffer:363]	====> the first buffer seq: 1 
[16:44:51.963] [23632] [ERROR] [consumeBuffer:363]	====> the first buffer seq: 1 
[16:44:51.985] [23631] [ERROR] [consumeBuffer:363]	====> the first buffer seq: 1 
[16:44:52.192] [23630] [ERROR] [consumeBuffer:363]	====> the first buffer seq: 1 
[16:44:57.071] [23633] [ERROR] [consumeBuffer:363]	====> the first buffer seq: 1 
[16:44:58.529] [23632] [ERROR] [consumeBuffer:363]	====> the first buffer seq: 1 
[16:44:58.780] [23630] [ERROR] [consumeBuffer:363]	====> the first buffer seq: 1 
[16:44:58.904] [23631] [ERROR] [consumeBuffer:363]	====> the first buffer seq: 1 
[16:45:03.881] [23633] [ERROR] [consumeBuffer:363]	====> the first buffer seq: 1 
[16:45:05.376] [23632] [ERROR] [consumeBuffer:363]	====> the first buffer seq: 1 
[16:45:05.637] [23631] [ERROR] [consumeBuffer:363]	====> the first buffer seq: 1 
[16:45:05.792] [23630] [ERROR] [consumeBuffer:363]	====> the first buffer seq: 1 
[16:45:10.741] [23633] [ERROR] [consumeBuffer:363]	====> the first buffer seq: 1 
[16:45:12.237] [23632] [ERROR] [consumeBuffer:363]	====> the first buffer seq: 1 
[16:45:12.561] [23631] [ERROR] [consumeBuffer:363]	====> the first buffer seq: 1 
[16:45:12.711] [23630] [ERROR] [consumeBuffer:363]	====> the first buffer seq: 1 
[16:45:17.384] [23633] [ERROR] [consumeBuffer:363]	====> the first buffer seq: 1 
[16:45:19.100] [23632] [ERROR] [consumeBuffer:363]	====> the first buffer seq: 1 
[16:45:19.277] [23631] [ERROR] [consumeBuffer:363]	====> the first buffer seq: 1 
[16:45:19.498] [23630] [ERROR] [consumeBuffer:363]	====> the first buffer seq: 1 
[16:45:23.975] [23633] [ERROR] [consumeBuffer:363]	====> the first buffer seq: 1 
[16:45:25.929] [23632] [ERROR] [consumeBuffer:363]	====> the first buffer seq: 1 
[16:45:26.225] [23631] [ERROR] [consumeBuffer:363]	====> the first buffer seq: 1 
[16:45:26.489] [23630] [ERROR] [consumeBuffer:363]	====> the first buffer seq: 1 
[16:45:30.790] [23633] [ERROR] [consumeBuffer:363]	====> the first buffer seq: 1 
[16:45:32.792] [23632] [ERROR] [consumeBuffer:363]	====> the first buffer seq: 1 
[16:45:32.964] [23631] [ERROR] [consumeBuffer:363]	====> the first buffer seq: 1 
[16:45:33.256] [23630] [ERROR] [consumeBuffer:363]	====> the first buffer seq: 1 
[16:45:37.403] [23633] [ERROR] [consumeBuffer:363]	====> the first buffer seq: 1 
[16:45:39.748] [23632] [ERROR] [consumeBuffer:363]	====> the first buffer seq: 1 
[16:45:39.821] [23631] [ERROR] [consumeBuffer:363]	====> the first buffer seq: 1 
[16:45:40.110] [23630] [ERROR] [consumeBuffer:363]	====> the first buffer seq: 1 
[16:45:43.925] [23633] [ERROR] [consumeBuffer:363]	====> the first buffer seq: 1 
[16:45:46.710] [23631] [ERROR] [consumeBuffer:363]	====> the first buffer seq: 1 
[16:45:46.804] [23632] [ERROR] [consumeBuffer:363]	====> the first buffer seq: 1 
[16:45:47.080] [23630] [ERROR] [consumeBuffer:363]	====> the first buffer seq: 1 
[16:45:50.577] [23633] [ERROR] [consumeBuffer:363]	====> the first buffer seq: 1 
[16:45:53.490] [23631] [ERROR] [consumeBuffer:363]	====> the first buffer seq: 1 
[16:45:53.581] [23632] [ERROR] [consumeBuffer:363]	====> the first buffer seq: 1 
[16:45:53.987] [23630] [ERROR] [consumeBuffer:363]	====> the first buffer seq: 1 
[16:45:57.189] [23633] [ERROR] [consumeBuffer:363]	====> the first buffer seq: 1 
[16:46:00.546] [23631] [ERROR] [consumeBuffer:363]	====> the first buffer seq: 1 
[16:46:00.601] [23632] [ERROR] [consumeBuffer:363]	====> the first buffer seq: 1 
[16:46:01.109] [23630] [ERROR] [consumeBuffer:363]	====> the first buffer seq: 1 
[16:46:03.994] [23633] [ERROR] [consumeBuffer:363]	====> the first buffer seq: 1 
[16:46:07.275] [23632] [ERROR] [consumeBuffer:363]	====> the first buffer seq: 1 
[16:46:07.537] [23631] [ERROR] [consumeBuffer:363]	====> the first buffer seq: 1 
[16:46:07.910] [23630] [ERROR] [consumeBuffer:363]	====> the first buffer seq: 1 
[16:46:10.512] [23633] [ERROR] [consumeBuffer:363]	====> the first buffer seq: 1 
[16:46:13.804] [23632] [ERROR] [consumeBuffer:363]	====> the first buffer seq: 1 
[16:46:14.205] [23631] [ERROR] [consumeBuffer:363]	====> the first buffer seq: 1 
[16:46:14.626] [23630] [ERROR] [consumeBuffer:363]	====> the first buffer seq: 1 
[16:46:17.064] [23633] [ERROR] [consumeBuffer:363]	====> the first buffer seq: 1 
[16:46:20.361] [23632] [ERROR] [consumeBuffer:363]	====> the first buffer seq: 1 
[16:46:20.836] [23631] [ERROR] [consumeBuffer:363]	====> the first buffer seq: 1 
[16:46:21.340] [23630] [ERROR] [consumeBuffer:363]	====> the first buffer seq: 1 
[16:46:23.736] [23633] [ERROR] [consumeBuffer:363]	====> the first buffer seq: 1 
[16:46:26.999] [23632] [ERROR] [consumeBuffer:363]	====> the first buffer seq: 1 
[16:46:27.399] [23631] [ERROR] [consumeBuffer:363]	====> the first buffer seq: 1 
[16:46:28.066] [23630] [ERROR] [consumeBuffer:363]	====> the first buffer seq: 1 
[16:46:30.387] [23633] [ERROR] [consumeBuffer:363]	====> the first buffer seq: 1 
[16:46:33.788] [23632] [ERROR] [consumeBuffer:363]	====> the first buffer seq: 1 
[16:46:34.355] [23631] [ERROR] [consumeBuffer:363]	====> the first buffer seq: 1 
[16:46:34.873] [23630] [ERROR] [consumeBuffer:363]	====> the first buffer seq: 1 
[16:46:37.315] [23633] [ERROR] [consumeBuffer:363]	====> the first buffer seq: 1 
[16:46:40.590] [23632] [ERROR] [consumeBuffer:363]	====> the first buffer seq: 1 
[16:46:41.268] [23631] [ERROR] [consumeBuffer:363]	====> the first buffer seq: 1 
[16:46:41.577] [23630] [ERROR] [consumeBuffer:363]	====> the first buffer seq: 1 
[16:46:44.146] [23633] [ERROR] [consumeBuffer:363]	====> the first buffer seq: 1 
[16:46:47.014] [23632] [ERROR] [consumeBuffer:363]	====> the first buffer seq: 1 
[16:46:47.736] [23631] [ERROR] [consumeBuffer:363]	====> the first buffer seq: 1 
[16:46:48.404] [23630] [ERROR] [consumeBuffer:363]	====> the first buffer seq: 1 
[16:46:50.812] [23633] [ERROR] [consumeBuffer:363]	====> the first buffer seq: 1 
[16:46:53.652] [23632] [ERROR] [consumeBuffer:363]	====> the first buffer seq: 1 
[16:46:54.454] [23631] [ERROR] [consumeBuffer:363]	====> the first buffer seq: 1 
[16:46:55.169] [23630] [ERROR] [consumeBuffer:363]	====> the first buffer seq: 1 
[16:46:57.542] [23633] [ERROR] [consumeBuffer:363]	====> the first buffer seq: 1 
[16:47:00.250] [23632] [ERROR] [consumeBuffer:363]	====> the first buffer seq: 1 
[16:47:01.213] [23631] [ERROR] [consumeBuffer:363]	====> the first buffer seq: 1 
[16:47:01.763] [23630] [ERROR] [consumeBuffer:363]	====> the first buffer seq: 1 
[16:47:04.181] [23633] [ERROR] [consumeBuffer:363]	====> the first buffer seq: 1 
[16:47:06.872] [23632] [ERROR] [consumeBuffer:363]	====> the first buffer seq: 1 
[16:47:08.245] [23631] [ERROR] [consumeBuffer:363]	====> the first buffer seq: 1 
[16:47:08.499] [23630] [ERROR] [consumeBuffer:363]	====> the first buffer seq: 1 
[16:47:10.741] [23633] [ERROR] [consumeBuffer:363]	====> the first buffer seq: 1 
[16:47:13.412] [23632] [ERROR] [consumeBuffer:363]	====> the first buffer seq: 1 
[16:47:14.941] [23630] [ERROR] [consumeBuffer:363]	====> the first buffer seq: 1 
[16:47:15.008] [23631] [ERROR] [consumeBuffer:363]	====> the first buffer seq: 1 
[17:12:22.276] [23633] [ERROR] [consumeBuffer:363]	====> the first buffer seq: 1 
[17:12:22.284] [23632] [ERROR] [consumeBuffer:363]	====> the first buffer seq: 1 
[17:12:22.297] [23631] [ERROR] [consumeBuffer:363]	====> the first buffer seq: 1 
[17:12:22.301] [23630] [ERROR] [consumeBuffer:363]	====> the first buffer seq: 1 
[17:12:28.292] [23631] [ERROR] [consumeBuffer:363]	====> the first buffer seq: 1 
[17:12:29.379] [23633] [ERROR] [consumeBuffer:363]	====> the first buffer seq: 1 
[17:12:29.542] [23632] [ERROR] [consumeBuffer:363]	====> the first buffer seq: 1 
[17:12:29.570] [23630] [ERROR] [consumeBuffer:363]	====> the first buffer seq: 1 
[17:12:35.298] [23631] [ERROR] [consumeBuffer:363]	====> the first buffer seq: 1 
[17:12:36.644] [23630] [ERROR] [consumeBuffer:363]	====> the first buffer seq: 1 
[17:12:36.651] [23633] [ERROR] [consumeBuffer:363]	====> the first buffer seq: 1 
[17:12:36.827] [23632] [ERROR] [consumeBuffer:363]	====> the first buffer seq: 1 
[17:12:42.294] [23631] [ERROR] [consumeBuffer:363]	====> the first buffer seq: 1 
[17:12:43.798] [23632] [ERROR] [consumeBuffer:363]	====> the first buffer seq: 1 
[17:12:43.872] [23633] [ERROR] [consumeBuffer:363]	====> the first buffer seq: 1 
[17:12:43.968] [23630] [ERROR] [consumeBuffer:363]	====> the first buffer seq: 1 
[17:12:49.120] [23631] [ERROR] [consumeBuffer:363]	====> the first buffer seq: 1 
[17:12:51.034] [23630] [ERROR] [consumeBuffer:363]	====> the first buffer seq: 1 
[17:12:51.045] [23633] [ERROR] [consumeBuffer:363]	====> the first buffer seq: 1 
[17:12:51.063] [23632] [ERROR] [consumeBuffer:363]	====> the first buffer seq: 1 
[17:12:56.096] [23631] [ERROR] [consumeBuffer:363]	====> the first buffer seq: 1 
[17:12:57.856] [23632] [ERROR] [consumeBuffer:363]	====> the first buffer seq: 1 
[17:12:57.917] [23633] [ERROR] [consumeBuffer:363]	====> the first buffer seq: 1 
[17:12:57.947] [23630] [ERROR] [consumeBuffer:363]	====> the first buffer seq: 1 
[17:13:03.005] [23631] [ERROR] [consumeBuffer:363]	====> the first buffer seq: 1 
[17:13:04.840] [23633] [ERROR] [consumeBuffer:363]	====> the first buffer seq: 1 
[17:13:04.921] [23632] [ERROR] [consumeBuffer:363]	====> the first buffer seq: 1 
[17:13:05.271] [23630] [ERROR] [consumeBuffer:363]	====> the first buffer seq: 1 
[17:13:10.056] [23631] [ERROR] [consumeBuffer:363]	====> the first buffer seq: 1 
[17:13:11.883] [23633] [ERROR] [consumeBuffer:363]	====> the first buffer seq: 1 
[17:13:11.984] [23632] [ERROR] [consumeBuffer:363]	====> the first buffer seq: 1 
[17:13:12.205] [23630] [ERROR] [consumeBuffer:363]	====> the first buffer seq: 1 
[17:13:16.905] [23631] [ERROR] [consumeBuffer:363]	====> the first buffer seq: 1 
[17:13:18.882] [23632] [ERROR] [consumeBuffer:363]	====> the first buffer seq: 1 
[17:13:18.975] [23633] [ERROR] [consumeBuffer:363]	====> the first buffer seq: 1 
[17:13:19.241] [23630] [ERROR] [consumeBuffer:363]	====> the first buffer seq: 1 
[17:13:24.043] [23631] [ERROR] [consumeBuffer:363]	====> the first buffer seq: 1 
[17:13:25.829] [23632] [ERROR] [consumeBuffer:363]	====> the first buffer seq: 1 
[17:13:26.094] [23633] [ERROR] [consumeBuffer:363]	====> the first buffer seq: 1 
[17:13:26.253] [23630] [ERROR] [consumeBuffer:363]	====> the first buffer seq: 1 
[17:13:30.851] [23631] [ERROR] [consumeBuffer:363]	====> the first buffer seq: 1 
[17:13:32.945] [23632] [ERROR] [consumeBuffer:363]	====> the first buffer seq: 1 
[17:13:33.158] [23633] [ERROR] [consumeBuffer:363]	====> the first buffer seq: 1 
[17:13:33.182] [23630] [ERROR] [consumeBuffer:363]	====> the first buffer seq: 1 
[17:13:38.089] [23631] [ERROR] [consumeBuffer:363]	====> the first buffer seq: 1 
[17:13:40.208] [23633] [ERROR] [consumeBuffer:363]	====> the first buffer seq: 1 
[17:13:40.327] [23630] [ERROR] [consumeBuffer:363]	====> the first buffer seq: 1 
[17:13:40.328] [23632] [ERROR] [consumeBuffer:363]	====> the first buffer seq: 1 
[17:13:45.103] [23631] [ERROR] [consumeBuffer:363]	====> the first buffer seq: 1 
[17:13:47.485] [23633] [ERROR] [consumeBuffer:363]	====> the first buffer seq: 1 
[17:13:47.624] [23632] [ERROR] [consumeBuffer:363]	====> the first buffer seq: 1 
[17:13:47.740] [23630] [ERROR] [consumeBuffer:363]	====> the first buffer seq: 1 
[17:13:52.179] [23631] [ERROR] [consumeBuffer:363]	====> the first buffer seq: 1 
[17:13:54.366] [23633] [ERROR] [consumeBuffer:363]	====> the first buffer seq: 1 
[17:13:54.806] [23632] [ERROR] [consumeBuffer:363]	====> the first buffer seq: 1 
[17:13:54.899] [23630] [ERROR] [consumeBuffer:363]	====> the first buffer seq: 1 
[17:13:59.185] [23631] [ERROR] [consumeBuffer:363]	====> the first buffer seq: 1 
[17:14:01.466] [23633] [ERROR] [consumeBuffer:363]	====> the first buffer seq: 1 
[17:14:01.627] [23632] [ERROR] [consumeBuffer:363]	====> the first buffer seq: 1 
[17:14:02.069] [23630] [ERROR] [consumeBuffer:363]	====> the first buffer seq: 1 
[17:14:06.420] [23631] [ERROR] [consumeBuffer:363]	====> the first buffer seq: 1 
[17:14:08.332] [23633] [ERROR] [consumeBuffer:363]	====> the first buffer seq: 1 
[17:14:08.688] [23632] [ERROR] [consumeBuffer:363]	====> the first buffer seq: 1 
[17:14:09.064] [23630] [ERROR] [consumeBuffer:363]	====> the first buffer seq: 1 
[17:14:13.367] [23631] [ERROR] [consumeBuffer:363]	====> the first buffer seq: 1 
[17:14:15.406] [23633] [ERROR] [consumeBuffer:363]	====> the first buffer seq: 1 
[17:14:15.831] [23632] [ERROR] [consumeBuffer:363]	====> the first buffer seq: 1 
[17:14:16.112] [23630] [ERROR] [consumeBuffer:363]	====> the first buffer seq: 1 
[17:14:20.122] [23631] [ERROR] [consumeBuffer:363]	====> the first buffer seq: 1 
[17:14:22.564] [23633] [ERROR] [consumeBuffer:363]	====> the first buffer seq: 1 
[17:14:22.928] [23632] [ERROR] [consumeBuffer:363]	====> the first buffer seq: 1 
[17:14:23.348] [23630] [ERROR] [consumeBuffer:363]	====> the first buffer seq: 1 
[17:14:27.414] [23631] [ERROR] [consumeBuffer:363]	====> the first buffer seq: 1 
[17:14:29.716] [23633] [ERROR] [consumeBuffer:363]	====> the first buffer seq: 1 
[17:14:30.234] [23632] [ERROR] [consumeBuffer:363]	====> the first buffer seq: 1 
[17:14:30.405] [23630] [ERROR] [consumeBuffer:363]	====> the first buffer seq: 1 
[17:14:34.737] [23631] [ERROR] [consumeBuffer:363]	====> the first buffer seq: 1 
[17:14:37.076] [23633] [ERROR] [consumeBuffer:363]	====> the first buffer seq: 1 
[17:14:37.474] [23632] [ERROR] [consumeBuffer:363]	====> the first buffer seq: 1 
[17:14:37.886] [23630] [ERROR] [consumeBuffer:363]	====> the first buffer seq: 1 
[17:14:41.994] [23631] [ERROR] [consumeBuffer:363]	====> the first buffer seq: 1 
[17:14:44.340] [23633] [ERROR] [consumeBuffer:363]	====> the first buffer seq: 1 
[17:14:44.696] [23632] [ERROR] [consumeBuffer:363]	====> the first buffer seq: 1 
[17:14:45.147] [23630] [ERROR] [consumeBuffer:363]	====> the first buffer seq: 1 
[17:14:49.063] [23631] [ERROR] [consumeBuffer:363]	====> the first buffer seq: 1 
[17:14:51.594] [23633] [ERROR] [consumeBuffer:363]	====> the first buffer seq: 1 
[17:14:51.907] [23632] [ERROR] [consumeBuffer:363]	====> the first buffer seq: 1 
[17:14:52.538] [23630] [ERROR] [consumeBuffer:363]	====> the first buffer seq: 1 
[17:14:56.318] [23631] [ERROR] [consumeBuffer:363]	====> the first buffer seq: 1 
[17:14:58.634] [23633] [ERROR] [consumeBuffer:363]	====> the first buffer seq: 1 
[17:14:59.044] [23632] [ERROR] [consumeBuffer:363]	====> the first buffer seq: 1 
[17:14:59.829] [23630] [ERROR] [consumeBuffer:363]	====> the first buffer seq: 1 
[17:15:03.609] [23631] [ERROR] [consumeBuffer:363]	====> the first buffer seq: 1 
[17:15:05.791] [23633] [ERROR] [consumeBuffer:363]	====> the first buffer seq: 1 
[17:15:06.291] [23632] [ERROR] [consumeBuffer:363]	====> the first buffer seq: 1 
[17:15:06.906] [23630] [ERROR] [consumeBuffer:363]	====> the first buffer seq: 1 
[17:15:10.822] [23631] [ERROR] [consumeBuffer:363]	====> the first buffer seq: 1 
[17:15:12.945] [23633] [ERROR] [consumeBuffer:363]	====> the first buffer seq: 1 
[17:15:13.484] [23632] [ERROR] [consumeBuffer:363]	====> the first buffer seq: 1 
[17:15:13.905] [23630] [ERROR] [consumeBuffer:363]	====> the first buffer seq: 1 
[17:42:53.830] [23633] [ERROR] [consumeBuffer:363]	====> the first buffer seq: 1 
[17:42:53.831] [23631] [ERROR] [consumeBuffer:363]	====> the first buffer seq: 1 
[17:42:53.836] [23632] [ERROR] [consumeBuffer:363]	====> the first buffer seq: 1 
[17:42:53.840] [23630] [ERROR] [consumeBuffer:363]	====> the first buffer seq: 1 
[17:42:56.632] [23631] [ERROR] [consumeBuffer:363]	====> the first buffer seq: 1 
[17:42:57.662] [23632] [ERROR] [consumeBuffer:363]	====> the first buffer seq: 1 
[17:42:57.805] [23630] [ERROR] [consumeBuffer:363]	====> the first buffer seq: 1 
[17:42:57.896] [23633] [ERROR] [consumeBuffer:363]	====> the first buffer seq: 1 
[17:43:00.483] [23631] [ERROR] [consumeBuffer:363]	====> the first buffer seq: 1 
[17:43:01.767] [23632] [ERROR] [consumeBuffer:363]	====> the first buffer seq: 1 
[17:43:01.966] [23633] [ERROR] [consumeBuffer:363]	====> the first buffer seq: 1 
[17:43:02.017] [23630] [ERROR] [consumeBuffer:363]	====> the first buffer seq: 1 
[17:43:04.140] [23631] [ERROR] [consumeBuffer:363]	====> the first buffer seq: 1 
[17:43:05.697] [23632] [ERROR] [consumeBuffer:363]	====> the first buffer seq: 1 
[17:43:05.915] [23633] [ERROR] [consumeBuffer:363]	====> the first buffer seq: 1 
[17:43:05.990] [23630] [ERROR] [consumeBuffer:363]	====> the first buffer seq: 1 
[17:43:07.882] [23631] [ERROR] [consumeBuffer:363]	====> the first buffer seq: 1 
[17:43:09.525] [23632] [ERROR] [consumeBuffer:363]	====> the first buffer seq: 1 
[17:43:09.794] [23630] [ERROR] [consumeBuffer:363]	====> the first buffer seq: 1 
[17:43:09.942] [23633] [ERROR] [consumeBuffer:363]	====> the first buffer seq: 1 
[17:43:11.879] [23631] [ERROR] [consumeBuffer:363]	====> the first buffer seq: 1 
[17:43:13.873] [23632] [ERROR] [consumeBuffer:363]	====> the first buffer seq: 1 
[17:43:14.335] [23630] [ERROR] [consumeBuffer:363]	====> the first buffer seq: 1 
[17:43:14.772] [23633] [ERROR] [consumeBuffer:363]	====> the first buffer seq: 1 
[17:43:16.550] [23631] [ERROR] [consumeBuffer:363]	====> the first buffer seq: 1 
[17:43:18.693] [23632] [ERROR] [consumeBuffer:363]	====> the first buffer seq: 1 
[17:43:19.107] [23630] [ERROR] [consumeBuffer:363]	====> the first buffer seq: 1 
[17:43:19.387] [23633] [ERROR] [consumeBuffer:363]	====> the first buffer seq: 1 
[17:43:20.954] [23631] [ERROR] [consumeBuffer:363]	====> the first buffer seq: 1 
[17:43:23.436] [23632] [ERROR] [consumeBuffer:363]	====> the first buffer seq: 1 
[17:43:23.898] [23630] [ERROR] [consumeBuffer:363]	====> the first buffer seq: 1 
[17:43:24.275] [23633] [ERROR] [consumeBuffer:363]	====> the first buffer seq: 1 
[17:43:25.631] [23631] [ERROR] [consumeBuffer:363]	====> the first buffer seq: 1 
[17:43:28.043] [23632] [ERROR] [consumeBuffer:363]	====> the first buffer seq: 1 
[17:43:28.612] [23630] [ERROR] [consumeBuffer:363]	====> the first buffer seq: 1 
[17:43:29.094] [23633] [ERROR] [consumeBuffer:363]	====> the first buffer seq: 1 
[17:43:30.259] [23631] [ERROR] [consumeBuffer:363]	====> the first buffer seq: 1 
[17:43:32.855] [23632] [ERROR] [consumeBuffer:363]	====> the first buffer seq: 1 
[17:43:33.404] [23630] [ERROR] [consumeBuffer:363]	====> the first buffer seq: 1 
[17:43:33.829] [23633] [ERROR] [consumeBuffer:363]	====> the first buffer seq: 1 
[17:43:34.848] [23631] [ERROR] [consumeBuffer:363]	====> the first buffer seq: 1 
[17:43:37.551] [23632] [ERROR] [consumeBuffer:363]	====> the first buffer seq: 1 
[17:43:38.005] [23630] [ERROR] [consumeBuffer:363]	====> the first buffer seq: 1 
[17:43:38.696] [23633] [ERROR] [consumeBuffer:363]	====> the first buffer seq: 1 
[17:43:39.346] [23631] [ERROR] [consumeBuffer:363]	====> the first buffer seq: 1 
[17:43:42.369] [23632] [ERROR] [consumeBuffer:363]	====> the first buffer seq: 1 
[17:43:42.854] [23630] [ERROR] [consumeBuffer:363]	====> the first buffer seq: 1 
[17:43:43.389] [23633] [ERROR] [consumeBuffer:363]	====> the first buffer seq: 1 
[17:43:44.032] [23631] [ERROR] [consumeBuffer:363]	====> the first buffer seq: 1 
[17:43:47.092] [23632] [ERROR] [consumeBuffer:363]	====> the first buffer seq: 1 
[17:43:47.642] [23630] [ERROR] [consumeBuffer:363]	====> the first buffer seq: 1 
[17:43:48.196] [23633] [ERROR] [consumeBuffer:363]	====> the first buffer seq: 1 
[17:43:48.855] [23631] [ERROR] [consumeBuffer:363]	====> the first buffer seq: 1 
[17:43:51.711] [23632] [ERROR] [consumeBuffer:363]	====> the first buffer seq: 1 
[17:43:52.413] [23630] [ERROR] [consumeBuffer:363]	====> the first buffer seq: 1 
[17:43:53.378] [23633] [ERROR] [consumeBuffer:363]	====> the first buffer seq: 1 
[17:43:53.566] [23631] [ERROR] [consumeBuffer:363]	====> the first buffer seq: 1 
[17:43:56.385] [23632] [ERROR] [consumeBuffer:363]	====> the first buffer seq: 1 
[17:43:57.183] [23630] [ERROR] [consumeBuffer:363]	====> the first buffer seq: 1 
[17:43:57.960] [23633] [ERROR] [consumeBuffer:363]	====> the first buffer seq: 1 
[17:43:58.217] [23631] [ERROR] [consumeBuffer:363]	====> the first buffer seq: 1 
[17:44:01.225] [23632] [ERROR] [consumeBuffer:363]	====> the first buffer seq: 1 
[17:44:01.812] [23630] [ERROR] [consumeBuffer:363]	====> the first buffer seq: 1 
[17:44:02.785] [23633] [ERROR] [consumeBuffer:363]	====> the first buffer seq: 1 
[17:44:03.020] [23631] [ERROR] [consumeBuffer:363]	====> the first buffer seq: 1 
[17:44:05.785] [23632] [ERROR] [consumeBuffer:363]	====> the first buffer seq: 1 
[17:44:06.616] [23630] [ERROR] [consumeBuffer:363]	====> the first buffer seq: 1 
[17:44:07.521] [23633] [ERROR] [consumeBuffer:363]	====> the first buffer seq: 1 
[17:44:07.624] [23631] [ERROR] [consumeBuffer:363]	====> the first buffer seq: 1 
[17:44:10.375] [23632] [ERROR] [consumeBuffer:363]	====> the first buffer seq: 1 
[17:44:11.397] [23630] [ERROR] [consumeBuffer:363]	====> the first buffer seq: 1 
[17:44:12.270] [23633] [ERROR] [consumeBuffer:363]	====> the first buffer seq: 1 
[17:44:12.501] [23631] [ERROR] [consumeBuffer:363]	====> the first buffer seq: 1 
[17:44:14.929] [23632] [ERROR] [consumeBuffer:363]	====> the first buffer seq: 1 
[17:44:15.953] [23630] [ERROR] [consumeBuffer:363]	====> the first buffer seq: 1 
[17:44:17.129] [23633] [ERROR] [consumeBuffer:363]	====> the first buffer seq: 1 
[17:44:17.480] [23631] [ERROR] [consumeBuffer:363]	====> the first buffer seq: 1 
[17:44:19.609] [23632] [ERROR] [consumeBuffer:363]	====> the first buffer seq: 1 
[17:44:20.558] [23630] [ERROR] [consumeBuffer:363]	====> the first buffer seq: 1 
[17:44:21.626] [23633] [ERROR] [consumeBuffer:363]	====> the first buffer seq: 1 
[17:44:22.115] [23631] [ERROR] [consumeBuffer:363]	====> the first buffer seq: 1 
[17:44:24.020] [23632] [ERROR] [consumeBuffer:363]	====> the first buffer seq: 1 
[17:44:25.295] [23630] [ERROR] [consumeBuffer:363]	====> the first buffer seq: 1 
[17:44:26.504] [23633] [ERROR] [consumeBuffer:363]	====> the first buffer seq: 1 
[17:44:26.992] [23631] [ERROR] [consumeBuffer:363]	====> the first buffer seq: 1 
[17:44:28.542] [23632] [ERROR] [consumeBuffer:363]	====> the first buffer seq: 1 
[17:44:29.870] [23630] [ERROR] [consumeBuffer:363]	====> the first buffer seq: 1 
[17:44:31.019] [23633] [ERROR] [consumeBuffer:363]	====> the first buffer seq: 1 
[17:44:31.510] [23631] [ERROR] [consumeBuffer:363]	====> the first buffer seq: 1 
[17:44:33.207] [23632] [ERROR] [consumeBuffer:363]	====> the first buffer seq: 1 
[17:44:34.600] [23630] [ERROR] [consumeBuffer:363]	====> the first buffer seq: 1 
[17:44:35.352] [23633] [ERROR] [consumeBuffer:363]	====> the first buffer seq: 1 
[17:44:35.808] [23631] [ERROR] [consumeBuffer:363]	====> the first buffer seq: 1 
[17:44:37.313] [23632] [ERROR] [consumeBuffer:363]	====> the first buffer seq: 1 
[17:44:38.736] [23630] [ERROR] [consumeBuffer:363]	====> the first buffer seq: 1 
[17:44:39.900] [23633] [ERROR] [consumeBuffer:363]	====> the first buffer seq: 1 
[17:44:40.535] [23631] [ERROR] [consumeBuffer:363]	====> the first buffer seq: 1 
[17:44:41.755] [23632] [ERROR] [consumeBuffer:363]	====> the first buffer seq: 1 
[17:44:43.214] [23630] [ERROR] [consumeBuffer:363]	====> the first buffer seq: 1 
[17:44:44.585] [23633] [ERROR] [consumeBuffer:363]	====> the first buffer seq: 1 
[17:56:43.319] [23631] [ERROR] [consumeBuffer:363]	====> the first buffer seq: 1 
[17:56:43.333] [23632] [ERROR] [consumeBuffer:363]	====> the first buffer seq: 1 
[17:56:43.344] [23630] [ERROR] [consumeBuffer:363]	====> the first buffer seq: 1 
[17:56:43.348] [23633] [ERROR] [consumeBuffer:363]	====> the first buffer seq: 1 
[17:56:49.393] [23631] [ERROR] [consumeBuffer:363]	====> the first buffer seq: 1 
[17:56:50.534] [23632] [ERROR] [consumeBuffer:363]	====> the first buffer seq: 1 
[17:56:50.672] [23633] [ERROR] [consumeBuffer:363]	====> the first buffer seq: 1 
[17:56:50.788] [23630] [ERROR] [consumeBuffer:363]	====> the first buffer seq: 1 
[17:56:56.465] [23631] [ERROR] [consumeBuffer:363]	====> the first buffer seq: 1 
[17:56:57.815] [23633] [ERROR] [consumeBuffer:363]	====> the first buffer seq: 1 
[17:56:57.819] [23632] [ERROR] [consumeBuffer:363]	====> the first buffer seq: 1 
[17:56:58.085] [23630] [ERROR] [consumeBuffer:363]	====> the first buffer seq: 1 
[17:57:03.720] [23631] [ERROR] [consumeBuffer:363]	====> the first buffer seq: 1 
[17:57:05.013] [23633] [ERROR] [consumeBuffer:363]	====> the first buffer seq: 1 
[17:57:05.098] [23630] [ERROR] [consumeBuffer:363]	====> the first buffer seq: 1 
[17:57:05.190] [23632] [ERROR] [consumeBuffer:363]	====> the first buffer seq: 1 
[17:57:10.708] [23631] [ERROR] [consumeBuffer:363]	====> the first buffer seq: 1 
[17:57:12.151] [23633] [ERROR] [consumeBuffer:363]	====> the first buffer seq: 1 
[17:57:12.346] [23630] [ERROR] [consumeBuffer:363]	====> the first buffer seq: 1 
[17:57:12.545] [23632] [ERROR] [consumeBuffer:363]	====> the first buffer seq: 1 
[17:57:17.999] [23631] [ERROR] [consumeBuffer:363]	====> the first buffer seq: 1 
[17:57:19.368] [23633] [ERROR] [consumeBuffer:363]	====> the first buffer seq: 1 
[17:57:19.427] [23630] [ERROR] [consumeBuffer:363]	====> the first buffer seq: 1 
[17:57:19.935] [23632] [ERROR] [consumeBuffer:363]	====> the first buffer seq: 1 
[17:57:25.197] [23631] [ERROR] [consumeBuffer:363]	====> the first buffer seq: 1 
[17:57:26.569] [23630] [ERROR] [consumeBuffer:363]	====> the first buffer seq: 1 
[17:57:26.616] [23633] [ERROR] [consumeBuffer:363]	====> the first buffer seq: 1 
[17:57:27.210] [23632] [ERROR] [consumeBuffer:363]	====> the first buffer seq: 1 
[17:57:32.275] [23631] [ERROR] [consumeBuffer:363]	====> the first buffer seq: 1 
[17:57:33.640] [23630] [ERROR] [consumeBuffer:363]	====> the first buffer seq: 1 
[17:57:33.692] [23633] [ERROR] [consumeBuffer:363]	====> the first buffer seq: 1 
[17:57:34.236] [23632] [ERROR] [consumeBuffer:363]	====> the first buffer seq: 1 
[17:57:39.364] [23631] [ERROR] [consumeBuffer:363]	====> the first buffer seq: 1 
[17:57:40.402] [23630] [ERROR] [consumeBuffer:363]	====> the first buffer seq: 1 
[17:57:40.516] [23633] [ERROR] [consumeBuffer:363]	====> the first buffer seq: 1 
[17:57:41.007] [23632] [ERROR] [consumeBuffer:363]	====> the first buffer seq: 1 
[17:57:46.108] [23631] [ERROR] [consumeBuffer:363]	====> the first buffer seq: 1 
[17:57:47.422] [23630] [ERROR] [consumeBuffer:363]	====> the first buffer seq: 1 
[17:57:47.617] [23633] [ERROR] [consumeBuffer:363]	====> the first buffer seq: 1 
[17:57:47.988] [23632] [ERROR] [consumeBuffer:363]	====> the first buffer seq: 1 
[17:57:52.937] [23631] [ERROR] [consumeBuffer:363]	====> the first buffer seq: 1 
[17:57:54.307] [23630] [ERROR] [consumeBuffer:363]	====> the first buffer seq: 1 
[17:57:54.545] [23633] [ERROR] [consumeBuffer:363]	====> the first buffer seq: 1 
[17:57:54.780] [23632] [ERROR] [consumeBuffer:363]	====> the first buffer seq: 1 
[17:57:59.838] [23631] [ERROR] [consumeBuffer:363]	====> the first buffer seq: 1 
[17:58:01.294] [23630] [ERROR] [consumeBuffer:363]	====> the first buffer seq: 1 
[17:58:01.861] [23633] [ERROR] [consumeBuffer:363]	====> the first buffer seq: 1 
[17:58:02.081] [23632] [ERROR] [consumeBuffer:363]	====> the first buffer seq: 1 
[17:58:07.082] [23631] [ERROR] [consumeBuffer:363]	====> the first buffer seq: 1 
[17:58:08.246] [23630] [ERROR] [consumeBuffer:363]	====> the first buffer seq: 1 
[17:58:08.737] [23633] [ERROR] [consumeBuffer:363]	====> the first buffer seq: 1 
[17:58:09.041] [23632] [ERROR] [consumeBuffer:363]	====> the first buffer seq: 1 
[17:58:13.971] [23631] [ERROR] [consumeBuffer:363]	====> the first buffer seq: 1 
[17:58:15.187] [23630] [ERROR] [consumeBuffer:363]	====> the first buffer seq: 1 
[17:58:16.133] [23633] [ERROR] [consumeBuffer:363]	====> the first buffer seq: 1 
[17:58:16.149] [23632] [ERROR] [consumeBuffer:363]	====> the first buffer seq: 1 
[17:58:20.933] [23631] [ERROR] [consumeBuffer:363]	====> the first buffer seq: 1 
[17:58:22.261] [23630] [ERROR] [consumeBuffer:363]	====> the first buffer seq: 1 
[17:58:23.075] [23633] [ERROR] [consumeBuffer:363]	====> the first buffer seq: 1 
[17:58:23.134] [23632] [ERROR] [consumeBuffer:363]	====> the first buffer seq: 1 
[17:58:28.009] [23631] [ERROR] [consumeBuffer:363]	====> the first buffer seq: 1 
[17:58:29.443] [23630] [ERROR] [consumeBuffer:363]	====> the first buffer seq: 1 
[17:58:30.176] [23633] [ERROR] [consumeBuffer:363]	====> the first buffer seq: 1 
[17:58:30.400] [23632] [ERROR] [consumeBuffer:363]	====> the first buffer seq: 1 
[17:58:34.819] [23631] [ERROR] [consumeBuffer:363]	====> the first buffer seq: 1 
[17:58:36.303] [23630] [ERROR] [consumeBuffer:363]	====> the first buffer seq: 1 
[17:58:37.019] [23633] [ERROR] [consumeBuffer:363]	====> the first buffer seq: 1 
[17:58:37.327] [23632] [ERROR] [consumeBuffer:363]	====> the first buffer seq: 1 
[17:58:41.765] [23631] [ERROR] [consumeBuffer:363]	====> the first buffer seq: 1 
[17:58:43.406] [23630] [ERROR] [consumeBuffer:363]	====> the first buffer seq: 1 
[17:58:44.192] [23633] [ERROR] [consumeBuffer:363]	====> the first buffer seq: 1 
[17:58:44.318] [23632] [ERROR] [consumeBuffer:363]	====> the first buffer seq: 1 
[17:58:48.831] [23631] [ERROR] [consumeBuffer:363]	====> the first buffer seq: 1 
[17:58:50.676] [23630] [ERROR] [consumeBuffer:363]	====> the first buffer seq: 1 
[17:58:51.341] [23633] [ERROR] [consumeBuffer:363]	====> the first buffer seq: 1 
[17:58:51.378] [23632] [ERROR] [consumeBuffer:363]	====> the first buffer seq: 1 
[17:58:55.915] [23631] [ERROR] [consumeBuffer:363]	====> the first buffer seq: 1 
[17:58:57.742] [23630] [ERROR] [consumeBuffer:363]	====> the first buffer seq: 1 
[17:58:58.500] [23633] [ERROR] [consumeBuffer:363]	====> the first buffer seq: 1 
[17:58:58.648] [23632] [ERROR] [consumeBuffer:363]	====> the first buffer seq: 1 
[17:59:03.030] [23631] [ERROR] [consumeBuffer:363]	====> the first buffer seq: 1 
[17:59:04.558] [23630] [ERROR] [consumeBuffer:363]	====> the first buffer seq: 1 
[17:59:05.384] [23633] [ERROR] [consumeBuffer:363]	====> the first buffer seq: 1 
[17:59:05.785] [23632] [ERROR] [consumeBuffer:363]	====> the first buffer seq: 1 
[17:59:09.994] [23631] [ERROR] [consumeBuffer:363]	====> the first buffer seq: 1 
[17:59:11.505] [23630] [ERROR] [consumeBuffer:363]	====> the first buffer seq: 1 
[17:59:12.451] [23633] [ERROR] [consumeBuffer:363]	====> the first buffer seq: 1 
[17:59:12.938] [23632] [ERROR] [consumeBuffer:363]	====> the first buffer seq: 1 
[17:59:16.948] [23631] [ERROR] [consumeBuffer:363]	====> the first buffer seq: 1 
[17:59:18.478] [23630] [ERROR] [consumeBuffer:363]	====> the first buffer seq: 1 
[17:59:19.419] [23633] [ERROR] [consumeBuffer:363]	====> the first buffer seq: 1 
[17:59:20.114] [23632] [ERROR] [consumeBuffer:363]	====> the first buffer seq: 1 
[17:59:23.908] [23631] [ERROR] [consumeBuffer:363]	====> the first buffer seq: 1 
[17:59:25.552] [23630] [ERROR] [consumeBuffer:363]	====> the first buffer seq: 1 
[17:59:26.244] [23633] [ERROR] [consumeBuffer:363]	====> the first buffer seq: 1 
[17:59:26.921] [23632] [ERROR] [consumeBuffer:363]	====> the first buffer seq: 1 
[17:59:30.605] [23631] [ERROR] [consumeBuffer:363]	====> the first buffer seq: 1 
[17:59:32.492] [23630] [ERROR] [consumeBuffer:363]	====> the first buffer seq: 1 
[17:59:33.156] [23633] [ERROR] [consumeBuffer:363]	====> the first buffer seq: 1 
[17:59:33.893] [23632] [ERROR] [consumeBuffer:363]	====> the first buffer seq: 1 
