[12:45:54.262] [29548] [INFO ] [JNI_OnLoad:24]	jvm onload success ! 
[12:45:54.264] [29548] [INFO ] [init:111]	JniNativeCallback init ok. 
[12:45:54.264] [29548] [INFO ] [init:136]	to init engine, user: test001, mode: 0, proxyEndpoint: ProxyGlacier2/router:tcp -h 202.114.114.46 -p 4502 -t 11000 
[12:45:54.264] [29548] [WARN ] [init:158]	Cannot find the --Mpc.Data=xxxxx config item ! 
[12:45:54.264] [29548] [WARN ] [init:178]	Cannot find the --Mpc.Circuits=xxxxx config item ! not preload circuits !! 
[12:45:54.264] [29548] [INFO ] [init:188]	preload circuits ok ! 
[12:45:54.264] [29548] [INFO ] [init:212]	Not start node server ! use proxy forward ! 
[12:45:54.266] [29548] [INFO ] [MpcTaskDispatcher:39]	construct task dispatcher, with 8 processor, load balence is: 16384 
[12:45:54.266] [29548] [INFO ] [init:63]	INIT the processor: 0, type: 0 ok 
[12:45:54.266] [29548] [INFO ] [init:63]	INIT the processor: 1, type: 0 ok 
[12:45:54.266] [29574] [INFO ] [operator():54]	task processor: 0 is running... 
[12:45:54.266] [29577] [INFO ] [operator():54]	task processor: 1 is running... 
[12:45:54.267] [29574] [INFO ] [popInvitorReadyTask:270]	to POP a ready task from ready invitor queue to processor, now read_num: 0 ... 
[12:45:54.266] [29548] [INFO ] [init:63]	INIT the processor: 2, type: 0 ok 
[12:45:54.267] [29577] [INFO ] [popInvitorReadyTask:270]	to POP a ready task from ready invitor queue to processor, now read_num: 0 ... 
[12:45:54.266] [29578] [INFO ] [operator():54]	task processor: 2 is running... 
[12:45:54.267] [29578] [INFO ] [popInvitorReadyTask:270]	to POP a ready task from ready invitor queue to processor, now read_num: 0 ... 
[12:45:54.267] [29548] [INFO ] [init:63]	INIT the processor: 3, type: 0 ok 
[12:45:54.267] [29583] [INFO ] [operator():54]	task processor: 3 is running... 
[12:45:54.267] [29548] [INFO ] [init:63]	INIT the processor: 4, type: 1 ok 
[12:45:54.267] [29584] [INFO ] [operator():54]	task processor: 4 is running... 
[12:45:54.267] [29548] [INFO ] [init:63]	INIT the processor: 5, type: 1 ok 
[12:45:54.267] [29583] [INFO ] [popInvitorReadyTask:270]	to POP a ready task from ready invitor queue to processor, now read_num: 0 ... 
[12:45:54.267] [29584] [INFO ] [popInviteeReadyTask:208]	to POP a ready task from ready invitee queue to processor, now read_num: 0 ... 
[12:45:54.267] [29548] [INFO ] [init:63]	INIT the processor: 6, type: 1 ok 
[12:45:54.267] [29586] [INFO ] [operator():54]	task processor: 6 is running... 
[12:45:54.267] [29548] [INFO ] [init:63]	INIT the processor: 7, type: 1 ok 
[12:45:54.267] [29587] [INFO ] [operator():54]	task processor: 7 is running... 
[12:45:54.267] [29585] [INFO ] [operator():54]	task processor: 5 is running... 
[12:45:54.267] [29586] [INFO ] [popInviteeReadyTask:208]	to POP a ready task from ready invitee queue to processor, now read_num: 0 ... 
[12:45:54.267] [29548] [INFO ] [init:234]	INIT task dispatcher done ! 
[12:45:54.267] [29587] [INFO ] [popInviteeReadyTask:208]	to POP a ready task from ready invitee queue to processor, now read_num: 0 ... 
[12:45:54.269] [29548] [INFO ] [init:64]	connect to busi proxy server endpoint: ProxyGlacier2/router:tcp -h 202.114.114.46 -p 4502 -t 11000 
[12:45:54.267] [29585] [INFO ] [popInviteeReadyTask:208]	to POP a ready task from ready invitee queue to processor, now read_num: 0 ... 
[12:45:54.291] [29592] [INFO ] [connected:34]	to get session... 
[12:45:54.292] [29592] [INFO ] [connected:38]	to get create busi node callback... 
[12:45:54.292] [29592] [INFO ] [connected:46]	to set node callback, public endpoint: ProxyGlacier2/router:tcp -h 202.114.114.46 -p 4502 -t 11000, user: test001 ... 
[12:45:54.297] [29592] [WARN ] [connected:55]	the busi session create success. 
[12:45:54.781] [29548] [INFO ] [init:69]	waiting for node busi client inited ... timeout 1s.. 
[12:45:54.781] [29548] [INFO ] [init:74]	the busi node communicator is prepared !!!! 
[12:45:54.781] [29548] [INFO ] [init:86]	INIT busi node client success. user: test001, proxyEndpoint: ProxyGlacier2/router:tcp -h 202.114.114.46 -p 4502 -t 11000 
[12:45:54.781] [29548] [INFO ] [init:244]	INIT busi node client done ! 
[12:45:54.781] [29548] [INFO ] [init:48]	input ready process init ok. 
[12:45:54.781] [29548] [INFO ] [init:253]	INIT input ready processor done ! 
[12:45:54.781] [29548] [INFO ] [init:48]	ready process init ok. max request queue size: 4 
[12:45:54.781] [29548] [INFO ] [init:263]	INIT ready processor done ! 
[12:45:54.781] [29548] [INFO ] [init:269]	Mpc engine init success. 
[12:45:54.782] [29625] [INFO ] [popCommitTask:127]	to POP a commit task, task size: 0  ... 
[12:45:54.783] [29548] [INFO ] [Java_com_juzix_jugo_node_jni_NativeInterface_setDataLogLevel:155]	init the log to level: 3, data log state: 0 
[12:45:59.759] [29590] [WARN ] [MpcMemPool:42]	the mempool construction, size: 134217728, mem: 0x7f573a603010 
[12:46:01.077] [29587] [ERROR] [consumeBuffer:363]	====> the first buffer seq: 1 
[12:46:01.077] [29584] [ERROR] [consumeBuffer:363]	====> the first buffer seq: 1 
[12:46:01.079] [29585] [ERROR] [consumeBuffer:363]	====> the first buffer seq: 1 
[12:46:01.079] [29586] [ERROR] [consumeBuffer:363]	====> the first buffer seq: 1 
[12:46:10.394] [29584] [ERROR] [consumeBuffer:363]	====> the first buffer seq: 1 
[12:46:10.470] [29586] [ERROR] [consumeBuffer:363]	====> the first buffer seq: 1 
[12:46:10.485] [29587] [ERROR] [consumeBuffer:363]	====> the first buffer seq: 1 
[12:46:10.550] [29585] [ERROR] [consumeBuffer:363]	====> the first buffer seq: 1 
[12:46:18.039] [29584] [ERROR] [consumeBuffer:363]	====> the first buffer seq: 1 
[12:46:18.152] [29585] [ERROR] [consumeBuffer:363]	====> the first buffer seq: 1 
[12:46:18.216] [29587] [ERROR] [consumeBuffer:363]	====> the first buffer seq: 1 
[12:46:18.300] [29586] [ERROR] [consumeBuffer:363]	====> the first buffer seq: 1 
[12:46:25.295] [29584] [ERROR] [consumeBuffer:363]	====> the first buffer seq: 1 
[12:46:25.687] [29585] [ERROR] [consumeBuffer:363]	====> the first buffer seq: 1 
[12:46:25.706] [29587] [ERROR] [consumeBuffer:363]	====> the first buffer seq: 1 
[12:46:25.872] [29586] [ERROR] [consumeBuffer:363]	====> the first buffer seq: 1 
[12:46:32.397] [29584] [ERROR] [consumeBuffer:363]	====> the first buffer seq: 1 
[12:46:32.834] [29585] [ERROR] [consumeBuffer:363]	====> the first buffer seq: 1 
[12:46:33.031] [29587] [ERROR] [consumeBuffer:363]	====> the first buffer seq: 1 
[12:46:33.183] [29586] [ERROR] [consumeBuffer:363]	====> the first buffer seq: 1 
[12:46:39.660] [29584] [ERROR] [consumeBuffer:363]	====> the first buffer seq: 1 
[12:46:40.028] [29585] [ERROR] [consumeBuffer:363]	====> the first buffer seq: 1 
[12:46:40.469] [29587] [ERROR] [consumeBuffer:363]	====> the first buffer seq: 1 
[12:46:40.696] [29586] [ERROR] [consumeBuffer:363]	====> the first buffer seq: 1 
[12:46:46.843] [29584] [ERROR] [consumeBuffer:363]	====> the first buffer seq: 1 
[12:46:47.286] [29585] [ERROR] [consumeBuffer:363]	====> the first buffer seq: 1 
[12:46:47.817] [29586] [ERROR] [consumeBuffer:363]	====> the first buffer seq: 1 
[12:46:47.832] [29587] [ERROR] [consumeBuffer:363]	====> the first buffer seq: 1 
[12:46:54.042] [29584] [ERROR] [consumeBuffer:363]	====> the first buffer seq: 1 
[12:46:54.575] [29585] [ERROR] [consumeBuffer:363]	====> the first buffer seq: 1 
[12:46:55.034] [29586] [ERROR] [consumeBuffer:363]	====> the first buffer seq: 1 
[12:46:55.160] [29587] [ERROR] [consumeBuffer:363]	====> the first buffer seq: 1 
[12:47:01.027] [29584] [ERROR] [consumeBuffer:363]	====> the first buffer seq: 1 
[12:47:01.552] [29585] [ERROR] [consumeBuffer:363]	====> the first buffer seq: 1 
[12:47:02.219] [29586] [ERROR] [consumeBuffer:363]	====> the first buffer seq: 1 
[12:47:02.303] [29587] [ERROR] [consumeBuffer:363]	====> the first buffer seq: 1 
[12:47:08.593] [29584] [ERROR] [consumeBuffer:363]	====> the first buffer seq: 1 
[12:47:09.212] [29585] [ERROR] [consumeBuffer:363]	====> the first buffer seq: 1 
[12:47:09.762] [29586] [ERROR] [consumeBuffer:363]	====> the first buffer seq: 1 
[12:47:09.925] [29587] [ERROR] [consumeBuffer:363]	====> the first buffer seq: 1 
[12:47:15.819] [29584] [ERROR] [consumeBuffer:363]	====> the first buffer seq: 1 
[12:47:16.761] [29585] [ERROR] [consumeBuffer:363]	====> the first buffer seq: 1 
[12:47:17.220] [29587] [ERROR] [consumeBuffer:363]	====> the first buffer seq: 1 
[12:47:17.257] [29586] [ERROR] [consumeBuffer:363]	====> the first buffer seq: 1 
[12:47:23.066] [29584] [ERROR] [consumeBuffer:363]	====> the first buffer seq: 1 
[12:47:24.272] [29585] [ERROR] [consumeBuffer:363]	====> the first buffer seq: 1 
[12:47:24.609] [29586] [ERROR] [consumeBuffer:363]	====> the first buffer seq: 1 
[12:47:24.746] [29587] [ERROR] [consumeBuffer:363]	====> the first buffer seq: 1 
[12:47:30.352] [29584] [ERROR] [consumeBuffer:363]	====> the first buffer seq: 1 
[12:47:31.896] [29585] [ERROR] [consumeBuffer:363]	====> the first buffer seq: 1 
[12:47:31.939] [29586] [ERROR] [consumeBuffer:363]	====> the first buffer seq: 1 
[12:47:32.205] [29587] [ERROR] [consumeBuffer:363]	====> the first buffer seq: 1 
[12:47:37.632] [29584] [ERROR] [consumeBuffer:363]	====> the first buffer seq: 1 
[12:47:39.297] [29585] [ERROR] [consumeBuffer:363]	====> the first buffer seq: 1 
[12:47:39.349] [29586] [ERROR] [consumeBuffer:363]	====> the first buffer seq: 1 
[12:47:39.650] [29587] [ERROR] [consumeBuffer:363]	====> the first buffer seq: 1 
[12:47:44.908] [29584] [ERROR] [consumeBuffer:363]	====> the first buffer seq: 1 
[12:47:46.958] [29585] [ERROR] [consumeBuffer:363]	====> the first buffer seq: 1 
[12:47:47.142] [29586] [ERROR] [consumeBuffer:363]	====> the first buffer seq: 1 
[12:47:47.249] [29587] [ERROR] [consumeBuffer:363]	====> the first buffer seq: 1 
[12:47:52.196] [29584] [ERROR] [consumeBuffer:363]	====> the first buffer seq: 1 
[12:47:54.190] [29585] [ERROR] [consumeBuffer:363]	====> the first buffer seq: 1 
[12:47:54.396] [29586] [ERROR] [consumeBuffer:363]	====> the first buffer seq: 1 
[12:47:54.572] [29587] [ERROR] [consumeBuffer:363]	====> the first buffer seq: 1 
[12:47:59.572] [29584] [ERROR] [consumeBuffer:363]	====> the first buffer seq: 1 
[12:48:01.518] [29585] [ERROR] [consumeBuffer:363]	====> the first buffer seq: 1 
[12:48:01.708] [29586] [ERROR] [consumeBuffer:363]	====> the first buffer seq: 1 
[12:48:02.117] [29587] [ERROR] [consumeBuffer:363]	====> the first buffer seq: 1 
[12:48:07.098] [29584] [ERROR] [consumeBuffer:363]	====> the first buffer seq: 1 
[12:48:08.820] [29585] [ERROR] [consumeBuffer:363]	====> the first buffer seq: 1 
[12:48:09.155] [29586] [ERROR] [consumeBuffer:363]	====> the first buffer seq: 1 
[12:48:09.588] [29587] [ERROR] [consumeBuffer:363]	====> the first buffer seq: 1 
[12:48:14.389] [29584] [ERROR] [consumeBuffer:363]	====> the first buffer seq: 1 
[12:48:16.094] [29585] [ERROR] [consumeBuffer:363]	====> the first buffer seq: 1 
[12:48:16.397] [29586] [ERROR] [consumeBuffer:363]	====> the first buffer seq: 1 
[12:48:16.885] [29587] [ERROR] [consumeBuffer:363]	====> the first buffer seq: 1 
[12:48:21.665] [29584] [ERROR] [consumeBuffer:363]	====> the first buffer seq: 1 
[12:48:23.450] [29585] [ERROR] [consumeBuffer:363]	====> the first buffer seq: 1 
[12:48:23.978] [29586] [ERROR] [consumeBuffer:363]	====> the first buffer seq: 1 
[12:48:24.339] [29587] [ERROR] [consumeBuffer:363]	====> the first buffer seq: 1 
[12:48:29.216] [29584] [ERROR] [consumeBuffer:363]	====> the first buffer seq: 1 
[12:48:31.124] [29585] [ERROR] [consumeBuffer:363]	====> the first buffer seq: 1 
[12:48:31.548] [29586] [ERROR] [consumeBuffer:363]	====> the first buffer seq: 1 
[12:48:31.916] [29587] [ERROR] [consumeBuffer:363]	====> the first buffer seq: 1 
[12:48:36.450] [29584] [ERROR] [consumeBuffer:363]	====> the first buffer seq: 1 
[12:48:38.384] [29585] [ERROR] [consumeBuffer:363]	====> the first buffer seq: 1 
[12:48:38.752] [29586] [ERROR] [consumeBuffer:363]	====> the first buffer seq: 1 
[12:48:39.234] [29587] [ERROR] [consumeBuffer:363]	====> the first buffer seq: 1 
[12:48:43.783] [29584] [ERROR] [consumeBuffer:363]	====> the first buffer seq: 1 
[12:48:45.893] [29585] [ERROR] [consumeBuffer:363]	====> the first buffer seq: 1 
[12:48:46.073] [29586] [ERROR] [consumeBuffer:363]	====> the first buffer seq: 1 
[12:48:46.512] [29587] [ERROR] [consumeBuffer:363]	====> the first buffer seq: 1 
[12:48:51.123] [29584] [ERROR] [consumeBuffer:363]	====> the first buffer seq: 1 
[12:48:53.178] [29585] [ERROR] [consumeBuffer:363]	====> the first buffer seq: 1 
[12:48:53.359] [29586] [ERROR] [consumeBuffer:363]	====> the first buffer seq: 1 
[12:48:53.672] [29587] [ERROR] [consumeBuffer:363]	====> the first buffer seq: 1 
[12:48:58.345] [29584] [ERROR] [consumeBuffer:363]	====> the first buffer seq: 1 
[12:49:00.622] [29585] [ERROR] [consumeBuffer:363]	====> the first buffer seq: 1 
[12:49:00.724] [29586] [ERROR] [consumeBuffer:363]	====> the first buffer seq: 1 
[12:49:00.000] [29587] [ERROR] [consumeBuffer:363]	====> the first buffer seq: 1 
[14:43:50.878] [29584] [ERROR] [consumeBuffer:363]	====> the first buffer seq: 1 
[14:43:50.897] [29585] [ERROR] [consumeBuffer:363]	====> the first buffer seq: 1 
[14:43:50.904] [29587] [ERROR] [consumeBuffer:363]	====> the first buffer seq: 1 
[14:43:50.911] [29586] [ERROR] [consumeBuffer:363]	====> the first buffer seq: 1 
[14:43:54.575] [29584] [ERROR] [consumeBuffer:363]	====> the first buffer seq: 1 
[14:43:55.861] [29587] [ERROR] [consumeBuffer:363]	====> the first buffer seq: 1 
[14:43:56.099] [29585] [ERROR] [consumeBuffer:363]	====> the first buffer seq: 1 
[14:43:56.128] [29586] [ERROR] [consumeBuffer:363]	====> the first buffer seq: 1 
[14:43:59.428] [29584] [ERROR] [consumeBuffer:363]	====> the first buffer seq: 1 
[14:44:01.041] [29587] [ERROR] [consumeBuffer:363]	====> the first buffer seq: 1 
[14:44:01.086] [29585] [ERROR] [consumeBuffer:363]	====> the first buffer seq: 1 
[14:44:01.135] [29586] [ERROR] [consumeBuffer:363]	====> the first buffer seq: 1 
[14:44:04.276] [29584] [ERROR] [consumeBuffer:363]	====> the first buffer seq: 1 
[14:44:05.795] [29587] [ERROR] [consumeBuffer:363]	====> the first buffer seq: 1 
[14:44:06.164] [29585] [ERROR] [consumeBuffer:363]	====> the first buffer seq: 1 
[14:44:06.280] [29586] [ERROR] [consumeBuffer:363]	====> the first buffer seq: 1 
[14:44:09.181] [29584] [ERROR] [consumeBuffer:363]	====> the first buffer seq: 1 
[14:44:10.717] [29587] [ERROR] [consumeBuffer:363]	====> the first buffer seq: 1 
[14:44:11.424] [29585] [ERROR] [consumeBuffer:363]	====> the first buffer seq: 1 
[14:44:11.537] [29586] [ERROR] [consumeBuffer:363]	====> the first buffer seq: 1 
[14:44:14.101] [29584] [ERROR] [consumeBuffer:363]	====> the first buffer seq: 1 
[14:44:15.924] [29587] [ERROR] [consumeBuffer:363]	====> the first buffer seq: 1 
[14:44:16.669] [29585] [ERROR] [consumeBuffer:363]	====> the first buffer seq: 1 
[14:44:16.776] [29586] [ERROR] [consumeBuffer:363]	====> the first buffer seq: 1 
[14:44:19.473] [29584] [ERROR] [consumeBuffer:363]	====> the first buffer seq: 1 
[14:44:21.065] [29587] [ERROR] [consumeBuffer:363]	====> the first buffer seq: 1 
[14:44:21.819] [29585] [ERROR] [consumeBuffer:363]	====> the first buffer seq: 1 
[14:44:21.935] [29586] [ERROR] [consumeBuffer:363]	====> the first buffer seq: 1 
[14:44:24.368] [29584] [ERROR] [consumeBuffer:363]	====> the first buffer seq: 1 
[14:44:26.086] [29587] [ERROR] [consumeBuffer:363]	====> the first buffer seq: 1 
[14:44:26.695] [29585] [ERROR] [consumeBuffer:363]	====> the first buffer seq: 1 
[14:44:27.094] [29586] [ERROR] [consumeBuffer:363]	====> the first buffer seq: 1 
[14:44:29.456] [29584] [ERROR] [consumeBuffer:363]	====> the first buffer seq: 1 
[14:44:31.138] [29587] [ERROR] [consumeBuffer:363]	====> the first buffer seq: 1 
[14:44:31.670] [29585] [ERROR] [consumeBuffer:363]	====> the first buffer seq: 1 
[14:44:32.225] [29586] [ERROR] [consumeBuffer:363]	====> the first buffer seq: 1 
[14:44:34.430] [29584] [ERROR] [consumeBuffer:363]	====> the first buffer seq: 1 
[14:44:35.973] [29587] [ERROR] [consumeBuffer:363]	====> the first buffer seq: 1 
[14:44:36.678] [29585] [ERROR] [consumeBuffer:363]	====> the first buffer seq: 1 
[14:44:37.126] [29586] [ERROR] [consumeBuffer:363]	====> the first buffer seq: 1 
[14:44:39.441] [29584] [ERROR] [consumeBuffer:363]	====> the first buffer seq: 1 
[14:44:40.785] [29587] [ERROR] [consumeBuffer:363]	====> the first buffer seq: 1 
[14:44:42.091] [29586] [ERROR] [consumeBuffer:363]	====> the first buffer seq: 1 
[14:44:42.120] [29585] [ERROR] [consumeBuffer:363]	====> the first buffer seq: 1 
[14:44:44.278] [29584] [ERROR] [consumeBuffer:363]	====> the first buffer seq: 1 
[14:44:46.042] [29587] [ERROR] [consumeBuffer:363]	====> the first buffer seq: 1 
[14:44:47.438] [29586] [ERROR] [consumeBuffer:363]	====> the first buffer seq: 1 
[14:44:47.442] [29585] [ERROR] [consumeBuffer:363]	====> the first buffer seq: 1 
[14:44:49.233] [29584] [ERROR] [consumeBuffer:363]	====> the first buffer seq: 1 
[14:44:51.090] [29587] [ERROR] [consumeBuffer:363]	====> the first buffer seq: 1 
[14:44:52.433] [29585] [ERROR] [consumeBuffer:363]	====> the first buffer seq: 1 
[14:44:52.793] [29586] [ERROR] [consumeBuffer:363]	====> the first buffer seq: 1 
[14:44:54.272] [29584] [ERROR] [consumeBuffer:363]	====> the first buffer seq: 1 
[14:44:55.969] [29587] [ERROR] [consumeBuffer:363]	====> the first buffer seq: 1 
[14:44:57.454] [29585] [ERROR] [consumeBuffer:363]	====> the first buffer seq: 1 
[14:44:57.652] [29586] [ERROR] [consumeBuffer:363]	====> the first buffer seq: 1 
[14:44:59.297] [29584] [ERROR] [consumeBuffer:363]	====> the first buffer seq: 1 
[14:45:00.751] [29587] [ERROR] [consumeBuffer:363]	====> the first buffer seq: 1 
[14:45:01.976] [29585] [ERROR] [consumeBuffer:363]	====> the first buffer seq: 1 
[14:45:02.115] [29586] [ERROR] [consumeBuffer:363]	====> the first buffer seq: 1 
[14:45:03.061] [29584] [ERROR] [consumeBuffer:363]	====> the first buffer seq: 1 
[14:45:04.393] [29587] [ERROR] [consumeBuffer:363]	====> the first buffer seq: 1 
[14:45:05.754] [29585] [ERROR] [consumeBuffer:363]	====> the first buffer seq: 1 
[14:45:06.236] [29586] [ERROR] [consumeBuffer:363]	====> the first buffer seq: 1 
[14:45:06.868] [29584] [ERROR] [consumeBuffer:363]	====> the first buffer seq: 1 
[14:45:08.062] [29587] [ERROR] [consumeBuffer:363]	====> the first buffer seq: 1 
[14:45:09.611] [29585] [ERROR] [consumeBuffer:363]	====> the first buffer seq: 1 
[14:45:10.114] [29586] [ERROR] [consumeBuffer:363]	====> the first buffer seq: 1 
[14:45:10.680] [29584] [ERROR] [consumeBuffer:363]	====> the first buffer seq: 1 
[14:45:11.839] [29587] [ERROR] [consumeBuffer:363]	====> the first buffer seq: 1 
[14:45:13.321] [29585] [ERROR] [consumeBuffer:363]	====> the first buffer seq: 1 
[14:45:13.906] [29586] [ERROR] [consumeBuffer:363]	====> the first buffer seq: 1 
[14:45:14.621] [29584] [ERROR] [consumeBuffer:363]	====> the first buffer seq: 1 
[14:45:15.758] [29587] [ERROR] [consumeBuffer:363]	====> the first buffer seq: 1 
[14:45:17.102] [29585] [ERROR] [consumeBuffer:363]	====> the first buffer seq: 1 
[14:45:17.790] [29586] [ERROR] [consumeBuffer:363]	====> the first buffer seq: 1 
[14:45:18.506] [29584] [ERROR] [consumeBuffer:363]	====> the first buffer seq: 1 
[14:45:19.613] [29587] [ERROR] [consumeBuffer:363]	====> the first buffer seq: 1 
[14:45:20.984] [29585] [ERROR] [consumeBuffer:363]	====> the first buffer seq: 1 
[14:45:21.729] [29586] [ERROR] [consumeBuffer:363]	====> the first buffer seq: 1 
[14:45:22.629] [29584] [ERROR] [consumeBuffer:363]	====> the first buffer seq: 1 
[14:45:24.216] [29587] [ERROR] [consumeBuffer:363]	====> the first buffer seq: 1 
[14:45:25.713] [29585] [ERROR] [consumeBuffer:363]	====> the first buffer seq: 1 
[14:45:26.664] [29586] [ERROR] [consumeBuffer:363]	====> the first buffer seq: 1 
[14:45:27.549] [29584] [ERROR] [consumeBuffer:363]	====> the first buffer seq: 1 
[14:45:28.869] [29587] [ERROR] [consumeBuffer:363]	====> the first buffer seq: 1 
[14:45:30.356] [29585] [ERROR] [consumeBuffer:363]	====> the first buffer seq: 1 
[14:45:31.458] [29586] [ERROR] [consumeBuffer:363]	====> the first buffer seq: 1 
[14:45:32.442] [29584] [ERROR] [consumeBuffer:363]	====> the first buffer seq: 1 
[14:45:33.718] [29587] [ERROR] [consumeBuffer:363]	====> the first buffer seq: 1 
[14:45:35.336] [29585] [ERROR] [consumeBuffer:363]	====> the first buffer seq: 1 
[14:45:36.214] [29586] [ERROR] [consumeBuffer:363]	====> the first buffer seq: 1 
[14:45:37.228] [29584] [ERROR] [consumeBuffer:363]	====> the first buffer seq: 1 
[14:45:38.662] [29587] [ERROR] [consumeBuffer:363]	====> the first buffer seq: 1 
[14:45:39.900] [29585] [ERROR] [consumeBuffer:363]	====> the first buffer seq: 1 
[14:45:40.836] [29586] [ERROR] [consumeBuffer:363]	====> the first buffer seq: 1 
[14:45:41.969] [29584] [ERROR] [consumeBuffer:363]	====> the first buffer seq: 1 
[14:45:43.307] [29587] [ERROR] [consumeBuffer:363]	====> the first buffer seq: 1 
[14:45:44.599] [29585] [ERROR] [consumeBuffer:363]	====> the first buffer seq: 1 
[14:45:45.580] [29586] [ERROR] [consumeBuffer:363]	====> the first buffer seq: 1 
[14:47:03.114] [29584] [ERROR] [consumeBuffer:363]	====> the first buffer seq: 1 
[14:47:03.114] [29585] [ERROR] [consumeBuffer:363]	====> the first buffer seq: 1 
[14:47:03.122] [29587] [ERROR] [consumeBuffer:363]	====> the first buffer seq: 1 
[14:47:03.128] [29586] [ERROR] [consumeBuffer:363]	====> the first buffer seq: 1 
[14:47:07.098] [29585] [ERROR] [consumeBuffer:363]	====> the first buffer seq: 1 
[14:47:08.272] [29584] [ERROR] [consumeBuffer:363]	====> the first buffer seq: 1 
[14:47:08.380] [29586] [ERROR] [consumeBuffer:363]	====> the first buffer seq: 1 
[14:47:08.399] [29587] [ERROR] [consumeBuffer:363]	====> the first buffer seq: 1 
[14:47:11.825] [29585] [ERROR] [consumeBuffer:363]	====> the first buffer seq: 1 
[14:47:13.285] [29584] [ERROR] [consumeBuffer:363]	====> the first buffer seq: 1 
[14:47:13.504] [29586] [ERROR] [consumeBuffer:363]	====> the first buffer seq: 1 
[14:47:13.597] [29587] [ERROR] [consumeBuffer:363]	====> the first buffer seq: 1 
[14:47:16.591] [29585] [ERROR] [consumeBuffer:363]	====> the first buffer seq: 1 
[14:47:18.398] [29584] [ERROR] [consumeBuffer:363]	====> the first buffer seq: 1 
[14:47:18.434] [29586] [ERROR] [consumeBuffer:363]	====> the first buffer seq: 1 
[14:47:18.551] [29587] [ERROR] [consumeBuffer:363]	====> the first buffer seq: 1 
[14:47:21.329] [29585] [ERROR] [consumeBuffer:363]	====> the first buffer seq: 1 
[14:47:23.366] [29586] [ERROR] [consumeBuffer:363]	====> the first buffer seq: 1 
[14:47:23.384] [29584] [ERROR] [consumeBuffer:363]	====> the first buffer seq: 1 
[14:47:23.706] [29587] [ERROR] [consumeBuffer:363]	====> the first buffer seq: 1 
[14:47:26.122] [29585] [ERROR] [consumeBuffer:363]	====> the first buffer seq: 1 
[14:47:28.567] [29586] [ERROR] [consumeBuffer:363]	====> the first buffer seq: 1 
[14:47:28.594] [29584] [ERROR] [consumeBuffer:363]	====> the first buffer seq: 1 
[14:47:28.609] [29587] [ERROR] [consumeBuffer:363]	====> the first buffer seq: 1 
[14:47:30.822] [29585] [ERROR] [consumeBuffer:363]	====> the first buffer seq: 1 
[14:47:33.623] [29586] [ERROR] [consumeBuffer:363]	====> the first buffer seq: 1 
[14:47:33.779] [29587] [ERROR] [consumeBuffer:363]	====> the first buffer seq: 1 
[14:47:33.940] [29584] [ERROR] [consumeBuffer:363]	====> the first buffer seq: 1 
[14:47:35.930] [29585] [ERROR] [consumeBuffer:363]	====> the first buffer seq: 1 
[14:47:38.624] [29587] [ERROR] [consumeBuffer:363]	====> the first buffer seq: 1 
[14:47:38.697] [29586] [ERROR] [consumeBuffer:363]	====> the first buffer seq: 1 
[14:47:38.982] [29584] [ERROR] [consumeBuffer:363]	====> the first buffer seq: 1 
[14:47:40.583] [29585] [ERROR] [consumeBuffer:363]	====> the first buffer seq: 1 
[14:47:43.702] [29586] [ERROR] [consumeBuffer:363]	====> the first buffer seq: 1 
[14:47:44.005] [29587] [ERROR] [consumeBuffer:363]	====> the first buffer seq: 1 
[14:47:44.089] [29584] [ERROR] [consumeBuffer:363]	====> the first buffer seq: 1 
[14:47:45.458] [29585] [ERROR] [consumeBuffer:363]	====> the first buffer seq: 1 
[14:47:48.217] [29586] [ERROR] [consumeBuffer:363]	====> the first buffer seq: 1 
[14:47:48.895] [29587] [ERROR] [consumeBuffer:363]	====> the first buffer seq: 1 
[14:47:48.968] [29584] [ERROR] [consumeBuffer:363]	====> the first buffer seq: 1 
[14:47:50.384] [29585] [ERROR] [consumeBuffer:363]	====> the first buffer seq: 1 
[14:47:53.118] [29586] [ERROR] [consumeBuffer:363]	====> the first buffer seq: 1 
[14:47:53.841] [29584] [ERROR] [consumeBuffer:363]	====> the first buffer seq: 1 
[14:47:54.041] [29587] [ERROR] [consumeBuffer:363]	====> the first buffer seq: 1 
[14:47:55.175] [29585] [ERROR] [consumeBuffer:363]	====> the first buffer seq: 1 
[14:47:57.828] [29586] [ERROR] [consumeBuffer:363]	====> the first buffer seq: 1 
[14:47:58.460] [29584] [ERROR] [consumeBuffer:363]	====> the first buffer seq: 1 
[14:47:58.563] [29587] [ERROR] [consumeBuffer:363]	====> the first buffer seq: 1 
[14:47:59.439] [29585] [ERROR] [consumeBuffer:363]	====> the first buffer seq: 1 
[14:48:02.450] [29586] [ERROR] [consumeBuffer:363]	====> the first buffer seq: 1 
[14:48:03.120] [29584] [ERROR] [consumeBuffer:363]	====> the first buffer seq: 1 
[14:48:03.343] [29587] [ERROR] [consumeBuffer:363]	====> the first buffer seq: 1 
[14:48:03.875] [29585] [ERROR] [consumeBuffer:363]	====> the first buffer seq: 1 
[14:48:06.736] [29586] [ERROR] [consumeBuffer:363]	====> the first buffer seq: 1 
[14:48:07.305] [29584] [ERROR] [consumeBuffer:363]	====> the first buffer seq: 1 
[14:48:08.415] [29587] [ERROR] [consumeBuffer:363]	====> the first buffer seq: 1 
[14:48:08.536] [29585] [ERROR] [consumeBuffer:363]	====> the first buffer seq: 1 
[14:48:11.046] [29586] [ERROR] [consumeBuffer:363]	====> the first buffer seq: 1 
[14:48:11.442] [29584] [ERROR] [consumeBuffer:363]	====> the first buffer seq: 1 
[14:48:12.530] [29587] [ERROR] [consumeBuffer:363]	====> the first buffer seq: 1 
[14:48:12.554] [29585] [ERROR] [consumeBuffer:363]	====> the first buffer seq: 1 
[14:48:15.951] [29586] [ERROR] [consumeBuffer:363]	====> the first buffer seq: 1 
[14:48:16.263] [29584] [ERROR] [consumeBuffer:363]	====> the first buffer seq: 1 
[14:48:17.026] [29585] [ERROR] [consumeBuffer:363]	====> the first buffer seq: 1 
[14:48:17.076] [29587] [ERROR] [consumeBuffer:363]	====> the first buffer seq: 1 
[14:48:19.613] [29586] [ERROR] [consumeBuffer:363]	====> the first buffer seq: 1 
[14:48:19.912] [29584] [ERROR] [consumeBuffer:363]	====> the first buffer seq: 1 
[14:48:20.597] [29585] [ERROR] [consumeBuffer:363]	====> the first buffer seq: 1 
[14:48:20.842] [29587] [ERROR] [consumeBuffer:363]	====> the first buffer seq: 1 
[14:48:25.516] [29586] [ERROR] [consumeBuffer:363]	====> the first buffer seq: 1 
[14:48:25.612] [29584] [ERROR] [consumeBuffer:363]	====> the first buffer seq: 1 
[14:48:27.288] [29585] [ERROR] [consumeBuffer:363]	====> the first buffer seq: 1 
[14:48:27.941] [29587] [ERROR] [consumeBuffer:363]	====> the first buffer seq: 1 
[14:48:33.113] [29586] [ERROR] [consumeBuffer:363]	====> the first buffer seq: 1 
[14:48:33.158] [29584] [ERROR] [consumeBuffer:363]	====> the first buffer seq: 1 
[14:48:35.002] [29585] [ERROR] [consumeBuffer:363]	====> the first buffer seq: 1 
[14:48:35.460] [29587] [ERROR] [consumeBuffer:363]	====> the first buffer seq: 1 
[14:48:40.814] [29584] [ERROR] [consumeBuffer:363]	====> the first buffer seq: 1 
[14:48:41.066] [29586] [ERROR] [consumeBuffer:363]	====> the first buffer seq: 1 
[14:48:42.694] [29585] [ERROR] [consumeBuffer:363]	====> the first buffer seq: 1 
[14:48:43.134] [29587] [ERROR] [consumeBuffer:363]	====> the first buffer seq: 1 
[14:48:48.607] [29584] [ERROR] [consumeBuffer:363]	====> the first buffer seq: 1 
[14:48:48.735] [29586] [ERROR] [consumeBuffer:363]	====> the first buffer seq: 1 
[14:48:50.200] [29585] [ERROR] [consumeBuffer:363]	====> the first buffer seq: 1 
[14:48:50.792] [29587] [ERROR] [consumeBuffer:363]	====> the first buffer seq: 1 
[14:48:56.067] [29584] [ERROR] [consumeBuffer:363]	====> the first buffer seq: 1 
[14:48:56.426] [29586] [ERROR] [consumeBuffer:363]	====> the first buffer seq: 1 
[14:48:57.775] [29585] [ERROR] [consumeBuffer:363]	====> the first buffer seq: 1 
[14:48:58.287] [29587] [ERROR] [consumeBuffer:363]	====> the first buffer seq: 1 
[14:49:03.831] [29584] [ERROR] [consumeBuffer:363]	====> the first buffer seq: 1 
[14:49:04.256] [29586] [ERROR] [consumeBuffer:363]	====> the first buffer seq: 1 
[14:49:05.246] [29585] [ERROR] [consumeBuffer:363]	====> the first buffer seq: 1 
[14:49:05.967] [29587] [ERROR] [consumeBuffer:363]	====> the first buffer seq: 1 
[14:49:11.563] [29584] [ERROR] [consumeBuffer:363]	====> the first buffer seq: 1 
[14:49:12.003] [29586] [ERROR] [consumeBuffer:363]	====> the first buffer seq: 1 
[14:49:12.820] [29585] [ERROR] [consumeBuffer:363]	====> the first buffer seq: 1 
[14:49:13.587] [29587] [ERROR] [consumeBuffer:363]	====> the first buffer seq: 1 
[14:49:19.181] [29584] [ERROR] [consumeBuffer:363]	====> the first buffer seq: 1 
[14:49:19.662] [29586] [ERROR] [consumeBuffer:363]	====> the first buffer seq: 1 
[14:49:20.595] [29585] [ERROR] [consumeBuffer:363]	====> the first buffer seq: 1 
[14:54:16.952] [9840 ] [ERROR] [error:157]	got error busi back: a758fb68-87dd-4ba8-aa73-28af56157c1e, code: 1007 
[14:54:16.952] [9840 ] [WARN ] [error:167]	busi err back, erase task failed, cannot find cache task: a758fb68-87dd-4ba8-aa73-28af56157c1e !  [THE user: test001] 
[14:54:16.954] [2063 ] [ERROR] [error:157]	got error busi back: 65e326cc-f11e-47e9-aa89-2dd07f0fc3d3, code: 1007 
[14:54:16.954] [2063 ] [WARN ] [error:167]	busi err back, erase task failed, cannot find cache task: 65e326cc-f11e-47e9-aa89-2dd07f0fc3d3 !  [THE user: test001] 
[14:54:16.955] [9840 ] [ERROR] [error:157]	got error busi back: bdec3121-4da9-4f8b-bf2f-29c83c50f20f, code: 1007 
[14:54:16.955] [9840 ] [WARN ] [error:167]	busi err back, erase task failed, cannot find cache task: bdec3121-4da9-4f8b-bf2f-29c83c50f20f !  [THE user: test001] 
[14:54:16.956] [2063 ] [ERROR] [error:157]	got error busi back: 10ab5684-74dc-4597-aa14-edb1912fff66, code: 1007 
[14:54:16.956] [2063 ] [WARN ] [error:167]	busi err back, erase task failed, cannot find cache task: 10ab5684-74dc-4597-aa14-edb1912fff66 !  [THE user: test001] 
[14:54:16.957] [9840 ] [ERROR] [error:157]	got error busi back: 3a6998e3-4d83-4b64-88a9-5863046b5ede, code: 1007 
[14:54:16.957] [9840 ] [WARN ] [error:167]	busi err back, erase task failed, cannot find cache task: 3a6998e3-4d83-4b64-88a9-5863046b5ede !  [THE user: test001] 
[14:54:16.958] [2063 ] [ERROR] [error:157]	got error busi back: b5564c12-1b7b-46a3-a977-fa0a1d942301, code: 1007 
[14:54:16.958] [2063 ] [WARN ] [error:167]	busi err back, erase task failed, cannot find cache task: b5564c12-1b7b-46a3-a977-fa0a1d942301 !  [THE user: test001] 
[14:54:16.959] [9840 ] [ERROR] [error:157]	got error busi back: 599f2e9a-460e-4745-a431-63f1a9318e75, code: 1007 
[14:54:16.959] [9840 ] [WARN ] [error:167]	busi err back, erase task failed, cannot find cache task: 599f2e9a-460e-4745-a431-63f1a9318e75 !  [THE user: test001] 
[14:54:16.960] [2063 ] [ERROR] [error:157]	got error busi back: 2ba25aa1-fc9d-4103-91ad-feb705a9e698, code: 1007 
[14:54:16.960] [2063 ] [WARN ] [error:167]	busi err back, erase task failed, cannot find cache task: 2ba25aa1-fc9d-4103-91ad-feb705a9e698 !  [THE user: test001] 
[14:54:16.961] [9840 ] [ERROR] [error:157]	got error busi back: 5c033499-96fe-4184-908e-c4c3ccddb7f2, code: 1007 
[14:54:16.961] [9840 ] [WARN ] [error:167]	busi err back, erase task failed, cannot find cache task: 5c033499-96fe-4184-908e-c4c3ccddb7f2 !  [THE user: test001] 
[14:54:16.962] [2063 ] [ERROR] [error:157]	got error busi back: a425cfa9-5ac1-4607-874c-0534d8196fb6, code: 1007 
[14:54:16.962] [2063 ] [WARN ] [error:167]	busi err back, erase task failed, cannot find cache task: a425cfa9-5ac1-4607-874c-0534d8196fb6 !  [THE user: test001] 
[14:54:16.963] [9840 ] [ERROR] [error:157]	got error busi back: a40d7f45-6ee2-4516-a9c4-4cc4396a6f23, code: 1007 
[14:54:16.963] [9840 ] [WARN ] [error:167]	busi err back, erase task failed, cannot find cache task: a40d7f45-6ee2-4516-a9c4-4cc4396a6f23 !  [THE user: test001] 
[14:54:16.964] [2063 ] [ERROR] [error:157]	got error busi back: cfafa9d9-98eb-4153-a444-d05885d77a7e, code: 1007 
[14:54:16.964] [2063 ] [WARN ] [error:167]	busi err back, erase task failed, cannot find cache task: cfafa9d9-98eb-4153-a444-d05885d77a7e !  [THE user: test001] 
[14:54:16.965] [9840 ] [ERROR] [error:157]	got error busi back: 5edb3deb-5679-45c4-af8e-7a766763231d, code: 1007 
[14:54:16.965] [9840 ] [WARN ] [error:167]	busi err back, erase task failed, cannot find cache task: 5edb3deb-5679-45c4-af8e-7a766763231d !  [THE user: test001] 
[14:54:16.966] [2063 ] [ERROR] [error:157]	got error busi back: 27aa2967-ea70-4656-99cd-3f8858454c9d, code: 1007 
[14:54:16.966] [2063 ] [WARN ] [error:167]	busi err back, erase task failed, cannot find cache task: 27aa2967-ea70-4656-99cd-3f8858454c9d !  [THE user: test001] 
[14:54:16.968] [9840 ] [ERROR] [error:157]	got error busi back: 59578f7d-4e37-453a-b744-da9c7955eee9, code: 1007 
[14:54:16.968] [9840 ] [WARN ] [error:167]	busi err back, erase task failed, cannot find cache task: 59578f7d-4e37-453a-b744-da9c7955eee9 !  [THE user: test001] 
[14:54:16.969] [2063 ] [ERROR] [error:157]	got error busi back: cf3f91b7-dd8d-4024-8737-52689f2aa5f8, code: 1007 
[14:54:16.969] [2063 ] [WARN ] [error:167]	busi err back, erase task failed, cannot find cache task: cf3f91b7-dd8d-4024-8737-52689f2aa5f8 !  [THE user: test001] 
[14:54:16.970] [9840 ] [ERROR] [error:157]	got error busi back: 908007e8-a282-4bb3-9c3b-3b1417e19f3c, code: 1007 
[14:54:16.970] [9840 ] [WARN ] [error:167]	busi err back, erase task failed, cannot find cache task: 908007e8-a282-4bb3-9c3b-3b1417e19f3c !  [THE user: test001] 
[14:54:16.971] [2063 ] [ERROR] [error:157]	got error busi back: a926fc2b-504d-4761-b0bf-47e08060e938, code: 1007 
[14:54:16.971] [2063 ] [WARN ] [error:167]	busi err back, erase task failed, cannot find cache task: a926fc2b-504d-4761-b0bf-47e08060e938 !  [THE user: test001] 
[14:54:16.972] [9840 ] [ERROR] [error:157]	got error busi back: e7e1f08b-4ba6-4215-a894-25a0aeeb7396, code: 1007 
[14:54:16.972] [9840 ] [WARN ] [error:167]	busi err back, erase task failed, cannot find cache task: e7e1f08b-4ba6-4215-a894-25a0aeeb7396 !  [THE user: test001] 
[14:54:16.973] [2063 ] [ERROR] [error:157]	got error busi back: e5bdd831-07e3-4a30-82ec-7c96609d8869, code: 1007 
[14:54:16.973] [2063 ] [WARN ] [error:167]	busi err back, erase task failed, cannot find cache task: e5bdd831-07e3-4a30-82ec-7c96609d8869 !  [THE user: test001] 
[14:54:16.974] [9840 ] [ERROR] [error:157]	got error busi back: f1fac291-a6bb-46a7-8374-ba9371e64352, code: 1007 
[14:54:16.974] [9840 ] [WARN ] [error:167]	busi err back, erase task failed, cannot find cache task: f1fac291-a6bb-46a7-8374-ba9371e64352 !  [THE user: test001] 
[14:54:16.975] [2063 ] [ERROR] [error:157]	got error busi back: b736587d-9a3f-46a5-b380-5d2001483bf7, code: 1007 
[14:54:16.975] [2063 ] [WARN ] [error:167]	busi err back, erase task failed, cannot find cache task: b736587d-9a3f-46a5-b380-5d2001483bf7 !  [THE user: test001] 
[14:54:16.977] [9840 ] [ERROR] [error:157]	got error busi back: 5a52949b-4c9e-4d4f-9371-195de7f401af, code: 1007 
[14:54:16.977] [9840 ] [WARN ] [error:167]	busi err back, erase task failed, cannot find cache task: 5a52949b-4c9e-4d4f-9371-195de7f401af !  [THE user: test001] 
[14:54:16.978] [2063 ] [ERROR] [error:157]	got error busi back: fc67ed26-d42c-4e76-86bf-b0c6a847a656, code: 1007 
[14:54:16.978] [2063 ] [WARN ] [error:167]	busi err back, erase task failed, cannot find cache task: fc67ed26-d42c-4e76-86bf-b0c6a847a656 !  [THE user: test001] 
[14:54:16.979] [9840 ] [ERROR] [error:157]	got error busi back: ba5cfd98-b4b1-4718-9a90-258209a9c66a, code: 1007 
[14:54:16.979] [9840 ] [WARN ] [error:167]	busi err back, erase task failed, cannot find cache task: ba5cfd98-b4b1-4718-9a90-258209a9c66a !  [THE user: test001] 
[14:54:16.980] [2063 ] [ERROR] [error:157]	got error busi back: 091b0d01-ffb3-485f-9b51-9c41da6cd70c, code: 1007 
[14:54:16.980] [2063 ] [WARN ] [error:167]	busi err back, erase task failed, cannot find cache task: 091b0d01-ffb3-485f-9b51-9c41da6cd70c !  [THE user: test001] 
[14:54:16.981] [9840 ] [ERROR] [error:157]	got error busi back: 0250274b-8c5c-4187-b4c7-7accdb6ef9b5, code: 1007 
[14:54:16.981] [9840 ] [WARN ] [error:167]	busi err back, erase task failed, cannot find cache task: 0250274b-8c5c-4187-b4c7-7accdb6ef9b5 !  [THE user: test001] 
[14:54:16.982] [2063 ] [ERROR] [error:157]	got error busi back: 18891c90-06df-4a9c-89ae-92b665d10bb8, code: 1007 
[14:54:16.982] [2063 ] [WARN ] [error:167]	busi err back, erase task failed, cannot find cache task: 18891c90-06df-4a9c-89ae-92b665d10bb8 !  [THE user: test001] 
[14:54:16.983] [9840 ] [ERROR] [error:157]	got error busi back: 8875d4e6-9d9d-4163-a7be-366519e67036, code: 1007 
[14:54:16.983] [9840 ] [WARN ] [error:167]	busi err back, erase task failed, cannot find cache task: 8875d4e6-9d9d-4163-a7be-366519e67036 !  [THE user: test001] 
[14:54:16.984] [2063 ] [ERROR] [error:157]	got error busi back: 6ec76a0d-40f4-406b-9a8e-843646dc031b, code: 1007 
[14:54:16.984] [2063 ] [WARN ] [error:167]	busi err back, erase task failed, cannot find cache task: 6ec76a0d-40f4-406b-9a8e-843646dc031b !  [THE user: test001] 
[14:54:16.985] [9840 ] [ERROR] [error:157]	got error busi back: 08cc42f0-636a-467c-b05a-8286e1653dc4, code: 1007 
[14:54:16.985] [9840 ] [WARN ] [error:167]	busi err back, erase task failed, cannot find cache task: 08cc42f0-636a-467c-b05a-8286e1653dc4 !  [THE user: test001] 
[14:54:16.985] [2063 ] [ERROR] [error:157]	got error busi back: 07deee8a-db89-4d09-ad34-7397c7e1645a, code: 1007 
[14:54:16.985] [2063 ] [WARN ] [error:167]	busi err back, erase task failed, cannot find cache task: 07deee8a-db89-4d09-ad34-7397c7e1645a !  [THE user: test001] 
[14:54:16.986] [9840 ] [ERROR] [error:157]	got error busi back: 22514f07-4ef7-4313-ba2c-53d6acf47333, code: 1007 
[14:54:16.986] [9840 ] [WARN ] [error:167]	busi err back, erase task failed, cannot find cache task: 22514f07-4ef7-4313-ba2c-53d6acf47333 !  [THE user: test001] 
[14:54:16.987] [2063 ] [ERROR] [error:157]	got error busi back: c0366b40-c2a9-48b8-a033-09f63005f952, code: 1007 
[14:54:16.987] [2063 ] [WARN ] [error:167]	busi err back, erase task failed, cannot find cache task: c0366b40-c2a9-48b8-a033-09f63005f952 !  [THE user: test001] 
[14:54:16.988] [9840 ] [ERROR] [error:157]	got error busi back: 47e65463-a686-401c-8faf-a2ee65631864, code: 1007 
[14:54:16.988] [9840 ] [WARN ] [error:167]	busi err back, erase task failed, cannot find cache task: 47e65463-a686-401c-8faf-a2ee65631864 !  [THE user: test001] 
[14:54:16.988] [2063 ] [ERROR] [error:157]	got error busi back: 33648fc1-05bc-462b-9e61-2d6ee7263dba, code: 1007 
[14:54:16.988] [2063 ] [WARN ] [error:167]	busi err back, erase task failed, cannot find cache task: 33648fc1-05bc-462b-9e61-2d6ee7263dba !  [THE user: test001] 
[14:54:16.989] [9840 ] [ERROR] [error:157]	got error busi back: 244ef96d-8541-41e1-b5a3-028c73dad48a, code: 1007 
[14:54:16.989] [9840 ] [WARN ] [error:167]	busi err back, erase task failed, cannot find cache task: 244ef96d-8541-41e1-b5a3-028c73dad48a !  [THE user: test001] 
[14:54:16.990] [2063 ] [ERROR] [error:157]	got error busi back: f75aa62d-36f6-4864-bf77-dcb7f47f271a, code: 1007 
[14:54:16.990] [2063 ] [WARN ] [error:167]	busi err back, erase task failed, cannot find cache task: f75aa62d-36f6-4864-bf77-dcb7f47f271a !  [THE user: test001] 
[14:54:16.991] [9840 ] [ERROR] [error:157]	got error busi back: aef17056-e04f-475d-8cc0-35f5e5e0a38a, code: 1007 
[14:54:16.991] [9840 ] [WARN ] [error:167]	busi err back, erase task failed, cannot find cache task: aef17056-e04f-475d-8cc0-35f5e5e0a38a !  [THE user: test001] 
[14:54:16.991] [2063 ] [ERROR] [error:157]	got error busi back: 308037b6-4eff-4249-a707-abbabcabb8a8, code: 1007 
[14:54:16.991] [2063 ] [WARN ] [error:167]	busi err back, erase task failed, cannot find cache task: 308037b6-4eff-4249-a707-abbabcabb8a8 !  [THE user: test001] 
[14:54:16.992] [9840 ] [ERROR] [error:157]	got error busi back: 689cc0f7-e07a-4045-9cf3-a572a0a2cf2d, code: 1007 
[14:54:16.992] [9840 ] [WARN ] [error:167]	busi err back, erase task failed, cannot find cache task: 689cc0f7-e07a-4045-9cf3-a572a0a2cf2d !  [THE user: test001] 
[14:54:16.993] [2063 ] [ERROR] [error:157]	got error busi back: 6d0f588d-3587-4c0f-848b-e7e25cd5ee6e, code: 1007 
[14:54:16.993] [2063 ] [WARN ] [error:167]	busi err back, erase task failed, cannot find cache task: 6d0f588d-3587-4c0f-848b-e7e25cd5ee6e !  [THE user: test001] 
[14:54:16.993] [9840 ] [ERROR] [error:157]	got error busi back: 716b0af4-1a76-4894-ab39-01a006955946, code: 1007 
[14:54:16.993] [9840 ] [WARN ] [error:167]	busi err back, erase task failed, cannot find cache task: 716b0af4-1a76-4894-ab39-01a006955946 !  [THE user: test001] 
[14:54:16.994] [2063 ] [ERROR] [error:157]	got error busi back: a16205d9-bf07-40fb-915e-088e71002bef, code: 1007 
[14:54:16.994] [2063 ] [WARN ] [error:167]	busi err back, erase task failed, cannot find cache task: a16205d9-bf07-40fb-915e-088e71002bef !  [THE user: test001] 
[14:54:16.994] [9840 ] [ERROR] [error:157]	got error busi back: 7515218e-bb61-49e7-8df8-b1691aa8782a, code: 1007 
[14:54:16.995] [9840 ] [WARN ] [error:167]	busi err back, erase task failed, cannot find cache task: 7515218e-bb61-49e7-8df8-b1691aa8782a !  [THE user: test001] 
[14:54:16.995] [2063 ] [ERROR] [error:157]	got error busi back: df02463e-efd5-4d64-99aa-e09ff4662ef5, code: 1007 
[14:54:16.995] [2063 ] [WARN ] [error:167]	busi err back, erase task failed, cannot find cache task: df02463e-efd5-4d64-99aa-e09ff4662ef5 !  [THE user: test001] 
[14:54:16.996] [9840 ] [ERROR] [error:157]	got error busi back: f48fbbca-b644-459e-b952-112a092e15b5, code: 1007 
[14:54:16.996] [9840 ] [WARN ] [error:167]	busi err back, erase task failed, cannot find cache task: f48fbbca-b644-459e-b952-112a092e15b5 !  [THE user: test001] 
[14:54:16.997] [2063 ] [ERROR] [error:157]	got error busi back: 74d4c184-06af-40af-86b0-87b89c1ef06a, code: 1007 
[14:54:16.997] [2063 ] [WARN ] [error:167]	busi err back, erase task failed, cannot find cache task: 74d4c184-06af-40af-86b0-87b89c1ef06a !  [THE user: test001] 
[14:54:16.998] [9840 ] [ERROR] [error:157]	got error busi back: d72d3e2d-e106-488d-9300-843d0ba09797, code: 1007 
[14:54:16.998] [9840 ] [WARN ] [error:167]	busi err back, erase task failed, cannot find cache task: d72d3e2d-e106-488d-9300-843d0ba09797 !  [THE user: test001] 
[14:54:16.998] [2063 ] [ERROR] [error:157]	got error busi back: 0ba474d0-cdff-4704-be89-de8bfa6d0660, code: 1007 
[14:54:16.998] [2063 ] [WARN ] [error:167]	busi err back, erase task failed, cannot find cache task: 0ba474d0-cdff-4704-be89-de8bfa6d0660 !  [THE user: test001] 
[14:54:16.000] [9840 ] [ERROR] [error:157]	got error busi back: e234999b-691b-4ccc-8f54-ba8faf199c5c, code: 1007 
[14:54:16.000] [9840 ] [WARN ] [error:167]	busi err back, erase task failed, cannot find cache task: e234999b-691b-4ccc-8f54-ba8faf199c5c !  [THE user: test001] 
[14:54:17.001] [2063 ] [ERROR] [error:157]	got error busi back: bba82edb-cbbf-4f51-8d74-0017f5470cec, code: 1007 
[14:54:17.001] [2063 ] [WARN ] [error:167]	busi err back, erase task failed, cannot find cache task: bba82edb-cbbf-4f51-8d74-0017f5470cec !  [THE user: test001] 
[14:54:17.002] [9840 ] [ERROR] [error:157]	got error busi back: 086228cf-a771-4300-97ec-8376681ea113, code: 1007 
[14:54:17.002] [9840 ] [WARN ] [error:167]	busi err back, erase task failed, cannot find cache task: 086228cf-a771-4300-97ec-8376681ea113 !  [THE user: test001] 
[14:54:17.003] [2063 ] [ERROR] [error:157]	got error busi back: 8fc10e0b-2d75-46c9-aaf7-d557b68d5f38, code: 1007 
[14:54:17.003] [2063 ] [WARN ] [error:167]	busi err back, erase task failed, cannot find cache task: 8fc10e0b-2d75-46c9-aaf7-d557b68d5f38 !  [THE user: test001] 
[14:54:17.004] [9840 ] [ERROR] [error:157]	got error busi back: 9fa4bbf2-6051-4165-89c2-d9f75ae2ff4a, code: 1007 
[14:54:17.004] [9840 ] [WARN ] [error:167]	busi err back, erase task failed, cannot find cache task: 9fa4bbf2-6051-4165-89c2-d9f75ae2ff4a !  [THE user: test001] 
[14:54:17.005] [2063 ] [ERROR] [error:157]	got error busi back: beb4f556-e2b2-473b-ad4e-7cb90d19264e, code: 1007 
[14:54:17.005] [2063 ] [WARN ] [error:167]	busi err back, erase task failed, cannot find cache task: beb4f556-e2b2-473b-ad4e-7cb90d19264e !  [THE user: test001] 
[14:54:17.006] [9840 ] [ERROR] [error:157]	got error busi back: 60031659-e9ce-4092-8d4b-945df6385041, code: 1007 
[14:54:17.006] [9840 ] [WARN ] [error:167]	busi err back, erase task failed, cannot find cache task: 60031659-e9ce-4092-8d4b-945df6385041 !  [THE user: test001] 
[14:54:17.007] [2063 ] [ERROR] [error:157]	got error busi back: 3c02e17f-a864-4caa-a13e-ee06ac0e15dd, code: 1007 
[14:54:17.007] [2063 ] [WARN ] [error:167]	busi err back, erase task failed, cannot find cache task: 3c02e17f-a864-4caa-a13e-ee06ac0e15dd !  [THE user: test001] 
[14:54:17.008] [9840 ] [ERROR] [error:157]	got error busi back: 014f8a36-3cfa-4605-b133-9ea0c8471e3c, code: 1007 
[14:54:17.008] [9840 ] [WARN ] [error:167]	busi err back, erase task failed, cannot find cache task: 014f8a36-3cfa-4605-b133-9ea0c8471e3c !  [THE user: test001] 
[14:54:17.009] [2063 ] [ERROR] [error:157]	got error busi back: 4452d012-3425-499d-9f1f-fea0f036972f, code: 1007 
[14:54:17.009] [2063 ] [WARN ] [error:167]	busi err back, erase task failed, cannot find cache task: 4452d012-3425-499d-9f1f-fea0f036972f !  [THE user: test001] 
[14:54:17.009] [9840 ] [ERROR] [error:157]	got error busi back: 18fbf605-2c8f-41f6-ac8d-a849d006aee1, code: 1007 
[14:54:17.009] [9840 ] [WARN ] [error:167]	busi err back, erase task failed, cannot find cache task: 18fbf605-2c8f-41f6-ac8d-a849d006aee1 !  [THE user: test001] 
[14:54:17.010] [2063 ] [ERROR] [error:157]	got error busi back: 938b6282-bf9c-4ec3-afab-0509eb08b02c, code: 1007 
[14:54:17.010] [2063 ] [WARN ] [error:167]	busi err back, erase task failed, cannot find cache task: 938b6282-bf9c-4ec3-afab-0509eb08b02c !  [THE user: test001] 
[14:54:17.011] [9840 ] [ERROR] [error:157]	got error busi back: 7ec9f453-86d0-4c08-9ef8-db504c3250ed, code: 1007 
[14:54:17.011] [9840 ] [WARN ] [error:167]	busi err back, erase task failed, cannot find cache task: 7ec9f453-86d0-4c08-9ef8-db504c3250ed !  [THE user: test001] 
[14:54:17.012] [2063 ] [ERROR] [error:157]	got error busi back: 958ac688-65c7-4e25-8b28-0d5635e0b5c9, code: 1007 
[14:54:17.012] [2063 ] [WARN ] [error:167]	busi err back, erase task failed, cannot find cache task: 958ac688-65c7-4e25-8b28-0d5635e0b5c9 !  [THE user: test001] 
[14:54:17.013] [9840 ] [ERROR] [error:157]	got error busi back: a8a7fb41-6eca-4f2a-ae5f-59e6983d5f83, code: 1007 
[14:54:17.013] [9840 ] [WARN ] [error:167]	busi err back, erase task failed, cannot find cache task: a8a7fb41-6eca-4f2a-ae5f-59e6983d5f83 !  [THE user: test001] 
[14:54:17.014] [2063 ] [ERROR] [error:157]	got error busi back: 16ae256b-7d7b-436e-bf61-7184e8b47fa5, code: 1007 
[14:54:17.014] [2063 ] [WARN ] [error:167]	busi err back, erase task failed, cannot find cache task: 16ae256b-7d7b-436e-bf61-7184e8b47fa5 !  [THE user: test001] 
[14:58:46.301] [29587] [ERROR] [consumeBuffer:363]	====> the first buffer seq: 1 
[14:58:46.323] [29584] [ERROR] [consumeBuffer:363]	====> the first buffer seq: 1 
[14:58:46.332] [29586] [ERROR] [consumeBuffer:363]	====> the first buffer seq: 1 
[14:58:46.347] [29585] [ERROR] [consumeBuffer:363]	====> the first buffer seq: 1 
[14:58:55.593] [29584] [ERROR] [consumeBuffer:363]	====> the first buffer seq: 1 
[14:58:55.635] [29586] [ERROR] [consumeBuffer:363]	====> the first buffer seq: 1 
[14:58:55.716] [29587] [ERROR] [consumeBuffer:363]	====> the first buffer seq: 1 
[14:58:55.769] [29585] [ERROR] [consumeBuffer:363]	====> the first buffer seq: 1 
[14:59:03.538] [29586] [ERROR] [consumeBuffer:363]	====> the first buffer seq: 1 
[14:59:03.540] [29584] [ERROR] [consumeBuffer:363]	====> the first buffer seq: 1 
[14:59:03.611] [29587] [ERROR] [consumeBuffer:363]	====> the first buffer seq: 1 
[14:59:03.628] [29585] [ERROR] [consumeBuffer:363]	====> the first buffer seq: 1 
[14:59:10.000] [29586] [ERROR] [consumeBuffer:363]	====> the first buffer seq: 1 
[14:59:11.080] [29584] [ERROR] [consumeBuffer:363]	====> the first buffer seq: 1 
[14:59:11.238] [29587] [ERROR] [consumeBuffer:363]	====> the first buffer seq: 1 
[14:59:11.382] [29585] [ERROR] [consumeBuffer:363]	====> the first buffer seq: 1 
[14:59:18.446] [29586] [ERROR] [consumeBuffer:363]	====> the first buffer seq: 1 
[14:59:18.565] [29584] [ERROR] [consumeBuffer:363]	====> the first buffer seq: 1 
[14:59:18.765] [29587] [ERROR] [consumeBuffer:363]	====> the first buffer seq: 1 
[14:59:19.005] [29585] [ERROR] [consumeBuffer:363]	====> the first buffer seq: 1 
[14:59:25.966] [29586] [ERROR] [consumeBuffer:363]	====> the first buffer seq: 1 
[14:59:26.132] [29584] [ERROR] [consumeBuffer:363]	====> the first buffer seq: 1 
[14:59:26.326] [29587] [ERROR] [consumeBuffer:363]	====> the first buffer seq: 1 
[14:59:26.469] [29585] [ERROR] [consumeBuffer:363]	====> the first buffer seq: 1 
[14:59:33.793] [29586] [ERROR] [consumeBuffer:363]	====> the first buffer seq: 1 
[14:59:33.836] [29584] [ERROR] [consumeBuffer:363]	====> the first buffer seq: 1 
[14:59:34.006] [29587] [ERROR] [consumeBuffer:363]	====> the first buffer seq: 1 
[14:59:34.245] [29585] [ERROR] [consumeBuffer:363]	====> the first buffer seq: 1 
[14:59:41.405] [29586] [ERROR] [consumeBuffer:363]	====> the first buffer seq: 1 
[14:59:41.482] [29584] [ERROR] [consumeBuffer:363]	====> the first buffer seq: 1 
[14:59:41.603] [29587] [ERROR] [consumeBuffer:363]	====> the first buffer seq: 1 
[14:59:41.909] [29585] [ERROR] [consumeBuffer:363]	====> the first buffer seq: 1 
[14:59:48.745] [29586] [ERROR] [consumeBuffer:363]	====> the first buffer seq: 1 
[14:59:48.847] [29584] [ERROR] [consumeBuffer:363]	====> the first buffer seq: 1 
[14:59:48.994] [29587] [ERROR] [consumeBuffer:363]	====> the first buffer seq: 1 
[14:59:49.326] [29585] [ERROR] [consumeBuffer:363]	====> the first buffer seq: 1 
[14:59:56.027] [29586] [ERROR] [consumeBuffer:363]	====> the first buffer seq: 1 
[14:59:56.106] [29584] [ERROR] [consumeBuffer:363]	====> the first buffer seq: 1 
[14:59:56.302] [29587] [ERROR] [consumeBuffer:363]	====> the first buffer seq: 1 
[14:59:56.671] [29585] [ERROR] [consumeBuffer:363]	====> the first buffer seq: 1 
[15:00:04.154] [29586] [ERROR] [consumeBuffer:363]	====> the first buffer seq: 1 
[15:00:04.274] [29584] [ERROR] [consumeBuffer:363]	====> the first buffer seq: 1 
[15:00:04.457] [29587] [ERROR] [consumeBuffer:363]	====> the first buffer seq: 1 
[15:00:04.716] [29585] [ERROR] [consumeBuffer:363]	====> the first buffer seq: 1 
[15:00:11.751] [29586] [ERROR] [consumeBuffer:363]	====> the first buffer seq: 1 
[15:00:11.778] [29584] [ERROR] [consumeBuffer:363]	====> the first buffer seq: 1 
[15:00:11.974] [29587] [ERROR] [consumeBuffer:363]	====> the first buffer seq: 1 
[15:00:12.087] [29585] [ERROR] [consumeBuffer:363]	====> the first buffer seq: 1 
[15:00:19.317] [29584] [ERROR] [consumeBuffer:363]	====> the first buffer seq: 1 
[15:00:19.535] [29586] [ERROR] [consumeBuffer:363]	====> the first buffer seq: 1 
[15:00:19.646] [29585] [ERROR] [consumeBuffer:363]	====> the first buffer seq: 1 
[15:00:19.834] [29587] [ERROR] [consumeBuffer:363]	====> the first buffer seq: 1 
[15:00:26.730] [29584] [ERROR] [consumeBuffer:363]	====> the first buffer seq: 1 
[15:00:26.836] [29586] [ERROR] [consumeBuffer:363]	====> the first buffer seq: 1 
[15:00:26.992] [29585] [ERROR] [consumeBuffer:363]	====> the first buffer seq: 1 
[15:00:27.295] [29587] [ERROR] [consumeBuffer:363]	====> the first buffer seq: 1 
[15:00:34.782] [29586] [ERROR] [consumeBuffer:363]	====> the first buffer seq: 1 
[15:00:34.821] [29584] [ERROR] [consumeBuffer:363]	====> the first buffer seq: 1 
[15:00:34.929] [29585] [ERROR] [consumeBuffer:363]	====> the first buffer seq: 1 
[15:00:35.193] [29587] [ERROR] [consumeBuffer:363]	====> the first buffer seq: 1 
[15:00:42.120] [29586] [ERROR] [consumeBuffer:363]	====> the first buffer seq: 1 
[15:00:42.288] [29584] [ERROR] [consumeBuffer:363]	====> the first buffer seq: 1 
[15:00:42.413] [29585] [ERROR] [consumeBuffer:363]	====> the first buffer seq: 1 
[15:00:42.683] [29587] [ERROR] [consumeBuffer:363]	====> the first buffer seq: 1 
[15:00:49.763] [29586] [ERROR] [consumeBuffer:363]	====> the first buffer seq: 1 
[15:00:49.809] [29584] [ERROR] [consumeBuffer:363]	====> the first buffer seq: 1 
[15:00:49.962] [29585] [ERROR] [consumeBuffer:363]	====> the first buffer seq: 1 
[15:00:50.180] [29587] [ERROR] [consumeBuffer:363]	====> the first buffer seq: 1 
[15:00:57.355] [29584] [ERROR] [consumeBuffer:363]	====> the first buffer seq: 1 
[15:00:57.397] [29586] [ERROR] [consumeBuffer:363]	====> the first buffer seq: 1 
[15:00:57.690] [29585] [ERROR] [consumeBuffer:363]	====> the first buffer seq: 1 
[15:00:57.971] [29587] [ERROR] [consumeBuffer:363]	====> the first buffer seq: 1 
[15:01:05.012] [29586] [ERROR] [consumeBuffer:363]	====> the first buffer seq: 1 
[15:01:05.113] [29584] [ERROR] [consumeBuffer:363]	====> the first buffer seq: 1 
[15:01:05.286] [29585] [ERROR] [consumeBuffer:363]	====> the first buffer seq: 1 
[15:01:05.653] [29587] [ERROR] [consumeBuffer:363]	====> the first buffer seq: 1 
[15:01:12.472] [29586] [ERROR] [consumeBuffer:363]	====> the first buffer seq: 1 
[15:01:12.552] [29584] [ERROR] [consumeBuffer:363]	====> the first buffer seq: 1 
[15:01:12.865] [29585] [ERROR] [consumeBuffer:363]	====> the first buffer seq: 1 
[15:01:13.096] [29587] [ERROR] [consumeBuffer:363]	====> the first buffer seq: 1 
[15:01:20.158] [29586] [ERROR] [consumeBuffer:363]	====> the first buffer seq: 1 
[15:01:20.175] [29584] [ERROR] [consumeBuffer:363]	====> the first buffer seq: 1 
[15:01:20.379] [29585] [ERROR] [consumeBuffer:363]	====> the first buffer seq: 1 
[15:01:20.595] [29587] [ERROR] [consumeBuffer:363]	====> the first buffer seq: 1 
[15:01:27.690] [29586] [ERROR] [consumeBuffer:363]	====> the first buffer seq: 1 
[15:01:27.779] [29584] [ERROR] [consumeBuffer:363]	====> the first buffer seq: 1 
[15:01:27.886] [29585] [ERROR] [consumeBuffer:363]	====> the first buffer seq: 1 
[15:01:28.070] [29587] [ERROR] [consumeBuffer:363]	====> the first buffer seq: 1 
[15:01:35.291] [29584] [ERROR] [consumeBuffer:363]	====> the first buffer seq: 1 
[15:01:35.364] [29586] [ERROR] [consumeBuffer:363]	====> the first buffer seq: 1 
[15:01:35.572] [29585] [ERROR] [consumeBuffer:363]	====> the first buffer seq: 1 
[15:01:35.737] [29587] [ERROR] [consumeBuffer:363]	====> the first buffer seq: 1 
[15:01:42.503] [29586] [ERROR] [consumeBuffer:363]	====> the first buffer seq: 1 
[15:01:42.539] [29584] [ERROR] [consumeBuffer:363]	====> the first buffer seq: 1 
[15:01:42.979] [29585] [ERROR] [consumeBuffer:363]	====> the first buffer seq: 1 
[15:01:43.217] [29587] [ERROR] [consumeBuffer:363]	====> the first buffer seq: 1 
[15:01:50.039] [29586] [ERROR] [consumeBuffer:363]	====> the first buffer seq: 1 
[15:01:50.211] [29584] [ERROR] [consumeBuffer:363]	====> the first buffer seq: 1 
[15:01:50.585] [29585] [ERROR] [consumeBuffer:363]	====> the first buffer seq: 1 
[15:01:50.703] [29587] [ERROR] [consumeBuffer:363]	====> the first buffer seq: 1 
[15:02:17.514] [29586] [ERROR] [consumeBuffer:363]	====> the first buffer seq: 1 
[15:02:17.519] [29584] [ERROR] [consumeBuffer:363]	====> the first buffer seq: 1 
[15:02:17.529] [29585] [ERROR] [consumeBuffer:363]	====> the first buffer seq: 1 
[15:02:17.541] [29587] [ERROR] [consumeBuffer:363]	====> the first buffer seq: 1 
[15:02:24.131] [29586] [ERROR] [consumeBuffer:363]	====> the first buffer seq: 1 
[15:02:25.133] [29584] [ERROR] [consumeBuffer:363]	====> the first buffer seq: 1 
[15:02:25.153] [29587] [ERROR] [consumeBuffer:363]	====> the first buffer seq: 1 
[15:02:25.302] [29585] [ERROR] [consumeBuffer:363]	====> the first buffer seq: 1 
[15:02:31.518] [29586] [ERROR] [consumeBuffer:363]	====> the first buffer seq: 1 
[15:02:32.567] [29584] [ERROR] [consumeBuffer:363]	====> the first buffer seq: 1 
[15:02:32.585] [29587] [ERROR] [consumeBuffer:363]	====> the first buffer seq: 1 
[15:02:32.878] [29585] [ERROR] [consumeBuffer:363]	====> the first buffer seq: 1 
[15:02:39.158] [29586] [ERROR] [consumeBuffer:363]	====> the first buffer seq: 1 
[15:02:40.102] [29584] [ERROR] [consumeBuffer:363]	====> the first buffer seq: 1 
[15:02:40.182] [29587] [ERROR] [consumeBuffer:363]	====> the first buffer seq: 1 
[15:02:40.478] [29585] [ERROR] [consumeBuffer:363]	====> the first buffer seq: 1 
[15:02:46.679] [29586] [ERROR] [consumeBuffer:363]	====> the first buffer seq: 1 
[15:02:47.632] [29587] [ERROR] [consumeBuffer:363]	====> the first buffer seq: 1 
[15:02:47.850] [29584] [ERROR] [consumeBuffer:363]	====> the first buffer seq: 1 
[15:02:48.149] [29585] [ERROR] [consumeBuffer:363]	====> the first buffer seq: 1 
[15:02:54.504] [29586] [ERROR] [consumeBuffer:363]	====> the first buffer seq: 1 
[15:02:55.580] [29587] [ERROR] [consumeBuffer:363]	====> the first buffer seq: 1 
[15:02:55.984] [29584] [ERROR] [consumeBuffer:363]	====> the first buffer seq: 1 
[15:02:56.124] [29585] [ERROR] [consumeBuffer:363]	====> the first buffer seq: 1 
[15:03:02.235] [29586] [ERROR] [consumeBuffer:363]	====> the first buffer seq: 1 
[15:03:03.236] [29587] [ERROR] [consumeBuffer:363]	====> the first buffer seq: 1 
[15:03:03.652] [29584] [ERROR] [consumeBuffer:363]	====> the first buffer seq: 1 
[15:03:03.654] [29585] [ERROR] [consumeBuffer:363]	====> the first buffer seq: 1 
[15:03:09.844] [29586] [ERROR] [consumeBuffer:363]	====> the first buffer seq: 1 
[15:03:10.671] [29587] [ERROR] [consumeBuffer:363]	====> the first buffer seq: 1 
[15:03:11.423] [29584] [ERROR] [consumeBuffer:363]	====> the first buffer seq: 1 
[15:03:11.508] [29585] [ERROR] [consumeBuffer:363]	====> the first buffer seq: 1 
[15:03:17.313] [29586] [ERROR] [consumeBuffer:363]	====> the first buffer seq: 1 
[15:03:18.117] [29587] [ERROR] [consumeBuffer:363]	====> the first buffer seq: 1 
[15:03:18.985] [29585] [ERROR] [consumeBuffer:363]	====> the first buffer seq: 1 
[15:03:19.096] [29584] [ERROR] [consumeBuffer:363]	====> the first buffer seq: 1 
[15:03:24.730] [29586] [ERROR] [consumeBuffer:363]	====> the first buffer seq: 1 
[15:03:25.686] [29587] [ERROR] [consumeBuffer:363]	====> the first buffer seq: 1 
[15:03:26.431] [29585] [ERROR] [consumeBuffer:363]	====> the first buffer seq: 1 
[15:03:26.582] [29584] [ERROR] [consumeBuffer:363]	====> the first buffer seq: 1 
[15:03:32.446] [29586] [ERROR] [consumeBuffer:363]	====> the first buffer seq: 1 
[15:03:33.110] [29587] [ERROR] [consumeBuffer:363]	====> the first buffer seq: 1 
[15:03:33.808] [29585] [ERROR] [consumeBuffer:363]	====> the first buffer seq: 1 
[15:03:34.086] [29584] [ERROR] [consumeBuffer:363]	====> the first buffer seq: 1 
[15:03:40.175] [29586] [ERROR] [consumeBuffer:363]	====> the first buffer seq: 1 
[15:03:40.837] [29587] [ERROR] [consumeBuffer:363]	====> the first buffer seq: 1 
[15:03:41.693] [29585] [ERROR] [consumeBuffer:363]	====> the first buffer seq: 1 
[15:03:41.936] [29584] [ERROR] [consumeBuffer:363]	====> the first buffer seq: 1 
[15:03:47.482] [29586] [ERROR] [consumeBuffer:363]	====> the first buffer seq: 1 
[15:03:48.156] [29587] [ERROR] [consumeBuffer:363]	====> the first buffer seq: 1 
[15:03:49.286] [29585] [ERROR] [consumeBuffer:363]	====> the first buffer seq: 1 
[15:03:49.543] [29584] [ERROR] [consumeBuffer:363]	====> the first buffer seq: 1 
[15:03:54.777] [29586] [ERROR] [consumeBuffer:363]	====> the first buffer seq: 1 
[15:03:55.312] [29587] [ERROR] [consumeBuffer:363]	====> the first buffer seq: 1 
[15:03:56.541] [29585] [ERROR] [consumeBuffer:363]	====> the first buffer seq: 1 
[15:03:56.879] [29584] [ERROR] [consumeBuffer:363]	====> the first buffer seq: 1 
[15:04:02.378] [29586] [ERROR] [consumeBuffer:363]	====> the first buffer seq: 1 
[15:04:03.070] [29587] [ERROR] [consumeBuffer:363]	====> the first buffer seq: 1 
[15:04:04.257] [29585] [ERROR] [consumeBuffer:363]	====> the first buffer seq: 1 
[15:04:04.357] [29584] [ERROR] [consumeBuffer:363]	====> the first buffer seq: 1 
[15:04:09.730] [29586] [ERROR] [consumeBuffer:363]	====> the first buffer seq: 1 
[15:04:10.406] [29587] [ERROR] [consumeBuffer:363]	====> the first buffer seq: 1 
[15:04:11.745] [29585] [ERROR] [consumeBuffer:363]	====> the first buffer seq: 1 
[15:04:11.795] [29584] [ERROR] [consumeBuffer:363]	====> the first buffer seq: 1 
[15:04:16.996] [29586] [ERROR] [consumeBuffer:363]	====> the first buffer seq: 1 
[15:04:17.694] [29587] [ERROR] [consumeBuffer:363]	====> the first buffer seq: 1 
[15:04:19.181] [29585] [ERROR] [consumeBuffer:363]	====> the first buffer seq: 1 
[15:04:19.201] [29584] [ERROR] [consumeBuffer:363]	====> the first buffer seq: 1 
[15:04:24.427] [29586] [ERROR] [consumeBuffer:363]	====> the first buffer seq: 1 
[15:04:25.243] [29587] [ERROR] [consumeBuffer:363]	====> the first buffer seq: 1 
[15:04:26.801] [29584] [ERROR] [consumeBuffer:363]	====> the first buffer seq: 1 
[15:04:26.877] [29585] [ERROR] [consumeBuffer:363]	====> the first buffer seq: 1 
[15:04:31.757] [29586] [ERROR] [consumeBuffer:363]	====> the first buffer seq: 1 
[15:04:32.785] [29587] [ERROR] [consumeBuffer:363]	====> the first buffer seq: 1 
[15:04:34.279] [29585] [ERROR] [consumeBuffer:363]	====> the first buffer seq: 1 
[15:04:34.285] [29584] [ERROR] [consumeBuffer:363]	====> the first buffer seq: 1 
[15:04:39.146] [29586] [ERROR] [consumeBuffer:363]	====> the first buffer seq: 1 
[15:04:40.107] [29587] [ERROR] [consumeBuffer:363]	====> the first buffer seq: 1 
[15:04:41.796] [29585] [ERROR] [consumeBuffer:363]	====> the first buffer seq: 1 
[15:04:41.802] [29584] [ERROR] [consumeBuffer:363]	====> the first buffer seq: 1 
[15:04:46.548] [29586] [ERROR] [consumeBuffer:363]	====> the first buffer seq: 1 
[15:04:47.445] [29587] [ERROR] [consumeBuffer:363]	====> the first buffer seq: 1 
[15:04:49.314] [29585] [ERROR] [consumeBuffer:363]	====> the first buffer seq: 1 
[15:04:49.345] [29584] [ERROR] [consumeBuffer:363]	====> the first buffer seq: 1 
[15:04:54.255] [29586] [ERROR] [consumeBuffer:363]	====> the first buffer seq: 1 
[15:04:54.698] [29587] [ERROR] [consumeBuffer:363]	====> the first buffer seq: 1 
[15:04:56.806] [29585] [ERROR] [consumeBuffer:363]	====> the first buffer seq: 1 
[15:04:56.911] [29584] [ERROR] [consumeBuffer:363]	====> the first buffer seq: 1 
[15:05:01.969] [29586] [ERROR] [consumeBuffer:363]	====> the first buffer seq: 1 
[15:05:02.073] [29587] [ERROR] [consumeBuffer:363]	====> the first buffer seq: 1 
[15:05:04.494] [29584] [ERROR] [consumeBuffer:363]	====> the first buffer seq: 1 
[15:05:04.651] [29585] [ERROR] [consumeBuffer:363]	====> the first buffer seq: 1 
[15:05:09.527] [29587] [ERROR] [consumeBuffer:363]	====> the first buffer seq: 1 
[15:05:09.571] [29586] [ERROR] [consumeBuffer:363]	====> the first buffer seq: 1 
[15:05:11.786] [29584] [ERROR] [consumeBuffer:363]	====> the first buffer seq: 1 
[15:05:11.965] [29585] [ERROR] [consumeBuffer:363]	====> the first buffer seq: 1 
[15:05:17.035] [29586] [ERROR] [consumeBuffer:363]	====> the first buffer seq: 1 
[15:05:17.095] [29587] [ERROR] [consumeBuffer:363]	====> the first buffer seq: 1 
[15:05:19.235] [29584] [ERROR] [consumeBuffer:363]	====> the first buffer seq: 1 
[15:05:19.522] [29585] [ERROR] [consumeBuffer:363]	====> the first buffer seq: 1 
[15:08:41.412] [29587] [ERROR] [consumeBuffer:363]	====> the first buffer seq: 1 
[15:08:41.416] [29585] [ERROR] [consumeBuffer:363]	====> the first buffer seq: 1 
[15:08:41.416] [29584] [ERROR] [consumeBuffer:363]	====> the first buffer seq: 1 
[15:08:41.420] [29586] [ERROR] [consumeBuffer:363]	====> the first buffer seq: 1 
[15:08:47.936] [29587] [ERROR] [consumeBuffer:363]	====> the first buffer seq: 1 
[15:08:48.957] [29585] [ERROR] [consumeBuffer:363]	====> the first buffer seq: 1 
[15:08:48.988] [29586] [ERROR] [consumeBuffer:363]	====> the first buffer seq: 1 
[15:08:49.092] [29584] [ERROR] [consumeBuffer:363]	====> the first buffer seq: 1 
[15:08:55.494] [29587] [ERROR] [consumeBuffer:363]	====> the first buffer seq: 1 
[15:08:56.326] [29585] [ERROR] [consumeBuffer:363]	====> the first buffer seq: 1 
[15:08:56.427] [29586] [ERROR] [consumeBuffer:363]	====> the first buffer seq: 1 
[15:08:56.633] [29584] [ERROR] [consumeBuffer:363]	====> the first buffer seq: 1 
[15:09:02.840] [29587] [ERROR] [consumeBuffer:363]	====> the first buffer seq: 1 
[15:09:03.813] [29586] [ERROR] [consumeBuffer:363]	====> the first buffer seq: 1 
[15:09:03.828] [29585] [ERROR] [consumeBuffer:363]	====> the first buffer seq: 1 
[15:09:04.224] [29584] [ERROR] [consumeBuffer:363]	====> the first buffer seq: 1 
[15:09:09.960] [29587] [ERROR] [consumeBuffer:363]	====> the first buffer seq: 1 
[15:09:10.987] [29586] [ERROR] [consumeBuffer:363]	====> the first buffer seq: 1 
[15:09:11.080] [29585] [ERROR] [consumeBuffer:363]	====> the first buffer seq: 1 
[15:09:11.485] [29584] [ERROR] [consumeBuffer:363]	====> the first buffer seq: 1 
[15:09:17.327] [29587] [ERROR] [consumeBuffer:363]	====> the first buffer seq: 1 
[15:09:18.640] [29585] [ERROR] [consumeBuffer:363]	====> the first buffer seq: 1 
[15:09:18.681] [29586] [ERROR] [consumeBuffer:363]	====> the first buffer seq: 1 
[15:09:19.080] [29584] [ERROR] [consumeBuffer:363]	====> the first buffer seq: 1 
[15:09:24.726] [29587] [ERROR] [consumeBuffer:363]	====> the first buffer seq: 1 
[15:09:25.862] [29585] [ERROR] [consumeBuffer:363]	====> the first buffer seq: 1 
[15:09:26.253] [29586] [ERROR] [consumeBuffer:363]	====> the first buffer seq: 1 
[15:09:26.425] [29584] [ERROR] [consumeBuffer:363]	====> the first buffer seq: 1 
[15:09:31.833] [29587] [ERROR] [consumeBuffer:363]	====> the first buffer seq: 1 
[15:09:33.272] [29585] [ERROR] [consumeBuffer:363]	====> the first buffer seq: 1 
[15:09:33.677] [29586] [ERROR] [consumeBuffer:363]	====> the first buffer seq: 1 
[15:09:33.784] [29584] [ERROR] [consumeBuffer:363]	====> the first buffer seq: 1 
[15:09:39.234] [29587] [ERROR] [consumeBuffer:363]	====> the first buffer seq: 1 
[15:09:40.502] [29585] [ERROR] [consumeBuffer:363]	====> the first buffer seq: 1 
[15:09:41.191] [29586] [ERROR] [consumeBuffer:363]	====> the first buffer seq: 1 
[15:09:41.280] [29584] [ERROR] [consumeBuffer:363]	====> the first buffer seq: 1 
[15:09:46.410] [29587] [ERROR] [consumeBuffer:363]	====> the first buffer seq: 1 
[15:09:47.650] [29585] [ERROR] [consumeBuffer:363]	====> the first buffer seq: 1 
[15:09:48.460] [29586] [ERROR] [consumeBuffer:363]	====> the first buffer seq: 1 
[15:09:48.686] [29584] [ERROR] [consumeBuffer:363]	====> the first buffer seq: 1 
[15:09:53.846] [29587] [ERROR] [consumeBuffer:363]	====> the first buffer seq: 1 
[15:09:55.086] [29585] [ERROR] [consumeBuffer:363]	====> the first buffer seq: 1 
[15:09:56.122] [29586] [ERROR] [consumeBuffer:363]	====> the first buffer seq: 1 
[15:09:56.313] [29584] [ERROR] [consumeBuffer:363]	====> the first buffer seq: 1 
[15:10:01.083] [29587] [ERROR] [consumeBuffer:363]	====> the first buffer seq: 1 
[15:10:02.458] [29585] [ERROR] [consumeBuffer:363]	====> the first buffer seq: 1 
[15:10:03.602] [29586] [ERROR] [consumeBuffer:363]	====> the first buffer seq: 1 
[15:10:03.886] [29584] [ERROR] [consumeBuffer:363]	====> the first buffer seq: 1 
[15:10:08.522] [29587] [ERROR] [consumeBuffer:363]	====> the first buffer seq: 1 
[15:10:09.792] [29585] [ERROR] [consumeBuffer:363]	====> the first buffer seq: 1 
[15:10:11.002] [29586] [ERROR] [consumeBuffer:363]	====> the first buffer seq: 1 
[15:10:11.357] [29584] [ERROR] [consumeBuffer:363]	====> the first buffer seq: 1 
[15:10:15.825] [29587] [ERROR] [consumeBuffer:363]	====> the first buffer seq: 1 
[15:10:17.447] [29585] [ERROR] [consumeBuffer:363]	====> the first buffer seq: 1 
[15:10:18.462] [29586] [ERROR] [consumeBuffer:363]	====> the first buffer seq: 1 
[15:10:18.631] [29584] [ERROR] [consumeBuffer:363]	====> the first buffer seq: 1 
[15:10:23.232] [29587] [ERROR] [consumeBuffer:363]	====> the first buffer seq: 1 
[15:10:24.745] [29585] [ERROR] [consumeBuffer:363]	====> the first buffer seq: 1 
[15:10:25.862] [29586] [ERROR] [consumeBuffer:363]	====> the first buffer seq: 1 
[15:10:26.049] [29584] [ERROR] [consumeBuffer:363]	====> the first buffer seq: 1 
[15:10:30.412] [29587] [ERROR] [consumeBuffer:363]	====> the first buffer seq: 1 
[15:10:32.241] [29585] [ERROR] [consumeBuffer:363]	====> the first buffer seq: 1 
[15:10:33.462] [29586] [ERROR] [consumeBuffer:363]	====> the first buffer seq: 1 
[15:10:33.544] [29584] [ERROR] [consumeBuffer:363]	====> the first buffer seq: 1 
[15:10:37.970] [29587] [ERROR] [consumeBuffer:363]	====> the first buffer seq: 1 
[15:10:39.532] [29585] [ERROR] [consumeBuffer:363]	====> the first buffer seq: 1 
[15:10:40.645] [29586] [ERROR] [consumeBuffer:363]	====> the first buffer seq: 1 
[15:10:41.003] [29584] [ERROR] [consumeBuffer:363]	====> the first buffer seq: 1 
[15:10:45.023] [29587] [ERROR] [consumeBuffer:363]	====> the first buffer seq: 1 
[15:10:46.895] [29585] [ERROR] [consumeBuffer:363]	====> the first buffer seq: 1 
[15:10:48.098] [29586] [ERROR] [consumeBuffer:363]	====> the first buffer seq: 1 
[15:10:48.298] [29584] [ERROR] [consumeBuffer:363]	====> the first buffer seq: 1 
[15:10:52.268] [29587] [ERROR] [consumeBuffer:363]	====> the first buffer seq: 1 
[15:10:54.172] [29585] [ERROR] [consumeBuffer:363]	====> the first buffer seq: 1 
[15:10:55.350] [29586] [ERROR] [consumeBuffer:363]	====> the first buffer seq: 1 
[15:10:55.504] [29584] [ERROR] [consumeBuffer:363]	====> the first buffer seq: 1 
[15:10:59.592] [29587] [ERROR] [consumeBuffer:363]	====> the first buffer seq: 1 
[15:11:01.733] [29585] [ERROR] [consumeBuffer:363]	====> the first buffer seq: 1 
[15:11:02.972] [29586] [ERROR] [consumeBuffer:363]	====> the first buffer seq: 1 
[15:11:02.988] [29584] [ERROR] [consumeBuffer:363]	====> the first buffer seq: 1 
[15:11:07.076] [29587] [ERROR] [consumeBuffer:363]	====> the first buffer seq: 1 
[15:11:09.151] [29585] [ERROR] [consumeBuffer:363]	====> the first buffer seq: 1 
[15:11:10.422] [29586] [ERROR] [consumeBuffer:363]	====> the first buffer seq: 1 
[15:11:10.603] [29584] [ERROR] [consumeBuffer:363]	====> the first buffer seq: 1 
[15:11:14.519] [29587] [ERROR] [consumeBuffer:363]	====> the first buffer seq: 1 
[15:11:16.556] [29585] [ERROR] [consumeBuffer:363]	====> the first buffer seq: 1 
[15:11:17.709] [29586] [ERROR] [consumeBuffer:363]	====> the first buffer seq: 1 
[15:11:17.957] [29584] [ERROR] [consumeBuffer:363]	====> the first buffer seq: 1 
[15:11:21.812] [29587] [ERROR] [consumeBuffer:363]	====> the first buffer seq: 1 
[15:11:23.981] [29585] [ERROR] [consumeBuffer:363]	====> the first buffer seq: 1 
[15:11:25.248] [29586] [ERROR] [consumeBuffer:363]	====> the first buffer seq: 1 
[15:11:25.272] [29584] [ERROR] [consumeBuffer:363]	====> the first buffer seq: 1 
[15:11:28.829] [29587] [ERROR] [consumeBuffer:363]	====> the first buffer seq: 1 
[15:11:31.152] [29585] [ERROR] [consumeBuffer:363]	====> the first buffer seq: 1 
[15:11:32.612] [29586] [ERROR] [consumeBuffer:363]	====> the first buffer seq: 1 
[15:11:32.820] [29584] [ERROR] [consumeBuffer:363]	====> the first buffer seq: 1 
[15:11:36.127] [29587] [ERROR] [consumeBuffer:363]	====> the first buffer seq: 1 
[15:11:38.340] [29585] [ERROR] [consumeBuffer:363]	====> the first buffer seq: 1 
[15:11:39.969] [29586] [ERROR] [consumeBuffer:363]	====> the first buffer seq: 1 
[15:11:40.218] [29584] [ERROR] [consumeBuffer:363]	====> the first buffer seq: 1 
[15:24:17.193] [29587] [ERROR] [consumeBuffer:363]	====> the first buffer seq: 1 
[15:24:17.195] [29585] [ERROR] [consumeBuffer:363]	====> the first buffer seq: 1 
[15:24:17.197] [29586] [ERROR] [consumeBuffer:363]	====> the first buffer seq: 1 
[15:24:17.203] [29584] [ERROR] [consumeBuffer:363]	====> the first buffer seq: 1 
[15:24:19.991] [29585] [ERROR] [consumeBuffer:363]	====> the first buffer seq: 1 
[15:24:21.341] [29587] [ERROR] [consumeBuffer:363]	====> the first buffer seq: 1 
[15:24:21.418] [29584] [ERROR] [consumeBuffer:363]	====> the first buffer seq: 1 
[15:24:21.427] [29586] [ERROR] [consumeBuffer:363]	====> the first buffer seq: 1 
[15:24:23.563] [29585] [ERROR] [consumeBuffer:363]	====> the first buffer seq: 1 
[15:24:25.342] [29587] [ERROR] [consumeBuffer:363]	====> the first buffer seq: 1 
[15:24:25.614] [29586] [ERROR] [consumeBuffer:363]	====> the first buffer seq: 1 
[15:24:25.618] [29584] [ERROR] [consumeBuffer:363]	====> the first buffer seq: 1 
[15:24:27.754] [29585] [ERROR] [consumeBuffer:363]	====> the first buffer seq: 1 
[15:24:29.916] [29587] [ERROR] [consumeBuffer:363]	====> the first buffer seq: 1 
[15:24:30.385] [29586] [ERROR] [consumeBuffer:363]	====> the first buffer seq: 1 
[15:24:30.531] [29584] [ERROR] [consumeBuffer:363]	====> the first buffer seq: 1 
[15:24:32.613] [29585] [ERROR] [consumeBuffer:363]	====> the first buffer seq: 1 
[15:24:34.570] [29587] [ERROR] [consumeBuffer:363]	====> the first buffer seq: 1 
[15:24:35.170] [29586] [ERROR] [consumeBuffer:363]	====> the first buffer seq: 1 
[15:24:35.389] [29584] [ERROR] [consumeBuffer:363]	====> the first buffer seq: 1 
[15:24:37.455] [29585] [ERROR] [consumeBuffer:363]	====> the first buffer seq: 1 
[15:24:39.324] [29587] [ERROR] [consumeBuffer:363]	====> the first buffer seq: 1 
[15:24:40.030] [29586] [ERROR] [consumeBuffer:363]	====> the first buffer seq: 1 
[15:24:40.291] [29584] [ERROR] [consumeBuffer:363]	====> the first buffer seq: 1 
[15:24:41.978] [29585] [ERROR] [consumeBuffer:363]	====> the first buffer seq: 1 
[15:24:44.062] [29587] [ERROR] [consumeBuffer:363]	====> the first buffer seq: 1 
[15:24:44.829] [29586] [ERROR] [consumeBuffer:363]	====> the first buffer seq: 1 
[15:24:45.028] [29584] [ERROR] [consumeBuffer:363]	====> the first buffer seq: 1 
[15:24:46.227] [29585] [ERROR] [consumeBuffer:363]	====> the first buffer seq: 1 
[15:24:48.259] [29587] [ERROR] [consumeBuffer:363]	====> the first buffer seq: 1 
[15:24:49.040] [29586] [ERROR] [consumeBuffer:363]	====> the first buffer seq: 1 
[15:24:49.054] [29584] [ERROR] [consumeBuffer:363]	====> the first buffer seq: 1 
[15:24:49.992] [29585] [ERROR] [consumeBuffer:363]	====> the first buffer seq: 1 
[15:24:52.225] [29587] [ERROR] [consumeBuffer:363]	====> the first buffer seq: 1 
[15:24:52.854] [29584] [ERROR] [consumeBuffer:363]	====> the first buffer seq: 1 
[15:24:53.438] [29586] [ERROR] [consumeBuffer:363]	====> the first buffer seq: 1 
[15:24:54.200] [29585] [ERROR] [consumeBuffer:363]	====> the first buffer seq: 1 
[15:24:57.007] [29587] [ERROR] [consumeBuffer:363]	====> the first buffer seq: 1 
[15:24:57.662] [29584] [ERROR] [consumeBuffer:363]	====> the first buffer seq: 1 
[15:24:58.288] [29586] [ERROR] [consumeBuffer:363]	====> the first buffer seq: 1 
[15:24:58.981] [29585] [ERROR] [consumeBuffer:363]	====> the first buffer seq: 1 
[15:25:01.976] [29587] [ERROR] [consumeBuffer:363]	====> the first buffer seq: 1 
[15:25:02.570] [29584] [ERROR] [consumeBuffer:363]	====> the first buffer seq: 1 
[15:25:03.206] [29586] [ERROR] [consumeBuffer:363]	====> the first buffer seq: 1 
[15:25:04.067] [29585] [ERROR] [consumeBuffer:363]	====> the first buffer seq: 1 
[15:25:06.793] [29587] [ERROR] [consumeBuffer:363]	====> the first buffer seq: 1 
[15:25:07.632] [29584] [ERROR] [consumeBuffer:363]	====> the first buffer seq: 1 
[15:25:08.152] [29586] [ERROR] [consumeBuffer:363]	====> the first buffer seq: 1 
[15:25:09.012] [29585] [ERROR] [consumeBuffer:363]	====> the first buffer seq: 1 
[15:25:11.513] [29587] [ERROR] [consumeBuffer:363]	====> the first buffer seq: 1 
[15:25:12.557] [29584] [ERROR] [consumeBuffer:363]	====> the first buffer seq: 1 
[15:25:12.870] [29586] [ERROR] [consumeBuffer:363]	====> the first buffer seq: 1 
[15:25:13.293] [29585] [ERROR] [consumeBuffer:363]	====> the first buffer seq: 1 
[15:25:15.261] [29587] [ERROR] [consumeBuffer:363]	====> the first buffer seq: 1 
[15:25:16.456] [29584] [ERROR] [consumeBuffer:363]	====> the first buffer seq: 1 
[15:25:16.605] [29586] [ERROR] [consumeBuffer:363]	====> the first buffer seq: 1 
[15:25:17.129] [29585] [ERROR] [consumeBuffer:363]	====> the first buffer seq: 1 
[15:25:19.144] [29587] [ERROR] [consumeBuffer:363]	====> the first buffer seq: 1 
[15:25:20.235] [29584] [ERROR] [consumeBuffer:363]	====> the first buffer seq: 1 
[15:25:20.422] [29586] [ERROR] [consumeBuffer:363]	====> the first buffer seq: 1 
[15:25:20.932] [29585] [ERROR] [consumeBuffer:363]	====> the first buffer seq: 1 
[15:25:23.016] [29587] [ERROR] [consumeBuffer:363]	====> the first buffer seq: 1 
[15:25:24.101] [29584] [ERROR] [consumeBuffer:363]	====> the first buffer seq: 1 
[15:25:24.269] [29586] [ERROR] [consumeBuffer:363]	====> the first buffer seq: 1 
[15:25:24.743] [29585] [ERROR] [consumeBuffer:363]	====> the first buffer seq: 1 
[15:25:26.631] [29587] [ERROR] [consumeBuffer:363]	====> the first buffer seq: 1 
[15:25:28.069] [29584] [ERROR] [consumeBuffer:363]	====> the first buffer seq: 1 
[15:25:28.139] [29586] [ERROR] [consumeBuffer:363]	====> the first buffer seq: 1 
[15:25:28.512] [29585] [ERROR] [consumeBuffer:363]	====> the first buffer seq: 1 
[15:25:30.414] [29587] [ERROR] [consumeBuffer:363]	====> the first buffer seq: 1 
[15:25:32.001] [29586] [ERROR] [consumeBuffer:363]	====> the first buffer seq: 1 
[15:25:32.048] [29584] [ERROR] [consumeBuffer:363]	====> the first buffer seq: 1 
[15:25:32.440] [29585] [ERROR] [consumeBuffer:363]	====> the first buffer seq: 1 
[15:25:34.268] [29587] [ERROR] [consumeBuffer:363]	====> the first buffer seq: 1 
[15:25:35.832] [29586] [ERROR] [consumeBuffer:363]	====> the first buffer seq: 1 
[15:25:36.115] [29584] [ERROR] [consumeBuffer:363]	====> the first buffer seq: 1 
[15:25:36.383] [29585] [ERROR] [consumeBuffer:363]	====> the first buffer seq: 1 
[15:25:38.127] [29587] [ERROR] [consumeBuffer:363]	====> the first buffer seq: 1 
[15:25:39.614] [29586] [ERROR] [consumeBuffer:363]	====> the first buffer seq: 1 
[15:25:39.906] [29584] [ERROR] [consumeBuffer:363]	====> the first buffer seq: 1 
[15:25:40.314] [29585] [ERROR] [consumeBuffer:363]	====> the first buffer seq: 1 
[15:25:41.588] [29587] [ERROR] [consumeBuffer:363]	====> the first buffer seq: 1 
[15:25:43.504] [29586] [ERROR] [consumeBuffer:363]	====> the first buffer seq: 1 
[15:25:43.798] [29584] [ERROR] [consumeBuffer:363]	====> the first buffer seq: 1 
[15:25:44.305] [29585] [ERROR] [consumeBuffer:363]	====> the first buffer seq: 1 
[15:25:45.157] [29587] [ERROR] [consumeBuffer:363]	====> the first buffer seq: 1 
[15:25:47.524] [29586] [ERROR] [consumeBuffer:363]	====> the first buffer seq: 1 
[15:25:47.816] [29584] [ERROR] [consumeBuffer:363]	====> the first buffer seq: 1 
[15:25:48.174] [29585] [ERROR] [consumeBuffer:363]	====> the first buffer seq: 1 
[15:25:49.070] [29587] [ERROR] [consumeBuffer:363]	====> the first buffer seq: 1 
[15:25:51.429] [29586] [ERROR] [consumeBuffer:363]	====> the first buffer seq: 1 
[15:25:51.784] [29584] [ERROR] [consumeBuffer:363]	====> the first buffer seq: 1 
[15:25:52.025] [29585] [ERROR] [consumeBuffer:363]	====> the first buffer seq: 1 
[15:25:53.130] [29587] [ERROR] [consumeBuffer:363]	====> the first buffer seq: 1 
[15:25:55.880] [29586] [ERROR] [consumeBuffer:363]	====> the first buffer seq: 1 
[15:25:56.928] [29585] [ERROR] [consumeBuffer:363]	====> the first buffer seq: 1 
[15:25:57.143] [29584] [ERROR] [consumeBuffer:363]	====> the first buffer seq: 1 
[15:25:58.195] [29587] [ERROR] [consumeBuffer:363]	====> the first buffer seq: 1 
[15:26:01.076] [29586] [ERROR] [consumeBuffer:363]	====> the first buffer seq: 1 
[15:26:02.315] [29585] [ERROR] [consumeBuffer:363]	====> the first buffer seq: 1 
[15:31:51.986] [646  ] [ERROR] [error:157]	got error busi back: a758fb68-87dd-4ba8-aa73-28af56157c1e, code: 1007 
[15:31:51.986] [646  ] [WARN ] [error:167]	busi err back, erase task failed, cannot find cache task: a758fb68-87dd-4ba8-aa73-28af56157c1e !  [THE user: test001] 
[15:31:51.988] [6799 ] [ERROR] [error:157]	got error busi back: 65e326cc-f11e-47e9-aa89-2dd07f0fc3d3, code: 1007 
[15:31:51.988] [6799 ] [WARN ] [error:167]	busi err back, erase task failed, cannot find cache task: 65e326cc-f11e-47e9-aa89-2dd07f0fc3d3 !  [THE user: test001] 
[15:31:51.989] [646  ] [ERROR] [error:157]	got error busi back: 10ab5684-74dc-4597-aa14-edb1912fff66, code: 1007 
[15:31:51.989] [646  ] [WARN ] [error:167]	busi err back, erase task failed, cannot find cache task: 10ab5684-74dc-4597-aa14-edb1912fff66 !  [THE user: test001] 
[15:31:51.990] [6799 ] [ERROR] [error:157]	got error busi back: bdec3121-4da9-4f8b-bf2f-29c83c50f20f, code: 1007 
[15:31:51.990] [6799 ] [WARN ] [error:167]	busi err back, erase task failed, cannot find cache task: bdec3121-4da9-4f8b-bf2f-29c83c50f20f !  [THE user: test001] 
[15:31:51.990] [646  ] [ERROR] [error:157]	got error busi back: b5564c12-1b7b-46a3-a977-fa0a1d942301, code: 1007 
[15:31:51.990] [646  ] [WARN ] [error:167]	busi err back, erase task failed, cannot find cache task: b5564c12-1b7b-46a3-a977-fa0a1d942301 !  [THE user: test001] 
[15:31:51.991] [6799 ] [ERROR] [error:157]	got error busi back: 599f2e9a-460e-4745-a431-63f1a9318e75, code: 1007 
[15:31:51.991] [6799 ] [WARN ] [error:167]	busi err back, erase task failed, cannot find cache task: 599f2e9a-460e-4745-a431-63f1a9318e75 !  [THE user: test001] 
[15:31:51.992] [646  ] [ERROR] [error:157]	got error busi back: 3a6998e3-4d83-4b64-88a9-5863046b5ede, code: 1007 
[15:31:51.992] [646  ] [WARN ] [error:167]	busi err back, erase task failed, cannot find cache task: 3a6998e3-4d83-4b64-88a9-5863046b5ede !  [THE user: test001] 
[15:31:51.993] [6799 ] [ERROR] [error:157]	got error busi back: 5c033499-96fe-4184-908e-c4c3ccddb7f2, code: 1007 
[15:31:51.993] [6799 ] [WARN ] [error:167]	busi err back, erase task failed, cannot find cache task: 5c033499-96fe-4184-908e-c4c3ccddb7f2 !  [THE user: test001] 
[15:31:51.993] [646  ] [ERROR] [error:157]	got error busi back: 2ba25aa1-fc9d-4103-91ad-feb705a9e698, code: 1007 
[15:31:51.993] [646  ] [WARN ] [error:167]	busi err back, erase task failed, cannot find cache task: 2ba25aa1-fc9d-4103-91ad-feb705a9e698 !  [THE user: test001] 
[15:31:51.994] [6799 ] [ERROR] [error:157]	got error busi back: a425cfa9-5ac1-4607-874c-0534d8196fb6, code: 1007 
[15:31:51.994] [6799 ] [WARN ] [error:167]	busi err back, erase task failed, cannot find cache task: a425cfa9-5ac1-4607-874c-0534d8196fb6 !  [THE user: test001] 
[15:31:51.995] [646  ] [ERROR] [error:157]	got error busi back: a40d7f45-6ee2-4516-a9c4-4cc4396a6f23, code: 1007 
[15:31:51.995] [646  ] [WARN ] [error:167]	busi err back, erase task failed, cannot find cache task: a40d7f45-6ee2-4516-a9c4-4cc4396a6f23 !  [THE user: test001] 
[15:31:51.995] [6799 ] [ERROR] [error:157]	got error busi back: cfafa9d9-98eb-4153-a444-d05885d77a7e, code: 1007 
[15:31:51.995] [6799 ] [WARN ] [error:167]	busi err back, erase task failed, cannot find cache task: cfafa9d9-98eb-4153-a444-d05885d77a7e !  [THE user: test001] 
[15:31:51.996] [646  ] [ERROR] [error:157]	got error busi back: 5edb3deb-5679-45c4-af8e-7a766763231d, code: 1007 
[15:31:51.996] [646  ] [WARN ] [error:167]	busi err back, erase task failed, cannot find cache task: 5edb3deb-5679-45c4-af8e-7a766763231d !  [THE user: test001] 
[15:31:51.997] [6799 ] [ERROR] [error:157]	got error busi back: 27aa2967-ea70-4656-99cd-3f8858454c9d, code: 1007 
[15:31:51.997] [6799 ] [WARN ] [error:167]	busi err back, erase task failed, cannot find cache task: 27aa2967-ea70-4656-99cd-3f8858454c9d !  [THE user: test001] 
[15:31:51.998] [646  ] [ERROR] [error:157]	got error busi back: 59578f7d-4e37-453a-b744-da9c7955eee9, code: 1007 
[15:31:51.998] [646  ] [WARN ] [error:167]	busi err back, erase task failed, cannot find cache task: 59578f7d-4e37-453a-b744-da9c7955eee9 !  [THE user: test001] 
[15:31:51.998] [6799 ] [ERROR] [error:157]	got error busi back: cf3f91b7-dd8d-4024-8737-52689f2aa5f8, code: 1007 
[15:31:51.998] [6799 ] [WARN ] [error:167]	busi err back, erase task failed, cannot find cache task: cf3f91b7-dd8d-4024-8737-52689f2aa5f8 !  [THE user: test001] 
[15:31:51.999] [646  ] [ERROR] [error:157]	got error busi back: 908007e8-a282-4bb3-9c3b-3b1417e19f3c, code: 1007 
[15:31:51.999] [646  ] [WARN ] [error:167]	busi err back, erase task failed, cannot find cache task: 908007e8-a282-4bb3-9c3b-3b1417e19f3c !  [THE user: test001] 
[15:31:52.001] [6799 ] [ERROR] [error:157]	got error busi back: a926fc2b-504d-4761-b0bf-47e08060e938, code: 1007 
[15:31:52.001] [6799 ] [WARN ] [error:167]	busi err back, erase task failed, cannot find cache task: a926fc2b-504d-4761-b0bf-47e08060e938 !  [THE user: test001] 
[15:31:52.001] [646  ] [ERROR] [error:157]	got error busi back: e7e1f08b-4ba6-4215-a894-25a0aeeb7396, code: 1007 
[15:31:52.001] [646  ] [WARN ] [error:167]	busi err back, erase task failed, cannot find cache task: e7e1f08b-4ba6-4215-a894-25a0aeeb7396 !  [THE user: test001] 
[15:31:52.002] [6799 ] [ERROR] [error:157]	got error busi back: f1fac291-a6bb-46a7-8374-ba9371e64352, code: 1007 
[15:31:52.002] [6799 ] [WARN ] [error:167]	busi err back, erase task failed, cannot find cache task: f1fac291-a6bb-46a7-8374-ba9371e64352 !  [THE user: test001] 
[15:31:52.003] [646  ] [ERROR] [error:157]	got error busi back: e5bdd831-07e3-4a30-82ec-7c96609d8869, code: 1007 
[15:31:52.003] [646  ] [WARN ] [error:167]	busi err back, erase task failed, cannot find cache task: e5bdd831-07e3-4a30-82ec-7c96609d8869 !  [THE user: test001] 
[15:31:52.003] [6799 ] [ERROR] [error:157]	got error busi back: b736587d-9a3f-46a5-b380-5d2001483bf7, code: 1007 
[15:31:52.003] [6799 ] [WARN ] [error:167]	busi err back, erase task failed, cannot find cache task: b736587d-9a3f-46a5-b380-5d2001483bf7 !  [THE user: test001] 
[15:31:52.004] [646  ] [ERROR] [error:157]	got error busi back: 5a52949b-4c9e-4d4f-9371-195de7f401af, code: 1007 
[15:31:52.004] [646  ] [WARN ] [error:167]	busi err back, erase task failed, cannot find cache task: 5a52949b-4c9e-4d4f-9371-195de7f401af !  [THE user: test001] 
[15:31:52.004] [6799 ] [ERROR] [error:157]	got error busi back: ba5cfd98-b4b1-4718-9a90-258209a9c66a, code: 1007 
[15:31:52.004] [6799 ] [WARN ] [error:167]	busi err back, erase task failed, cannot find cache task: ba5cfd98-b4b1-4718-9a90-258209a9c66a !  [THE user: test001] 
[15:31:52.005] [646  ] [ERROR] [error:157]	got error busi back: fc67ed26-d42c-4e76-86bf-b0c6a847a656, code: 1007 
[15:31:52.005] [646  ] [WARN ] [error:167]	busi err back, erase task failed, cannot find cache task: fc67ed26-d42c-4e76-86bf-b0c6a847a656 !  [THE user: test001] 
[15:31:52.006] [6799 ] [ERROR] [error:157]	got error busi back: 091b0d01-ffb3-485f-9b51-9c41da6cd70c, code: 1007 
[15:31:52.006] [6799 ] [WARN ] [error:167]	busi err back, erase task failed, cannot find cache task: 091b0d01-ffb3-485f-9b51-9c41da6cd70c !  [THE user: test001] 
[15:31:52.006] [646  ] [ERROR] [error:157]	got error busi back: 0250274b-8c5c-4187-b4c7-7accdb6ef9b5, code: 1007 
[15:31:52.006] [646  ] [WARN ] [error:167]	busi err back, erase task failed, cannot find cache task: 0250274b-8c5c-4187-b4c7-7accdb6ef9b5 !  [THE user: test001] 
[15:31:52.007] [6799 ] [ERROR] [error:157]	got error busi back: 18891c90-06df-4a9c-89ae-92b665d10bb8, code: 1007 
[15:31:52.007] [6799 ] [WARN ] [error:167]	busi err back, erase task failed, cannot find cache task: 18891c90-06df-4a9c-89ae-92b665d10bb8 !  [THE user: test001] 
[15:31:52.008] [646  ] [ERROR] [error:157]	got error busi back: 8875d4e6-9d9d-4163-a7be-366519e67036, code: 1007 
[15:31:52.008] [646  ] [WARN ] [error:167]	busi err back, erase task failed, cannot find cache task: 8875d4e6-9d9d-4163-a7be-366519e67036 !  [THE user: test001] 
[15:31:52.009] [6799 ] [ERROR] [error:157]	got error busi back: 6ec76a0d-40f4-406b-9a8e-843646dc031b, code: 1007 
[15:31:52.009] [6799 ] [WARN ] [error:167]	busi err back, erase task failed, cannot find cache task: 6ec76a0d-40f4-406b-9a8e-843646dc031b !  [THE user: test001] 
[15:31:52.010] [646  ] [ERROR] [error:157]	got error busi back: 08cc42f0-636a-467c-b05a-8286e1653dc4, code: 1007 
[15:31:52.010] [646  ] [WARN ] [error:167]	busi err back, erase task failed, cannot find cache task: 08cc42f0-636a-467c-b05a-8286e1653dc4 !  [THE user: test001] 
[15:31:52.010] [6799 ] [ERROR] [error:157]	got error busi back: 07deee8a-db89-4d09-ad34-7397c7e1645a, code: 1007 
[15:31:52.010] [6799 ] [WARN ] [error:167]	busi err back, erase task failed, cannot find cache task: 07deee8a-db89-4d09-ad34-7397c7e1645a !  [THE user: test001] 
[15:31:52.011] [646  ] [ERROR] [error:157]	got error busi back: 22514f07-4ef7-4313-ba2c-53d6acf47333, code: 1007 
[15:31:52.011] [646  ] [WARN ] [error:167]	busi err back, erase task failed, cannot find cache task: 22514f07-4ef7-4313-ba2c-53d6acf47333 !  [THE user: test001] 
[15:31:52.012] [6799 ] [ERROR] [error:157]	got error busi back: c0366b40-c2a9-48b8-a033-09f63005f952, code: 1007 
[15:31:52.012] [6799 ] [WARN ] [error:167]	busi err back, erase task failed, cannot find cache task: c0366b40-c2a9-48b8-a033-09f63005f952 !  [THE user: test001] 
[15:31:52.012] [646  ] [ERROR] [error:157]	got error busi back: 47e65463-a686-401c-8faf-a2ee65631864, code: 1007 
[15:31:52.012] [646  ] [WARN ] [error:167]	busi err back, erase task failed, cannot find cache task: 47e65463-a686-401c-8faf-a2ee65631864 !  [THE user: test001] 
[15:31:52.013] [6799 ] [ERROR] [error:157]	got error busi back: 33648fc1-05bc-462b-9e61-2d6ee7263dba, code: 1007 
[15:31:52.013] [6799 ] [WARN ] [error:167]	busi err back, erase task failed, cannot find cache task: 33648fc1-05bc-462b-9e61-2d6ee7263dba !  [THE user: test001] 
[15:31:52.014] [646  ] [ERROR] [error:157]	got error busi back: 244ef96d-8541-41e1-b5a3-028c73dad48a, code: 1007 
[15:31:52.014] [646  ] [WARN ] [error:167]	busi err back, erase task failed, cannot find cache task: 244ef96d-8541-41e1-b5a3-028c73dad48a !  [THE user: test001] 
[15:31:52.014] [6799 ] [ERROR] [error:157]	got error busi back: f75aa62d-36f6-4864-bf77-dcb7f47f271a, code: 1007 
[15:31:52.014] [6799 ] [WARN ] [error:167]	busi err back, erase task failed, cannot find cache task: f75aa62d-36f6-4864-bf77-dcb7f47f271a !  [THE user: test001] 
[15:31:52.015] [646  ] [ERROR] [error:157]	got error busi back: aef17056-e04f-475d-8cc0-35f5e5e0a38a, code: 1007 
[15:31:52.015] [646  ] [WARN ] [error:167]	busi err back, erase task failed, cannot find cache task: aef17056-e04f-475d-8cc0-35f5e5e0a38a !  [THE user: test001] 
[15:31:52.016] [6799 ] [ERROR] [error:157]	got error busi back: 308037b6-4eff-4249-a707-abbabcabb8a8, code: 1007 
[15:31:52.016] [6799 ] [WARN ] [error:167]	busi err back, erase task failed, cannot find cache task: 308037b6-4eff-4249-a707-abbabcabb8a8 !  [THE user: test001] 
[15:31:52.016] [646  ] [ERROR] [error:157]	got error busi back: 689cc0f7-e07a-4045-9cf3-a572a0a2cf2d, code: 1007 
[15:31:52.016] [646  ] [WARN ] [error:167]	busi err back, erase task failed, cannot find cache task: 689cc0f7-e07a-4045-9cf3-a572a0a2cf2d !  [THE user: test001] 
[15:31:52.017] [6799 ] [ERROR] [error:157]	got error busi back: 6d0f588d-3587-4c0f-848b-e7e25cd5ee6e, code: 1007 
[15:31:52.017] [6799 ] [WARN ] [error:167]	busi err back, erase task failed, cannot find cache task: 6d0f588d-3587-4c0f-848b-e7e25cd5ee6e !  [THE user: test001] 
[15:31:52.017] [646  ] [ERROR] [error:157]	got error busi back: 716b0af4-1a76-4894-ab39-01a006955946, code: 1007 
[15:31:52.018] [646  ] [WARN ] [error:167]	busi err back, erase task failed, cannot find cache task: 716b0af4-1a76-4894-ab39-01a006955946 !  [THE user: test001] 
[15:31:52.018] [6799 ] [ERROR] [error:157]	got error busi back: a16205d9-bf07-40fb-915e-088e71002bef, code: 1007 
[15:31:52.018] [6799 ] [WARN ] [error:167]	busi err back, erase task failed, cannot find cache task: a16205d9-bf07-40fb-915e-088e71002bef !  [THE user: test001] 
[15:31:52.019] [646  ] [ERROR] [error:157]	got error busi back: 7515218e-bb61-49e7-8df8-b1691aa8782a, code: 1007 
[15:31:52.019] [646  ] [WARN ] [error:167]	busi err back, erase task failed, cannot find cache task: 7515218e-bb61-49e7-8df8-b1691aa8782a !  [THE user: test001] 
[15:31:52.020] [6799 ] [ERROR] [error:157]	got error busi back: df02463e-efd5-4d64-99aa-e09ff4662ef5, code: 1007 
[15:31:52.020] [6799 ] [WARN ] [error:167]	busi err back, erase task failed, cannot find cache task: df02463e-efd5-4d64-99aa-e09ff4662ef5 !  [THE user: test001] 
[15:31:52.020] [646  ] [ERROR] [error:157]	got error busi back: f48fbbca-b644-459e-b952-112a092e15b5, code: 1007 
[15:31:52.020] [646  ] [WARN ] [error:167]	busi err back, erase task failed, cannot find cache task: f48fbbca-b644-459e-b952-112a092e15b5 !  [THE user: test001] 
[15:31:52.021] [6799 ] [ERROR] [error:157]	got error busi back: 74d4c184-06af-40af-86b0-87b89c1ef06a, code: 1007 
[15:31:52.021] [6799 ] [WARN ] [error:167]	busi err back, erase task failed, cannot find cache task: 74d4c184-06af-40af-86b0-87b89c1ef06a !  [THE user: test001] 
[15:31:52.021] [646  ] [ERROR] [error:157]	got error busi back: d72d3e2d-e106-488d-9300-843d0ba09797, code: 1007 
[15:31:52.022] [646  ] [WARN ] [error:167]	busi err back, erase task failed, cannot find cache task: d72d3e2d-e106-488d-9300-843d0ba09797 !  [THE user: test001] 
[15:31:52.022] [6799 ] [ERROR] [error:157]	got error busi back: 0ba474d0-cdff-4704-be89-de8bfa6d0660, code: 1007 
[15:31:52.022] [6799 ] [WARN ] [error:167]	busi err back, erase task failed, cannot find cache task: 0ba474d0-cdff-4704-be89-de8bfa6d0660 !  [THE user: test001] 
[15:31:52.023] [646  ] [ERROR] [error:157]	got error busi back: e234999b-691b-4ccc-8f54-ba8faf199c5c, code: 1007 
[15:31:52.023] [646  ] [WARN ] [error:167]	busi err back, erase task failed, cannot find cache task: e234999b-691b-4ccc-8f54-ba8faf199c5c !  [THE user: test001] 
[15:31:52.023] [6799 ] [ERROR] [error:157]	got error busi back: bba82edb-cbbf-4f51-8d74-0017f5470cec, code: 1007 
[15:31:52.023] [6799 ] [WARN ] [error:167]	busi err back, erase task failed, cannot find cache task: bba82edb-cbbf-4f51-8d74-0017f5470cec !  [THE user: test001] 
[15:31:52.024] [646  ] [ERROR] [error:157]	got error busi back: 086228cf-a771-4300-97ec-8376681ea113, code: 1007 
[15:31:52.024] [646  ] [WARN ] [error:167]	busi err back, erase task failed, cannot find cache task: 086228cf-a771-4300-97ec-8376681ea113 !  [THE user: test001] 
[15:31:52.025] [6799 ] [ERROR] [error:157]	got error busi back: 9fa4bbf2-6051-4165-89c2-d9f75ae2ff4a, code: 1007 
[15:31:52.025] [6799 ] [WARN ] [error:167]	busi err back, erase task failed, cannot find cache task: 9fa4bbf2-6051-4165-89c2-d9f75ae2ff4a !  [THE user: test001] 
[15:31:52.025] [646  ] [ERROR] [error:157]	got error busi back: beb4f556-e2b2-473b-ad4e-7cb90d19264e, code: 1007 
[15:31:52.025] [646  ] [WARN ] [error:167]	busi err back, erase task failed, cannot find cache task: beb4f556-e2b2-473b-ad4e-7cb90d19264e !  [THE user: test001] 
[15:31:52.026] [6799 ] [ERROR] [error:157]	got error busi back: 8fc10e0b-2d75-46c9-aaf7-d557b68d5f38, code: 1007 
[15:31:52.026] [6799 ] [WARN ] [error:167]	busi err back, erase task failed, cannot find cache task: 8fc10e0b-2d75-46c9-aaf7-d557b68d5f38 !  [THE user: test001] 
[15:31:52.026] [646  ] [ERROR] [error:157]	got error busi back: 60031659-e9ce-4092-8d4b-945df6385041, code: 1007 
[15:31:52.026] [646  ] [WARN ] [error:167]	busi err back, erase task failed, cannot find cache task: 60031659-e9ce-4092-8d4b-945df6385041 !  [THE user: test001] 
[15:31:52.027] [6799 ] [ERROR] [error:157]	got error busi back: 3c02e17f-a864-4caa-a13e-ee06ac0e15dd, code: 1007 
[15:31:52.027] [6799 ] [WARN ] [error:167]	busi err back, erase task failed, cannot find cache task: 3c02e17f-a864-4caa-a13e-ee06ac0e15dd !  [THE user: test001] 
[15:31:52.028] [646  ] [ERROR] [error:157]	got error busi back: 014f8a36-3cfa-4605-b133-9ea0c8471e3c, code: 1007 
[15:31:52.028] [646  ] [WARN ] [error:167]	busi err back, erase task failed, cannot find cache task: 014f8a36-3cfa-4605-b133-9ea0c8471e3c !  [THE user: test001] 
[15:31:52.029] [6799 ] [ERROR] [error:157]	got error busi back: 4452d012-3425-499d-9f1f-fea0f036972f, code: 1007 
[15:31:52.029] [6799 ] [WARN ] [error:167]	busi err back, erase task failed, cannot find cache task: 4452d012-3425-499d-9f1f-fea0f036972f !  [THE user: test001] 
[15:31:52.030] [6799 ] [ERROR] [error:157]	got error busi back: 18fbf605-2c8f-41f6-ac8d-a849d006aee1, code: 1007 
[15:31:52.030] [6799 ] [WARN ] [error:167]	busi err back, erase task failed, cannot find cache task: 18fbf605-2c8f-41f6-ac8d-a849d006aee1 !  [THE user: test001] 
[15:31:52.031] [6799 ] [ERROR] [error:157]	got error busi back: 938b6282-bf9c-4ec3-afab-0509eb08b02c, code: 1007 
[15:31:52.031] [6799 ] [WARN ] [error:167]	busi err back, erase task failed, cannot find cache task: 938b6282-bf9c-4ec3-afab-0509eb08b02c !  [THE user: test001] 
[15:31:52.032] [646  ] [ERROR] [error:157]	got error busi back: 7ec9f453-86d0-4c08-9ef8-db504c3250ed, code: 1007 
[15:31:52.032] [646  ] [WARN ] [error:167]	busi err back, erase task failed, cannot find cache task: 7ec9f453-86d0-4c08-9ef8-db504c3250ed !  [THE user: test001] 
[15:31:52.033] [6799 ] [ERROR] [error:157]	got error busi back: 958ac688-65c7-4e25-8b28-0d5635e0b5c9, code: 1007 
[15:31:52.033] [6799 ] [WARN ] [error:167]	busi err back, erase task failed, cannot find cache task: 958ac688-65c7-4e25-8b28-0d5635e0b5c9 !  [THE user: test001] 
[15:31:52.033] [646  ] [ERROR] [error:157]	got error busi back: a8a7fb41-6eca-4f2a-ae5f-59e6983d5f83, code: 1007 
[15:31:52.033] [646  ] [WARN ] [error:167]	busi err back, erase task failed, cannot find cache task: a8a7fb41-6eca-4f2a-ae5f-59e6983d5f83 !  [THE user: test001] 
[15:31:52.036] [6799 ] [ERROR] [error:157]	got error busi back: 16ae256b-7d7b-436e-bf61-7184e8b47fa5, code: 1007 
[15:31:52.036] [6799 ] [WARN ] [error:167]	busi err back, erase task failed, cannot find cache task: 16ae256b-7d7b-436e-bf61-7184e8b47fa5 !  [THE user: test001] 
[15:32:00.186] [26220] [WARN ] [~MpcMemPool:48]	the mempool is freed! 
