[21:20:02.481] [5513 ] [INFO ] [JNI_OnLoad:24]	jvm onload success ! 
[21:20:02.486] [5513 ] [INFO ] [init:111]	JniNativeCallback init ok. 
[21:20:02.486] [5513 ] [INFO ] [init:136]	to init engine, user: test001, mode: 0, proxyEndpoint: ProxyGlacier2/router:tcp -h 202.114.114.46 -p 4502 -t 11000 
[21:20:02.486] [5513 ] [WARN ] [init:158]	Cannot find the --Mpc.Data=xxxxx config item ! 
[21:20:02.486] [5513 ] [WARN ] [init:178]	Cannot find the --Mpc.Circuits=xxxxx config item ! not preload circuits !! 
[21:20:02.486] [5513 ] [INFO ] [init:188]	preload circuits ok ! 
[21:20:02.486] [5513 ] [INFO ] [init:212]	Not start node server ! use proxy forward ! 
[21:20:02.488] [5513 ] [INFO ] [MpcTaskDispatcher:39]	construct task dispatcher, with 8 processor, load balence is: 16384 
[21:20:02.488] [5513 ] [INFO ] [init:63]	INIT the processor: 0, type: 0 ok 
[21:20:02.488] [5565 ] [INFO ] [operator():54]	task processor: 0 is running... 
[21:20:02.488] [5566 ] [INFO ] [operator():54]	task processor: 1 is running... 
[21:20:02.488] [5513 ] [INFO ] [init:63]	INIT the processor: 1, type: 0 ok 
[21:20:02.488] [5565 ] [INFO ] [popInvitorReadyTask:270]	to POP a ready task from ready invitor queue to processor, now read_num: 0 ... 
[21:20:02.488] [5513 ] [INFO ] [init:63]	INIT the processor: 2, type: 0 ok 
[21:20:02.488] [5513 ] [INFO ] [init:63]	INIT the processor: 3, type: 0 ok 
[21:20:02.488] [5568 ] [INFO ] [operator():54]	task processor: 3 is running... 
[21:20:02.488] [5513 ] [INFO ] [init:63]	INIT the processor: 4, type: 1 ok 
[21:20:02.488] [5568 ] [INFO ] [popInvitorReadyTask:270]	to POP a ready task from ready invitor queue to processor, now read_num: 0 ... 
[21:20:02.489] [5569 ] [INFO ] [operator():54]	task processor: 4 is running... 
[21:20:02.489] [5513 ] [INFO ] [init:63]	INIT the processor: 5, type: 1 ok 
[21:20:02.489] [5566 ] [INFO ] [popInvitorReadyTask:270]	to POP a ready task from ready invitor queue to processor, now read_num: 0 ... 
[21:20:02.489] [5570 ] [INFO ] [operator():54]	task processor: 5 is running... 
[21:20:02.489] [5570 ] [INFO ] [popInviteeReadyTask:208]	to POP a ready task from ready invitee queue to processor, now read_num: 0 ... 
[21:20:02.489] [5567 ] [INFO ] [operator():54]	task processor: 2 is running... 
[21:20:02.489] [5567 ] [INFO ] [popInvitorReadyTask:270]	to POP a ready task from ready invitor queue to processor, now read_num: 0 ... 
[21:20:02.489] [5569 ] [INFO ] [popInviteeReadyTask:208]	to POP a ready task from ready invitee queue to processor, now read_num: 0 ... 
[21:20:02.489] [5571 ] [INFO ] [operator():54]	task processor: 6 is running... 
[21:20:02.489] [5513 ] [INFO ] [init:63]	INIT the processor: 6, type: 1 ok 
[21:20:02.489] [5513 ] [INFO ] [init:63]	INIT the processor: 7, type: 1 ok 
[21:20:02.489] [5571 ] [INFO ] [popInviteeReadyTask:208]	to POP a ready task from ready invitee queue to processor, now read_num: 0 ... 
[21:20:02.489] [5513 ] [INFO ] [init:234]	INIT task dispatcher done ! 
[21:20:02.489] [5572 ] [INFO ] [operator():54]	task processor: 7 is running... 
[21:20:02.490] [5572 ] [INFO ] [popInviteeReadyTask:208]	to POP a ready task from ready invitee queue to processor, now read_num: 0 ... 
[21:20:02.499] [5513 ] [INFO ] [init:64]	connect to busi proxy server endpoint: ProxyGlacier2/router:tcp -h 202.114.114.46 -p 4502 -t 11000 
[21:20:02.572] [5582 ] [WARN ] [connectFailed:67]	connect to jugo proxy failed. 
[21:20:03.061] [5513 ] [INFO ] [init:69]	waiting for node busi client inited ... timeout 1s.. 
[21:20:03.561] [5513 ] [INFO ] [init:69]	waiting for node busi client inited ... timeout 1s.. 
[21:20:04.061] [5513 ] [INFO ] [init:69]	waiting for node busi client inited ... timeout 1s.. 
[21:20:04.562] [5513 ] [INFO ] [init:69]	waiting for node busi client inited ... timeout 1s.. 
[21:20:05.062] [5513 ] [INFO ] [init:69]	waiting for node busi client inited ... timeout 1s.. 
[21:20:05.563] [5513 ] [INFO ] [init:69]	waiting for node busi client inited ... timeout 1s.. 
[21:20:06.064] [5513 ] [INFO ] [init:69]	waiting for node busi client inited ... timeout 1s.. 
[21:20:06.564] [5513 ] [INFO ] [init:69]	waiting for node busi client inited ... timeout 1s.. 
[21:20:07.064] [5513 ] [INFO ] [init:69]	waiting for node busi client inited ... timeout 1s.. 
[21:20:07.565] [5513 ] [INFO ] [init:69]	waiting for node busi client inited ... timeout 1s.. 
[21:20:07.565] [5513 ] [INFO ] [init:81]	timeout for node busi client inited ! exit 
[21:20:07.565] [5513 ] [ERROR] [init:241]	INIT busi node client failed ! 
[21:20:07.565] [5513 ] [INFO ] [Java_com_juzix_jugo_node_jni_NativeInterface_initContext:96]	INIT mpc engine failed  !!! [BAD NEWS] !!! 
[21:20:07.566] [5513 ] [INFO ] [Java_com_juzix_jugo_node_jni_NativeInterface_setDataLogLevel:155]	init the log to level: 3, data log state: 0 
