[21:34:43.724] [16772] [INFO ] [JNI_OnLoad:24]	jvm onload success ! 
[21:34:43.725] [16772] [INFO ] [init:111]	JniNativeCallback init ok. 
[21:34:43.725] [16772] [INFO ] [init:136]	to init engine, user: test001, mode: 0, proxyEndpoint: ProxyGlacier2/router:tcp -h 202.114.114.46 -p 4502 -t 11000 
[21:34:43.725] [16772] [WARN ] [init:158]	Cannot find the --Mpc.Data=xxxxx config item ! 
[21:34:43.725] [16772] [WARN ] [init:178]	Cannot find the --Mpc.Circuits=xxxxx config item ! not preload circuits !! 
[21:34:43.725] [16772] [INFO ] [init:188]	preload circuits ok ! 
[21:34:43.725] [16772] [INFO ] [init:212]	Not start node server ! use proxy forward ! 
[21:34:43.725] [16772] [INFO ] [MpcTaskDispatcher:39]	construct task dispatcher, with 8 processor, load balence is: 16384 
[21:34:43.725] [16772] [INFO ] [init:63]	INIT the processor: 0, type: 0 ok 
[21:34:43.725] [16772] [INFO ] [init:63]	INIT the processor: 1, type: 0 ok 
[21:34:43.725] [16772] [INFO ] [init:63]	INIT the processor: 2, type: 0 ok 
[21:34:43.725] [16772] [INFO ] [init:63]	INIT the processor: 3, type: 0 ok 
[21:34:43.725] [16772] [INFO ] [init:63]	INIT the processor: 4, type: 1 ok 
[21:34:43.725] [16772] [INFO ] [init:63]	INIT the processor: 5, type: 1 ok 
[21:34:43.725] [16772] [INFO ] [init:63]	INIT the processor: 6, type: 1 ok 
[21:34:43.725] [16772] [INFO ] [init:63]	INIT the processor: 7, type: 1 ok 
[21:34:43.725] [16772] [INFO ] [init:234]	INIT task dispatcher done ! 
[21:34:43.726] [16772] [INFO ] [init:64]	connect to busi proxy server endpoint: ProxyGlacier2/router:tcp -h 202.114.114.46 -p 4502 -t 11000 
[21:34:43.734] [16804] [INFO ] [operator():54]	task processor: 6 is running... 
[21:34:43.734] [16804] [INFO ] [popInviteeReadyTask:208]	to POP a ready task from ready invitee queue to processor, now read_num: 0 ... 
[21:34:43.735] [16802] [INFO ] [operator():54]	task processor: 4 is running... 
[21:34:43.735] [16802] [INFO ] [popInviteeReadyTask:208]	to POP a ready task from ready invitee queue to processor, now read_num: 0 ... 
[21:34:43.735] [16801] [INFO ] [operator():54]	task processor: 3 is running... 
[21:34:43.735] [16801] [INFO ] [popInvitorReadyTask:270]	to POP a ready task from ready invitor queue to processor, now read_num: 0 ... 
[21:34:43.737] [16805] [INFO ] [operator():54]	task processor: 7 is running... 
[21:34:43.738] [16805] [INFO ] [popInviteeReadyTask:208]	to POP a ready task from ready invitee queue to processor, now read_num: 0 ... 
[21:34:43.738] [16803] [INFO ] [operator():54]	task processor: 5 is running... 
[21:34:43.738] [16803] [INFO ] [popInviteeReadyTask:208]	to POP a ready task from ready invitee queue to processor, now read_num: 0 ... 
[21:34:43.743] [16800] [INFO ] [operator():54]	task processor: 2 is running... 
[21:34:43.744] [16800] [INFO ] [popInvitorReadyTask:270]	to POP a ready task from ready invitor queue to processor, now read_num: 0 ... 
[21:34:43.744] [16796] [INFO ] [operator():54]	task processor: 0 is running... 
[21:34:43.744] [16796] [INFO ] [popInvitorReadyTask:270]	to POP a ready task from ready invitor queue to processor, now read_num: 0 ... 
[21:34:43.745] [16797] [INFO ] [operator():54]	task processor: 1 is running... 
[21:34:43.745] [16797] [INFO ] [popInvitorReadyTask:270]	to POP a ready task from ready invitor queue to processor, now read_num: 0 ... 
[21:34:43.943] [16810] [INFO ] [connected:34]	to get session... 
[21:34:43.943] [16810] [INFO ] [connected:38]	to get create busi node callback... 
[21:34:43.943] [16810] [INFO ] [connected:46]	to set node callback, public endpoint: ProxyGlacier2/router:tcp -h 202.114.114.46 -p 4502 -t 11000, user: test001 ... 
[21:34:44.245] [16772] [INFO ] [init:69]	waiting for node busi client inited ... timeout 1s.. 
[21:34:44.647] [16810] [WARN ] [connected:55]	the busi session create success. 
[21:34:44.745] [16772] [INFO ] [init:69]	waiting for node busi client inited ... timeout 1s.. 
[21:34:44.745] [16772] [INFO ] [init:74]	the busi node communicator is prepared !!!! 
[21:34:44.745] [16772] [INFO ] [init:86]	INIT busi node client success. user: test001, proxyEndpoint: ProxyGlacier2/router:tcp -h 202.114.114.46 -p 4502 -t 11000 
[21:34:44.746] [16772] [INFO ] [init:244]	INIT busi node client done ! 
[21:34:44.746] [16772] [INFO ] [init:48]	input ready process init ok. 
[21:34:44.746] [16772] [INFO ] [init:253]	INIT input ready processor done ! 
[21:34:44.746] [16772] [INFO ] [init:48]	ready process init ok. max request queue size: 4 
[21:34:44.746] [16772] [INFO ] [init:263]	INIT ready processor done ! 
[21:34:44.746] [16772] [INFO ] [init:269]	Mpc engine init success. 
[21:34:44.746] [16772] [INFO ] [Java_com_juzix_jugo_node_jni_NativeInterface_setDataLogLevel:155]	init the log to level: 3, data log state: 0 
