[21:49:53.343] [31934] [INFO ] [JNI_OnLoad:24]	jvm onload success ! 
[21:49:53.345] [31934] [INFO ] [init:111]	JniNativeCallback init ok. 
[21:49:53.345] [31934] [INFO ] [init:136]	to init engine, user: test001, mode: 0, proxyEndpoint: ProxyGlacier2/router:tcp -h 202.114.114.46 -p 4502 -t 11000 
[21:49:53.345] [31934] [WARN ] [init:158]	Cannot find the --Mpc.Data=xxxxx config item ! 
[21:49:53.345] [31934] [WARN ] [init:178]	Cannot find the --Mpc.Circuits=xxxxx config item ! not preload circuits !! 
[21:49:53.345] [31934] [INFO ] [init:188]	preload circuits ok ! 
[21:49:53.345] [31934] [INFO ] [init:212]	Not start node server ! use proxy forward ! 
[21:49:53.345] [31934] [INFO ] [MpcTaskDispatcher:39]	construct task dispatcher, with 8 processor, load balence is: 16384 
[21:49:53.346] [31934] [INFO ] [init:63]	INIT the processor: 0, type: 0 ok 
[21:49:53.346] [1506 ] [INFO ] [operator():54]	task processor: 0 is running... 
[21:49:53.346] [31934] [INFO ] [init:63]	INIT the processor: 1, type: 0 ok 
[21:49:53.346] [1506 ] [INFO ] [popInvitorReadyTask:270]	to POP a ready task from ready invitor queue to processor, now read_num: 0 ... 
[21:49:53.346] [1507 ] [INFO ] [operator():54]	task processor: 1 is running... 
[21:49:53.346] [31934] [INFO ] [init:63]	INIT the processor: 2, type: 0 ok 
[21:49:53.346] [1507 ] [INFO ] [popInvitorReadyTask:270]	to POP a ready task from ready invitor queue to processor, now read_num: 0 ... 
[21:49:53.346] [1508 ] [INFO ] [operator():54]	task processor: 2 is running... 
[21:49:53.346] [1509 ] [INFO ] [operator():54]	task processor: 3 is running... 
[21:49:53.346] [31934] [INFO ] [init:63]	INIT the processor: 3, type: 0 ok 
[21:49:53.346] [1508 ] [INFO ] [popInvitorReadyTask:270]	to POP a ready task from ready invitor queue to processor, now read_num: 0 ... 
[21:49:53.346] [31934] [INFO ] [init:63]	INIT the processor: 4, type: 1 ok 
[21:49:53.346] [1509 ] [INFO ] [popInvitorReadyTask:270]	to POP a ready task from ready invitor queue to processor, now read_num: 0 ... 
[21:49:53.346] [1510 ] [INFO ] [operator():54]	task processor: 4 is running... 
[13:49:53.346] [31934] [INFO ] [init:63]	INIT the processor: 5, type: 1 ok 
[21:49:53.346] [1510 ] [INFO ] [popInviteeReadyTask:208]	to POP a ready task from ready invitee queue to processor, now read_num: 0 ... 
[21:49:53.346] [1511 ] [INFO ] [operator():54]	task processor: 5 is running... 
[21:49:53.346] [31934] [INFO ] [init:63]	INIT the processor: 6, type: 1 ok 
[21:49:53.347] [1511 ] [INFO ] [popInviteeReadyTask:208]	to POP a ready task from ready invitee queue to processor, now read_num: 0 ... 
[21:49:53.347] [1512 ] [INFO ] [operator():54]	task processor: 6 is running... 
[21:49:53.347] [1512 ] [INFO ] [popInviteeReadyTask:208]	to POP a ready task from ready invitee queue to processor, now read_num: 0 ... 
[21:49:53.347] [31934] [INFO ] [init:63]	INIT the processor: 7, type: 1 ok 
[21:49:53.347] [1513 ] [INFO ] [operator():54]	task processor: 7 is running... 
[21:49:53.347] [31934] [INFO ] [init:234]	INIT task dispatcher done ! 
[21:49:53.347] [1513 ] [INFO ] [popInviteeReadyTask:208]	to POP a ready task from ready invitee queue to processor, now read_num: 0 ... 
[21:49:53.348] [31934] [INFO ] [init:64]	connect to busi proxy server endpoint: ProxyGlacier2/router:tcp -h 202.114.114.46 -p 4502 -t 11000 
[21:49:53.381] [1519 ] [INFO ] [connected:34]	to get session... 
[21:49:53.381] [1519 ] [INFO ] [connected:38]	to get create busi node callback... 
[21:49:53.381] [1519 ] [INFO ] [connected:46]	to set node callback, public endpoint: ProxyGlacier2/router:tcp -h 202.114.114.46 -p 4502 -t 11000, user: test001 ... 
[21:49:53.392] [1519 ] [WARN ] [connected:55]	the busi session create success. 
[21:49:53.868] [31934] [INFO ] [init:69]	waiting for node busi client inited ... timeout 1s.. 
[21:49:53.868] [31934] [INFO ] [init:74]	the busi node communicator is prepared !!!! 
[21:49:53.868] [31934] [INFO ] [init:86]	INIT busi node client success. user: test001, proxyEndpoint: ProxyGlacier2/router:tcp -h 202.114.114.46 -p 4502 -t 11000 
[21:49:53.868] [31934] [INFO ] [init:244]	INIT busi node client done ! 
[21:49:53.868] [31934] [INFO ] [init:48]	input ready process init ok. 
[21:49:53.868] [31934] [INFO ] [init:253]	INIT input ready processor done ! 
[21:49:53.868] [31934] [INFO ] [init:48]	ready process init ok. max request queue size: 4 
[21:49:53.868] [31934] [INFO ] [init:263]	INIT ready processor done ! 
[21:49:53.868] [1586 ] [INFO ] [popCommitTask:127]	to POP a commit task, task size: 0  ... 
[21:49:53.868] [31934] [INFO ] [init:269]	Mpc engine init success. 
[21:49:53.869] [31934] [INFO ] [Java_com_juzix_jugo_node_jni_NativeInterface_setDataLogLevel:155]	init the log to level: 3, data log state: 0 
[21:50:07.463] [1516 ] [WARN ] [MpcMemPool:42]	the mempool construction, size: 134217728, mem: 0x7f850f529010 
[21:50:09.019] [1510 ] [ERROR] [consumeBuffer:363]	====> the first buffer seq: 1 
[21:50:09.020] [1512 ] [ERROR] [consumeBuffer:363]	====> the first buffer seq: 1 
[21:50:09.020] [1513 ] [ERROR] [consumeBuffer:363]	====> the first buffer seq: 1 
[21:50:09.022] [1511 ] [ERROR] [consumeBuffer:363]	====> the first buffer seq: 1 
[21:50:18.696] [1511 ] [ERROR] [consumeBuffer:363]	====> the first buffer seq: 1 
[21:50:18.726] [1513 ] [ERROR] [consumeBuffer:363]	====> the first buffer seq: 1 
[21:50:18.739] [1512 ] [ERROR] [consumeBuffer:363]	====> the first buffer seq: 1 
[21:50:18.874] [1510 ] [ERROR] [consumeBuffer:363]	====> the first buffer seq: 1 
[21:50:26.260] [1510 ] [ERROR] [consumeBuffer:363]	====> the first buffer seq: 1 
[21:50:26.277] [1512 ] [ERROR] [consumeBuffer:363]	====> the first buffer seq: 1 
[21:50:26.375] [1511 ] [ERROR] [consumeBuffer:363]	====> the first buffer seq: 1 
[21:50:26.456] [1513 ] [ERROR] [consumeBuffer:363]	====> the first buffer seq: 1 
[21:50:33.013] [1512 ] [ERROR] [consumeBuffer:363]	====> the first buffer seq: 1 
[21:50:33.035] [1510 ] [ERROR] [consumeBuffer:363]	====> the first buffer seq: 1 
[21:50:33.110] [1511 ] [ERROR] [consumeBuffer:363]	====> the first buffer seq: 1 
[21:50:33.171] [1513 ] [ERROR] [consumeBuffer:363]	====> the first buffer seq: 1 
[21:50:39.478] [1510 ] [ERROR] [consumeBuffer:363]	====> the first buffer seq: 1 
[21:50:39.513] [1512 ] [ERROR] [consumeBuffer:363]	====> the first buffer seq: 1 
[21:50:39.670] [1513 ] [ERROR] [consumeBuffer:363]	====> the first buffer seq: 1 
[21:50:39.749] [1511 ] [ERROR] [consumeBuffer:363]	====> the first buffer seq: 1 
[21:50:46.101] [1510 ] [ERROR] [consumeBuffer:363]	====> the first buffer seq: 1 
[21:50:46.235] [1512 ] [ERROR] [consumeBuffer:363]	====> the first buffer seq: 1 
[21:50:46.374] [1513 ] [ERROR] [consumeBuffer:363]	====> the first buffer seq: 1 
[21:50:46.427] [1511 ] [ERROR] [consumeBuffer:363]	====> the first buffer seq: 1 
[21:50:52.748] [1510 ] [ERROR] [consumeBuffer:363]	====> the first buffer seq: 1 
[21:50:52.954] [1512 ] [ERROR] [consumeBuffer:363]	====> the first buffer seq: 1 
[21:50:53.101] [1513 ] [ERROR] [consumeBuffer:363]	====> the first buffer seq: 1 
[21:50:53.151] [1511 ] [ERROR] [consumeBuffer:363]	====> the first buffer seq: 1 
[21:50:59.457] [1512 ] [ERROR] [consumeBuffer:363]	====> the first buffer seq: 1 
[21:50:59.469] [1510 ] [ERROR] [consumeBuffer:363]	====> the first buffer seq: 1 
[21:50:59.580] [1511 ] [ERROR] [consumeBuffer:363]	====> the first buffer seq: 1 
[21:50:59.686] [1513 ] [ERROR] [consumeBuffer:363]	====> the first buffer seq: 1 
[21:51:06.065] [1512 ] [ERROR] [consumeBuffer:363]	====> the first buffer seq: 1 
[21:51:06.136] [1510 ] [ERROR] [consumeBuffer:363]	====> the first buffer seq: 1 
[21:51:06.180] [1511 ] [ERROR] [consumeBuffer:363]	====> the first buffer seq: 1 
[21:51:06.335] [1513 ] [ERROR] [consumeBuffer:363]	====> the first buffer seq: 1 
[21:51:12.701] [1512 ] [ERROR] [consumeBuffer:363]	====> the first buffer seq: 1 
[21:51:12.935] [1510 ] [ERROR] [consumeBuffer:363]	====> the first buffer seq: 1 
[21:51:12.999] [1511 ] [ERROR] [consumeBuffer:363]	====> the first buffer seq: 1 
[21:51:13.112] [1513 ] [ERROR] [consumeBuffer:363]	====> the first buffer seq: 1 
[21:51:19.511] [1512 ] [ERROR] [consumeBuffer:363]	====> the first buffer seq: 1 
[21:51:19.527] [1510 ] [ERROR] [consumeBuffer:363]	====> the first buffer seq: 1 
[21:51:19.618] [1511 ] [ERROR] [consumeBuffer:363]	====> the first buffer seq: 1 
[21:51:19.823] [1513 ] [ERROR] [consumeBuffer:363]	====> the first buffer seq: 1 
[21:51:26.164] [1512 ] [ERROR] [consumeBuffer:363]	====> the first buffer seq: 1 
[21:51:26.195] [1511 ] [ERROR] [consumeBuffer:363]	====> the first buffer seq: 1 
[21:51:26.248] [1510 ] [ERROR] [consumeBuffer:363]	====> the first buffer seq: 1 
[21:51:26.425] [1513 ] [ERROR] [consumeBuffer:363]	====> the first buffer seq: 1 
[21:51:32.821] [1510 ] [ERROR] [consumeBuffer:363]	====> the first buffer seq: 1 
[21:51:32.854] [1511 ] [ERROR] [consumeBuffer:363]	====> the first buffer seq: 1 
[21:51:32.882] [1512 ] [ERROR] [consumeBuffer:363]	====> the first buffer seq: 1 
[21:51:33.085] [1513 ] [ERROR] [consumeBuffer:363]	====> the first buffer seq: 1 
[21:51:39.077] [1511 ] [ERROR] [consumeBuffer:363]	====> the first buffer seq: 1 
[21:51:39.220] [1510 ] [ERROR] [consumeBuffer:363]	====> the first buffer seq: 1 
[21:51:39.394] [1512 ] [ERROR] [consumeBuffer:363]	====> the first buffer seq: 1 
[21:51:39.626] [1513 ] [ERROR] [consumeBuffer:363]	====> the first buffer seq: 1 
[21:51:45.622] [1511 ] [ERROR] [consumeBuffer:363]	====> the first buffer seq: 1 
[21:51:45.920] [1512 ] [ERROR] [consumeBuffer:363]	====> the first buffer seq: 1 
[21:51:45.928] [1510 ] [ERROR] [consumeBuffer:363]	====> the first buffer seq: 1 
[21:51:46.126] [1513 ] [ERROR] [consumeBuffer:363]	====> the first buffer seq: 1 
[21:51:51.968] [1511 ] [ERROR] [consumeBuffer:363]	====> the first buffer seq: 1 
[21:51:52.131] [1510 ] [ERROR] [consumeBuffer:363]	====> the first buffer seq: 1 
[21:51:52.332] [1512 ] [ERROR] [consumeBuffer:363]	====> the first buffer seq: 1 
[21:51:52.436] [1513 ] [ERROR] [consumeBuffer:363]	====> the first buffer seq: 1 
[21:51:58.365] [1511 ] [ERROR] [consumeBuffer:363]	====> the first buffer seq: 1 
[21:51:58.681] [1510 ] [ERROR] [consumeBuffer:363]	====> the first buffer seq: 1 
[21:51:58.942] [1512 ] [ERROR] [consumeBuffer:363]	====> the first buffer seq: 1 
[21:51:58.988] [1513 ] [ERROR] [consumeBuffer:363]	====> the first buffer seq: 1 
[21:52:04.808] [1511 ] [ERROR] [consumeBuffer:363]	====> the first buffer seq: 1 
[21:52:05.071] [1510 ] [ERROR] [consumeBuffer:363]	====> the first buffer seq: 1 
[21:52:05.253] [1512 ] [ERROR] [consumeBuffer:363]	====> the first buffer seq: 1 
[21:52:05.406] [1513 ] [ERROR] [consumeBuffer:363]	====> the first buffer seq: 1 
[21:52:11.117] [1511 ] [ERROR] [consumeBuffer:363]	====> the first buffer seq: 1 
[21:52:11.325] [1510 ] [ERROR] [consumeBuffer:363]	====> the first buffer seq: 1 
[21:52:11.637] [1512 ] [ERROR] [consumeBuffer:363]	====> the first buffer seq: 1 
[21:52:11.797] [1513 ] [ERROR] [consumeBuffer:363]	====> the first buffer seq: 1 
[21:52:17.308] [1511 ] [ERROR] [consumeBuffer:363]	====> the first buffer seq: 1 
[21:52:17.628] [1510 ] [ERROR] [consumeBuffer:363]	====> the first buffer seq: 1 
[21:52:18.017] [1512 ] [ERROR] [consumeBuffer:363]	====> the first buffer seq: 1 
[21:52:18.143] [1513 ] [ERROR] [consumeBuffer:363]	====> the first buffer seq: 1 
[21:52:23.559] [1511 ] [ERROR] [consumeBuffer:363]	====> the first buffer seq: 1 
[21:52:23.843] [1510 ] [ERROR] [consumeBuffer:363]	====> the first buffer seq: 1 
[21:52:24.237] [1512 ] [ERROR] [consumeBuffer:363]	====> the first buffer seq: 1 
[21:52:24.329] [1513 ] [ERROR] [consumeBuffer:363]	====> the first buffer seq: 1 
[21:52:29.693] [1511 ] [ERROR] [consumeBuffer:363]	====> the first buffer seq: 1 
[21:52:30.023] [1510 ] [ERROR] [consumeBuffer:363]	====> the first buffer seq: 1 
[21:52:30.409] [1513 ] [ERROR] [consumeBuffer:363]	====> the first buffer seq: 1 
[21:52:30.428] [1512 ] [ERROR] [consumeBuffer:363]	====> the first buffer seq: 1 
[21:52:35.740] [1511 ] [ERROR] [consumeBuffer:363]	====> the first buffer seq: 1 
[21:52:35.957] [1510 ] [ERROR] [consumeBuffer:363]	====> the first buffer seq: 1 
[21:52:36.395] [1513 ] [ERROR] [consumeBuffer:363]	====> the first buffer seq: 1 
[21:52:36.604] [1512 ] [ERROR] [consumeBuffer:363]	====> the first buffer seq: 1 
[21:52:40.897] [1511 ] [ERROR] [consumeBuffer:363]	====> the first buffer seq: 1 
[21:52:40.965] [1510 ] [ERROR] [consumeBuffer:363]	====> the first buffer seq: 1 
[21:52:41.309] [1513 ] [ERROR] [consumeBuffer:363]	====> the first buffer seq: 1 
[21:52:41.444] [1512 ] [ERROR] [consumeBuffer:363]	====> the first buffer seq: 1 
[21:52:45.351] [1511 ] [ERROR] [consumeBuffer:363]	====> the first buffer seq: 1 
[21:52:45.550] [1510 ] [ERROR] [consumeBuffer:363]	====> the first buffer seq: 1 
[21:52:45.820] [1513 ] [ERROR] [consumeBuffer:363]	====> the first buffer seq: 1 
[21:52:46.007] [1512 ] [ERROR] [consumeBuffer:363]	====> the first buffer seq: 1 
[15:35:32.219] [1518 ] [ERROR] [error:157]	got error busi back: a758fb68-87dd-4ba8-aa73-28af56157c1e, code: 1007 
[15:35:32.219] [1518 ] [WARN ] [error:167]	busi err back, erase task failed, cannot find cache task: a758fb68-87dd-4ba8-aa73-28af56157c1e !  [THE user: test001] 
[15:35:32.221] [13288] [ERROR] [error:157]	got error busi back: 65e326cc-f11e-47e9-aa89-2dd07f0fc3d3, code: 1007 
[15:35:32.221] [13288] [WARN ] [error:167]	busi err back, erase task failed, cannot find cache task: 65e326cc-f11e-47e9-aa89-2dd07f0fc3d3 !  [THE user: test001] 
[15:35:32.222] [1518 ] [ERROR] [error:157]	got error busi back: 10ab5684-74dc-4597-aa14-edb1912fff66, code: 1007 
[15:35:32.222] [1518 ] [WARN ] [error:167]	busi err back, erase task failed, cannot find cache task: 10ab5684-74dc-4597-aa14-edb1912fff66 !  [THE user: test001] 
[15:35:32.222] [13288] [ERROR] [error:157]	got error busi back: bdec3121-4da9-4f8b-bf2f-29c83c50f20f, code: 1007 
[15:35:32.222] [13288] [WARN ] [error:167]	busi err back, erase task failed, cannot find cache task: bdec3121-4da9-4f8b-bf2f-29c83c50f20f !  [THE user: test001] 
[15:35:32.223] [1518 ] [ERROR] [error:157]	got error busi back: 599f2e9a-460e-4745-a431-63f1a9318e75, code: 1007 
[15:35:32.223] [1518 ] [WARN ] [error:167]	busi err back, erase task failed, cannot find cache task: 599f2e9a-460e-4745-a431-63f1a9318e75 !  [THE user: test001] 
[15:35:32.224] [13288] [ERROR] [error:157]	got error busi back: b5564c12-1b7b-46a3-a977-fa0a1d942301, code: 1007 
[15:35:32.224] [13288] [WARN ] [error:167]	busi err back, erase task failed, cannot find cache task: b5564c12-1b7b-46a3-a977-fa0a1d942301 !  [THE user: test001] 
[15:35:32.224] [1518 ] [ERROR] [error:157]	got error busi back: 3a6998e3-4d83-4b64-88a9-5863046b5ede, code: 1007 
[15:35:32.224] [1518 ] [WARN ] [error:167]	busi err back, erase task failed, cannot find cache task: 3a6998e3-4d83-4b64-88a9-5863046b5ede !  [THE user: test001] 
[15:35:32.225] [13288] [ERROR] [error:157]	got error busi back: 5c033499-96fe-4184-908e-c4c3ccddb7f2, code: 1007 
[15:35:32.225] [13288] [WARN ] [error:167]	busi err back, erase task failed, cannot find cache task: 5c033499-96fe-4184-908e-c4c3ccddb7f2 !  [THE user: test001] 
[15:35:32.226] [1518 ] [ERROR] [error:157]	got error busi back: 2ba25aa1-fc9d-4103-91ad-feb705a9e698, code: 1007 
[15:35:32.226] [1518 ] [WARN ] [error:167]	busi err back, erase task failed, cannot find cache task: 2ba25aa1-fc9d-4103-91ad-feb705a9e698 !  [THE user: test001] 
[15:35:32.227] [13288] [ERROR] [error:157]	got error busi back: a425cfa9-5ac1-4607-874c-0534d8196fb6, code: 1007 
[15:35:32.227] [13288] [WARN ] [error:167]	busi err back, erase task failed, cannot find cache task: a425cfa9-5ac1-4607-874c-0534d8196fb6 !  [THE user: test001] 
[15:35:32.227] [1518 ] [ERROR] [error:157]	got error busi back: a40d7f45-6ee2-4516-a9c4-4cc4396a6f23, code: 1007 
[15:35:32.227] [1518 ] [WARN ] [error:167]	busi err back, erase task failed, cannot find cache task: a40d7f45-6ee2-4516-a9c4-4cc4396a6f23 !  [THE user: test001] 
[15:35:32.228] [13288] [ERROR] [error:157]	got error busi back: cfafa9d9-98eb-4153-a444-d05885d77a7e, code: 1007 
[15:35:32.228] [13288] [WARN ] [error:167]	busi err back, erase task failed, cannot find cache task: cfafa9d9-98eb-4153-a444-d05885d77a7e !  [THE user: test001] 
[15:35:32.229] [1518 ] [ERROR] [error:157]	got error busi back: 5edb3deb-5679-45c4-af8e-7a766763231d, code: 1007 
[15:35:32.229] [1518 ] [WARN ] [error:167]	busi err back, erase task failed, cannot find cache task: 5edb3deb-5679-45c4-af8e-7a766763231d !  [THE user: test001] 
[15:35:32.229] [13288] [ERROR] [error:157]	got error busi back: 27aa2967-ea70-4656-99cd-3f8858454c9d, code: 1007 
[15:35:32.229] [13288] [WARN ] [error:167]	busi err back, erase task failed, cannot find cache task: 27aa2967-ea70-4656-99cd-3f8858454c9d !  [THE user: test001] 
[15:35:32.230] [1518 ] [ERROR] [error:157]	got error busi back: 59578f7d-4e37-453a-b744-da9c7955eee9, code: 1007 
[15:35:32.230] [1518 ] [WARN ] [error:167]	busi err back, erase task failed, cannot find cache task: 59578f7d-4e37-453a-b744-da9c7955eee9 !  [THE user: test001] 
[15:35:32.231] [13288] [ERROR] [error:157]	got error busi back: cf3f91b7-dd8d-4024-8737-52689f2aa5f8, code: 1007 
[15:35:32.231] [13288] [WARN ] [error:167]	busi err back, erase task failed, cannot find cache task: cf3f91b7-dd8d-4024-8737-52689f2aa5f8 !  [THE user: test001] 
[15:35:32.232] [1518 ] [ERROR] [error:157]	got error busi back: 908007e8-a282-4bb3-9c3b-3b1417e19f3c, code: 1007 
[15:35:32.232] [1518 ] [WARN ] [error:167]	busi err back, erase task failed, cannot find cache task: 908007e8-a282-4bb3-9c3b-3b1417e19f3c !  [THE user: test001] 
[15:35:32.232] [13288] [ERROR] [error:157]	got error busi back: a926fc2b-504d-4761-b0bf-47e08060e938, code: 1007 
[15:35:32.232] [13288] [WARN ] [error:167]	busi err back, erase task failed, cannot find cache task: a926fc2b-504d-4761-b0bf-47e08060e938 !  [THE user: test001] 
[15:35:32.236] [1518 ] [ERROR] [error:157]	got error busi back: e7e1f08b-4ba6-4215-a894-25a0aeeb7396, code: 1007 
[15:35:32.236] [1518 ] [WARN ] [error:167]	busi err back, erase task failed, cannot find cache task: e7e1f08b-4ba6-4215-a894-25a0aeeb7396 !  [THE user: test001] 
[15:35:32.237] [13288] [ERROR] [error:157]	got error busi back: f1fac291-a6bb-46a7-8374-ba9371e64352, code: 1007 
[15:35:32.237] [13288] [WARN ] [error:167]	busi err back, erase task failed, cannot find cache task: f1fac291-a6bb-46a7-8374-ba9371e64352 !  [THE user: test001] 
[15:35:32.237] [1518 ] [ERROR] [error:157]	got error busi back: e5bdd831-07e3-4a30-82ec-7c96609d8869, code: 1007 
[15:35:32.237] [1518 ] [WARN ] [error:167]	busi err back, erase task failed, cannot find cache task: e5bdd831-07e3-4a30-82ec-7c96609d8869 !  [THE user: test001] 
[15:35:32.238] [13288] [ERROR] [error:157]	got error busi back: b736587d-9a3f-46a5-b380-5d2001483bf7, code: 1007 
[15:35:32.238] [13288] [WARN ] [error:167]	busi err back, erase task failed, cannot find cache task: b736587d-9a3f-46a5-b380-5d2001483bf7 !  [THE user: test001] 
[15:35:32.239] [1518 ] [ERROR] [error:157]	got error busi back: 5a52949b-4c9e-4d4f-9371-195de7f401af, code: 1007 
[15:35:32.239] [1518 ] [WARN ] [error:167]	busi err back, erase task failed, cannot find cache task: 5a52949b-4c9e-4d4f-9371-195de7f401af !  [THE user: test001] 
[15:35:32.239] [13288] [ERROR] [error:157]	got error busi back: fc67ed26-d42c-4e76-86bf-b0c6a847a656, code: 1007 
[15:35:32.239] [13288] [WARN ] [error:167]	busi err back, erase task failed, cannot find cache task: fc67ed26-d42c-4e76-86bf-b0c6a847a656 !  [THE user: test001] 
[15:35:32.240] [1518 ] [ERROR] [error:157]	got error busi back: ba5cfd98-b4b1-4718-9a90-258209a9c66a, code: 1007 
[15:35:32.240] [1518 ] [WARN ] [error:167]	busi err back, erase task failed, cannot find cache task: ba5cfd98-b4b1-4718-9a90-258209a9c66a !  [THE user: test001] 
[15:35:32.241] [13288] [ERROR] [error:157]	got error busi back: 091b0d01-ffb3-485f-9b51-9c41da6cd70c, code: 1007 
[15:35:32.241] [13288] [WARN ] [error:167]	busi err back, erase task failed, cannot find cache task: 091b0d01-ffb3-485f-9b51-9c41da6cd70c !  [THE user: test001] 
[15:35:32.241] [1518 ] [ERROR] [error:157]	got error busi back: 0250274b-8c5c-4187-b4c7-7accdb6ef9b5, code: 1007 
[15:35:32.241] [1518 ] [WARN ] [error:167]	busi err back, erase task failed, cannot find cache task: 0250274b-8c5c-4187-b4c7-7accdb6ef9b5 !  [THE user: test001] 
[15:35:32.242] [13288] [ERROR] [error:157]	got error busi back: 18891c90-06df-4a9c-89ae-92b665d10bb8, code: 1007 
[15:35:32.242] [13288] [WARN ] [error:167]	busi err back, erase task failed, cannot find cache task: 18891c90-06df-4a9c-89ae-92b665d10bb8 !  [THE user: test001] 
[15:35:32.243] [1518 ] [ERROR] [error:157]	got error busi back: 8875d4e6-9d9d-4163-a7be-366519e67036, code: 1007 
[15:35:32.243] [1518 ] [WARN ] [error:167]	busi err back, erase task failed, cannot find cache task: 8875d4e6-9d9d-4163-a7be-366519e67036 !  [THE user: test001] 
[15:35:32.243] [13288] [ERROR] [error:157]	got error busi back: 6ec76a0d-40f4-406b-9a8e-843646dc031b, code: 1007 
[15:35:32.243] [13288] [WARN ] [error:167]	busi err back, erase task failed, cannot find cache task: 6ec76a0d-40f4-406b-9a8e-843646dc031b !  [THE user: test001] 
[15:35:32.244] [1518 ] [ERROR] [error:157]	got error busi back: 08cc42f0-636a-467c-b05a-8286e1653dc4, code: 1007 
[15:35:32.244] [1518 ] [WARN ] [error:167]	busi err back, erase task failed, cannot find cache task: 08cc42f0-636a-467c-b05a-8286e1653dc4 !  [THE user: test001] 
[15:35:32.245] [13288] [ERROR] [error:157]	got error busi back: 07deee8a-db89-4d09-ad34-7397c7e1645a, code: 1007 
[15:35:32.245] [13288] [WARN ] [error:167]	busi err back, erase task failed, cannot find cache task: 07deee8a-db89-4d09-ad34-7397c7e1645a !  [THE user: test001] 
[15:35:32.245] [1518 ] [ERROR] [error:157]	got error busi back: 22514f07-4ef7-4313-ba2c-53d6acf47333, code: 1007 
[15:35:32.245] [1518 ] [WARN ] [error:167]	busi err back, erase task failed, cannot find cache task: 22514f07-4ef7-4313-ba2c-53d6acf47333 !  [THE user: test001] 
[15:35:32.246] [13288] [ERROR] [error:157]	got error busi back: c0366b40-c2a9-48b8-a033-09f63005f952, code: 1007 
[15:35:32.246] [13288] [WARN ] [error:167]	busi err back, erase task failed, cannot find cache task: c0366b40-c2a9-48b8-a033-09f63005f952 !  [THE user: test001] 
[15:35:32.247] [1518 ] [ERROR] [error:157]	got error busi back: 47e65463-a686-401c-8faf-a2ee65631864, code: 1007 
[15:35:32.247] [1518 ] [WARN ] [error:167]	busi err back, erase task failed, cannot find cache task: 47e65463-a686-401c-8faf-a2ee65631864 !  [THE user: test001] 
[15:35:32.247] [13288] [ERROR] [error:157]	got error busi back: 33648fc1-05bc-462b-9e61-2d6ee7263dba, code: 1007 
[15:35:32.247] [13288] [WARN ] [error:167]	busi err back, erase task failed, cannot find cache task: 33648fc1-05bc-462b-9e61-2d6ee7263dba !  [THE user: test001] 
[15:35:32.248] [1518 ] [ERROR] [error:157]	got error busi back: 244ef96d-8541-41e1-b5a3-028c73dad48a, code: 1007 
[15:35:32.248] [1518 ] [WARN ] [error:167]	busi err back, erase task failed, cannot find cache task: 244ef96d-8541-41e1-b5a3-028c73dad48a !  [THE user: test001] 
[15:35:32.249] [13288] [ERROR] [error:157]	got error busi back: f75aa62d-36f6-4864-bf77-dcb7f47f271a, code: 1007 
[15:35:32.249] [13288] [WARN ] [error:167]	busi err back, erase task failed, cannot find cache task: f75aa62d-36f6-4864-bf77-dcb7f47f271a !  [THE user: test001] 
[15:35:32.249] [1518 ] [ERROR] [error:157]	got error busi back: aef17056-e04f-475d-8cc0-35f5e5e0a38a, code: 1007 
[15:35:32.249] [1518 ] [WARN ] [error:167]	busi err back, erase task failed, cannot find cache task: aef17056-e04f-475d-8cc0-35f5e5e0a38a !  [THE user: test001] 
[15:35:32.250] [13288] [ERROR] [error:157]	got error busi back: 308037b6-4eff-4249-a707-abbabcabb8a8, code: 1007 
[15:35:32.250] [13288] [WARN ] [error:167]	busi err back, erase task failed, cannot find cache task: 308037b6-4eff-4249-a707-abbabcabb8a8 !  [THE user: test001] 
[15:35:32.251] [1518 ] [ERROR] [error:157]	got error busi back: 689cc0f7-e07a-4045-9cf3-a572a0a2cf2d, code: 1007 
[15:35:32.251] [1518 ] [WARN ] [error:167]	busi err back, erase task failed, cannot find cache task: 689cc0f7-e07a-4045-9cf3-a572a0a2cf2d !  [THE user: test001] 
[15:35:32.251] [13288] [ERROR] [error:157]	got error busi back: 6d0f588d-3587-4c0f-848b-e7e25cd5ee6e, code: 1007 
[15:35:32.251] [13288] [WARN ] [error:167]	busi err back, erase task failed, cannot find cache task: 6d0f588d-3587-4c0f-848b-e7e25cd5ee6e !  [THE user: test001] 
[15:35:32.252] [1518 ] [ERROR] [error:157]	got error busi back: 716b0af4-1a76-4894-ab39-01a006955946, code: 1007 
[15:35:32.252] [1518 ] [WARN ] [error:167]	busi err back, erase task failed, cannot find cache task: 716b0af4-1a76-4894-ab39-01a006955946 !  [THE user: test001] 
[15:35:32.253] [13288] [ERROR] [error:157]	got error busi back: a16205d9-bf07-40fb-915e-088e71002bef, code: 1007 
[15:35:32.253] [13288] [WARN ] [error:167]	busi err back, erase task failed, cannot find cache task: a16205d9-bf07-40fb-915e-088e71002bef !  [THE user: test001] 
[15:35:32.253] [1518 ] [ERROR] [error:157]	got error busi back: 7515218e-bb61-49e7-8df8-b1691aa8782a, code: 1007 
[15:35:32.253] [1518 ] [WARN ] [error:167]	busi err back, erase task failed, cannot find cache task: 7515218e-bb61-49e7-8df8-b1691aa8782a !  [THE user: test001] 
[15:35:32.254] [13288] [ERROR] [error:157]	got error busi back: df02463e-efd5-4d64-99aa-e09ff4662ef5, code: 1007 
[15:35:32.254] [13288] [WARN ] [error:167]	busi err back, erase task failed, cannot find cache task: df02463e-efd5-4d64-99aa-e09ff4662ef5 !  [THE user: test001] 
[15:35:32.255] [1518 ] [ERROR] [error:157]	got error busi back: f48fbbca-b644-459e-b952-112a092e15b5, code: 1007 
[15:35:32.255] [1518 ] [WARN ] [error:167]	busi err back, erase task failed, cannot find cache task: f48fbbca-b644-459e-b952-112a092e15b5 !  [THE user: test001] 
[15:35:32.255] [13288] [ERROR] [error:157]	got error busi back: 74d4c184-06af-40af-86b0-87b89c1ef06a, code: 1007 
[15:35:32.255] [13288] [WARN ] [error:167]	busi err back, erase task failed, cannot find cache task: 74d4c184-06af-40af-86b0-87b89c1ef06a !  [THE user: test001] 
[15:35:32.256] [1518 ] [ERROR] [error:157]	got error busi back: d72d3e2d-e106-488d-9300-843d0ba09797, code: 1007 
[15:35:32.256] [1518 ] [WARN ] [error:167]	busi err back, erase task failed, cannot find cache task: d72d3e2d-e106-488d-9300-843d0ba09797 !  [THE user: test001] 
[15:35:32.257] [13288] [ERROR] [error:157]	got error busi back: 0ba474d0-cdff-4704-be89-de8bfa6d0660, code: 1007 
[15:35:32.257] [13288] [WARN ] [error:167]	busi err back, erase task failed, cannot find cache task: 0ba474d0-cdff-4704-be89-de8bfa6d0660 !  [THE user: test001] 
[15:35:32.257] [1518 ] [ERROR] [error:157]	got error busi back: e234999b-691b-4ccc-8f54-ba8faf199c5c, code: 1007 
[15:35:32.257] [1518 ] [WARN ] [error:167]	busi err back, erase task failed, cannot find cache task: e234999b-691b-4ccc-8f54-ba8faf199c5c !  [THE user: test001] 
[15:35:32.258] [13288] [ERROR] [error:157]	got error busi back: bba82edb-cbbf-4f51-8d74-0017f5470cec, code: 1007 
[15:35:32.258] [13288] [WARN ] [error:167]	busi err back, erase task failed, cannot find cache task: bba82edb-cbbf-4f51-8d74-0017f5470cec !  [THE user: test001] 
[15:35:32.259] [1518 ] [ERROR] [error:157]	got error busi back: 086228cf-a771-4300-97ec-8376681ea113, code: 1007 
[15:35:32.259] [1518 ] [WARN ] [error:167]	busi err back, erase task failed, cannot find cache task: 086228cf-a771-4300-97ec-8376681ea113 !  [THE user: test001] 
[15:35:32.259] [13288] [ERROR] [error:157]	got error busi back: 9fa4bbf2-6051-4165-89c2-d9f75ae2ff4a, code: 1007 
[15:35:32.259] [13288] [WARN ] [error:167]	busi err back, erase task failed, cannot find cache task: 9fa4bbf2-6051-4165-89c2-d9f75ae2ff4a !  [THE user: test001] 
[15:35:32.261] [1518 ] [ERROR] [error:157]	got error busi back: 8fc10e0b-2d75-46c9-aaf7-d557b68d5f38, code: 1007 
[15:35:32.261] [1518 ] [WARN ] [error:167]	busi err back, erase task failed, cannot find cache task: 8fc10e0b-2d75-46c9-aaf7-d557b68d5f38 !  [THE user: test001] 
[15:35:32.262] [13288] [ERROR] [error:157]	got error busi back: beb4f556-e2b2-473b-ad4e-7cb90d19264e, code: 1007 
[15:35:32.262] [13288] [WARN ] [error:167]	busi err back, erase task failed, cannot find cache task: beb4f556-e2b2-473b-ad4e-7cb90d19264e !  [THE user: test001] 
[15:35:32.262] [1518 ] [ERROR] [error:157]	got error busi back: 60031659-e9ce-4092-8d4b-945df6385041, code: 1007 
[15:35:32.262] [1518 ] [WARN ] [error:167]	busi err back, erase task failed, cannot find cache task: 60031659-e9ce-4092-8d4b-945df6385041 !  [THE user: test001] 
[15:35:32.263] [13288] [ERROR] [error:157]	got error busi back: 3c02e17f-a864-4caa-a13e-ee06ac0e15dd, code: 1007 
[15:35:32.263] [13288] [WARN ] [error:167]	busi err back, erase task failed, cannot find cache task: 3c02e17f-a864-4caa-a13e-ee06ac0e15dd !  [THE user: test001] 
[15:35:32.264] [1518 ] [ERROR] [error:157]	got error busi back: 014f8a36-3cfa-4605-b133-9ea0c8471e3c, code: 1007 
[15:35:32.264] [1518 ] [WARN ] [error:167]	busi err back, erase task failed, cannot find cache task: 014f8a36-3cfa-4605-b133-9ea0c8471e3c !  [THE user: test001] 
[15:35:32.264] [13288] [ERROR] [error:157]	got error busi back: 18fbf605-2c8f-41f6-ac8d-a849d006aee1, code: 1007 
[15:35:32.264] [13288] [WARN ] [error:167]	busi err back, erase task failed, cannot find cache task: 18fbf605-2c8f-41f6-ac8d-a849d006aee1 !  [THE user: test001] 
[15:35:32.265] [1518 ] [ERROR] [error:157]	got error busi back: 4452d012-3425-499d-9f1f-fea0f036972f, code: 1007 
[15:35:32.265] [1518 ] [WARN ] [error:167]	busi err back, erase task failed, cannot find cache task: 4452d012-3425-499d-9f1f-fea0f036972f !  [THE user: test001] 
[15:35:32.266] [13288] [ERROR] [error:157]	got error busi back: 938b6282-bf9c-4ec3-afab-0509eb08b02c, code: 1007 
[15:35:32.266] [13288] [WARN ] [error:167]	busi err back, erase task failed, cannot find cache task: 938b6282-bf9c-4ec3-afab-0509eb08b02c !  [THE user: test001] 
[15:35:32.267] [1518 ] [ERROR] [error:157]	got error busi back: 7ec9f453-86d0-4c08-9ef8-db504c3250ed, code: 1007 
[15:35:32.267] [1518 ] [WARN ] [error:167]	busi err back, erase task failed, cannot find cache task: 7ec9f453-86d0-4c08-9ef8-db504c3250ed !  [THE user: test001] 
[15:35:32.267] [13288] [ERROR] [error:157]	got error busi back: 958ac688-65c7-4e25-8b28-0d5635e0b5c9, code: 1007 
[15:35:32.267] [13288] [WARN ] [error:167]	busi err back, erase task failed, cannot find cache task: 958ac688-65c7-4e25-8b28-0d5635e0b5c9 !  [THE user: test001] 
[15:35:32.268] [1518 ] [ERROR] [error:157]	got error busi back: a8a7fb41-6eca-4f2a-ae5f-59e6983d5f83, code: 1007 
[15:35:32.268] [1518 ] [WARN ] [error:167]	busi err back, erase task failed, cannot find cache task: a8a7fb41-6eca-4f2a-ae5f-59e6983d5f83 !  [THE user: test001] 
[15:35:32.269] [13288] [ERROR] [error:157]	got error busi back: 16ae256b-7d7b-436e-bf61-7184e8b47fa5, code: 1007 
[15:35:32.269] [13288] [WARN ] [error:167]	busi err back, erase task failed, cannot find cache task: 16ae256b-7d7b-436e-bf61-7184e8b47fa5 !  [THE user: test001] 
[15:36:28.374] [29967] [WARN ] [~MpcMemPool:48]	the mempool is freed! 
