[17:58:27.869] [12997] [INFO ] [JNI_OnLoad:24]	jvm onload success ! 
[17:58:27.871] [12997] [INFO ] [init:111]	JniNativeCallback init ok. 
[17:58:27.871] [12997] [INFO ] [init:136]	to init engine, user: test001, mode: 0, proxyEndpoint: ProxyGlacier2/router:tcp -h 202.114.114.46 -p 4502 -t 11000 
[17:58:27.871] [12997] [WARN ] [init:158]	Cannot find the --Mpc.Data=xxxxx config item ! 
[17:58:27.871] [12997] [WARN ] [init:178]	Cannot find the --Mpc.Circuits=xxxxx config item ! not preload circuits !! 
[17:58:27.871] [12997] [INFO ] [init:188]	preload circuits ok ! 
[17:58:27.871] [12997] [INFO ] [init:212]	Not start node server ! use proxy forward ! 
[17:58:27.871] [12997] [INFO ] [MpcTaskDispatcher:39]	construct task dispatcher, with 8 processor, load balence is: 16384 
[17:58:27.871] [12997] [INFO ] [init:63]	INIT the processor: 0, type: 0 ok 
[17:58:27.871] [12997] [INFO ] [init:63]	INIT the processor: 1, type: 0 ok 
[17:58:27.871] [12997] [INFO ] [init:63]	INIT the processor: 2, type: 0 ok 
[17:58:27.871] [12997] [INFO ] [init:63]	INIT the processor: 3, type: 0 ok 
[17:58:27.871] [12997] [INFO ] [init:63]	INIT the processor: 4, type: 1 ok 
[17:58:27.872] [12997] [INFO ] [init:63]	INIT the processor: 5, type: 1 ok 
[17:58:27.872] [12997] [INFO ] [init:63]	INIT the processor: 6, type: 1 ok 
[17:58:27.872] [12997] [INFO ] [init:63]	INIT the processor: 7, type: 1 ok 
[17:58:27.872] [12997] [INFO ] [init:234]	INIT task dispatcher done ! 
[17:58:27.873] [12997] [INFO ] [init:64]	connect to busi proxy server endpoint: ProxyGlacier2/router:tcp -h 202.114.114.46 -p 4502 -t 11000 
[17:58:27.877] [13016] [INFO ] [operator():54]	task processor: 7 is running... 
[17:58:27.877] [13016] [INFO ] [popInviteeReadyTask:208]	to POP a ready task from ready invitee queue to processor, now read_num: 0 ... 
[17:58:27.877] [13010] [INFO ] [operator():54]	task processor: 1 is running... 
[17:58:27.877] [13010] [INFO ] [popInvitorReadyTask:270]	to POP a ready task from ready invitor queue to processor, now read_num: 0 ... 
[17:58:27.877] [13014] [INFO ] [operator():54]	task processor: 5 is running... 
[17:58:27.877] [13014] [INFO ] [popInviteeReadyTask:208]	to POP a ready task from ready invitee queue to processor, now read_num: 0 ... 
[17:58:27.879] [13013] [INFO ] [operator():54]	task processor: 4 is running... 
[17:58:27.879] [13013] [INFO ] [popInviteeReadyTask:208]	to POP a ready task from ready invitee queue to processor, now read_num: 0 ... 
[17:58:27.880] [13015] [INFO ] [operator():54]	task processor: 6 is running... 
[17:58:27.880] [13015] [INFO ] [popInviteeReadyTask:208]	to POP a ready task from ready invitee queue to processor, now read_num: 0 ... 
[17:58:27.880] [13012] [INFO ] [operator():54]	task processor: 3 is running... 
[17:58:27.880] [13012] [INFO ] [popInvitorReadyTask:270]	to POP a ready task from ready invitor queue to processor, now read_num: 0 ... 
[17:58:27.882] [13011] [INFO ] [operator():54]	task processor: 2 is running... 
[17:58:27.882] [13011] [INFO ] [popInvitorReadyTask:270]	to POP a ready task from ready invitor queue to processor, now read_num: 0 ... 
[17:58:27.882] [13009] [INFO ] [operator():54]	task processor: 0 is running... 
[17:58:27.882] [13009] [INFO ] [popInvitorReadyTask:270]	to POP a ready task from ready invitor queue to processor, now read_num: 0 ... 
[17:58:27.889] [13021] [INFO ] [connected:34]	to get session... 
[17:58:27.890] [13021] [INFO ] [connected:38]	to get create busi node callback... 
[17:58:27.890] [13021] [INFO ] [connected:46]	to set node callback, public endpoint: ProxyGlacier2/router:tcp -h 202.114.114.46 -p 4502 -t 11000, user: test001 ... 
[17:58:27.892] [13021] [WARN ] [connected:55]	the busi session create success. 
[17:58:28.382] [12997] [INFO ] [init:69]	waiting for node busi client inited ... timeout 1s.. 
[17:58:28.382] [12997] [INFO ] [init:74]	the busi node communicator is prepared !!!! 
[17:58:28.382] [12997] [INFO ] [init:86]	INIT busi node client success. user: test001, proxyEndpoint: ProxyGlacier2/router:tcp -h 202.114.114.46 -p 4502 -t 11000 
[17:58:28.382] [12997] [INFO ] [init:244]	INIT busi node client done ! 
[17:58:28.383] [12997] [INFO ] [init:48]	input ready process init ok. 
[17:58:28.383] [12997] [INFO ] [init:253]	INIT input ready processor done ! 
[17:58:28.383] [12997] [INFO ] [init:48]	ready process init ok. max request queue size: 4 
[17:58:28.383] [12997] [INFO ] [init:263]	INIT ready processor done ! 
[17:58:28.383] [12997] [INFO ] [init:269]	Mpc engine init success. 
[17:58:28.383] [13035] [INFO ] [popCommitTask:127]	to POP a commit task, task size: 0  ... 
[17:58:28.383] [12997] [INFO ] [Java_com_juzix_jugo_node_jni_NativeInterface_setDataLogLevel:155]	init the log to level: 3, data log state: 0 
