[09:12:38.908] [26067] [INFO ] [JNI_OnLoad:24]	jvm onload success ! 
[09:12:38.909] [26067] [INFO ] [init:111]	JniNativeCallback init ok. 
[09:12:38.909] [26067] [INFO ] [init:136]	to init engine, user: test001, mode: 0, proxyEndpoint: ProxyGlacier2/router:tcp -h 202.114.114.46 -p 4502 -t 11000 
[09:12:38.910] [26067] [WARN ] [init:158]	Cannot find the --Mpc.Data=xxxxx config item ! 
[09:12:38.910] [26067] [WARN ] [init:178]	Cannot find the --Mpc.Circuits=xxxxx config item ! not preload circuits !! 
[09:12:38.910] [26067] [INFO ] [init:188]	preload circuits ok ! 
[09:12:38.910] [26067] [INFO ] [init:212]	Not start node server ! use proxy forward ! 
[09:12:38.910] [26067] [INFO ] [MpcTaskDispatcher:39]	construct task dispatcher, with 8 processor, load balence is: 16384 
[09:12:38.910] [26067] [INFO ] [init:63]	INIT the processor: 0, type: 0 ok 
[09:12:38.910] [26067] [INFO ] [init:63]	INIT the processor: 1, type: 0 ok 
[09:12:38.910] [26067] [INFO ] [init:63]	INIT the processor: 2, type: 0 ok 
[09:12:38.910] [26067] [INFO ] [init:63]	INIT the processor: 3, type: 0 ok 
[09:12:38.911] [26067] [INFO ] [init:63]	INIT the processor: 4, type: 1 ok 
[09:12:38.911] [26067] [INFO ] [init:63]	INIT the processor: 5, type: 1 ok 
[09:12:38.911] [26067] [INFO ] [init:63]	INIT the processor: 6, type: 1 ok 
[09:12:38.911] [26067] [INFO ] [init:63]	INIT the processor: 7, type: 1 ok 
[09:12:38.911] [26067] [INFO ] [init:234]	INIT task dispatcher done ! 
[09:12:38.912] [26067] [INFO ] [init:64]	connect to busi proxy server endpoint: ProxyGlacier2/router:tcp -h 202.114.114.46 -p 4502 -t 11000 
[09:12:38.914] [26093] [INFO ] [operator():54]	task processor: 5 is running... 
[09:12:38.914] [26093] [INFO ] [popInviteeReadyTask:208]	to POP a ready task from ready invitee queue to processor, now read_num: 0 ... 
[09:12:38.914] [26092] [INFO ] [operator():54]	task processor: 4 is running... 
[09:12:38.914] [26092] [INFO ] [popInviteeReadyTask:208]	to POP a ready task from ready invitee queue to processor, now read_num: 0 ... 
[09:12:38.914] [26088] [INFO ] [operator():54]	task processor: 0 is running... 
[09:12:38.914] [26088] [INFO ] [popInvitorReadyTask:270]	to POP a ready task from ready invitor queue to processor, now read_num: 0 ... 
[09:12:38.916] [26089] [INFO ] [operator():54]	task processor: 1 is running... 
[09:12:38.916] [26089] [INFO ] [popInvitorReadyTask:270]	to POP a ready task from ready invitor queue to processor, now read_num: 0 ... 
[09:12:38.917] [26095] [INFO ] [operator():54]	task processor: 7 is running... 
[09:12:38.917] [26095] [INFO ] [popInviteeReadyTask:208]	to POP a ready task from ready invitee queue to processor, now read_num: 0 ... 
[09:12:38.918] [26094] [INFO ] [operator():54]	task processor: 6 is running... 
[09:12:38.918] [26094] [INFO ] [popInviteeReadyTask:208]	to POP a ready task from ready invitee queue to processor, now read_num: 0 ... 
[09:12:38.919] [26090] [INFO ] [operator():54]	task processor: 2 is running... 
[09:12:38.919] [26090] [INFO ] [popInvitorReadyTask:270]	to POP a ready task from ready invitor queue to processor, now read_num: 0 ... 
[09:12:38.919] [26091] [INFO ] [operator():54]	task processor: 3 is running... 
[09:12:38.919] [26091] [INFO ] [popInvitorReadyTask:270]	to POP a ready task from ready invitor queue to processor, now read_num: 0 ... 
[09:12:38.935] [26100] [INFO ] [connected:34]	to get session... 
[09:12:38.935] [26100] [INFO ] [connected:38]	to get create busi node callback... 
[09:12:38.935] [26100] [INFO ] [connected:46]	to set node callback, public endpoint: ProxyGlacier2/router:tcp -h 202.114.114.46 -p 4502 -t 11000, user: test001 ... 
[09:12:38.938] [26100] [WARN ] [connected:55]	the busi session create success. 
[09:12:39.419] [26067] [INFO ] [init:69]	waiting for node busi client inited ... timeout 1s.. 
[09:12:39.420] [26067] [INFO ] [init:74]	the busi node communicator is prepared !!!! 
[09:12:39.420] [26067] [INFO ] [init:86]	INIT busi node client success. user: test001, proxyEndpoint: ProxyGlacier2/router:tcp -h 202.114.114.46 -p 4502 -t 11000 
[09:12:39.420] [26067] [INFO ] [init:244]	INIT busi node client done ! 
[09:12:39.420] [26067] [INFO ] [init:48]	input ready process init ok. 
[09:12:39.420] [26067] [INFO ] [init:253]	INIT input ready processor done ! 
[09:12:39.420] [26067] [INFO ] [init:48]	ready process init ok. max request queue size: 4 
[09:12:39.420] [26067] [INFO ] [init:263]	INIT ready processor done ! 
[09:12:39.420] [26067] [INFO ] [init:269]	Mpc engine init success. 
[09:12:39.422] [26067] [INFO ] [Java_com_juzix_jugo_node_jni_NativeInterface_setDataLogLevel:155]	init the log to level: 3, data log state: 0 
[09:12:50.780] [26098] [WARN ] [MpcMemPool:42]	the mempool construction, size: 134217728, mem: 0x7ff876bf0010 
[09:12:52.051] [26093] [ERROR] [consumeBuffer:363]	====> the first buffer seq: 1 
[09:13:33.129] [24629] [WARN ] [~MpcMemPool:48]	the mempool is freed! 
