[20:56:31.207] [19582] [INFO ] [JNI_OnLoad:24]	jvm onload success ! 
[20:56:31.208] [19582] [INFO ] [init:111]	JniNativeCallback init ok. 
[20:56:31.208] [19582] [INFO ] [init:136]	to init engine, user: test002, mode: 0, proxyEndpoint: ProxyGlacier2/router:tcp -h 202.114.114.46 -p 4502 -t 11000 
[20:56:31.208] [19582] [WARN ] [init:158]	Cannot find the --Mpc.Data=xxxxx config item ! 
[20:56:31.208] [19582] [INFO ] [parseCircuits:365]	** preload circuit:  /home/lmars/gc/moran103.gc 
[20:56:31.208] [19582] [INFO ] [init:172]	the --Mpc.Circuits=/home/lmars/gc/moran103.gc is set ! 
[20:56:32.790] [19582] [INFO ] [resolveCiruit:326]	** circuit resolve => circuit: /home/lmars/gc/moran103.gc , gates: 3192727, andGate: 891815, wires: 3199319, cost time: 1.581579 seconds, speed: 2018695.913766 (gc / second) ** 
[20:56:32.790] [19582] [INFO ] [CircuitFile:108]	circuit: /home/lmars/gc/moran103.gc,  hash: 1AB21D8355CFA17F8E61194831E81A8F22BEC8C728FEFB747ED035EB5082AA2B 
[20:56:32.791] [19582] [INFO ] [init:188]	preload circuits ok ! 
[20:56:32.791] [19582] [INFO ] [init:212]	Not start node server ! use proxy forward ! 
[20:56:32.791] [19582] [INFO ] [MpcTaskDispatcher:39]	construct task dispatcher, with 8 processor, load balence is: 16384 
[20:56:32.791] [19582] [INFO ] [init:63]	INIT the processor: 0, type: 0 ok 
[20:56:32.791] [19582] [INFO ] [init:63]	INIT the processor: 1, type: 0 ok 
[20:56:32.791] [19582] [INFO ] [init:63]	INIT the processor: 2, type: 0 ok 
[20:56:32.791] [19582] [INFO ] [init:63]	INIT the processor: 3, type: 0 ok 
[20:56:32.791] [19582] [INFO ] [init:63]	INIT the processor: 4, type: 1 ok 
[20:56:32.792] [19680] [INFO ] [operator():54]	task processor: 0 is running... 
[20:56:32.792] [19582] [INFO ] [init:63]	INIT the processor: 5, type: 1 ok 
[20:56:32.792] [19682] [INFO ] [operator():54]	task processor: 2 is running... 
[20:56:32.792] [19684] [INFO ] [operator():54]	task processor: 4 is running... 
[20:56:32.792] [19682] [INFO ] [popInvitorReadyTask:270]	to POP a ready task from ready invitor queue to processor, now read_num: 0 ... 
[20:56:32.792] [19680] [INFO ] [popInvitorReadyTask:270]	to POP a ready task from ready invitor queue to processor, now read_num: 0 ... 
[20:56:32.792] [19582] [INFO ] [init:63]	INIT the processor: 6, type: 1 ok 
[20:56:32.792] [19684] [INFO ] [popInviteeReadyTask:208]	to POP a ready task from ready invitee queue to processor, now read_num: 0 ... 
[20:56:32.793] [19582] [INFO ] [init:63]	INIT the processor: 7, type: 1 ok 
[20:56:32.793] [19687] [INFO ] [operator():54]	task processor: 7 is running... 
[20:56:32.793] [19687] [INFO ] [popInviteeReadyTask:208]	to POP a ready task from ready invitee queue to processor, now read_num: 0 ... 
[20:56:32.794] [19686] [INFO ] [operator():54]	task processor: 6 is running... 
[20:56:32.794] [19686] [INFO ] [popInviteeReadyTask:208]	to POP a ready task from ready invitee queue to processor, now read_num: 0 ... 
[20:56:32.794] [19685] [INFO ] [operator():54]	task processor: 5 is running... 
[20:56:32.794] [19685] [INFO ] [popInviteeReadyTask:208]	to POP a ready task from ready invitee queue to processor, now read_num: 0 ... 
[20:56:32.793] [19582] [INFO ] [init:234]	INIT task dispatcher done ! 
[20:56:32.796] [19683] [INFO ] [operator():54]	task processor: 3 is running... 
[20:56:32.796] [19582] [INFO ] [init:64]	connect to busi proxy server endpoint: ProxyGlacier2/router:tcp -h 202.114.114.46 -p 4502 -t 11000 
[20:56:32.796] [19683] [INFO ] [popInvitorReadyTask:270]	to POP a ready task from ready invitor queue to processor, now read_num: 0 ... 
[20:56:32.799] [19681] [INFO ] [operator():54]	task processor: 1 is running... 
[20:56:32.799] [19681] [INFO ] [popInvitorReadyTask:270]	to POP a ready task from ready invitor queue to processor, now read_num: 0 ... 
[20:56:32.822] [19694] [INFO ] [connected:34]	to get session... 
[20:56:32.822] [19694] [INFO ] [connected:38]	to get create busi node callback... 
[20:56:32.823] [19694] [INFO ] [connected:46]	to set node callback, public endpoint: ProxyGlacier2/router:tcp -h 202.114.114.46 -p 4502 -t 11000, user: test002 ... 
[20:56:32.827] [19694] [WARN ] [connected:55]	the busi session create success. 
[20:56:33.308] [19582] [INFO ] [init:69]	waiting for node busi client inited ... timeout 1s.. 
[20:56:33.308] [19582] [INFO ] [init:74]	the busi node communicator is prepared !!!! 
[20:56:33.308] [19582] [INFO ] [init:86]	INIT busi node client success. user: test002, proxyEndpoint: ProxyGlacier2/router:tcp -h 202.114.114.46 -p 4502 -t 11000 
[20:56:33.308] [19582] [INFO ] [init:244]	INIT busi node client done ! 
[20:56:33.308] [19582] [INFO ] [init:48]	input ready process init ok. 
[20:56:33.308] [19582] [INFO ] [init:253]	INIT input ready processor done ! 
[20:56:33.308] [19582] [INFO ] [init:48]	ready process init ok. max request queue size: 4 
[20:56:33.309] [19582] [INFO ] [init:263]	INIT ready processor done ! 
[20:56:33.309] [19582] [INFO ] [init:269]	Mpc engine init success. 
[20:56:33.309] [19582] [INFO ] [Java_com_juzix_jugo_node_jni_NativeInterface_setDataLogLevel:155]	init the log to level: 3, data log state: 0 
[20:56:33.313] [19582] [ERROR] [Java_com_juzix_jugo_node_jni_NativeInterface_startTask:135]	commit a invite task to engine ok ! 
[20:56:33.438] [19582] [ERROR] [Java_com_juzix_jugo_node_jni_NativeInterface_startTask:135]	commit a invite task to engine ok ! 
[20:56:33.454] [19582] [ERROR] [Java_com_juzix_jugo_node_jni_NativeInterface_startTask:135]	commit a invite task to engine ok ! 
[20:56:33.470] [19582] [ERROR] [Java_com_juzix_jugo_node_jni_NativeInterface_startTask:135]	commit a invite task to engine ok ! 
[20:56:33.499] [19582] [ERROR] [Java_com_juzix_jugo_node_jni_NativeInterface_startTask:135]	commit a invite task to engine ok ! 
[20:56:33.512] [19582] [ERROR] [Java_com_juzix_jugo_node_jni_NativeInterface_startTask:135]	commit a invite task to engine ok ! 
[20:56:33.546] [19692] [WARN ] [MpcMemPool:42]	the mempool construction, size: 134217728, mem: 0x7f6633532010 
[20:56:33.553] [19582] [ERROR] [Java_com_juzix_jugo_node_jni_NativeInterface_startTask:135]	commit a invite task to engine ok ! 
[20:56:33.572] [19582] [ERROR] [Java_com_juzix_jugo_node_jni_NativeInterface_startTask:135]	commit a invite task to engine ok ! 
[20:56:33.587] [19582] [ERROR] [Java_com_juzix_jugo_node_jni_NativeInterface_startTask:135]	commit a invite task to engine ok ! 
[20:56:33.603] [19582] [ERROR] [Java_com_juzix_jugo_node_jni_NativeInterface_startTask:135]	commit a invite task to engine ok ! 
[20:56:33.629] [19582] [ERROR] [Java_com_juzix_jugo_node_jni_NativeInterface_startTask:135]	commit a invite task to engine ok ! 
[20:56:33.653] [19582] [ERROR] [Java_com_juzix_jugo_node_jni_NativeInterface_startTask:135]	commit a invite task to engine ok ! 
[20:56:33.672] [19582] [ERROR] [Java_com_juzix_jugo_node_jni_NativeInterface_startTask:135]	commit a invite task to engine ok ! 
[20:56:33.690] [19582] [ERROR] [Java_com_juzix_jugo_node_jni_NativeInterface_startTask:135]	commit a invite task to engine ok ! 
[20:56:33.718] [19582] [ERROR] [Java_com_juzix_jugo_node_jni_NativeInterface_startTask:135]	commit a invite task to engine ok ! 
[20:56:33.748] [19582] [ERROR] [Java_com_juzix_jugo_node_jni_NativeInterface_startTask:135]	commit a invite task to engine ok ! 
[20:56:33.766] [19582] [ERROR] [Java_com_juzix_jugo_node_jni_NativeInterface_startTask:135]	commit a invite task to engine ok ! 
[20:56:33.796] [19582] [ERROR] [Java_com_juzix_jugo_node_jni_NativeInterface_startTask:135]	commit a invite task to engine ok ! 
[20:56:33.817] [19582] [ERROR] [Java_com_juzix_jugo_node_jni_NativeInterface_startTask:135]	commit a invite task to engine ok ! 
[20:56:33.831] [19582] [ERROR] [Java_com_juzix_jugo_node_jni_NativeInterface_startTask:135]	commit a invite task to engine ok ! 
[20:56:33.850] [19582] [ERROR] [Java_com_juzix_jugo_node_jni_NativeInterface_startTask:135]	commit a invite task to engine ok ! 
[20:56:33.865] [19582] [ERROR] [Java_com_juzix_jugo_node_jni_NativeInterface_startTask:135]	commit a invite task to engine ok ! 
[20:56:33.883] [19582] [ERROR] [Java_com_juzix_jugo_node_jni_NativeInterface_startTask:135]	commit a invite task to engine ok ! 
[20:56:33.897] [19582] [ERROR] [Java_com_juzix_jugo_node_jni_NativeInterface_startTask:135]	commit a invite task to engine ok ! 
[20:56:33.915] [19582] [ERROR] [Java_com_juzix_jugo_node_jni_NativeInterface_startTask:135]	commit a invite task to engine ok ! 
[20:56:33.933] [19582] [ERROR] [Java_com_juzix_jugo_node_jni_NativeInterface_startTask:135]	commit a invite task to engine ok ! 
[20:56:33.944] [19582] [ERROR] [Java_com_juzix_jugo_node_jni_NativeInterface_startTask:135]	commit a invite task to engine ok ! 
[20:56:33.962] [19582] [ERROR] [Java_com_juzix_jugo_node_jni_NativeInterface_startTask:135]	commit a invite task to engine ok ! 
[20:56:33.972] [19582] [ERROR] [Java_com_juzix_jugo_node_jni_NativeInterface_startTask:135]	commit a invite task to engine ok ! 
[20:56:33.984] [19582] [ERROR] [Java_com_juzix_jugo_node_jni_NativeInterface_startTask:135]	commit a invite task to engine ok ! 
[20:56:33.998] [19582] [ERROR] [Java_com_juzix_jugo_node_jni_NativeInterface_startTask:135]	commit a invite task to engine ok ! 
[20:56:34.004] [19582] [ERROR] [Java_com_juzix_jugo_node_jni_NativeInterface_startTask:135]	commit a invite task to engine ok ! 
[20:56:34.015] [19582] [ERROR] [Java_com_juzix_jugo_node_jni_NativeInterface_startTask:135]	commit a invite task to engine ok ! 
[20:56:34.022] [19582] [ERROR] [Java_com_juzix_jugo_node_jni_NativeInterface_startTask:135]	commit a invite task to engine ok ! 
[20:56:34.028] [19582] [ERROR] [Java_com_juzix_jugo_node_jni_NativeInterface_startTask:135]	commit a invite task to engine ok ! 
[20:56:34.032] [19582] [ERROR] [Java_com_juzix_jugo_node_jni_NativeInterface_startTask:135]	commit a invite task to engine ok ! 
[20:56:34.038] [19582] [ERROR] [Java_com_juzix_jugo_node_jni_NativeInterface_startTask:135]	commit a invite task to engine ok ! 
[20:56:34.047] [19582] [ERROR] [Java_com_juzix_jugo_node_jni_NativeInterface_startTask:135]	commit a invite task to engine ok ! 
[20:56:34.059] [19582] [ERROR] [Java_com_juzix_jugo_node_jni_NativeInterface_startTask:135]	commit a invite task to engine ok ! 
[20:56:34.074] [19582] [ERROR] [Java_com_juzix_jugo_node_jni_NativeInterface_startTask:135]	commit a invite task to engine ok ! 
[20:56:34.088] [19582] [ERROR] [Java_com_juzix_jugo_node_jni_NativeInterface_startTask:135]	commit a invite task to engine ok ! 
[20:56:34.111] [19582] [ERROR] [Java_com_juzix_jugo_node_jni_NativeInterface_startTask:135]	commit a invite task to engine ok ! 
[20:56:34.119] [19582] [ERROR] [Java_com_juzix_jugo_node_jni_NativeInterface_startTask:135]	commit a invite task to engine ok ! 
[20:56:34.127] [19582] [ERROR] [Java_com_juzix_jugo_node_jni_NativeInterface_startTask:135]	commit a invite task to engine ok ! 
[20:56:34.146] [19582] [ERROR] [Java_com_juzix_jugo_node_jni_NativeInterface_startTask:135]	commit a invite task to engine ok ! 
[20:56:34.156] [19582] [ERROR] [Java_com_juzix_jugo_node_jni_NativeInterface_startTask:135]	commit a invite task to engine ok ! 
[20:56:34.176] [19582] [ERROR] [Java_com_juzix_jugo_node_jni_NativeInterface_startTask:135]	commit a invite task to engine ok ! 
[20:56:34.183] [19582] [ERROR] [Java_com_juzix_jugo_node_jni_NativeInterface_startTask:135]	commit a invite task to engine ok ! 
[20:56:34.193] [19582] [ERROR] [Java_com_juzix_jugo_node_jni_NativeInterface_startTask:135]	commit a invite task to engine ok ! 
[20:56:34.206] [19582] [ERROR] [Java_com_juzix_jugo_node_jni_NativeInterface_startTask:135]	commit a invite task to engine ok ! 
[21:20:43.095] [17754] [WARN ] [~MpcMemPool:48]	the mempool is freed! 
