[21:11:50.571] [15301] [INFO ] [JNI_OnLoad:24]	jvm onload success ! 
[21:11:50.571] [15301] [INFO ] [init:111]	JniNativeCallback init ok. 
[21:11:50.571] [15301] [INFO ] [init:108]	to init engine, user: test002, mode: 0, proxyEndpoint: ProxyGlacier2/router:tcp -h 202.114.114.46 -p 4502 -t 11000 
[21:11:50.571] [15301] [WARN ] [init:130]	Cannot find the --Mpc.Data=xxxxx config item ! 
[21:11:50.571] [15301] [INFO ] [init:156]	Not start node server ! use proxy forward ! 
[21:11:50.572] [15301] [INFO ] [MpcTaskDispatcher:43]	construct task dispatcher, with 3 processor, load balence is: 6000 
[21:11:50.572] [15301] [INFO ] [init:60]	INIT the processor: 0 ok 
[21:11:50.572] [15312] [INFO ] [operator():51]	task processor: 0 is running... 
[21:11:50.572] [15301] [INFO ] [init:60]	INIT the processor: 1 ok 
[21:11:50.572] [15312] [DEBUG] [popReadyTask:166]	to POP a ready task from ready queue to processor, now read_num: 0 ... 
[21:11:50.572] [15301] [INFO ] [init:60]	INIT the processor: 2 ok 
[21:11:50.572] [15301] [INFO ] [init:177]	INIT task dispatcher done ! 
[21:11:50.572] [15301] [INFO ] [init:40]	connect to busi proxy server endpoint: ProxyGlacier2/router:tcp -h 202.114.114.46 -p 4502 -t 11000 
[21:11:50.572] [15313] [INFO ] [operator():51]	task processor: 1 is running... 
[21:11:50.572] [15313] [DEBUG] [popReadyTask:166]	to POP a ready task from ready queue to processor, now read_num: 0 ... 
[21:11:50.579] [15314] [INFO ] [operator():51]	task processor: 2 is running... 
[21:11:50.579] [15314] [DEBUG] [popReadyTask:166]	to POP a ready task from ready queue to processor, now read_num: 0 ... 
[21:11:50.589] [15321] [INFO ] [connected:34]	to get session... 
[21:11:50.589] [15321] [INFO ] [connected:38]	to get create busi node callback... 
[21:11:50.589] [15321] [INFO ] [connected:45]	to set node callback... 
[21:11:50.592] [15321] [WARN ] [connected:54]	the busi session create success. 
[21:11:51.079] [15301] [INFO ] [init:69]	waiting for node busi client inited ... timeout 1s.. 
[21:11:51.079] [15301] [INFO ] [init:74]	the busi node communicator is prepared !!!! 
[21:11:51.079] [15301] [INFO ] [init:86]	INIT busi node client success. user: test002, proxyEndpoint: ProxyGlacier2/router:tcp -h 202.114.114.46 -p 4502 -t 11000 
[21:11:51.079] [15301] [INFO ] [init:187]	INIT busi node client done ! 
[21:11:51.080] [15301] [INFO ] [init:48]	ready process init ok. max request queue size: 3 
[21:11:51.080] [15301] [INFO ] [init:202]	Mpc engine init success. 
[21:11:51.080] [15383] [DEBUG] [popCommitTask:110]	to POP a commit task, task size: 0  ... 
[21:11:51.081] [15301] [INFO ] [Java_com_juzix_jugo_node_jni_NativeInterface_setDataLogLevel:155]	init the log to level: 3, data log state: 0 
[21:11:51.090] [15301] [ERROR] [Java_com_juzix_jugo_node_jni_NativeInterface_startTask:135]	commit a invite task to engine ok ! 
[21:11:51.169] [15301] [ERROR] [Java_com_juzix_jugo_node_jni_NativeInterface_startTask:135]	commit a invite task to engine ok ! 
[21:11:51.186] [15386] [ERROR] [Java_com_juzix_jugo_node_jni_NativeInterface_startTask:135]	commit a invite task to engine ok ! 
[21:11:56.720] [15385] [WARN ] [allReady:153]	busi allReady callback done,  task: 2a6df432-425c-418e-9dd1-e58cd83b86db, user: test002, ready: 2 !  
[21:11:56.720] [15319] [WARN ] [allReady:153]	busi allReady callback done,  task: 4be42634-e2f7-4cae-9fb4-59eb90c6a52a, user: test002, ready: 2 !  
[21:11:56.720] [15318] [WARN ] [allReady:153]	busi allReady callback done,  task: a5440332-1931-4bd0-8135-e5524d5c9b5e, user: test002, ready: 2 !  
[21:12:16.868] [15314] [WARN ] [consumeBuffer:308]	consume buffer for task: a5440332-1931-4bd0-8135-e5524d5c9b5e, time to timeout; 20, cost time: 20.130851, case 1 ! 
[21:12:16.868] [15314] [WARN ] [recv_data_impl:162]	consume buffer failed, this run of the task: a5440332-1931-4bd0-8135-e5524d5c9b5e exec failed! 
[21:12:16.868] [15314] [WARN ] [recv_data:44]	recv data exception, network error or connection closed . ret=-2 
[21:12:16.868] [15314] [WARN ] [fetchSessionID:136]	alice: recv bob response of session failed ! 
[21:12:16.868] [15314] [WARN ] [pre_run:257]	fetch session id failed ! 
[21:12:16.868] [15314] [ERROR] [pre_run:312]	label executor pre run failed ! 
[21:12:16.868] [15314] [ERROR] [alice_run:173]	mpc alice pre run failed ! 
[21:12:16.868] [15314] [ERROR] [run:181]	alice run mpc failed ! 
[21:12:16.868] [15314] [ERROR] [processMpcBusi:201]	MPC run failed ! taskID: a5440332-1931-4bd0-8135-e5524d5c9b5e  
[21:12:16.869] [15314] [WARN ] [processMpcBusi:237]	task processor cannot remove request task: a5440332-1931-4bd0-8135-e5524d5c9b5e ! 
[21:12:16.869] [15314] [WARN ] [processTask:130]	processor a MPC task: a5440332-1931-4bd0-8135-e5524d5c9b5e Failed ! 
[21:12:17.534] [15312] [WARN ] [processMpcBusi:237]	task processor cannot remove request task: 2a6df432-425c-418e-9dd1-e58cd83b86db ! 
[21:12:17.534] [15312] [WARN ] [processTask:130]	processor a MPC task: 2a6df432-425c-418e-9dd1-e58cd83b86db Failed ! 
[21:12:18.085] [15313] [WARN ] [processMpcBusi:237]	task processor cannot remove request task: 4be42634-e2f7-4cae-9fb4-59eb90c6a52a ! 
[21:12:18.085] [15313] [WARN ] [processTask:130]	processor a MPC task: 4be42634-e2f7-4cae-9fb4-59eb90c6a52a Failed ! 
