[15:18:10.793] [2823 ] [INFO ] [JNI_OnLoad:24]	jvm onload success ! 
[15:18:10.793] [2823 ] [INFO ] [init:111]	JniNativeCallback init ok. 
[15:18:10.793] [2823 ] [INFO ] [init:108]	to init engine, user: test002, mode: 0, proxyEndpoint: ProxyGlacier2/router:tcp -h 202.114.114.46 -p 4502 -t 11000 
[15:18:10.793] [2823 ] [WARN ] [init:130]	Cannot find the --Mpc.Data=xxxxx config item ! 
[15:18:10.793] [2823 ] [INFO ] [init:156]	Not start node server ! use proxy forward ! 
[15:18:10.794] [2823 ] [INFO ] [MpcTaskDispatcher:43]	construct task dispatcher, with 3 processor, load balence is: 6000 
[15:18:10.794] [2823 ] [INFO ] [init:60]	INIT the processor: 0 ok 
[15:18:10.794] [2823 ] [INFO ] [init:60]	INIT the processor: 1 ok 
[15:18:10.794] [2845 ] [INFO ] [operator():51]	task processor: 0 is running... 
[15:18:10.794] [2823 ] [INFO ] [init:60]	INIT the processor: 2 ok 
[15:18:10.794] [2845 ] [DEBUG] [popReadyTask:166]	to POP a ready task from ready queue to processor, now read_num: 0 ... 
[15:18:10.794] [2847 ] [INFO ] [operator():51]	task processor: 1 is running... 
[15:18:10.794] [2847 ] [DEBUG] [popReadyTask:166]	to POP a ready task from ready queue to processor, now read_num: 0 ... 
[15:18:10.794] [2850 ] [INFO ] [operator():51]	task processor: 2 is running... 
[15:18:10.794] [2823 ] [INFO ] [init:177]	INIT task dispatcher done ! 
[15:18:10.794] [2850 ] [DEBUG] [popReadyTask:166]	to POP a ready task from ready queue to processor, now read_num: 0 ... 
[15:18:10.794] [2823 ] [INFO ] [init:40]	connect to busi proxy server endpoint: ProxyGlacier2/router:tcp -h 202.114.114.46 -p 4502 -t 11000 
[15:18:10.806] [2860 ] [INFO ] [connected:34]	to get session... 
[15:18:10.806] [2860 ] [INFO ] [connected:38]	to get create busi node callback... 
[15:18:10.806] [2860 ] [INFO ] [connected:45]	to set node callback... 
[15:18:10.810] [2860 ] [WARN ] [connected:54]	the busi session create success. 
[15:18:11.301] [2823 ] [INFO ] [init:69]	waiting for node busi client inited ... timeout 1s.. 
[15:18:11.301] [2823 ] [INFO ] [init:74]	the busi node communicator is prepared !!!! 
[15:18:11.301] [2823 ] [INFO ] [init:86]	INIT busi node client success. user: test002, proxyEndpoint: ProxyGlacier2/router:tcp -h 202.114.114.46 -p 4502 -t 11000 
[15:18:11.301] [2823 ] [INFO ] [init:187]	INIT busi node client done ! 
[15:18:11.301] [2823 ] [INFO ] [init:48]	ready process init ok. max request queue size: 3 
[15:18:11.301] [2823 ] [INFO ] [init:202]	Mpc engine init success. 
[15:18:11.301] [2926 ] [DEBUG] [popCommitTask:110]	to POP a commit task, task size: 0  ... 
[15:18:11.301] [2823 ] [INFO ] [Java_com_juzix_jugo_node_jni_NativeInterface_setDataLogLevel:155]	init the log to level: 3, data log state: 0 
[15:18:11.305] [2823 ] [ERROR] [Java_com_juzix_jugo_node_jni_NativeInterface_startTask:135]	commit a invite task to engine ok ! 
[15:18:16.891] [2859 ] [WARN ] [allReady:153]	busi allReady callback done,  task: 244ef96d-8541-41e1-b5a3-028c73dad48a, user: test002, ready: 2 !  
[15:18:16.896] [2845 ] [WARN ] [run:151]	no data for input !!!! 
[15:18:16.896] [2845 ] [ERROR] [processMpcBusi:201]	MPC run failed ! taskID: 244ef96d-8541-41e1-b5a3-028c73dad48a  
[15:18:16.896] [2845 ] [WARN ] [processMpcBusi:237]	task processor cannot remove request task: 244ef96d-8541-41e1-b5a3-028c73dad48a ! 
[15:18:16.896] [2845 ] [WARN ] [processTask:130]	processor a MPC task: 244ef96d-8541-41e1-b5a3-028c73dad48a Failed ! 
[15:20:22.829] [14472] [ERROR] [Java_com_juzix_jugo_node_jni_NativeInterface_startTask:135]	commit a invite task to engine ok ! 
[15:20:22.836] [14475] [WARN ] [allReady:153]	busi allReady callback done,  task: c0366b40-c2a9-48b8-a033-09f63005f952, user: test002, ready: 2 !  
[15:20:22.842] [2847 ] [WARN ] [run:151]	no data for input !!!! 
[15:20:22.842] [2847 ] [ERROR] [processMpcBusi:201]	MPC run failed ! taskID: c0366b40-c2a9-48b8-a033-09f63005f952  
[15:20:22.842] [2847 ] [WARN ] [processMpcBusi:237]	task processor cannot remove request task: c0366b40-c2a9-48b8-a033-09f63005f952 ! 
[15:20:22.842] [2847 ] [WARN ] [processTask:130]	processor a MPC task: c0366b40-c2a9-48b8-a033-09f63005f952 Failed ! 
[15:24:02.776] [1791 ] [ERROR] [Java_com_juzix_jugo_node_jni_NativeInterface_startTask:135]	commit a invite task to engine ok ! 
[15:24:02.783] [1795 ] [WARN ] [allReady:153]	busi allReady callback done,  task: 4452d012-3425-499d-9f1f-fea0f036972f, user: test002, ready: 2 !  
[15:24:02.789] [2850 ] [WARN ] [run:151]	no data for input !!!! 
[15:24:02.789] [2850 ] [ERROR] [processMpcBusi:201]	MPC run failed ! taskID: 4452d012-3425-499d-9f1f-fea0f036972f  
[15:24:02.789] [2850 ] [WARN ] [processMpcBusi:237]	task processor cannot remove request task: 4452d012-3425-499d-9f1f-fea0f036972f ! 
[15:24:02.789] [2850 ] [WARN ] [processTask:130]	processor a MPC task: 4452d012-3425-499d-9f1f-fea0f036972f Failed ! 
[15:39:33.337] [3432 ] [ERROR] [Java_com_juzix_jugo_node_jni_NativeInterface_startTask:135]	commit a invite task to engine ok ! 
[15:39:33.345] [21266] [WARN ] [allReady:153]	busi allReady callback done,  task: 9fa4bbf2-6051-4165-89c2-d9f75ae2ff4a, user: test002, ready: 2 !  
[15:39:33.350] [2845 ] [WARN ] [run:151]	no data for input !!!! 
[15:39:33.350] [2845 ] [ERROR] [processMpcBusi:201]	MPC run failed ! taskID: 9fa4bbf2-6051-4165-89c2-d9f75ae2ff4a  
[15:39:33.350] [2845 ] [WARN ] [processMpcBusi:237]	task processor cannot remove request task: 9fa4bbf2-6051-4165-89c2-d9f75ae2ff4a ! 
[15:39:33.350] [2845 ] [WARN ] [processTask:130]	processor a MPC task: 9fa4bbf2-6051-4165-89c2-d9f75ae2ff4a Failed ! 
[15:40:07.038] [14250] [ERROR] [Java_com_juzix_jugo_node_jni_NativeInterface_startTask:135]	commit a invite task to engine ok ! 
[15:40:07.043] [21266] [WARN ] [allReady:153]	busi allReady callback done,  task: 20a810a4-f8b9-4505-9483-339924448bc0, user: test002, ready: 2 !  
[15:40:28.934] [2847 ] [WARN ] [processMpcBusi:237]	task processor cannot remove request task: 20a810a4-f8b9-4505-9483-339924448bc0 ! 
[15:40:28.934] [2847 ] [WARN ] [processTask:130]	processor a MPC task: 20a810a4-f8b9-4505-9483-339924448bc0 Failed ! 
[15:41:07.235] [14998] [ERROR] [Java_com_juzix_jugo_node_jni_NativeInterface_startTask:135]	commit a invite task to engine ok ! 
[15:41:07.248] [2856 ] [WARN ] [allReady:153]	busi allReady callback done,  task: 18fbf605-2c8f-41f6-ac8d-a849d006aee1, user: test002, ready: 2 !  
[15:41:07.253] [2850 ] [WARN ] [run:151]	no data for input !!!! 
[15:41:07.253] [2850 ] [ERROR] [processMpcBusi:201]	MPC run failed ! taskID: 18fbf605-2c8f-41f6-ac8d-a849d006aee1  
[15:41:07.253] [2850 ] [WARN ] [processMpcBusi:237]	task processor cannot remove request task: 18fbf605-2c8f-41f6-ac8d-a849d006aee1 ! 
[15:41:07.253] [2850 ] [WARN ] [processTask:130]	processor a MPC task: 18fbf605-2c8f-41f6-ac8d-a849d006aee1 Failed ! 
