[12:41:07.092] [7105 ] [INFO ] [JNI_OnLoad:24]	jvm onload success ! 
[12:41:07.093] [7105 ] [INFO ] [init:111]	JniNativeCallback init ok. 
[12:41:07.093] [7105 ] [INFO ] [init:108]	to init engine, user: test002, mode: 0, proxyEndpoint: ProxyGlacier2/router:tcp -h 202.114.114.46 -p 4502 -t 11000 
[12:41:07.093] [7105 ] [WARN ] [init:130]	Cannot find the --Mpc.Data=xxxxx config item ! 
[12:41:07.093] [7105 ] [INFO ] [init:156]	Not start node server ! use proxy forward ! 
[12:41:07.093] [7105 ] [INFO ] [MpcTaskDispatcher:43]	construct task dispatcher, with 3 processor, load balence is: 6000 
[12:41:07.093] [7105 ] [INFO ] [init:60]	INIT the processor: 0 ok 
[12:41:07.093] [7121 ] [INFO ] [operator():51]	task processor: 0 is running... 
[12:41:07.093] [7105 ] [INFO ] [init:60]	INIT the processor: 1 ok 
[12:41:07.093] [7121 ] [DEBUG] [popReadyTask:166]	to POP a ready task from ready queue to processor, now read_num: 0 ... 
[12:41:07.093] [7122 ] [INFO ] [operator():51]	task processor: 1 is running... 
[12:41:07.093] [7105 ] [INFO ] [init:60]	INIT the processor: 2 ok 
[12:41:07.093] [7123 ] [INFO ] [operator():51]	task processor: 2 is running... 
[12:41:07.093] [7105 ] [INFO ] [init:177]	INIT task dispatcher done ! 
[12:41:07.093] [7123 ] [DEBUG] [popReadyTask:166]	to POP a ready task from ready queue to processor, now read_num: 0 ... 
[12:41:07.093] [7122 ] [DEBUG] [popReadyTask:166]	to POP a ready task from ready queue to processor, now read_num: 0 ... 
[12:41:07.093] [7105 ] [INFO ] [init:40]	connect to busi proxy server endpoint: ProxyGlacier2/router:tcp -h 202.114.114.46 -p 4502 -t 11000 
[12:41:07.104] [7128 ] [INFO ] [connected:34]	to get session... 
[12:41:07.104] [7128 ] [INFO ] [connected:38]	to get create busi node callback... 
[12:41:07.104] [7128 ] [INFO ] [connected:45]	to set node callback... 
[12:41:07.106] [7128 ] [WARN ] [connected:54]	the busi session create success. 
[12:41:07.600] [7105 ] [INFO ] [init:69]	waiting for node busi client inited ... timeout 1s.. 
[12:41:07.600] [7105 ] [INFO ] [init:74]	the busi node communicator is prepared !!!! 
[12:41:07.600] [7105 ] [INFO ] [init:86]	INIT busi node client success. user: test002, proxyEndpoint: ProxyGlacier2/router:tcp -h 202.114.114.46 -p 4502 -t 11000 
[12:41:07.600] [7105 ] [INFO ] [init:187]	INIT busi node client done ! 
[12:41:07.600] [7105 ] [INFO ] [init:48]	ready process init ok. max request queue size: 3 
[12:41:07.600] [7105 ] [INFO ] [init:202]	Mpc engine init success. 
[12:41:07.600] [7149 ] [DEBUG] [popCommitTask:110]	to POP a commit task, task size: 0  ... 
[12:41:07.601] [7105 ] [INFO ] [Java_com_juzix_jugo_node_jni_NativeInterface_setDataLogLevel:155]	init the log to level: 3, data log state: 0 
[12:41:07.605] [7105 ] [ERROR] [Java_com_juzix_jugo_node_jni_NativeInterface_startTask:135]	commit a invite task to engine ok ! 
[12:41:12.942] [7126 ] [WARN ] [allReady:153]	busi allReady callback done,  task: 3f79321e-4024-4a76-8eaf-e9e01ddbca14, user: test002, ready: 2 !  
[12:41:32.761] [7121 ] [WARN ] [processMpcBusi:237]	task processor cannot remove request task: 3f79321e-4024-4a76-8eaf-e9e01ddbca14 ! 
[12:41:32.761] [7121 ] [WARN ] [processTask:130]	processor a MPC task: 3f79321e-4024-4a76-8eaf-e9e01ddbca14 Failed ! 
[12:43:45.257] [4861 ] [ERROR] [Java_com_juzix_jugo_node_jni_NativeInterface_startTask:135]	commit a invite task to engine ok ! 
[12:43:45.264] [20719] [WARN ] [allReady:153]	busi allReady callback done,  task: 1e4b73ac-f472-44e3-bb61-1cacbf89a0ad, user: test002, ready: 2 !  
[12:44:04.815] [7123 ] [WARN ] [processMpcBusi:237]	task processor cannot remove request task: 1e4b73ac-f472-44e3-bb61-1cacbf89a0ad ! 
[12:44:04.815] [7123 ] [WARN ] [processTask:130]	processor a MPC task: 1e4b73ac-f472-44e3-bb61-1cacbf89a0ad Failed ! 
[12:44:16.328] [7096 ] [ERROR] [Java_com_juzix_jugo_node_jni_NativeInterface_startTask:135]	commit a invite task to engine ok ! 
[12:44:16.332] [7126 ] [WARN ] [allReady:153]	busi allReady callback done,  task: 85776ba4-1300-4143-af2c-42cff564921d, user: test002, ready: 2 !  
[12:44:35.614] [7122 ] [WARN ] [processMpcBusi:237]	task processor cannot remove request task: 85776ba4-1300-4143-af2c-42cff564921d ! 
[12:44:35.614] [7122 ] [WARN ] [processTask:130]	processor a MPC task: 85776ba4-1300-4143-af2c-42cff564921d Failed ! 
[12:54:08.089] [4831 ] [ERROR] [Java_com_juzix_jugo_node_jni_NativeInterface_startTask:135]	commit a invite task to engine ok ! 
[12:54:08.096] [14438] [WARN ] [allReady:153]	busi allReady callback done,  task: 5c950907-78d5-41d7-841e-d3f97ecbc933, user: test002, ready: 2 !  
[12:54:23.624] [7121 ] [WARN ] [processMpcBusi:237]	task processor cannot remove request task: 5c950907-78d5-41d7-841e-d3f97ecbc933 ! 
[12:54:23.624] [7121 ] [WARN ] [processTask:130]	processor a MPC task: 5c950907-78d5-41d7-841e-d3f97ecbc933 Failed ! 
[16:06:27.054] [4849 ] [ERROR] [Java_com_juzix_jugo_node_jni_NativeInterface_startTask:135]	commit a invite task to engine ok ! 
[16:06:27.061] [14438] [WARN ] [allReady:153]	busi allReady callback done,  task: cc6db3a3-3e37-4125-ae26-26d880f9a709, user: test002, ready: 2 !  
[16:06:44.177] [7123 ] [WARN ] [processMpcBusi:237]	task processor cannot remove request task: cc6db3a3-3e37-4125-ae26-26d880f9a709 ! 
[16:06:44.177] [7123 ] [WARN ] [processTask:130]	processor a MPC task: cc6db3a3-3e37-4125-ae26-26d880f9a709 Failed ! 
[16:08:17.171] [4861 ] [ERROR] [Java_com_juzix_jugo_node_jni_NativeInterface_startTask:135]	commit a invite task to engine ok ! 
[16:08:17.178] [15055] [WARN ] [allReady:153]	busi allReady callback done,  task: b4fcf2f6-9db0-4074-8905-d9aaa4ba4cde, user: test002, ready: 2 !  
[16:08:33.507] [7122 ] [WARN ] [processMpcBusi:237]	task processor cannot remove request task: b4fcf2f6-9db0-4074-8905-d9aaa4ba4cde ! 
[16:08:33.507] [7122 ] [WARN ] [processTask:130]	processor a MPC task: b4fcf2f6-9db0-4074-8905-d9aaa4ba4cde Failed ! 
