[17:24:42.531] [10748] [INFO ] [JNI_OnLoad:24]	jvm onload success ! 
[17:24:42.532] [10748] [INFO ] [init:111]	JniNativeCallback init ok. 
[17:24:42.532] [10748] [INFO ] [init:108]	to init engine, user: test002, mode: 0, proxyEndpoint: ProxyGlacier2/router:tcp -h 202.114.114.46 -p 4502 -t 11000 
[17:24:42.532] [10748] [WARN ] [init:130]	Cannot find the --Mpc.Data=xxxxx config item ! 
[17:24:42.532] [10748] [INFO ] [init:156]	Not start node server ! use proxy forward ! 
[17:24:42.532] [10748] [INFO ] [MpcTaskDispatcher:43]	construct task dispatcher, with 3 processor, load balence is: 6000 
[17:24:42.532] [10748] [INFO ] [init:60]	INIT the processor: 0 ok 
[17:24:42.532] [10757] [INFO ] [operator():51]	task processor: 0 is running... 
[17:24:42.532] [10748] [INFO ] [init:60]	INIT the processor: 1 ok 
[17:24:42.532] [10757] [DEBUG] [popReadyTask:166]	to POP a ready task from ready queue to processor, now read_num: 0 ... 
[17:24:42.532] [10748] [INFO ] [init:60]	INIT the processor: 2 ok 
[17:24:42.532] [10759] [INFO ] [operator():51]	task processor: 2 is running... 
[17:24:42.532] [10758] [INFO ] [operator():51]	task processor: 1 is running... 
[17:24:42.532] [10758] [DEBUG] [popReadyTask:166]	to POP a ready task from ready queue to processor, now read_num: 0 ... 
[17:24:42.532] [10759] [DEBUG] [popReadyTask:166]	to POP a ready task from ready queue to processor, now read_num: 0 ... 
[17:24:42.532] [10748] [INFO ] [init:177]	INIT task dispatcher done ! 
[17:24:42.533] [10748] [INFO ] [init:40]	connect to busi proxy server endpoint: ProxyGlacier2/router:tcp -h 202.114.114.46 -p 4502 -t 11000 
[17:24:42.545] [10765] [INFO ] [connected:34]	to get session... 
[17:24:42.545] [10765] [INFO ] [connected:38]	to get create busi node callback... 
[17:24:42.546] [10765] [INFO ] [connected:45]	to set node callback... 
[17:24:42.547] [10765] [WARN ] [connected:54]	the busi session create success. 
[17:24:43.041] [10748] [INFO ] [init:69]	waiting for node busi client inited ... timeout 1s.. 
[17:24:43.041] [10748] [INFO ] [init:74]	the busi node communicator is prepared !!!! 
[17:24:43.041] [10748] [INFO ] [init:86]	INIT busi node client success. user: test002, proxyEndpoint: ProxyGlacier2/router:tcp -h 202.114.114.46 -p 4502 -t 11000 
[17:24:43.041] [10748] [INFO ] [init:187]	INIT busi node client done ! 
[17:24:43.041] [10748] [INFO ] [init:48]	ready process init ok. max request queue size: 3 
[17:24:43.041] [10827] [DEBUG] [popCommitTask:110]	to POP a commit task, task size: 0  ... 
[17:24:43.041] [10748] [INFO ] [init:202]	Mpc engine init success. 
[17:24:43.042] [10748] [INFO ] [Java_com_juzix_jugo_node_jni_NativeInterface_setDataLogLevel:155]	init the log to level: 3, data log state: 0 
[17:24:43.045] [10748] [ERROR] [Java_com_juzix_jugo_node_jni_NativeInterface_startTask:135]	commit a invite task to engine ok ! 
[17:24:48.634] [10764] [WARN ] [allReady:153]	busi allReady callback done,  task: 710912ea-0197-455c-b4db-59cdfc616287, user: test002, ready: 2 !  
[17:25:08.762] [10757] [WARN ] [consumeBuffer:308]	consume buffer for task: 710912ea-0197-455c-b4db-59cdfc616287, time to timeout; 20, cost time: 20.116520, case 1 ! 
[17:25:08.762] [10757] [WARN ] [recv_data_impl:162]	consume buffer failed, this run of the task: 710912ea-0197-455c-b4db-59cdfc616287 exec failed! 
[17:25:08.762] [10757] [WARN ] [recv_data:44]	recv data exception, network error or connection closed . ret=-2 
[17:25:08.762] [10757] [WARN ] [fetchSessionID:136]	alice: recv bob response of session failed ! 
[17:25:08.762] [10757] [WARN ] [pre_run:257]	fetch session id failed ! 
[17:25:08.762] [10757] [ERROR] [pre_run:312]	label executor pre run failed ! 
[17:25:08.762] [10757] [ERROR] [alice_run:173]	mpc alice pre run failed ! 
[17:25:08.762] [10757] [ERROR] [run:181]	alice run mpc failed ! 
[17:25:08.762] [10757] [ERROR] [processMpcBusi:201]	MPC run failed ! taskID: 710912ea-0197-455c-b4db-59cdfc616287  
[17:25:08.762] [10757] [WARN ] [processMpcBusi:237]	task processor cannot remove request task: 710912ea-0197-455c-b4db-59cdfc616287 ! 
[17:25:08.762] [10757] [WARN ] [processTask:130]	processor a MPC task: 710912ea-0197-455c-b4db-59cdfc616287 Failed ! 
