[20:31:02.863] [18097] [INFO ] [JNI_OnLoad:24]	jvm onload success ! 
[20:31:02.864] [18097] [INFO ] [init:111]	JniNativeCallback init ok. 
[20:31:02.864] [18097] [INFO ] [init:136]	to init engine, user: test002, mode: 0, proxyEndpoint: ProxyGlacier2/router:tcp -h 202.114.114.46 -p 4502 -t 11000 
[20:31:02.864] [18097] [WARN ] [init:158]	Cannot find the --Mpc.Data=xxxxx config item ! 
[20:31:02.864] [18097] [WARN ] [init:178]	Cannot find the --Mpc.Circuits=xxxxx config item ! not preload circuits !! 
[20:31:02.864] [18097] [INFO ] [init:188]	preload circuits ok ! 
[20:31:02.864] [18097] [INFO ] [init:212]	Not start node server ! use proxy forward ! 
[20:31:02.864] [18097] [INFO ] [MpcTaskDispatcher:39]	construct task dispatcher, with 8 processor, load balence is: 16384 
[20:31:02.864] [18097] [INFO ] [init:63]	INIT the processor: 0, type: 0 ok 
[20:31:02.864] [18098] [INFO ] [operator():54]	task processor: 0 is running... 
[20:31:02.864] [18097] [INFO ] [init:63]	INIT the processor: 1, type: 0 ok 
[20:31:02.864] [18098] [INFO ] [popInvitorReadyTask:270]	to POP a ready task from ready invitor queue to processor, now read_num: 0 ... 
[20:31:02.864] [18097] [INFO ] [init:63]	INIT the processor: 2, type: 0 ok 
[20:31:02.864] [18100] [INFO ] [operator():54]	task processor: 2 is running... 
[20:31:02.864] [18097] [INFO ] [init:63]	INIT the processor: 3, type: 0 ok 
[20:31:02.864] [18100] [INFO ] [popInvitorReadyTask:270]	to POP a ready task from ready invitor queue to processor, now read_num: 0 ... 
[20:31:02.864] [18097] [INFO ] [init:63]	INIT the processor: 4, type: 1 ok 
[20:31:02.864] [18102] [INFO ] [operator():54]	task processor: 4 is running... 
[20:31:02.864] [18097] [INFO ] [init:63]	INIT the processor: 5, type: 1 ok 
[20:31:02.864] [18102] [INFO ] [popInviteeReadyTask:208]	to POP a ready task from ready invitee queue to processor, now read_num: 0 ... 
[20:31:02.864] [18101] [INFO ] [operator():54]	task processor: 3 is running... 
[20:31:02.864] [18101] [INFO ] [popInvitorReadyTask:270]	to POP a ready task from ready invitor queue to processor, now read_num: 0 ... 
[20:31:02.864] [18097] [INFO ] [init:63]	INIT the processor: 6, type: 1 ok 
[20:31:02.864] [18104] [INFO ] [operator():54]	task processor: 6 is running... 
[20:31:02.864] [18097] [INFO ] [init:63]	INIT the processor: 7, type: 1 ok 
[20:31:02.864] [18103] [INFO ] [operator():54]	task processor: 5 is running... 
[20:31:02.865] [18104] [INFO ] [popInviteeReadyTask:208]	to POP a ready task from ready invitee queue to processor, now read_num: 0 ... 
[20:31:02.865] [18097] [INFO ] [init:234]	INIT task dispatcher done ! 
[20:31:02.865] [18105] [INFO ] [operator():54]	task processor: 7 is running... 
[20:31:02.865] [18105] [INFO ] [popInviteeReadyTask:208]	to POP a ready task from ready invitee queue to processor, now read_num: 0 ... 
[20:31:02.865] [18097] [INFO ] [init:64]	connect to busi proxy server endpoint: ProxyGlacier2/router:tcp -h 202.114.114.46 -p 4502 -t 11000 
[20:31:02.869] [18103] [INFO ] [popInviteeReadyTask:208]	to POP a ready task from ready invitee queue to processor, now read_num: 0 ... 
[20:31:02.869] [18099] [INFO ] [operator():54]	task processor: 1 is running... 
[20:31:02.869] [18099] [INFO ] [popInvitorReadyTask:270]	to POP a ready task from ready invitor queue to processor, now read_num: 0 ... 
[20:31:02.872] [18110] [WARN ] [connectFailed:67]	connect to jugo proxy failed. 
[20:31:03.371] [18097] [INFO ] [init:69]	waiting for node busi client inited ... timeout 1s.. 
[20:31:03.871] [18097] [INFO ] [init:69]	waiting for node busi client inited ... timeout 1s.. 
[20:31:04.372] [18097] [INFO ] [init:69]	waiting for node busi client inited ... timeout 1s.. 
[20:31:04.872] [18097] [INFO ] [init:69]	waiting for node busi client inited ... timeout 1s.. 
[20:31:05.372] [18097] [INFO ] [init:69]	waiting for node busi client inited ... timeout 1s.. 
[20:31:05.872] [18097] [INFO ] [init:69]	waiting for node busi client inited ... timeout 1s.. 
[20:31:06.372] [18097] [INFO ] [init:69]	waiting for node busi client inited ... timeout 1s.. 
[20:31:06.873] [18097] [INFO ] [init:69]	waiting for node busi client inited ... timeout 1s.. 
[20:31:07.373] [18097] [INFO ] [init:69]	waiting for node busi client inited ... timeout 1s.. 
[20:31:07.873] [18097] [INFO ] [init:69]	waiting for node busi client inited ... timeout 1s.. 
[20:31:07.873] [18097] [INFO ] [init:81]	timeout for node busi client inited ! exit 
[20:31:07.873] [18097] [ERROR] [init:241]	INIT busi node client failed ! 
[20:31:07.873] [18097] [INFO ] [Java_com_juzix_jugo_node_jni_NativeInterface_initContext:96]	INIT mpc engine failed  !!! [BAD NEWS] !!! 
[20:31:07.874] [18097] [INFO ] [Java_com_juzix_jugo_node_jni_NativeInterface_setDataLogLevel:155]	init the log to level: 3, data log state: 0 
[20:31:07.877] [18097] [ERROR] [Java_com_juzix_jugo_node_jni_NativeInterface_startTask:135]	commit a invite task to engine ok ! 
[20:31:07.943] [18097] [ERROR] [Java_com_juzix_jugo_node_jni_NativeInterface_startTask:135]	commit a invite task to engine ok ! 
[20:31:07.954] [18097] [ERROR] [Java_com_juzix_jugo_node_jni_NativeInterface_startTask:135]	commit a invite task to engine ok ! 
