[21:08:45.659] [21695] [INFO ] [JNI_OnLoad:24]	jvm onload success ! 
[21:08:45.660] [21695] [INFO ] [init:111]	JniNativeCallback init ok. 
[21:08:45.660] [21695] [INFO ] [init:136]	to init engine, user: test002, mode: 0, proxyEndpoint: ProxyGlacier2/router:tcp -h 202.114.114.46 -p 4502 -t 11000 
[21:08:45.660] [21695] [WARN ] [init:158]	Cannot find the --Mpc.Data=xxxxx config item ! 
[21:08:45.660] [21695] [WARN ] [init:178]	Cannot find the --Mpc.Circuits=xxxxx config item ! not preload circuits !! 
[21:08:45.660] [21695] [INFO ] [init:188]	preload circuits ok ! 
[21:08:45.660] [21695] [INFO ] [init:212]	Not start node server ! use proxy forward ! 
[21:08:45.661] [21695] [INFO ] [MpcTaskDispatcher:39]	construct task dispatcher, with 8 processor, load balence is: 16384 
[21:08:45.661] [21695] [INFO ] [init:63]	INIT the processor: 0, type: 0 ok 
[21:08:45.661] [21697] [INFO ] [operator():54]	task processor: 0 is running... 
[21:08:45.661] [21695] [INFO ] [init:63]	INIT the processor: 1, type: 0 ok 
[21:08:45.661] [21698] [INFO ] [operator():54]	task processor: 1 is running... 
[21:08:45.661] [21699] [INFO ] [operator():54]	task processor: 2 is running... 
[21:08:45.661] [21697] [INFO ] [popInvitorReadyTask:270]	to POP a ready task from ready invitor queue to processor, now read_num: 0 ... 
[21:08:45.661] [21695] [INFO ] [init:63]	INIT the processor: 2, type: 0 ok 
[21:08:45.661] [21699] [INFO ] [popInvitorReadyTask:270]	to POP a ready task from ready invitor queue to processor, now read_num: 0 ... 
[21:08:45.661] [21698] [INFO ] [popInvitorReadyTask:270]	to POP a ready task from ready invitor queue to processor, now read_num: 0 ... 
[21:08:45.661] [21695] [INFO ] [init:63]	INIT the processor: 3, type: 0 ok 
[21:08:45.661] [21700] [INFO ] [operator():54]	task processor: 3 is running... 
[21:08:45.661] [21695] [INFO ] [init:63]	INIT the processor: 4, type: 1 ok 
[21:08:45.661] [21700] [INFO ] [popInvitorReadyTask:270]	to POP a ready task from ready invitor queue to processor, now read_num: 0 ... 
[21:08:45.661] [21701] [INFO ] [operator():54]	task processor: 4 is running... 
[21:08:45.661] [21701] [INFO ] [popInviteeReadyTask:208]	to POP a ready task from ready invitee queue to processor, now read_num: 0 ... 
[21:08:45.662] [21695] [INFO ] [init:63]	INIT the processor: 5, type: 1 ok 
[21:08:45.662] [21702] [INFO ] [operator():54]	task processor: 5 is running... 
[21:08:45.662] [21695] [INFO ] [init:63]	INIT the processor: 6, type: 1 ok 
[21:08:45.662] [21702] [INFO ] [popInviteeReadyTask:208]	to POP a ready task from ready invitee queue to processor, now read_num: 0 ... 
[21:08:45.662] [21703] [INFO ] [operator():54]	task processor: 6 is running... 
[13:08:45.662] [21695] [INFO ] [init:63]	INIT the processor: 7, type: 1 ok 
[21:08:45.662] [21703] [INFO ] [popInviteeReadyTask:208]	to POP a ready task from ready invitee queue to processor, now read_num: 0 ... 
[21:08:45.662] [21695] [INFO ] [init:234]	INIT task dispatcher done ! 
[21:08:45.662] [21704] [INFO ] [operator():54]	task processor: 7 is running... 
[21:08:45.662] [21704] [INFO ] [popInviteeReadyTask:208]	to POP a ready task from ready invitee queue to processor, now read_num: 0 ... 
[21:08:45.663] [21695] [INFO ] [init:64]	connect to busi proxy server endpoint: ProxyGlacier2/router:tcp -h 202.114.114.46 -p 4502 -t 11000 
[21:08:45.669] [21709] [WARN ] [connectFailed:67]	connect to jugo proxy failed. 
[21:08:46.168] [21695] [INFO ] [init:69]	waiting for node busi client inited ... timeout 1s.. 
[21:08:46.668] [21695] [INFO ] [init:69]	waiting for node busi client inited ... timeout 1s.. 
[21:08:47.169] [21695] [INFO ] [init:69]	waiting for node busi client inited ... timeout 1s.. 
[21:08:47.669] [21695] [INFO ] [init:69]	waiting for node busi client inited ... timeout 1s.. 
[21:08:48.169] [21695] [INFO ] [init:69]	waiting for node busi client inited ... timeout 1s.. 
[21:08:48.669] [21695] [INFO ] [init:69]	waiting for node busi client inited ... timeout 1s.. 
[21:08:49.169] [21695] [INFO ] [init:69]	waiting for node busi client inited ... timeout 1s.. 
[21:08:49.669] [21695] [INFO ] [init:69]	waiting for node busi client inited ... timeout 1s.. 
[21:08:50.169] [21695] [INFO ] [init:69]	waiting for node busi client inited ... timeout 1s.. 
[21:08:50.670] [21695] [INFO ] [init:69]	waiting for node busi client inited ... timeout 1s.. 
[21:08:50.670] [21695] [INFO ] [init:81]	timeout for node busi client inited ! exit 
[21:08:50.670] [21695] [ERROR] [init:241]	INIT busi node client failed ! 
[21:08:50.670] [21695] [INFO ] [Java_com_juzix_jugo_node_jni_NativeInterface_initContext:96]	INIT mpc engine failed  !!! [BAD NEWS] !!! 
[21:08:50.670] [21695] [INFO ] [Java_com_juzix_jugo_node_jni_NativeInterface_setDataLogLevel:155]	init the log to level: 3, data log state: 0 
[21:08:50.674] [21695] [ERROR] [Java_com_juzix_jugo_node_jni_NativeInterface_startTask:135]	commit a invite task to engine ok ! 
[21:17:55.800] [22532] [ERROR] [Java_com_juzix_jugo_node_jni_NativeInterface_startTask:135]	commit a invite task to engine ok ! 
[21:21:05.839] [22778] [ERROR] [Java_com_juzix_jugo_node_jni_NativeInterface_startTask:135]	commit a invite task to engine ok ! 
[21:55:50.145] [25995] [ERROR] [Java_com_juzix_jugo_node_jni_NativeInterface_startTask:135]	commit a invite task to engine ok ! 
