[17:44:03.319] [29288] [INFO ] [JNI_OnLoad:24]	jvm onload success ! 
[17:44:03.319] [29288] [INFO ] [init:111]	JniNativeCallback init ok. 
[17:44:03.319] [29288] [INFO ] [init:136]	to init engine, user: test002, mode: 0, proxyEndpoint: ProxyGlacier2/router:tcp -h 202.114.114.46 -p 4502 -t 11000 
[17:44:03.319] [29288] [WARN ] [init:158]	Cannot find the --Mpc.Data=xxxxx config item ! 
[17:44:03.319] [29288] [WARN ] [init:178]	Cannot find the --Mpc.Circuits=xxxxx config item ! not preload circuits !! 
[17:44:03.319] [29288] [INFO ] [init:188]	preload circuits ok ! 
[17:44:03.319] [29288] [INFO ] [init:212]	Not start node server ! use proxy forward ! 
[17:44:03.319] [29288] [INFO ] [MpcTaskDispatcher:39]	construct task dispatcher, with 8 processor, load balence is: 16384 
[17:44:03.319] [29288] [INFO ] [init:63]	INIT the processor: 0, type: 0 ok 
[17:44:03.319] [29288] [INFO ] [init:63]	INIT the processor: 1, type: 0 ok 
[17:44:03.319] [29291] [INFO ] [operator():54]	task processor: 1 is running... 
[17:44:03.320] [29290] [INFO ] [operator():54]	task processor: 0 is running... 
[17:44:03.320] [29292] [INFO ] [operator():54]	task processor: 2 is running... 
[17:44:03.320] [29288] [INFO ] [init:63]	INIT the processor: 2, type: 0 ok 
[17:44:03.320] [29291] [INFO ] [popInvitorReadyTask:270]	to POP a ready task from ready invitor queue to processor, now read_num: 0 ... 
[17:44:03.320] [29290] [INFO ] [popInvitorReadyTask:270]	to POP a ready task from ready invitor queue to processor, now read_num: 0 ... 
[17:44:03.320] [29292] [INFO ] [popInvitorReadyTask:270]	to POP a ready task from ready invitor queue to processor, now read_num: 0 ... 
[17:44:03.320] [29293] [INFO ] [operator():54]	task processor: 3 is running... 
[17:44:03.320] [29288] [INFO ] [init:63]	INIT the processor: 3, type: 0 ok 
[17:44:03.320] [29293] [INFO ] [popInvitorReadyTask:270]	to POP a ready task from ready invitor queue to processor, now read_num: 0 ... 
[17:44:03.320] [29288] [INFO ] [init:63]	INIT the processor: 4, type: 1 ok 
[17:44:03.320] [29294] [INFO ] [operator():54]	task processor: 4 is running... 
[17:44:03.320] [29288] [INFO ] [init:63]	INIT the processor: 5, type: 1 ok 
[17:44:03.320] [29295] [INFO ] [operator():54]	task processor: 5 is running... 
[17:44:03.320] [29294] [INFO ] [popInviteeReadyTask:208]	to POP a ready task from ready invitee queue to processor, now read_num: 0 ... 
[17:44:03.320] [29288] [INFO ] [init:63]	INIT the processor: 6, type: 1 ok 
[17:44:03.320] [29295] [INFO ] [popInviteeReadyTask:208]	to POP a ready task from ready invitee queue to processor, now read_num: 0 ... 
[17:44:03.320] [29296] [INFO ] [operator():54]	task processor: 6 is running... 
[17:44:03.320] [29288] [INFO ] [init:63]	INIT the processor: 7, type: 1 ok 
[17:44:03.320] [29297] [INFO ] [operator():54]	task processor: 7 is running... 
[17:44:03.320] [29296] [INFO ] [popInviteeReadyTask:208]	to POP a ready task from ready invitee queue to processor, now read_num: 0 ... 
[17:44:03.320] [29297] [INFO ] [popInviteeReadyTask:208]	to POP a ready task from ready invitee queue to processor, now read_num: 0 ... 
[17:44:03.320] [29288] [INFO ] [init:234]	INIT task dispatcher done ! 
[17:44:03.321] [29288] [INFO ] [init:64]	connect to busi proxy server endpoint: ProxyGlacier2/router:tcp -h 202.114.114.46 -p 4502 -t 11000 
[17:44:03.331] [29302] [INFO ] [connected:34]	to get session... 
[17:44:03.331] [29302] [INFO ] [connected:38]	to get create busi node callback... 
[17:44:03.331] [29302] [INFO ] [connected:46]	to set node callback, public endpoint: ProxyGlacier2/router:tcp -h 202.114.114.46 -p 4502 -t 11000, user: test002 ... 
[17:44:03.333] [29302] [WARN ] [connected:55]	the busi session create success. 
[17:44:03.826] [29288] [INFO ] [init:69]	waiting for node busi client inited ... timeout 1s.. 
[17:44:03.826] [29288] [INFO ] [init:74]	the busi node communicator is prepared !!!! 
[17:44:03.826] [29288] [INFO ] [init:86]	INIT busi node client success. user: test002, proxyEndpoint: ProxyGlacier2/router:tcp -h 202.114.114.46 -p 4502 -t 11000 
[17:44:03.826] [29288] [INFO ] [init:244]	INIT busi node client done ! 
[17:44:03.826] [29288] [INFO ] [init:48]	input ready process init ok. 
[17:44:03.826] [29288] [INFO ] [init:253]	INIT input ready processor done ! 
[17:44:03.826] [29288] [INFO ] [init:48]	ready process init ok. max request queue size: 4 
[17:44:03.826] [29288] [INFO ] [init:263]	INIT ready processor done ! 
[17:44:03.826] [29288] [INFO ] [init:269]	Mpc engine init success. 
[17:44:03.827] [29324] [INFO ] [popCommitTask:127]	to POP a commit task, task size: 0  ... 
[17:44:03.827] [29288] [INFO ] [Java_com_juzix_jugo_node_jni_NativeInterface_setDataLogLevel:155]	init the log to level: 3, data log state: 0 
[17:44:03.831] [29288] [ERROR] [Java_com_juzix_jugo_node_jni_NativeInterface_startTask:135]	commit a invite task to engine ok ! 
