[14:55:52.985] [24980] [INFO ] [JNI_OnLoad:24]	jvm onload success ! 
[14:55:52.985] [24980] [INFO ] [init:111]	JniNativeCallback init ok. 
[14:55:52.985] [24980] [INFO ] [init:136]	to init engine, user: test002, mode: 0, proxyEndpoint: ProxyGlacier2/router:tcp -h 202.114.114.46 -p 4502 -t 11000 
[14:55:52.985] [24980] [WARN ] [init:158]	Cannot find the --Mpc.Data=xxxxx config item ! 
[14:55:52.985] [24980] [INFO ] [parseCircuits:365]	** preload circuit:  /home/lmars/gc/moran103.gc 
[14:55:52.985] [24980] [INFO ] [init:172]	the --Mpc.Circuits=/home/lmars/gc/moran103.gc is set ! 
[14:55:54.188] [24980] [INFO ] [resolveCiruit:326]	** circuit resolve => circuit: /home/lmars/gc/moran103.gc , gates: 3192727, andGate: 891815, wires: 3199319, cost time: 1.202729 seconds, speed: 2654568.817353 (gc / second) ** 
[14:55:54.188] [24980] [INFO ] [CircuitFile:108]	circuit: /home/lmars/gc/moran103.gc,  hash: 1AB21D8355CFA17F8E61194831E81A8F22BEC8C728FEFB747ED035EB5082AA2B 
[14:55:54.188] [24980] [INFO ] [init:188]	preload circuits ok ! 
[14:55:54.188] [24980] [INFO ] [init:212]	Not start node server ! use proxy forward ! 
[14:55:54.189] [24980] [INFO ] [MpcTaskDispatcher:39]	construct task dispatcher, with 8 processor, load balence is: 16384 
[14:55:54.189] [24980] [INFO ] [init:63]	INIT the processor: 0, type: 0 ok 
[14:55:54.189] [25100] [INFO ] [operator():54]	task processor: 0 is running... 
[14:55:54.189] [24980] [INFO ] [init:63]	INIT the processor: 1, type: 0 ok 
[14:55:54.189] [25100] [INFO ] [popInvitorReadyTask:270]	to POP a ready task from ready invitor queue to processor, now read_num: 0 ... 
[14:55:54.190] [24980] [INFO ] [init:63]	INIT the processor: 2, type: 0 ok 
[14:55:54.190] [25102] [INFO ] [operator():54]	task processor: 2 is running... 
[06:55:54.189] [25101] [INFO ] [operator():54]	task processor: 1 is running... 
[14:55:54.190] [25102] [INFO ] [popInvitorReadyTask:270]	to POP a ready task from ready invitor queue to processor, now read_num: 0 ... 
[14:55:54.190] [24980] [INFO ] [init:63]	INIT the processor: 3, type: 0 ok 
[14:55:54.190] [25101] [INFO ] [popInvitorReadyTask:270]	to POP a ready task from ready invitor queue to processor, now read_num: 0 ... 
[14:55:54.190] [24980] [INFO ] [init:63]	INIT the processor: 4, type: 1 ok 
[14:55:54.190] [24980] [INFO ] [init:63]	INIT the processor: 5, type: 1 ok 
[14:55:54.190] [24980] [INFO ] [init:63]	INIT the processor: 6, type: 1 ok 
[14:55:54.190] [24980] [INFO ] [init:63]	INIT the processor: 7, type: 1 ok 
[14:55:54.190] [24980] [INFO ] [init:234]	INIT task dispatcher done ! 
[14:55:54.190] [25104] [INFO ] [operator():54]	task processor: 4 is running... 
[14:55:54.190] [25104] [INFO ] [popInviteeReadyTask:208]	to POP a ready task from ready invitee queue to processor, now read_num: 0 ... 
[14:55:54.190] [25107] [INFO ] [operator():54]	task processor: 7 is running... 
[14:55:54.190] [25107] [INFO ] [popInviteeReadyTask:208]	to POP a ready task from ready invitee queue to processor, now read_num: 0 ... 
[14:55:54.191] [24980] [INFO ] [init:64]	connect to busi proxy server endpoint: ProxyGlacier2/router:tcp -h 202.114.114.46 -p 4502 -t 11000 
[14:55:54.193] [25105] [INFO ] [operator():54]	task processor: 5 is running... 
[14:55:54.193] [25105] [INFO ] [popInviteeReadyTask:208]	to POP a ready task from ready invitee queue to processor, now read_num: 0 ... 
[14:55:54.193] [25103] [INFO ] [operator():54]	task processor: 3 is running... 
[14:55:54.193] [25103] [INFO ] [popInvitorReadyTask:270]	to POP a ready task from ready invitor queue to processor, now read_num: 0 ... 
[14:55:54.193] [25106] [INFO ] [operator():54]	task processor: 6 is running... 
[14:55:54.193] [25106] [INFO ] [popInviteeReadyTask:208]	to POP a ready task from ready invitee queue to processor, now read_num: 0 ... 
[14:55:54.203] [25112] [INFO ] [connected:34]	to get session... 
[14:55:54.203] [25112] [INFO ] [connected:38]	to get create busi node callback... 
[14:55:54.203] [25112] [INFO ] [connected:46]	to set node callback, public endpoint: ProxyGlacier2/router:tcp -h 202.114.114.46 -p 4502 -t 11000, user: test002 ... 
[14:55:54.205] [25112] [WARN ] [connected:55]	the busi session create success. 
[14:55:54.698] [24980] [INFO ] [init:69]	waiting for node busi client inited ... timeout 1s.. 
[14:55:54.698] [24980] [INFO ] [init:74]	the busi node communicator is prepared !!!! 
[14:55:54.698] [24980] [INFO ] [init:86]	INIT busi node client success. user: test002, proxyEndpoint: ProxyGlacier2/router:tcp -h 202.114.114.46 -p 4502 -t 11000 
[14:55:54.698] [24980] [INFO ] [init:244]	INIT busi node client done ! 
[14:55:54.698] [24980] [INFO ] [init:48]	input ready process init ok. 
[14:55:54.698] [24980] [INFO ] [init:253]	INIT input ready processor done ! 
[14:55:54.698] [24980] [INFO ] [init:48]	ready process init ok. max request queue size: 4 
[14:55:54.698] [24980] [INFO ] [init:263]	INIT ready processor done ! 
[14:55:54.698] [24980] [INFO ] [init:269]	Mpc engine init success. 
[14:55:54.698] [24980] [INFO ] [Java_com_juzix_jugo_node_jni_NativeInterface_setDataLogLevel:155]	init the log to level: 3, data log state: 0 
[14:55:54.702] [24980] [ERROR] [Java_com_juzix_jugo_node_jni_NativeInterface_startTask:135]	commit a invite task to engine ok ! 
[14:55:54.737] [25110] [WARN ] [MpcMemPool:42]	the mempool construction, size: 134217728, mem: 0x7f9380638010 
[14:55:54.756] [24980] [ERROR] [Java_com_juzix_jugo_node_jni_NativeInterface_startTask:135]	commit a invite task to engine ok ! 
[14:55:54.764] [24980] [ERROR] [Java_com_juzix_jugo_node_jni_NativeInterface_startTask:135]	commit a invite task to engine ok ! 
[14:55:54.779] [24980] [ERROR] [Java_com_juzix_jugo_node_jni_NativeInterface_startTask:135]	commit a invite task to engine ok ! 
[14:55:54.787] [24980] [ERROR] [Java_com_juzix_jugo_node_jni_NativeInterface_startTask:135]	commit a invite task to engine ok ! 
[14:55:54.810] [24980] [ERROR] [Java_com_juzix_jugo_node_jni_NativeInterface_startTask:135]	commit a invite task to engine ok ! 
[14:55:54.822] [24980] [ERROR] [Java_com_juzix_jugo_node_jni_NativeInterface_startTask:135]	commit a invite task to engine ok ! 
[14:55:54.827] [24980] [ERROR] [Java_com_juzix_jugo_node_jni_NativeInterface_startTask:135]	commit a invite task to engine ok ! 
[14:55:54.831] [24980] [ERROR] [Java_com_juzix_jugo_node_jni_NativeInterface_startTask:135]	commit a invite task to engine ok ! 
[14:55:54.834] [24980] [ERROR] [Java_com_juzix_jugo_node_jni_NativeInterface_startTask:135]	commit a invite task to engine ok ! 
[14:55:54.838] [24980] [ERROR] [Java_com_juzix_jugo_node_jni_NativeInterface_startTask:135]	commit a invite task to engine ok ! 
[14:55:54.843] [24980] [ERROR] [Java_com_juzix_jugo_node_jni_NativeInterface_startTask:135]	commit a invite task to engine ok ! 
[14:55:54.847] [24980] [ERROR] [Java_com_juzix_jugo_node_jni_NativeInterface_startTask:135]	commit a invite task to engine ok ! 
[14:55:54.852] [24980] [ERROR] [Java_com_juzix_jugo_node_jni_NativeInterface_startTask:135]	commit a invite task to engine ok ! 
[14:55:54.855] [24980] [ERROR] [Java_com_juzix_jugo_node_jni_NativeInterface_startTask:135]	commit a invite task to engine ok ! 
[14:55:54.860] [24980] [ERROR] [Java_com_juzix_jugo_node_jni_NativeInterface_startTask:135]	commit a invite task to engine ok ! 
[14:55:54.863] [24980] [ERROR] [Java_com_juzix_jugo_node_jni_NativeInterface_startTask:135]	commit a invite task to engine ok ! 
[14:55:54.867] [24980] [ERROR] [Java_com_juzix_jugo_node_jni_NativeInterface_startTask:135]	commit a invite task to engine ok ! 
[14:55:54.870] [24980] [ERROR] [Java_com_juzix_jugo_node_jni_NativeInterface_startTask:135]	commit a invite task to engine ok ! 
[14:55:54.873] [24980] [ERROR] [Java_com_juzix_jugo_node_jni_NativeInterface_startTask:135]	commit a invite task to engine ok ! 
[14:55:54.876] [24980] [ERROR] [Java_com_juzix_jugo_node_jni_NativeInterface_startTask:135]	commit a invite task to engine ok ! 
[14:55:54.881] [24980] [ERROR] [Java_com_juzix_jugo_node_jni_NativeInterface_startTask:135]	commit a invite task to engine ok ! 
[14:55:54.884] [24980] [ERROR] [Java_com_juzix_jugo_node_jni_NativeInterface_startTask:135]	commit a invite task to engine ok ! 
[14:55:54.887] [24980] [ERROR] [Java_com_juzix_jugo_node_jni_NativeInterface_startTask:135]	commit a invite task to engine ok ! 
[14:55:54.890] [24980] [ERROR] [Java_com_juzix_jugo_node_jni_NativeInterface_startTask:135]	commit a invite task to engine ok ! 
[14:55:54.893] [24980] [ERROR] [Java_com_juzix_jugo_node_jni_NativeInterface_startTask:135]	commit a invite task to engine ok ! 
[14:55:54.896] [24980] [ERROR] [Java_com_juzix_jugo_node_jni_NativeInterface_startTask:135]	commit a invite task to engine ok ! 
[14:55:54.899] [24980] [ERROR] [Java_com_juzix_jugo_node_jni_NativeInterface_startTask:135]	commit a invite task to engine ok ! 
[14:55:54.912] [24980] [ERROR] [Java_com_juzix_jugo_node_jni_NativeInterface_startTask:135]	commit a invite task to engine ok ! 
[14:55:54.929] [24980] [ERROR] [Java_com_juzix_jugo_node_jni_NativeInterface_startTask:135]	commit a invite task to engine ok ! 
[14:55:54.940] [24980] [ERROR] [Java_com_juzix_jugo_node_jni_NativeInterface_startTask:135]	commit a invite task to engine ok ! 
[14:55:54.944] [24980] [ERROR] [Java_com_juzix_jugo_node_jni_NativeInterface_startTask:135]	commit a invite task to engine ok ! 
[14:55:54.951] [24980] [ERROR] [Java_com_juzix_jugo_node_jni_NativeInterface_startTask:135]	commit a invite task to engine ok ! 
[14:55:54.961] [24980] [ERROR] [Java_com_juzix_jugo_node_jni_NativeInterface_startTask:135]	commit a invite task to engine ok ! 
[14:55:54.968] [24980] [ERROR] [Java_com_juzix_jugo_node_jni_NativeInterface_startTask:135]	commit a invite task to engine ok ! 
[14:55:54.971] [24980] [ERROR] [Java_com_juzix_jugo_node_jni_NativeInterface_startTask:135]	commit a invite task to engine ok ! 
[14:55:54.974] [24980] [ERROR] [Java_com_juzix_jugo_node_jni_NativeInterface_startTask:135]	commit a invite task to engine ok ! 
[14:55:54.977] [24980] [ERROR] [Java_com_juzix_jugo_node_jni_NativeInterface_startTask:135]	commit a invite task to engine ok ! 
[14:55:54.982] [24980] [ERROR] [Java_com_juzix_jugo_node_jni_NativeInterface_startTask:135]	commit a invite task to engine ok ! 
[14:55:54.986] [24980] [ERROR] [Java_com_juzix_jugo_node_jni_NativeInterface_startTask:135]	commit a invite task to engine ok ! 
[14:55:54.993] [24980] [ERROR] [Java_com_juzix_jugo_node_jni_NativeInterface_startTask:135]	commit a invite task to engine ok ! 
[14:55:54.996] [24980] [ERROR] [Java_com_juzix_jugo_node_jni_NativeInterface_startTask:135]	commit a invite task to engine ok ! 
[14:55:54.999] [24980] [ERROR] [Java_com_juzix_jugo_node_jni_NativeInterface_startTask:135]	commit a invite task to engine ok ! 
[14:55:55.005] [24980] [ERROR] [Java_com_juzix_jugo_node_jni_NativeInterface_startTask:135]	commit a invite task to engine ok ! 
[14:55:55.008] [24980] [ERROR] [Java_com_juzix_jugo_node_jni_NativeInterface_startTask:135]	commit a invite task to engine ok ! 
[14:55:55.013] [24980] [ERROR] [Java_com_juzix_jugo_node_jni_NativeInterface_startTask:135]	commit a invite task to engine ok ! 
[14:55:55.016] [24980] [ERROR] [Java_com_juzix_jugo_node_jni_NativeInterface_startTask:135]	commit a invite task to engine ok ! 
[14:55:55.019] [24980] [ERROR] [Java_com_juzix_jugo_node_jni_NativeInterface_startTask:135]	commit a invite task to engine ok ! 
[14:55:55.021] [24980] [ERROR] [Java_com_juzix_jugo_node_jni_NativeInterface_startTask:135]	commit a invite task to engine ok ! 
[14:55:55.025] [24980] [ERROR] [Java_com_juzix_jugo_node_jni_NativeInterface_startTask:135]	commit a invite task to engine ok ! 
[14:55:55.027] [24980] [ERROR] [Java_com_juzix_jugo_node_jni_NativeInterface_startTask:135]	commit a invite task to engine ok ! 
[14:55:55.031] [24980] [ERROR] [Java_com_juzix_jugo_node_jni_NativeInterface_startTask:135]	commit a invite task to engine ok ! 
[14:55:55.035] [24980] [ERROR] [Java_com_juzix_jugo_node_jni_NativeInterface_startTask:135]	commit a invite task to engine ok ! 
[14:55:55.038] [24980] [ERROR] [Java_com_juzix_jugo_node_jni_NativeInterface_startTask:135]	commit a invite task to engine ok ! 
[14:55:55.040] [24980] [ERROR] [Java_com_juzix_jugo_node_jni_NativeInterface_startTask:135]	commit a invite task to engine ok ! 
[14:55:55.044] [24980] [ERROR] [Java_com_juzix_jugo_node_jni_NativeInterface_startTask:135]	commit a invite task to engine ok ! 
[14:55:55.046] [24980] [ERROR] [Java_com_juzix_jugo_node_jni_NativeInterface_startTask:135]	commit a invite task to engine ok ! 
[14:55:55.049] [24980] [ERROR] [Java_com_juzix_jugo_node_jni_NativeInterface_startTask:135]	commit a invite task to engine ok ! 
[14:55:55.052] [24980] [ERROR] [Java_com_juzix_jugo_node_jni_NativeInterface_startTask:135]	commit a invite task to engine ok ! 
[14:55:55.055] [24980] [ERROR] [Java_com_juzix_jugo_node_jni_NativeInterface_startTask:135]	commit a invite task to engine ok ! 
[14:55:55.057] [24980] [ERROR] [Java_com_juzix_jugo_node_jni_NativeInterface_startTask:135]	commit a invite task to engine ok ! 
[14:55:55.060] [24980] [ERROR] [Java_com_juzix_jugo_node_jni_NativeInterface_startTask:135]	commit a invite task to engine ok ! 
[14:55:55.063] [24980] [ERROR] [Java_com_juzix_jugo_node_jni_NativeInterface_startTask:135]	commit a invite task to engine ok ! 
[14:55:55.066] [24980] [ERROR] [Java_com_juzix_jugo_node_jni_NativeInterface_startTask:135]	commit a invite task to engine ok ! 
[14:55:55.068] [24980] [ERROR] [Java_com_juzix_jugo_node_jni_NativeInterface_startTask:135]	commit a invite task to engine ok ! 
[14:55:55.071] [24980] [ERROR] [Java_com_juzix_jugo_node_jni_NativeInterface_startTask:135]	commit a invite task to engine ok ! 
[14:55:55.074] [24980] [ERROR] [Java_com_juzix_jugo_node_jni_NativeInterface_startTask:135]	commit a invite task to engine ok ! 
[14:55:55.079] [24980] [ERROR] [Java_com_juzix_jugo_node_jni_NativeInterface_startTask:135]	commit a invite task to engine ok ! 
[14:55:55.082] [24980] [ERROR] [Java_com_juzix_jugo_node_jni_NativeInterface_startTask:135]	commit a invite task to engine ok ! 
[14:55:55.084] [24980] [ERROR] [Java_com_juzix_jugo_node_jni_NativeInterface_startTask:135]	commit a invite task to engine ok ! 
[14:55:55.087] [24980] [ERROR] [Java_com_juzix_jugo_node_jni_NativeInterface_startTask:135]	commit a invite task to engine ok ! 
[14:55:55.090] [24980] [ERROR] [Java_com_juzix_jugo_node_jni_NativeInterface_startTask:135]	commit a invite task to engine ok ! 
[14:55:55.093] [24980] [ERROR] [Java_com_juzix_jugo_node_jni_NativeInterface_startTask:135]	commit a invite task to engine ok ! 
[14:55:55.096] [24980] [ERROR] [Java_com_juzix_jugo_node_jni_NativeInterface_startTask:135]	commit a invite task to engine ok ! 
[14:55:55.099] [24980] [ERROR] [Java_com_juzix_jugo_node_jni_NativeInterface_startTask:135]	commit a invite task to engine ok ! 
[14:55:55.102] [24980] [ERROR] [Java_com_juzix_jugo_node_jni_NativeInterface_startTask:135]	commit a invite task to engine ok ! 
[14:55:55.105] [24980] [ERROR] [Java_com_juzix_jugo_node_jni_NativeInterface_startTask:135]	commit a invite task to engine ok ! 
[14:55:55.108] [24980] [ERROR] [Java_com_juzix_jugo_node_jni_NativeInterface_startTask:135]	commit a invite task to engine ok ! 
[14:55:55.110] [24980] [ERROR] [Java_com_juzix_jugo_node_jni_NativeInterface_startTask:135]	commit a invite task to engine ok ! 
[14:55:55.113] [24980] [ERROR] [Java_com_juzix_jugo_node_jni_NativeInterface_startTask:135]	commit a invite task to engine ok ! 
[14:55:55.125] [24980] [ERROR] [Java_com_juzix_jugo_node_jni_NativeInterface_startTask:135]	commit a invite task to engine ok ! 
[14:55:55.132] [24980] [ERROR] [Java_com_juzix_jugo_node_jni_NativeInterface_startTask:135]	commit a invite task to engine ok ! 
[14:55:55.135] [24980] [ERROR] [Java_com_juzix_jugo_node_jni_NativeInterface_startTask:135]	commit a invite task to engine ok ! 
[14:55:55.139] [24980] [ERROR] [Java_com_juzix_jugo_node_jni_NativeInterface_startTask:135]	commit a invite task to engine ok ! 
[14:55:55.141] [24980] [ERROR] [Java_com_juzix_jugo_node_jni_NativeInterface_startTask:135]	commit a invite task to engine ok ! 
[14:55:55.144] [24980] [ERROR] [Java_com_juzix_jugo_node_jni_NativeInterface_startTask:135]	commit a invite task to engine ok ! 
[14:55:55.147] [24980] [ERROR] [Java_com_juzix_jugo_node_jni_NativeInterface_startTask:135]	commit a invite task to engine ok ! 
[14:55:55.149] [24980] [ERROR] [Java_com_juzix_jugo_node_jni_NativeInterface_startTask:135]	commit a invite task to engine ok ! 
[14:55:55.152] [24980] [ERROR] [Java_com_juzix_jugo_node_jni_NativeInterface_startTask:135]	commit a invite task to engine ok ! 
[14:55:55.155] [24980] [ERROR] [Java_com_juzix_jugo_node_jni_NativeInterface_startTask:135]	commit a invite task to engine ok ! 
[14:55:55.160] [24980] [ERROR] [Java_com_juzix_jugo_node_jni_NativeInterface_startTask:135]	commit a invite task to engine ok ! 
[14:55:55.163] [24980] [ERROR] [Java_com_juzix_jugo_node_jni_NativeInterface_startTask:135]	commit a invite task to engine ok ! 
[14:55:55.166] [24980] [ERROR] [Java_com_juzix_jugo_node_jni_NativeInterface_startTask:135]	commit a invite task to engine ok ! 
[14:55:55.170] [24980] [ERROR] [Java_com_juzix_jugo_node_jni_NativeInterface_startTask:135]	commit a invite task to engine ok ! 
[14:55:55.174] [24980] [ERROR] [Java_com_juzix_jugo_node_jni_NativeInterface_startTask:135]	commit a invite task to engine ok ! 
[14:55:55.176] [24980] [ERROR] [Java_com_juzix_jugo_node_jni_NativeInterface_startTask:135]	commit a invite task to engine ok ! 
[14:55:55.183] [24980] [ERROR] [Java_com_juzix_jugo_node_jni_NativeInterface_startTask:135]	commit a invite task to engine ok ! 
[14:55:55.186] [24980] [ERROR] [Java_com_juzix_jugo_node_jni_NativeInterface_startTask:135]	commit a invite task to engine ok ! 
[14:55:55.189] [24980] [ERROR] [Java_com_juzix_jugo_node_jni_NativeInterface_startTask:135]	commit a invite task to engine ok ! 
[14:55:55.193] [24980] [ERROR] [Java_com_juzix_jugo_node_jni_NativeInterface_startTask:135]	commit a invite task to engine ok ! 
[15:46:27.271] [25110] [ERROR] [error:157]	got error busi back: 705b4d67-011a-4ba3-9f71-56173d19e13d, code: 1007 
[15:46:27.271] [25110] [WARN ] [error:167]	busi err back, erase task failed, cannot find cache task: 705b4d67-011a-4ba3-9f71-56173d19e13d !  [THE user: test002] 
[15:46:27.272] [981  ] [ERROR] [error:157]	got error busi back: e1dc1d3b-cbb4-4961-afc9-e21d5b85ceca, code: 1007 
[15:46:27.272] [981  ] [WARN ] [error:167]	busi err back, erase task failed, cannot find cache task: e1dc1d3b-cbb4-4961-afc9-e21d5b85ceca !  [THE user: test002] 
[15:46:27.273] [25110] [ERROR] [error:157]	got error busi back: 3fbc094c-8296-4f1a-a5be-77b01766e23d, code: 1007 
[15:46:27.273] [25110] [WARN ] [error:167]	busi err back, erase task failed, cannot find cache task: 3fbc094c-8296-4f1a-a5be-77b01766e23d !  [THE user: test002] 
[15:46:27.273] [25110] [ERROR] [error:157]	got error busi back: 02905960-79e1-4db8-894f-1bb5035b39d1, code: 1007 
[15:46:27.273] [25110] [WARN ] [error:167]	busi err back, erase task failed, cannot find cache task: 02905960-79e1-4db8-894f-1bb5035b39d1 !  [THE user: test002] 
[15:46:27.274] [25110] [ERROR] [error:157]	got error busi back: 65e326cc-f11e-47e9-aa89-2dd07f0fc3d3, code: 1007 
[15:46:27.274] [25110] [WARN ] [error:167]	busi err back, erase task failed, cannot find cache task: 65e326cc-f11e-47e9-aa89-2dd07f0fc3d3 !  [THE user: test002] 
[15:46:27.275] [25110] [ERROR] [error:157]	got error busi back: 3a6998e3-4d83-4b64-88a9-5863046b5ede, code: 1007 
[15:46:27.275] [25110] [WARN ] [error:167]	busi err back, erase task failed, cannot find cache task: 3a6998e3-4d83-4b64-88a9-5863046b5ede !  [THE user: test002] 
[15:46:27.275] [25110] [ERROR] [error:157]	got error busi back: 2ba25aa1-fc9d-4103-91ad-feb705a9e698, code: 1007 
[15:46:27.275] [25110] [WARN ] [error:167]	busi err back, erase task failed, cannot find cache task: 2ba25aa1-fc9d-4103-91ad-feb705a9e698 !  [THE user: test002] 
[15:46:27.280] [25110] [ERROR] [error:157]	got error busi back: acc83feb-eb14-4180-9f62-0007bdd177f9, code: 1007 
[15:46:27.280] [25110] [WARN ] [error:167]	busi err back, erase task failed, cannot find cache task: acc83feb-eb14-4180-9f62-0007bdd177f9 !  [THE user: test002] 
[15:46:27.280] [25110] [ERROR] [error:157]	got error busi back: 59578f7d-4e37-453a-b744-da9c7955eee9, code: 1007 
[15:46:27.280] [25110] [WARN ] [error:167]	busi err back, erase task failed, cannot find cache task: 59578f7d-4e37-453a-b744-da9c7955eee9 !  [THE user: test002] 
[15:46:27.281] [25110] [ERROR] [error:157]	got error busi back: 126dd44c-d732-40f8-9a16-c4ce670a55b9, code: 1007 
[15:46:27.281] [25110] [WARN ] [error:167]	busi err back, erase task failed, cannot find cache task: 126dd44c-d732-40f8-9a16-c4ce670a55b9 !  [THE user: test002] 
[15:46:27.281] [25110] [ERROR] [error:157]	got error busi back: c63caf1d-89cb-438a-9675-8fb1198dfd92, code: 1007 
[15:46:27.281] [25110] [WARN ] [error:167]	busi err back, erase task failed, cannot find cache task: c63caf1d-89cb-438a-9675-8fb1198dfd92 !  [THE user: test002] 
[15:46:27.284] [25110] [ERROR] [error:157]	got error busi back: 82c7afb7-6a38-4a09-983e-a9499f75255f, code: 1007 
[15:46:27.284] [25110] [WARN ] [error:167]	busi err back, erase task failed, cannot find cache task: 82c7afb7-6a38-4a09-983e-a9499f75255f !  [THE user: test002] 
[15:46:27.285] [25110] [ERROR] [error:157]	got error busi back: 49588e3c-1d7d-4401-8986-3ea12e11ca7e, code: 1007 
[15:46:27.285] [25110] [WARN ] [error:167]	busi err back, erase task failed, cannot find cache task: 49588e3c-1d7d-4401-8986-3ea12e11ca7e !  [THE user: test002] 
[15:46:27.285] [25110] [ERROR] [error:157]	got error busi back: e5bdd831-07e3-4a30-82ec-7c96609d8869, code: 1007 
[15:46:27.285] [25110] [WARN ] [error:167]	busi err back, erase task failed, cannot find cache task: e5bdd831-07e3-4a30-82ec-7c96609d8869 !  [THE user: test002] 
[15:46:27.286] [25110] [ERROR] [error:157]	got error busi back: a13b8437-be19-4e52-b6f9-564e181f4133, code: 1007 
[15:46:27.286] [25110] [WARN ] [error:167]	busi err back, erase task failed, cannot find cache task: a13b8437-be19-4e52-b6f9-564e181f4133 !  [THE user: test002] 
[15:46:27.288] [25110] [ERROR] [error:157]	got error busi back: 229856ea-f7e4-4460-8ca8-c369f2c18936, code: 1007 
[15:46:27.288] [25110] [WARN ] [error:167]	busi err back, erase task failed, cannot find cache task: 229856ea-f7e4-4460-8ca8-c369f2c18936 !  [THE user: test002] 
[15:46:27.289] [981  ] [ERROR] [error:157]	got error busi back: ea2ddf19-b384-4a79-b69b-f06a52c7c273, code: 1007 
[15:46:27.289] [981  ] [WARN ] [error:167]	busi err back, erase task failed, cannot find cache task: ea2ddf19-b384-4a79-b69b-f06a52c7c273 !  [THE user: test002] 
[15:46:27.291] [981  ] [ERROR] [error:157]	got error busi back: b9ee6a57-eb69-4720-83f5-287d365f2285, code: 1007 
[15:46:27.291] [981  ] [WARN ] [error:167]	busi err back, erase task failed, cannot find cache task: b9ee6a57-eb69-4720-83f5-287d365f2285 !  [THE user: test002] 
[15:46:27.292] [981  ] [ERROR] [error:157]	got error busi back: 091b0d01-ffb3-485f-9b51-9c41da6cd70c, code: 1007 
[15:46:27.292] [981  ] [WARN ] [error:167]	busi err back, erase task failed, cannot find cache task: 091b0d01-ffb3-485f-9b51-9c41da6cd70c !  [THE user: test002] 
[15:46:27.294] [981  ] [ERROR] [error:157]	got error busi back: c333ead7-3e4f-4240-8e3e-d68b2137f503, code: 1007 
[15:46:27.294] [981  ] [WARN ] [error:167]	busi err back, erase task failed, cannot find cache task: c333ead7-3e4f-4240-8e3e-d68b2137f503 !  [THE user: test002] 
[15:46:27.298] [981  ] [ERROR] [error:157]	got error busi back: 23a29e8c-e06c-41cc-81ed-365fa5e6bd55, code: 1007 
[15:46:27.298] [981  ] [WARN ] [error:167]	busi err back, erase task failed, cannot find cache task: 23a29e8c-e06c-41cc-81ed-365fa5e6bd55 !  [THE user: test002] 
[15:46:27.299] [25110] [ERROR] [error:157]	got error busi back: 6ec76a0d-40f4-406b-9a8e-843646dc031b, code: 1007 
[15:46:27.299] [25110] [WARN ] [error:167]	busi err back, erase task failed, cannot find cache task: 6ec76a0d-40f4-406b-9a8e-843646dc031b !  [THE user: test002] 
[15:46:27.300] [981  ] [ERROR] [error:157]	got error busi back: a7a6e823-cb82-4a9c-a572-210640d643c1, code: 1007 
[15:46:27.300] [981  ] [WARN ] [error:167]	busi err back, erase task failed, cannot find cache task: a7a6e823-cb82-4a9c-a572-210640d643c1 !  [THE user: test002] 
[15:46:27.306] [25110] [ERROR] [error:157]	got error busi back: 1535310e-c152-46d9-ab8d-b9532e431ada, code: 1007 
[15:46:27.307] [25110] [WARN ] [error:167]	busi err back, erase task failed, cannot find cache task: 1535310e-c152-46d9-ab8d-b9532e431ada !  [THE user: test002] 
[15:46:27.307] [981  ] [ERROR] [error:157]	got error busi back: 3590f4b2-3d2a-460d-8aa5-53e30078c320, code: 1007 
[15:46:27.307] [981  ] [WARN ] [error:167]	busi err back, erase task failed, cannot find cache task: 3590f4b2-3d2a-460d-8aa5-53e30078c320 !  [THE user: test002] 
[15:46:27.310] [25110] [ERROR] [error:157]	got error busi back: 9d72eac7-dff2-4937-b414-e71f0138f604, code: 1007 
[15:46:27.310] [25110] [WARN ] [error:167]	busi err back, erase task failed, cannot find cache task: 9d72eac7-dff2-4937-b414-e71f0138f604 !  [THE user: test002] 
[15:46:27.311] [981  ] [ERROR] [error:157]	got error busi back: a8fd332d-686b-4b1b-8b78-1f154d3f2eda, code: 1007 
[15:46:27.311] [981  ] [WARN ] [error:167]	busi err back, erase task failed, cannot find cache task: a8fd332d-686b-4b1b-8b78-1f154d3f2eda !  [THE user: test002] 
[15:46:27.312] [25110] [ERROR] [error:157]	got error busi back: 718151cb-d955-428f-bdce-f664790cf8f5, code: 1007 
[15:46:27.312] [25110] [WARN ] [error:167]	busi err back, erase task failed, cannot find cache task: 718151cb-d955-428f-bdce-f664790cf8f5 !  [THE user: test002] 
[15:46:27.312] [981  ] [ERROR] [error:157]	got error busi back: 244ef96d-8541-41e1-b5a3-028c73dad48a, code: 1007 
[15:46:27.312] [981  ] [WARN ] [error:167]	busi err back, erase task failed, cannot find cache task: 244ef96d-8541-41e1-b5a3-028c73dad48a !  [THE user: test002] 
[15:46:27.313] [25110] [ERROR] [error:157]	got error busi back: 051ab9d8-175e-4a79-b716-78e944d7a841, code: 1007 
[15:46:27.313] [25110] [WARN ] [error:167]	busi err back, erase task failed, cannot find cache task: 051ab9d8-175e-4a79-b716-78e944d7a841 !  [THE user: test002] 
[15:46:27.315] [981  ] [ERROR] [error:157]	got error busi back: d0313d99-8a85-4e24-82ae-405fa72ea023, code: 1007 
[15:46:27.315] [981  ] [WARN ] [error:167]	busi err back, erase task failed, cannot find cache task: d0313d99-8a85-4e24-82ae-405fa72ea023 !  [THE user: test002] 
[15:46:27.316] [25110] [ERROR] [error:157]	got error busi back: 716b0af4-1a76-4894-ab39-01a006955946, code: 1007 
[15:46:27.316] [25110] [WARN ] [error:167]	busi err back, erase task failed, cannot find cache task: 716b0af4-1a76-4894-ab39-01a006955946 !  [THE user: test002] 
[15:46:27.317] [981  ] [ERROR] [error:157]	got error busi back: b46301d6-65d3-4df4-9ae8-0bcb56985c1c, code: 1007 
[15:46:27.317] [981  ] [WARN ] [error:167]	busi err back, erase task failed, cannot find cache task: b46301d6-65d3-4df4-9ae8-0bcb56985c1c !  [THE user: test002] 
[15:46:27.317] [25110] [ERROR] [error:157]	got error busi back: 7515218e-bb61-49e7-8df8-b1691aa8782a, code: 1007 
[15:46:27.318] [25110] [WARN ] [error:167]	busi err back, erase task failed, cannot find cache task: 7515218e-bb61-49e7-8df8-b1691aa8782a !  [THE user: test002] 
[15:46:27.318] [981  ] [ERROR] [error:157]	got error busi back: f48fbbca-b644-459e-b952-112a092e15b5, code: 1007 
[15:46:27.318] [981  ] [WARN ] [error:167]	busi err back, erase task failed, cannot find cache task: f48fbbca-b644-459e-b952-112a092e15b5 !  [THE user: test002] 
[15:46:27.319] [25110] [ERROR] [error:157]	got error busi back: 5580c59e-2946-47c1-b18b-054cb6a3cb4d, code: 1007 
[15:46:27.319] [25110] [WARN ] [error:167]	busi err back, erase task failed, cannot find cache task: 5580c59e-2946-47c1-b18b-054cb6a3cb4d !  [THE user: test002] 
[15:46:27.321] [981  ] [ERROR] [error:157]	got error busi back: 8fc10e0b-2d75-46c9-aaf7-d557b68d5f38, code: 1007 
[15:46:27.321] [981  ] [WARN ] [error:167]	busi err back, erase task failed, cannot find cache task: 8fc10e0b-2d75-46c9-aaf7-d557b68d5f38 !  [THE user: test002] 
[15:46:27.323] [981  ] [ERROR] [error:157]	got error busi back: 3f939f0a-c54d-480f-bfec-6b74529eaed4, code: 1007 
[15:46:27.323] [981  ] [WARN ] [error:167]	busi err back, erase task failed, cannot find cache task: 3f939f0a-c54d-480f-bfec-6b74529eaed4 !  [THE user: test002] 
[15:46:27.324] [25110] [ERROR] [error:157]	got error busi back: 18fbf605-2c8f-41f6-ac8d-a849d006aee1, code: 1007 
[15:46:27.324] [25110] [WARN ] [error:167]	busi err back, erase task failed, cannot find cache task: 18fbf605-2c8f-41f6-ac8d-a849d006aee1 !  [THE user: test002] 
[15:46:27.325] [981  ] [ERROR] [error:157]	got error busi back: 8443808c-0c92-4cf8-ad32-d82bc70f9345, code: 1007 
[15:46:27.325] [981  ] [WARN ] [error:167]	busi err back, erase task failed, cannot find cache task: 8443808c-0c92-4cf8-ad32-d82bc70f9345 !  [THE user: test002] 
[15:46:27.325] [25110] [ERROR] [error:157]	got error busi back: 938b6282-bf9c-4ec3-afab-0509eb08b02c, code: 1007 
[15:46:27.325] [25110] [WARN ] [error:167]	busi err back, erase task failed, cannot find cache task: 938b6282-bf9c-4ec3-afab-0509eb08b02c !  [THE user: test002] 
[15:46:27.326] [981  ] [ERROR] [error:157]	got error busi back: 5a62312f-bccc-4242-bdfe-5fdd12ab79b1, code: 1007 
[15:46:27.326] [981  ] [WARN ] [error:167]	busi err back, erase task failed, cannot find cache task: 5a62312f-bccc-4242-bdfe-5fdd12ab79b1 !  [THE user: test002] 
[15:46:27.327] [25110] [ERROR] [error:157]	got error busi back: 7ec9f453-86d0-4c08-9ef8-db504c3250ed, code: 1007 
[15:46:27.327] [25110] [WARN ] [error:167]	busi err back, erase task failed, cannot find cache task: 7ec9f453-86d0-4c08-9ef8-db504c3250ed !  [THE user: test002] 
[15:46:27.329] [981  ] [ERROR] [error:157]	got error busi back: bcb443fb-77f5-42b1-af9e-3e1805575a2b, code: 1007 
[15:46:27.329] [981  ] [WARN ] [error:167]	busi err back, erase task failed, cannot find cache task: bcb443fb-77f5-42b1-af9e-3e1805575a2b !  [THE user: test002] 
[15:46:27.330] [25110] [ERROR] [error:157]	got error busi back: a758fb68-87dd-4ba8-aa73-28af56157c1e, code: 1007 
[15:46:27.330] [25110] [WARN ] [error:167]	busi err back, erase task failed, cannot find cache task: a758fb68-87dd-4ba8-aa73-28af56157c1e !  [THE user: test002] 
[15:46:27.330] [981  ] [ERROR] [error:157]	got error busi back: 3c8a6962-445d-4eb6-9dab-6b19b271fa36, code: 1007 
[15:46:27.330] [981  ] [WARN ] [error:167]	busi err back, erase task failed, cannot find cache task: 3c8a6962-445d-4eb6-9dab-6b19b271fa36 !  [THE user: test002] 
[15:46:27.333] [25110] [ERROR] [error:157]	got error busi back: 7c477a11-0a0a-4398-873f-914e720e7e11, code: 1007 
[15:46:27.333] [25110] [WARN ] [error:167]	busi err back, erase task failed, cannot find cache task: 7c477a11-0a0a-4398-873f-914e720e7e11 !  [THE user: test002] 
[15:46:27.334] [981  ] [ERROR] [error:157]	got error busi back: df795237-2c5b-42b8-8084-0f2d71e9892a, code: 1007 
[15:46:27.334] [981  ] [WARN ] [error:167]	busi err back, erase task failed, cannot find cache task: df795237-2c5b-42b8-8084-0f2d71e9892a !  [THE user: test002] 
[15:46:27.336] [25110] [ERROR] [error:157]	got error busi back: 10ab5684-74dc-4597-aa14-edb1912fff66, code: 1007 
[15:46:27.336] [25110] [WARN ] [error:167]	busi err back, erase task failed, cannot find cache task: 10ab5684-74dc-4597-aa14-edb1912fff66 !  [THE user: test002] 
[15:46:27.338] [981  ] [ERROR] [error:157]	got error busi back: e0f51d12-f4e1-4c0a-bd1e-a9cc132f6bd4, code: 1007 
[15:46:27.338] [981  ] [WARN ] [error:167]	busi err back, erase task failed, cannot find cache task: e0f51d12-f4e1-4c0a-bd1e-a9cc132f6bd4 !  [THE user: test002] 
[15:46:27.338] [25110] [ERROR] [error:157]	got error busi back: 27aa2967-ea70-4656-99cd-3f8858454c9d, code: 1007 
[15:46:27.338] [25110] [WARN ] [error:167]	busi err back, erase task failed, cannot find cache task: 27aa2967-ea70-4656-99cd-3f8858454c9d !  [THE user: test002] 
[15:46:27.340] [981  ] [ERROR] [error:157]	got error busi back: 67530122-de8c-409e-99c7-e00e55875958, code: 1007 
[15:46:27.340] [981  ] [WARN ] [error:167]	busi err back, erase task failed, cannot find cache task: 67530122-de8c-409e-99c7-e00e55875958 !  [THE user: test002] 
[15:46:27.342] [25110] [ERROR] [error:157]	got error busi back: cf3f91b7-dd8d-4024-8737-52689f2aa5f8, code: 1007 
[15:46:27.342] [25110] [WARN ] [error:167]	busi err back, erase task failed, cannot find cache task: cf3f91b7-dd8d-4024-8737-52689f2aa5f8 !  [THE user: test002] 
[15:46:27.346] [981  ] [ERROR] [error:157]	got error busi back: e7e1f08b-4ba6-4215-a894-25a0aeeb7396, code: 1007 
[15:46:27.346] [981  ] [WARN ] [error:167]	busi err back, erase task failed, cannot find cache task: e7e1f08b-4ba6-4215-a894-25a0aeeb7396 !  [THE user: test002] 
[15:46:27.347] [25110] [ERROR] [error:157]	got error busi back: c1ff6fde-3045-4cd2-b2b8-6bd868d6eb38, code: 1007 
[15:46:27.347] [25110] [WARN ] [error:167]	busi err back, erase task failed, cannot find cache task: c1ff6fde-3045-4cd2-b2b8-6bd868d6eb38 !  [THE user: test002] 
[15:46:27.347] [981  ] [ERROR] [error:157]	got error busi back: f1fac291-a6bb-46a7-8374-ba9371e64352, code: 1007 
[15:46:27.347] [981  ] [WARN ] [error:167]	busi err back, erase task failed, cannot find cache task: f1fac291-a6bb-46a7-8374-ba9371e64352 !  [THE user: test002] 
[15:46:27.348] [25110] [ERROR] [error:157]	got error busi back: eadc5c87-b032-4828-9af3-8727dc2511b0, code: 1007 
[15:46:27.348] [25110] [WARN ] [error:167]	busi err back, erase task failed, cannot find cache task: eadc5c87-b032-4828-9af3-8727dc2511b0 !  [THE user: test002] 
[15:46:27.350] [981  ] [ERROR] [error:157]	got error busi back: d72b8dad-2936-4484-a8ef-46c8861a7eb3, code: 1007 
[15:46:27.350] [981  ] [WARN ] [error:167]	busi err back, erase task failed, cannot find cache task: d72b8dad-2936-4484-a8ef-46c8861a7eb3 !  [THE user: test002] 
[15:46:27.352] [25110] [ERROR] [error:157]	got error busi back: 5d7b4f65-16a4-4cca-b5b2-9fb2e2bbb6ed, code: 1007 
[15:46:27.352] [25110] [WARN ] [error:167]	busi err back, erase task failed, cannot find cache task: 5d7b4f65-16a4-4cca-b5b2-9fb2e2bbb6ed !  [THE user: test002] 
[15:46:27.353] [981  ] [ERROR] [error:157]	got error busi back: 8875d4e6-9d9d-4163-a7be-366519e67036, code: 1007 
[15:46:27.353] [981  ] [WARN ] [error:167]	busi err back, erase task failed, cannot find cache task: 8875d4e6-9d9d-4163-a7be-366519e67036 !  [THE user: test002] 
[15:46:27.353] [25110] [ERROR] [error:157]	got error busi back: 55962750-cedd-424d-be5b-36060cfa05e2, code: 1007 
[15:46:27.353] [25110] [WARN ] [error:167]	busi err back, erase task failed, cannot find cache task: 55962750-cedd-424d-be5b-36060cfa05e2 !  [THE user: test002] 
[15:46:27.355] [981  ] [ERROR] [error:157]	got error busi back: 08cc42f0-636a-467c-b05a-8286e1653dc4, code: 1007 
[15:46:27.355] [981  ] [WARN ] [error:167]	busi err back, erase task failed, cannot find cache task: 08cc42f0-636a-467c-b05a-8286e1653dc4 !  [THE user: test002] 
[15:46:27.356] [25110] [ERROR] [error:157]	got error busi back: 07deee8a-db89-4d09-ad34-7397c7e1645a, code: 1007 
[15:46:27.356] [25110] [WARN ] [error:167]	busi err back, erase task failed, cannot find cache task: 07deee8a-db89-4d09-ad34-7397c7e1645a !  [THE user: test002] 
[15:46:27.357] [981  ] [ERROR] [error:157]	got error busi back: b8c918e3-1e77-4515-b289-b7c06ce13dc9, code: 1007 
[15:46:27.357] [981  ] [WARN ] [error:167]	busi err back, erase task failed, cannot find cache task: b8c918e3-1e77-4515-b289-b7c06ce13dc9 !  [THE user: test002] 
[15:46:27.358] [25110] [ERROR] [error:157]	got error busi back: 22514f07-4ef7-4313-ba2c-53d6acf47333, code: 1007 
[15:46:27.358] [25110] [WARN ] [error:167]	busi err back, erase task failed, cannot find cache task: 22514f07-4ef7-4313-ba2c-53d6acf47333 !  [THE user: test002] 
[15:46:27.358] [981  ] [ERROR] [error:157]	got error busi back: c0366b40-c2a9-48b8-a033-09f63005f952, code: 1007 
[15:46:27.359] [981  ] [WARN ] [error:167]	busi err back, erase task failed, cannot find cache task: c0366b40-c2a9-48b8-a033-09f63005f952 !  [THE user: test002] 
[15:46:27.359] [25110] [ERROR] [error:157]	got error busi back: 33648fc1-05bc-462b-9e61-2d6ee7263dba, code: 1007 
[15:46:27.359] [25110] [WARN ] [error:167]	busi err back, erase task failed, cannot find cache task: 33648fc1-05bc-462b-9e61-2d6ee7263dba !  [THE user: test002] 
[15:46:27.361] [981  ] [ERROR] [error:157]	got error busi back: ba2e85c8-66a8-4d19-96ad-e6130bdcaee3, code: 1007 
[15:46:27.361] [981  ] [WARN ] [error:167]	busi err back, erase task failed, cannot find cache task: ba2e85c8-66a8-4d19-96ad-e6130bdcaee3 !  [THE user: test002] 
[15:46:27.362] [25110] [ERROR] [error:157]	got error busi back: 2d44763a-8c0b-4c77-aca3-116b0a1ff6d6, code: 1007 
[15:46:27.362] [25110] [WARN ] [error:167]	busi err back, erase task failed, cannot find cache task: 2d44763a-8c0b-4c77-aca3-116b0a1ff6d6 !  [THE user: test002] 
[15:46:27.363] [981  ] [ERROR] [error:157]	got error busi back: 6d0f588d-3587-4c0f-848b-e7e25cd5ee6e, code: 1007 
[15:46:27.363] [981  ] [WARN ] [error:167]	busi err back, erase task failed, cannot find cache task: 6d0f588d-3587-4c0f-848b-e7e25cd5ee6e !  [THE user: test002] 
[15:46:27.363] [25110] [ERROR] [error:157]	got error busi back: 83de244c-8afd-4dba-980e-33a6225f1758, code: 1007 
[15:46:27.363] [25110] [WARN ] [error:167]	busi err back, erase task failed, cannot find cache task: 83de244c-8afd-4dba-980e-33a6225f1758 !  [THE user: test002] 
[15:46:27.365] [981  ] [ERROR] [error:157]	got error busi back: 5869068d-deef-4451-a38b-e4fdfa95f6fd, code: 1007 
[15:46:27.365] [981  ] [WARN ] [error:167]	busi err back, erase task failed, cannot find cache task: 5869068d-deef-4451-a38b-e4fdfa95f6fd !  [THE user: test002] 
[15:46:27.365] [25110] [ERROR] [error:157]	got error busi back: 9de0e187-15df-4d46-aa65-c2610c58276a, code: 1007 
[15:46:27.365] [25110] [WARN ] [error:167]	busi err back, erase task failed, cannot find cache task: 9de0e187-15df-4d46-aa65-c2610c58276a !  [THE user: test002] 
[15:46:27.366] [981  ] [ERROR] [error:157]	got error busi back: b27ddd39-fbba-49f3-8b87-39da6885e97a, code: 1007 
[15:46:27.366] [981  ] [WARN ] [error:167]	busi err back, erase task failed, cannot find cache task: b27ddd39-fbba-49f3-8b87-39da6885e97a !  [THE user: test002] 
[15:46:27.367] [25110] [ERROR] [error:157]	got error busi back: 0ba474d0-cdff-4704-be89-de8bfa6d0660, code: 1007 
[15:46:27.367] [25110] [WARN ] [error:167]	busi err back, erase task failed, cannot find cache task: 0ba474d0-cdff-4704-be89-de8bfa6d0660 !  [THE user: test002] 
[15:46:27.367] [981  ] [ERROR] [error:157]	got error busi back: a772d16c-4917-4ddf-a1b1-99cfe42f775f, code: 1007 
[15:46:27.367] [981  ] [WARN ] [error:167]	busi err back, erase task failed, cannot find cache task: a772d16c-4917-4ddf-a1b1-99cfe42f775f !  [THE user: test002] 
[15:46:27.368] [25110] [ERROR] [error:157]	got error busi back: 92891320-97ab-47fc-992a-9d2fd7b65242, code: 1007 
[15:46:27.368] [25110] [WARN ] [error:167]	busi err back, erase task failed, cannot find cache task: 92891320-97ab-47fc-992a-9d2fd7b65242 !  [THE user: test002] 
[15:46:27.369] [981  ] [ERROR] [error:157]	got error busi back: ed50b285-b3cb-49fb-ae30-f1625a098b9d, code: 1007 
[15:46:27.369] [981  ] [WARN ] [error:167]	busi err back, erase task failed, cannot find cache task: ed50b285-b3cb-49fb-ae30-f1625a098b9d !  [THE user: test002] 
[15:46:27.371] [25110] [ERROR] [error:157]	got error busi back: 41b9519b-b3a8-405d-b154-6e54b74ab142, code: 1007 
[15:46:27.371] [25110] [WARN ] [error:167]	busi err back, erase task failed, cannot find cache task: 41b9519b-b3a8-405d-b154-6e54b74ab142 !  [THE user: test002] 
[15:46:27.371] [981  ] [ERROR] [error:157]	got error busi back: 9fa4bbf2-6051-4165-89c2-d9f75ae2ff4a, code: 1007 
[15:46:27.371] [981  ] [WARN ] [error:167]	busi err back, erase task failed, cannot find cache task: 9fa4bbf2-6051-4165-89c2-d9f75ae2ff4a !  [THE user: test002] 
[15:46:27.372] [25110] [ERROR] [error:157]	got error busi back: beb4f556-e2b2-473b-ad4e-7cb90d19264e, code: 1007 
[15:46:27.372] [25110] [WARN ] [error:167]	busi err back, erase task failed, cannot find cache task: beb4f556-e2b2-473b-ad4e-7cb90d19264e !  [THE user: test002] 
[15:46:27.373] [981  ] [ERROR] [error:157]	got error busi back: 3c02e17f-a864-4caa-a13e-ee06ac0e15dd, code: 1007 
[15:46:27.373] [981  ] [WARN ] [error:167]	busi err back, erase task failed, cannot find cache task: 3c02e17f-a864-4caa-a13e-ee06ac0e15dd !  [THE user: test002] 
[15:46:27.375] [25110] [ERROR] [error:157]	got error busi back: 381c1f4e-8d47-470d-b8a3-dcbf9cc7c20d, code: 1007 
[15:46:27.375] [25110] [WARN ] [error:167]	busi err back, erase task failed, cannot find cache task: 381c1f4e-8d47-470d-b8a3-dcbf9cc7c20d !  [THE user: test002] 
[15:46:27.375] [981  ] [ERROR] [error:157]	got error busi back: 066dae0f-57c9-47e6-9d91-82faab6fce87, code: 1007 
[15:46:27.375] [981  ] [WARN ] [error:167]	busi err back, erase task failed, cannot find cache task: 066dae0f-57c9-47e6-9d91-82faab6fce87 !  [THE user: test002] 
[15:46:27.376] [25110] [ERROR] [error:157]	got error busi back: bdec3121-4da9-4f8b-bf2f-29c83c50f20f, code: 1007 
[15:46:27.376] [25110] [WARN ] [error:167]	busi err back, erase task failed, cannot find cache task: bdec3121-4da9-4f8b-bf2f-29c83c50f20f !  [THE user: test002] 
[15:46:27.378] [981  ] [ERROR] [error:157]	got error busi back: d0eb1923-ea1a-4eb9-8f4b-e06974e2c121, code: 1007 
[15:46:27.378] [981  ] [WARN ] [error:167]	busi err back, erase task failed, cannot find cache task: d0eb1923-ea1a-4eb9-8f4b-e06974e2c121 !  [THE user: test002] 
[15:46:27.380] [25110] [ERROR] [error:157]	got error busi back: 5c033499-96fe-4184-908e-c4c3ccddb7f2, code: 1007 
[15:46:27.380] [25110] [WARN ] [error:167]	busi err back, erase task failed, cannot find cache task: 5c033499-96fe-4184-908e-c4c3ccddb7f2 !  [THE user: test002] 
[15:46:27.381] [981  ] [ERROR] [error:157]	got error busi back: a365a4fd-8e80-4013-a510-ffd8e4d62337, code: 1007 
[15:46:27.381] [981  ] [WARN ] [error:167]	busi err back, erase task failed, cannot find cache task: a365a4fd-8e80-4013-a510-ffd8e4d62337 !  [THE user: test002] 
[15:46:27.381] [25110] [ERROR] [error:157]	got error busi back: a55da028-a50a-4b3a-a446-0c3000763c58, code: 1007 
[15:46:27.381] [25110] [WARN ] [error:167]	busi err back, erase task failed, cannot find cache task: a55da028-a50a-4b3a-a446-0c3000763c58 !  [THE user: test002] 
[15:46:27.382] [981  ] [ERROR] [error:157]	got error busi back: a40d7f45-6ee2-4516-a9c4-4cc4396a6f23, code: 1007 
[15:46:27.382] [981  ] [WARN ] [error:167]	busi err back, erase task failed, cannot find cache task: a40d7f45-6ee2-4516-a9c4-4cc4396a6f23 !  [THE user: test002] 
[15:46:27.383] [25110] [ERROR] [error:157]	got error busi back: cfafa9d9-98eb-4153-a444-d05885d77a7e, code: 1007 
[15:46:27.383] [25110] [WARN ] [error:167]	busi err back, erase task failed, cannot find cache task: cfafa9d9-98eb-4153-a444-d05885d77a7e !  [THE user: test002] 
[15:46:27.383] [981  ] [ERROR] [error:157]	got error busi back: 2fb03d04-5969-4e51-a9a5-1013570d4e96, code: 1007 
[15:46:27.383] [981  ] [WARN ] [error:167]	busi err back, erase task failed, cannot find cache task: 2fb03d04-5969-4e51-a9a5-1013570d4e96 !  [THE user: test002] 
[15:46:27.387] [25110] [ERROR] [error:157]	got error busi back: ef8723d7-cfed-4bf0-81d3-ca877bcb30c5, code: 1007 
[15:46:27.387] [25110] [WARN ] [error:167]	busi err back, erase task failed, cannot find cache task: ef8723d7-cfed-4bf0-81d3-ca877bcb30c5 !  [THE user: test002] 
[15:46:27.387] [981  ] [ERROR] [error:157]	got error busi back: 530214a2-36ad-42a2-bc77-7e5414da6fbc, code: 1007 
[15:46:27.387] [981  ] [WARN ] [error:167]	busi err back, erase task failed, cannot find cache task: 530214a2-36ad-42a2-bc77-7e5414da6fbc !  [THE user: test002] 
[15:46:27.388] [25110] [ERROR] [error:157]	got error busi back: 1ab57e02-6120-4c4f-bddf-944534a94114, code: 1007 
[15:46:27.388] [25110] [WARN ] [error:167]	busi err back, erase task failed, cannot find cache task: 1ab57e02-6120-4c4f-bddf-944534a94114 !  [THE user: test002] 
[15:46:27.389] [981  ] [ERROR] [error:157]	got error busi back: 5cee884a-3490-42c3-80f2-255e0bb109ba, code: 1007 
[15:46:27.389] [981  ] [WARN ] [error:167]	busi err back, erase task failed, cannot find cache task: 5cee884a-3490-42c3-80f2-255e0bb109ba !  [THE user: test002] 
[15:46:27.390] [25110] [ERROR] [error:157]	got error busi back: fee9a8f3-2f8f-44b3-aaa5-675e8ab9c416, code: 1007 
[15:46:27.390] [25110] [WARN ] [error:167]	busi err back, erase task failed, cannot find cache task: fee9a8f3-2f8f-44b3-aaa5-675e8ab9c416 !  [THE user: test002] 
[15:46:27.395] [981  ] [ERROR] [error:157]	got error busi back: 1de4aa7a-7575-4468-a863-a4cfa1748b3b, code: 1007 
[15:46:27.395] [981  ] [WARN ] [error:167]	busi err back, erase task failed, cannot find cache task: 1de4aa7a-7575-4468-a863-a4cfa1748b3b !  [THE user: test002] 
[15:46:27.396] [25110] [ERROR] [error:157]	got error busi back: 1bf8e25a-40f7-4684-b438-049503a2e2f2, code: 1007 
[15:46:27.396] [25110] [WARN ] [error:167]	busi err back, erase task failed, cannot find cache task: 1bf8e25a-40f7-4684-b438-049503a2e2f2 !  [THE user: test002] 
[15:46:27.398] [981  ] [ERROR] [error:157]	got error busi back: b736587d-9a3f-46a5-b380-5d2001483bf7, code: 1007 
[15:46:27.398] [981  ] [WARN ] [error:167]	busi err back, erase task failed, cannot find cache task: b736587d-9a3f-46a5-b380-5d2001483bf7 !  [THE user: test002] 
[15:46:27.400] [25110] [ERROR] [error:157]	got error busi back: ba5cfd98-b4b1-4718-9a90-258209a9c66a, code: 1007 
[15:46:27.400] [25110] [WARN ] [error:167]	busi err back, erase task failed, cannot find cache task: ba5cfd98-b4b1-4718-9a90-258209a9c66a !  [THE user: test002] 
[15:46:27.401] [981  ] [ERROR] [error:157]	got error busi back: c1ab7512-1dc5-4405-a03b-665806cff089, code: 1007 
[15:46:27.401] [981  ] [WARN ] [error:167]	busi err back, erase task failed, cannot find cache task: c1ab7512-1dc5-4405-a03b-665806cff089 !  [THE user: test002] 
[15:46:27.402] [25110] [ERROR] [error:157]	got error busi back: de33332f-f150-460f-b54b-b4382702962b, code: 1007 
[15:46:27.402] [25110] [WARN ] [error:167]	busi err back, erase task failed, cannot find cache task: de33332f-f150-460f-b54b-b4382702962b !  [THE user: test002] 
[15:46:27.408] [981  ] [ERROR] [error:157]	got error busi back: b3d6ae82-4cf0-4383-a02c-c9907dde6f01, code: 1007 
[15:46:27.408] [981  ] [WARN ] [error:167]	busi err back, erase task failed, cannot find cache task: b3d6ae82-4cf0-4383-a02c-c9907dde6f01 !  [THE user: test002] 
[15:46:27.410] [25110] [ERROR] [error:157]	got error busi back: be07150e-4c93-47c1-8175-7e0c91853a3c, code: 1007 
[15:46:27.410] [25110] [WARN ] [error:167]	busi err back, erase task failed, cannot find cache task: be07150e-4c93-47c1-8175-7e0c91853a3c !  [THE user: test002] 
[15:46:27.412] [981  ] [ERROR] [error:157]	got error busi back: 96666928-c04d-45c9-85c9-6b19be086f34, code: 1007 
[15:46:27.412] [981  ] [WARN ] [error:167]	busi err back, erase task failed, cannot find cache task: 96666928-c04d-45c9-85c9-6b19be086f34 !  [THE user: test002] 
[15:46:27.413] [25110] [ERROR] [error:157]	got error busi back: c4c4c43a-da51-485b-a295-e124b6f7c9c0, code: 1007 
[15:46:27.413] [25110] [WARN ] [error:167]	busi err back, erase task failed, cannot find cache task: c4c4c43a-da51-485b-a295-e124b6f7c9c0 !  [THE user: test002] 
[15:46:27.414] [981  ] [ERROR] [error:157]	got error busi back: f6fe5ead-a888-4798-8bda-72cb0469a3e3, code: 1007 
[15:46:27.414] [981  ] [WARN ] [error:167]	busi err back, erase task failed, cannot find cache task: f6fe5ead-a888-4798-8bda-72cb0469a3e3 !  [THE user: test002] 
[15:46:27.415] [25110] [ERROR] [error:157]	got error busi back: 0ba17f57-c0cd-4bb0-8f53-f8e0c58b5916, code: 1007 
[15:46:27.415] [25110] [WARN ] [error:167]	busi err back, erase task failed, cannot find cache task: 0ba17f57-c0cd-4bb0-8f53-f8e0c58b5916 !  [THE user: test002] 
[15:46:27.417] [981  ] [ERROR] [error:157]	got error busi back: f75aa62d-36f6-4864-bf77-dcb7f47f271a, code: 1007 
[15:46:27.417] [981  ] [WARN ] [error:167]	busi err back, erase task failed, cannot find cache task: f75aa62d-36f6-4864-bf77-dcb7f47f271a !  [THE user: test002] 
[15:46:27.418] [25110] [ERROR] [error:157]	got error busi back: 308037b6-4eff-4249-a707-abbabcabb8a8, code: 1007 
[15:46:27.418] [25110] [WARN ] [error:167]	busi err back, erase task failed, cannot find cache task: 308037b6-4eff-4249-a707-abbabcabb8a8 !  [THE user: test002] 
[15:46:27.418] [981  ] [ERROR] [error:157]	got error busi back: aef17056-e04f-475d-8cc0-35f5e5e0a38a, code: 1007 
[15:46:27.418] [981  ] [WARN ] [error:167]	busi err back, erase task failed, cannot find cache task: aef17056-e04f-475d-8cc0-35f5e5e0a38a !  [THE user: test002] 
[15:46:27.419] [25110] [ERROR] [error:157]	got error busi back: 689cc0f7-e07a-4045-9cf3-a572a0a2cf2d, code: 1007 
[15:46:27.419] [25110] [WARN ] [error:167]	busi err back, erase task failed, cannot find cache task: 689cc0f7-e07a-4045-9cf3-a572a0a2cf2d !  [THE user: test002] 
[15:46:27.423] [981  ] [ERROR] [error:157]	got error busi back: d72d3e2d-e106-488d-9300-843d0ba09797, code: 1007 
[15:46:27.423] [981  ] [WARN ] [error:167]	busi err back, erase task failed, cannot find cache task: d72d3e2d-e106-488d-9300-843d0ba09797 !  [THE user: test002] 
[15:46:27.426] [25110] [ERROR] [error:157]	got error busi back: 6d8a7d89-8207-4b06-85e9-a8a674b4c369, code: 1007 
[15:46:27.426] [25110] [WARN ] [error:167]	busi err back, erase task failed, cannot find cache task: 6d8a7d89-8207-4b06-85e9-a8a674b4c369 !  [THE user: test002] 
[15:46:27.432] [981  ] [ERROR] [error:157]	got error busi back: ec09b78a-5817-4a0a-9f13-4b2f4c499a8a, code: 1007 
[15:46:27.432] [981  ] [WARN ] [error:167]	busi err back, erase task failed, cannot find cache task: ec09b78a-5817-4a0a-9f13-4b2f4c499a8a !  [THE user: test002] 
[15:46:27.435] [25110] [ERROR] [error:157]	got error busi back: f85d1727-d96a-4976-854b-1ab08775f2d5, code: 1007 
[15:46:27.435] [25110] [WARN ] [error:167]	busi err back, erase task failed, cannot find cache task: f85d1727-d96a-4976-854b-1ab08775f2d5 !  [THE user: test002] 
[15:46:27.435] [981  ] [ERROR] [error:157]	got error busi back: bba82edb-cbbf-4f51-8d74-0017f5470cec, code: 1007 
[15:46:27.435] [981  ] [WARN ] [error:167]	busi err back, erase task failed, cannot find cache task: bba82edb-cbbf-4f51-8d74-0017f5470cec !  [THE user: test002] 
[15:46:27.436] [25110] [ERROR] [error:157]	got error busi back: 85b7c90c-05b6-43e0-8e25-9affa9dc86e1, code: 1007 
[15:46:27.436] [25110] [WARN ] [error:167]	busi err back, erase task failed, cannot find cache task: 85b7c90c-05b6-43e0-8e25-9affa9dc86e1 !  [THE user: test002] 
[15:46:27.437] [25110] [ERROR] [error:157]	got error busi back: 76aa7cb0-66b8-4675-891f-bd33aeb6a156, code: 1007 
[15:46:27.437] [25110] [WARN ] [error:167]	busi err back, erase task failed, cannot find cache task: 76aa7cb0-66b8-4675-891f-bd33aeb6a156 !  [THE user: test002] 
[15:46:27.437] [25110] [ERROR] [error:157]	got error busi back: 60031659-e9ce-4092-8d4b-945df6385041, code: 1007 
[15:46:27.437] [25110] [WARN ] [error:167]	busi err back, erase task failed, cannot find cache task: 60031659-e9ce-4092-8d4b-945df6385041 !  [THE user: test002] 
[15:46:27.439] [25110] [ERROR] [error:157]	got error busi back: 78c96a59-23f6-406c-a18d-b328bcbb1553, code: 1007 
[15:46:27.439] [25110] [WARN ] [error:167]	busi err back, erase task failed, cannot find cache task: 78c96a59-23f6-406c-a18d-b328bcbb1553 !  [THE user: test002] 
[15:46:27.441] [25110] [ERROR] [error:157]	got error busi back: 014f8a36-3cfa-4605-b133-9ea0c8471e3c, code: 1007 
[15:46:27.441] [25110] [WARN ] [error:167]	busi err back, erase task failed, cannot find cache task: 014f8a36-3cfa-4605-b133-9ea0c8471e3c !  [THE user: test002] 
[15:46:27.442] [25110] [ERROR] [error:157]	got error busi back: fac8b126-b5c5-48cc-ae86-d65090cc96ff, code: 1007 
[15:46:27.442] [25110] [WARN ] [error:167]	busi err back, erase task failed, cannot find cache task: fac8b126-b5c5-48cc-ae86-d65090cc96ff !  [THE user: test002] 
[15:46:27.442] [25110] [ERROR] [error:157]	got error busi back: 4452d012-3425-499d-9f1f-fea0f036972f, code: 1007 
[15:46:27.442] [25110] [WARN ] [error:167]	busi err back, erase task failed, cannot find cache task: 4452d012-3425-499d-9f1f-fea0f036972f !  [THE user: test002] 
[15:46:27.443] [25110] [ERROR] [error:157]	got error busi back: 86da3dca-64da-4567-89da-e5704d0a340f, code: 1007 
[15:46:27.443] [25110] [WARN ] [error:167]	busi err back, erase task failed, cannot find cache task: 86da3dca-64da-4567-89da-e5704d0a340f !  [THE user: test002] 
[15:46:27.444] [25110] [ERROR] [error:157]	got error busi back: 958ac688-65c7-4e25-8b28-0d5635e0b5c9, code: 1007 
[15:46:27.444] [25110] [WARN ] [error:167]	busi err back, erase task failed, cannot find cache task: 958ac688-65c7-4e25-8b28-0d5635e0b5c9 !  [THE user: test002] 
[15:46:27.444] [25110] [ERROR] [error:157]	got error busi back: 2a349257-a1df-4144-96d9-9c2b48a9cfbb, code: 1007 
[15:46:27.444] [25110] [WARN ] [error:167]	busi err back, erase task failed, cannot find cache task: 2a349257-a1df-4144-96d9-9c2b48a9cfbb !  [THE user: test002] 
[15:46:27.445] [25110] [ERROR] [error:157]	got error busi back: f031ba9f-953d-46c1-a90b-0d3f37f592fe, code: 1007 
[15:46:27.445] [25110] [WARN ] [error:167]	busi err back, erase task failed, cannot find cache task: f031ba9f-953d-46c1-a90b-0d3f37f592fe !  [THE user: test002] 
[15:46:27.447] [25110] [ERROR] [error:157]	got error busi back: 36b912d7-f69d-41a6-959b-37a4ce51cfb8, code: 1007 
[15:46:27.447] [25110] [WARN ] [error:167]	busi err back, erase task failed, cannot find cache task: 36b912d7-f69d-41a6-959b-37a4ce51cfb8 !  [THE user: test002] 
[15:46:27.448] [25110] [ERROR] [error:157]	got error busi back: 473752f3-098c-4068-9855-687f848c5d56, code: 1007 
[15:46:27.448] [25110] [WARN ] [error:167]	busi err back, erase task failed, cannot find cache task: 473752f3-098c-4068-9855-687f848c5d56 !  [THE user: test002] 
[15:46:27.448] [25110] [ERROR] [error:157]	got error busi back: 98e6ec7d-d58a-47cc-86d0-27f8ed9de93b, code: 1007 
[15:46:27.448] [25110] [WARN ] [error:167]	busi err back, erase task failed, cannot find cache task: 98e6ec7d-d58a-47cc-86d0-27f8ed9de93b !  [THE user: test002] 
[15:46:27.451] [25110] [ERROR] [error:157]	got error busi back: bf26f160-f08d-4f2c-b512-54b2213e07cb, code: 1007 
[15:46:27.451] [25110] [WARN ] [error:167]	busi err back, erase task failed, cannot find cache task: bf26f160-f08d-4f2c-b512-54b2213e07cb !  [THE user: test002] 
[15:46:27.451] [25110] [ERROR] [error:157]	got error busi back: 599f2e9a-460e-4745-a431-63f1a9318e75, code: 1007 
[15:46:27.451] [25110] [WARN ] [error:167]	busi err back, erase task failed, cannot find cache task: 599f2e9a-460e-4745-a431-63f1a9318e75 !  [THE user: test002] 
[15:46:27.452] [25110] [ERROR] [error:157]	got error busi back: b5564c12-1b7b-46a3-a977-fa0a1d942301, code: 1007 
[15:46:27.452] [25110] [WARN ] [error:167]	busi err back, erase task failed, cannot find cache task: b5564c12-1b7b-46a3-a977-fa0a1d942301 !  [THE user: test002] 
[15:46:27.453] [25110] [ERROR] [error:157]	got error busi back: 582c419c-984b-4485-9828-158279f48abf, code: 1007 
[15:46:27.453] [25110] [WARN ] [error:167]	busi err back, erase task failed, cannot find cache task: 582c419c-984b-4485-9828-158279f48abf !  [THE user: test002] 
[15:46:27.460] [25110] [ERROR] [error:157]	got error busi back: a425cfa9-5ac1-4607-874c-0534d8196fb6, code: 1007 
[15:46:27.460] [25110] [WARN ] [error:167]	busi err back, erase task failed, cannot find cache task: a425cfa9-5ac1-4607-874c-0534d8196fb6 !  [THE user: test002] 
[15:46:27.462] [25110] [ERROR] [error:157]	got error busi back: 5edb3deb-5679-45c4-af8e-7a766763231d, code: 1007 
[15:46:27.462] [25110] [WARN ] [error:167]	busi err back, erase task failed, cannot find cache task: 5edb3deb-5679-45c4-af8e-7a766763231d !  [THE user: test002] 
[15:46:27.465] [25110] [ERROR] [error:157]	got error busi back: 908007e8-a282-4bb3-9c3b-3b1417e19f3c, code: 1007 
[15:46:27.465] [25110] [WARN ] [error:167]	busi err back, erase task failed, cannot find cache task: 908007e8-a282-4bb3-9c3b-3b1417e19f3c !  [THE user: test002] 
[15:46:27.467] [25110] [ERROR] [error:157]	got error busi back: 1b876f2e-f80e-4b81-a157-ec88dc9ec586, code: 1007 
[15:46:27.467] [25110] [WARN ] [error:167]	busi err back, erase task failed, cannot find cache task: 1b876f2e-f80e-4b81-a157-ec88dc9ec586 !  [THE user: test002] 
[15:46:27.467] [25110] [ERROR] [error:157]	got error busi back: a926fc2b-504d-4761-b0bf-47e08060e938, code: 1007 
[15:46:27.467] [25110] [WARN ] [error:167]	busi err back, erase task failed, cannot find cache task: a926fc2b-504d-4761-b0bf-47e08060e938 !  [THE user: test002] 
[15:46:27.469] [25110] [ERROR] [error:157]	got error busi back: f8356e45-e93f-4bff-93d7-0a4e67497d16, code: 1007 
[15:46:27.470] [25110] [WARN ] [error:167]	busi err back, erase task failed, cannot find cache task: f8356e45-e93f-4bff-93d7-0a4e67497d16 !  [THE user: test002] 
[15:46:27.473] [25110] [ERROR] [error:157]	got error busi back: 5a52949b-4c9e-4d4f-9371-195de7f401af, code: 1007 
[15:46:27.473] [25110] [WARN ] [error:167]	busi err back, erase task failed, cannot find cache task: 5a52949b-4c9e-4d4f-9371-195de7f401af !  [THE user: test002] 
[15:46:27.476] [25110] [ERROR] [error:157]	got error busi back: fc67ed26-d42c-4e76-86bf-b0c6a847a656, code: 1007 
[15:46:27.476] [25110] [WARN ] [error:167]	busi err back, erase task failed, cannot find cache task: fc67ed26-d42c-4e76-86bf-b0c6a847a656 !  [THE user: test002] 
[15:46:27.477] [25110] [ERROR] [error:157]	got error busi back: 0250274b-8c5c-4187-b4c7-7accdb6ef9b5, code: 1007 
[15:46:27.477] [25110] [WARN ] [error:167]	busi err back, erase task failed, cannot find cache task: 0250274b-8c5c-4187-b4c7-7accdb6ef9b5 !  [THE user: test002] 
[15:46:27.478] [25110] [ERROR] [error:157]	got error busi back: 18891c90-06df-4a9c-89ae-92b665d10bb8, code: 1007 
[15:46:27.478] [25110] [WARN ] [error:167]	busi err back, erase task failed, cannot find cache task: 18891c90-06df-4a9c-89ae-92b665d10bb8 !  [THE user: test002] 
[15:46:27.478] [25110] [ERROR] [error:157]	got error busi back: b024c036-6002-45f4-b4e2-ef5e7cb0c551, code: 1007 
[15:46:27.479] [25110] [WARN ] [error:167]	busi err back, erase task failed, cannot find cache task: b024c036-6002-45f4-b4e2-ef5e7cb0c551 !  [THE user: test002] 
[15:46:27.481] [25110] [ERROR] [error:157]	got error busi back: bd01086b-abfc-4789-81df-853a6d51fd11, code: 1007 
[15:46:27.481] [25110] [WARN ] [error:167]	busi err back, erase task failed, cannot find cache task: bd01086b-abfc-4789-81df-853a6d51fd11 !  [THE user: test002] 
[15:46:27.482] [25110] [ERROR] [error:157]	got error busi back: 50d808e7-6f1e-47bb-9044-acfe80ff4a1a, code: 1007 
[15:46:27.482] [25110] [WARN ] [error:167]	busi err back, erase task failed, cannot find cache task: 50d808e7-6f1e-47bb-9044-acfe80ff4a1a !  [THE user: test002] 
[15:46:27.482] [25110] [ERROR] [error:157]	got error busi back: 89e9abf3-5838-491c-a431-222cf74f0d51, code: 1007 
[15:46:27.482] [25110] [WARN ] [error:167]	busi err back, erase task failed, cannot find cache task: 89e9abf3-5838-491c-a431-222cf74f0d51 !  [THE user: test002] 
[15:46:27.483] [25110] [ERROR] [error:157]	got error busi back: 6f9f51a0-3781-4757-89b6-f7d65e5ca6e4, code: 1007 
[15:46:27.483] [25110] [WARN ] [error:167]	busi err back, erase task failed, cannot find cache task: 6f9f51a0-3781-4757-89b6-f7d65e5ca6e4 !  [THE user: test002] 
[15:46:27.484] [25110] [ERROR] [error:157]	got error busi back: 25a999ea-a65c-4ce6-9c0d-46732b600512, code: 1007 
[15:46:27.484] [25110] [WARN ] [error:167]	busi err back, erase task failed, cannot find cache task: 25a999ea-a65c-4ce6-9c0d-46732b600512 !  [THE user: test002] 
[15:46:27.484] [25110] [ERROR] [error:157]	got error busi back: 47e65463-a686-401c-8faf-a2ee65631864, code: 1007 
[15:46:27.484] [25110] [WARN ] [error:167]	busi err back, erase task failed, cannot find cache task: 47e65463-a686-401c-8faf-a2ee65631864 !  [THE user: test002] 
[15:46:27.485] [25110] [ERROR] [error:157]	got error busi back: 5d7771d1-b917-492d-91d7-385b02ec5ff3, code: 1007 
[15:46:27.485] [25110] [WARN ] [error:167]	busi err back, erase task failed, cannot find cache task: 5d7771d1-b917-492d-91d7-385b02ec5ff3 !  [THE user: test002] 
[15:46:27.486] [25110] [ERROR] [error:157]	got error busi back: 7ef04e3a-19b9-44e8-8df3-e7a8bc3d729b, code: 1007 
[15:46:27.486] [25110] [WARN ] [error:167]	busi err back, erase task failed, cannot find cache task: 7ef04e3a-19b9-44e8-8df3-e7a8bc3d729b !  [THE user: test002] 
[15:46:27.486] [25110] [ERROR] [error:157]	got error busi back: a16205d9-bf07-40fb-915e-088e71002bef, code: 1007 
[15:46:27.486] [25110] [WARN ] [error:167]	busi err back, erase task failed, cannot find cache task: a16205d9-bf07-40fb-915e-088e71002bef !  [THE user: test002] 
[15:46:27.487] [25110] [ERROR] [error:157]	got error busi back: df02463e-efd5-4d64-99aa-e09ff4662ef5, code: 1007 
[15:46:27.487] [25110] [WARN ] [error:167]	busi err back, erase task failed, cannot find cache task: df02463e-efd5-4d64-99aa-e09ff4662ef5 !  [THE user: test002] 
[15:46:27.491] [25110] [ERROR] [error:157]	got error busi back: 74d4c184-06af-40af-86b0-87b89c1ef06a, code: 1007 
[15:46:27.491] [25110] [WARN ] [error:167]	busi err back, erase task failed, cannot find cache task: 74d4c184-06af-40af-86b0-87b89c1ef06a !  [THE user: test002] 
[15:46:27.492] [25110] [ERROR] [error:157]	got error busi back: cbb492ee-60fb-4c02-a46d-62bf1e7bab7f, code: 1007 
[15:46:27.492] [25110] [WARN ] [error:167]	busi err back, erase task failed, cannot find cache task: cbb492ee-60fb-4c02-a46d-62bf1e7bab7f !  [THE user: test002] 
[15:46:27.492] [981  ] [ERROR] [error:157]	got error busi back: e234999b-691b-4ccc-8f54-ba8faf199c5c, code: 1007 
[15:46:27.492] [981  ] [WARN ] [error:167]	busi err back, erase task failed, cannot find cache task: e234999b-691b-4ccc-8f54-ba8faf199c5c !  [THE user: test002] 
[15:46:27.496] [25110] [ERROR] [error:157]	got error busi back: 086228cf-a771-4300-97ec-8376681ea113, code: 1007 
[15:46:27.496] [25110] [WARN ] [error:167]	busi err back, erase task failed, cannot find cache task: 086228cf-a771-4300-97ec-8376681ea113 !  [THE user: test002] 
[15:46:27.497] [981  ] [ERROR] [error:157]	got error busi back: 7b3f64f7-8ffe-43ce-bea4-08f8ebcf622a, code: 1007 
[15:46:27.497] [981  ] [WARN ] [error:167]	busi err back, erase task failed, cannot find cache task: 7b3f64f7-8ffe-43ce-bea4-08f8ebcf622a !  [THE user: test002] 
[15:46:27.499] [25110] [ERROR] [error:157]	got error busi back: 628887d4-d4bb-4961-8265-fe23128f4c8a, code: 1007 
[15:46:27.499] [25110] [WARN ] [error:167]	busi err back, erase task failed, cannot find cache task: 628887d4-d4bb-4961-8265-fe23128f4c8a !  [THE user: test002] 
[15:46:27.499] [981  ] [ERROR] [error:157]	got error busi back: 98eabb51-e29f-4fb1-a715-339c34f7d7ff, code: 1007 
[15:46:27.499] [981  ] [WARN ] [error:167]	busi err back, erase task failed, cannot find cache task: 98eabb51-e29f-4fb1-a715-339c34f7d7ff !  [THE user: test002] 
[15:46:27.502] [25110] [ERROR] [error:157]	got error busi back: a8a7fb41-6eca-4f2a-ae5f-59e6983d5f83, code: 1007 
[15:46:27.502] [25110] [WARN ] [error:167]	busi err back, erase task failed, cannot find cache task: a8a7fb41-6eca-4f2a-ae5f-59e6983d5f83 !  [THE user: test002] 
[15:46:27.502] [981  ] [ERROR] [error:157]	got error busi back: 16ae256b-7d7b-436e-bf61-7184e8b47fa5, code: 1007 
[15:46:27.502] [981  ] [WARN ] [error:167]	busi err back, erase task failed, cannot find cache task: 16ae256b-7d7b-436e-bf61-7184e8b47fa5 !  [THE user: test002] 
[15:46:45.098] [27989] [WARN ] [~MpcMemPool:48]	the mempool is freed! 
