[17:34:43.149] [28585] [INFO ] [JNI_OnLoad:24]	jvm onload success ! 
[17:34:43.150] [28585] [INFO ] [init:111]	JniNativeCallback init ok. 
[17:34:43.150] [28585] [INFO ] [init:108]	to init engine, user: test002, mode: 0, proxyEndpoint: ProxyGlacier2/router:tcp -h 202.114.114.46 -p 4502 -t 11000 
[17:34:43.150] [28585] [WARN ] [init:130]	Cannot find the --Mpc.Data=xxxxx config item ! 
[17:34:43.150] [28585] [INFO ] [init:156]	Not start node server ! use proxy forward ! 
[17:34:43.150] [28585] [INFO ] [MpcTaskDispatcher:43]	construct task dispatcher, with 3 processor, load balence is: 6000 
[17:34:43.150] [28585] [INFO ] [init:60]	INIT the processor: 0 ok 
[17:34:43.151] [28585] [INFO ] [init:60]	INIT the processor: 1 ok 
[17:34:43.151] [28604] [INFO ] [operator():51]	task processor: 0 is running... 
[17:34:43.151] [28585] [INFO ] [init:60]	INIT the processor: 2 ok 
[17:34:43.151] [28604] [DEBUG] [popReadyTask:166]	to POP a ready task from ready queue to processor, now read_num: 0 ... 
[17:34:43.151] [28585] [INFO ] [init:177]	INIT task dispatcher done ! 
[17:34:43.151] [28605] [INFO ] [operator():51]	task processor: 1 is running... 
[17:34:43.151] [28585] [INFO ] [init:40]	connect to busi proxy server endpoint: ProxyGlacier2/router:tcp -h 202.114.114.46 -p 4502 -t 11000 
[17:34:43.151] [28605] [DEBUG] [popReadyTask:166]	to POP a ready task from ready queue to processor, now read_num: 0 ... 
[17:34:43.151] [28606] [INFO ] [operator():51]	task processor: 2 is running... 
[17:34:43.154] [28606] [DEBUG] [popReadyTask:166]	to POP a ready task from ready queue to processor, now read_num: 0 ... 
[17:34:43.163] [28611] [INFO ] [connected:34]	to get session... 
[17:34:43.163] [28611] [INFO ] [connected:38]	to get create busi node callback... 
[17:34:43.163] [28611] [INFO ] [connected:45]	to set node callback... 
[17:34:43.167] [28611] [WARN ] [connected:54]	the busi session create success. 
[17:34:43.659] [28585] [INFO ] [init:69]	waiting for node busi client inited ... timeout 1s.. 
[17:34:43.659] [28585] [INFO ] [init:74]	the busi node communicator is prepared !!!! 
[17:34:43.659] [28585] [INFO ] [init:86]	INIT busi node client success. user: test002, proxyEndpoint: ProxyGlacier2/router:tcp -h 202.114.114.46 -p 4502 -t 11000 
[17:34:43.659] [28585] [INFO ] [init:187]	INIT busi node client done ! 
[17:34:43.659] [28585] [INFO ] [init:48]	ready process init ok. max request queue size: 3 
[17:34:43.659] [28640] [DEBUG] [popCommitTask:110]	to POP a commit task, task size: 0  ... 
[17:34:43.659] [28585] [INFO ] [init:202]	Mpc engine init success. 
[17:34:43.660] [28585] [INFO ] [Java_com_juzix_jugo_node_jni_NativeInterface_setDataLogLevel:155]	init the log to level: 3, data log state: 0 
[17:34:43.664] [28585] [ERROR] [Java_com_juzix_jugo_node_jni_NativeInterface_startTask:135]	commit a invite task to engine ok ! 
[17:34:49.147] [28610] [WARN ] [allReady:153]	busi allReady callback done,  task: 308e7a37-3ecf-4fc1-9e9b-267558e56999, user: test002, ready: 2 !  
[17:35:09.149] [28604] [WARN ] [processMpcBusi:237]	task processor cannot remove request task: 308e7a37-3ecf-4fc1-9e9b-267558e56999 ! 
[17:35:09.149] [28604] [WARN ] [processTask:130]	processor a MPC task: 308e7a37-3ecf-4fc1-9e9b-267558e56999 Failed ! 
[10:47:28.365] [28610] [ERROR] [error:161]	got error busi back: c0366b40-c2a9-48b8-a033-09f63005f952, code: 1007 
[10:47:28.365] [28610] [WARN ] [error:168]	busi err back, erase task failed, cannot find cache task: c0366b40-c2a9-48b8-a033-09f63005f952 !  [THE user: test002] 
[10:47:28.366] [31524] [ERROR] [error:161]	got error busi back: a758fb68-87dd-4ba8-aa73-28af56157c1e, code: 1007 
[10:47:28.366] [31524] [WARN ] [error:168]	busi err back, erase task failed, cannot find cache task: a758fb68-87dd-4ba8-aa73-28af56157c1e !  [THE user: test002] 
[10:47:28.367] [28610] [ERROR] [error:161]	got error busi back: 47e65463-a686-401c-8faf-a2ee65631864, code: 1007 
[10:47:28.367] [28610] [WARN ] [error:168]	busi err back, erase task failed, cannot find cache task: 47e65463-a686-401c-8faf-a2ee65631864 !  [THE user: test002] 
[10:47:28.368] [31524] [ERROR] [error:161]	got error busi back: 244ef96d-8541-41e1-b5a3-028c73dad48a, code: 1007 
[10:47:28.368] [31524] [WARN ] [error:168]	busi err back, erase task failed, cannot find cache task: 244ef96d-8541-41e1-b5a3-028c73dad48a !  [THE user: test002] 
[10:47:28.369] [28610] [ERROR] [error:161]	got error busi back: 10ab5684-74dc-4597-aa14-edb1912fff66, code: 1007 
[10:47:28.369] [28610] [WARN ] [error:168]	busi err back, erase task failed, cannot find cache task: 10ab5684-74dc-4597-aa14-edb1912fff66 !  [THE user: test002] 
[10:47:28.370] [28610] [ERROR] [error:161]	got error busi back: b5564c12-1b7b-46a3-a977-fa0a1d942301, code: 1007 
[10:47:28.370] [28610] [WARN ] [error:168]	busi err back, erase task failed, cannot find cache task: b5564c12-1b7b-46a3-a977-fa0a1d942301 !  [THE user: test002] 
[10:47:28.370] [28610] [ERROR] [error:161]	got error busi back: 3a6998e3-4d83-4b64-88a9-5863046b5ede, code: 1007 
[10:47:28.370] [28610] [WARN ] [error:168]	busi err back, erase task failed, cannot find cache task: 3a6998e3-4d83-4b64-88a9-5863046b5ede !  [THE user: test002] 
[10:47:28.371] [28610] [ERROR] [error:161]	got error busi back: 308037b6-4eff-4249-a707-abbabcabb8a8, code: 1007 
[10:47:28.371] [28610] [WARN ] [error:168]	busi err back, erase task failed, cannot find cache task: 308037b6-4eff-4249-a707-abbabcabb8a8 !  [THE user: test002] 
[10:47:28.372] [28610] [ERROR] [error:161]	got error busi back: aef17056-e04f-475d-8cc0-35f5e5e0a38a, code: 1007 
[10:47:28.372] [28610] [WARN ] [error:168]	busi err back, erase task failed, cannot find cache task: aef17056-e04f-475d-8cc0-35f5e5e0a38a !  [THE user: test002] 
[10:47:28.373] [28610] [ERROR] [error:161]	got error busi back: 5c033499-96fe-4184-908e-c4c3ccddb7f2, code: 1007 
[10:47:28.373] [28610] [WARN ] [error:168]	busi err back, erase task failed, cannot find cache task: 5c033499-96fe-4184-908e-c4c3ccddb7f2 !  [THE user: test002] 
[10:47:28.373] [28610] [ERROR] [error:161]	got error busi back: 689cc0f7-e07a-4045-9cf3-a572a0a2cf2d, code: 1007 
[10:47:28.373] [28610] [WARN ] [error:168]	busi err back, erase task failed, cannot find cache task: 689cc0f7-e07a-4045-9cf3-a572a0a2cf2d !  [THE user: test002] 
[10:47:28.374] [28610] [ERROR] [error:161]	got error busi back: df02463e-efd5-4d64-99aa-e09ff4662ef5, code: 1007 
[10:47:28.374] [28610] [WARN ] [error:168]	busi err back, erase task failed, cannot find cache task: df02463e-efd5-4d64-99aa-e09ff4662ef5 !  [THE user: test002] 
[10:47:28.375] [28610] [ERROR] [error:161]	got error busi back: 5edb3deb-5679-45c4-af8e-7a766763231d, code: 1007 
[10:47:28.375] [28610] [WARN ] [error:168]	busi err back, erase task failed, cannot find cache task: 5edb3deb-5679-45c4-af8e-7a766763231d !  [THE user: test002] 
[10:47:28.376] [28610] [ERROR] [error:161]	got error busi back: 27aa2967-ea70-4656-99cd-3f8858454c9d, code: 1007 
[10:47:28.376] [28610] [WARN ] [error:168]	busi err back, erase task failed, cannot find cache task: 27aa2967-ea70-4656-99cd-3f8858454c9d !  [THE user: test002] 
[10:47:28.377] [28610] [ERROR] [error:161]	got error busi back: f48fbbca-b644-459e-b952-112a092e15b5, code: 1007 
[10:47:28.377] [28610] [WARN ] [error:168]	busi err back, erase task failed, cannot find cache task: f48fbbca-b644-459e-b952-112a092e15b5 !  [THE user: test002] 
[10:47:28.377] [28610] [ERROR] [error:161]	got error busi back: 74d4c184-06af-40af-86b0-87b89c1ef06a, code: 1007 
[10:47:28.377] [28610] [WARN ] [error:168]	busi err back, erase task failed, cannot find cache task: 74d4c184-06af-40af-86b0-87b89c1ef06a !  [THE user: test002] 
[10:47:28.378] [28610] [ERROR] [error:161]	got error busi back: cf3f91b7-dd8d-4024-8737-52689f2aa5f8, code: 1007 
[10:47:28.378] [28610] [WARN ] [error:168]	busi err back, erase task failed, cannot find cache task: cf3f91b7-dd8d-4024-8737-52689f2aa5f8 !  [THE user: test002] 
[10:47:28.379] [28610] [ERROR] [error:161]	got error busi back: d72d3e2d-e106-488d-9300-843d0ba09797, code: 1007 
[10:47:28.379] [28610] [WARN ] [error:168]	busi err back, erase task failed, cannot find cache task: d72d3e2d-e106-488d-9300-843d0ba09797 !  [THE user: test002] 
[10:47:28.380] [31524] [ERROR] [error:161]	got error busi back: 908007e8-a282-4bb3-9c3b-3b1417e19f3c, code: 1007 
[10:47:28.380] [31524] [WARN ] [error:168]	busi err back, erase task failed, cannot find cache task: 908007e8-a282-4bb3-9c3b-3b1417e19f3c !  [THE user: test002] 
[10:47:28.381] [28610] [ERROR] [error:161]	got error busi back: a926fc2b-504d-4761-b0bf-47e08060e938, code: 1007 
[10:47:28.381] [28610] [WARN ] [error:168]	busi err back, erase task failed, cannot find cache task: a926fc2b-504d-4761-b0bf-47e08060e938 !  [THE user: test002] 
[10:47:28.382] [28610] [ERROR] [error:161]	got error busi back: e5bdd831-07e3-4a30-82ec-7c96609d8869, code: 1007 
[10:47:28.382] [28610] [WARN ] [error:168]	busi err back, erase task failed, cannot find cache task: e5bdd831-07e3-4a30-82ec-7c96609d8869 !  [THE user: test002] 
[10:47:28.383] [28610] [ERROR] [error:161]	got error busi back: f1fac291-a6bb-46a7-8374-ba9371e64352, code: 1007 
[10:47:28.383] [28610] [WARN ] [error:168]	busi err back, erase task failed, cannot find cache task: f1fac291-a6bb-46a7-8374-ba9371e64352 !  [THE user: test002] 
[10:47:28.384] [28610] [ERROR] [error:161]	got error busi back: 086228cf-a771-4300-97ec-8376681ea113, code: 1007 
[10:47:28.384] [28610] [WARN ] [error:168]	busi err back, erase task failed, cannot find cache task: 086228cf-a771-4300-97ec-8376681ea113 !  [THE user: test002] 
[10:47:28.384] [28610] [ERROR] [error:161]	got error busi back: beb4f556-e2b2-473b-ad4e-7cb90d19264e, code: 1007 
[10:47:28.384] [28610] [WARN ] [error:168]	busi err back, erase task failed, cannot find cache task: beb4f556-e2b2-473b-ad4e-7cb90d19264e !  [THE user: test002] 
[10:47:28.385] [28610] [ERROR] [error:161]	got error busi back: 9fa4bbf2-6051-4165-89c2-d9f75ae2ff4a, code: 1007 
[10:47:28.385] [28610] [WARN ] [error:168]	busi err back, erase task failed, cannot find cache task: 9fa4bbf2-6051-4165-89c2-d9f75ae2ff4a !  [THE user: test002] 
[10:47:28.386] [28610] [ERROR] [error:161]	got error busi back: 60031659-e9ce-4092-8d4b-945df6385041, code: 1007 
[10:47:28.386] [28610] [WARN ] [error:168]	busi err back, erase task failed, cannot find cache task: 60031659-e9ce-4092-8d4b-945df6385041 !  [THE user: test002] 
[10:47:28.387] [28610] [ERROR] [error:161]	got error busi back: 5a52949b-4c9e-4d4f-9371-195de7f401af, code: 1007 
[10:47:28.387] [28610] [WARN ] [error:168]	busi err back, erase task failed, cannot find cache task: 5a52949b-4c9e-4d4f-9371-195de7f401af !  [THE user: test002] 
[10:47:28.388] [28610] [ERROR] [error:161]	got error busi back: 014f8a36-3cfa-4605-b133-9ea0c8471e3c, code: 1007 
[10:47:28.388] [28610] [WARN ] [error:168]	busi err back, erase task failed, cannot find cache task: 014f8a36-3cfa-4605-b133-9ea0c8471e3c !  [THE user: test002] 
[10:47:28.388] [28610] [ERROR] [error:161]	got error busi back: 091b0d01-ffb3-485f-9b51-9c41da6cd70c, code: 1007 
[10:47:28.388] [28610] [WARN ] [error:168]	busi err back, erase task failed, cannot find cache task: 091b0d01-ffb3-485f-9b51-9c41da6cd70c !  [THE user: test002] 
[10:47:28.389] [28610] [ERROR] [error:161]	got error busi back: 18fbf605-2c8f-41f6-ac8d-a849d006aee1, code: 1007 
[10:47:28.389] [28610] [WARN ] [error:168]	busi err back, erase task failed, cannot find cache task: 18fbf605-2c8f-41f6-ac8d-a849d006aee1 !  [THE user: test002] 
[10:47:28.390] [28610] [ERROR] [error:161]	got error busi back: 4452d012-3425-499d-9f1f-fea0f036972f, code: 1007 
[10:47:28.390] [28610] [WARN ] [error:168]	busi err back, erase task failed, cannot find cache task: 4452d012-3425-499d-9f1f-fea0f036972f !  [THE user: test002] 
[10:47:28.391] [28610] [ERROR] [error:161]	got error busi back: 18891c90-06df-4a9c-89ae-92b665d10bb8, code: 1007 
[10:47:28.391] [28610] [WARN ] [error:168]	busi err back, erase task failed, cannot find cache task: 18891c90-06df-4a9c-89ae-92b665d10bb8 !  [THE user: test002] 
[10:47:28.392] [28610] [ERROR] [error:161]	got error busi back: 7ec9f453-86d0-4c08-9ef8-db504c3250ed, code: 1007 
[10:47:28.392] [28610] [WARN ] [error:168]	busi err back, erase task failed, cannot find cache task: 7ec9f453-86d0-4c08-9ef8-db504c3250ed !  [THE user: test002] 
[10:47:28.392] [28610] [ERROR] [error:161]	got error busi back: a8a7fb41-6eca-4f2a-ae5f-59e6983d5f83, code: 1007 
[10:47:28.392] [28610] [WARN ] [error:168]	busi err back, erase task failed, cannot find cache task: a8a7fb41-6eca-4f2a-ae5f-59e6983d5f83 !  [THE user: test002] 
[10:47:28.393] [28610] [ERROR] [error:161]	got error busi back: 16ae256b-7d7b-436e-bf61-7184e8b47fa5, code: 1007 
[10:47:28.393] [28610] [WARN ] [error:168]	busi err back, erase task failed, cannot find cache task: 16ae256b-7d7b-436e-bf61-7184e8b47fa5 !  [THE user: test002] 
[10:47:28.394] [28610] [ERROR] [error:161]	got error busi back: 08cc42f0-636a-467c-b05a-8286e1653dc4, code: 1007 
[10:47:28.394] [28610] [WARN ] [error:168]	busi err back, erase task failed, cannot find cache task: 08cc42f0-636a-467c-b05a-8286e1653dc4 !  [THE user: test002] 
