[20:18:42.461] [8620 ] [INFO ] [JNI_OnLoad:24]	jvm onload success ! 
[20:18:42.461] [8620 ] [INFO ] [init:111]	JniNativeCallback init ok. 
[20:18:42.461] [8620 ] [INFO ] [init:108]	to init engine, user: test002, mode: 0, proxyEndpoint: ProxyGlacier2/router:tcp -h 202.114.114.46 -p 4502 -t 11000 
[20:18:42.461] [8620 ] [WARN ] [init:130]	Cannot find the --Mpc.Data=xxxxx config item ! 
[20:18:42.461] [8620 ] [INFO ] [init:156]	Not start node server ! use proxy forward ! 
[20:18:42.462] [8620 ] [INFO ] [MpcTaskDispatcher:43]	construct task dispatcher, with 3 processor, load balence is: 6000 
[20:18:42.462] [8620 ] [INFO ] [init:60]	INIT the processor: 0 ok 
[20:18:42.462] [8620 ] [INFO ] [init:60]	INIT the processor: 1 ok 
[20:18:42.462] [8620 ] [INFO ] [init:60]	INIT the processor: 2 ok 
[12:18:42.462] [8621 ] [INFO ] [operator():51]	task processor: 0 is running... 
[20:18:42.462] [8622 ] [INFO ] [operator():51]	task processor: 1 is running... 
[20:18:42.462] [8620 ] [INFO ] [init:177]	INIT task dispatcher done ! 
[20:18:42.462] [8621 ] [DEBUG] [popReadyTask:166]	to POP a ready task from ready queue to processor, now read_num: 0 ... 
[20:18:42.462] [8620 ] [INFO ] [init:40]	connect to busi proxy server endpoint: ProxyGlacier2/router:tcp -h 202.114.114.46 -p 4502 -t 11000 
[20:18:42.462] [8622 ] [DEBUG] [popReadyTask:166]	to POP a ready task from ready queue to processor, now read_num: 0 ... 
[20:18:42.462] [8623 ] [INFO ] [operator():51]	task processor: 2 is running... 
[20:18:42.462] [8623 ] [DEBUG] [popReadyTask:166]	to POP a ready task from ready queue to processor, now read_num: 0 ... 
[20:18:42.473] [8628 ] [INFO ] [connected:34]	to get session... 
[20:18:42.473] [8628 ] [INFO ] [connected:38]	to get create busi node callback... 
[20:18:42.473] [8628 ] [INFO ] [connected:45]	to set node callback... 
[20:18:42.475] [8628 ] [WARN ] [connected:54]	the busi session create success. 
[20:18:42.969] [8620 ] [INFO ] [init:69]	waiting for node busi client inited ... timeout 1s.. 
[20:18:42.969] [8620 ] [INFO ] [init:74]	the busi node communicator is prepared !!!! 
[20:18:42.969] [8620 ] [INFO ] [init:86]	INIT busi node client success. user: test002, proxyEndpoint: ProxyGlacier2/router:tcp -h 202.114.114.46 -p 4502 -t 11000 
[20:18:42.969] [8620 ] [INFO ] [init:187]	INIT busi node client done ! 
[20:18:42.969] [8620 ] [INFO ] [init:48]	ready process init ok. max request queue size: 3 
[20:18:42.969] [8620 ] [INFO ] [init:202]	Mpc engine init success. 
[20:18:42.969] [8696 ] [DEBUG] [popCommitTask:110]	to POP a commit task, task size: 0  ... 
[20:18:42.970] [8620 ] [INFO ] [Java_com_juzix_jugo_node_jni_NativeInterface_setDataLogLevel:155]	init the log to level: 3, data log state: 0 
[20:18:42.974] [8620 ] [ERROR] [Java_com_juzix_jugo_node_jni_NativeInterface_startTask:135]	commit a invite task to engine ok ! 
[20:18:48.910] [8627 ] [WARN ] [allReady:153]	busi allReady callback done,  task: d8549e83-5168-45b6-b964-79ac06cfe486, user: test002, ready: 2 !  
[20:19:05.817] [8621 ] [WARN ] [processMpcBusi:237]	task processor cannot remove request task: d8549e83-5168-45b6-b964-79ac06cfe486 ! 
[20:19:05.818] [8621 ] [WARN ] [processTask:130]	processor a MPC task: d8549e83-5168-45b6-b964-79ac06cfe486 Failed ! 
[20:19:13.063] [11230] [ERROR] [Java_com_juzix_jugo_node_jni_NativeInterface_startTask:135]	commit a invite task to engine ok ! 
[20:19:13.068] [8627 ] [WARN ] [allReady:153]	busi allReady callback done,  task: 61799ca3-bbcb-465e-81d9-fb2fa149be14, user: test002, ready: 2 !  
[20:19:29.828] [8622 ] [WARN ] [processMpcBusi:237]	task processor cannot remove request task: 61799ca3-bbcb-465e-81d9-fb2fa149be14 ! 
[20:19:29.828] [8622 ] [WARN ] [processTask:130]	processor a MPC task: 61799ca3-bbcb-465e-81d9-fb2fa149be14 Failed ! 
[20:19:43.087] [13908] [ERROR] [Java_com_juzix_jugo_node_jni_NativeInterface_startTask:135]	commit a invite task to engine ok ! 
[20:19:43.092] [8626 ] [WARN ] [allReady:153]	busi allReady callback done,  task: b81d287a-47b8-41a8-a3fa-536be5845747, user: test002, ready: 2 !  
[20:19:59.713] [8623 ] [WARN ] [processMpcBusi:237]	task processor cannot remove request task: b81d287a-47b8-41a8-a3fa-536be5845747 ! 
[20:19:59.713] [8623 ] [WARN ] [processTask:130]	processor a MPC task: b81d287a-47b8-41a8-a3fa-536be5845747 Failed ! 
