[19:16:57.530] [11150] [INFO ] [JNI_OnLoad:24]	jvm onload success ! 
[19:16:57.531] [11150] [INFO ] [init:111]	JniNativeCallback init ok. 
[19:16:57.531] [11150] [INFO ] [init:136]	to init engine, user: test002, mode: 0, proxyEndpoint: ProxyGlacier2/router:tcp -h 202.114.114.46 -p 4502 -t 11000 
[19:16:57.531] [11150] [WARN ] [init:158]	Cannot find the --Mpc.Data=xxxxx config item ! 
[19:16:57.531] [11150] [WARN ] [init:178]	Cannot find the --Mpc.Circuits=xxxxx config item ! not preload circuits !! 
[19:16:57.531] [11150] [INFO ] [init:188]	preload circuits ok ! 
[19:16:57.531] [11150] [INFO ] [init:212]	Not start node server ! use proxy forward ! 
[19:16:57.532] [11150] [INFO ] [MpcTaskDispatcher:39]	construct task dispatcher, with 8 processor, load balence is: 16384 
[19:16:57.532] [11150] [INFO ] [init:63]	INIT the processor: 0, type: 0 ok 
[19:16:57.532] [11153] [INFO ] [operator():54]	task processor: 0 is running... 
[19:16:57.532] [11154] [INFO ] [operator():54]	task processor: 1 is running... 
[19:16:57.532] [11150] [INFO ] [init:63]	INIT the processor: 1, type: 0 ok 
[19:16:57.532] [11153] [INFO ] [popInvitorReadyTask:270]	to POP a ready task from ready invitor queue to processor, now read_num: 0 ... 
[19:16:57.532] [11154] [INFO ] [popInvitorReadyTask:270]	to POP a ready task from ready invitor queue to processor, now read_num: 0 ... 
[19:16:57.532] [11150] [INFO ] [init:63]	INIT the processor: 2, type: 0 ok 
[19:16:57.532] [11155] [INFO ] [operator():54]	task processor: 2 is running... 
[19:16:57.532] [11150] [INFO ] [init:63]	INIT the processor: 3, type: 0 ok 
[19:16:57.532] [11155] [INFO ] [popInvitorReadyTask:270]	to POP a ready task from ready invitor queue to processor, now read_num: 0 ... 
[19:16:57.532] [11156] [INFO ] [operator():54]	task processor: 3 is running... 
[19:16:57.532] [11157] [INFO ] [operator():54]	task processor: 4 is running... 
[19:16:57.532] [11156] [INFO ] [popInvitorReadyTask:270]	to POP a ready task from ready invitor queue to processor, now read_num: 0 ... 
[19:16:57.532] [11150] [INFO ] [init:63]	INIT the processor: 4, type: 1 ok 
[19:16:57.532] [11157] [INFO ] [popInviteeReadyTask:208]	to POP a ready task from ready invitee queue to processor, now read_num: 0 ... 
[19:16:57.533] [11150] [INFO ] [init:63]	INIT the processor: 5, type: 1 ok 
[19:16:57.533] [11158] [INFO ] [operator():54]	task processor: 5 is running... 
[19:16:57.533] [11158] [INFO ] [popInviteeReadyTask:208]	to POP a ready task from ready invitee queue to processor, now read_num: 0 ... 
[19:16:57.533] [11150] [INFO ] [init:63]	INIT the processor: 6, type: 1 ok 
[19:16:57.533] [11159] [INFO ] [operator():54]	task processor: 6 is running... 
[19:16:57.533] [11150] [INFO ] [init:63]	INIT the processor: 7, type: 1 ok 
[19:16:57.533] [11150] [INFO ] [init:234]	INIT task dispatcher done ! 
[19:16:57.533] [11159] [INFO ] [popInviteeReadyTask:208]	to POP a ready task from ready invitee queue to processor, now read_num: 0 ... 
[19:16:57.533] [11160] [INFO ] [operator():54]	task processor: 7 is running... 
[19:16:57.533] [11160] [INFO ] [popInviteeReadyTask:208]	to POP a ready task from ready invitee queue to processor, now read_num: 0 ... 
[19:16:57.535] [11150] [INFO ] [init:64]	connect to busi proxy server endpoint: ProxyGlacier2/router:tcp -h 202.114.114.46 -p 4502 -t 11000 
[19:16:57.551] [11165] [INFO ] [connected:34]	to get session... 
[19:16:57.551] [11165] [INFO ] [connected:38]	to get create busi node callback... 
[19:16:57.551] [11165] [INFO ] [connected:46]	to set node callback, public endpoint: ProxyGlacier2/router:tcp -h 202.114.114.46 -p 4502 -t 11000, user: test002 ... 
[19:16:57.554] [11165] [WARN ] [connected:55]	the busi session create success. 
[19:16:58.043] [11150] [INFO ] [init:69]	waiting for node busi client inited ... timeout 1s.. 
[19:16:58.043] [11150] [INFO ] [init:74]	the busi node communicator is prepared !!!! 
[19:16:58.043] [11150] [INFO ] [init:86]	INIT busi node client success. user: test002, proxyEndpoint: ProxyGlacier2/router:tcp -h 202.114.114.46 -p 4502 -t 11000 
[19:16:58.043] [11150] [INFO ] [init:244]	INIT busi node client done ! 
[19:16:58.043] [11150] [INFO ] [init:48]	input ready process init ok. 
[19:16:58.043] [11150] [INFO ] [init:253]	INIT input ready processor done ! 
[19:16:58.044] [11150] [INFO ] [init:48]	ready process init ok. max request queue size: 4 
[19:16:58.044] [11150] [INFO ] [init:263]	INIT ready processor done ! 
[19:16:58.044] [11150] [INFO ] [init:269]	Mpc engine init success. 
[19:16:58.044] [11201] [INFO ] [popCommitTask:127]	to POP a commit task, task size: 0  ... 
[19:16:58.044] [11150] [INFO ] [Java_com_juzix_jugo_node_jni_NativeInterface_setDataLogLevel:155]	init the log to level: 3, data log state: 0 
[19:16:58.048] [11150] [ERROR] [Java_com_juzix_jugo_node_jni_NativeInterface_startTask:135]	commit a invite task to engine ok ! 
[19:16:58.116] [11150] [ERROR] [Java_com_juzix_jugo_node_jni_NativeInterface_startTask:135]	commit a invite task to engine ok ! 
[19:16:58.122] [11150] [ERROR] [Java_com_juzix_jugo_node_jni_NativeInterface_startTask:135]	commit a invite task to engine ok ! 
[19:16:59.354] [11164] [WARN ] [MpcMemPool:42]	the mempool construction, size: 134217728, mem: 0x7f773bfff010 
[19:18:51.292] [10596] [WARN ] [~MpcMemPool:48]	the mempool is freed! 
