[15:28:06.766] [6156 ] [INFO ] [JNI_OnLoad:24]	jvm onload success ! 
[15:28:06.767] [6156 ] [INFO ] [init:111]	JniNativeCallback init ok. 
[15:28:06.767] [6156 ] [INFO ] [init:136]	to init engine, user: test002, mode: 0, proxyEndpoint: ProxyGlacier2/router:tcp -h 202.114.114.46 -p 4502 -t 11000 
[15:28:06.767] [6156 ] [WARN ] [init:158]	Cannot find the --Mpc.Data=xxxxx config item ! 
[15:28:06.767] [6156 ] [WARN ] [init:178]	Cannot find the --Mpc.Circuits=xxxxx config item ! not preload circuits !! 
[15:28:06.767] [6156 ] [INFO ] [init:188]	preload circuits ok ! 
[15:28:06.767] [6156 ] [INFO ] [init:212]	Not start node server ! use proxy forward ! 
[15:28:06.767] [6156 ] [INFO ] [MpcTaskDispatcher:39]	construct task dispatcher, with 8 processor, load balence is: 16384 
[15:28:06.767] [6156 ] [INFO ] [init:63]	INIT the processor: 0, type: 0 ok 
[15:28:06.767] [6156 ] [INFO ] [init:63]	INIT the processor: 1, type: 0 ok 
[15:28:06.767] [6156 ] [INFO ] [init:63]	INIT the processor: 2, type: 0 ok 
[15:28:06.767] [6156 ] [INFO ] [init:63]	INIT the processor: 3, type: 0 ok 
[15:28:06.767] [6156 ] [INFO ] [init:63]	INIT the processor: 4, type: 1 ok 
[15:28:06.768] [6156 ] [INFO ] [init:63]	INIT the processor: 5, type: 1 ok 
[15:28:06.768] [6156 ] [INFO ] [init:63]	INIT the processor: 6, type: 1 ok 
[15:28:06.768] [6156 ] [INFO ] [init:63]	INIT the processor: 7, type: 1 ok 
[15:28:06.768] [6156 ] [INFO ] [init:234]	INIT task dispatcher done ! 
[15:28:06.769] [6156 ] [INFO ] [init:64]	connect to busi proxy server endpoint: ProxyGlacier2/router:tcp -h 202.114.114.46 -p 4502 -t 11000 
[15:28:06.770] [6176 ] [INFO ] [operator():54]	task processor: 4 is running... 
[15:28:06.770] [6176 ] [INFO ] [popInviteeReadyTask:208]	to POP a ready task from ready invitee queue to processor, now read_num: 0 ... 
[15:28:06.771] [6172 ] [INFO ] [operator():54]	task processor: 0 is running... 
[15:28:06.771] [6172 ] [INFO ] [popInvitorReadyTask:270]	to POP a ready task from ready invitor queue to processor, now read_num: 0 ... 
[15:28:06.771] [6177 ] [INFO ] [operator():54]	task processor: 5 is running... 
[15:28:06.771] [6177 ] [INFO ] [popInviteeReadyTask:208]	to POP a ready task from ready invitee queue to processor, now read_num: 0 ... 
[15:28:06.772] [6179 ] [INFO ] [operator():54]	task processor: 7 is running... 
[15:28:06.772] [6179 ] [INFO ] [popInviteeReadyTask:208]	to POP a ready task from ready invitee queue to processor, now read_num: 0 ... 
[15:28:06.772] [6175 ] [INFO ] [operator():54]	task processor: 3 is running... 
[15:28:06.772] [6175 ] [INFO ] [popInvitorReadyTask:270]	to POP a ready task from ready invitor queue to processor, now read_num: 0 ... 
[15:28:06.773] [6173 ] [INFO ] [operator():54]	task processor: 1 is running... 
[15:28:06.773] [6173 ] [INFO ] [popInvitorReadyTask:270]	to POP a ready task from ready invitor queue to processor, now read_num: 0 ... 
[15:28:06.773] [6178 ] [INFO ] [operator():54]	task processor: 6 is running... 
[15:28:06.773] [6178 ] [INFO ] [popInviteeReadyTask:208]	to POP a ready task from ready invitee queue to processor, now read_num: 0 ... 
[15:28:06.773] [6174 ] [INFO ] [operator():54]	task processor: 2 is running... 
[15:28:06.773] [6174 ] [INFO ] [popInvitorReadyTask:270]	to POP a ready task from ready invitor queue to processor, now read_num: 0 ... 
[15:28:06.790] [6185 ] [INFO ] [connected:34]	to get session... 
[15:28:06.790] [6185 ] [INFO ] [connected:38]	to get create busi node callback... 
[15:28:06.790] [6185 ] [INFO ] [connected:46]	to set node callback, public endpoint: ProxyGlacier2/router:tcp -h 202.114.114.46 -p 4502 -t 11000, user: test002 ... 
[15:28:06.792] [6185 ] [WARN ] [connected:55]	the busi session create success. 
[15:28:07.276] [6156 ] [INFO ] [init:69]	waiting for node busi client inited ... timeout 1s.. 
[15:28:07.276] [6156 ] [INFO ] [init:74]	the busi node communicator is prepared !!!! 
[15:28:07.276] [6156 ] [INFO ] [init:86]	INIT busi node client success. user: test002, proxyEndpoint: ProxyGlacier2/router:tcp -h 202.114.114.46 -p 4502 -t 11000 
[15:28:07.276] [6156 ] [INFO ] [init:244]	INIT busi node client done ! 
[15:28:07.276] [6156 ] [INFO ] [init:48]	input ready process init ok. 
[15:28:07.276] [6156 ] [INFO ] [init:253]	INIT input ready processor done ! 
[15:28:07.276] [6156 ] [INFO ] [init:48]	ready process init ok. max request queue size: 4 
[15:28:07.276] [6156 ] [INFO ] [init:263]	INIT ready processor done ! 
[15:28:07.276] [6156 ] [INFO ] [init:269]	Mpc engine init success. 
[15:28:07.276] [6231 ] [INFO ] [popCommitTask:127]	to POP a commit task, task size: 0  ... 
[15:28:07.277] [6156 ] [INFO ] [Java_com_juzix_jugo_node_jni_NativeInterface_setDataLogLevel:155]	init the log to level: 3, data log state: 0 
[15:28:07.280] [6156 ] [ERROR] [Java_com_juzix_jugo_node_jni_NativeInterface_startTask:135]	commit a invite task to engine ok ! 
[15:28:07.342] [6156 ] [ERROR] [Java_com_juzix_jugo_node_jni_NativeInterface_startTask:135]	commit a invite task to engine ok ! 
[15:28:07.365] [6156 ] [ERROR] [Java_com_juzix_jugo_node_jni_NativeInterface_startTask:135]	commit a invite task to engine ok ! 
[15:28:07.370] [6156 ] [ERROR] [Java_com_juzix_jugo_node_jni_NativeInterface_startTask:135]	commit a invite task to engine ok ! 
[15:28:07.378] [6156 ] [ERROR] [Java_com_juzix_jugo_node_jni_NativeInterface_startTask:135]	commit a invite task to engine ok ! 
[15:28:07.384] [6156 ] [ERROR] [Java_com_juzix_jugo_node_jni_NativeInterface_startTask:135]	commit a invite task to engine ok ! 
[15:28:07.387] [6156 ] [ERROR] [Java_com_juzix_jugo_node_jni_NativeInterface_startTask:135]	commit a invite task to engine ok ! 
[15:28:07.391] [6156 ] [ERROR] [Java_com_juzix_jugo_node_jni_NativeInterface_startTask:135]	commit a invite task to engine ok ! 
[15:28:07.399] [6156 ] [ERROR] [Java_com_juzix_jugo_node_jni_NativeInterface_startTask:135]	commit a invite task to engine ok ! 
[15:28:07.404] [6156 ] [ERROR] [Java_com_juzix_jugo_node_jni_NativeInterface_startTask:135]	commit a invite task to engine ok ! 
[15:28:07.412] [6156 ] [ERROR] [Java_com_juzix_jugo_node_jni_NativeInterface_startTask:135]	commit a invite task to engine ok ! 
[15:28:07.417] [6156 ] [ERROR] [Java_com_juzix_jugo_node_jni_NativeInterface_startTask:135]	commit a invite task to engine ok ! 
[15:28:07.421] [6156 ] [ERROR] [Java_com_juzix_jugo_node_jni_NativeInterface_startTask:135]	commit a invite task to engine ok ! 
[15:28:07.426] [6156 ] [ERROR] [Java_com_juzix_jugo_node_jni_NativeInterface_startTask:135]	commit a invite task to engine ok ! 
[15:28:07.432] [6156 ] [ERROR] [Java_com_juzix_jugo_node_jni_NativeInterface_startTask:135]	commit a invite task to engine ok ! 
[15:28:07.437] [6156 ] [ERROR] [Java_com_juzix_jugo_node_jni_NativeInterface_startTask:135]	commit a invite task to engine ok ! 
[15:28:07.442] [6156 ] [ERROR] [Java_com_juzix_jugo_node_jni_NativeInterface_startTask:135]	commit a invite task to engine ok ! 
[15:28:07.446] [6156 ] [ERROR] [Java_com_juzix_jugo_node_jni_NativeInterface_startTask:135]	commit a invite task to engine ok ! 
[15:28:07.451] [6156 ] [ERROR] [Java_com_juzix_jugo_node_jni_NativeInterface_startTask:135]	commit a invite task to engine ok ! 
[15:28:07.455] [6156 ] [ERROR] [Java_com_juzix_jugo_node_jni_NativeInterface_startTask:135]	commit a invite task to engine ok ! 
[15:28:07.460] [6156 ] [ERROR] [Java_com_juzix_jugo_node_jni_NativeInterface_startTask:135]	commit a invite task to engine ok ! 
[15:28:07.464] [6156 ] [ERROR] [Java_com_juzix_jugo_node_jni_NativeInterface_startTask:135]	commit a invite task to engine ok ! 
[15:28:07.471] [6156 ] [ERROR] [Java_com_juzix_jugo_node_jni_NativeInterface_startTask:135]	commit a invite task to engine ok ! 
[15:28:07.478] [6156 ] [ERROR] [Java_com_juzix_jugo_node_jni_NativeInterface_startTask:135]	commit a invite task to engine ok ! 
[15:28:07.489] [6156 ] [ERROR] [Java_com_juzix_jugo_node_jni_NativeInterface_startTask:135]	commit a invite task to engine ok ! 
[15:28:07.493] [6156 ] [ERROR] [Java_com_juzix_jugo_node_jni_NativeInterface_startTask:135]	commit a invite task to engine ok ! 
[15:28:07.497] [6156 ] [ERROR] [Java_com_juzix_jugo_node_jni_NativeInterface_startTask:135]	commit a invite task to engine ok ! 
[15:28:07.501] [6156 ] [ERROR] [Java_com_juzix_jugo_node_jni_NativeInterface_startTask:135]	commit a invite task to engine ok ! 
[15:28:07.504] [6156 ] [ERROR] [Java_com_juzix_jugo_node_jni_NativeInterface_startTask:135]	commit a invite task to engine ok ! 
[15:28:07.509] [6156 ] [ERROR] [Java_com_juzix_jugo_node_jni_NativeInterface_startTask:135]	commit a invite task to engine ok ! 
[15:28:07.512] [6156 ] [ERROR] [Java_com_juzix_jugo_node_jni_NativeInterface_startTask:135]	commit a invite task to engine ok ! 
[15:28:07.516] [6156 ] [ERROR] [Java_com_juzix_jugo_node_jni_NativeInterface_startTask:135]	commit a invite task to engine ok ! 
[15:28:07.520] [6156 ] [ERROR] [Java_com_juzix_jugo_node_jni_NativeInterface_startTask:135]	commit a invite task to engine ok ! 
[15:28:07.523] [6156 ] [ERROR] [Java_com_juzix_jugo_node_jni_NativeInterface_startTask:135]	commit a invite task to engine ok ! 
[15:28:07.526] [6156 ] [ERROR] [Java_com_juzix_jugo_node_jni_NativeInterface_startTask:135]	commit a invite task to engine ok ! 
[15:28:07.530] [6156 ] [ERROR] [Java_com_juzix_jugo_node_jni_NativeInterface_startTask:135]	commit a invite task to engine ok ! 
[15:28:07.533] [6156 ] [ERROR] [Java_com_juzix_jugo_node_jni_NativeInterface_startTask:135]	commit a invite task to engine ok ! 
[15:28:07.537] [6156 ] [ERROR] [Java_com_juzix_jugo_node_jni_NativeInterface_startTask:135]	commit a invite task to engine ok ! 
[15:28:07.540] [6156 ] [ERROR] [Java_com_juzix_jugo_node_jni_NativeInterface_startTask:135]	commit a invite task to engine ok ! 
[15:28:07.544] [6156 ] [ERROR] [Java_com_juzix_jugo_node_jni_NativeInterface_startTask:135]	commit a invite task to engine ok ! 
[15:28:07.547] [6156 ] [ERROR] [Java_com_juzix_jugo_node_jni_NativeInterface_startTask:135]	commit a invite task to engine ok ! 
[15:28:07.551] [6156 ] [ERROR] [Java_com_juzix_jugo_node_jni_NativeInterface_startTask:135]	commit a invite task to engine ok ! 
[15:28:07.555] [6156 ] [ERROR] [Java_com_juzix_jugo_node_jni_NativeInterface_startTask:135]	commit a invite task to engine ok ! 
[15:28:07.559] [6156 ] [ERROR] [Java_com_juzix_jugo_node_jni_NativeInterface_startTask:135]	commit a invite task to engine ok ! 
[15:28:07.562] [6156 ] [ERROR] [Java_com_juzix_jugo_node_jni_NativeInterface_startTask:135]	commit a invite task to engine ok ! 
[15:28:07.565] [6156 ] [ERROR] [Java_com_juzix_jugo_node_jni_NativeInterface_startTask:135]	commit a invite task to engine ok ! 
[15:28:07.568] [6156 ] [ERROR] [Java_com_juzix_jugo_node_jni_NativeInterface_startTask:135]	commit a invite task to engine ok ! 
[15:28:07.571] [6156 ] [ERROR] [Java_com_juzix_jugo_node_jni_NativeInterface_startTask:135]	commit a invite task to engine ok ! 
[15:28:07.575] [6156 ] [ERROR] [Java_com_juzix_jugo_node_jni_NativeInterface_startTask:135]	commit a invite task to engine ok ! 
[15:28:07.578] [6156 ] [ERROR] [Java_com_juzix_jugo_node_jni_NativeInterface_startTask:135]	commit a invite task to engine ok ! 
[15:28:07.582] [6156 ] [ERROR] [Java_com_juzix_jugo_node_jni_NativeInterface_startTask:135]	commit a invite task to engine ok ! 
[15:28:07.587] [6156 ] [ERROR] [Java_com_juzix_jugo_node_jni_NativeInterface_startTask:135]	commit a invite task to engine ok ! 
[15:28:07.591] [6156 ] [ERROR] [Java_com_juzix_jugo_node_jni_NativeInterface_startTask:135]	commit a invite task to engine ok ! 
[15:28:07.595] [6156 ] [ERROR] [Java_com_juzix_jugo_node_jni_NativeInterface_startTask:135]	commit a invite task to engine ok ! 
[15:28:07.598] [6156 ] [ERROR] [Java_com_juzix_jugo_node_jni_NativeInterface_startTask:135]	commit a invite task to engine ok ! 
[15:28:07.601] [6156 ] [ERROR] [Java_com_juzix_jugo_node_jni_NativeInterface_startTask:135]	commit a invite task to engine ok ! 
[15:28:07.604] [6156 ] [ERROR] [Java_com_juzix_jugo_node_jni_NativeInterface_startTask:135]	commit a invite task to engine ok ! 
[15:28:07.607] [6156 ] [ERROR] [Java_com_juzix_jugo_node_jni_NativeInterface_startTask:135]	commit a invite task to engine ok ! 
[15:28:07.610] [6156 ] [ERROR] [Java_com_juzix_jugo_node_jni_NativeInterface_startTask:135]	commit a invite task to engine ok ! 
[15:28:07.613] [6156 ] [ERROR] [Java_com_juzix_jugo_node_jni_NativeInterface_startTask:135]	commit a invite task to engine ok ! 
[15:28:07.616] [6156 ] [ERROR] [Java_com_juzix_jugo_node_jni_NativeInterface_startTask:135]	commit a invite task to engine ok ! 
[15:28:07.621] [6156 ] [ERROR] [Java_com_juzix_jugo_node_jni_NativeInterface_startTask:135]	commit a invite task to engine ok ! 
[15:28:07.625] [6156 ] [ERROR] [Java_com_juzix_jugo_node_jni_NativeInterface_startTask:135]	commit a invite task to engine ok ! 
[15:28:07.638] [6156 ] [ERROR] [Java_com_juzix_jugo_node_jni_NativeInterface_startTask:135]	commit a invite task to engine ok ! 
[15:28:07.646] [6156 ] [ERROR] [Java_com_juzix_jugo_node_jni_NativeInterface_startTask:135]	commit a invite task to engine ok ! 
[15:28:07.650] [6156 ] [ERROR] [Java_com_juzix_jugo_node_jni_NativeInterface_startTask:135]	commit a invite task to engine ok ! 
[15:28:07.653] [6156 ] [ERROR] [Java_com_juzix_jugo_node_jni_NativeInterface_startTask:135]	commit a invite task to engine ok ! 
[15:28:07.656] [6156 ] [ERROR] [Java_com_juzix_jugo_node_jni_NativeInterface_startTask:135]	commit a invite task to engine ok ! 
[15:28:07.661] [6156 ] [ERROR] [Java_com_juzix_jugo_node_jni_NativeInterface_startTask:135]	commit a invite task to engine ok ! 
[15:28:07.667] [6156 ] [ERROR] [Java_com_juzix_jugo_node_jni_NativeInterface_startTask:135]	commit a invite task to engine ok ! 
[15:28:07.670] [6156 ] [ERROR] [Java_com_juzix_jugo_node_jni_NativeInterface_startTask:135]	commit a invite task to engine ok ! 
[15:28:07.674] [6156 ] [ERROR] [Java_com_juzix_jugo_node_jni_NativeInterface_startTask:135]	commit a invite task to engine ok ! 
[15:28:07.677] [6156 ] [ERROR] [Java_com_juzix_jugo_node_jni_NativeInterface_startTask:135]	commit a invite task to engine ok ! 
[15:28:07.682] [6156 ] [ERROR] [Java_com_juzix_jugo_node_jni_NativeInterface_startTask:135]	commit a invite task to engine ok ! 
[15:28:07.686] [6156 ] [ERROR] [Java_com_juzix_jugo_node_jni_NativeInterface_startTask:135]	commit a invite task to engine ok ! 
[15:28:07.692] [6156 ] [ERROR] [Java_com_juzix_jugo_node_jni_NativeInterface_startTask:135]	commit a invite task to engine ok ! 
[15:28:07.709] [6156 ] [ERROR] [Java_com_juzix_jugo_node_jni_NativeInterface_startTask:135]	commit a invite task to engine ok ! 
[15:28:07.715] [6156 ] [ERROR] [Java_com_juzix_jugo_node_jni_NativeInterface_startTask:135]	commit a invite task to engine ok ! 
[15:28:07.721] [6156 ] [ERROR] [Java_com_juzix_jugo_node_jni_NativeInterface_startTask:135]	commit a invite task to engine ok ! 
[15:28:07.724] [6156 ] [ERROR] [Java_com_juzix_jugo_node_jni_NativeInterface_startTask:135]	commit a invite task to engine ok ! 
[15:28:07.731] [6156 ] [ERROR] [Java_com_juzix_jugo_node_jni_NativeInterface_startTask:135]	commit a invite task to engine ok ! 
[15:28:07.735] [6156 ] [ERROR] [Java_com_juzix_jugo_node_jni_NativeInterface_startTask:135]	commit a invite task to engine ok ! 
[15:28:07.738] [6156 ] [ERROR] [Java_com_juzix_jugo_node_jni_NativeInterface_startTask:135]	commit a invite task to engine ok ! 
[15:28:07.756] [6156 ] [ERROR] [Java_com_juzix_jugo_node_jni_NativeInterface_startTask:135]	commit a invite task to engine ok ! 
[15:28:07.766] [6156 ] [ERROR] [Java_com_juzix_jugo_node_jni_NativeInterface_startTask:135]	commit a invite task to engine ok ! 
[15:28:07.773] [6156 ] [ERROR] [Java_com_juzix_jugo_node_jni_NativeInterface_startTask:135]	commit a invite task to engine ok ! 
[15:28:07.781] [6156 ] [ERROR] [Java_com_juzix_jugo_node_jni_NativeInterface_startTask:135]	commit a invite task to engine ok ! 
[15:28:07.788] [6156 ] [ERROR] [Java_com_juzix_jugo_node_jni_NativeInterface_startTask:135]	commit a invite task to engine ok ! 
[15:28:07.797] [6156 ] [ERROR] [Java_com_juzix_jugo_node_jni_NativeInterface_startTask:135]	commit a invite task to engine ok ! 
[15:28:07.802] [6156 ] [ERROR] [Java_com_juzix_jugo_node_jni_NativeInterface_startTask:135]	commit a invite task to engine ok ! 
[15:28:07.806] [6156 ] [ERROR] [Java_com_juzix_jugo_node_jni_NativeInterface_startTask:135]	commit a invite task to engine ok ! 
[15:28:07.815] [6156 ] [ERROR] [Java_com_juzix_jugo_node_jni_NativeInterface_startTask:135]	commit a invite task to engine ok ! 
[15:28:07.819] [6156 ] [ERROR] [Java_com_juzix_jugo_node_jni_NativeInterface_startTask:135]	commit a invite task to engine ok ! 
[15:28:07.822] [6156 ] [ERROR] [Java_com_juzix_jugo_node_jni_NativeInterface_startTask:135]	commit a invite task to engine ok ! 
[15:28:07.827] [6156 ] [ERROR] [Java_com_juzix_jugo_node_jni_NativeInterface_startTask:135]	commit a invite task to engine ok ! 
[15:28:07.832] [6156 ] [ERROR] [Java_com_juzix_jugo_node_jni_NativeInterface_startTask:135]	commit a invite task to engine ok ! 
[15:28:07.835] [6156 ] [ERROR] [Java_com_juzix_jugo_node_jni_NativeInterface_startTask:135]	commit a invite task to engine ok ! 
[15:28:07.838] [6156 ] [ERROR] [Java_com_juzix_jugo_node_jni_NativeInterface_startTask:135]	commit a invite task to engine ok ! 
[15:28:07.841] [6156 ] [ERROR] [Java_com_juzix_jugo_node_jni_NativeInterface_startTask:135]	commit a invite task to engine ok ! 
[15:28:07.846] [6156 ] [ERROR] [Java_com_juzix_jugo_node_jni_NativeInterface_startTask:135]	commit a invite task to engine ok ! 
