[20:15:00.487] [21172] [INFO ] [JNI_OnLoad:24]	jvm onload success ! 
[20:15:00.488] [21172] [INFO ] [init:111]	JniNativeCallback init ok. 
[20:15:00.488] [21172] [INFO ] [init:108]	to init engine, user: test002, mode: 0, proxyEndpoint: ProxyGlacier2/router:tcp -h 202.114.114.46 -p 4502 -t 11000 
[20:15:00.488] [21172] [WARN ] [init:130]	Cannot find the --Mpc.Data=xxxxx config item ! 
[20:15:00.488] [21172] [INFO ] [init:156]	Not start node server ! use proxy forward ! 
[20:15:00.488] [21172] [INFO ] [MpcTaskDispatcher:43]	construct task dispatcher, with 3 processor, load balence is: 6000 
[20:15:00.488] [21172] [INFO ] [init:60]	INIT the processor: 0 ok 
[20:15:00.488] [21174] [INFO ] [operator():51]	task processor: 0 is running... 
[20:15:00.488] [21172] [INFO ] [init:60]	INIT the processor: 1 ok 
[20:15:00.488] [21174] [DEBUG] [popReadyTask:166]	to POP a ready task from ready queue to processor, now read_num: 0 ... 
[20:15:00.488] [21175] [INFO ] [operator():51]	task processor: 1 is running... 
[20:15:00.488] [21172] [INFO ] [init:60]	INIT the processor: 2 ok 
[20:15:00.488] [21176] [INFO ] [operator():51]	task processor: 2 is running... 
[20:15:00.489] [21176] [DEBUG] [popReadyTask:166]	to POP a ready task from ready queue to processor, now read_num: 0 ... 
[20:15:00.488] [21172] [INFO ] [init:177]	INIT task dispatcher done ! 
[20:15:00.488] [21175] [DEBUG] [popReadyTask:166]	to POP a ready task from ready queue to processor, now read_num: 0 ... 
[20:15:00.489] [21172] [INFO ] [init:40]	connect to busi proxy server endpoint: ProxyGlacier2/router:tcp -h 202.114.114.46 -p 4502 -t 11000 
[20:15:00.503] [21182] [INFO ] [connected:34]	to get session... 
[20:15:00.503] [21182] [INFO ] [connected:38]	to get create busi node callback... 
[20:15:00.503] [21182] [INFO ] [connected:45]	to set node callback... 
[20:15:00.506] [21182] [WARN ] [connected:54]	the busi session create success. 
[20:15:00.995] [21172] [INFO ] [init:69]	waiting for node busi client inited ... timeout 1s.. 
[20:15:00.995] [21172] [INFO ] [init:74]	the busi node communicator is prepared !!!! 
[20:15:00.995] [21172] [INFO ] [init:86]	INIT busi node client success. user: test002, proxyEndpoint: ProxyGlacier2/router:tcp -h 202.114.114.46 -p 4502 -t 11000 
[20:15:00.995] [21172] [INFO ] [init:187]	INIT busi node client done ! 
[20:15:00.995] [21172] [INFO ] [init:48]	ready process init ok. max request queue size: 3 
[20:15:00.995] [21172] [INFO ] [init:202]	Mpc engine init success. 
[20:15:00.995] [21250] [DEBUG] [popCommitTask:110]	to POP a commit task, task size: 0  ... 
[20:15:00.996] [21172] [INFO ] [Java_com_juzix_jugo_node_jni_NativeInterface_setDataLogLevel:155]	init the log to level: 3, data log state: 0 
[20:15:00.000] [21172] [ERROR] [Java_com_juzix_jugo_node_jni_NativeInterface_startTask:135]	commit a invite task to engine ok ! 
[20:15:06.417] [21181] [WARN ] [allReady:153]	busi allReady callback done,  task: feed3ef5-37ba-4009-8efd-1b924912048b, user: test002, ready: 2 !  
[20:15:22.836] [21174] [WARN ] [processMpcBusi:237]	task processor cannot remove request task: feed3ef5-37ba-4009-8efd-1b924912048b ! 
[20:15:22.836] [21174] [WARN ] [processTask:130]	processor a MPC task: feed3ef5-37ba-4009-8efd-1b924912048b Failed ! 
[20:15:31.128] [23820] [ERROR] [Java_com_juzix_jugo_node_jni_NativeInterface_startTask:135]	commit a invite task to engine ok ! 
[20:15:31.133] [21180] [WARN ] [allReady:153]	busi allReady callback done,  task: a6c0d5e4-c4d3-4dba-bcf0-1afbf1af1ece, user: test002, ready: 2 !  
[20:15:48.091] [21176] [WARN ] [processMpcBusi:237]	task processor cannot remove request task: a6c0d5e4-c4d3-4dba-bcf0-1afbf1af1ece ! 
[20:15:48.091] [21176] [WARN ] [processTask:130]	processor a MPC task: a6c0d5e4-c4d3-4dba-bcf0-1afbf1af1ece Failed ! 
[20:16:01.151] [26462] [ERROR] [Java_com_juzix_jugo_node_jni_NativeInterface_startTask:135]	commit a invite task to engine ok ! 
[20:16:01.156] [21181] [WARN ] [allReady:153]	busi allReady callback done,  task: 74fca877-df85-422c-a909-33b4c661408e, user: test002, ready: 2 !  
[20:16:18.012] [21175] [WARN ] [processMpcBusi:237]	task processor cannot remove request task: 74fca877-df85-422c-a909-33b4c661408e ! 
[20:16:18.012] [21175] [WARN ] [processTask:130]	processor a MPC task: 74fca877-df85-422c-a909-33b4c661408e Failed ! 
