[20:17:41.060] [12368] [INFO ] [JNI_OnLoad:24]	jvm onload success ! 
[20:17:41.060] [12368] [INFO ] [init:111]	JniNativeCallback init ok. 
[20:17:41.060] [12368] [INFO ] [init:108]	to init engine, user: test002, mode: 0, proxyEndpoint: ProxyGlacier2/router:tcp -h 202.114.114.46 -p 4502 -t 11000 
[20:17:41.060] [12368] [WARN ] [init:130]	Cannot find the --Mpc.Data=xxxxx config item ! 
[20:17:41.060] [12368] [INFO ] [init:156]	Not start node server ! use proxy forward ! 
[20:17:41.060] [12368] [INFO ] [MpcTaskDispatcher:43]	construct task dispatcher, with 3 processor, load balence is: 6000 
[20:17:41.061] [12368] [INFO ] [init:60]	INIT the processor: 0 ok 
[20:17:41.061] [12388] [INFO ] [operator():51]	task processor: 0 is running... 
[20:17:41.061] [12389] [INFO ] [operator():51]	task processor: 1 is running... 
[20:17:41.061] [12368] [INFO ] [init:60]	INIT the processor: 1 ok 
[20:17:41.061] [12388] [DEBUG] [popReadyTask:166]	to POP a ready task from ready queue to processor, now read_num: 0 ... 
[20:17:41.061] [12389] [DEBUG] [popReadyTask:166]	to POP a ready task from ready queue to processor, now read_num: 0 ... 
[20:17:41.061] [12368] [INFO ] [init:60]	INIT the processor: 2 ok 
[20:17:41.061] [12368] [INFO ] [init:177]	INIT task dispatcher done ! 
[20:17:41.061] [12368] [INFO ] [init:40]	connect to busi proxy server endpoint: ProxyGlacier2/router:tcp -h 202.114.114.46 -p 4502 -t 11000 
[20:17:41.061] [12390] [INFO ] [operator():51]	task processor: 2 is running... 
[20:17:41.061] [12390] [DEBUG] [popReadyTask:166]	to POP a ready task from ready queue to processor, now read_num: 0 ... 
[20:17:41.072] [12395] [INFO ] [connected:34]	to get session... 
[20:17:41.072] [12395] [INFO ] [connected:38]	to get create busi node callback... 
[20:17:41.072] [12395] [INFO ] [connected:45]	to set node callback... 
[20:17:41.075] [12395] [WARN ] [connected:54]	the busi session create success. 
[20:17:41.567] [12368] [INFO ] [init:69]	waiting for node busi client inited ... timeout 1s.. 
[20:17:41.567] [12368] [INFO ] [init:74]	the busi node communicator is prepared !!!! 
[20:17:41.567] [12368] [INFO ] [init:86]	INIT busi node client success. user: test002, proxyEndpoint: ProxyGlacier2/router:tcp -h 202.114.114.46 -p 4502 -t 11000 
[20:17:41.567] [12368] [INFO ] [init:187]	INIT busi node client done ! 
[20:17:41.567] [12368] [INFO ] [init:48]	ready process init ok. max request queue size: 3 
[20:17:41.568] [12368] [INFO ] [init:202]	Mpc engine init success. 
[20:17:41.568] [12414] [DEBUG] [popCommitTask:110]	to POP a commit task, task size: 0  ... 
[20:17:41.568] [12368] [INFO ] [Java_com_juzix_jugo_node_jni_NativeInterface_setDataLogLevel:155]	init the log to level: 3, data log state: 0 
[20:17:41.573] [12368] [ERROR] [Java_com_juzix_jugo_node_jni_NativeInterface_startTask:135]	commit a invite task to engine ok ! 
[20:17:48.038] [12394] [WARN ] [allReady:153]	busi allReady callback done,  task: c18072cb-ad4a-4a57-aed8-ba7eafd1baa2, user: test002, ready: 2 !  
[20:18:11.550] [12388] [WARN ] [processMpcBusi:237]	task processor cannot remove request task: c18072cb-ad4a-4a57-aed8-ba7eafd1baa2 ! 
[20:18:11.550] [12388] [WARN ] [processTask:130]	processor a MPC task: c18072cb-ad4a-4a57-aed8-ba7eafd1baa2 Failed ! 
