[12:09:01.119] [23891] [INFO ] [JNI_OnLoad:24]	jvm onload success ! 
[12:09:01.120] [23891] [INFO ] [init:111]	JniNativeCallback init ok. 
[12:09:01.120] [23891] [INFO ] [init:108]	to init engine, user: test002, mode: 0, proxyEndpoint: ProxyGlacier2/router:tcp -h 202.114.114.46 -p 4502 -t 11000 
[12:09:01.120] [23891] [WARN ] [init:130]	Cannot find the --Mpc.Data=xxxxx config item ! 
[12:09:01.120] [23891] [INFO ] [init:156]	Not start node server ! use proxy forward ! 
[12:09:01.120] [23891] [INFO ] [MpcTaskDispatcher:43]	construct task dispatcher, with 3 processor, load balence is: 6000 
[12:09:01.120] [23891] [INFO ] [init:60]	INIT the processor: 0 ok 
[12:09:01.120] [26063] [INFO ] [operator():51]	task processor: 0 is running... 
[12:09:01.120] [23891] [INFO ] [init:60]	INIT the processor: 1 ok 
[12:09:01.120] [26063] [DEBUG] [popReadyTask:166]	to POP a ready task from ready queue to processor, now read_num: 0 ... 
[12:09:01.120] [26064] [INFO ] [operator():51]	task processor: 1 is running... 
[12:09:01.120] [26064] [DEBUG] [popReadyTask:166]	to POP a ready task from ready queue to processor, now read_num: 0 ... 
[12:09:01.120] [26065] [INFO ] [operator():51]	task processor: 2 is running... 
[12:09:01.120] [23891] [INFO ] [init:60]	INIT the processor: 2 ok 
[12:09:01.120] [26065] [DEBUG] [popReadyTask:166]	to POP a ready task from ready queue to processor, now read_num: 0 ... 
[12:09:01.120] [23891] [INFO ] [init:177]	INIT task dispatcher done ! 
[12:09:01.121] [23891] [INFO ] [init:40]	connect to busi proxy server endpoint: ProxyGlacier2/router:tcp -h 202.114.114.46 -p 4502 -t 11000 
[12:09:01.132] [26070] [INFO ] [connected:34]	to get session... 
[12:09:01.133] [26070] [INFO ] [connected:38]	to get create busi node callback... 
[12:09:01.133] [26070] [INFO ] [connected:45]	to set node callback... 
[12:09:01.135] [26070] [WARN ] [connected:54]	the busi session create success. 
[12:09:01.630] [23891] [INFO ] [init:69]	waiting for node busi client inited ... timeout 1s.. 
[12:09:01.630] [23891] [INFO ] [init:74]	the busi node communicator is prepared !!!! 
[12:09:01.630] [23891] [INFO ] [init:86]	INIT busi node client success. user: test002, proxyEndpoint: ProxyGlacier2/router:tcp -h 202.114.114.46 -p 4502 -t 11000 
[12:09:01.630] [23891] [INFO ] [init:187]	INIT busi node client done ! 
[12:09:01.630] [23891] [INFO ] [init:48]	ready process init ok. max request queue size: 3 
[12:09:01.631] [26095] [DEBUG] [popCommitTask:110]	to POP a commit task, task size: 0  ... 
[12:09:01.631] [23891] [INFO ] [init:202]	Mpc engine init success. 
[12:09:01.631] [23891] [INFO ] [Java_com_juzix_jugo_node_jni_NativeInterface_setDataLogLevel:155]	init the log to level: 3, data log state: 0 
[12:09:01.637] [23891] [ERROR] [Java_com_juzix_jugo_node_jni_NativeInterface_startTask:135]	commit a invite task to engine ok ! 
[12:09:07.060] [26069] [WARN ] [allReady:153]	busi allReady callback done,  task: 568f9505-95fb-4ff6-8e9c-35ec5928eb61, user: test002, ready: 2 !  
[12:09:27.025] [26063] [WARN ] [processMpcBusi:237]	task processor cannot remove request task: 568f9505-95fb-4ff6-8e9c-35ec5928eb61 ! 
[12:09:27.025] [26063] [WARN ] [processTask:130]	processor a MPC task: 568f9505-95fb-4ff6-8e9c-35ec5928eb61 Failed ! 
[12:09:52.503] [23894] [ERROR] [Java_com_juzix_jugo_node_jni_NativeInterface_startTask:135]	commit a invite task to engine ok ! 
[12:09:52.508] [26069] [WARN ] [allReady:153]	busi allReady callback done,  task: eec900ba-12b2-452c-aa2e-db72cc20f8fb, user: test002, ready: 2 !  
[12:10:12.071] [26064] [WARN ] [processMpcBusi:237]	task processor cannot remove request task: eec900ba-12b2-452c-aa2e-db72cc20f8fb ! 
[12:10:12.071] [26064] [WARN ] [processTask:130]	processor a MPC task: eec900ba-12b2-452c-aa2e-db72cc20f8fb Failed ! 
[12:11:11.427] [23892] [ERROR] [Java_com_juzix_jugo_node_jni_NativeInterface_startTask:135]	commit a invite task to engine ok ! 
[12:11:11.433] [26069] [WARN ] [allReady:153]	busi allReady callback done,  task: c7e4db91-fd72-4a5a-a09e-b1c9a6baed1f, user: test002, ready: 2 !  
[12:11:31.336] [26065] [WARN ] [processMpcBusi:237]	task processor cannot remove request task: c7e4db91-fd72-4a5a-a09e-b1c9a6baed1f ! 
[12:11:31.336] [26065] [WARN ] [processTask:130]	processor a MPC task: c7e4db91-fd72-4a5a-a09e-b1c9a6baed1f Failed ! 
