[20:22:35.732] [5201 ] [INFO ] [JNI_OnLoad:24]	jvm onload success ! 
[20:22:35.733] [5201 ] [INFO ] [init:111]	JniNativeCallback init ok. 
[20:22:35.733] [5201 ] [INFO ] [init:108]	to init engine, user: test002, mode: 0, proxyEndpoint: ProxyGlacier2/router:tcp -h 202.114.114.46 -p 4502 -t 11000 
[20:22:35.733] [5201 ] [WARN ] [init:130]	Cannot find the --Mpc.Data=xxxxx config item ! 
[20:22:35.733] [5201 ] [INFO ] [init:156]	Not start node server ! use proxy forward ! 
[20:22:35.734] [5201 ] [INFO ] [MpcTaskDispatcher:43]	construct task dispatcher, with 3 processor, load balence is: 6000 
[20:22:35.734] [5201 ] [INFO ] [init:60]	INIT the processor: 0 ok 
[20:22:35.734] [5218 ] [INFO ] [operator():51]	task processor: 0 is running... 
[20:22:35.734] [5201 ] [INFO ] [init:60]	INIT the processor: 1 ok 
[20:22:35.734] [5218 ] [DEBUG] [popReadyTask:166]	to POP a ready task from ready queue to processor, now read_num: 0 ... 
[20:22:35.734] [5201 ] [INFO ] [init:60]	INIT the processor: 2 ok 
[20:22:35.734] [5201 ] [INFO ] [init:177]	INIT task dispatcher done ! 
[20:22:35.734] [5201 ] [INFO ] [init:40]	connect to busi proxy server endpoint: ProxyGlacier2/router:tcp -h 202.114.114.46 -p 4502 -t 11000 
[20:22:35.735] [5221 ] [INFO ] [operator():51]	task processor: 2 is running... 
[20:22:35.735] [5221 ] [DEBUG] [popReadyTask:166]	to POP a ready task from ready queue to processor, now read_num: 0 ... 
[20:22:35.734] [5220 ] [INFO ] [operator():51]	task processor: 1 is running... 
[20:22:35.739] [5220 ] [DEBUG] [popReadyTask:166]	to POP a ready task from ready queue to processor, now read_num: 0 ... 
[20:22:35.750] [5226 ] [INFO ] [connected:34]	to get session... 
[20:22:35.750] [5226 ] [INFO ] [connected:38]	to get create busi node callback... 
[20:22:35.750] [5226 ] [INFO ] [connected:45]	to set node callback... 
[20:22:35.753] [5226 ] [WARN ] [connected:54]	the busi session create success. 
[20:22:36.243] [5201 ] [INFO ] [init:69]	waiting for node busi client inited ... timeout 1s.. 
[20:22:36.243] [5201 ] [INFO ] [init:74]	the busi node communicator is prepared !!!! 
[20:22:36.243] [5201 ] [INFO ] [init:86]	INIT busi node client success. user: test002, proxyEndpoint: ProxyGlacier2/router:tcp -h 202.114.114.46 -p 4502 -t 11000 
[20:22:36.243] [5201 ] [INFO ] [init:187]	INIT busi node client done ! 
[20:22:36.243] [5201 ] [INFO ] [init:48]	ready process init ok. max request queue size: 3 
[20:22:36.243] [5201 ] [INFO ] [init:202]	Mpc engine init success. 
[20:22:36.243] [5266 ] [DEBUG] [popCommitTask:110]	to POP a commit task, task size: 0  ... 
[20:22:36.244] [5201 ] [INFO ] [Java_com_juzix_jugo_node_jni_NativeInterface_setDataLogLevel:155]	init the log to level: 3, data log state: 0 
[20:22:36.248] [5201 ] [ERROR] [Java_com_juzix_jugo_node_jni_NativeInterface_startTask:135]	commit a invite task to engine ok ! 
[20:22:42.872] [5224 ] [WARN ] [allReady:153]	busi allReady callback done,  task: 03a6b55a-1369-4d3b-bb99-e13e414c0681, user: test002, ready: 2 !  
[20:23:06.033] [5218 ] [WARN ] [processMpcBusi:237]	task processor cannot remove request task: 03a6b55a-1369-4d3b-bb99-e13e414c0681 ! 
[20:23:06.033] [5218 ] [WARN ] [processTask:130]	processor a MPC task: 03a6b55a-1369-4d3b-bb99-e13e414c0681 Failed ! 
[20:24:59.564] [17647] [ERROR] [Java_com_juzix_jugo_node_jni_NativeInterface_startTask:135]	commit a invite task to engine ok ! 
[20:24:59.573] [17651] [WARN ] [allReady:153]	busi allReady callback done,  task: dff4d84e-1198-46d3-8fe2-4c9511aebb1e, user: test002, ready: 2 !  
[20:25:19.456] [5221 ] [WARN ] [processMpcBusi:237]	task processor cannot remove request task: dff4d84e-1198-46d3-8fe2-4c9511aebb1e ! 
[20:25:19.456] [5221 ] [WARN ] [processTask:130]	processor a MPC task: dff4d84e-1198-46d3-8fe2-4c9511aebb1e Failed ! 
