[18:46:27.448] [20556] [INFO ] [JNI_OnLoad:24]	jvm onload success ! 
[18:46:27.449] [20556] [INFO ] [init:111]	JniNativeCallback init ok. 
[18:46:27.449] [20556] [INFO ] [init:136]	to init engine, user: test002, mode: 0, proxyEndpoint: ProxyGlacier2/router:tcp -h 202.114.114.46 -p 4502 -t 11000 
[18:46:27.449] [20556] [WARN ] [init:158]	Cannot find the --Mpc.Data=xxxxx config item ! 
[18:46:27.449] [20556] [WARN ] [init:178]	Cannot find the --Mpc.Circuits=xxxxx config item ! not preload circuits !! 
[18:46:27.449] [20556] [INFO ] [init:188]	preload circuits ok ! 
[18:46:27.449] [20556] [INFO ] [init:212]	Not start node server ! use proxy forward ! 
[18:46:27.449] [20556] [INFO ] [MpcTaskDispatcher:39]	construct task dispatcher, with 8 processor, load balence is: 16384 
[18:46:27.449] [20556] [INFO ] [init:63]	INIT the processor: 0, type: 0 ok 
[18:46:27.449] [20556] [INFO ] [init:63]	INIT the processor: 1, type: 0 ok 
[18:46:27.449] [20559] [INFO ] [operator():54]	task processor: 0 is running... 
[18:46:27.449] [20560] [INFO ] [operator():54]	task processor: 1 is running... 
[18:46:27.449] [20561] [INFO ] [operator():54]	task processor: 2 is running... 
[18:46:27.449] [20556] [INFO ] [init:63]	INIT the processor: 2, type: 0 ok 
[18:46:27.449] [20561] [INFO ] [popInvitorReadyTask:270]	to POP a ready task from ready invitor queue to processor, now read_num: 0 ... 
[18:46:27.449] [20559] [INFO ] [popInvitorReadyTask:270]	to POP a ready task from ready invitor queue to processor, now read_num: 0 ... 
[18:46:27.450] [20556] [INFO ] [init:63]	INIT the processor: 3, type: 0 ok 
[18:46:27.449] [20560] [INFO ] [popInvitorReadyTask:270]	to POP a ready task from ready invitor queue to processor, now read_num: 0 ... 
[18:46:27.450] [20556] [INFO ] [init:63]	INIT the processor: 4, type: 1 ok 
[18:46:27.450] [20562] [INFO ] [operator():54]	task processor: 3 is running... 
[18:46:27.450] [20556] [INFO ] [init:63]	INIT the processor: 5, type: 1 ok 
[18:46:27.450] [20562] [INFO ] [popInvitorReadyTask:270]	to POP a ready task from ready invitor queue to processor, now read_num: 0 ... 
[18:46:27.450] [20564] [INFO ] [operator():54]	task processor: 5 is running... 
[18:46:27.450] [20564] [INFO ] [popInviteeReadyTask:208]	to POP a ready task from ready invitee queue to processor, now read_num: 0 ... 
[18:46:27.450] [20563] [INFO ] [operator():54]	task processor: 4 is running... 
[18:46:27.450] [20563] [INFO ] [popInviteeReadyTask:208]	to POP a ready task from ready invitee queue to processor, now read_num: 0 ... 
[18:46:27.450] [20556] [INFO ] [init:63]	INIT the processor: 6, type: 1 ok 
[18:46:27.450] [20565] [INFO ] [operator():54]	task processor: 6 is running... 
[18:46:27.450] [20565] [INFO ] [popInviteeReadyTask:208]	to POP a ready task from ready invitee queue to processor, now read_num: 0 ... 
[18:46:27.450] [20556] [INFO ] [init:63]	INIT the processor: 7, type: 1 ok 
[18:46:27.450] [20556] [INFO ] [init:234]	INIT task dispatcher done ! 
[18:46:27.451] [20566] [INFO ] [operator():54]	task processor: 7 is running... 
[18:46:27.451] [20566] [INFO ] [popInviteeReadyTask:208]	to POP a ready task from ready invitee queue to processor, now read_num: 0 ... 
[18:46:27.452] [20556] [INFO ] [init:64]	connect to busi proxy server endpoint: ProxyGlacier2/router:tcp -h 202.114.114.46 -p 4502 -t 11000 
[18:46:27.462] [20571] [INFO ] [connected:34]	to get session... 
[18:46:27.462] [20571] [INFO ] [connected:38]	to get create busi node callback... 
[18:46:27.462] [20571] [INFO ] [connected:46]	to set node callback, public endpoint: ProxyGlacier2/router:tcp -h 202.114.114.46 -p 4502 -t 11000, user: test002 ... 
[18:46:27.464] [20571] [WARN ] [connected:55]	the busi session create success. 
[18:46:27.958] [20556] [INFO ] [init:69]	waiting for node busi client inited ... timeout 1s.. 
[18:46:27.958] [20556] [INFO ] [init:74]	the busi node communicator is prepared !!!! 
[18:46:27.958] [20556] [INFO ] [init:86]	INIT busi node client success. user: test002, proxyEndpoint: ProxyGlacier2/router:tcp -h 202.114.114.46 -p 4502 -t 11000 
[18:46:27.958] [20556] [INFO ] [init:244]	INIT busi node client done ! 
[18:46:27.958] [20556] [INFO ] [init:48]	input ready process init ok. 
[18:46:27.958] [20556] [INFO ] [init:253]	INIT input ready processor done ! 
[18:46:27.958] [20556] [INFO ] [init:48]	ready process init ok. max request queue size: 4 
[18:46:27.958] [20556] [INFO ] [init:263]	INIT ready processor done ! 
[18:46:27.958] [20556] [INFO ] [init:269]	Mpc engine init success. 
[18:46:27.958] [20601] [INFO ] [popCommitTask:127]	to POP a commit task, task size: 0  ... 
[18:46:27.958] [20556] [INFO ] [Java_com_juzix_jugo_node_jni_NativeInterface_setDataLogLevel:155]	init the log to level: 3, data log state: 0 
[18:46:27.962] [20556] [ERROR] [Java_com_juzix_jugo_node_jni_NativeInterface_startTask:135]	commit a invite task to engine ok ! 
[18:46:28.022] [20556] [ERROR] [Java_com_juzix_jugo_node_jni_NativeInterface_startTask:135]	commit a invite task to engine ok ! 
[18:46:28.030] [20556] [ERROR] [Java_com_juzix_jugo_node_jni_NativeInterface_startTask:135]	commit a invite task to engine ok ! 
[18:46:30.488] [20570] [WARN ] [MpcMemPool:42]	the mempool construction, size: 134217728, mem: 0x7ffa4ffff010 
[18:48:57.752] [30677] [WARN ] [~MpcMemPool:48]	the mempool is freed! 
