[15:03:54.046] [24071] [INFO ] [JNI_OnLoad:24]	jvm onload success ! 
[15:03:54.047] [24071] [INFO ] [init:111]	JniNativeCallback init ok. 
[15:03:54.047] [24071] [INFO ] [init:108]	to init engine, user: test002, mode: 0, proxyEndpoint: ProxyGlacier2/router:tcp -h 202.114.114.46 -p 4502 -t 11000 
[15:03:54.047] [24071] [WARN ] [init:130]	Cannot find the --Mpc.Data=xxxxx config item ! 
[15:03:54.047] [24071] [INFO ] [init:156]	Not start node server ! use proxy forward ! 
[15:03:54.047] [24071] [INFO ] [MpcTaskDispatcher:43]	construct task dispatcher, with 3 processor, load balence is: 6000 
[15:03:54.047] [24071] [INFO ] [init:60]	INIT the processor: 0 ok 
[15:03:54.047] [24103] [INFO ] [operator():51]	task processor: 0 is running... 
[15:03:54.047] [24071] [INFO ] [init:60]	INIT the processor: 1 ok 
[15:03:54.047] [24103] [DEBUG] [popReadyTask:166]	to POP a ready task from ready queue to processor, now read_num: 0 ... 
[15:03:54.047] [24104] [INFO ] [operator():51]	task processor: 1 is running... 
[15:03:54.047] [24071] [INFO ] [init:60]	INIT the processor: 2 ok 
[15:03:54.047] [24104] [DEBUG] [popReadyTask:166]	to POP a ready task from ready queue to processor, now read_num: 0 ... 
[15:03:54.047] [24105] [INFO ] [operator():51]	task processor: 2 is running... 
[15:03:54.047] [24105] [DEBUG] [popReadyTask:166]	to POP a ready task from ready queue to processor, now read_num: 0 ... 
[15:03:54.047] [24071] [INFO ] [init:177]	INIT task dispatcher done ! 
[15:03:54.047] [24071] [INFO ] [init:40]	connect to busi proxy server endpoint: ProxyGlacier2/router:tcp -h 202.114.114.46 -p 4502 -t 11000 
[15:03:54.059] [24111] [INFO ] [connected:34]	to get session... 
[15:03:54.059] [24111] [INFO ] [connected:38]	to get create busi node callback... 
[15:03:54.059] [24111] [INFO ] [connected:45]	to set node callback... 
[15:03:54.062] [24111] [WARN ] [connected:54]	the busi session create success. 
[15:03:54.554] [24071] [INFO ] [init:69]	waiting for node busi client inited ... timeout 1s.. 
[15:03:54.554] [24071] [INFO ] [init:74]	the busi node communicator is prepared !!!! 
[15:03:54.554] [24071] [INFO ] [init:86]	INIT busi node client success. user: test002, proxyEndpoint: ProxyGlacier2/router:tcp -h 202.114.114.46 -p 4502 -t 11000 
[15:03:54.554] [24071] [INFO ] [init:187]	INIT busi node client done ! 
[15:03:54.554] [24071] [INFO ] [init:48]	ready process init ok. max request queue size: 3 
[15:03:54.554] [24128] [DEBUG] [popCommitTask:110]	to POP a commit task, task size: 0  ... 
[15:03:54.554] [24071] [INFO ] [init:202]	Mpc engine init success. 
[15:03:54.555] [24071] [INFO ] [Java_com_juzix_jugo_node_jni_NativeInterface_setDataLogLevel:155]	init the log to level: 3, data log state: 0 
[15:03:54.559] [24071] [ERROR] [Java_com_juzix_jugo_node_jni_NativeInterface_startTask:135]	commit a invite task to engine ok ! 
[15:03:59.885] [24110] [WARN ] [allReady:153]	busi allReady callback done,  task: 908007e8-a282-4bb3-9c3b-3b1417e19f3c, user: test002, ready: 2 !  
[15:03:59.891] [24103] [WARN ] [run:151]	no data for input !!!! 
[15:03:59.891] [24103] [ERROR] [processMpcBusi:201]	MPC run failed ! taskID: 908007e8-a282-4bb3-9c3b-3b1417e19f3c  
[15:03:59.891] [24103] [WARN ] [processMpcBusi:237]	task processor cannot remove request task: 908007e8-a282-4bb3-9c3b-3b1417e19f3c ! 
[15:03:59.891] [24103] [WARN ] [processTask:130]	processor a MPC task: 908007e8-a282-4bb3-9c3b-3b1417e19f3c Failed ! 
[15:04:35.162] [24110] [WARN ] [allReady:92]	the task not exists !!! task: 50400e81-ee0a-483b-9e51-cef60ae4611a, try wait 10ms... 
[15:04:35.172] [24110] [WARN ] [allReady:92]	the task not exists !!! task: 50400e81-ee0a-483b-9e51-cef60ae4611a, try wait 10ms... 
[15:04:35.182] [24110] [WARN ] [allReady:92]	the task not exists !!! task: 50400e81-ee0a-483b-9e51-cef60ae4611a, try wait 10ms... 
[15:04:35.193] [24110] [WARN ] [allReady:92]	the task not exists !!! task: 50400e81-ee0a-483b-9e51-cef60ae4611a, try wait 10ms... 
[15:04:35.203] [24110] [WARN ] [allReady:92]	the task not exists !!! task: 50400e81-ee0a-483b-9e51-cef60ae4611a, try wait 10ms... 
[15:04:35.213] [24110] [WARN ] [allReady:92]	the task not exists !!! task: 50400e81-ee0a-483b-9e51-cef60ae4611a, try wait 10ms... 
[15:04:35.223] [24110] [WARN ] [allReady:92]	the task not exists !!! task: 50400e81-ee0a-483b-9e51-cef60ae4611a, try wait 10ms... 
[15:04:35.233] [24110] [WARN ] [allReady:92]	the task not exists !!! task: 50400e81-ee0a-483b-9e51-cef60ae4611a, try wait 10ms... 
[15:04:35.243] [24110] [WARN ] [allReady:92]	the task not exists !!! task: 50400e81-ee0a-483b-9e51-cef60ae4611a, try wait 10ms... 
[15:04:35.254] [24110] [WARN ] [allReady:92]	the task not exists !!! task: 50400e81-ee0a-483b-9e51-cef60ae4611a, try wait 10ms... 
[15:04:35.264] [24110] [WARN ] [allReady:92]	the task not exists !!! task: 50400e81-ee0a-483b-9e51-cef60ae4611a, try wait 10ms... 
[15:04:35.274] [24110] [WARN ] [allReady:92]	the task not exists !!! task: 50400e81-ee0a-483b-9e51-cef60ae4611a, try wait 10ms... 
[15:04:35.284] [24110] [WARN ] [allReady:92]	the task not exists !!! task: 50400e81-ee0a-483b-9e51-cef60ae4611a, try wait 10ms... 
[15:04:35.294] [24110] [WARN ] [allReady:92]	the task not exists !!! task: 50400e81-ee0a-483b-9e51-cef60ae4611a, try wait 10ms... 
[15:04:35.304] [24110] [WARN ] [allReady:92]	the task not exists !!! task: 50400e81-ee0a-483b-9e51-cef60ae4611a, try wait 10ms... 
[15:04:35.315] [24110] [WARN ] [allReady:92]	the task not exists !!! task: 50400e81-ee0a-483b-9e51-cef60ae4611a, try wait 10ms... 
[15:04:35.325] [24110] [WARN ] [allReady:92]	the task not exists !!! task: 50400e81-ee0a-483b-9e51-cef60ae4611a, try wait 10ms... 
[15:04:35.335] [24110] [WARN ] [allReady:92]	the task not exists !!! task: 50400e81-ee0a-483b-9e51-cef60ae4611a, try wait 10ms... 
[15:04:35.345] [24110] [WARN ] [allReady:92]	the task not exists !!! task: 50400e81-ee0a-483b-9e51-cef60ae4611a, try wait 10ms... 
[15:04:35.355] [24110] [WARN ] [allReady:92]	the task not exists !!! task: 50400e81-ee0a-483b-9e51-cef60ae4611a, try wait 10ms... 
[15:04:35.366] [24110] [WARN ] [allReady:92]	the task not exists !!! task: 50400e81-ee0a-483b-9e51-cef60ae4611a, try wait 10ms... 
[15:04:35.376] [24110] [WARN ] [allReady:92]	the task not exists !!! task: 50400e81-ee0a-483b-9e51-cef60ae4611a, try wait 10ms... 
[15:04:35.386] [24110] [WARN ] [allReady:92]	the task not exists !!! task: 50400e81-ee0a-483b-9e51-cef60ae4611a, try wait 10ms... 
[15:04:35.396] [24110] [WARN ] [allReady:92]	the task not exists !!! task: 50400e81-ee0a-483b-9e51-cef60ae4611a, try wait 10ms... 
[15:04:35.407] [24110] [WARN ] [allReady:92]	the task not exists !!! task: 50400e81-ee0a-483b-9e51-cef60ae4611a, try wait 10ms... 
[15:04:35.417] [24110] [WARN ] [allReady:92]	the task not exists !!! task: 50400e81-ee0a-483b-9e51-cef60ae4611a, try wait 10ms... 
[15:04:35.427] [24110] [WARN ] [allReady:92]	the task not exists !!! task: 50400e81-ee0a-483b-9e51-cef60ae4611a, try wait 10ms... 
[15:04:35.437] [24110] [WARN ] [allReady:92]	the task not exists !!! task: 50400e81-ee0a-483b-9e51-cef60ae4611a, try wait 10ms... 
[15:04:35.448] [24110] [WARN ] [allReady:92]	the task not exists !!! task: 50400e81-ee0a-483b-9e51-cef60ae4611a, try wait 10ms... 
[15:04:35.458] [24110] [WARN ] [allReady:92]	the task not exists !!! task: 50400e81-ee0a-483b-9e51-cef60ae4611a, try wait 10ms... 
[15:04:35.468] [24110] [WARN ] [allReady:92]	the task not exists !!! task: 50400e81-ee0a-483b-9e51-cef60ae4611a, try wait 10ms... 
[15:04:35.478] [24110] [WARN ] [allReady:92]	the task not exists !!! task: 50400e81-ee0a-483b-9e51-cef60ae4611a, try wait 10ms... 
[15:04:35.488] [24110] [WARN ] [allReady:92]	the task not exists !!! task: 50400e81-ee0a-483b-9e51-cef60ae4611a, try wait 10ms... 
[15:04:35.498] [24110] [WARN ] [allReady:92]	the task not exists !!! task: 50400e81-ee0a-483b-9e51-cef60ae4611a, try wait 10ms... 
[15:04:35.511] [24110] [WARN ] [allReady:92]	the task not exists !!! task: 50400e81-ee0a-483b-9e51-cef60ae4611a, try wait 10ms... 
[15:04:35.521] [24110] [WARN ] [allReady:92]	the task not exists !!! task: 50400e81-ee0a-483b-9e51-cef60ae4611a, try wait 10ms... 
[15:04:35.532] [24110] [WARN ] [allReady:92]	the task not exists !!! task: 50400e81-ee0a-483b-9e51-cef60ae4611a, try wait 10ms... 
[15:04:35.542] [24110] [WARN ] [allReady:92]	the task not exists !!! task: 50400e81-ee0a-483b-9e51-cef60ae4611a, try wait 10ms... 
[15:04:35.552] [24110] [WARN ] [allReady:92]	the task not exists !!! task: 50400e81-ee0a-483b-9e51-cef60ae4611a, try wait 10ms... 
[15:04:35.562] [24110] [WARN ] [allReady:92]	the task not exists !!! task: 50400e81-ee0a-483b-9e51-cef60ae4611a, try wait 10ms... 
[15:04:35.572] [24110] [WARN ] [allReady:92]	the task not exists !!! task: 50400e81-ee0a-483b-9e51-cef60ae4611a, try wait 10ms... 
[15:04:35.582] [24110] [WARN ] [allReady:92]	the task not exists !!! task: 50400e81-ee0a-483b-9e51-cef60ae4611a, try wait 10ms... 
[15:04:35.593] [24110] [WARN ] [allReady:92]	the task not exists !!! task: 50400e81-ee0a-483b-9e51-cef60ae4611a, try wait 10ms... 
[15:04:35.603] [24110] [WARN ] [allReady:92]	the task not exists !!! task: 50400e81-ee0a-483b-9e51-cef60ae4611a, try wait 10ms... 
[15:04:35.615] [24110] [WARN ] [allReady:92]	the task not exists !!! task: 50400e81-ee0a-483b-9e51-cef60ae4611a, try wait 10ms... 
[15:04:35.625] [24110] [WARN ] [allReady:92]	the task not exists !!! task: 50400e81-ee0a-483b-9e51-cef60ae4611a, try wait 10ms... 
[15:04:35.635] [24110] [WARN ] [allReady:92]	the task not exists !!! task: 50400e81-ee0a-483b-9e51-cef60ae4611a, try wait 10ms... 
[15:04:35.646] [24110] [WARN ] [allReady:92]	the task not exists !!! task: 50400e81-ee0a-483b-9e51-cef60ae4611a, try wait 10ms... 
[15:04:35.656] [24110] [WARN ] [allReady:92]	the task not exists !!! task: 50400e81-ee0a-483b-9e51-cef60ae4611a, try wait 10ms... 
[15:04:35.667] [24110] [WARN ] [allReady:92]	the task not exists !!! task: 50400e81-ee0a-483b-9e51-cef60ae4611a, try wait 10ms... 
[15:04:35.677] [24110] [WARN ] [allReady:92]	the task not exists !!! task: 50400e81-ee0a-483b-9e51-cef60ae4611a, try wait 10ms... 
[15:04:35.687] [24110] [WARN ] [allReady:92]	the task not exists !!! task: 50400e81-ee0a-483b-9e51-cef60ae4611a, try wait 10ms... 
[15:04:35.697] [24110] [WARN ] [allReady:92]	the task not exists !!! task: 50400e81-ee0a-483b-9e51-cef60ae4611a, try wait 10ms... 
[15:04:35.707] [24110] [WARN ] [allReady:92]	the task not exists !!! task: 50400e81-ee0a-483b-9e51-cef60ae4611a, try wait 10ms... 
[15:04:35.717] [24110] [WARN ] [allReady:92]	the task not exists !!! task: 50400e81-ee0a-483b-9e51-cef60ae4611a, try wait 10ms... 
[15:04:35.728] [24110] [WARN ] [allReady:92]	the task not exists !!! task: 50400e81-ee0a-483b-9e51-cef60ae4611a, try wait 10ms... 
[15:04:35.738] [24110] [WARN ] [allReady:92]	the task not exists !!! task: 50400e81-ee0a-483b-9e51-cef60ae4611a, try wait 10ms... 
[15:04:35.749] [24110] [WARN ] [allReady:92]	the task not exists !!! task: 50400e81-ee0a-483b-9e51-cef60ae4611a, try wait 10ms... 
[15:04:35.759] [24110] [WARN ] [allReady:92]	the task not exists !!! task: 50400e81-ee0a-483b-9e51-cef60ae4611a, try wait 10ms... 
[15:04:35.770] [24110] [WARN ] [allReady:92]	the task not exists !!! task: 50400e81-ee0a-483b-9e51-cef60ae4611a, try wait 10ms... 
[15:04:35.780] [24110] [WARN ] [allReady:92]	the task not exists !!! task: 50400e81-ee0a-483b-9e51-cef60ae4611a, try wait 10ms... 
[15:04:35.790] [24110] [WARN ] [allReady:92]	the task not exists !!! task: 50400e81-ee0a-483b-9e51-cef60ae4611a, try wait 10ms... 
[15:04:35.800] [24110] [WARN ] [allReady:92]	the task not exists !!! task: 50400e81-ee0a-483b-9e51-cef60ae4611a, try wait 10ms... 
[15:04:35.810] [24110] [WARN ] [allReady:92]	the task not exists !!! task: 50400e81-ee0a-483b-9e51-cef60ae4611a, try wait 10ms... 
[15:04:35.821] [24110] [WARN ] [allReady:92]	the task not exists !!! task: 50400e81-ee0a-483b-9e51-cef60ae4611a, try wait 10ms... 
[15:04:35.831] [24110] [WARN ] [allReady:92]	the task not exists !!! task: 50400e81-ee0a-483b-9e51-cef60ae4611a, try wait 10ms... 
[15:04:35.841] [24110] [WARN ] [allReady:92]	the task not exists !!! task: 50400e81-ee0a-483b-9e51-cef60ae4611a, try wait 10ms... 
[15:04:35.851] [24110] [WARN ] [allReady:92]	the task not exists !!! task: 50400e81-ee0a-483b-9e51-cef60ae4611a, try wait 10ms... 
[15:04:35.861] [24110] [WARN ] [allReady:92]	the task not exists !!! task: 50400e81-ee0a-483b-9e51-cef60ae4611a, try wait 10ms... 
[15:04:35.872] [24110] [WARN ] [allReady:92]	the task not exists !!! task: 50400e81-ee0a-483b-9e51-cef60ae4611a, try wait 10ms... 
[15:04:35.882] [24110] [WARN ] [allReady:92]	the task not exists !!! task: 50400e81-ee0a-483b-9e51-cef60ae4611a, try wait 10ms... 
[15:04:35.892] [24110] [WARN ] [allReady:92]	the task not exists !!! task: 50400e81-ee0a-483b-9e51-cef60ae4611a, try wait 10ms... 
[15:04:35.902] [24110] [WARN ] [allReady:92]	the task not exists !!! task: 50400e81-ee0a-483b-9e51-cef60ae4611a, try wait 10ms... 
[15:04:35.912] [24110] [WARN ] [allReady:92]	the task not exists !!! task: 50400e81-ee0a-483b-9e51-cef60ae4611a, try wait 10ms... 
[15:04:35.922] [24110] [WARN ] [allReady:92]	the task not exists !!! task: 50400e81-ee0a-483b-9e51-cef60ae4611a, try wait 10ms... 
[15:04:35.933] [24110] [WARN ] [allReady:92]	the task not exists !!! task: 50400e81-ee0a-483b-9e51-cef60ae4611a, try wait 10ms... 
[15:04:35.943] [24110] [WARN ] [allReady:92]	the task not exists !!! task: 50400e81-ee0a-483b-9e51-cef60ae4611a, try wait 10ms... 
[15:04:35.953] [24110] [WARN ] [allReady:92]	the task not exists !!! task: 50400e81-ee0a-483b-9e51-cef60ae4611a, try wait 10ms... 
[15:04:35.963] [24110] [WARN ] [allReady:92]	the task not exists !!! task: 50400e81-ee0a-483b-9e51-cef60ae4611a, try wait 10ms... 
[15:04:35.973] [24110] [WARN ] [allReady:92]	the task not exists !!! task: 50400e81-ee0a-483b-9e51-cef60ae4611a, try wait 10ms... 
[15:04:35.983] [24110] [WARN ] [allReady:92]	the task not exists !!! task: 50400e81-ee0a-483b-9e51-cef60ae4611a, try wait 10ms... 
[15:04:35.994] [24110] [WARN ] [allReady:92]	the task not exists !!! task: 50400e81-ee0a-483b-9e51-cef60ae4611a, try wait 10ms... 
[15:04:36.004] [24110] [WARN ] [allReady:92]	the task not exists !!! task: 50400e81-ee0a-483b-9e51-cef60ae4611a, try wait 10ms... 
[15:04:36.014] [24110] [WARN ] [allReady:92]	the task not exists !!! task: 50400e81-ee0a-483b-9e51-cef60ae4611a, try wait 10ms... 
[15:04:36.024] [24110] [WARN ] [allReady:92]	the task not exists !!! task: 50400e81-ee0a-483b-9e51-cef60ae4611a, try wait 10ms... 
[15:04:36.034] [24110] [WARN ] [allReady:92]	the task not exists !!! task: 50400e81-ee0a-483b-9e51-cef60ae4611a, try wait 10ms... 
[15:04:36.044] [24110] [WARN ] [allReady:92]	the task not exists !!! task: 50400e81-ee0a-483b-9e51-cef60ae4611a, try wait 10ms... 
[15:04:36.054] [24110] [WARN ] [allReady:92]	the task not exists !!! task: 50400e81-ee0a-483b-9e51-cef60ae4611a, try wait 10ms... 
[15:04:36.064] [24110] [WARN ] [allReady:92]	the task not exists !!! task: 50400e81-ee0a-483b-9e51-cef60ae4611a, try wait 10ms... 
[15:04:36.075] [24110] [WARN ] [allReady:92]	the task not exists !!! task: 50400e81-ee0a-483b-9e51-cef60ae4611a, try wait 10ms... 
[15:04:36.085] [24110] [WARN ] [allReady:92]	the task not exists !!! task: 50400e81-ee0a-483b-9e51-cef60ae4611a, try wait 10ms... 
[15:04:36.095] [24110] [WARN ] [allReady:92]	the task not exists !!! task: 50400e81-ee0a-483b-9e51-cef60ae4611a, try wait 10ms... 
[15:04:36.105] [24110] [WARN ] [allReady:92]	the task not exists !!! task: 50400e81-ee0a-483b-9e51-cef60ae4611a, try wait 10ms... 
[15:04:36.115] [24110] [WARN ] [allReady:92]	the task not exists !!! task: 50400e81-ee0a-483b-9e51-cef60ae4611a, try wait 10ms... 
[15:04:36.126] [24110] [WARN ] [allReady:92]	the task not exists !!! task: 50400e81-ee0a-483b-9e51-cef60ae4611a, try wait 10ms... 
[15:04:36.136] [24110] [WARN ] [allReady:92]	the task not exists !!! task: 50400e81-ee0a-483b-9e51-cef60ae4611a, try wait 10ms... 
[15:04:36.146] [24110] [WARN ] [allReady:92]	the task not exists !!! task: 50400e81-ee0a-483b-9e51-cef60ae4611a, try wait 10ms... 
[15:04:36.156] [24110] [WARN ] [allReady:92]	the task not exists !!! task: 50400e81-ee0a-483b-9e51-cef60ae4611a, try wait 10ms... 
[15:04:36.166] [24110] [WARN ] [allReady:92]	the task not exists !!! task: 50400e81-ee0a-483b-9e51-cef60ae4611a, try wait 10ms... 
[15:04:36.177] [24110] [WARN ] [allReady:92]	the task not exists !!! task: 50400e81-ee0a-483b-9e51-cef60ae4611a, try wait 10ms... 
[15:04:36.187] [24110] [WARN ] [allReady:92]	the task not exists !!! task: 50400e81-ee0a-483b-9e51-cef60ae4611a, try wait 10ms... 
[15:04:36.197] [24110] [WARN ] [allReady:92]	the task not exists !!! task: 50400e81-ee0a-483b-9e51-cef60ae4611a, try wait 10ms... 
[15:04:36.207] [24110] [WARN ] [allReady:92]	the task not exists !!! task: 50400e81-ee0a-483b-9e51-cef60ae4611a, try wait 10ms... 
[15:04:36.217] [24110] [WARN ] [allReady:92]	the task not exists !!! task: 50400e81-ee0a-483b-9e51-cef60ae4611a, try wait 10ms... 
[15:04:36.228] [24110] [WARN ] [allReady:92]	the task not exists !!! task: 50400e81-ee0a-483b-9e51-cef60ae4611a, try wait 10ms... 
[15:04:36.238] [24110] [WARN ] [allReady:92]	the task not exists !!! task: 50400e81-ee0a-483b-9e51-cef60ae4611a, try wait 10ms... 
[15:04:36.248] [24110] [WARN ] [allReady:92]	the task not exists !!! task: 50400e81-ee0a-483b-9e51-cef60ae4611a, try wait 10ms... 
[15:04:36.258] [24110] [WARN ] [allReady:92]	the task not exists !!! task: 50400e81-ee0a-483b-9e51-cef60ae4611a, try wait 10ms... 
[15:04:36.268] [24110] [WARN ] [allReady:92]	the task not exists !!! task: 50400e81-ee0a-483b-9e51-cef60ae4611a, try wait 10ms... 
[15:04:36.278] [24110] [WARN ] [allReady:92]	the task not exists !!! task: 50400e81-ee0a-483b-9e51-cef60ae4611a, try wait 10ms... 
[15:04:36.289] [24110] [WARN ] [allReady:92]	the task not exists !!! task: 50400e81-ee0a-483b-9e51-cef60ae4611a, try wait 10ms... 
[15:04:36.299] [24110] [WARN ] [allReady:92]	the task not exists !!! task: 50400e81-ee0a-483b-9e51-cef60ae4611a, try wait 10ms... 
[15:04:36.309] [24110] [WARN ] [allReady:92]	the task not exists !!! task: 50400e81-ee0a-483b-9e51-cef60ae4611a, try wait 10ms... 
[15:04:36.319] [24110] [WARN ] [allReady:92]	the task not exists !!! task: 50400e81-ee0a-483b-9e51-cef60ae4611a, try wait 10ms... 
[15:04:36.330] [24110] [WARN ] [allReady:92]	the task not exists !!! task: 50400e81-ee0a-483b-9e51-cef60ae4611a, try wait 10ms... 
[15:04:36.340] [24110] [WARN ] [allReady:92]	the task not exists !!! task: 50400e81-ee0a-483b-9e51-cef60ae4611a, try wait 10ms... 
[15:04:36.350] [24110] [WARN ] [allReady:92]	the task not exists !!! task: 50400e81-ee0a-483b-9e51-cef60ae4611a, try wait 10ms... 
[15:04:36.360] [24110] [WARN ] [allReady:92]	the task not exists !!! task: 50400e81-ee0a-483b-9e51-cef60ae4611a, try wait 10ms... 
[15:04:36.370] [24110] [WARN ] [allReady:92]	the task not exists !!! task: 50400e81-ee0a-483b-9e51-cef60ae4611a, try wait 10ms... 
[15:04:36.380] [24110] [WARN ] [allReady:92]	the task not exists !!! task: 50400e81-ee0a-483b-9e51-cef60ae4611a, try wait 10ms... 
[15:04:36.390] [24110] [WARN ] [allReady:92]	the task not exists !!! task: 50400e81-ee0a-483b-9e51-cef60ae4611a, try wait 10ms... 
[15:04:36.400] [24110] [WARN ] [allReady:92]	the task not exists !!! task: 50400e81-ee0a-483b-9e51-cef60ae4611a, try wait 10ms... 
[15:04:36.411] [24110] [WARN ] [allReady:92]	the task not exists !!! task: 50400e81-ee0a-483b-9e51-cef60ae4611a, try wait 10ms... 
[15:04:36.421] [24110] [WARN ] [allReady:92]	the task not exists !!! task: 50400e81-ee0a-483b-9e51-cef60ae4611a, try wait 10ms... 
[15:04:36.431] [24110] [WARN ] [allReady:92]	the task not exists !!! task: 50400e81-ee0a-483b-9e51-cef60ae4611a, try wait 10ms... 
[15:04:36.441] [24110] [WARN ] [allReady:92]	the task not exists !!! task: 50400e81-ee0a-483b-9e51-cef60ae4611a, try wait 10ms... 
[15:04:36.451] [24110] [WARN ] [allReady:92]	the task not exists !!! task: 50400e81-ee0a-483b-9e51-cef60ae4611a, try wait 10ms... 
[15:04:36.461] [24110] [WARN ] [allReady:92]	the task not exists !!! task: 50400e81-ee0a-483b-9e51-cef60ae4611a, try wait 10ms... 
[15:04:36.472] [24110] [WARN ] [allReady:92]	the task not exists !!! task: 50400e81-ee0a-483b-9e51-cef60ae4611a, try wait 10ms... 
[15:04:36.482] [24110] [WARN ] [allReady:92]	the task not exists !!! task: 50400e81-ee0a-483b-9e51-cef60ae4611a, try wait 10ms... 
[15:04:36.492] [24110] [WARN ] [allReady:92]	the task not exists !!! task: 50400e81-ee0a-483b-9e51-cef60ae4611a, try wait 10ms... 
[15:04:36.502] [24110] [WARN ] [allReady:92]	the task not exists !!! task: 50400e81-ee0a-483b-9e51-cef60ae4611a, try wait 10ms... 
[15:04:36.512] [24110] [WARN ] [allReady:92]	the task not exists !!! task: 50400e81-ee0a-483b-9e51-cef60ae4611a, try wait 10ms... 
[15:04:36.522] [24110] [WARN ] [allReady:92]	the task not exists !!! task: 50400e81-ee0a-483b-9e51-cef60ae4611a, try wait 10ms... 
[15:04:36.533] [24110] [WARN ] [allReady:92]	the task not exists !!! task: 50400e81-ee0a-483b-9e51-cef60ae4611a, try wait 10ms... 
[15:04:36.543] [24110] [WARN ] [allReady:92]	the task not exists !!! task: 50400e81-ee0a-483b-9e51-cef60ae4611a, try wait 10ms... 
[15:04:36.553] [24110] [WARN ] [allReady:92]	the task not exists !!! task: 50400e81-ee0a-483b-9e51-cef60ae4611a, try wait 10ms... 
[15:04:36.563] [24110] [WARN ] [allReady:92]	the task not exists !!! task: 50400e81-ee0a-483b-9e51-cef60ae4611a, try wait 10ms... 
[15:04:36.573] [24110] [WARN ] [allReady:92]	the task not exists !!! task: 50400e81-ee0a-483b-9e51-cef60ae4611a, try wait 10ms... 
[15:04:36.583] [24110] [WARN ] [allReady:92]	the task not exists !!! task: 50400e81-ee0a-483b-9e51-cef60ae4611a, try wait 10ms... 
[15:04:36.594] [24110] [WARN ] [allReady:92]	the task not exists !!! task: 50400e81-ee0a-483b-9e51-cef60ae4611a, try wait 10ms... 
[15:04:36.604] [24110] [WARN ] [allReady:92]	the task not exists !!! task: 50400e81-ee0a-483b-9e51-cef60ae4611a, try wait 10ms... 
[15:04:36.614] [24110] [WARN ] [allReady:92]	the task not exists !!! task: 50400e81-ee0a-483b-9e51-cef60ae4611a, try wait 10ms... 
[15:04:36.625] [24110] [WARN ] [allReady:92]	the task not exists !!! task: 50400e81-ee0a-483b-9e51-cef60ae4611a, try wait 10ms... 
[15:04:36.635] [24110] [WARN ] [allReady:92]	the task not exists !!! task: 50400e81-ee0a-483b-9e51-cef60ae4611a, try wait 10ms... 
[15:04:36.645] [24110] [WARN ] [allReady:92]	the task not exists !!! task: 50400e81-ee0a-483b-9e51-cef60ae4611a, try wait 10ms... 
[15:04:36.655] [24110] [WARN ] [allReady:92]	the task not exists !!! task: 50400e81-ee0a-483b-9e51-cef60ae4611a, try wait 10ms... 
[15:04:36.665] [24110] [WARN ] [allReady:92]	the task not exists !!! task: 50400e81-ee0a-483b-9e51-cef60ae4611a, try wait 10ms... 
[15:04:36.675] [24110] [WARN ] [allReady:92]	the task not exists !!! task: 50400e81-ee0a-483b-9e51-cef60ae4611a, try wait 10ms... 
[15:04:36.685] [24110] [WARN ] [allReady:92]	the task not exists !!! task: 50400e81-ee0a-483b-9e51-cef60ae4611a, try wait 10ms... 
[15:04:36.696] [24110] [WARN ] [allReady:92]	the task not exists !!! task: 50400e81-ee0a-483b-9e51-cef60ae4611a, try wait 10ms... 
[15:04:36.706] [24110] [WARN ] [allReady:92]	the task not exists !!! task: 50400e81-ee0a-483b-9e51-cef60ae4611a, try wait 10ms... 
[15:04:36.716] [24110] [WARN ] [allReady:92]	the task not exists !!! task: 50400e81-ee0a-483b-9e51-cef60ae4611a, try wait 10ms... 
[15:04:36.726] [24110] [WARN ] [allReady:92]	the task not exists !!! task: 50400e81-ee0a-483b-9e51-cef60ae4611a, try wait 10ms... 
[15:04:36.736] [24110] [WARN ] [allReady:92]	the task not exists !!! task: 50400e81-ee0a-483b-9e51-cef60ae4611a, try wait 10ms... 
[15:04:36.746] [24110] [WARN ] [allReady:92]	the task not exists !!! task: 50400e81-ee0a-483b-9e51-cef60ae4611a, try wait 10ms... 
[15:04:36.757] [24110] [WARN ] [allReady:92]	the task not exists !!! task: 50400e81-ee0a-483b-9e51-cef60ae4611a, try wait 10ms... 
[15:04:36.767] [24110] [WARN ] [allReady:92]	the task not exists !!! task: 50400e81-ee0a-483b-9e51-cef60ae4611a, try wait 10ms... 
[15:04:36.777] [24110] [WARN ] [allReady:92]	the task not exists !!! task: 50400e81-ee0a-483b-9e51-cef60ae4611a, try wait 10ms... 
[15:04:36.787] [24110] [WARN ] [allReady:92]	the task not exists !!! task: 50400e81-ee0a-483b-9e51-cef60ae4611a, try wait 10ms... 
[15:04:36.797] [24110] [WARN ] [allReady:92]	the task not exists !!! task: 50400e81-ee0a-483b-9e51-cef60ae4611a, try wait 10ms... 
[15:04:36.808] [24110] [WARN ] [allReady:92]	the task not exists !!! task: 50400e81-ee0a-483b-9e51-cef60ae4611a, try wait 10ms... 
[15:04:36.818] [24110] [WARN ] [allReady:92]	the task not exists !!! task: 50400e81-ee0a-483b-9e51-cef60ae4611a, try wait 10ms... 
[15:04:36.828] [24110] [WARN ] [allReady:92]	the task not exists !!! task: 50400e81-ee0a-483b-9e51-cef60ae4611a, try wait 10ms... 
[15:04:36.838] [24110] [WARN ] [allReady:92]	the task not exists !!! task: 50400e81-ee0a-483b-9e51-cef60ae4611a, try wait 10ms... 
[15:04:36.849] [24110] [WARN ] [allReady:92]	the task not exists !!! task: 50400e81-ee0a-483b-9e51-cef60ae4611a, try wait 10ms... 
[15:04:36.859] [24110] [WARN ] [allReady:92]	the task not exists !!! task: 50400e81-ee0a-483b-9e51-cef60ae4611a, try wait 10ms... 
[15:04:36.869] [24110] [WARN ] [allReady:92]	the task not exists !!! task: 50400e81-ee0a-483b-9e51-cef60ae4611a, try wait 10ms... 
[15:04:36.879] [24110] [WARN ] [allReady:92]	the task not exists !!! task: 50400e81-ee0a-483b-9e51-cef60ae4611a, try wait 10ms... 
[15:04:36.889] [24110] [WARN ] [allReady:92]	the task not exists !!! task: 50400e81-ee0a-483b-9e51-cef60ae4611a, try wait 10ms... 
[15:04:36.900] [24110] [WARN ] [allReady:92]	the task not exists !!! task: 50400e81-ee0a-483b-9e51-cef60ae4611a, try wait 10ms... 
[15:04:36.910] [24110] [WARN ] [allReady:92]	the task not exists !!! task: 50400e81-ee0a-483b-9e51-cef60ae4611a, try wait 10ms... 
[15:04:36.920] [24110] [WARN ] [allReady:92]	the task not exists !!! task: 50400e81-ee0a-483b-9e51-cef60ae4611a, try wait 10ms... 
[15:04:36.930] [24110] [WARN ] [allReady:92]	the task not exists !!! task: 50400e81-ee0a-483b-9e51-cef60ae4611a, try wait 10ms... 
[15:04:36.941] [24110] [WARN ] [allReady:92]	the task not exists !!! task: 50400e81-ee0a-483b-9e51-cef60ae4611a, try wait 10ms... 
[15:04:36.951] [24110] [WARN ] [allReady:92]	the task not exists !!! task: 50400e81-ee0a-483b-9e51-cef60ae4611a, try wait 10ms... 
[15:04:36.961] [24110] [WARN ] [allReady:92]	the task not exists !!! task: 50400e81-ee0a-483b-9e51-cef60ae4611a, try wait 10ms... 
[15:04:36.971] [24110] [WARN ] [allReady:92]	the task not exists !!! task: 50400e81-ee0a-483b-9e51-cef60ae4611a, try wait 10ms... 
[15:04:36.982] [24110] [WARN ] [allReady:92]	the task not exists !!! task: 50400e81-ee0a-483b-9e51-cef60ae4611a, try wait 10ms... 
[15:04:36.992] [24110] [WARN ] [allReady:92]	the task not exists !!! task: 50400e81-ee0a-483b-9e51-cef60ae4611a, try wait 10ms... 
[15:04:37.002] [24110] [WARN ] [allReady:92]	the task not exists !!! task: 50400e81-ee0a-483b-9e51-cef60ae4611a, try wait 10ms... 
[15:04:37.012] [24110] [WARN ] [allReady:92]	the task not exists !!! task: 50400e81-ee0a-483b-9e51-cef60ae4611a, try wait 10ms... 
[15:04:37.022] [24110] [WARN ] [allReady:92]	the task not exists !!! task: 50400e81-ee0a-483b-9e51-cef60ae4611a, try wait 10ms... 
[15:04:37.033] [24110] [WARN ] [allReady:92]	the task not exists !!! task: 50400e81-ee0a-483b-9e51-cef60ae4611a, try wait 10ms... 
[15:04:37.043] [24110] [WARN ] [allReady:92]	the task not exists !!! task: 50400e81-ee0a-483b-9e51-cef60ae4611a, try wait 10ms... 
[15:04:37.053] [24110] [WARN ] [allReady:92]	the task not exists !!! task: 50400e81-ee0a-483b-9e51-cef60ae4611a, try wait 10ms... 
[15:04:37.063] [24110] [WARN ] [allReady:92]	the task not exists !!! task: 50400e81-ee0a-483b-9e51-cef60ae4611a, try wait 10ms... 
[15:04:37.073] [24110] [WARN ] [allReady:92]	the task not exists !!! task: 50400e81-ee0a-483b-9e51-cef60ae4611a, try wait 10ms... 
[15:04:37.083] [24110] [WARN ] [allReady:92]	the task not exists !!! task: 50400e81-ee0a-483b-9e51-cef60ae4611a, try wait 10ms... 
[15:04:37.094] [24110] [WARN ] [allReady:92]	the task not exists !!! task: 50400e81-ee0a-483b-9e51-cef60ae4611a, try wait 10ms... 
[15:04:37.104] [24110] [WARN ] [allReady:92]	the task not exists !!! task: 50400e81-ee0a-483b-9e51-cef60ae4611a, try wait 10ms... 
[15:04:37.114] [24110] [WARN ] [allReady:92]	the task not exists !!! task: 50400e81-ee0a-483b-9e51-cef60ae4611a, try wait 10ms... 
[15:04:37.124] [24110] [WARN ] [allReady:92]	the task not exists !!! task: 50400e81-ee0a-483b-9e51-cef60ae4611a, try wait 10ms... 
[15:04:37.134] [24110] [WARN ] [allReady:92]	the task not exists !!! task: 50400e81-ee0a-483b-9e51-cef60ae4611a, try wait 10ms... 
[15:04:37.144] [24110] [WARN ] [allReady:92]	the task not exists !!! task: 50400e81-ee0a-483b-9e51-cef60ae4611a, try wait 10ms... 
[15:04:37.155] [24110] [WARN ] [allReady:92]	the task not exists !!! task: 50400e81-ee0a-483b-9e51-cef60ae4611a, try wait 10ms... 
[15:04:37.165] [24110] [WARN ] [allReady:92]	the task not exists !!! task: 50400e81-ee0a-483b-9e51-cef60ae4611a, try wait 10ms... 
[15:04:37.175] [24110] [WARN ] [allReady:92]	the task not exists !!! task: 50400e81-ee0a-483b-9e51-cef60ae4611a, try wait 10ms... 
[15:04:37.185] [24110] [WARN ] [allReady:92]	the task not exists !!! task: 50400e81-ee0a-483b-9e51-cef60ae4611a, try wait 10ms... 
[15:04:37.195] [24110] [WARN ] [allReady:92]	the task not exists !!! task: 50400e81-ee0a-483b-9e51-cef60ae4611a, try wait 10ms... 
[15:04:37.205] [24110] [WARN ] [allReady:92]	the task not exists !!! task: 50400e81-ee0a-483b-9e51-cef60ae4611a, try wait 10ms... 
[15:04:37.216] [24110] [WARN ] [allReady:92]	the task not exists !!! task: 50400e81-ee0a-483b-9e51-cef60ae4611a, try wait 10ms... 
[15:04:37.226] [24110] [WARN ] [allReady:92]	the task not exists !!! task: 50400e81-ee0a-483b-9e51-cef60ae4611a, try wait 10ms... 
[15:04:37.236] [24110] [WARN ] [allReady:92]	the task not exists !!! task: 50400e81-ee0a-483b-9e51-cef60ae4611a, try wait 10ms... 
[15:04:37.246] [24110] [WARN ] [allReady:92]	the task not exists !!! task: 50400e81-ee0a-483b-9e51-cef60ae4611a, try wait 10ms... 
[15:04:37.256] [24110] [WARN ] [allReady:92]	the task not exists !!! task: 50400e81-ee0a-483b-9e51-cef60ae4611a, try wait 10ms... 
[15:04:37.266] [24110] [WARN ] [allReady:92]	the task not exists !!! task: 50400e81-ee0a-483b-9e51-cef60ae4611a, try wait 10ms... 
[15:04:37.276] [24110] [WARN ] [allReady:92]	the task not exists !!! task: 50400e81-ee0a-483b-9e51-cef60ae4611a, try wait 10ms... 
[15:04:37.286] [24110] [WARN ] [allReady:92]	the task not exists !!! task: 50400e81-ee0a-483b-9e51-cef60ae4611a, try wait 10ms... 
[15:04:37.296] [24110] [WARN ] [allReady:92]	the task not exists !!! task: 50400e81-ee0a-483b-9e51-cef60ae4611a, try wait 10ms... 
[15:04:37.307] [24110] [WARN ] [allReady:92]	the task not exists !!! task: 50400e81-ee0a-483b-9e51-cef60ae4611a, try wait 10ms... 
[15:04:37.317] [24110] [WARN ] [allReady:92]	the task not exists !!! task: 50400e81-ee0a-483b-9e51-cef60ae4611a, try wait 10ms... 
[15:04:37.327] [24110] [WARN ] [allReady:92]	the task not exists !!! task: 50400e81-ee0a-483b-9e51-cef60ae4611a, try wait 10ms... 
[15:04:37.337] [24110] [WARN ] [allReady:92]	the task not exists !!! task: 50400e81-ee0a-483b-9e51-cef60ae4611a, try wait 10ms... 
[15:04:37.347] [24110] [WARN ] [allReady:92]	the task not exists !!! task: 50400e81-ee0a-483b-9e51-cef60ae4611a, try wait 10ms... 
[15:04:37.357] [24110] [WARN ] [allReady:92]	the task not exists !!! task: 50400e81-ee0a-483b-9e51-cef60ae4611a, try wait 10ms... 
[15:04:37.367] [24110] [WARN ] [allReady:92]	the task not exists !!! task: 50400e81-ee0a-483b-9e51-cef60ae4611a, try wait 10ms... 
[15:04:37.378] [24110] [WARN ] [allReady:92]	the task not exists !!! task: 50400e81-ee0a-483b-9e51-cef60ae4611a, try wait 10ms... 
[15:04:37.388] [24110] [WARN ] [allReady:92]	the task not exists !!! task: 50400e81-ee0a-483b-9e51-cef60ae4611a, try wait 10ms... 
[15:04:37.398] [24110] [WARN ] [allReady:92]	the task not exists !!! task: 50400e81-ee0a-483b-9e51-cef60ae4611a, try wait 10ms... 
[15:04:37.408] [24110] [WARN ] [allReady:92]	the task not exists !!! task: 50400e81-ee0a-483b-9e51-cef60ae4611a, try wait 10ms... 
[15:04:37.418] [24110] [WARN ] [allReady:92]	the task not exists !!! task: 50400e81-ee0a-483b-9e51-cef60ae4611a, try wait 10ms... 
[15:04:37.428] [24110] [WARN ] [allReady:92]	the task not exists !!! task: 50400e81-ee0a-483b-9e51-cef60ae4611a, try wait 10ms... 
[15:04:37.438] [24110] [WARN ] [allReady:92]	the task not exists !!! task: 50400e81-ee0a-483b-9e51-cef60ae4611a, try wait 10ms... 
[15:04:37.448] [24110] [WARN ] [allReady:92]	the task not exists !!! task: 50400e81-ee0a-483b-9e51-cef60ae4611a, try wait 10ms... 
[15:04:37.459] [24110] [WARN ] [allReady:92]	the task not exists !!! task: 50400e81-ee0a-483b-9e51-cef60ae4611a, try wait 10ms... 
[15:04:37.469] [24110] [WARN ] [allReady:92]	the task not exists !!! task: 50400e81-ee0a-483b-9e51-cef60ae4611a, try wait 10ms... 
[15:04:37.479] [24110] [WARN ] [allReady:92]	the task not exists !!! task: 50400e81-ee0a-483b-9e51-cef60ae4611a, try wait 10ms... 
[15:04:37.489] [24110] [WARN ] [allReady:92]	the task not exists !!! task: 50400e81-ee0a-483b-9e51-cef60ae4611a, try wait 10ms... 
[15:04:37.499] [24110] [WARN ] [allReady:92]	the task not exists !!! task: 50400e81-ee0a-483b-9e51-cef60ae4611a, try wait 10ms... 
[15:04:37.509] [24110] [WARN ] [allReady:92]	the task not exists !!! task: 50400e81-ee0a-483b-9e51-cef60ae4611a, try wait 10ms... 
[15:04:37.519] [24110] [WARN ] [allReady:92]	the task not exists !!! task: 50400e81-ee0a-483b-9e51-cef60ae4611a, try wait 10ms... 
[15:04:37.530] [24110] [WARN ] [allReady:92]	the task not exists !!! task: 50400e81-ee0a-483b-9e51-cef60ae4611a, try wait 10ms... 
[15:04:37.540] [24110] [WARN ] [allReady:92]	the task not exists !!! task: 50400e81-ee0a-483b-9e51-cef60ae4611a, try wait 10ms... 
[15:04:37.550] [24110] [WARN ] [allReady:92]	the task not exists !!! task: 50400e81-ee0a-483b-9e51-cef60ae4611a, try wait 10ms... 
[15:04:37.560] [24110] [WARN ] [allReady:92]	the task not exists !!! task: 50400e81-ee0a-483b-9e51-cef60ae4611a, try wait 10ms... 
[15:04:37.570] [24110] [WARN ] [allReady:92]	the task not exists !!! task: 50400e81-ee0a-483b-9e51-cef60ae4611a, try wait 10ms... 
[15:04:37.580] [24110] [WARN ] [allReady:92]	the task not exists !!! task: 50400e81-ee0a-483b-9e51-cef60ae4611a, try wait 10ms... 
[15:04:37.590] [24110] [WARN ] [allReady:92]	the task not exists !!! task: 50400e81-ee0a-483b-9e51-cef60ae4611a, try wait 10ms... 
[15:04:37.600] [24110] [WARN ] [allReady:92]	the task not exists !!! task: 50400e81-ee0a-483b-9e51-cef60ae4611a, try wait 10ms... 
[15:04:37.611] [24110] [WARN ] [allReady:92]	the task not exists !!! task: 50400e81-ee0a-483b-9e51-cef60ae4611a, try wait 10ms... 
[15:04:37.621] [24110] [WARN ] [allReady:92]	the task not exists !!! task: 50400e81-ee0a-483b-9e51-cef60ae4611a, try wait 10ms... 
[15:04:37.631] [24110] [WARN ] [allReady:92]	the task not exists !!! task: 50400e81-ee0a-483b-9e51-cef60ae4611a, try wait 10ms... 
[15:04:37.641] [24110] [WARN ] [allReady:92]	the task not exists !!! task: 50400e81-ee0a-483b-9e51-cef60ae4611a, try wait 10ms... 
[15:04:37.651] [24110] [WARN ] [allReady:92]	the task not exists !!! task: 50400e81-ee0a-483b-9e51-cef60ae4611a, try wait 10ms... 
[15:04:37.662] [24110] [WARN ] [allReady:92]	the task not exists !!! task: 50400e81-ee0a-483b-9e51-cef60ae4611a, try wait 10ms... 
[15:04:37.672] [24110] [WARN ] [allReady:92]	the task not exists !!! task: 50400e81-ee0a-483b-9e51-cef60ae4611a, try wait 10ms... 
[15:04:37.682] [24110] [WARN ] [allReady:92]	the task not exists !!! task: 50400e81-ee0a-483b-9e51-cef60ae4611a, try wait 10ms... 
[15:04:37.692] [24110] [WARN ] [allReady:92]	the task not exists !!! task: 50400e81-ee0a-483b-9e51-cef60ae4611a, try wait 10ms... 
[15:04:37.702] [24110] [WARN ] [allReady:92]	the task not exists !!! task: 50400e81-ee0a-483b-9e51-cef60ae4611a, try wait 10ms... 
[15:04:37.712] [24110] [WARN ] [allReady:92]	the task not exists !!! task: 50400e81-ee0a-483b-9e51-cef60ae4611a, try wait 10ms... 
[15:04:37.723] [24110] [WARN ] [allReady:92]	the task not exists !!! task: 50400e81-ee0a-483b-9e51-cef60ae4611a, try wait 10ms... 
[15:04:37.733] [24110] [WARN ] [allReady:92]	the task not exists !!! task: 50400e81-ee0a-483b-9e51-cef60ae4611a, try wait 10ms... 
[15:04:37.743] [24110] [WARN ] [allReady:92]	the task not exists !!! task: 50400e81-ee0a-483b-9e51-cef60ae4611a, try wait 10ms... 
[15:04:37.755] [24110] [WARN ] [allReady:92]	the task not exists !!! task: 50400e81-ee0a-483b-9e51-cef60ae4611a, try wait 10ms... 
[15:04:37.765] [24110] [WARN ] [allReady:92]	the task not exists !!! task: 50400e81-ee0a-483b-9e51-cef60ae4611a, try wait 10ms... 
[15:04:37.776] [24110] [WARN ] [allReady:92]	the task not exists !!! task: 50400e81-ee0a-483b-9e51-cef60ae4611a, try wait 10ms... 
[15:04:37.786] [24110] [WARN ] [allReady:92]	the task not exists !!! task: 50400e81-ee0a-483b-9e51-cef60ae4611a, try wait 10ms... 
[15:04:37.796] [24110] [WARN ] [allReady:92]	the task not exists !!! task: 50400e81-ee0a-483b-9e51-cef60ae4611a, try wait 10ms... 
[15:04:37.806] [24110] [WARN ] [allReady:92]	the task not exists !!! task: 50400e81-ee0a-483b-9e51-cef60ae4611a, try wait 10ms... 
[15:04:37.816] [24110] [WARN ] [allReady:92]	the task not exists !!! task: 50400e81-ee0a-483b-9e51-cef60ae4611a, try wait 10ms... 
[15:04:37.827] [24110] [WARN ] [allReady:92]	the task not exists !!! task: 50400e81-ee0a-483b-9e51-cef60ae4611a, try wait 10ms... 
[15:04:37.837] [24110] [WARN ] [allReady:92]	the task not exists !!! task: 50400e81-ee0a-483b-9e51-cef60ae4611a, try wait 10ms... 
[15:04:37.847] [24110] [WARN ] [allReady:92]	the task not exists !!! task: 50400e81-ee0a-483b-9e51-cef60ae4611a, try wait 10ms... 
[15:04:37.857] [24110] [WARN ] [allReady:92]	the task not exists !!! task: 50400e81-ee0a-483b-9e51-cef60ae4611a, try wait 10ms... 
[15:04:37.867] [24110] [WARN ] [allReady:92]	the task not exists !!! task: 50400e81-ee0a-483b-9e51-cef60ae4611a, try wait 10ms... 
[15:04:37.877] [24110] [WARN ] [allReady:92]	the task not exists !!! task: 50400e81-ee0a-483b-9e51-cef60ae4611a, try wait 10ms... 
[15:04:37.887] [24110] [WARN ] [allReady:92]	the task not exists !!! task: 50400e81-ee0a-483b-9e51-cef60ae4611a, try wait 10ms... 
[15:04:37.897] [24110] [WARN ] [allReady:92]	the task not exists !!! task: 50400e81-ee0a-483b-9e51-cef60ae4611a, try wait 10ms... 
[15:04:37.908] [24110] [WARN ] [allReady:92]	the task not exists !!! task: 50400e81-ee0a-483b-9e51-cef60ae4611a, try wait 10ms... 
[15:04:37.918] [24110] [WARN ] [allReady:92]	the task not exists !!! task: 50400e81-ee0a-483b-9e51-cef60ae4611a, try wait 10ms... 
[15:04:37.928] [24110] [WARN ] [allReady:92]	the task not exists !!! task: 50400e81-ee0a-483b-9e51-cef60ae4611a, try wait 10ms... 
[15:04:37.938] [24110] [WARN ] [allReady:92]	the task not exists !!! task: 50400e81-ee0a-483b-9e51-cef60ae4611a, try wait 10ms... 
[15:04:37.948] [24110] [WARN ] [allReady:92]	the task not exists !!! task: 50400e81-ee0a-483b-9e51-cef60ae4611a, try wait 10ms... 
[15:04:37.958] [24110] [WARN ] [allReady:92]	the task not exists !!! task: 50400e81-ee0a-483b-9e51-cef60ae4611a, try wait 10ms... 
[15:04:37.968] [24110] [WARN ] [allReady:92]	the task not exists !!! task: 50400e81-ee0a-483b-9e51-cef60ae4611a, try wait 10ms... 
[15:04:37.979] [24110] [WARN ] [allReady:92]	the task not exists !!! task: 50400e81-ee0a-483b-9e51-cef60ae4611a, try wait 10ms... 
[15:04:37.989] [24110] [WARN ] [allReady:92]	the task not exists !!! task: 50400e81-ee0a-483b-9e51-cef60ae4611a, try wait 10ms... 
[15:04:37.999] [24110] [WARN ] [allReady:92]	the task not exists !!! task: 50400e81-ee0a-483b-9e51-cef60ae4611a, try wait 10ms... 
[15:04:38.009] [24110] [WARN ] [allReady:92]	the task not exists !!! task: 50400e81-ee0a-483b-9e51-cef60ae4611a, try wait 10ms... 
[15:04:38.019] [24110] [WARN ] [allReady:92]	the task not exists !!! task: 50400e81-ee0a-483b-9e51-cef60ae4611a, try wait 10ms... 
[15:04:38.029] [24110] [WARN ] [allReady:92]	the task not exists !!! task: 50400e81-ee0a-483b-9e51-cef60ae4611a, try wait 10ms... 
[15:04:38.040] [24110] [WARN ] [allReady:92]	the task not exists !!! task: 50400e81-ee0a-483b-9e51-cef60ae4611a, try wait 10ms... 
[15:04:38.050] [24110] [WARN ] [allReady:92]	the task not exists !!! task: 50400e81-ee0a-483b-9e51-cef60ae4611a, try wait 10ms... 
[15:04:38.060] [24110] [WARN ] [allReady:92]	the task not exists !!! task: 50400e81-ee0a-483b-9e51-cef60ae4611a, try wait 10ms... 
[15:04:38.070] [24110] [WARN ] [allReady:92]	the task not exists !!! task: 50400e81-ee0a-483b-9e51-cef60ae4611a, try wait 10ms... 
[15:04:38.080] [24110] [WARN ] [allReady:92]	the task not exists !!! task: 50400e81-ee0a-483b-9e51-cef60ae4611a, try wait 10ms... 
[15:04:38.090] [24110] [WARN ] [allReady:92]	the task not exists !!! task: 50400e81-ee0a-483b-9e51-cef60ae4611a, try wait 10ms... 
[15:04:38.101] [24110] [WARN ] [allReady:92]	the task not exists !!! task: 50400e81-ee0a-483b-9e51-cef60ae4611a, try wait 10ms... 
[15:04:38.111] [24110] [WARN ] [allReady:92]	the task not exists !!! task: 50400e81-ee0a-483b-9e51-cef60ae4611a, try wait 10ms... 
[15:04:38.121] [24110] [WARN ] [allReady:92]	the task not exists !!! task: 50400e81-ee0a-483b-9e51-cef60ae4611a, try wait 10ms... 
[15:04:38.131] [24110] [WARN ] [allReady:92]	the task not exists !!! task: 50400e81-ee0a-483b-9e51-cef60ae4611a, try wait 10ms... 
[15:04:38.142] [24110] [WARN ] [allReady:92]	the task not exists !!! task: 50400e81-ee0a-483b-9e51-cef60ae4611a, try wait 10ms... 
[15:04:38.152] [24110] [WARN ] [allReady:92]	the task not exists !!! task: 50400e81-ee0a-483b-9e51-cef60ae4611a, try wait 10ms... 
[15:04:38.162] [24110] [WARN ] [allReady:92]	the task not exists !!! task: 50400e81-ee0a-483b-9e51-cef60ae4611a, try wait 10ms... 
[15:04:38.172] [24110] [WARN ] [allReady:92]	the task not exists !!! task: 50400e81-ee0a-483b-9e51-cef60ae4611a, try wait 10ms... 
[15:04:38.182] [24110] [WARN ] [allReady:92]	the task not exists !!! task: 50400e81-ee0a-483b-9e51-cef60ae4611a, try wait 10ms... 
[15:04:38.192] [24110] [WARN ] [allReady:92]	the task not exists !!! task: 50400e81-ee0a-483b-9e51-cef60ae4611a, try wait 10ms... 
[15:04:38.202] [24110] [WARN ] [allReady:92]	the task not exists !!! task: 50400e81-ee0a-483b-9e51-cef60ae4611a, try wait 10ms... 
[15:04:38.213] [24110] [WARN ] [allReady:92]	the task not exists !!! task: 50400e81-ee0a-483b-9e51-cef60ae4611a, try wait 10ms... 
[15:04:38.223] [24110] [WARN ] [allReady:92]	the task not exists !!! task: 50400e81-ee0a-483b-9e51-cef60ae4611a, try wait 10ms... 
[15:04:38.233] [24110] [WARN ] [allReady:92]	the task not exists !!! task: 50400e81-ee0a-483b-9e51-cef60ae4611a, try wait 10ms... 
[15:04:38.243] [24110] [WARN ] [allReady:92]	the task not exists !!! task: 50400e81-ee0a-483b-9e51-cef60ae4611a, try wait 10ms... 
[15:04:38.253] [24110] [WARN ] [allReady:92]	the task not exists !!! task: 50400e81-ee0a-483b-9e51-cef60ae4611a, try wait 10ms... 
[15:04:38.264] [24110] [WARN ] [allReady:92]	the task not exists !!! task: 50400e81-ee0a-483b-9e51-cef60ae4611a, try wait 10ms... 
[15:04:38.274] [24110] [WARN ] [allReady:92]	the task not exists !!! task: 50400e81-ee0a-483b-9e51-cef60ae4611a, try wait 10ms... 
[15:04:38.284] [24110] [WARN ] [allReady:92]	the task not exists !!! task: 50400e81-ee0a-483b-9e51-cef60ae4611a, try wait 10ms... 
[15:04:38.294] [24110] [WARN ] [allReady:92]	the task not exists !!! task: 50400e81-ee0a-483b-9e51-cef60ae4611a, try wait 10ms... 
[15:04:38.304] [24110] [WARN ] [allReady:92]	the task not exists !!! task: 50400e81-ee0a-483b-9e51-cef60ae4611a, try wait 10ms... 
[15:04:38.314] [24110] [WARN ] [allReady:92]	the task not exists !!! task: 50400e81-ee0a-483b-9e51-cef60ae4611a, try wait 10ms... 
[15:04:38.324] [24110] [WARN ] [allReady:92]	the task not exists !!! task: 50400e81-ee0a-483b-9e51-cef60ae4611a, try wait 10ms... 
[15:04:38.334] [24110] [WARN ] [allReady:92]	the task not exists !!! task: 50400e81-ee0a-483b-9e51-cef60ae4611a, try wait 10ms... 
[15:04:38.345] [24110] [WARN ] [allReady:92]	the task not exists !!! task: 50400e81-ee0a-483b-9e51-cef60ae4611a, try wait 10ms... 
[15:04:38.355] [24110] [WARN ] [allReady:92]	the task not exists !!! task: 50400e81-ee0a-483b-9e51-cef60ae4611a, try wait 10ms... 
[15:04:38.365] [24110] [WARN ] [allReady:92]	the task not exists !!! task: 50400e81-ee0a-483b-9e51-cef60ae4611a, try wait 10ms... 
[15:04:38.375] [24110] [WARN ] [allReady:92]	the task not exists !!! task: 50400e81-ee0a-483b-9e51-cef60ae4611a, try wait 10ms... 
[15:04:38.385] [24110] [WARN ] [allReady:92]	the task not exists !!! task: 50400e81-ee0a-483b-9e51-cef60ae4611a, try wait 10ms... 
[15:04:38.395] [24110] [WARN ] [allReady:92]	the task not exists !!! task: 50400e81-ee0a-483b-9e51-cef60ae4611a, try wait 10ms... 
[15:04:38.405] [24110] [WARN ] [allReady:92]	the task not exists !!! task: 50400e81-ee0a-483b-9e51-cef60ae4611a, try wait 10ms... 
[15:04:38.416] [24110] [WARN ] [allReady:92]	the task not exists !!! task: 50400e81-ee0a-483b-9e51-cef60ae4611a, try wait 10ms... 
[15:04:38.426] [24110] [WARN ] [allReady:92]	the task not exists !!! task: 50400e81-ee0a-483b-9e51-cef60ae4611a, try wait 10ms... 
[15:04:38.436] [24110] [WARN ] [allReady:92]	the task not exists !!! task: 50400e81-ee0a-483b-9e51-cef60ae4611a, try wait 10ms... 
[15:04:38.446] [24110] [WARN ] [allReady:92]	the task not exists !!! task: 50400e81-ee0a-483b-9e51-cef60ae4611a, try wait 10ms... 
[15:04:38.456] [24110] [WARN ] [allReady:92]	the task not exists !!! task: 50400e81-ee0a-483b-9e51-cef60ae4611a, try wait 10ms... 
[15:04:38.467] [24110] [WARN ] [allReady:92]	the task not exists !!! task: 50400e81-ee0a-483b-9e51-cef60ae4611a, try wait 10ms... 
[15:04:38.477] [24110] [WARN ] [allReady:92]	the task not exists !!! task: 50400e81-ee0a-483b-9e51-cef60ae4611a, try wait 10ms... 
[15:04:38.487] [24110] [WARN ] [allReady:92]	the task not exists !!! task: 50400e81-ee0a-483b-9e51-cef60ae4611a, try wait 10ms... 
[15:04:38.497] [24110] [WARN ] [allReady:92]	the task not exists !!! task: 50400e81-ee0a-483b-9e51-cef60ae4611a, try wait 10ms... 
[15:04:38.507] [24110] [WARN ] [allReady:92]	the task not exists !!! task: 50400e81-ee0a-483b-9e51-cef60ae4611a, try wait 10ms... 
[15:04:38.517] [24110] [WARN ] [allReady:92]	the task not exists !!! task: 50400e81-ee0a-483b-9e51-cef60ae4611a, try wait 10ms... 
[15:04:38.527] [24110] [WARN ] [allReady:92]	the task not exists !!! task: 50400e81-ee0a-483b-9e51-cef60ae4611a, try wait 10ms... 
[15:04:38.538] [24110] [WARN ] [allReady:92]	the task not exists !!! task: 50400e81-ee0a-483b-9e51-cef60ae4611a, try wait 10ms... 
[15:04:38.548] [24110] [WARN ] [allReady:92]	the task not exists !!! task: 50400e81-ee0a-483b-9e51-cef60ae4611a, try wait 10ms... 
[15:04:38.558] [24110] [WARN ] [allReady:92]	the task not exists !!! task: 50400e81-ee0a-483b-9e51-cef60ae4611a, try wait 10ms... 
[15:04:38.568] [24110] [WARN ] [allReady:92]	the task not exists !!! task: 50400e81-ee0a-483b-9e51-cef60ae4611a, try wait 10ms... 
[15:04:38.580] [24110] [WARN ] [allReady:92]	the task not exists !!! task: 50400e81-ee0a-483b-9e51-cef60ae4611a, try wait 10ms... 
[15:04:38.590] [24110] [WARN ] [allReady:92]	the task not exists !!! task: 50400e81-ee0a-483b-9e51-cef60ae4611a, try wait 10ms... 
[15:04:38.600] [24110] [WARN ] [allReady:92]	the task not exists !!! task: 50400e81-ee0a-483b-9e51-cef60ae4611a, try wait 10ms... 
[15:04:38.610] [24110] [WARN ] [allReady:92]	the task not exists !!! task: 50400e81-ee0a-483b-9e51-cef60ae4611a, try wait 10ms... 
[15:04:38.621] [24110] [WARN ] [allReady:92]	the task not exists !!! task: 50400e81-ee0a-483b-9e51-cef60ae4611a, try wait 10ms... 
[15:04:38.631] [24110] [WARN ] [allReady:92]	the task not exists !!! task: 50400e81-ee0a-483b-9e51-cef60ae4611a, try wait 10ms... 
[15:04:38.641] [24110] [WARN ] [allReady:92]	the task not exists !!! task: 50400e81-ee0a-483b-9e51-cef60ae4611a, try wait 10ms... 
[15:04:38.651] [24110] [WARN ] [allReady:92]	the task not exists !!! task: 50400e81-ee0a-483b-9e51-cef60ae4611a, try wait 10ms... 
[15:04:38.661] [24110] [WARN ] [allReady:92]	the task not exists !!! task: 50400e81-ee0a-483b-9e51-cef60ae4611a, try wait 10ms... 
[15:04:38.672] [24110] [WARN ] [allReady:92]	the task not exists !!! task: 50400e81-ee0a-483b-9e51-cef60ae4611a, try wait 10ms... 
[15:04:38.682] [24110] [WARN ] [allReady:92]	the task not exists !!! task: 50400e81-ee0a-483b-9e51-cef60ae4611a, try wait 10ms... 
[15:04:38.692] [24110] [WARN ] [allReady:92]	the task not exists !!! task: 50400e81-ee0a-483b-9e51-cef60ae4611a, try wait 10ms... 
[15:04:38.702] [24110] [WARN ] [allReady:92]	the task not exists !!! task: 50400e81-ee0a-483b-9e51-cef60ae4611a, try wait 10ms... 
[15:04:38.712] [24110] [WARN ] [allReady:92]	the task not exists !!! task: 50400e81-ee0a-483b-9e51-cef60ae4611a, try wait 10ms... 
[15:04:38.722] [24110] [WARN ] [allReady:92]	the task not exists !!! task: 50400e81-ee0a-483b-9e51-cef60ae4611a, try wait 10ms... 
[15:04:38.733] [24110] [WARN ] [allReady:92]	the task not exists !!! task: 50400e81-ee0a-483b-9e51-cef60ae4611a, try wait 10ms... 
[15:04:38.743] [24110] [WARN ] [allReady:92]	the task not exists !!! task: 50400e81-ee0a-483b-9e51-cef60ae4611a, try wait 10ms... 
[15:04:38.753] [24110] [WARN ] [allReady:92]	the task not exists !!! task: 50400e81-ee0a-483b-9e51-cef60ae4611a, try wait 10ms... 
[15:04:38.763] [24110] [WARN ] [allReady:92]	the task not exists !!! task: 50400e81-ee0a-483b-9e51-cef60ae4611a, try wait 10ms... 
[15:04:38.773] [24110] [WARN ] [allReady:92]	the task not exists !!! task: 50400e81-ee0a-483b-9e51-cef60ae4611a, try wait 10ms... 
[15:04:38.783] [24110] [WARN ] [allReady:92]	the task not exists !!! task: 50400e81-ee0a-483b-9e51-cef60ae4611a, try wait 10ms... 
[15:04:38.794] [24110] [WARN ] [allReady:92]	the task not exists !!! task: 50400e81-ee0a-483b-9e51-cef60ae4611a, try wait 10ms... 
[15:04:38.804] [24110] [WARN ] [allReady:92]	the task not exists !!! task: 50400e81-ee0a-483b-9e51-cef60ae4611a, try wait 10ms... 
[15:04:38.814] [24110] [WARN ] [allReady:92]	the task not exists !!! task: 50400e81-ee0a-483b-9e51-cef60ae4611a, try wait 10ms... 
[15:04:38.824] [24110] [WARN ] [allReady:92]	the task not exists !!! task: 50400e81-ee0a-483b-9e51-cef60ae4611a, try wait 10ms... 
[15:04:38.835] [24110] [WARN ] [allReady:92]	the task not exists !!! task: 50400e81-ee0a-483b-9e51-cef60ae4611a, try wait 10ms... 
[15:04:38.845] [24110] [WARN ] [allReady:92]	the task not exists !!! task: 50400e81-ee0a-483b-9e51-cef60ae4611a, try wait 10ms... 
[15:04:38.855] [24110] [WARN ] [allReady:92]	the task not exists !!! task: 50400e81-ee0a-483b-9e51-cef60ae4611a, try wait 10ms... 
[15:04:38.865] [24110] [WARN ] [allReady:92]	the task not exists !!! task: 50400e81-ee0a-483b-9e51-cef60ae4611a, try wait 10ms... 
[15:04:38.875] [24110] [WARN ] [allReady:92]	the task not exists !!! task: 50400e81-ee0a-483b-9e51-cef60ae4611a, try wait 10ms... 
[15:04:38.885] [24110] [WARN ] [allReady:92]	the task not exists !!! task: 50400e81-ee0a-483b-9e51-cef60ae4611a, try wait 10ms... 
[15:04:38.895] [24110] [WARN ] [allReady:92]	the task not exists !!! task: 50400e81-ee0a-483b-9e51-cef60ae4611a, try wait 10ms... 
[15:04:38.906] [24110] [WARN ] [allReady:92]	the task not exists !!! task: 50400e81-ee0a-483b-9e51-cef60ae4611a, try wait 10ms... 
[15:04:38.916] [24110] [WARN ] [allReady:92]	the task not exists !!! task: 50400e81-ee0a-483b-9e51-cef60ae4611a, try wait 10ms... 
[15:04:38.926] [24110] [WARN ] [allReady:92]	the task not exists !!! task: 50400e81-ee0a-483b-9e51-cef60ae4611a, try wait 10ms... 
[15:04:38.936] [24110] [WARN ] [allReady:92]	the task not exists !!! task: 50400e81-ee0a-483b-9e51-cef60ae4611a, try wait 10ms... 
[15:04:38.946] [24110] [WARN ] [allReady:92]	the task not exists !!! task: 50400e81-ee0a-483b-9e51-cef60ae4611a, try wait 10ms... 
[15:04:38.956] [24110] [WARN ] [allReady:92]	the task not exists !!! task: 50400e81-ee0a-483b-9e51-cef60ae4611a, try wait 10ms... 
[15:04:38.967] [24110] [WARN ] [allReady:92]	the task not exists !!! task: 50400e81-ee0a-483b-9e51-cef60ae4611a, try wait 10ms... 
[15:04:38.977] [24110] [WARN ] [allReady:92]	the task not exists !!! task: 50400e81-ee0a-483b-9e51-cef60ae4611a, try wait 10ms... 
[15:04:38.987] [24110] [WARN ] [allReady:92]	the task not exists !!! task: 50400e81-ee0a-483b-9e51-cef60ae4611a, try wait 10ms... 
[15:04:38.997] [24110] [WARN ] [allReady:92]	the task not exists !!! task: 50400e81-ee0a-483b-9e51-cef60ae4611a, try wait 10ms... 
[15:04:39.007] [24110] [WARN ] [allReady:92]	the task not exists !!! task: 50400e81-ee0a-483b-9e51-cef60ae4611a, try wait 10ms... 
[15:04:39.017] [24110] [WARN ] [allReady:92]	the task not exists !!! task: 50400e81-ee0a-483b-9e51-cef60ae4611a, try wait 10ms... 
[15:04:39.028] [24110] [WARN ] [allReady:92]	the task not exists !!! task: 50400e81-ee0a-483b-9e51-cef60ae4611a, try wait 10ms... 
[15:04:39.038] [24110] [WARN ] [allReady:92]	the task not exists !!! task: 50400e81-ee0a-483b-9e51-cef60ae4611a, try wait 10ms... 
[15:04:39.048] [24110] [WARN ] [allReady:92]	the task not exists !!! task: 50400e81-ee0a-483b-9e51-cef60ae4611a, try wait 10ms... 
[15:04:39.058] [24110] [WARN ] [allReady:92]	the task not exists !!! task: 50400e81-ee0a-483b-9e51-cef60ae4611a, try wait 10ms... 
[15:04:39.068] [24110] [WARN ] [allReady:92]	the task not exists !!! task: 50400e81-ee0a-483b-9e51-cef60ae4611a, try wait 10ms... 
[15:04:39.079] [24110] [WARN ] [allReady:92]	the task not exists !!! task: 50400e81-ee0a-483b-9e51-cef60ae4611a, try wait 10ms... 
[15:04:39.089] [24110] [WARN ] [allReady:92]	the task not exists !!! task: 50400e81-ee0a-483b-9e51-cef60ae4611a, try wait 10ms... 
[15:04:39.099] [24110] [WARN ] [allReady:92]	the task not exists !!! task: 50400e81-ee0a-483b-9e51-cef60ae4611a, try wait 10ms... 
[15:04:39.109] [24110] [WARN ] [allReady:92]	the task not exists !!! task: 50400e81-ee0a-483b-9e51-cef60ae4611a, try wait 10ms... 
[15:04:39.119] [24110] [WARN ] [allReady:92]	the task not exists !!! task: 50400e81-ee0a-483b-9e51-cef60ae4611a, try wait 10ms... 
[15:04:39.129] [24110] [WARN ] [allReady:92]	the task not exists !!! task: 50400e81-ee0a-483b-9e51-cef60ae4611a, try wait 10ms... 
[15:04:39.139] [24110] [WARN ] [allReady:92]	the task not exists !!! task: 50400e81-ee0a-483b-9e51-cef60ae4611a, try wait 10ms... 
[15:04:39.150] [24110] [WARN ] [allReady:92]	the task not exists !!! task: 50400e81-ee0a-483b-9e51-cef60ae4611a, try wait 10ms... 
[15:04:39.160] [24110] [WARN ] [allReady:92]	the task not exists !!! task: 50400e81-ee0a-483b-9e51-cef60ae4611a, try wait 10ms... 
[15:04:39.170] [24110] [WARN ] [allReady:92]	the task not exists !!! task: 50400e81-ee0a-483b-9e51-cef60ae4611a, try wait 10ms... 
[15:04:39.180] [24110] [WARN ] [allReady:92]	the task not exists !!! task: 50400e81-ee0a-483b-9e51-cef60ae4611a, try wait 10ms... 
[15:04:39.191] [24110] [WARN ] [allReady:92]	the task not exists !!! task: 50400e81-ee0a-483b-9e51-cef60ae4611a, try wait 10ms... 
[15:04:39.201] [24110] [WARN ] [allReady:92]	the task not exists !!! task: 50400e81-ee0a-483b-9e51-cef60ae4611a, try wait 10ms... 
[15:04:39.211] [24110] [WARN ] [allReady:92]	the task not exists !!! task: 50400e81-ee0a-483b-9e51-cef60ae4611a, try wait 10ms... 
[15:04:39.221] [24110] [WARN ] [allReady:92]	the task not exists !!! task: 50400e81-ee0a-483b-9e51-cef60ae4611a, try wait 10ms... 
[15:04:39.231] [24110] [WARN ] [allReady:92]	the task not exists !!! task: 50400e81-ee0a-483b-9e51-cef60ae4611a, try wait 10ms... 
[15:04:39.241] [24110] [WARN ] [allReady:92]	the task not exists !!! task: 50400e81-ee0a-483b-9e51-cef60ae4611a, try wait 10ms... 
[15:04:39.252] [24110] [WARN ] [allReady:92]	the task not exists !!! task: 50400e81-ee0a-483b-9e51-cef60ae4611a, try wait 10ms... 
[15:04:39.262] [24110] [WARN ] [allReady:92]	the task not exists !!! task: 50400e81-ee0a-483b-9e51-cef60ae4611a, try wait 10ms... 
[15:04:39.272] [24110] [WARN ] [allReady:92]	the task not exists !!! task: 50400e81-ee0a-483b-9e51-cef60ae4611a, try wait 10ms... 
[15:04:39.282] [24110] [WARN ] [allReady:92]	the task not exists !!! task: 50400e81-ee0a-483b-9e51-cef60ae4611a, try wait 10ms... 
[15:04:39.292] [24110] [WARN ] [allReady:92]	the task not exists !!! task: 50400e81-ee0a-483b-9e51-cef60ae4611a, try wait 10ms... 
[15:04:39.302] [24110] [WARN ] [allReady:92]	the task not exists !!! task: 50400e81-ee0a-483b-9e51-cef60ae4611a, try wait 10ms... 
[15:04:39.313] [24110] [WARN ] [allReady:92]	the task not exists !!! task: 50400e81-ee0a-483b-9e51-cef60ae4611a, try wait 10ms... 
[15:04:39.323] [24110] [WARN ] [allReady:92]	the task not exists !!! task: 50400e81-ee0a-483b-9e51-cef60ae4611a, try wait 10ms... 
[15:04:39.333] [24110] [WARN ] [allReady:92]	the task not exists !!! task: 50400e81-ee0a-483b-9e51-cef60ae4611a, try wait 10ms... 
[15:04:39.343] [24110] [WARN ] [allReady:92]	the task not exists !!! task: 50400e81-ee0a-483b-9e51-cef60ae4611a, try wait 10ms... 
[15:04:39.353] [24110] [WARN ] [allReady:92]	the task not exists !!! task: 50400e81-ee0a-483b-9e51-cef60ae4611a, try wait 10ms... 
[15:04:39.363] [24110] [WARN ] [allReady:92]	the task not exists !!! task: 50400e81-ee0a-483b-9e51-cef60ae4611a, try wait 10ms... 
[15:04:39.373] [24110] [WARN ] [allReady:92]	the task not exists !!! task: 50400e81-ee0a-483b-9e51-cef60ae4611a, try wait 10ms... 
[15:04:39.384] [24110] [WARN ] [allReady:92]	the task not exists !!! task: 50400e81-ee0a-483b-9e51-cef60ae4611a, try wait 10ms... 
[15:04:39.394] [24110] [WARN ] [allReady:92]	the task not exists !!! task: 50400e81-ee0a-483b-9e51-cef60ae4611a, try wait 10ms... 
[15:04:39.404] [24110] [WARN ] [allReady:92]	the task not exists !!! task: 50400e81-ee0a-483b-9e51-cef60ae4611a, try wait 10ms... 
[15:04:39.414] [24110] [WARN ] [allReady:92]	the task not exists !!! task: 50400e81-ee0a-483b-9e51-cef60ae4611a, try wait 10ms... 
[15:04:39.424] [24110] [WARN ] [allReady:92]	the task not exists !!! task: 50400e81-ee0a-483b-9e51-cef60ae4611a, try wait 10ms... 
[15:04:39.434] [24110] [WARN ] [allReady:92]	the task not exists !!! task: 50400e81-ee0a-483b-9e51-cef60ae4611a, try wait 10ms... 
[15:04:39.444] [24110] [WARN ] [allReady:92]	the task not exists !!! task: 50400e81-ee0a-483b-9e51-cef60ae4611a, try wait 10ms... 
[15:04:39.455] [24110] [WARN ] [allReady:92]	the task not exists !!! task: 50400e81-ee0a-483b-9e51-cef60ae4611a, try wait 10ms... 
[15:04:39.465] [24110] [WARN ] [allReady:92]	the task not exists !!! task: 50400e81-ee0a-483b-9e51-cef60ae4611a, try wait 10ms... 
[15:04:39.475] [24110] [WARN ] [allReady:92]	the task not exists !!! task: 50400e81-ee0a-483b-9e51-cef60ae4611a, try wait 10ms... 
[15:04:39.485] [24110] [WARN ] [allReady:92]	the task not exists !!! task: 50400e81-ee0a-483b-9e51-cef60ae4611a, try wait 10ms... 
[15:04:39.495] [24110] [WARN ] [allReady:92]	the task not exists !!! task: 50400e81-ee0a-483b-9e51-cef60ae4611a, try wait 10ms... 
[15:04:39.505] [24110] [WARN ] [allReady:92]	the task not exists !!! task: 50400e81-ee0a-483b-9e51-cef60ae4611a, try wait 10ms... 
[15:04:39.516] [24110] [WARN ] [allReady:92]	the task not exists !!! task: 50400e81-ee0a-483b-9e51-cef60ae4611a, try wait 10ms... 
[15:04:39.526] [24110] [WARN ] [allReady:92]	the task not exists !!! task: 50400e81-ee0a-483b-9e51-cef60ae4611a, try wait 10ms... 
[15:04:39.536] [24110] [WARN ] [allReady:92]	the task not exists !!! task: 50400e81-ee0a-483b-9e51-cef60ae4611a, try wait 10ms... 
[15:04:39.546] [24110] [WARN ] [allReady:92]	the task not exists !!! task: 50400e81-ee0a-483b-9e51-cef60ae4611a, try wait 10ms... 
[15:04:39.556] [24110] [WARN ] [allReady:92]	the task not exists !!! task: 50400e81-ee0a-483b-9e51-cef60ae4611a, try wait 10ms... 
[15:04:39.566] [24110] [WARN ] [allReady:92]	the task not exists !!! task: 50400e81-ee0a-483b-9e51-cef60ae4611a, try wait 10ms... 
[15:04:39.577] [24110] [WARN ] [allReady:92]	the task not exists !!! task: 50400e81-ee0a-483b-9e51-cef60ae4611a, try wait 10ms... 
[15:04:39.587] [24110] [WARN ] [allReady:92]	the task not exists !!! task: 50400e81-ee0a-483b-9e51-cef60ae4611a, try wait 10ms... 
[15:04:39.597] [24110] [WARN ] [allReady:92]	the task not exists !!! task: 50400e81-ee0a-483b-9e51-cef60ae4611a, try wait 10ms... 
[15:04:39.607] [24110] [WARN ] [allReady:92]	the task not exists !!! task: 50400e81-ee0a-483b-9e51-cef60ae4611a, try wait 10ms... 
[15:04:39.617] [24110] [WARN ] [allReady:92]	the task not exists !!! task: 50400e81-ee0a-483b-9e51-cef60ae4611a, try wait 10ms... 
[15:04:39.628] [24110] [WARN ] [allReady:92]	the task not exists !!! task: 50400e81-ee0a-483b-9e51-cef60ae4611a, try wait 10ms... 
[15:04:39.638] [24110] [WARN ] [allReady:92]	the task not exists !!! task: 50400e81-ee0a-483b-9e51-cef60ae4611a, try wait 10ms... 
[15:04:39.648] [24110] [WARN ] [allReady:92]	the task not exists !!! task: 50400e81-ee0a-483b-9e51-cef60ae4611a, try wait 10ms... 
[15:04:39.658] [24110] [WARN ] [allReady:92]	the task not exists !!! task: 50400e81-ee0a-483b-9e51-cef60ae4611a, try wait 10ms... 
[15:04:39.669] [24110] [WARN ] [allReady:92]	the task not exists !!! task: 50400e81-ee0a-483b-9e51-cef60ae4611a, try wait 10ms... 
[15:04:39.679] [24110] [WARN ] [allReady:92]	the task not exists !!! task: 50400e81-ee0a-483b-9e51-cef60ae4611a, try wait 10ms... 
[15:04:39.689] [24110] [WARN ] [allReady:92]	the task not exists !!! task: 50400e81-ee0a-483b-9e51-cef60ae4611a, try wait 10ms... 
[15:04:39.699] [24110] [WARN ] [allReady:92]	the task not exists !!! task: 50400e81-ee0a-483b-9e51-cef60ae4611a, try wait 10ms... 
[15:04:39.709] [24110] [WARN ] [allReady:92]	the task not exists !!! task: 50400e81-ee0a-483b-9e51-cef60ae4611a, try wait 10ms... 
[15:04:39.720] [24110] [WARN ] [allReady:92]	the task not exists !!! task: 50400e81-ee0a-483b-9e51-cef60ae4611a, try wait 10ms... 
[15:04:39.730] [24110] [WARN ] [allReady:92]	the task not exists !!! task: 50400e81-ee0a-483b-9e51-cef60ae4611a, try wait 10ms... 
[15:04:39.740] [24110] [WARN ] [allReady:92]	the task not exists !!! task: 50400e81-ee0a-483b-9e51-cef60ae4611a, try wait 10ms... 
[15:04:39.750] [24110] [WARN ] [allReady:92]	the task not exists !!! task: 50400e81-ee0a-483b-9e51-cef60ae4611a, try wait 10ms... 
[15:04:39.761] [24110] [WARN ] [allReady:92]	the task not exists !!! task: 50400e81-ee0a-483b-9e51-cef60ae4611a, try wait 10ms... 
[15:04:39.771] [24110] [WARN ] [allReady:92]	the task not exists !!! task: 50400e81-ee0a-483b-9e51-cef60ae4611a, try wait 10ms... 
[15:04:39.781] [24110] [WARN ] [allReady:92]	the task not exists !!! task: 50400e81-ee0a-483b-9e51-cef60ae4611a, try wait 10ms... 
[15:04:39.791] [24110] [WARN ] [allReady:92]	the task not exists !!! task: 50400e81-ee0a-483b-9e51-cef60ae4611a, try wait 10ms... 
[15:04:39.802] [24110] [WARN ] [allReady:92]	the task not exists !!! task: 50400e81-ee0a-483b-9e51-cef60ae4611a, try wait 10ms... 
[15:04:39.812] [24110] [WARN ] [allReady:92]	the task not exists !!! task: 50400e81-ee0a-483b-9e51-cef60ae4611a, try wait 10ms... 
[15:04:39.822] [24110] [WARN ] [allReady:92]	the task not exists !!! task: 50400e81-ee0a-483b-9e51-cef60ae4611a, try wait 10ms... 
[15:04:39.832] [24110] [WARN ] [allReady:92]	the task not exists !!! task: 50400e81-ee0a-483b-9e51-cef60ae4611a, try wait 10ms... 
[15:04:39.842] [24110] [WARN ] [allReady:92]	the task not exists !!! task: 50400e81-ee0a-483b-9e51-cef60ae4611a, try wait 10ms... 
[15:04:39.852] [24110] [WARN ] [allReady:92]	the task not exists !!! task: 50400e81-ee0a-483b-9e51-cef60ae4611a, try wait 10ms... 
[15:04:39.862] [24110] [WARN ] [allReady:92]	the task not exists !!! task: 50400e81-ee0a-483b-9e51-cef60ae4611a, try wait 10ms... 
[15:04:39.873] [24110] [WARN ] [allReady:92]	the task not exists !!! task: 50400e81-ee0a-483b-9e51-cef60ae4611a, try wait 10ms... 
[15:04:39.883] [24110] [WARN ] [allReady:92]	the task not exists !!! task: 50400e81-ee0a-483b-9e51-cef60ae4611a, try wait 10ms... 
[15:04:39.893] [24110] [WARN ] [allReady:92]	the task not exists !!! task: 50400e81-ee0a-483b-9e51-cef60ae4611a, try wait 10ms... 
[15:04:39.903] [24110] [WARN ] [allReady:92]	the task not exists !!! task: 50400e81-ee0a-483b-9e51-cef60ae4611a, try wait 10ms... 
[15:04:39.913] [24110] [WARN ] [allReady:92]	the task not exists !!! task: 50400e81-ee0a-483b-9e51-cef60ae4611a, try wait 10ms... 
[15:04:39.923] [24110] [WARN ] [allReady:92]	the task not exists !!! task: 50400e81-ee0a-483b-9e51-cef60ae4611a, try wait 10ms... 
[15:04:39.934] [24110] [WARN ] [allReady:92]	the task not exists !!! task: 50400e81-ee0a-483b-9e51-cef60ae4611a, try wait 10ms... 
[15:04:39.944] [24110] [WARN ] [allReady:92]	the task not exists !!! task: 50400e81-ee0a-483b-9e51-cef60ae4611a, try wait 10ms... 
[15:04:39.954] [24110] [WARN ] [allReady:92]	the task not exists !!! task: 50400e81-ee0a-483b-9e51-cef60ae4611a, try wait 10ms... 
[15:04:39.964] [24110] [WARN ] [allReady:92]	the task not exists !!! task: 50400e81-ee0a-483b-9e51-cef60ae4611a, try wait 10ms... 
[15:04:39.974] [24110] [WARN ] [allReady:92]	the task not exists !!! task: 50400e81-ee0a-483b-9e51-cef60ae4611a, try wait 10ms... 
[15:04:39.984] [24110] [WARN ] [allReady:92]	the task not exists !!! task: 50400e81-ee0a-483b-9e51-cef60ae4611a, try wait 10ms... 
[15:04:39.994] [24110] [WARN ] [allReady:92]	the task not exists !!! task: 50400e81-ee0a-483b-9e51-cef60ae4611a, try wait 10ms... 
[15:04:40.005] [24110] [WARN ] [allReady:92]	the task not exists !!! task: 50400e81-ee0a-483b-9e51-cef60ae4611a, try wait 10ms... 
[15:04:40.015] [24110] [WARN ] [allReady:92]	the task not exists !!! task: 50400e81-ee0a-483b-9e51-cef60ae4611a, try wait 10ms... 
[15:04:40.025] [24110] [WARN ] [allReady:92]	the task not exists !!! task: 50400e81-ee0a-483b-9e51-cef60ae4611a, try wait 10ms... 
[15:04:40.035] [24110] [WARN ] [allReady:92]	the task not exists !!! task: 50400e81-ee0a-483b-9e51-cef60ae4611a, try wait 10ms... 
[15:04:40.045] [24110] [WARN ] [allReady:92]	the task not exists !!! task: 50400e81-ee0a-483b-9e51-cef60ae4611a, try wait 10ms... 
[15:04:40.055] [24110] [WARN ] [allReady:92]	the task not exists !!! task: 50400e81-ee0a-483b-9e51-cef60ae4611a, try wait 10ms... 
[15:04:40.066] [24110] [WARN ] [allReady:92]	the task not exists !!! task: 50400e81-ee0a-483b-9e51-cef60ae4611a, try wait 10ms... 
[15:04:40.076] [24110] [WARN ] [allReady:92]	the task not exists !!! task: 50400e81-ee0a-483b-9e51-cef60ae4611a, try wait 10ms... 
[15:04:40.086] [24110] [WARN ] [allReady:92]	the task not exists !!! task: 50400e81-ee0a-483b-9e51-cef60ae4611a, try wait 10ms... 
[15:04:40.096] [24110] [WARN ] [allReady:92]	the task not exists !!! task: 50400e81-ee0a-483b-9e51-cef60ae4611a, try wait 10ms... 
[15:04:40.106] [24110] [WARN ] [allReady:92]	the task not exists !!! task: 50400e81-ee0a-483b-9e51-cef60ae4611a, try wait 10ms... 
[15:04:40.116] [24110] [WARN ] [allReady:92]	the task not exists !!! task: 50400e81-ee0a-483b-9e51-cef60ae4611a, try wait 10ms... 
[15:04:40.127] [24110] [WARN ] [allReady:92]	the task not exists !!! task: 50400e81-ee0a-483b-9e51-cef60ae4611a, try wait 10ms... 
[15:04:40.137] [24110] [WARN ] [allReady:92]	the task not exists !!! task: 50400e81-ee0a-483b-9e51-cef60ae4611a, try wait 10ms... 
[15:04:40.147] [24110] [WARN ] [allReady:92]	the task not exists !!! task: 50400e81-ee0a-483b-9e51-cef60ae4611a, try wait 10ms... 
[15:04:40.157] [24110] [WARN ] [allReady:92]	the task not exists !!! task: 50400e81-ee0a-483b-9e51-cef60ae4611a, try wait 10ms... 
[15:04:40.167] [24110] [WARN ] [allReady:92]	the task not exists !!! task: 50400e81-ee0a-483b-9e51-cef60ae4611a, try wait 10ms... 
[15:04:40.177] [24110] [WARN ] [allReady:92]	the task not exists !!! task: 50400e81-ee0a-483b-9e51-cef60ae4611a, try wait 10ms... 
[15:04:40.188] [24110] [WARN ] [allReady:92]	the task not exists !!! task: 50400e81-ee0a-483b-9e51-cef60ae4611a, try wait 10ms... 
[15:04:40.198] [24110] [WARN ] [allReady:92]	the task not exists !!! task: 50400e81-ee0a-483b-9e51-cef60ae4611a, try wait 10ms... 
[15:04:40.208] [24110] [WARN ] [allReady:92]	the task not exists !!! task: 50400e81-ee0a-483b-9e51-cef60ae4611a, try wait 10ms... 
[15:04:40.218] [24110] [WARN ] [allReady:92]	the task not exists !!! task: 50400e81-ee0a-483b-9e51-cef60ae4611a, try wait 10ms... 
[15:04:40.228] [24110] [WARN ] [allReady:92]	the task not exists !!! task: 50400e81-ee0a-483b-9e51-cef60ae4611a, try wait 10ms... 
[15:04:40.239] [24110] [WARN ] [allReady:92]	the task not exists !!! task: 50400e81-ee0a-483b-9e51-cef60ae4611a, try wait 10ms... 
[15:04:40.249] [24110] [WARN ] [allReady:92]	the task not exists !!! task: 50400e81-ee0a-483b-9e51-cef60ae4611a, try wait 10ms... 
