[21:43:55.601] [24061] [INFO ] [JNI_OnLoad:24]	jvm onload success ! 
[21:43:55.602] [24061] [INFO ] [init:111]	JniNativeCallback init ok. 
[21:43:55.602] [24061] [INFO ] [init:136]	to init engine, user: test002, mode: 0, proxyEndpoint: ProxyGlacier2/router:tcp -h 202.114.114.46 -p 4502 -t 11000 
[21:43:55.602] [24061] [WARN ] [init:158]	Cannot find the --Mpc.Data=xxxxx config item ! 
[21:43:55.602] [24061] [WARN ] [init:178]	Cannot find the --Mpc.Circuits=xxxxx config item ! not preload circuits !! 
[21:43:55.602] [24061] [INFO ] [init:188]	preload circuits ok ! 
[21:43:55.602] [24061] [INFO ] [init:212]	Not start node server ! use proxy forward ! 
[21:43:55.603] [24061] [INFO ] [MpcTaskDispatcher:39]	construct task dispatcher, with 8 processor, load balence is: 16384 
[21:43:55.603] [24061] [INFO ] [init:63]	INIT the processor: 0, type: 0 ok 
[21:43:55.603] [24061] [INFO ] [init:63]	INIT the processor: 1, type: 0 ok 
[21:43:55.603] [24061] [INFO ] [init:63]	INIT the processor: 2, type: 0 ok 
[21:43:55.603] [24061] [INFO ] [init:63]	INIT the processor: 3, type: 0 ok 
[21:43:55.603] [24061] [INFO ] [init:63]	INIT the processor: 4, type: 1 ok 
[21:43:55.603] [24061] [INFO ] [init:63]	INIT the processor: 5, type: 1 ok 
[21:43:55.603] [24061] [INFO ] [init:63]	INIT the processor: 6, type: 1 ok 
[21:43:55.604] [24061] [INFO ] [init:63]	INIT the processor: 7, type: 1 ok 
[21:43:55.604] [24061] [INFO ] [init:234]	INIT task dispatcher done ! 
[21:43:55.605] [24061] [INFO ] [init:64]	connect to busi proxy server endpoint: ProxyGlacier2/router:tcp -h 202.114.114.46 -p 4502 -t 11000 
[21:43:55.606] [24096] [INFO ] [operator():54]	task processor: 6 is running... 
[21:43:55.606] [24097] [INFO ] [operator():54]	task processor: 7 is running... 
[21:43:55.611] [24090] [INFO ] [operator():54]	task processor: 0 is running... 
[21:43:55.611] [24097] [INFO ] [popInviteeReadyTask:208]	to POP a ready task from ready invitee queue to processor, now read_num: 0 ... 
[21:43:55.611] [24090] [INFO ] [popInvitorReadyTask:270]	to POP a ready task from ready invitor queue to processor, now read_num: 0 ... 
[21:43:55.611] [24096] [INFO ] [popInviteeReadyTask:208]	to POP a ready task from ready invitee queue to processor, now read_num: 0 ... 
[21:43:55.606] [24095] [INFO ] [operator():54]	task processor: 5 is running... 
[21:43:55.614] [24095] [INFO ] [popInviteeReadyTask:208]	to POP a ready task from ready invitee queue to processor, now read_num: 0 ... 
[21:43:55.607] [24094] [INFO ] [operator():54]	task processor: 4 is running... 
[21:43:55.615] [24094] [INFO ] [popInviteeReadyTask:208]	to POP a ready task from ready invitee queue to processor, now read_num: 0 ... 
[21:43:55.607] [24092] [INFO ] [operator():54]	task processor: 2 is running... 
[21:43:55.615] [24092] [INFO ] [popInvitorReadyTask:270]	to POP a ready task from ready invitor queue to processor, now read_num: 0 ... 
[21:43:55.607] [24091] [INFO ] [operator():54]	task processor: 1 is running... 
[21:43:55.615] [24091] [INFO ] [popInvitorReadyTask:270]	to POP a ready task from ready invitor queue to processor, now read_num: 0 ... 
[21:43:55.607] [24093] [INFO ] [operator():54]	task processor: 3 is running... 
[21:43:55.615] [24093] [INFO ] [popInvitorReadyTask:270]	to POP a ready task from ready invitor queue to processor, now read_num: 0 ... 
[21:43:55.625] [24104] [INFO ] [connected:34]	to get session... 
[21:43:55.625] [24104] [INFO ] [connected:38]	to get create busi node callback... 
[21:43:55.625] [24104] [INFO ] [connected:46]	to set node callback, public endpoint: ProxyGlacier2/router:tcp -h 202.114.114.46 -p 4502 -t 11000, user: test002 ... 
[21:43:55.628] [24104] [WARN ] [connected:55]	the busi session create success. 
[21:43:56.118] [24061] [INFO ] [init:69]	waiting for node busi client inited ... timeout 1s.. 
[21:43:56.118] [24061] [INFO ] [init:74]	the busi node communicator is prepared !!!! 
[21:43:56.118] [24061] [INFO ] [init:86]	INIT busi node client success. user: test002, proxyEndpoint: ProxyGlacier2/router:tcp -h 202.114.114.46 -p 4502 -t 11000 
[21:43:56.118] [24061] [INFO ] [init:244]	INIT busi node client done ! 
[21:43:56.118] [24061] [INFO ] [init:48]	input ready process init ok. 
[21:43:56.118] [24061] [INFO ] [init:253]	INIT input ready processor done ! 
[21:43:56.118] [24061] [INFO ] [init:48]	ready process init ok. max request queue size: 4 
[21:43:56.118] [24061] [INFO ] [init:263]	INIT ready processor done ! 
[21:43:56.118] [24061] [INFO ] [init:269]	Mpc engine init success. 
[21:43:56.118] [24134] [INFO ] [popCommitTask:127]	to POP a commit task, task size: 0  ... 
[21:43:56.119] [24061] [INFO ] [Java_com_juzix_jugo_node_jni_NativeInterface_setDataLogLevel:155]	init the log to level: 3, data log state: 0 
[21:43:56.124] [24061] [ERROR] [Java_com_juzix_jugo_node_jni_NativeInterface_startTask:135]	commit a invite task to engine ok ! 
[21:43:56.190] [24061] [ERROR] [Java_com_juzix_jugo_node_jni_NativeInterface_startTask:135]	commit a invite task to engine ok ! 
[21:43:56.202] [24061] [ERROR] [Java_com_juzix_jugo_node_jni_NativeInterface_startTask:135]	commit a invite task to engine ok ! 
[21:43:56.212] [24061] [ERROR] [Java_com_juzix_jugo_node_jni_NativeInterface_startTask:135]	commit a invite task to engine ok ! 
[21:43:56.223] [24061] [ERROR] [Java_com_juzix_jugo_node_jni_NativeInterface_startTask:135]	commit a invite task to engine ok ! 
[21:43:56.233] [24061] [ERROR] [Java_com_juzix_jugo_node_jni_NativeInterface_startTask:135]	commit a invite task to engine ok ! 
[21:43:56.241] [24061] [ERROR] [Java_com_juzix_jugo_node_jni_NativeInterface_startTask:135]	commit a invite task to engine ok ! 
[21:43:56.250] [24061] [ERROR] [Java_com_juzix_jugo_node_jni_NativeInterface_startTask:135]	commit a invite task to engine ok ! 
[21:43:56.265] [24061] [ERROR] [Java_com_juzix_jugo_node_jni_NativeInterface_startTask:135]	commit a invite task to engine ok ! 
[21:43:56.276] [24061] [ERROR] [Java_com_juzix_jugo_node_jni_NativeInterface_startTask:135]	commit a invite task to engine ok ! 
[21:43:56.284] [24061] [ERROR] [Java_com_juzix_jugo_node_jni_NativeInterface_startTask:135]	commit a invite task to engine ok ! 
[21:43:56.292] [24061] [ERROR] [Java_com_juzix_jugo_node_jni_NativeInterface_startTask:135]	commit a invite task to engine ok ! 
[21:43:56.302] [24061] [ERROR] [Java_com_juzix_jugo_node_jni_NativeInterface_startTask:135]	commit a invite task to engine ok ! 
[21:43:56.310] [24061] [ERROR] [Java_com_juzix_jugo_node_jni_NativeInterface_startTask:135]	commit a invite task to engine ok ! 
[21:43:56.317] [24061] [ERROR] [Java_com_juzix_jugo_node_jni_NativeInterface_startTask:135]	commit a invite task to engine ok ! 
[21:43:56.326] [24061] [ERROR] [Java_com_juzix_jugo_node_jni_NativeInterface_startTask:135]	commit a invite task to engine ok ! 
[21:43:56.334] [24061] [ERROR] [Java_com_juzix_jugo_node_jni_NativeInterface_startTask:135]	commit a invite task to engine ok ! 
[21:43:56.341] [24061] [ERROR] [Java_com_juzix_jugo_node_jni_NativeInterface_startTask:135]	commit a invite task to engine ok ! 
[21:43:56.346] [24061] [ERROR] [Java_com_juzix_jugo_node_jni_NativeInterface_startTask:135]	commit a invite task to engine ok ! 
[21:43:56.360] [24061] [ERROR] [Java_com_juzix_jugo_node_jni_NativeInterface_startTask:135]	commit a invite task to engine ok ! 
[21:43:56.371] [24061] [ERROR] [Java_com_juzix_jugo_node_jni_NativeInterface_startTask:135]	commit a invite task to engine ok ! 
[21:43:56.378] [24061] [ERROR] [Java_com_juzix_jugo_node_jni_NativeInterface_startTask:135]	commit a invite task to engine ok ! 
[21:43:56.388] [24061] [ERROR] [Java_com_juzix_jugo_node_jni_NativeInterface_startTask:135]	commit a invite task to engine ok ! 
[21:43:56.398] [24061] [ERROR] [Java_com_juzix_jugo_node_jni_NativeInterface_startTask:135]	commit a invite task to engine ok ! 
[21:43:56.402] [24061] [ERROR] [Java_com_juzix_jugo_node_jni_NativeInterface_startTask:135]	commit a invite task to engine ok ! 
[21:43:56.412] [24061] [ERROR] [Java_com_juzix_jugo_node_jni_NativeInterface_startTask:135]	commit a invite task to engine ok ! 
[21:43:56.439] [24102] [WARN ] [MpcMemPool:42]	the mempool construction, size: 134217728, mem: 0x7f0efe948010 
[21:43:56.440] [24061] [ERROR] [Java_com_juzix_jugo_node_jni_NativeInterface_startTask:135]	commit a invite task to engine ok ! 
[21:43:56.451] [24061] [ERROR] [Java_com_juzix_jugo_node_jni_NativeInterface_startTask:135]	commit a invite task to engine ok ! 
[21:43:56.464] [24061] [ERROR] [Java_com_juzix_jugo_node_jni_NativeInterface_startTask:135]	commit a invite task to engine ok ! 
[21:43:56.473] [24061] [ERROR] [Java_com_juzix_jugo_node_jni_NativeInterface_startTask:135]	commit a invite task to engine ok ! 
[21:43:56.487] [24061] [ERROR] [Java_com_juzix_jugo_node_jni_NativeInterface_startTask:135]	commit a invite task to engine ok ! 
[21:43:56.498] [24061] [ERROR] [Java_com_juzix_jugo_node_jni_NativeInterface_startTask:135]	commit a invite task to engine ok ! 
[21:43:56.506] [24061] [ERROR] [Java_com_juzix_jugo_node_jni_NativeInterface_startTask:135]	commit a invite task to engine ok ! 
[21:43:56.513] [24061] [ERROR] [Java_com_juzix_jugo_node_jni_NativeInterface_startTask:135]	commit a invite task to engine ok ! 
[21:43:56.520] [24061] [ERROR] [Java_com_juzix_jugo_node_jni_NativeInterface_startTask:135]	commit a invite task to engine ok ! 
[21:43:56.532] [24061] [ERROR] [Java_com_juzix_jugo_node_jni_NativeInterface_startTask:135]	commit a invite task to engine ok ! 
[21:43:56.540] [24061] [ERROR] [Java_com_juzix_jugo_node_jni_NativeInterface_startTask:135]	commit a invite task to engine ok ! 
[21:43:56.547] [24061] [ERROR] [Java_com_juzix_jugo_node_jni_NativeInterface_startTask:135]	commit a invite task to engine ok ! 
[21:43:56.553] [24061] [ERROR] [Java_com_juzix_jugo_node_jni_NativeInterface_startTask:135]	commit a invite task to engine ok ! 
[21:43:56.563] [24061] [ERROR] [Java_com_juzix_jugo_node_jni_NativeInterface_startTask:135]	commit a invite task to engine ok ! 
[21:43:56.573] [24061] [ERROR] [Java_com_juzix_jugo_node_jni_NativeInterface_startTask:135]	commit a invite task to engine ok ! 
[21:43:56.586] [24061] [ERROR] [Java_com_juzix_jugo_node_jni_NativeInterface_startTask:135]	commit a invite task to engine ok ! 
[21:43:56.594] [24061] [ERROR] [Java_com_juzix_jugo_node_jni_NativeInterface_startTask:135]	commit a invite task to engine ok ! 
[21:43:56.600] [24061] [ERROR] [Java_com_juzix_jugo_node_jni_NativeInterface_startTask:135]	commit a invite task to engine ok ! 
[21:43:56.607] [24061] [ERROR] [Java_com_juzix_jugo_node_jni_NativeInterface_startTask:135]	commit a invite task to engine ok ! 
[21:43:56.614] [24061] [ERROR] [Java_com_juzix_jugo_node_jni_NativeInterface_startTask:135]	commit a invite task to engine ok ! 
[21:43:56.623] [24061] [ERROR] [Java_com_juzix_jugo_node_jni_NativeInterface_startTask:135]	commit a invite task to engine ok ! 
[21:43:56.629] [24061] [ERROR] [Java_com_juzix_jugo_node_jni_NativeInterface_startTask:135]	commit a invite task to engine ok ! 
[21:43:56.636] [24061] [ERROR] [Java_com_juzix_jugo_node_jni_NativeInterface_startTask:135]	commit a invite task to engine ok ! 
[21:43:56.643] [24061] [ERROR] [Java_com_juzix_jugo_node_jni_NativeInterface_startTask:135]	commit a invite task to engine ok ! 
[21:46:19.524] [21741] [WARN ] [~MpcMemPool:48]	the mempool is freed! 
