[21:50:52.270] [17903] [INFO ] [JNI_OnLoad:24]	jvm onload success ! 
[21:50:52.270] [17903] [INFO ] [init:111]	JniNativeCallback init ok. 
[21:50:52.270] [17903] [INFO ] [init:136]	to init engine, user: test002, mode: 0, proxyEndpoint: ProxyGlacier2/router:tcp -h 202.114.114.46 -p 4502 -t 11000 
[21:50:52.270] [17903] [WARN ] [init:158]	Cannot find the --Mpc.Data=xxxxx config item ! 
[21:50:52.270] [17903] [WARN ] [init:178]	Cannot find the --Mpc.Circuits=xxxxx config item ! not preload circuits !! 
[21:50:52.270] [17903] [INFO ] [init:188]	preload circuits ok ! 
[21:50:52.270] [17903] [INFO ] [init:212]	Not start node server ! use proxy forward ! 
[21:50:52.271] [17903] [INFO ] [MpcTaskDispatcher:39]	construct task dispatcher, with 8 processor, load balence is: 16384 
[21:50:52.271] [17903] [INFO ] [init:63]	INIT the processor: 0, type: 0 ok 
[21:50:52.271] [17903] [INFO ] [init:63]	INIT the processor: 1, type: 0 ok 
[21:50:52.271] [17905] [INFO ] [operator():54]	task processor: 0 is running... 
[13:50:52.271] [17906] [INFO ] [operator():54]	task processor: 1 is running... 
[21:50:52.271] [17907] [INFO ] [operator():54]	task processor: 2 is running... 
[21:50:52.271] [17905] [INFO ] [popInvitorReadyTask:270]	to POP a ready task from ready invitor queue to processor, now read_num: 0 ... 
[21:50:52.271] [17903] [INFO ] [init:63]	INIT the processor: 2, type: 0 ok 
[21:50:52.271] [17906] [INFO ] [popInvitorReadyTask:270]	to POP a ready task from ready invitor queue to processor, now read_num: 0 ... 
[21:50:52.271] [17907] [INFO ] [popInvitorReadyTask:270]	to POP a ready task from ready invitor queue to processor, now read_num: 0 ... 
[21:50:52.271] [17903] [INFO ] [init:63]	INIT the processor: 3, type: 0 ok 
[21:50:52.271] [17908] [INFO ] [operator():54]	task processor: 3 is running... 
[21:50:52.271] [17903] [INFO ] [init:63]	INIT the processor: 4, type: 1 ok 
[21:50:52.271] [17910] [INFO ] [operator():54]	task processor: 4 is running... 
[21:50:52.271] [17903] [INFO ] [init:63]	INIT the processor: 5, type: 1 ok 
[21:50:52.271] [17910] [INFO ] [popInviteeReadyTask:208]	to POP a ready task from ready invitee queue to processor, now read_num: 0 ... 
[21:50:52.271] [17908] [INFO ] [popInvitorReadyTask:270]	to POP a ready task from ready invitor queue to processor, now read_num: 0 ... 
[21:50:52.271] [17911] [INFO ] [operator():54]	task processor: 5 is running... 
[21:50:52.271] [17903] [INFO ] [init:63]	INIT the processor: 6, type: 1 ok 
[21:50:52.271] [17911] [INFO ] [popInviteeReadyTask:208]	to POP a ready task from ready invitee queue to processor, now read_num: 0 ... 
[21:50:52.271] [17912] [INFO ] [operator():54]	task processor: 6 is running... 
[21:50:52.271] [17913] [INFO ] [operator():54]	task processor: 7 is running... 
[21:50:52.271] [17913] [INFO ] [popInviteeReadyTask:208]	to POP a ready task from ready invitee queue to processor, now read_num: 0 ... 
[21:50:52.271] [17912] [INFO ] [popInviteeReadyTask:208]	to POP a ready task from ready invitee queue to processor, now read_num: 0 ... 
[21:50:52.271] [17903] [INFO ] [init:63]	INIT the processor: 7, type: 1 ok 
[21:50:52.271] [17903] [INFO ] [init:234]	INIT task dispatcher done ! 
[21:50:52.272] [17903] [INFO ] [init:64]	connect to busi proxy server endpoint: ProxyGlacier2/router:tcp -h 202.114.114.46 -p 4502 -t 11000 
[21:50:52.282] [17918] [INFO ] [connected:34]	to get session... 
[21:50:52.283] [17918] [INFO ] [connected:38]	to get create busi node callback... 
[21:50:52.283] [17918] [INFO ] [connected:46]	to set node callback, public endpoint: ProxyGlacier2/router:tcp -h 202.114.114.46 -p 4502 -t 11000, user: test002 ... 
[21:50:52.284] [17918] [WARN ] [connected:55]	the busi session create success. 
[21:50:52.778] [17903] [INFO ] [init:69]	waiting for node busi client inited ... timeout 1s.. 
[21:50:52.778] [17903] [INFO ] [init:74]	the busi node communicator is prepared !!!! 
[21:50:52.778] [17903] [INFO ] [init:86]	INIT busi node client success. user: test002, proxyEndpoint: ProxyGlacier2/router:tcp -h 202.114.114.46 -p 4502 -t 11000 
[21:50:52.778] [17903] [INFO ] [init:244]	INIT busi node client done ! 
[21:50:52.778] [17903] [INFO ] [init:48]	input ready process init ok. 
[21:50:52.778] [17903] [INFO ] [init:253]	INIT input ready processor done ! 
[21:50:52.778] [17903] [INFO ] [init:48]	ready process init ok. max request queue size: 4 
[21:50:52.778] [17903] [INFO ] [init:263]	INIT ready processor done ! 
[21:50:52.778] [17930] [INFO ] [popCommitTask:127]	to POP a commit task, task size: 0  ... 
[21:50:52.778] [17903] [INFO ] [init:269]	Mpc engine init success. 
[21:50:52.779] [17903] [INFO ] [Java_com_juzix_jugo_node_jni_NativeInterface_setDataLogLevel:155]	init the log to level: 3, data log state: 0 
[21:50:52.784] [17903] [ERROR] [Java_com_juzix_jugo_node_jni_NativeInterface_startTask:135]	commit a invite task to engine ok ! 
[21:50:52.861] [17903] [ERROR] [Java_com_juzix_jugo_node_jni_NativeInterface_startTask:135]	commit a invite task to engine ok ! 
[21:50:52.866] [17903] [ERROR] [Java_com_juzix_jugo_node_jni_NativeInterface_startTask:135]	commit a invite task to engine ok ! 
[21:50:52.873] [17903] [ERROR] [Java_com_juzix_jugo_node_jni_NativeInterface_startTask:135]	commit a invite task to engine ok ! 
[21:50:52.877] [17903] [ERROR] [Java_com_juzix_jugo_node_jni_NativeInterface_startTask:135]	commit a invite task to engine ok ! 
[21:50:52.888] [17903] [ERROR] [Java_com_juzix_jugo_node_jni_NativeInterface_startTask:135]	commit a invite task to engine ok ! 
[21:50:52.892] [17903] [ERROR] [Java_com_juzix_jugo_node_jni_NativeInterface_startTask:135]	commit a invite task to engine ok ! 
[21:50:52.896] [17903] [ERROR] [Java_com_juzix_jugo_node_jni_NativeInterface_startTask:135]	commit a invite task to engine ok ! 
[21:50:52.900] [17903] [ERROR] [Java_com_juzix_jugo_node_jni_NativeInterface_startTask:135]	commit a invite task to engine ok ! 
[21:50:52.903] [17903] [ERROR] [Java_com_juzix_jugo_node_jni_NativeInterface_startTask:135]	commit a invite task to engine ok ! 
[21:50:52.906] [17903] [ERROR] [Java_com_juzix_jugo_node_jni_NativeInterface_startTask:135]	commit a invite task to engine ok ! 
[21:50:52.910] [17903] [ERROR] [Java_com_juzix_jugo_node_jni_NativeInterface_startTask:135]	commit a invite task to engine ok ! 
[21:50:52.915] [17903] [ERROR] [Java_com_juzix_jugo_node_jni_NativeInterface_startTask:135]	commit a invite task to engine ok ! 
[21:50:52.920] [17903] [ERROR] [Java_com_juzix_jugo_node_jni_NativeInterface_startTask:135]	commit a invite task to engine ok ! 
[21:50:52.925] [17903] [ERROR] [Java_com_juzix_jugo_node_jni_NativeInterface_startTask:135]	commit a invite task to engine ok ! 
[21:50:52.936] [17903] [ERROR] [Java_com_juzix_jugo_node_jni_NativeInterface_startTask:135]	commit a invite task to engine ok ! 
[21:50:52.943] [17903] [ERROR] [Java_com_juzix_jugo_node_jni_NativeInterface_startTask:135]	commit a invite task to engine ok ! 
[21:50:52.948] [17903] [ERROR] [Java_com_juzix_jugo_node_jni_NativeInterface_startTask:135]	commit a invite task to engine ok ! 
[21:50:52.955] [17903] [ERROR] [Java_com_juzix_jugo_node_jni_NativeInterface_startTask:135]	commit a invite task to engine ok ! 
[21:50:52.962] [17903] [ERROR] [Java_com_juzix_jugo_node_jni_NativeInterface_startTask:135]	commit a invite task to engine ok ! 
[21:50:52.965] [17903] [ERROR] [Java_com_juzix_jugo_node_jni_NativeInterface_startTask:135]	commit a invite task to engine ok ! 
[21:50:52.977] [17903] [ERROR] [Java_com_juzix_jugo_node_jni_NativeInterface_startTask:135]	commit a invite task to engine ok ! 
[21:50:52.981] [17903] [ERROR] [Java_com_juzix_jugo_node_jni_NativeInterface_startTask:135]	commit a invite task to engine ok ! 
[21:50:53.008] [17903] [ERROR] [Java_com_juzix_jugo_node_jni_NativeInterface_startTask:135]	commit a invite task to engine ok ! 
[21:50:53.020] [17903] [ERROR] [Java_com_juzix_jugo_node_jni_NativeInterface_startTask:135]	commit a invite task to engine ok ! 
[21:50:53.030] [17903] [ERROR] [Java_com_juzix_jugo_node_jni_NativeInterface_startTask:135]	commit a invite task to engine ok ! 
[21:50:53.034] [17903] [ERROR] [Java_com_juzix_jugo_node_jni_NativeInterface_startTask:135]	commit a invite task to engine ok ! 
[21:50:53.037] [17903] [ERROR] [Java_com_juzix_jugo_node_jni_NativeInterface_startTask:135]	commit a invite task to engine ok ! 
[21:50:53.040] [17903] [ERROR] [Java_com_juzix_jugo_node_jni_NativeInterface_startTask:135]	commit a invite task to engine ok ! 
[21:50:53.044] [17903] [ERROR] [Java_com_juzix_jugo_node_jni_NativeInterface_startTask:135]	commit a invite task to engine ok ! 
[21:50:53.047] [17903] [ERROR] [Java_com_juzix_jugo_node_jni_NativeInterface_startTask:135]	commit a invite task to engine ok ! 
[21:50:53.052] [17903] [ERROR] [Java_com_juzix_jugo_node_jni_NativeInterface_startTask:135]	commit a invite task to engine ok ! 
[21:50:53.057] [17903] [ERROR] [Java_com_juzix_jugo_node_jni_NativeInterface_startTask:135]	commit a invite task to engine ok ! 
[21:50:53.060] [17903] [ERROR] [Java_com_juzix_jugo_node_jni_NativeInterface_startTask:135]	commit a invite task to engine ok ! 
[21:50:53.063] [17903] [ERROR] [Java_com_juzix_jugo_node_jni_NativeInterface_startTask:135]	commit a invite task to engine ok ! 
[21:50:53.067] [17903] [ERROR] [Java_com_juzix_jugo_node_jni_NativeInterface_startTask:135]	commit a invite task to engine ok ! 
[21:50:53.071] [17903] [ERROR] [Java_com_juzix_jugo_node_jni_NativeInterface_startTask:135]	commit a invite task to engine ok ! 
[21:50:53.074] [17903] [ERROR] [Java_com_juzix_jugo_node_jni_NativeInterface_startTask:135]	commit a invite task to engine ok ! 
[21:50:53.079] [17903] [ERROR] [Java_com_juzix_jugo_node_jni_NativeInterface_startTask:135]	commit a invite task to engine ok ! 
[21:50:53.083] [17903] [ERROR] [Java_com_juzix_jugo_node_jni_NativeInterface_startTask:135]	commit a invite task to engine ok ! 
[21:50:53.087] [17903] [ERROR] [Java_com_juzix_jugo_node_jni_NativeInterface_startTask:135]	commit a invite task to engine ok ! 
[21:50:53.092] [17903] [ERROR] [Java_com_juzix_jugo_node_jni_NativeInterface_startTask:135]	commit a invite task to engine ok ! 
[21:50:53.099] [17903] [ERROR] [Java_com_juzix_jugo_node_jni_NativeInterface_startTask:135]	commit a invite task to engine ok ! 
[21:50:53.105] [17903] [ERROR] [Java_com_juzix_jugo_node_jni_NativeInterface_startTask:135]	commit a invite task to engine ok ! 
[21:50:53.108] [17903] [ERROR] [Java_com_juzix_jugo_node_jni_NativeInterface_startTask:135]	commit a invite task to engine ok ! 
[21:50:53.112] [17903] [ERROR] [Java_com_juzix_jugo_node_jni_NativeInterface_startTask:135]	commit a invite task to engine ok ! 
[21:50:53.115] [17903] [ERROR] [Java_com_juzix_jugo_node_jni_NativeInterface_startTask:135]	commit a invite task to engine ok ! 
[21:50:53.118] [17903] [ERROR] [Java_com_juzix_jugo_node_jni_NativeInterface_startTask:135]	commit a invite task to engine ok ! 
[21:50:53.122] [17903] [ERROR] [Java_com_juzix_jugo_node_jni_NativeInterface_startTask:135]	commit a invite task to engine ok ! 
[21:50:53.125] [17903] [ERROR] [Java_com_juzix_jugo_node_jni_NativeInterface_startTask:135]	commit a invite task to engine ok ! 
[21:50:53.129] [17903] [ERROR] [Java_com_juzix_jugo_node_jni_NativeInterface_startTask:135]	commit a invite task to engine ok ! 
[21:50:53.132] [17903] [ERROR] [Java_com_juzix_jugo_node_jni_NativeInterface_startTask:135]	commit a invite task to engine ok ! 
[21:50:53.135] [17903] [ERROR] [Java_com_juzix_jugo_node_jni_NativeInterface_startTask:135]	commit a invite task to engine ok ! 
[21:50:53.138] [17903] [ERROR] [Java_com_juzix_jugo_node_jni_NativeInterface_startTask:135]	commit a invite task to engine ok ! 
[21:50:53.140] [17903] [ERROR] [Java_com_juzix_jugo_node_jni_NativeInterface_startTask:135]	commit a invite task to engine ok ! 
[21:50:53.145] [17903] [ERROR] [Java_com_juzix_jugo_node_jni_NativeInterface_startTask:135]	commit a invite task to engine ok ! 
[21:50:53.149] [17903] [ERROR] [Java_com_juzix_jugo_node_jni_NativeInterface_startTask:135]	commit a invite task to engine ok ! 
[21:50:53.151] [17903] [ERROR] [Java_com_juzix_jugo_node_jni_NativeInterface_startTask:135]	commit a invite task to engine ok ! 
[21:50:53.154] [17903] [ERROR] [Java_com_juzix_jugo_node_jni_NativeInterface_startTask:135]	commit a invite task to engine ok ! 
[21:50:53.157] [17903] [ERROR] [Java_com_juzix_jugo_node_jni_NativeInterface_startTask:135]	commit a invite task to engine ok ! 
[21:50:53.160] [17903] [ERROR] [Java_com_juzix_jugo_node_jni_NativeInterface_startTask:135]	commit a invite task to engine ok ! 
[21:50:53.163] [17903] [ERROR] [Java_com_juzix_jugo_node_jni_NativeInterface_startTask:135]	commit a invite task to engine ok ! 
[21:50:53.166] [17903] [ERROR] [Java_com_juzix_jugo_node_jni_NativeInterface_startTask:135]	commit a invite task to engine ok ! 
[21:50:53.170] [17903] [ERROR] [Java_com_juzix_jugo_node_jni_NativeInterface_startTask:135]	commit a invite task to engine ok ! 
[21:50:53.173] [17903] [ERROR] [Java_com_juzix_jugo_node_jni_NativeInterface_startTask:135]	commit a invite task to engine ok ! 
[21:50:53.176] [17903] [ERROR] [Java_com_juzix_jugo_node_jni_NativeInterface_startTask:135]	commit a invite task to engine ok ! 
[21:50:53.179] [17903] [ERROR] [Java_com_juzix_jugo_node_jni_NativeInterface_startTask:135]	commit a invite task to engine ok ! 
[21:50:53.182] [17903] [ERROR] [Java_com_juzix_jugo_node_jni_NativeInterface_startTask:135]	commit a invite task to engine ok ! 
[21:50:53.186] [17903] [ERROR] [Java_com_juzix_jugo_node_jni_NativeInterface_startTask:135]	commit a invite task to engine ok ! 
[21:50:53.189] [17903] [ERROR] [Java_com_juzix_jugo_node_jni_NativeInterface_startTask:135]	commit a invite task to engine ok ! 
[21:50:53.192] [17903] [ERROR] [Java_com_juzix_jugo_node_jni_NativeInterface_startTask:135]	commit a invite task to engine ok ! 
[21:50:53.198] [17903] [ERROR] [Java_com_juzix_jugo_node_jni_NativeInterface_startTask:135]	commit a invite task to engine ok ! 
[21:50:53.201] [17903] [ERROR] [Java_com_juzix_jugo_node_jni_NativeInterface_startTask:135]	commit a invite task to engine ok ! 
[21:50:53.204] [17903] [ERROR] [Java_com_juzix_jugo_node_jni_NativeInterface_startTask:135]	commit a invite task to engine ok ! 
[21:50:53.207] [17903] [ERROR] [Java_com_juzix_jugo_node_jni_NativeInterface_startTask:135]	commit a invite task to engine ok ! 
[21:50:53.210] [17903] [ERROR] [Java_com_juzix_jugo_node_jni_NativeInterface_startTask:135]	commit a invite task to engine ok ! 
[21:50:53.216] [17903] [ERROR] [Java_com_juzix_jugo_node_jni_NativeInterface_startTask:135]	commit a invite task to engine ok ! 
[21:50:53.222] [17903] [ERROR] [Java_com_juzix_jugo_node_jni_NativeInterface_startTask:135]	commit a invite task to engine ok ! 
[21:50:53.225] [17903] [ERROR] [Java_com_juzix_jugo_node_jni_NativeInterface_startTask:135]	commit a invite task to engine ok ! 
[21:50:53.231] [17903] [ERROR] [Java_com_juzix_jugo_node_jni_NativeInterface_startTask:135]	commit a invite task to engine ok ! 
[21:50:53.234] [17903] [ERROR] [Java_com_juzix_jugo_node_jni_NativeInterface_startTask:135]	commit a invite task to engine ok ! 
[21:50:53.240] [17903] [ERROR] [Java_com_juzix_jugo_node_jni_NativeInterface_startTask:135]	commit a invite task to engine ok ! 
[21:50:53.246] [17903] [ERROR] [Java_com_juzix_jugo_node_jni_NativeInterface_startTask:135]	commit a invite task to engine ok ! 
[21:50:53.250] [17903] [ERROR] [Java_com_juzix_jugo_node_jni_NativeInterface_startTask:135]	commit a invite task to engine ok ! 
[21:50:53.255] [17903] [ERROR] [Java_com_juzix_jugo_node_jni_NativeInterface_startTask:135]	commit a invite task to engine ok ! 
[21:50:53.259] [17903] [ERROR] [Java_com_juzix_jugo_node_jni_NativeInterface_startTask:135]	commit a invite task to engine ok ! 
[21:50:53.263] [17903] [ERROR] [Java_com_juzix_jugo_node_jni_NativeInterface_startTask:135]	commit a invite task to engine ok ! 
[21:50:53.266] [17903] [ERROR] [Java_com_juzix_jugo_node_jni_NativeInterface_startTask:135]	commit a invite task to engine ok ! 
[21:50:53.269] [17903] [ERROR] [Java_com_juzix_jugo_node_jni_NativeInterface_startTask:135]	commit a invite task to engine ok ! 
[21:50:53.272] [17903] [ERROR] [Java_com_juzix_jugo_node_jni_NativeInterface_startTask:135]	commit a invite task to engine ok ! 
[21:50:53.275] [17903] [ERROR] [Java_com_juzix_jugo_node_jni_NativeInterface_startTask:135]	commit a invite task to engine ok ! 
[21:50:53.280] [17903] [ERROR] [Java_com_juzix_jugo_node_jni_NativeInterface_startTask:135]	commit a invite task to engine ok ! 
[21:50:53.283] [17903] [ERROR] [Java_com_juzix_jugo_node_jni_NativeInterface_startTask:135]	commit a invite task to engine ok ! 
[21:50:53.287] [17903] [ERROR] [Java_com_juzix_jugo_node_jni_NativeInterface_startTask:135]	commit a invite task to engine ok ! 
[21:50:53.289] [17903] [ERROR] [Java_com_juzix_jugo_node_jni_NativeInterface_startTask:135]	commit a invite task to engine ok ! 
[21:50:53.292] [17903] [ERROR] [Java_com_juzix_jugo_node_jni_NativeInterface_startTask:135]	commit a invite task to engine ok ! 
[21:50:53.297] [17903] [ERROR] [Java_com_juzix_jugo_node_jni_NativeInterface_startTask:135]	commit a invite task to engine ok ! 
[21:50:53.300] [17903] [ERROR] [Java_com_juzix_jugo_node_jni_NativeInterface_startTask:135]	commit a invite task to engine ok ! 
[21:50:53.307] [17903] [ERROR] [Java_com_juzix_jugo_node_jni_NativeInterface_startTask:135]	commit a invite task to engine ok ! 
[21:50:53.310] [17903] [ERROR] [Java_com_juzix_jugo_node_jni_NativeInterface_startTask:135]	commit a invite task to engine ok ! 
[21:50:54.215] [17917] [WARN ] [MpcMemPool:42]	the mempool construction, size: 134217728, mem: 0x7fc8c7fff010 
[21:54:42.472] [16657] [WARN ] [~MpcMemPool:48]	the mempool is freed! 
