[21:36:46.064] [10960] [INFO ] [JNI_OnLoad:24]	jvm onload success ! 
[21:36:46.065] [10960] [INFO ] [init:111]	JniNativeCallback init ok. 
[21:36:46.065] [10960] [INFO ] [init:108]	to init engine, user: test002, mode: 0, proxyEndpoint: ProxyGlacier2/router:tcp -h 202.114.114.46 -p 4502 -t 11000 
[21:36:46.065] [10960] [WARN ] [init:130]	Cannot find the --Mpc.Data=xxxxx config item ! 
[21:36:46.065] [10960] [INFO ] [init:156]	Not start node server ! use proxy forward ! 
[21:36:46.065] [10960] [INFO ] [MpcTaskDispatcher:43]	construct task dispatcher, with 3 processor, load balence is: 6000 
[21:36:46.065] [10960] [INFO ] [init:60]	INIT the processor: 0 ok 
[21:36:46.065] [10960] [INFO ] [init:60]	INIT the processor: 1 ok 
[21:36:46.065] [10960] [INFO ] [init:60]	INIT the processor: 2 ok 
[21:36:46.065] [10960] [INFO ] [init:177]	INIT task dispatcher done ! 
[21:36:46.065] [10960] [INFO ] [init:40]	connect to busi proxy server endpoint: ProxyGlacier2/router:tcp -h 202.114.114.46 -p 4502 -t 11000 
[21:36:46.066] [10980] [INFO ] [operator():51]	task processor: 2 is running... 
[21:36:46.066] [10980] [DEBUG] [popReadyTask:166]	to POP a ready task from ready queue to processor, now read_num: 0 ... 
[21:36:46.069] [10979] [INFO ] [operator():51]	task processor: 1 is running... 
[21:36:46.069] [10979] [DEBUG] [popReadyTask:166]	to POP a ready task from ready queue to processor, now read_num: 0 ... 
[21:36:46.075] [10978] [INFO ] [operator():51]	task processor: 0 is running... 
[21:36:46.075] [10978] [DEBUG] [popReadyTask:166]	to POP a ready task from ready queue to processor, now read_num: 0 ... 
[21:36:46.083] [10986] [INFO ] [connected:34]	to get session... 
[21:36:46.083] [10986] [INFO ] [connected:38]	to get create busi node callback... 
[21:36:46.084] [10986] [INFO ] [connected:45]	to set node callback... 
[21:36:46.086] [10986] [WARN ] [connected:54]	the busi session create success. 
[21:36:46.579] [10960] [INFO ] [init:69]	waiting for node busi client inited ... timeout 1s.. 
[21:36:46.579] [10960] [INFO ] [init:74]	the busi node communicator is prepared !!!! 
[21:36:46.579] [10960] [INFO ] [init:86]	INIT busi node client success. user: test002, proxyEndpoint: ProxyGlacier2/router:tcp -h 202.114.114.46 -p 4502 -t 11000 
[21:36:46.579] [10960] [INFO ] [init:187]	INIT busi node client done ! 
[21:36:46.579] [10960] [INFO ] [init:48]	ready process init ok. max request queue size: 3 
[21:36:46.579] [10960] [INFO ] [init:202]	Mpc engine init success. 
[21:36:46.579] [10999] [DEBUG] [popCommitTask:110]	to POP a commit task, task size: 0  ... 
[21:36:46.579] [10960] [INFO ] [Java_com_juzix_jugo_node_jni_NativeInterface_setDataLogLevel:155]	init the log to level: 3, data log state: 0 
[21:36:46.584] [10960] [ERROR] [Java_com_juzix_jugo_node_jni_NativeInterface_startTask:135]	commit a invite task to engine ok ! 
[21:36:46.708] [10960] [ERROR] [Java_com_juzix_jugo_node_jni_NativeInterface_startTask:135]	commit a invite task to engine ok ! 
[21:36:46.728] [11012] [ERROR] [Java_com_juzix_jugo_node_jni_NativeInterface_startTask:135]	commit a invite task to engine ok ! 
[21:36:52.595] [10984] [WARN ] [allReady:153]	busi allReady callback done,  task: 911ac3cf-3985-4364-bd5b-745ecb801d02, user: test002, ready: 2 !  
[21:36:52.597] [11014] [WARN ] [allReady:153]	busi allReady callback done,  task: 1ee9ebb1-5a99-402f-908f-fcee0f7213f5, user: test002, ready: 2 !  
[21:36:52.597] [10985] [WARN ] [allReady:153]	busi allReady callback done,  task: 6e905d03-7f12-4e0e-8930-216b77156484, user: test002, ready: 2 !  
[21:37:18.141] [10980] [WARN ] [processMpcBusi:237]	task processor cannot remove request task: 6e905d03-7f12-4e0e-8930-216b77156484 ! 
[21:37:18.141] [10980] [WARN ] [processTask:130]	processor a MPC task: 6e905d03-7f12-4e0e-8930-216b77156484 Failed ! 
[21:37:18.315] [10978] [WARN ] [processMpcBusi:237]	task processor cannot remove request task: 1ee9ebb1-5a99-402f-908f-fcee0f7213f5 ! 
[21:37:18.315] [10978] [WARN ] [processTask:130]	processor a MPC task: 1ee9ebb1-5a99-402f-908f-fcee0f7213f5 Failed ! 
[21:37:22.497] [10979] [WARN ] [processMpcBusi:237]	task processor cannot remove request task: 911ac3cf-3985-4364-bd5b-745ecb801d02 ! 
[21:37:22.497] [10979] [WARN ] [processTask:130]	processor a MPC task: 911ac3cf-3985-4364-bd5b-745ecb801d02 Failed ! 
