[17:29:39.018] [24629] [INFO ] [JNI_OnLoad:24]	jvm onload success ! 
[17:29:39.020] [24629] [INFO ] [init:111]	JniNativeCallback init ok. 
[17:29:39.020] [24629] [INFO ] [init:136]	to init engine, user: test002, mode: 0, proxyEndpoint: ProxyGlacier2/router:tcp -h 202.114.114.46 -p 4502 -t 11000 
[17:29:39.020] [24629] [WARN ] [init:158]	Cannot find the --Mpc.Data=xxxxx config item ! 
[17:29:39.020] [24629] [INFO ] [parseCircuits:365]	** preload circuit:  /home/lmars/gc/moran103.gc 
[17:29:39.020] [24629] [INFO ] [init:172]	the --Mpc.Circuits=/home/lmars/gc/moran103.gc is set ! 
[17:29:40.589] [24629] [INFO ] [resolveCiruit:326]	** circuit resolve => circuit: /home/lmars/gc/moran103.gc , gates: 3192727, andGate: 891815, wires: 3199319, cost time: 1.569157 seconds, speed: 2034676.706897 (gc / second) ** 
[17:29:40.590] [24629] [INFO ] [CircuitFile:108]	circuit: /home/lmars/gc/moran103.gc,  hash: 1AB21D8355CFA17F8E61194831E81A8F22BEC8C728FEFB747ED035EB5082AA2B 
[17:29:40.590] [24629] [INFO ] [init:188]	preload circuits ok ! 
[17:29:40.590] [24629] [INFO ] [init:212]	Not start node server ! use proxy forward ! 
[17:29:40.591] [24629] [INFO ] [MpcTaskDispatcher:39]	construct task dispatcher, with 8 processor, load balence is: 16384 
[17:29:40.592] [24629] [INFO ] [init:63]	INIT the processor: 0, type: 0 ok 
[17:29:40.592] [24629] [INFO ] [init:63]	INIT the processor: 1, type: 0 ok 
[17:29:40.592] [24711] [INFO ] [operator():54]	task processor: 0 is running... 
[17:29:40.592] [24712] [INFO ] [operator():54]	task processor: 1 is running... 
[17:29:40.592] [24711] [INFO ] [popInvitorReadyTask:270]	to POP a ready task from ready invitor queue to processor, now read_num: 0 ... 
[17:29:40.592] [24629] [INFO ] [init:63]	INIT the processor: 2, type: 0 ok 
[17:29:40.592] [24713] [INFO ] [operator():54]	task processor: 2 is running... 
[17:29:40.592] [24712] [INFO ] [popInvitorReadyTask:270]	to POP a ready task from ready invitor queue to processor, now read_num: 0 ... 
[09:29:40.592] [24629] [INFO ] [init:63]	INIT the processor: 3, type: 0 ok 
[17:29:40.593] [24713] [INFO ] [popInvitorReadyTask:270]	to POP a ready task from ready invitor queue to processor, now read_num: 0 ... 
[17:29:40.592] [24714] [INFO ] [operator():54]	task processor: 3 is running... 
[17:29:40.593] [24714] [INFO ] [popInvitorReadyTask:270]	to POP a ready task from ready invitor queue to processor, now read_num: 0 ... 
[17:29:40.594] [24629] [INFO ] [init:63]	INIT the processor: 4, type: 1 ok 
[17:29:40.594] [24715] [INFO ] [operator():54]	task processor: 4 is running... 
[17:29:40.594] [24629] [INFO ] [init:63]	INIT the processor: 5, type: 1 ok 
[17:29:40.594] [24715] [INFO ] [popInviteeReadyTask:208]	to POP a ready task from ready invitee queue to processor, now read_num: 0 ... 
[17:29:40.594] [24716] [INFO ] [operator():54]	task processor: 5 is running... 
[17:29:40.594] [24629] [INFO ] [init:63]	INIT the processor: 6, type: 1 ok 
[17:29:40.594] [24716] [INFO ] [popInviteeReadyTask:208]	to POP a ready task from ready invitee queue to processor, now read_num: 0 ... 
[17:29:40.594] [24629] [INFO ] [init:63]	INIT the processor: 7, type: 1 ok 
[17:29:40.594] [24629] [INFO ] [init:234]	INIT task dispatcher done ! 
[17:29:40.594] [24718] [INFO ] [operator():54]	task processor: 7 is running... 
[17:29:40.595] [24718] [INFO ] [popInviteeReadyTask:208]	to POP a ready task from ready invitee queue to processor, now read_num: 0 ... 
[17:29:40.595] [24717] [INFO ] [operator():54]	task processor: 6 is running... 
[17:29:40.595] [24717] [INFO ] [popInviteeReadyTask:208]	to POP a ready task from ready invitee queue to processor, now read_num: 0 ... 
[17:29:40.596] [24629] [INFO ] [init:64]	connect to busi proxy server endpoint: ProxyGlacier2/router:tcp -h 202.114.114.46 -p 4502 -t 11000 
[17:29:40.616] [24723] [INFO ] [connected:34]	to get session... 
[17:29:40.616] [24723] [INFO ] [connected:38]	to get create busi node callback... 
[17:29:40.617] [24723] [INFO ] [connected:46]	to set node callback, public endpoint: ProxyGlacier2/router:tcp -h 202.114.114.46 -p 4502 -t 11000, user: test002 ... 
[17:29:40.621] [24723] [WARN ] [connected:55]	the busi session create success. 
[17:29:41.107] [24629] [INFO ] [init:69]	waiting for node busi client inited ... timeout 1s.. 
[17:29:41.108] [24629] [INFO ] [init:74]	the busi node communicator is prepared !!!! 
[17:29:41.108] [24629] [INFO ] [init:86]	INIT busi node client success. user: test002, proxyEndpoint: ProxyGlacier2/router:tcp -h 202.114.114.46 -p 4502 -t 11000 
[17:29:41.108] [24629] [INFO ] [init:244]	INIT busi node client done ! 
[17:29:41.108] [24629] [INFO ] [init:48]	input ready process init ok. 
[17:29:41.108] [24629] [INFO ] [init:253]	INIT input ready processor done ! 
[17:29:41.108] [24629] [INFO ] [init:48]	ready process init ok. max request queue size: 4 
[17:29:41.108] [24629] [INFO ] [init:263]	INIT ready processor done ! 
[17:29:41.108] [24746] [INFO ] [popCommitTask:127]	to POP a commit task, task size: 0  ... 
[17:29:41.108] [24629] [INFO ] [init:269]	Mpc engine init success. 
[17:29:41.109] [24629] [INFO ] [Java_com_juzix_jugo_node_jni_NativeInterface_setDataLogLevel:155]	init the log to level: 3, data log state: 0 
[17:29:41.114] [24629] [ERROR] [Java_com_juzix_jugo_node_jni_NativeInterface_startTask:135]	commit a invite task to engine ok ! 
[17:29:41.180] [24629] [ERROR] [Java_com_juzix_jugo_node_jni_NativeInterface_startTask:135]	commit a invite task to engine ok ! 
[17:29:41.185] [24629] [ERROR] [Java_com_juzix_jugo_node_jni_NativeInterface_startTask:135]	commit a invite task to engine ok ! 
[17:29:41.193] [24629] [ERROR] [Java_com_juzix_jugo_node_jni_NativeInterface_startTask:135]	commit a invite task to engine ok ! 
[17:29:41.210] [24629] [ERROR] [Java_com_juzix_jugo_node_jni_NativeInterface_startTask:135]	commit a invite task to engine ok ! 
[17:29:41.229] [24629] [ERROR] [Java_com_juzix_jugo_node_jni_NativeInterface_startTask:135]	commit a invite task to engine ok ! 
[17:29:41.239] [24629] [ERROR] [Java_com_juzix_jugo_node_jni_NativeInterface_startTask:135]	commit a invite task to engine ok ! 
[17:29:41.247] [24629] [ERROR] [Java_com_juzix_jugo_node_jni_NativeInterface_startTask:135]	commit a invite task to engine ok ! 
[17:29:41.256] [24629] [ERROR] [Java_com_juzix_jugo_node_jni_NativeInterface_startTask:135]	commit a invite task to engine ok ! 
[17:29:41.269] [24629] [ERROR] [Java_com_juzix_jugo_node_jni_NativeInterface_startTask:135]	commit a invite task to engine ok ! 
[17:29:41.283] [24629] [ERROR] [Java_com_juzix_jugo_node_jni_NativeInterface_startTask:135]	commit a invite task to engine ok ! 
[17:29:41.296] [24629] [ERROR] [Java_com_juzix_jugo_node_jni_NativeInterface_startTask:135]	commit a invite task to engine ok ! 
[17:29:41.304] [24629] [ERROR] [Java_com_juzix_jugo_node_jni_NativeInterface_startTask:135]	commit a invite task to engine ok ! 
[17:29:41.310] [24629] [ERROR] [Java_com_juzix_jugo_node_jni_NativeInterface_startTask:135]	commit a invite task to engine ok ! 
[17:29:41.322] [24629] [ERROR] [Java_com_juzix_jugo_node_jni_NativeInterface_startTask:135]	commit a invite task to engine ok ! 
[17:29:41.362] [24629] [ERROR] [Java_com_juzix_jugo_node_jni_NativeInterface_startTask:135]	commit a invite task to engine ok ! 
[17:29:41.381] [24629] [ERROR] [Java_com_juzix_jugo_node_jni_NativeInterface_startTask:135]	commit a invite task to engine ok ! 
[17:29:41.402] [24629] [ERROR] [Java_com_juzix_jugo_node_jni_NativeInterface_startTask:135]	commit a invite task to engine ok ! 
[17:29:41.420] [24629] [ERROR] [Java_com_juzix_jugo_node_jni_NativeInterface_startTask:135]	commit a invite task to engine ok ! 
[17:29:41.433] [24629] [ERROR] [Java_com_juzix_jugo_node_jni_NativeInterface_startTask:135]	commit a invite task to engine ok ! 
[17:29:41.438] [24629] [ERROR] [Java_com_juzix_jugo_node_jni_NativeInterface_startTask:135]	commit a invite task to engine ok ! 
[17:29:41.443] [24629] [ERROR] [Java_com_juzix_jugo_node_jni_NativeInterface_startTask:135]	commit a invite task to engine ok ! 
[17:29:41.453] [24629] [ERROR] [Java_com_juzix_jugo_node_jni_NativeInterface_startTask:135]	commit a invite task to engine ok ! 
[17:29:41.465] [24629] [ERROR] [Java_com_juzix_jugo_node_jni_NativeInterface_startTask:135]	commit a invite task to engine ok ! 
[17:29:41.479] [24629] [ERROR] [Java_com_juzix_jugo_node_jni_NativeInterface_startTask:135]	commit a invite task to engine ok ! 
[17:29:41.500] [24629] [ERROR] [Java_com_juzix_jugo_node_jni_NativeInterface_startTask:135]	commit a invite task to engine ok ! 
[17:29:41.506] [24629] [ERROR] [Java_com_juzix_jugo_node_jni_NativeInterface_startTask:135]	commit a invite task to engine ok ! 
[17:29:41.527] [24629] [ERROR] [Java_com_juzix_jugo_node_jni_NativeInterface_startTask:135]	commit a invite task to engine ok ! 
[17:29:41.547] [24629] [ERROR] [Java_com_juzix_jugo_node_jni_NativeInterface_startTask:135]	commit a invite task to engine ok ! 
[17:29:41.564] [24629] [ERROR] [Java_com_juzix_jugo_node_jni_NativeInterface_startTask:135]	commit a invite task to engine ok ! 
[17:29:41.571] [24629] [ERROR] [Java_com_juzix_jugo_node_jni_NativeInterface_startTask:135]	commit a invite task to engine ok ! 
[17:29:41.582] [24629] [ERROR] [Java_com_juzix_jugo_node_jni_NativeInterface_startTask:135]	commit a invite task to engine ok ! 
[17:29:41.602] [24629] [ERROR] [Java_com_juzix_jugo_node_jni_NativeInterface_startTask:135]	commit a invite task to engine ok ! 
[17:29:41.615] [24629] [ERROR] [Java_com_juzix_jugo_node_jni_NativeInterface_startTask:135]	commit a invite task to engine ok ! 
[17:29:41.626] [24629] [ERROR] [Java_com_juzix_jugo_node_jni_NativeInterface_startTask:135]	commit a invite task to engine ok ! 
[17:29:41.633] [24629] [ERROR] [Java_com_juzix_jugo_node_jni_NativeInterface_startTask:135]	commit a invite task to engine ok ! 
[17:29:41.644] [24629] [ERROR] [Java_com_juzix_jugo_node_jni_NativeInterface_startTask:135]	commit a invite task to engine ok ! 
[17:29:41.658] [24629] [ERROR] [Java_com_juzix_jugo_node_jni_NativeInterface_startTask:135]	commit a invite task to engine ok ! 
[17:29:41.672] [24629] [ERROR] [Java_com_juzix_jugo_node_jni_NativeInterface_startTask:135]	commit a invite task to engine ok ! 
[17:29:41.689] [24629] [ERROR] [Java_com_juzix_jugo_node_jni_NativeInterface_startTask:135]	commit a invite task to engine ok ! 
[17:29:41.707] [24629] [ERROR] [Java_com_juzix_jugo_node_jni_NativeInterface_startTask:135]	commit a invite task to engine ok ! 
[17:29:41.723] [24629] [ERROR] [Java_com_juzix_jugo_node_jni_NativeInterface_startTask:135]	commit a invite task to engine ok ! 
[17:29:41.742] [24629] [ERROR] [Java_com_juzix_jugo_node_jni_NativeInterface_startTask:135]	commit a invite task to engine ok ! 
[17:29:41.755] [24629] [ERROR] [Java_com_juzix_jugo_node_jni_NativeInterface_startTask:135]	commit a invite task to engine ok ! 
[17:29:41.768] [24629] [ERROR] [Java_com_juzix_jugo_node_jni_NativeInterface_startTask:135]	commit a invite task to engine ok ! 
[17:29:41.781] [24629] [ERROR] [Java_com_juzix_jugo_node_jni_NativeInterface_startTask:135]	commit a invite task to engine ok ! 
[17:29:41.795] [24629] [ERROR] [Java_com_juzix_jugo_node_jni_NativeInterface_startTask:135]	commit a invite task to engine ok ! 
[17:29:41.808] [24629] [ERROR] [Java_com_juzix_jugo_node_jni_NativeInterface_startTask:135]	commit a invite task to engine ok ! 
[17:29:41.816] [24629] [ERROR] [Java_com_juzix_jugo_node_jni_NativeInterface_startTask:135]	commit a invite task to engine ok ! 
[17:29:41.820] [24629] [ERROR] [Java_com_juzix_jugo_node_jni_NativeInterface_startTask:135]	commit a invite task to engine ok ! 
[17:29:41.824] [24629] [ERROR] [Java_com_juzix_jugo_node_jni_NativeInterface_startTask:135]	commit a invite task to engine ok ! 
[17:29:41.834] [24629] [ERROR] [Java_com_juzix_jugo_node_jni_NativeInterface_startTask:135]	commit a invite task to engine ok ! 
[17:29:41.842] [24629] [ERROR] [Java_com_juzix_jugo_node_jni_NativeInterface_startTask:135]	commit a invite task to engine ok ! 
[17:29:41.854] [24629] [ERROR] [Java_com_juzix_jugo_node_jni_NativeInterface_startTask:135]	commit a invite task to engine ok ! 
[17:29:41.864] [24629] [ERROR] [Java_com_juzix_jugo_node_jni_NativeInterface_startTask:135]	commit a invite task to engine ok ! 
[17:29:41.875] [24629] [ERROR] [Java_com_juzix_jugo_node_jni_NativeInterface_startTask:135]	commit a invite task to engine ok ! 
[17:29:41.879] [24629] [ERROR] [Java_com_juzix_jugo_node_jni_NativeInterface_startTask:135]	commit a invite task to engine ok ! 
[17:29:41.886] [24629] [ERROR] [Java_com_juzix_jugo_node_jni_NativeInterface_startTask:135]	commit a invite task to engine ok ! 
[17:29:41.896] [24629] [ERROR] [Java_com_juzix_jugo_node_jni_NativeInterface_startTask:135]	commit a invite task to engine ok ! 
[17:29:41.907] [24629] [ERROR] [Java_com_juzix_jugo_node_jni_NativeInterface_startTask:135]	commit a invite task to engine ok ! 
[17:29:41.918] [24629] [ERROR] [Java_com_juzix_jugo_node_jni_NativeInterface_startTask:135]	commit a invite task to engine ok ! 
[17:29:41.928] [24629] [ERROR] [Java_com_juzix_jugo_node_jni_NativeInterface_startTask:135]	commit a invite task to engine ok ! 
[17:29:41.937] [24629] [ERROR] [Java_com_juzix_jugo_node_jni_NativeInterface_startTask:135]	commit a invite task to engine ok ! 
[17:29:41.952] [24629] [ERROR] [Java_com_juzix_jugo_node_jni_NativeInterface_startTask:135]	commit a invite task to engine ok ! 
[17:29:41.975] [24629] [ERROR] [Java_com_juzix_jugo_node_jni_NativeInterface_startTask:135]	commit a invite task to engine ok ! 
[17:29:41.989] [24629] [ERROR] [Java_com_juzix_jugo_node_jni_NativeInterface_startTask:135]	commit a invite task to engine ok ! 
[17:29:42.000] [24629] [ERROR] [Java_com_juzix_jugo_node_jni_NativeInterface_startTask:135]	commit a invite task to engine ok ! 
[17:29:42.015] [24629] [ERROR] [Java_com_juzix_jugo_node_jni_NativeInterface_startTask:135]	commit a invite task to engine ok ! 
[17:29:42.030] [24629] [ERROR] [Java_com_juzix_jugo_node_jni_NativeInterface_startTask:135]	commit a invite task to engine ok ! 
[17:29:42.043] [24629] [ERROR] [Java_com_juzix_jugo_node_jni_NativeInterface_startTask:135]	commit a invite task to engine ok ! 
[17:29:42.049] [24629] [ERROR] [Java_com_juzix_jugo_node_jni_NativeInterface_startTask:135]	commit a invite task to engine ok ! 
[17:29:42.056] [24629] [ERROR] [Java_com_juzix_jugo_node_jni_NativeInterface_startTask:135]	commit a invite task to engine ok ! 
[17:29:42.064] [24629] [ERROR] [Java_com_juzix_jugo_node_jni_NativeInterface_startTask:135]	commit a invite task to engine ok ! 
[17:29:42.074] [24629] [ERROR] [Java_com_juzix_jugo_node_jni_NativeInterface_startTask:135]	commit a invite task to engine ok ! 
[17:29:42.082] [24629] [ERROR] [Java_com_juzix_jugo_node_jni_NativeInterface_startTask:135]	commit a invite task to engine ok ! 
[17:29:42.089] [24629] [ERROR] [Java_com_juzix_jugo_node_jni_NativeInterface_startTask:135]	commit a invite task to engine ok ! 
[17:29:42.096] [24629] [ERROR] [Java_com_juzix_jugo_node_jni_NativeInterface_startTask:135]	commit a invite task to engine ok ! 
[17:29:42.103] [24629] [ERROR] [Java_com_juzix_jugo_node_jni_NativeInterface_startTask:135]	commit a invite task to engine ok ! 
[17:29:42.110] [24629] [ERROR] [Java_com_juzix_jugo_node_jni_NativeInterface_startTask:135]	commit a invite task to engine ok ! 
[17:29:42.118] [24629] [ERROR] [Java_com_juzix_jugo_node_jni_NativeInterface_startTask:135]	commit a invite task to engine ok ! 
[17:29:42.126] [24629] [ERROR] [Java_com_juzix_jugo_node_jni_NativeInterface_startTask:135]	commit a invite task to engine ok ! 
[17:29:42.139] [24629] [ERROR] [Java_com_juzix_jugo_node_jni_NativeInterface_startTask:135]	commit a invite task to engine ok ! 
[17:29:42.169] [24629] [ERROR] [Java_com_juzix_jugo_node_jni_NativeInterface_startTask:135]	commit a invite task to engine ok ! 
[17:29:42.175] [24629] [ERROR] [Java_com_juzix_jugo_node_jni_NativeInterface_startTask:135]	commit a invite task to engine ok ! 
[17:29:42.180] [24629] [ERROR] [Java_com_juzix_jugo_node_jni_NativeInterface_startTask:135]	commit a invite task to engine ok ! 
[17:29:42.185] [24629] [ERROR] [Java_com_juzix_jugo_node_jni_NativeInterface_startTask:135]	commit a invite task to engine ok ! 
[17:29:42.191] [24629] [ERROR] [Java_com_juzix_jugo_node_jni_NativeInterface_startTask:135]	commit a invite task to engine ok ! 
[17:29:42.196] [24629] [ERROR] [Java_com_juzix_jugo_node_jni_NativeInterface_startTask:135]	commit a invite task to engine ok ! 
[17:29:42.200] [24629] [ERROR] [Java_com_juzix_jugo_node_jni_NativeInterface_startTask:135]	commit a invite task to engine ok ! 
[17:29:42.205] [24629] [ERROR] [Java_com_juzix_jugo_node_jni_NativeInterface_startTask:135]	commit a invite task to engine ok ! 
[17:29:42.213] [24629] [ERROR] [Java_com_juzix_jugo_node_jni_NativeInterface_startTask:135]	commit a invite task to engine ok ! 
[17:29:42.219] [24629] [ERROR] [Java_com_juzix_jugo_node_jni_NativeInterface_startTask:135]	commit a invite task to engine ok ! 
[17:29:42.226] [24629] [ERROR] [Java_com_juzix_jugo_node_jni_NativeInterface_startTask:135]	commit a invite task to engine ok ! 
[17:29:42.237] [24629] [ERROR] [Java_com_juzix_jugo_node_jni_NativeInterface_startTask:135]	commit a invite task to engine ok ! 
[17:29:42.250] [24629] [ERROR] [Java_com_juzix_jugo_node_jni_NativeInterface_startTask:135]	commit a invite task to engine ok ! 
[17:29:42.257] [24629] [ERROR] [Java_com_juzix_jugo_node_jni_NativeInterface_startTask:135]	commit a invite task to engine ok ! 
[17:29:42.266] [24629] [ERROR] [Java_com_juzix_jugo_node_jni_NativeInterface_startTask:135]	commit a invite task to engine ok ! 
[17:29:42.274] [24629] [ERROR] [Java_com_juzix_jugo_node_jni_NativeInterface_startTask:135]	commit a invite task to engine ok ! 
[17:29:42.281] [24629] [ERROR] [Java_com_juzix_jugo_node_jni_NativeInterface_startTask:135]	commit a invite task to engine ok ! 
[17:29:42.289] [24629] [ERROR] [Java_com_juzix_jugo_node_jni_NativeInterface_startTask:135]	commit a invite task to engine ok ! 
