[19:04:49.921] [9565 ] [INFO ] [JNI_OnLoad:24]	jvm onload success ! 
[19:04:49.922] [9565 ] [INFO ] [init:111]	JniNativeCallback init ok. 
[19:04:49.922] [9565 ] [INFO ] [init:136]	to init engine, user: test002, mode: 0, proxyEndpoint: ProxyGlacier2/router:tcp -h 202.114.114.46 -p 4502 -t 11000 
[19:04:49.922] [9565 ] [WARN ] [init:158]	Cannot find the --Mpc.Data=xxxxx config item ! 
[19:04:49.922] [9565 ] [WARN ] [init:178]	Cannot find the --Mpc.Circuits=xxxxx config item ! not preload circuits !! 
[19:04:49.922] [9565 ] [INFO ] [init:188]	preload circuits ok ! 
[19:04:49.922] [9565 ] [INFO ] [init:212]	Not start node server ! use proxy forward ! 
[19:04:49.922] [9565 ] [INFO ] [MpcTaskDispatcher:39]	construct task dispatcher, with 8 processor, load balence is: 16384 
[19:04:49.922] [9565 ] [INFO ] [init:63]	INIT the processor: 0, type: 0 ok 
[19:04:49.922] [9596 ] [INFO ] [operator():54]	task processor: 0 is running... 
[19:04:49.922] [9565 ] [INFO ] [init:63]	INIT the processor: 1, type: 0 ok 
[19:04:49.922] [9596 ] [INFO ] [popInvitorReadyTask:270]	to POP a ready task from ready invitor queue to processor, now read_num: 0 ... 
[19:04:49.922] [9597 ] [INFO ] [operator():54]	task processor: 1 is running... 
[19:04:49.922] [9565 ] [INFO ] [init:63]	INIT the processor: 2, type: 0 ok 
[19:04:49.922] [9597 ] [INFO ] [popInvitorReadyTask:270]	to POP a ready task from ready invitor queue to processor, now read_num: 0 ... 
[19:04:49.922] [9598 ] [INFO ] [operator():54]	task processor: 2 is running... 
[19:04:49.922] [9565 ] [INFO ] [init:63]	INIT the processor: 3, type: 0 ok 
[19:04:49.922] [9598 ] [INFO ] [popInvitorReadyTask:270]	to POP a ready task from ready invitor queue to processor, now read_num: 0 ... 
[19:04:49.923] [9565 ] [INFO ] [init:63]	INIT the processor: 4, type: 1 ok 
[19:04:49.923] [9600 ] [INFO ] [operator():54]	task processor: 4 is running... 
[19:04:49.923] [9600 ] [INFO ] [popInviteeReadyTask:208]	to POP a ready task from ready invitee queue to processor, now read_num: 0 ... 
[19:04:49.923] [9565 ] [INFO ] [init:63]	INIT the processor: 5, type: 1 ok 
[19:04:49.923] [9601 ] [INFO ] [operator():54]	task processor: 5 is running... 
[19:04:49.923] [9599 ] [INFO ] [operator():54]	task processor: 3 is running... 
[19:04:49.923] [9565 ] [INFO ] [init:63]	INIT the processor: 6, type: 1 ok 
[19:04:49.923] [9602 ] [INFO ] [operator():54]	task processor: 6 is running... 
[19:04:49.923] [9565 ] [INFO ] [init:63]	INIT the processor: 7, type: 1 ok 
[19:04:49.923] [9601 ] [INFO ] [popInviteeReadyTask:208]	to POP a ready task from ready invitee queue to processor, now read_num: 0 ... 
[19:04:49.923] [9599 ] [INFO ] [popInvitorReadyTask:270]	to POP a ready task from ready invitor queue to processor, now read_num: 0 ... 
[19:04:49.923] [9602 ] [INFO ] [popInviteeReadyTask:208]	to POP a ready task from ready invitee queue to processor, now read_num: 0 ... 
[19:04:49.923] [9565 ] [INFO ] [init:234]	INIT task dispatcher done ! 
[19:04:49.924] [9603 ] [INFO ] [operator():54]	task processor: 7 is running... 
[19:04:49.924] [9603 ] [INFO ] [popInviteeReadyTask:208]	to POP a ready task from ready invitee queue to processor, now read_num: 0 ... 
[19:04:49.924] [9565 ] [INFO ] [init:64]	connect to busi proxy server endpoint: ProxyGlacier2/router:tcp -h 202.114.114.46 -p 4502 -t 11000 
[19:04:49.935] [9610 ] [INFO ] [connected:34]	to get session... 
[19:04:49.935] [9610 ] [INFO ] [connected:38]	to get create busi node callback... 
[19:04:49.935] [9610 ] [INFO ] [connected:46]	to set node callback, public endpoint: ProxyGlacier2/router:tcp -h 202.114.114.46 -p 4502 -t 11000, user: test002 ... 
[19:04:49.937] [9610 ] [WARN ] [connected:55]	the busi session create success. 
[19:04:50.430] [9565 ] [INFO ] [init:69]	waiting for node busi client inited ... timeout 1s.. 
[19:04:50.430] [9565 ] [INFO ] [init:74]	the busi node communicator is prepared !!!! 
[19:04:50.430] [9565 ] [INFO ] [init:86]	INIT busi node client success. user: test002, proxyEndpoint: ProxyGlacier2/router:tcp -h 202.114.114.46 -p 4502 -t 11000 
[19:04:50.430] [9565 ] [INFO ] [init:244]	INIT busi node client done ! 
[19:04:50.430] [9565 ] [INFO ] [init:48]	input ready process init ok. 
[19:04:50.430] [9565 ] [INFO ] [init:253]	INIT input ready processor done ! 
[19:04:50.430] [9565 ] [INFO ] [init:48]	ready process init ok. max request queue size: 4 
[19:04:50.430] [9565 ] [INFO ] [init:263]	INIT ready processor done ! 
[19:04:50.430] [9618 ] [INFO ] [popCommitTask:127]	to POP a commit task, task size: 0  ... 
[19:04:50.430] [9565 ] [INFO ] [init:269]	Mpc engine init success. 
[19:04:50.431] [9565 ] [INFO ] [Java_com_juzix_jugo_node_jni_NativeInterface_setDataLogLevel:155]	init the log to level: 3, data log state: 0 
[19:04:50.435] [9565 ] [ERROR] [Java_com_juzix_jugo_node_jni_NativeInterface_startTask:135]	commit a invite task to engine ok ! 
[19:04:50.488] [9565 ] [ERROR] [Java_com_juzix_jugo_node_jni_NativeInterface_startTask:135]	commit a invite task to engine ok ! 
[19:04:50.493] [9565 ] [ERROR] [Java_com_juzix_jugo_node_jni_NativeInterface_startTask:135]	commit a invite task to engine ok ! 
[19:04:51.766] [9609 ] [WARN ] [MpcMemPool:42]	the mempool construction, size: 134217728, mem: 0x7f3e1bfff010 
[19:07:29.290] [8512 ] [WARN ] [~MpcMemPool:48]	the mempool is freed! 
