[11:13:06.604] [14945] [INFO ] [JNI_OnLoad:24]	jvm onload success ! 
[11:13:06.605] [14945] [INFO ] [init:111]	JniNativeCallback init ok. 
[11:13:06.605] [14945] [INFO ] [init:108]	to init engine, user: test002, mode: 0, proxyEndpoint: ProxyGlacier2/router:tcp -h 202.114.114.46 -p 4502 -t 11000 
[11:13:06.605] [14945] [WARN ] [init:130]	Cannot find the --Mpc.Data=xxxxx config item ! 
[11:13:06.605] [14945] [INFO ] [init:156]	Not start node server ! use proxy forward ! 
[11:13:06.606] [14945] [INFO ] [MpcTaskDispatcher:43]	construct task dispatcher, with 3 processor, load balence is: 6000 
[11:13:06.606] [14945] [INFO ] [init:60]	INIT the processor: 0 ok 
[11:13:06.606] [14962] [INFO ] [operator():51]	task processor: 0 is running... 
[11:13:06.606] [14945] [INFO ] [init:60]	INIT the processor: 1 ok 
[11:13:06.606] [14962] [DEBUG] [popReadyTask:166]	to POP a ready task from ready queue to processor, now read_num: 0 ... 
[11:13:06.606] [14945] [INFO ] [init:60]	INIT the processor: 2 ok 
[11:13:06.606] [14945] [INFO ] [init:177]	INIT task dispatcher done ! 
[11:13:06.606] [14945] [INFO ] [init:40]	connect to busi proxy server endpoint: ProxyGlacier2/router:tcp -h 202.114.114.46 -p 4502 -t 11000 
[11:13:06.606] [14964] [INFO ] [operator():51]	task processor: 2 is running... 
[11:13:06.606] [14964] [DEBUG] [popReadyTask:166]	to POP a ready task from ready queue to processor, now read_num: 0 ... 
[11:13:06.606] [14963] [INFO ] [operator():51]	task processor: 1 is running... 
[11:13:06.607] [14963] [DEBUG] [popReadyTask:166]	to POP a ready task from ready queue to processor, now read_num: 0 ... 
[11:13:06.754] [14981] [INFO ] [connected:34]	to get session... 
[11:13:06.754] [14981] [INFO ] [connected:38]	to get create busi node callback... 
[11:13:06.754] [14981] [INFO ] [connected:45]	to set node callback... 
[11:13:06.757] [14981] [WARN ] [connected:54]	the busi session create success. 
[11:13:07.206] [14945] [INFO ] [init:69]	waiting for node busi client inited ... timeout 1s.. 
[11:13:07.206] [14945] [INFO ] [init:74]	the busi node communicator is prepared !!!! 
[11:13:07.206] [14945] [INFO ] [init:86]	INIT busi node client success. user: test002, proxyEndpoint: ProxyGlacier2/router:tcp -h 202.114.114.46 -p 4502 -t 11000 
[11:13:07.206] [14945] [INFO ] [init:187]	INIT busi node client done ! 
[11:13:07.206] [14945] [INFO ] [init:48]	ready process init ok. max request queue size: 3 
[11:13:07.206] [14945] [INFO ] [init:202]	Mpc engine init success. 
[11:13:07.206] [15032] [DEBUG] [popCommitTask:110]	to POP a commit task, task size: 0  ... 
[11:13:07.207] [14945] [INFO ] [Java_com_juzix_jugo_node_jni_NativeInterface_setDataLogLevel:155]	init the log to level: 3, data log state: 0 
[11:13:07.210] [14945] [ERROR] [Java_com_juzix_jugo_node_jni_NativeInterface_startTask:135]	commit a invite task to engine ok ! 
[11:13:12.724] [14973] [WARN ] [allReady:153]	busi allReady callback done,  task: 3a6998e3-4d83-4b64-88a9-5863046b5ede, user: test002, ready: 2 !  
[11:13:12.729] [14962] [WARN ] [run:151]	no data for input !!!! 
[11:13:12.729] [14962] [ERROR] [processMpcBusi:201]	MPC run failed ! taskID: 3a6998e3-4d83-4b64-88a9-5863046b5ede  
[11:13:12.729] [14962] [WARN ] [processMpcBusi:237]	task processor cannot remove request task: 3a6998e3-4d83-4b64-88a9-5863046b5ede ! 
[11:13:12.729] [14962] [WARN ] [processTask:130]	processor a MPC task: 3a6998e3-4d83-4b64-88a9-5863046b5ede Failed ! 
[11:13:37.384] [14945] [ERROR] [Java_com_juzix_jugo_node_jni_NativeInterface_startTask:135]	commit a invite task to engine ok ! 
[11:13:37.389] [14973] [WARN ] [allReady:153]	busi allReady callback done,  task: aef17056-e04f-475d-8cc0-35f5e5e0a38a, user: test002, ready: 2 !  
[11:13:37.394] [14964] [WARN ] [run:151]	no data for input !!!! 
[11:13:37.394] [14964] [ERROR] [processMpcBusi:201]	MPC run failed ! taskID: aef17056-e04f-475d-8cc0-35f5e5e0a38a  
[11:13:37.394] [14964] [WARN ] [processMpcBusi:237]	task processor cannot remove request task: aef17056-e04f-475d-8cc0-35f5e5e0a38a ! 
[11:13:37.394] [14964] [WARN ] [processTask:130]	processor a MPC task: aef17056-e04f-475d-8cc0-35f5e5e0a38a Failed ! 
[11:14:00.048] [17078] [ERROR] [Java_com_juzix_jugo_node_jni_NativeInterface_startTask:135]	commit a invite task to engine ok ! 
[11:14:00.055] [14973] [WARN ] [allReady:153]	busi allReady callback done,  task: 47e65463-a686-401c-8faf-a2ee65631864, user: test002, ready: 2 !  
[11:14:00.115] [14963] [WARN ] [run:151]	no data for input !!!! 
[11:14:00.115] [14963] [ERROR] [processMpcBusi:201]	MPC run failed ! taskID: 47e65463-a686-401c-8faf-a2ee65631864  
[11:14:00.115] [14963] [WARN ] [processMpcBusi:237]	task processor cannot remove request task: 47e65463-a686-401c-8faf-a2ee65631864 ! 
[11:14:00.115] [14963] [WARN ] [processTask:130]	processor a MPC task: 47e65463-a686-401c-8faf-a2ee65631864 Failed ! 
[11:19:36.427] [14973] [ERROR] [error:161]	got error busi back: a926fc2b-504d-4761-b0bf-47e08060e938, code: 1007 
[11:19:36.427] [14973] [WARN ] [error:168]	busi err back, erase task failed, cannot find cache task: a926fc2b-504d-4761-b0bf-47e08060e938 !  [THE user: test002] 
[11:19:36.429] [18147] [ERROR] [error:161]	got error busi back: f1fac291-a6bb-46a7-8374-ba9371e64352, code: 1007 
[11:19:36.429] [18147] [WARN ] [error:168]	busi err back, erase task failed, cannot find cache task: f1fac291-a6bb-46a7-8374-ba9371e64352 !  [THE user: test002] 
[11:19:36.431] [14973] [ERROR] [error:161]	got error busi back: a758fb68-87dd-4ba8-aa73-28af56157c1e, code: 1007 
[11:19:36.431] [14973] [WARN ] [error:168]	busi err back, erase task failed, cannot find cache task: a758fb68-87dd-4ba8-aa73-28af56157c1e !  [THE user: test002] 
[11:19:36.432] [18147] [ERROR] [error:161]	got error busi back: 47e65463-a686-401c-8faf-a2ee65631864, code: 1007 
[11:19:36.441] [14973] [ERROR] [error:161]	got error busi back: 10ab5684-74dc-4597-aa14-edb1912fff66, code: 1007 
[11:19:36.441] [14973] [WARN ] [error:168]	busi err back, erase task failed, cannot find cache task: 10ab5684-74dc-4597-aa14-edb1912fff66 !  [THE user: test002] 
[11:19:36.443] [18147] [ERROR] [error:161]	got error busi back: 60031659-e9ce-4092-8d4b-945df6385041, code: 1007 
[11:19:36.443] [18147] [WARN ] [error:168]	busi err back, erase task failed, cannot find cache task: 60031659-e9ce-4092-8d4b-945df6385041 !  [THE user: test002] 
[11:19:36.444] [14973] [ERROR] [error:161]	got error busi back: 3a6998e3-4d83-4b64-88a9-5863046b5ede, code: 1007 
[11:19:36.449] [18147] [ERROR] [error:161]	got error busi back: 5a52949b-4c9e-4d4f-9371-195de7f401af, code: 1007 
[11:19:36.449] [18147] [WARN ] [error:168]	busi err back, erase task failed, cannot find cache task: 5a52949b-4c9e-4d4f-9371-195de7f401af !  [THE user: test002] 
[11:19:36.450] [14973] [ERROR] [error:161]	got error busi back: aef17056-e04f-475d-8cc0-35f5e5e0a38a, code: 1007 
[11:19:36.454] [18147] [ERROR] [error:161]	got error busi back: 091b0d01-ffb3-485f-9b51-9c41da6cd70c, code: 1007 
[11:19:36.454] [18147] [WARN ] [error:168]	busi err back, erase task failed, cannot find cache task: 091b0d01-ffb3-485f-9b51-9c41da6cd70c !  [THE user: test002] 
[11:19:36.455] [14973] [ERROR] [error:161]	got error busi back: 5c033499-96fe-4184-908e-c4c3ccddb7f2, code: 1007 
[11:19:36.455] [14973] [WARN ] [error:168]	busi err back, erase task failed, cannot find cache task: 5c033499-96fe-4184-908e-c4c3ccddb7f2 !  [THE user: test002] 
[11:19:36.463] [18147] [ERROR] [error:161]	got error busi back: 7ec9f453-86d0-4c08-9ef8-db504c3250ed, code: 1007 
[11:19:36.463] [18147] [WARN ] [error:168]	busi err back, erase task failed, cannot find cache task: 7ec9f453-86d0-4c08-9ef8-db504c3250ed !  [THE user: test002] 
[11:19:36.464] [14973] [ERROR] [error:161]	got error busi back: 5edb3deb-5679-45c4-af8e-7a766763231d, code: 1007 
[11:19:36.464] [14973] [WARN ] [error:168]	busi err back, erase task failed, cannot find cache task: 5edb3deb-5679-45c4-af8e-7a766763231d !  [THE user: test002] 
[11:19:36.465] [18147] [ERROR] [error:161]	got error busi back: f48fbbca-b644-459e-b952-112a092e15b5, code: 1007 
[11:19:36.465] [18147] [WARN ] [error:168]	busi err back, erase task failed, cannot find cache task: f48fbbca-b644-459e-b952-112a092e15b5 !  [THE user: test002] 
[11:19:36.467] [14973] [ERROR] [error:161]	got error busi back: a8a7fb41-6eca-4f2a-ae5f-59e6983d5f83, code: 1007 
[11:19:36.467] [14973] [WARN ] [error:168]	busi err back, erase task failed, cannot find cache task: a8a7fb41-6eca-4f2a-ae5f-59e6983d5f83 !  [THE user: test002] 
[11:19:36.468] [18147] [ERROR] [error:161]	got error busi back: cf3f91b7-dd8d-4024-8737-52689f2aa5f8, code: 1007 
[11:19:36.468] [18147] [WARN ] [error:168]	busi err back, erase task failed, cannot find cache task: cf3f91b7-dd8d-4024-8737-52689f2aa5f8 !  [THE user: test002] 
[11:19:36.471] [14973] [ERROR] [error:161]	got error busi back: 16ae256b-7d7b-436e-bf61-7184e8b47fa5, code: 1007 
[11:19:36.471] [14973] [WARN ] [error:168]	busi err back, erase task failed, cannot find cache task: 16ae256b-7d7b-436e-bf61-7184e8b47fa5 !  [THE user: test002] 
