[16:31:20.720] [21347] [INFO ] [JNI_OnLoad:24]	jvm onload success ! 
[16:31:20.721] [21347] [INFO ] [init:111]	JniNativeCallback init ok. 
[16:31:20.721] [21347] [INFO ] [init:108]	to init engine, user: test002, mode: 0, proxyEndpoint: ProxyGlacier2/router:tcp -h 202.114.114.46 -p 4502 -t 11000 
[16:31:20.721] [21347] [WARN ] [init:130]	Cannot find the --Mpc.Data=xxxxx config item ! 
[16:31:20.721] [21347] [INFO ] [init:156]	Not start node server ! use proxy forward ! 
[16:31:20.721] [21347] [INFO ] [MpcTaskDispatcher:43]	construct task dispatcher, with 3 processor, load balence is: 6000 
[16:31:20.721] [21347] [INFO ] [init:60]	INIT the processor: 0 ok 
[16:31:20.721] [21377] [INFO ] [operator():51]	task processor: 0 is running... 
[16:31:20.721] [21347] [INFO ] [init:60]	INIT the processor: 1 ok 
[16:31:20.721] [21377] [DEBUG] [popReadyTask:166]	to POP a ready task from ready queue to processor, now read_num: 0 ... 
[16:31:20.721] [21378] [INFO ] [operator():51]	task processor: 1 is running... 
[08:31:20.721] [21347] [INFO ] [init:60]	INIT the processor: 2 ok 
[16:31:20.721] [21379] [INFO ] [operator():51]	task processor: 2 is running... 
[16:31:20.721] [21378] [DEBUG] [popReadyTask:166]	to POP a ready task from ready queue to processor, now read_num: 0 ... 
[16:31:20.721] [21347] [INFO ] [init:177]	INIT task dispatcher done ! 
[16:31:20.721] [21379] [DEBUG] [popReadyTask:166]	to POP a ready task from ready queue to processor, now read_num: 0 ... 
[16:31:20.721] [21347] [INFO ] [init:40]	connect to busi proxy server endpoint: ProxyGlacier2/router:tcp -h 202.114.114.46 -p 4502 -t 11000 
[16:31:20.734] [21385] [INFO ] [connected:34]	to get session... 
[16:31:20.734] [21385] [INFO ] [connected:38]	to get create busi node callback... 
[16:31:20.734] [21385] [INFO ] [connected:45]	to set node callback... 
[16:31:20.736] [21385] [WARN ] [connected:54]	the busi session create success. 
[16:31:21.228] [21347] [INFO ] [init:69]	waiting for node busi client inited ... timeout 1s.. 
[16:31:21.228] [21347] [INFO ] [init:74]	the busi node communicator is prepared !!!! 
[16:31:21.228] [21347] [INFO ] [init:86]	INIT busi node client success. user: test002, proxyEndpoint: ProxyGlacier2/router:tcp -h 202.114.114.46 -p 4502 -t 11000 
[16:31:21.228] [21347] [INFO ] [init:187]	INIT busi node client done ! 
[16:31:21.229] [21347] [INFO ] [init:48]	ready process init ok. max request queue size: 3 
[16:31:21.229] [21347] [INFO ] [init:202]	Mpc engine init success. 
[16:31:21.229] [21429] [DEBUG] [popCommitTask:110]	to POP a commit task, task size: 0  ... 
[16:31:21.229] [21347] [INFO ] [Java_com_juzix_jugo_node_jni_NativeInterface_setDataLogLevel:155]	init the log to level: 3, data log state: 0 
[16:31:21.233] [21347] [ERROR] [Java_com_juzix_jugo_node_jni_NativeInterface_startTask:135]	commit a invite task to engine ok ! 
[16:31:26.632] [21384] [WARN ] [allReady:153]	busi allReady callback done,  task: b5564c12-1b7b-46a3-a977-fa0a1d942301, user: test002, ready: 2 !  
[16:31:26.640] [21377] [WARN ] [run:151]	no data for input !!!! 
[16:31:26.640] [21377] [ERROR] [processMpcBusi:201]	MPC run failed ! taskID: b5564c12-1b7b-46a3-a977-fa0a1d942301  
[16:31:26.640] [21377] [WARN ] [processMpcBusi:237]	task processor cannot remove request task: b5564c12-1b7b-46a3-a977-fa0a1d942301 ! 
[16:31:26.640] [21377] [WARN ] [processTask:130]	processor a MPC task: b5564c12-1b7b-46a3-a977-fa0a1d942301 Failed ! 
