[21:06:01.632] [24096] [INFO ] [JNI_OnLoad:24]	jvm onload success ! 
[21:06:01.632] [24096] [INFO ] [init:111]	JniNativeCallback init ok. 
[21:06:01.632] [24096] [INFO ] [init:136]	to init engine, user: test002, mode: 0, proxyEndpoint: ProxyGlacier2/router:tcp -h 202.114.114.46 -p 4502 -t 11000 
[21:06:01.632] [24096] [WARN ] [init:158]	Cannot find the --Mpc.Data=xxxxx config item ! 
[21:06:01.632] [24096] [WARN ] [init:178]	Cannot find the --Mpc.Circuits=xxxxx config item ! not preload circuits !! 
[21:06:01.632] [24096] [INFO ] [init:188]	preload circuits ok ! 
[21:06:01.632] [24096] [INFO ] [init:212]	Not start node server ! use proxy forward ! 
[21:06:01.633] [24096] [INFO ] [MpcTaskDispatcher:39]	construct task dispatcher, with 8 processor, load balence is: 16384 
[21:06:01.633] [24096] [INFO ] [init:63]	INIT the processor: 0, type: 0 ok 
[21:06:01.633] [24096] [INFO ] [init:63]	INIT the processor: 1, type: 0 ok 
[21:06:01.633] [24096] [INFO ] [init:63]	INIT the processor: 2, type: 0 ok 
[21:06:01.633] [24096] [INFO ] [init:63]	INIT the processor: 3, type: 0 ok 
[21:06:01.633] [24096] [INFO ] [init:63]	INIT the processor: 4, type: 1 ok 
[21:06:01.633] [24096] [INFO ] [init:63]	INIT the processor: 5, type: 1 ok 
[21:06:01.633] [24096] [INFO ] [init:63]	INIT the processor: 6, type: 1 ok 
[21:06:01.633] [24096] [INFO ] [init:63]	INIT the processor: 7, type: 1 ok 
[21:06:01.633] [24096] [INFO ] [init:234]	INIT task dispatcher done ! 
[21:06:01.634] [24096] [INFO ] [init:64]	connect to busi proxy server endpoint: ProxyGlacier2/router:tcp -h 202.114.114.46 -p 4502 -t 11000 
[21:06:01.634] [24121] [INFO ] [operator():54]	task processor: 4 is running... 
[21:06:01.634] [24121] [INFO ] [popInviteeReadyTask:208]	to POP a ready task from ready invitee queue to processor, now read_num: 0 ... 
[21:06:01.634] [24117] [INFO ] [operator():54]	task processor: 0 is running... 
[21:06:01.634] [24117] [INFO ] [popInvitorReadyTask:270]	to POP a ready task from ready invitor queue to processor, now read_num: 0 ... 
[21:06:01.636] [24122] [INFO ] [operator():54]	task processor: 5 is running... 
[21:06:01.636] [24122] [INFO ] [popInviteeReadyTask:208]	to POP a ready task from ready invitee queue to processor, now read_num: 0 ... 
[21:06:01.636] [24118] [INFO ] [operator():54]	task processor: 1 is running... 
[21:06:01.636] [24118] [INFO ] [popInvitorReadyTask:270]	to POP a ready task from ready invitor queue to processor, now read_num: 0 ... 
[21:06:01.638] [24123] [INFO ] [operator():54]	task processor: 6 is running... 
[21:06:01.638] [24123] [INFO ] [popInviteeReadyTask:208]	to POP a ready task from ready invitee queue to processor, now read_num: 0 ... 
[21:06:01.638] [24119] [INFO ] [operator():54]	task processor: 2 is running... 
[21:06:01.638] [24119] [INFO ] [popInvitorReadyTask:270]	to POP a ready task from ready invitor queue to processor, now read_num: 0 ... 
[21:06:01.639] [24124] [INFO ] [operator():54]	task processor: 7 is running... 
[21:06:01.639] [24124] [INFO ] [popInviteeReadyTask:208]	to POP a ready task from ready invitee queue to processor, now read_num: 0 ... 
[21:06:01.639] [24120] [INFO ] [operator():54]	task processor: 3 is running... 
[21:06:01.639] [24120] [INFO ] [popInvitorReadyTask:270]	to POP a ready task from ready invitor queue to processor, now read_num: 0 ... 
[21:06:01.644] [24130] [INFO ] [connected:34]	to get session... 
[21:06:01.644] [24130] [INFO ] [connected:38]	to get create busi node callback... 
[21:06:01.644] [24130] [INFO ] [connected:46]	to set node callback, public endpoint: ProxyGlacier2/router:tcp -h 202.114.114.46 -p 4502 -t 11000, user: test002 ... 
[21:06:01.646] [24130] [WARN ] [connected:55]	the busi session create success. 
[21:06:02.139] [24096] [INFO ] [init:69]	waiting for node busi client inited ... timeout 1s.. 
[21:06:02.139] [24096] [INFO ] [init:74]	the busi node communicator is prepared !!!! 
[21:06:02.139] [24096] [INFO ] [init:86]	INIT busi node client success. user: test002, proxyEndpoint: ProxyGlacier2/router:tcp -h 202.114.114.46 -p 4502 -t 11000 
[21:06:02.139] [24096] [INFO ] [init:244]	INIT busi node client done ! 
[21:06:02.139] [24096] [INFO ] [init:48]	input ready process init ok. 
[21:06:02.139] [24096] [INFO ] [init:253]	INIT input ready processor done ! 
[21:06:02.139] [24096] [INFO ] [init:48]	ready process init ok. max request queue size: 4 
[21:06:02.139] [24096] [INFO ] [init:263]	INIT ready processor done ! 
[21:06:02.139] [24096] [INFO ] [init:269]	Mpc engine init success. 
[21:06:02.139] [24169] [INFO ] [popCommitTask:127]	to POP a commit task, task size: 0  ... 
[21:06:02.140] [24096] [INFO ] [Java_com_juzix_jugo_node_jni_NativeInterface_setDataLogLevel:155]	init the log to level: 3, data log state: 0 
[21:06:02.143] [24096] [ERROR] [Java_com_juzix_jugo_node_jni_NativeInterface_startTask:135]	commit a invite task to engine ok ! 
[21:06:02.195] [24096] [ERROR] [Java_com_juzix_jugo_node_jni_NativeInterface_startTask:135]	commit a invite task to engine ok ! 
[21:06:02.199] [24096] [ERROR] [Java_com_juzix_jugo_node_jni_NativeInterface_startTask:135]	commit a invite task to engine ok ! 
[21:06:02.220] [24129] [WARN ] [MpcMemPool:42]	the mempool construction, size: 134217728, mem: 0x7f666dac7010 
[21:06:02.221] [24096] [ERROR] [Java_com_juzix_jugo_node_jni_NativeInterface_startTask:135]	commit a invite task to engine ok ! 
[21:06:02.227] [24096] [ERROR] [Java_com_juzix_jugo_node_jni_NativeInterface_startTask:135]	commit a invite task to engine ok ! 
[21:06:02.238] [24096] [ERROR] [Java_com_juzix_jugo_node_jni_NativeInterface_startTask:135]	commit a invite task to engine ok ! 
[21:06:02.242] [24096] [ERROR] [Java_com_juzix_jugo_node_jni_NativeInterface_startTask:135]	commit a invite task to engine ok ! 
[21:06:02.245] [24096] [ERROR] [Java_com_juzix_jugo_node_jni_NativeInterface_startTask:135]	commit a invite task to engine ok ! 
[21:06:02.248] [24096] [ERROR] [Java_com_juzix_jugo_node_jni_NativeInterface_startTask:135]	commit a invite task to engine ok ! 
[21:06:02.265] [24096] [ERROR] [Java_com_juzix_jugo_node_jni_NativeInterface_startTask:135]	commit a invite task to engine ok ! 
[21:06:02.272] [24096] [ERROR] [Java_com_juzix_jugo_node_jni_NativeInterface_startTask:135]	commit a invite task to engine ok ! 
[21:06:02.278] [24096] [ERROR] [Java_com_juzix_jugo_node_jni_NativeInterface_startTask:135]	commit a invite task to engine ok ! 
[21:06:02.284] [24096] [ERROR] [Java_com_juzix_jugo_node_jni_NativeInterface_startTask:135]	commit a invite task to engine ok ! 
[21:06:02.296] [24096] [ERROR] [Java_com_juzix_jugo_node_jni_NativeInterface_startTask:135]	commit a invite task to engine ok ! 
[21:06:02.302] [24096] [ERROR] [Java_com_juzix_jugo_node_jni_NativeInterface_startTask:135]	commit a invite task to engine ok ! 
[21:06:02.312] [24096] [ERROR] [Java_com_juzix_jugo_node_jni_NativeInterface_startTask:135]	commit a invite task to engine ok ! 
[21:06:02.316] [24096] [ERROR] [Java_com_juzix_jugo_node_jni_NativeInterface_startTask:135]	commit a invite task to engine ok ! 
[21:06:02.326] [24096] [ERROR] [Java_com_juzix_jugo_node_jni_NativeInterface_startTask:135]	commit a invite task to engine ok ! 
[21:06:02.341] [24096] [ERROR] [Java_com_juzix_jugo_node_jni_NativeInterface_startTask:135]	commit a invite task to engine ok ! 
[21:06:02.354] [24096] [ERROR] [Java_com_juzix_jugo_node_jni_NativeInterface_startTask:135]	commit a invite task to engine ok ! 
[21:06:02.364] [24096] [ERROR] [Java_com_juzix_jugo_node_jni_NativeInterface_startTask:135]	commit a invite task to engine ok ! 
[21:06:02.372] [24096] [ERROR] [Java_com_juzix_jugo_node_jni_NativeInterface_startTask:135]	commit a invite task to engine ok ! 
[21:06:02.382] [24096] [ERROR] [Java_com_juzix_jugo_node_jni_NativeInterface_startTask:135]	commit a invite task to engine ok ! 
[21:06:02.390] [24096] [ERROR] [Java_com_juzix_jugo_node_jni_NativeInterface_startTask:135]	commit a invite task to engine ok ! 
[21:06:02.400] [24096] [ERROR] [Java_com_juzix_jugo_node_jni_NativeInterface_startTask:135]	commit a invite task to engine ok ! 
[21:06:02.406] [24096] [ERROR] [Java_com_juzix_jugo_node_jni_NativeInterface_startTask:135]	commit a invite task to engine ok ! 
[21:06:02.412] [24096] [ERROR] [Java_com_juzix_jugo_node_jni_NativeInterface_startTask:135]	commit a invite task to engine ok ! 
[21:06:02.416] [24096] [ERROR] [Java_com_juzix_jugo_node_jni_NativeInterface_startTask:135]	commit a invite task to engine ok ! 
[21:06:02.421] [24096] [ERROR] [Java_com_juzix_jugo_node_jni_NativeInterface_startTask:135]	commit a invite task to engine ok ! 
[21:06:02.424] [24096] [ERROR] [Java_com_juzix_jugo_node_jni_NativeInterface_startTask:135]	commit a invite task to engine ok ! 
[21:06:02.436] [24096] [ERROR] [Java_com_juzix_jugo_node_jni_NativeInterface_startTask:135]	commit a invite task to engine ok ! 
[21:06:02.447] [24096] [ERROR] [Java_com_juzix_jugo_node_jni_NativeInterface_startTask:135]	commit a invite task to engine ok ! 
[21:06:02.456] [24096] [ERROR] [Java_com_juzix_jugo_node_jni_NativeInterface_startTask:135]	commit a invite task to engine ok ! 
[21:06:02.459] [24096] [ERROR] [Java_com_juzix_jugo_node_jni_NativeInterface_startTask:135]	commit a invite task to engine ok ! 
[21:06:02.462] [24096] [ERROR] [Java_com_juzix_jugo_node_jni_NativeInterface_startTask:135]	commit a invite task to engine ok ! 
[21:06:02.465] [24096] [ERROR] [Java_com_juzix_jugo_node_jni_NativeInterface_startTask:135]	commit a invite task to engine ok ! 
[21:06:02.469] [24096] [ERROR] [Java_com_juzix_jugo_node_jni_NativeInterface_startTask:135]	commit a invite task to engine ok ! 
[21:06:02.472] [24096] [ERROR] [Java_com_juzix_jugo_node_jni_NativeInterface_startTask:135]	commit a invite task to engine ok ! 
[21:06:02.475] [24096] [ERROR] [Java_com_juzix_jugo_node_jni_NativeInterface_startTask:135]	commit a invite task to engine ok ! 
[21:06:02.478] [24096] [ERROR] [Java_com_juzix_jugo_node_jni_NativeInterface_startTask:135]	commit a invite task to engine ok ! 
[21:06:02.481] [24096] [ERROR] [Java_com_juzix_jugo_node_jni_NativeInterface_startTask:135]	commit a invite task to engine ok ! 
[21:06:02.490] [24096] [ERROR] [Java_com_juzix_jugo_node_jni_NativeInterface_startTask:135]	commit a invite task to engine ok ! 
[21:06:02.493] [24096] [ERROR] [Java_com_juzix_jugo_node_jni_NativeInterface_startTask:135]	commit a invite task to engine ok ! 
[21:06:02.496] [24096] [ERROR] [Java_com_juzix_jugo_node_jni_NativeInterface_startTask:135]	commit a invite task to engine ok ! 
[21:06:02.499] [24096] [ERROR] [Java_com_juzix_jugo_node_jni_NativeInterface_startTask:135]	commit a invite task to engine ok ! 
[21:06:02.502] [24096] [ERROR] [Java_com_juzix_jugo_node_jni_NativeInterface_startTask:135]	commit a invite task to engine ok ! 
[21:06:02.505] [24096] [ERROR] [Java_com_juzix_jugo_node_jni_NativeInterface_startTask:135]	commit a invite task to engine ok ! 
[21:06:02.508] [24096] [ERROR] [Java_com_juzix_jugo_node_jni_NativeInterface_startTask:135]	commit a invite task to engine ok ! 
[21:06:02.513] [24096] [ERROR] [Java_com_juzix_jugo_node_jni_NativeInterface_startTask:135]	commit a invite task to engine ok ! 
[21:06:02.516] [24096] [ERROR] [Java_com_juzix_jugo_node_jni_NativeInterface_startTask:135]	commit a invite task to engine ok ! 
[21:06:12.838] [24127] [WARN ] [allReady:100]	the task not exists (wait invite callback) !!! task: a4929c0a-f6a9-48fe-b34e-8b7e6ad2c21a, try wait 10ms... 
[21:11:15.197] [24129] [ERROR] [error:157]	got error busi back: c9a49ebb-7688-4028-b9f6-db0b98b677b6, code: 1007 
[21:11:15.198] [24129] [WARN ] [error:167]	busi err back, erase task failed, cannot find cache task: c9a49ebb-7688-4028-b9f6-db0b98b677b6 !  [THE user: test002] 
[21:11:15.199] [24981] [ERROR] [error:157]	got error busi back: bca1e3d5-54a2-47c1-9e64-6aa5467214f9, code: 1007 
[21:11:15.199] [24981] [WARN ] [error:167]	busi err back, erase task failed, cannot find cache task: bca1e3d5-54a2-47c1-9e64-6aa5467214f9 !  [THE user: test002] 
[21:11:15.202] [24129] [ERROR] [error:157]	got error busi back: 705b4d67-011a-4ba3-9f71-56173d19e13d, code: 1007 
[21:11:15.202] [24129] [WARN ] [error:167]	busi err back, erase task failed, cannot find cache task: 705b4d67-011a-4ba3-9f71-56173d19e13d !  [THE user: test002] 
[21:11:15.203] [24981] [ERROR] [error:157]	got error busi back: 637115ed-c347-4636-9935-65d36acfab7d, code: 1007 
[21:11:15.203] [24981] [WARN ] [error:167]	busi err back, erase task failed, cannot find cache task: 637115ed-c347-4636-9935-65d36acfab7d !  [THE user: test002] 
[21:11:15.203] [24129] [ERROR] [error:157]	got error busi back: b38b78b6-8bad-4ec4-ba84-90a0fbdfc8f6, code: 1007 
[21:11:15.203] [24129] [WARN ] [error:167]	busi err back, erase task failed, cannot find cache task: b38b78b6-8bad-4ec4-ba84-90a0fbdfc8f6 !  [THE user: test002] 
[21:11:15.204] [24981] [ERROR] [error:157]	got error busi back: b3e76936-e2b9-45c9-88c6-c0f34b05e46c, code: 1007 
[21:11:15.204] [24981] [WARN ] [error:167]	busi err back, erase task failed, cannot find cache task: b3e76936-e2b9-45c9-88c6-c0f34b05e46c !  [THE user: test002] 
[21:11:15.205] [24129] [ERROR] [error:157]	got error busi back: e1dc1d3b-cbb4-4961-afc9-e21d5b85ceca, code: 1007 
[21:11:15.205] [24129] [WARN ] [error:167]	busi err back, erase task failed, cannot find cache task: e1dc1d3b-cbb4-4961-afc9-e21d5b85ceca !  [THE user: test002] 
[21:11:15.206] [24981] [ERROR] [error:157]	got error busi back: 3fbc094c-8296-4f1a-a5be-77b01766e23d, code: 1007 
[21:11:15.206] [24981] [WARN ] [error:167]	busi err back, erase task failed, cannot find cache task: 3fbc094c-8296-4f1a-a5be-77b01766e23d !  [THE user: test002] 
[21:11:15.206] [24129] [ERROR] [error:157]	got error busi back: 02905960-79e1-4db8-894f-1bb5035b39d1, code: 1007 
[21:11:15.207] [24129] [WARN ] [error:167]	busi err back, erase task failed, cannot find cache task: 02905960-79e1-4db8-894f-1bb5035b39d1 !  [THE user: test002] 
[21:11:15.207] [24981] [ERROR] [error:157]	got error busi back: 65e326cc-f11e-47e9-aa89-2dd07f0fc3d3, code: 1007 
[21:11:15.207] [24981] [WARN ] [error:167]	busi err back, erase task failed, cannot find cache task: 65e326cc-f11e-47e9-aa89-2dd07f0fc3d3 !  [THE user: test002] 
[21:11:15.208] [24129] [ERROR] [error:157]	got error busi back: cade3185-2ff5-495d-8352-0b988ebb10c8, code: 1007 
[21:11:15.208] [24129] [WARN ] [error:167]	busi err back, erase task failed, cannot find cache task: cade3185-2ff5-495d-8352-0b988ebb10c8 !  [THE user: test002] 
[21:11:15.211] [24981] [ERROR] [error:157]	got error busi back: 3a6998e3-4d83-4b64-88a9-5863046b5ede, code: 1007 
[21:11:15.211] [24981] [WARN ] [error:167]	busi err back, erase task failed, cannot find cache task: 3a6998e3-4d83-4b64-88a9-5863046b5ede !  [THE user: test002] 
[21:11:15.216] [24129] [ERROR] [error:157]	got error busi back: 2ba25aa1-fc9d-4103-91ad-feb705a9e698, code: 1007 
[21:11:15.216] [24129] [WARN ] [error:167]	busi err back, erase task failed, cannot find cache task: 2ba25aa1-fc9d-4103-91ad-feb705a9e698 !  [THE user: test002] 
[21:11:15.220] [24981] [ERROR] [error:157]	got error busi back: 0fe36f7e-44e2-496e-878b-a9c275f4f808, code: 1007 
[21:11:15.220] [24981] [WARN ] [error:167]	busi err back, erase task failed, cannot find cache task: 0fe36f7e-44e2-496e-878b-a9c275f4f808 !  [THE user: test002] 
[21:11:15.221] [24129] [ERROR] [error:157]	got error busi back: d6a680ac-c258-45f5-98cf-e7e07594c4d8, code: 1007 
[21:11:15.221] [24129] [WARN ] [error:167]	busi err back, erase task failed, cannot find cache task: d6a680ac-c258-45f5-98cf-e7e07594c4d8 !  [THE user: test002] 
[21:11:15.222] [24981] [ERROR] [error:157]	got error busi back: acc83feb-eb14-4180-9f62-0007bdd177f9, code: 1007 
[21:11:15.222] [24981] [WARN ] [error:167]	busi err back, erase task failed, cannot find cache task: acc83feb-eb14-4180-9f62-0007bdd177f9 !  [THE user: test002] 
[21:11:15.223] [24129] [ERROR] [error:157]	got error busi back: 59578f7d-4e37-453a-b744-da9c7955eee9, code: 1007 
[21:11:15.223] [24129] [WARN ] [error:167]	busi err back, erase task failed, cannot find cache task: 59578f7d-4e37-453a-b744-da9c7955eee9 !  [THE user: test002] 
[21:11:15.223] [24981] [ERROR] [error:157]	got error busi back: bf1e4d4f-8cca-49e8-8dae-f1ed4b6122b4, code: 1007 
[21:11:15.223] [24981] [WARN ] [error:167]	busi err back, erase task failed, cannot find cache task: bf1e4d4f-8cca-49e8-8dae-f1ed4b6122b4 !  [THE user: test002] 
[21:11:15.224] [24129] [ERROR] [error:157]	got error busi back: 126dd44c-d732-40f8-9a16-c4ce670a55b9, code: 1007 
[21:11:15.224] [24129] [WARN ] [error:167]	busi err back, erase task failed, cannot find cache task: 126dd44c-d732-40f8-9a16-c4ce670a55b9 !  [THE user: test002] 
[21:11:15.225] [24981] [ERROR] [error:157]	got error busi back: 96748e51-31f0-4628-8289-fb957b111a10, code: 1007 
[21:11:15.225] [24981] [WARN ] [error:167]	busi err back, erase task failed, cannot find cache task: 96748e51-31f0-4628-8289-fb957b111a10 !  [THE user: test002] 
[21:11:15.226] [24129] [ERROR] [error:157]	got error busi back: c63caf1d-89cb-438a-9675-8fb1198dfd92, code: 1007 
[21:11:15.226] [24129] [WARN ] [error:167]	busi err back, erase task failed, cannot find cache task: c63caf1d-89cb-438a-9675-8fb1198dfd92 !  [THE user: test002] 
[21:11:15.226] [24981] [ERROR] [error:157]	got error busi back: 8b8b11b0-20c2-45f7-a3bf-ca5fab889146, code: 1007 
[21:11:15.226] [24981] [WARN ] [error:167]	busi err back, erase task failed, cannot find cache task: 8b8b11b0-20c2-45f7-a3bf-ca5fab889146 !  [THE user: test002] 
[21:11:15.227] [24129] [ERROR] [error:157]	got error busi back: 366d07f2-ff86-4e5a-ae73-2800325e5add, code: 1007 
[21:11:15.227] [24129] [WARN ] [error:167]	busi err back, erase task failed, cannot find cache task: 366d07f2-ff86-4e5a-ae73-2800325e5add !  [THE user: test002] 
[21:11:15.229] [24981] [ERROR] [error:157]	got error busi back: 816b1f25-ad28-4daa-b5b0-92e83bf9f316, code: 1007 
[21:11:15.229] [24981] [WARN ] [error:167]	busi err back, erase task failed, cannot find cache task: 816b1f25-ad28-4daa-b5b0-92e83bf9f316 !  [THE user: test002] 
[21:11:15.230] [24129] [ERROR] [error:157]	got error busi back: 82c7afb7-6a38-4a09-983e-a9499f75255f, code: 1007 
[21:11:15.230] [24129] [WARN ] [error:167]	busi err back, erase task failed, cannot find cache task: 82c7afb7-6a38-4a09-983e-a9499f75255f !  [THE user: test002] 
[21:11:15.231] [24981] [ERROR] [error:157]	got error busi back: 49588e3c-1d7d-4401-8986-3ea12e11ca7e, code: 1007 
[21:11:15.231] [24981] [WARN ] [error:167]	busi err back, erase task failed, cannot find cache task: 49588e3c-1d7d-4401-8986-3ea12e11ca7e !  [THE user: test002] 
[21:11:15.231] [24129] [ERROR] [error:157]	got error busi back: e5bdd831-07e3-4a30-82ec-7c96609d8869, code: 1007 
[21:11:15.231] [24129] [WARN ] [error:167]	busi err back, erase task failed, cannot find cache task: e5bdd831-07e3-4a30-82ec-7c96609d8869 !  [THE user: test002] 
[21:11:15.233] [24981] [ERROR] [error:157]	got error busi back: 229856ea-f7e4-4460-8ca8-c369f2c18936, code: 1007 
[21:11:15.233] [24981] [WARN ] [error:167]	busi err back, erase task failed, cannot find cache task: 229856ea-f7e4-4460-8ca8-c369f2c18936 !  [THE user: test002] 
[21:11:15.233] [24129] [ERROR] [error:157]	got error busi back: a13b8437-be19-4e52-b6f9-564e181f4133, code: 1007 
[21:11:15.233] [24129] [WARN ] [error:167]	busi err back, erase task failed, cannot find cache task: a13b8437-be19-4e52-b6f9-564e181f4133 !  [THE user: test002] 
[21:11:15.234] [24981] [ERROR] [error:157]	got error busi back: 6c7e6875-441b-4d5e-97d0-d0a8da02c744, code: 1007 
[21:11:15.234] [24981] [WARN ] [error:167]	busi err back, erase task failed, cannot find cache task: 6c7e6875-441b-4d5e-97d0-d0a8da02c744 !  [THE user: test002] 
[21:11:15.235] [24129] [ERROR] [error:157]	got error busi back: ed1989b5-c62a-43f0-9dc2-8a26736cc66c, code: 1007 
[21:11:15.235] [24129] [WARN ] [error:167]	busi err back, erase task failed, cannot find cache task: ed1989b5-c62a-43f0-9dc2-8a26736cc66c !  [THE user: test002] 
[21:11:15.237] [24981] [ERROR] [error:157]	got error busi back: ea2ddf19-b384-4a79-b69b-f06a52c7c273, code: 1007 
[21:11:15.237] [24981] [WARN ] [error:167]	busi err back, erase task failed, cannot find cache task: ea2ddf19-b384-4a79-b69b-f06a52c7c273 !  [THE user: test002] 
[21:11:15.238] [24129] [ERROR] [error:157]	got error busi back: 9cc2ac92-bf9a-4305-9c32-9f0d94921297, code: 1007 
[21:11:15.238] [24129] [WARN ] [error:167]	busi err back, erase task failed, cannot find cache task: 9cc2ac92-bf9a-4305-9c32-9f0d94921297 !  [THE user: test002] 
[21:11:15.239] [24981] [ERROR] [error:157]	got error busi back: 5a2b753e-c42d-40b8-8539-de0af94e97bb, code: 1007 
[21:11:15.239] [24981] [WARN ] [error:167]	busi err back, erase task failed, cannot find cache task: 5a2b753e-c42d-40b8-8539-de0af94e97bb !  [THE user: test002] 
[21:11:15.240] [24129] [ERROR] [error:157]	got error busi back: b9ee6a57-eb69-4720-83f5-287d365f2285, code: 1007 
[21:11:15.240] [24129] [WARN ] [error:167]	busi err back, erase task failed, cannot find cache task: b9ee6a57-eb69-4720-83f5-287d365f2285 !  [THE user: test002] 
[21:11:15.240] [24981] [ERROR] [error:157]	got error busi back: 091b0d01-ffb3-485f-9b51-9c41da6cd70c, code: 1007 
[21:11:15.240] [24981] [WARN ] [error:167]	busi err back, erase task failed, cannot find cache task: 091b0d01-ffb3-485f-9b51-9c41da6cd70c !  [THE user: test002] 
[21:11:15.241] [24129] [ERROR] [error:157]	got error busi back: e59a84ed-a0b8-4e30-9983-9685ec1e323a, code: 1007 
[21:11:15.241] [24129] [WARN ] [error:167]	busi err back, erase task failed, cannot find cache task: e59a84ed-a0b8-4e30-9983-9685ec1e323a !  [THE user: test002] 
[21:11:15.251] [24981] [ERROR] [error:157]	got error busi back: c333ead7-3e4f-4240-8e3e-d68b2137f503, code: 1007 
[21:11:15.252] [24981] [WARN ] [error:167]	busi err back, erase task failed, cannot find cache task: c333ead7-3e4f-4240-8e3e-d68b2137f503 !  [THE user: test002] 
[21:11:15.256] [24129] [ERROR] [error:157]	got error busi back: 85cb410e-6d8f-4fa5-9674-b6b8bae014a6, code: 1007 
[21:11:15.256] [24129] [WARN ] [error:167]	busi err back, erase task failed, cannot find cache task: 85cb410e-6d8f-4fa5-9674-b6b8bae014a6 !  [THE user: test002] 
[21:11:15.257] [24981] [ERROR] [error:157]	got error busi back: 23a29e8c-e06c-41cc-81ed-365fa5e6bd55, code: 1007 
[21:11:15.257] [24981] [WARN ] [error:167]	busi err back, erase task failed, cannot find cache task: 23a29e8c-e06c-41cc-81ed-365fa5e6bd55 !  [THE user: test002] 
[21:11:15.257] [24129] [ERROR] [error:157]	got error busi back: c289a65a-bd2b-47c9-8e4e-4a7d8d6529f9, code: 1007 
[21:11:15.257] [24129] [WARN ] [error:167]	busi err back, erase task failed, cannot find cache task: c289a65a-bd2b-47c9-8e4e-4a7d8d6529f9 !  [THE user: test002] 
[21:11:15.258] [24981] [ERROR] [error:157]	got error busi back: 464a850a-3325-4915-bc65-0006db214c7d, code: 1007 
[21:11:15.258] [24981] [WARN ] [error:167]	busi err back, erase task failed, cannot find cache task: 464a850a-3325-4915-bc65-0006db214c7d !  [THE user: test002] 
[21:11:15.259] [24129] [ERROR] [error:157]	got error busi back: e8ab2fae-aba7-4132-8d1e-01a8dc9940d7, code: 1007 
[21:11:15.259] [24129] [WARN ] [error:167]	busi err back, erase task failed, cannot find cache task: e8ab2fae-aba7-4132-8d1e-01a8dc9940d7 !  [THE user: test002] 
[21:11:15.260] [24981] [ERROR] [error:157]	got error busi back: 6ec76a0d-40f4-406b-9a8e-843646dc031b, code: 1007 
[21:11:15.260] [24981] [WARN ] [error:167]	busi err back, erase task failed, cannot find cache task: 6ec76a0d-40f4-406b-9a8e-843646dc031b !  [THE user: test002] 
[21:11:15.260] [24129] [ERROR] [error:157]	got error busi back: a7a6e823-cb82-4a9c-a572-210640d643c1, code: 1007 
[21:11:15.260] [24129] [WARN ] [error:167]	busi err back, erase task failed, cannot find cache task: a7a6e823-cb82-4a9c-a572-210640d643c1 !  [THE user: test002] 
[21:11:15.262] [24981] [ERROR] [error:157]	got error busi back: d891b9c0-9ffc-4281-8a71-b0a7fb9e28f1, code: 1007 
[21:11:15.262] [24981] [WARN ] [error:167]	busi err back, erase task failed, cannot find cache task: d891b9c0-9ffc-4281-8a71-b0a7fb9e28f1 !  [THE user: test002] 
[21:11:15.265] [24129] [ERROR] [error:157]	got error busi back: 1535310e-c152-46d9-ab8d-b9532e431ada, code: 1007 
[21:11:15.265] [24129] [WARN ] [error:167]	busi err back, erase task failed, cannot find cache task: 1535310e-c152-46d9-ab8d-b9532e431ada !  [THE user: test002] 
[21:11:15.266] [24981] [ERROR] [error:157]	got error busi back: 3590f4b2-3d2a-460d-8aa5-53e30078c320, code: 1007 
[21:11:15.266] [24981] [WARN ] [error:167]	busi err back, erase task failed, cannot find cache task: 3590f4b2-3d2a-460d-8aa5-53e30078c320 !  [THE user: test002] 
[21:11:15.268] [24129] [ERROR] [error:157]	got error busi back: 83ac18e6-85f3-4c23-b479-fa992b3b4981, code: 1007 
[21:11:15.268] [24129] [WARN ] [error:167]	busi err back, erase task failed, cannot find cache task: 83ac18e6-85f3-4c23-b479-fa992b3b4981 !  [THE user: test002] 
[21:11:15.269] [24981] [ERROR] [error:157]	got error busi back: 9d72eac7-dff2-4937-b414-e71f0138f604, code: 1007 
[21:11:15.269] [24981] [WARN ] [error:167]	busi err back, erase task failed, cannot find cache task: 9d72eac7-dff2-4937-b414-e71f0138f604 !  [THE user: test002] 
[21:11:15.270] [24129] [ERROR] [error:157]	got error busi back: adf09331-b3f4-42e5-968a-28fa198dde01, code: 1007 
[21:11:15.270] [24129] [WARN ] [error:167]	busi err back, erase task failed, cannot find cache task: adf09331-b3f4-42e5-968a-28fa198dde01 !  [THE user: test002] 
[21:11:15.270] [24981] [ERROR] [error:157]	got error busi back: a8fd332d-686b-4b1b-8b78-1f154d3f2eda, code: 1007 
[21:11:15.270] [24981] [WARN ] [error:167]	busi err back, erase task failed, cannot find cache task: a8fd332d-686b-4b1b-8b78-1f154d3f2eda !  [THE user: test002] 
[21:11:15.271] [24129] [ERROR] [error:157]	got error busi back: 718151cb-d955-428f-bdce-f664790cf8f5, code: 1007 
[21:11:15.271] [24129] [WARN ] [error:167]	busi err back, erase task failed, cannot find cache task: 718151cb-d955-428f-bdce-f664790cf8f5 !  [THE user: test002] 
[21:11:15.273] [24981] [ERROR] [error:157]	got error busi back: 244ef96d-8541-41e1-b5a3-028c73dad48a, code: 1007 
[21:11:15.273] [24981] [WARN ] [error:167]	busi err back, erase task failed, cannot find cache task: 244ef96d-8541-41e1-b5a3-028c73dad48a !  [THE user: test002] 
[21:11:15.273] [24129] [ERROR] [error:157]	got error busi back: 051ab9d8-175e-4a79-b716-78e944d7a841, code: 1007 
[21:11:15.273] [24129] [WARN ] [error:167]	busi err back, erase task failed, cannot find cache task: 051ab9d8-175e-4a79-b716-78e944d7a841 !  [THE user: test002] 
[21:11:15.274] [24981] [ERROR] [error:157]	got error busi back: 2b8cec85-7369-4aaf-bab7-17a5842a1e98, code: 1007 
[21:11:15.274] [24981] [WARN ] [error:167]	busi err back, erase task failed, cannot find cache task: 2b8cec85-7369-4aaf-bab7-17a5842a1e98 !  [THE user: test002] 
[21:11:15.277] [24129] [ERROR] [error:157]	got error busi back: d0313d99-8a85-4e24-82ae-405fa72ea023, code: 1007 
[21:11:15.277] [24129] [WARN ] [error:167]	busi err back, erase task failed, cannot find cache task: d0313d99-8a85-4e24-82ae-405fa72ea023 !  [THE user: test002] 
[21:11:15.278] [24981] [ERROR] [error:157]	got error busi back: 716b0af4-1a76-4894-ab39-01a006955946, code: 1007 
[21:11:15.278] [24981] [WARN ] [error:167]	busi err back, erase task failed, cannot find cache task: 716b0af4-1a76-4894-ab39-01a006955946 !  [THE user: test002] 
[21:11:15.279] [24129] [ERROR] [error:157]	got error busi back: b46301d6-65d3-4df4-9ae8-0bcb56985c1c, code: 1007 
[21:11:15.279] [24129] [WARN ] [error:167]	busi err back, erase task failed, cannot find cache task: b46301d6-65d3-4df4-9ae8-0bcb56985c1c !  [THE user: test002] 
[21:11:15.280] [24981] [ERROR] [error:157]	got error busi back: edba63c0-ae52-4b7c-a8f2-d267b320d7b9, code: 1007 
[21:11:15.280] [24981] [WARN ] [error:167]	busi err back, erase task failed, cannot find cache task: edba63c0-ae52-4b7c-a8f2-d267b320d7b9 !  [THE user: test002] 
[21:11:15.281] [24129] [ERROR] [error:157]	got error busi back: 7515218e-bb61-49e7-8df8-b1691aa8782a, code: 1007 
[21:11:15.281] [24129] [WARN ] [error:167]	busi err back, erase task failed, cannot find cache task: 7515218e-bb61-49e7-8df8-b1691aa8782a !  [THE user: test002] 
[21:11:15.282] [24981] [ERROR] [error:157]	got error busi back: 5e8148f7-7132-49f2-b5c8-194096496189, code: 1007 
[21:11:15.282] [24981] [WARN ] [error:167]	busi err back, erase task failed, cannot find cache task: 5e8148f7-7132-49f2-b5c8-194096496189 !  [THE user: test002] 
[21:11:15.283] [24129] [ERROR] [error:157]	got error busi back: 1e43094f-45f8-4caf-8974-4db024ca8975, code: 1007 
[21:11:15.283] [24129] [WARN ] [error:167]	busi err back, erase task failed, cannot find cache task: 1e43094f-45f8-4caf-8974-4db024ca8975 !  [THE user: test002] 
[21:11:15.284] [24981] [ERROR] [error:157]	got error busi back: 8d9bb5a8-edf1-4de7-b26e-d634ad2382b9, code: 1007 
[21:11:15.284] [24981] [WARN ] [error:167]	busi err back, erase task failed, cannot find cache task: 8d9bb5a8-edf1-4de7-b26e-d634ad2382b9 !  [THE user: test002] 
[21:11:15.284] [24129] [ERROR] [error:157]	got error busi back: f48fbbca-b644-459e-b952-112a092e15b5, code: 1007 
[21:11:15.284] [24129] [WARN ] [error:167]	busi err back, erase task failed, cannot find cache task: f48fbbca-b644-459e-b952-112a092e15b5 !  [THE user: test002] 
[21:11:15.285] [24981] [ERROR] [error:157]	got error busi back: 5580c59e-2946-47c1-b18b-054cb6a3cb4d, code: 1007 
[21:11:15.285] [24981] [WARN ] [error:167]	busi err back, erase task failed, cannot find cache task: 5580c59e-2946-47c1-b18b-054cb6a3cb4d !  [THE user: test002] 
[21:11:15.286] [24129] [ERROR] [error:157]	got error busi back: ce6a8013-e441-47fa-92d6-177a1d38872e, code: 1007 
[21:11:15.286] [24129] [WARN ] [error:167]	busi err back, erase task failed, cannot find cache task: ce6a8013-e441-47fa-92d6-177a1d38872e !  [THE user: test002] 
[21:11:15.286] [24981] [ERROR] [error:157]	got error busi back: 0feccf21-b869-44d7-ab92-9e38b9ec1b71, code: 1007 
[21:11:15.286] [24981] [WARN ] [error:167]	busi err back, erase task failed, cannot find cache task: 0feccf21-b869-44d7-ab92-9e38b9ec1b71 !  [THE user: test002] 
[21:11:15.289] [24129] [ERROR] [error:157]	got error busi back: 6edace74-d70f-4b1d-802a-76598e175cb3, code: 1007 
[21:11:15.289] [24129] [WARN ] [error:167]	busi err back, erase task failed, cannot find cache task: 6edace74-d70f-4b1d-802a-76598e175cb3 !  [THE user: test002] 
[21:11:15.289] [24981] [ERROR] [error:157]	got error busi back: 8fc10e0b-2d75-46c9-aaf7-d557b68d5f38, code: 1007 
[21:11:15.289] [24981] [WARN ] [error:167]	busi err back, erase task failed, cannot find cache task: 8fc10e0b-2d75-46c9-aaf7-d557b68d5f38 !  [THE user: test002] 
[21:11:15.290] [24129] [ERROR] [error:157]	got error busi back: cba36178-0528-4263-bad2-09e1ece695ed, code: 1007 
[21:11:15.290] [24129] [WARN ] [error:167]	busi err back, erase task failed, cannot find cache task: cba36178-0528-4263-bad2-09e1ece695ed !  [THE user: test002] 
[21:11:15.292] [24981] [ERROR] [error:157]	got error busi back: 3f939f0a-c54d-480f-bfec-6b74529eaed4, code: 1007 
[21:11:15.292] [24981] [WARN ] [error:167]	busi err back, erase task failed, cannot find cache task: 3f939f0a-c54d-480f-bfec-6b74529eaed4 !  [THE user: test002] 
[21:11:15.293] [24129] [ERROR] [error:157]	got error busi back: 005fbbde-ed5d-4c6f-b213-f84abfb9b8a1, code: 1007 
[21:11:15.293] [24129] [WARN ] [error:167]	busi err back, erase task failed, cannot find cache task: 005fbbde-ed5d-4c6f-b213-f84abfb9b8a1 !  [THE user: test002] 
[21:11:15.302] [24981] [ERROR] [error:157]	got error busi back: 8d8a0fb6-e152-48fa-a30c-122674873ad9, code: 1007 
[21:11:15.302] [24981] [WARN ] [error:167]	busi err back, erase task failed, cannot find cache task: 8d8a0fb6-e152-48fa-a30c-122674873ad9 !  [THE user: test002] 
[21:11:15.303] [24129] [ERROR] [error:157]	got error busi back: 18fbf605-2c8f-41f6-ac8d-a849d006aee1, code: 1007 
[21:11:15.303] [24129] [WARN ] [error:167]	busi err back, erase task failed, cannot find cache task: 18fbf605-2c8f-41f6-ac8d-a849d006aee1 !  [THE user: test002] 
[21:11:15.304] [24981] [ERROR] [error:157]	got error busi back: a6cef545-5ab1-4161-8407-5a650e403374, code: 1007 
[21:11:15.304] [24981] [WARN ] [error:167]	busi err back, erase task failed, cannot find cache task: a6cef545-5ab1-4161-8407-5a650e403374 !  [THE user: test002] 
[21:11:15.305] [24129] [ERROR] [error:157]	got error busi back: 8443808c-0c92-4cf8-ad32-d82bc70f9345, code: 1007 
[21:11:15.305] [24129] [WARN ] [error:167]	busi err back, erase task failed, cannot find cache task: 8443808c-0c92-4cf8-ad32-d82bc70f9345 !  [THE user: test002] 
[21:11:15.306] [24981] [ERROR] [error:157]	got error busi back: 938b6282-bf9c-4ec3-afab-0509eb08b02c, code: 1007 
[21:11:15.306] [24981] [WARN ] [error:167]	busi err back, erase task failed, cannot find cache task: 938b6282-bf9c-4ec3-afab-0509eb08b02c !  [THE user: test002] 
[21:11:15.307] [24129] [ERROR] [error:157]	got error busi back: a16061a9-d61c-44e4-8d4d-650a30515f14, code: 1007 
[21:11:15.307] [24129] [WARN ] [error:167]	busi err back, erase task failed, cannot find cache task: a16061a9-d61c-44e4-8d4d-650a30515f14 !  [THE user: test002] 
[21:11:15.308] [24981] [ERROR] [error:157]	got error busi back: 5a62312f-bccc-4242-bdfe-5fdd12ab79b1, code: 1007 
[21:11:15.308] [24981] [WARN ] [error:167]	busi err back, erase task failed, cannot find cache task: 5a62312f-bccc-4242-bdfe-5fdd12ab79b1 !  [THE user: test002] 
[21:11:15.309] [24129] [ERROR] [error:157]	got error busi back: 7ec9f453-86d0-4c08-9ef8-db504c3250ed, code: 1007 
[21:11:15.309] [24129] [WARN ] [error:167]	busi err back, erase task failed, cannot find cache task: 7ec9f453-86d0-4c08-9ef8-db504c3250ed !  [THE user: test002] 
[21:11:15.310] [24981] [ERROR] [error:157]	got error busi back: bd917783-8027-426f-a200-018cbc2f2b84, code: 1007 
[21:11:15.310] [24981] [WARN ] [error:167]	busi err back, erase task failed, cannot find cache task: bd917783-8027-426f-a200-018cbc2f2b84 !  [THE user: test002] 
[21:11:15.312] [24129] [ERROR] [error:157]	got error busi back: bcb443fb-77f5-42b1-af9e-3e1805575a2b, code: 1007 
[21:11:15.312] [24129] [WARN ] [error:167]	busi err back, erase task failed, cannot find cache task: bcb443fb-77f5-42b1-af9e-3e1805575a2b !  [THE user: test002] 
[21:11:15.313] [24981] [ERROR] [error:157]	got error busi back: 954d66dd-8b76-4778-9d44-07110abff029, code: 1007 
[21:11:15.313] [24981] [WARN ] [error:167]	busi err back, erase task failed, cannot find cache task: 954d66dd-8b76-4778-9d44-07110abff029 !  [THE user: test002] 
[21:11:15.314] [24129] [ERROR] [error:157]	got error busi back: 78aecc37-4e8f-42f7-9a87-b7dfd497ae1c, code: 1007 
[21:11:15.314] [24129] [WARN ] [error:167]	busi err back, erase task failed, cannot find cache task: 78aecc37-4e8f-42f7-9a87-b7dfd497ae1c !  [THE user: test002] 
[21:11:15.314] [24981] [ERROR] [error:157]	got error busi back: 87e1fb98-d428-4f9a-a3c9-33fa7da8bb6a, code: 1007 
[21:11:15.314] [24981] [WARN ] [error:167]	busi err back, erase task failed, cannot find cache task: 87e1fb98-d428-4f9a-a3c9-33fa7da8bb6a !  [THE user: test002] 
[21:11:15.315] [24129] [ERROR] [error:157]	got error busi back: 7850ff24-6a74-4336-a6ea-ece269b9e582, code: 1007 
[21:11:15.315] [24129] [WARN ] [error:167]	busi err back, erase task failed, cannot find cache task: 7850ff24-6a74-4336-a6ea-ece269b9e582 !  [THE user: test002] 
[21:11:15.316] [24981] [ERROR] [error:157]	got error busi back: 85a063c4-6de4-4ac0-84c1-8350e9f41603, code: 1007 
[21:11:15.316] [24981] [WARN ] [error:167]	busi err back, erase task failed, cannot find cache task: 85a063c4-6de4-4ac0-84c1-8350e9f41603 !  [THE user: test002] 
[21:11:15.316] [24129] [ERROR] [error:157]	got error busi back: 0e99e62c-8d25-43e0-be16-6a33778bfec3, code: 1007 
[21:11:15.316] [24129] [WARN ] [error:167]	busi err back, erase task failed, cannot find cache task: 0e99e62c-8d25-43e0-be16-6a33778bfec3 !  [THE user: test002] 
[21:11:15.317] [24981] [ERROR] [error:157]	got error busi back: d5f7b5fa-59d6-41a0-950c-a21ba636c6bc, code: 1007 
[21:11:15.317] [24981] [WARN ] [error:167]	busi err back, erase task failed, cannot find cache task: d5f7b5fa-59d6-41a0-950c-a21ba636c6bc !  [THE user: test002] 
[21:11:15.318] [24129] [ERROR] [error:157]	got error busi back: 54ca3d7d-0c71-4206-aa81-4974a6e7371f, code: 1007 
[21:11:15.318] [24129] [WARN ] [error:167]	busi err back, erase task failed, cannot find cache task: 54ca3d7d-0c71-4206-aa81-4974a6e7371f !  [THE user: test002] 
[21:11:15.318] [24981] [ERROR] [error:157]	got error busi back: a758fb68-87dd-4ba8-aa73-28af56157c1e, code: 1007 
[21:11:15.318] [24981] [WARN ] [error:167]	busi err back, erase task failed, cannot find cache task: a758fb68-87dd-4ba8-aa73-28af56157c1e !  [THE user: test002] 
[21:11:15.319] [24129] [ERROR] [error:157]	got error busi back: 3c8a6962-445d-4eb6-9dab-6b19b271fa36, code: 1007 
[21:11:15.319] [24129] [WARN ] [error:167]	busi err back, erase task failed, cannot find cache task: 3c8a6962-445d-4eb6-9dab-6b19b271fa36 !  [THE user: test002] 
[21:11:15.320] [24981] [ERROR] [error:157]	got error busi back: e18963d1-916d-46e9-ad37-f7586e4175ce, code: 1007 
[21:11:15.320] [24981] [WARN ] [error:167]	busi err back, erase task failed, cannot find cache task: e18963d1-916d-46e9-ad37-f7586e4175ce !  [THE user: test002] 
[21:11:15.321] [24129] [ERROR] [error:157]	got error busi back: 4cf3af1b-03e2-4a48-a31c-3ffd9b21b1b3, code: 1007 
[21:11:15.321] [24129] [WARN ] [error:167]	busi err back, erase task failed, cannot find cache task: 4cf3af1b-03e2-4a48-a31c-3ffd9b21b1b3 !  [THE user: test002] 
[21:11:15.321] [24981] [ERROR] [error:157]	got error busi back: df795237-2c5b-42b8-8084-0f2d71e9892a, code: 1007 
[21:11:15.321] [24981] [WARN ] [error:167]	busi err back, erase task failed, cannot find cache task: df795237-2c5b-42b8-8084-0f2d71e9892a !  [THE user: test002] 
[21:11:15.322] [24129] [ERROR] [error:157]	got error busi back: 7c477a11-0a0a-4398-873f-914e720e7e11, code: 1007 
[21:11:15.322] [24129] [WARN ] [error:167]	busi err back, erase task failed, cannot find cache task: 7c477a11-0a0a-4398-873f-914e720e7e11 !  [THE user: test002] 
[21:11:15.327] [24981] [ERROR] [error:157]	got error busi back: e5bfdb29-97ba-47b0-9698-cc8807bb2079, code: 1007 
[21:11:15.327] [24981] [WARN ] [error:167]	busi err back, erase task failed, cannot find cache task: e5bfdb29-97ba-47b0-9698-cc8807bb2079 !  [THE user: test002] 
[21:11:15.328] [24129] [ERROR] [error:157]	got error busi back: 10ab5684-74dc-4597-aa14-edb1912fff66, code: 1007 
[21:11:15.328] [24129] [WARN ] [error:167]	busi err back, erase task failed, cannot find cache task: 10ab5684-74dc-4597-aa14-edb1912fff66 !  [THE user: test002] 
[21:11:15.331] [24981] [ERROR] [error:157]	got error busi back: e0f51d12-f4e1-4c0a-bd1e-a9cc132f6bd4, code: 1007 
[21:11:15.331] [24981] [WARN ] [error:167]	busi err back, erase task failed, cannot find cache task: e0f51d12-f4e1-4c0a-bd1e-a9cc132f6bd4 !  [THE user: test002] 
[21:11:15.331] [24129] [ERROR] [error:157]	got error busi back: 27aa2967-ea70-4656-99cd-3f8858454c9d, code: 1007 
[21:11:15.331] [24129] [WARN ] [error:167]	busi err back, erase task failed, cannot find cache task: 27aa2967-ea70-4656-99cd-3f8858454c9d !  [THE user: test002] 
[21:11:15.332] [24981] [ERROR] [error:157]	got error busi back: 86f3408d-b0d1-4db1-ba44-04d57a5e7e55, code: 1007 
[21:11:15.332] [24981] [WARN ] [error:167]	busi err back, erase task failed, cannot find cache task: 86f3408d-b0d1-4db1-ba44-04d57a5e7e55 !  [THE user: test002] 
[21:11:15.335] [24129] [ERROR] [error:157]	got error busi back: 67530122-de8c-409e-99c7-e00e55875958, code: 1007 
[21:11:15.335] [24129] [WARN ] [error:167]	busi err back, erase task failed, cannot find cache task: 67530122-de8c-409e-99c7-e00e55875958 !  [THE user: test002] 
[21:11:15.336] [24981] [ERROR] [error:157]	got error busi back: cf3f91b7-dd8d-4024-8737-52689f2aa5f8, code: 1007 
[21:11:15.336] [24981] [WARN ] [error:167]	busi err back, erase task failed, cannot find cache task: cf3f91b7-dd8d-4024-8737-52689f2aa5f8 !  [THE user: test002] 
[21:11:15.336] [24129] [ERROR] [error:157]	got error busi back: f7807357-aa13-4abb-8019-65b0261c973d, code: 1007 
[21:11:15.336] [24129] [WARN ] [error:167]	busi err back, erase task failed, cannot find cache task: f7807357-aa13-4abb-8019-65b0261c973d !  [THE user: test002] 
[21:11:15.337] [24981] [ERROR] [error:157]	got error busi back: 4ffd55ee-1974-4e15-8cc9-60bd4be638bc, code: 1007 
[21:11:15.337] [24981] [WARN ] [error:167]	busi err back, erase task failed, cannot find cache task: 4ffd55ee-1974-4e15-8cc9-60bd4be638bc !  [THE user: test002] 
[21:11:15.339] [24129] [ERROR] [error:157]	got error busi back: c155f88a-a449-4427-b869-a62674c5ff1a, code: 1007 
[21:11:15.339] [24129] [WARN ] [error:167]	busi err back, erase task failed, cannot find cache task: c155f88a-a449-4427-b869-a62674c5ff1a !  [THE user: test002] 
[21:11:15.341] [24981] [ERROR] [error:157]	got error busi back: bd4e8040-7ff3-4dae-8353-0657a4aac15f, code: 1007 
[21:11:15.341] [24981] [WARN ] [error:167]	busi err back, erase task failed, cannot find cache task: bd4e8040-7ff3-4dae-8353-0657a4aac15f !  [THE user: test002] 
[21:11:15.342] [24129] [ERROR] [error:157]	got error busi back: e7e1f08b-4ba6-4215-a894-25a0aeeb7396, code: 1007 
[21:11:15.342] [24129] [WARN ] [error:167]	busi err back, erase task failed, cannot find cache task: e7e1f08b-4ba6-4215-a894-25a0aeeb7396 !  [THE user: test002] 
[21:11:15.342] [24981] [ERROR] [error:157]	got error busi back: c1ff6fde-3045-4cd2-b2b8-6bd868d6eb38, code: 1007 
[21:11:15.342] [24981] [WARN ] [error:167]	busi err back, erase task failed, cannot find cache task: c1ff6fde-3045-4cd2-b2b8-6bd868d6eb38 !  [THE user: test002] 
[21:11:15.343] [24129] [ERROR] [error:157]	got error busi back: f1fac291-a6bb-46a7-8374-ba9371e64352, code: 1007 
[21:11:15.343] [24129] [WARN ] [error:167]	busi err back, erase task failed, cannot find cache task: f1fac291-a6bb-46a7-8374-ba9371e64352 !  [THE user: test002] 
[21:11:15.347] [24981] [ERROR] [error:157]	got error busi back: 407dfb38-368f-4b84-968f-ebb054190dab, code: 1007 
[21:11:15.347] [24981] [WARN ] [error:167]	busi err back, erase task failed, cannot find cache task: 407dfb38-368f-4b84-968f-ebb054190dab !  [THE user: test002] 
[21:11:15.348] [24129] [ERROR] [error:157]	got error busi back: a006b1a5-f9ef-4bab-8c28-edf66a1c4f02, code: 1007 
[21:11:15.349] [24129] [WARN ] [error:167]	busi err back, erase task failed, cannot find cache task: a006b1a5-f9ef-4bab-8c28-edf66a1c4f02 !  [THE user: test002] 
[21:11:15.349] [24981] [ERROR] [error:157]	got error busi back: eadc5c87-b032-4828-9af3-8727dc2511b0, code: 1007 
[21:11:15.349] [24981] [WARN ] [error:167]	busi err back, erase task failed, cannot find cache task: eadc5c87-b032-4828-9af3-8727dc2511b0 !  [THE user: test002] 
[21:11:15.350] [24129] [ERROR] [error:157]	got error busi back: b8356e3e-c642-4de3-acf4-ee3afd33a640, code: 1007 
[21:11:15.350] [24129] [WARN ] [error:167]	busi err back, erase task failed, cannot find cache task: b8356e3e-c642-4de3-acf4-ee3afd33a640 !  [THE user: test002] 
[21:11:15.351] [24981] [ERROR] [error:157]	got error busi back: 20a11c40-e149-4c4a-ab54-9e1d366f16f5, code: 1007 
[21:11:15.351] [24981] [WARN ] [error:167]	busi err back, erase task failed, cannot find cache task: 20a11c40-e149-4c4a-ab54-9e1d366f16f5 !  [THE user: test002] 
[21:11:15.354] [24129] [ERROR] [error:157]	got error busi back: dbecdc67-e0d8-48ba-a9ce-c021fa1e9b02, code: 1007 
[21:11:15.354] [24129] [WARN ] [error:167]	busi err back, erase task failed, cannot find cache task: dbecdc67-e0d8-48ba-a9ce-c021fa1e9b02 !  [THE user: test002] 
[21:11:15.355] [24981] [ERROR] [error:157]	got error busi back: 596e6d5f-d9e6-4735-8c3d-7d66d7ce4e62, code: 1007 
[21:11:15.355] [24981] [WARN ] [error:167]	busi err back, erase task failed, cannot find cache task: 596e6d5f-d9e6-4735-8c3d-7d66d7ce4e62 !  [THE user: test002] 
[21:11:15.356] [24129] [ERROR] [error:157]	got error busi back: d72b8dad-2936-4484-a8ef-46c8861a7eb3, code: 1007 
[21:11:15.356] [24129] [WARN ] [error:167]	busi err back, erase task failed, cannot find cache task: d72b8dad-2936-4484-a8ef-46c8861a7eb3 !  [THE user: test002] 
[21:11:15.356] [24981] [ERROR] [error:157]	got error busi back: 5d7b4f65-16a4-4cca-b5b2-9fb2e2bbb6ed, code: 1007 
[21:11:15.357] [24981] [WARN ] [error:167]	busi err back, erase task failed, cannot find cache task: 5d7b4f65-16a4-4cca-b5b2-9fb2e2bbb6ed !  [THE user: test002] 
[21:11:15.357] [24129] [ERROR] [error:157]	got error busi back: 8875d4e6-9d9d-4163-a7be-366519e67036, code: 1007 
[21:11:15.357] [24129] [WARN ] [error:167]	busi err back, erase task failed, cannot find cache task: 8875d4e6-9d9d-4163-a7be-366519e67036 !  [THE user: test002] 
[21:11:15.359] [24981] [ERROR] [error:157]	got error busi back: 8ac43cce-2522-49fd-8c59-0a7167be8c81, code: 1007 
[21:11:15.359] [24981] [WARN ] [error:167]	busi err back, erase task failed, cannot find cache task: 8ac43cce-2522-49fd-8c59-0a7167be8c81 !  [THE user: test002] 
[21:11:15.359] [24129] [ERROR] [error:157]	got error busi back: aa4b6bc1-43b6-4085-873f-ff49c74ca446, code: 1007 
[21:11:15.359] [24129] [WARN ] [error:167]	busi err back, erase task failed, cannot find cache task: aa4b6bc1-43b6-4085-873f-ff49c74ca446 !  [THE user: test002] 
[21:11:15.360] [24981] [ERROR] [error:157]	got error busi back: 55962750-cedd-424d-be5b-36060cfa05e2, code: 1007 
[21:11:15.360] [24981] [WARN ] [error:167]	busi err back, erase task failed, cannot find cache task: 55962750-cedd-424d-be5b-36060cfa05e2 !  [THE user: test002] 
[21:11:15.362] [24129] [ERROR] [error:157]	got error busi back: 4c36fca8-4358-4a98-a4cc-feeb5b4685a3, code: 1007 
[21:11:15.362] [24129] [WARN ] [error:167]	busi err back, erase task failed, cannot find cache task: 4c36fca8-4358-4a98-a4cc-feeb5b4685a3 !  [THE user: test002] 
[21:11:15.363] [24981] [ERROR] [error:157]	got error busi back: 45c2086b-16ac-4f52-b537-2aacd1f8b89c, code: 1007 
[21:11:15.363] [24981] [WARN ] [error:167]	busi err back, erase task failed, cannot find cache task: 45c2086b-16ac-4f52-b537-2aacd1f8b89c !  [THE user: test002] 
[21:11:15.364] [24129] [ERROR] [error:157]	got error busi back: 08cc42f0-636a-467c-b05a-8286e1653dc4, code: 1007 
[21:11:15.364] [24129] [WARN ] [error:167]	busi err back, erase task failed, cannot find cache task: 08cc42f0-636a-467c-b05a-8286e1653dc4 !  [THE user: test002] 
[21:11:15.364] [24981] [ERROR] [error:157]	got error busi back: 16dc10f8-1e6a-4aa3-aab6-a9dd945f66db, code: 1007 
[21:11:15.364] [24981] [WARN ] [error:167]	busi err back, erase task failed, cannot find cache task: 16dc10f8-1e6a-4aa3-aab6-a9dd945f66db !  [THE user: test002] 
[21:11:15.366] [24129] [ERROR] [error:157]	got error busi back: 42108c6f-f9f5-4c65-b152-132a7a0282ff, code: 1007 
[21:11:15.366] [24129] [WARN ] [error:167]	busi err back, erase task failed, cannot find cache task: 42108c6f-f9f5-4c65-b152-132a7a0282ff !  [THE user: test002] 
[21:11:15.366] [24981] [ERROR] [error:157]	got error busi back: 07deee8a-db89-4d09-ad34-7397c7e1645a, code: 1007 
[21:11:15.366] [24981] [WARN ] [error:167]	busi err back, erase task failed, cannot find cache task: 07deee8a-db89-4d09-ad34-7397c7e1645a !  [THE user: test002] 
[21:11:15.367] [24129] [ERROR] [error:157]	got error busi back: b8c918e3-1e77-4515-b289-b7c06ce13dc9, code: 1007 
[21:11:15.367] [24129] [WARN ] [error:167]	busi err back, erase task failed, cannot find cache task: b8c918e3-1e77-4515-b289-b7c06ce13dc9 !  [THE user: test002] 
[21:11:15.368] [24981] [ERROR] [error:157]	got error busi back: 22514f07-4ef7-4313-ba2c-53d6acf47333, code: 1007 
[21:11:15.368] [24981] [WARN ] [error:167]	busi err back, erase task failed, cannot find cache task: 22514f07-4ef7-4313-ba2c-53d6acf47333 !  [THE user: test002] 
[21:11:15.369] [24129] [ERROR] [error:157]	got error busi back: ecaf37df-e5cb-45b2-b389-bebb74c92175, code: 1007 
[21:11:15.369] [24129] [WARN ] [error:167]	busi err back, erase task failed, cannot find cache task: ecaf37df-e5cb-45b2-b389-bebb74c92175 !  [THE user: test002] 
[21:11:15.369] [24981] [ERROR] [error:157]	got error busi back: c0366b40-c2a9-48b8-a033-09f63005f952, code: 1007 
[21:11:15.369] [24981] [WARN ] [error:167]	busi err back, erase task failed, cannot find cache task: c0366b40-c2a9-48b8-a033-09f63005f952 !  [THE user: test002] 
[21:11:15.370] [24129] [ERROR] [error:157]	got error busi back: 12a2b757-2a69-4ca8-9e34-a002b8c4bdeb, code: 1007 
[21:11:15.370] [24129] [WARN ] [error:167]	busi err back, erase task failed, cannot find cache task: 12a2b757-2a69-4ca8-9e34-a002b8c4bdeb !  [THE user: test002] 
[21:11:15.371] [24981] [ERROR] [error:157]	got error busi back: 5fcd41a5-f5a2-4dee-902b-7cd1359c6a7e, code: 1007 
[21:11:15.371] [24981] [WARN ] [error:167]	busi err back, erase task failed, cannot find cache task: 5fcd41a5-f5a2-4dee-902b-7cd1359c6a7e !  [THE user: test002] 
[21:11:15.371] [24129] [ERROR] [error:157]	got error busi back: 33648fc1-05bc-462b-9e61-2d6ee7263dba, code: 1007 
[21:11:15.372] [24129] [WARN ] [error:167]	busi err back, erase task failed, cannot find cache task: 33648fc1-05bc-462b-9e61-2d6ee7263dba !  [THE user: test002] 
[21:11:15.372] [24981] [ERROR] [error:157]	got error busi back: 95245d68-fd4c-483d-b3c7-2d882ca58cf2, code: 1007 
[21:11:15.372] [24981] [WARN ] [error:167]	busi err back, erase task failed, cannot find cache task: 95245d68-fd4c-483d-b3c7-2d882ca58cf2 !  [THE user: test002] 
[21:11:15.373] [24129] [ERROR] [error:157]	got error busi back: c26a6e9d-f463-4e64-9f3b-5987bd3db2b4, code: 1007 
[21:11:15.373] [24129] [WARN ] [error:167]	busi err back, erase task failed, cannot find cache task: c26a6e9d-f463-4e64-9f3b-5987bd3db2b4 !  [THE user: test002] 
[21:11:15.374] [24981] [ERROR] [error:157]	got error busi back: 8f454822-9ff1-4832-936d-f5f18b7a1794, code: 1007 
[21:11:15.374] [24981] [WARN ] [error:167]	busi err back, erase task failed, cannot find cache task: 8f454822-9ff1-4832-936d-f5f18b7a1794 !  [THE user: test002] 
[21:11:15.378] [24129] [ERROR] [error:157]	got error busi back: 49a58aaa-25b0-4fca-a8de-c92e820c7f76, code: 1007 
[21:11:15.378] [24129] [WARN ] [error:167]	busi err back, erase task failed, cannot find cache task: 49a58aaa-25b0-4fca-a8de-c92e820c7f76 !  [THE user: test002] 
[21:11:15.379] [24981] [ERROR] [error:157]	got error busi back: ba2e85c8-66a8-4d19-96ad-e6130bdcaee3, code: 1007 
[21:11:15.379] [24981] [WARN ] [error:167]	busi err back, erase task failed, cannot find cache task: ba2e85c8-66a8-4d19-96ad-e6130bdcaee3 !  [THE user: test002] 
[21:11:15.380] [24129] [ERROR] [error:157]	got error busi back: 2d44763a-8c0b-4c77-aca3-116b0a1ff6d6, code: 1007 
[21:11:15.381] [24129] [WARN ] [error:167]	busi err back, erase task failed, cannot find cache task: 2d44763a-8c0b-4c77-aca3-116b0a1ff6d6 !  [THE user: test002] 
[21:11:15.381] [24981] [ERROR] [error:157]	got error busi back: 6d0f588d-3587-4c0f-848b-e7e25cd5ee6e, code: 1007 
[21:11:15.381] [24981] [WARN ] [error:167]	busi err back, erase task failed, cannot find cache task: 6d0f588d-3587-4c0f-848b-e7e25cd5ee6e !  [THE user: test002] 
[21:11:15.382] [24981] [ERROR] [error:157]	got error busi back: 83de244c-8afd-4dba-980e-33a6225f1758, code: 1007 
[21:11:15.382] [24981] [WARN ] [error:167]	busi err back, erase task failed, cannot find cache task: 83de244c-8afd-4dba-980e-33a6225f1758 !  [THE user: test002] 
[21:11:15.386] [24981] [ERROR] [error:157]	got error busi back: 9dbf285a-a03f-40a3-8bfa-4e0e1dd67a5f, code: 1007 
[21:11:15.386] [24981] [WARN ] [error:167]	busi err back, erase task failed, cannot find cache task: 9dbf285a-a03f-40a3-8bfa-4e0e1dd67a5f !  [THE user: test002] 
[21:11:15.386] [24129] [ERROR] [error:157]	got error busi back: 5869068d-deef-4451-a38b-e4fdfa95f6fd, code: 1007 
[21:11:15.386] [24129] [WARN ] [error:167]	busi err back, erase task failed, cannot find cache task: 5869068d-deef-4451-a38b-e4fdfa95f6fd !  [THE user: test002] 
[21:11:15.387] [24981] [ERROR] [error:157]	got error busi back: 8e08f04d-7524-4103-a2cb-f1f9a3dea32b, code: 1007 
[21:11:15.387] [24981] [WARN ] [error:167]	busi err back, erase task failed, cannot find cache task: 8e08f04d-7524-4103-a2cb-f1f9a3dea32b !  [THE user: test002] 
[21:11:15.388] [24981] [ERROR] [error:157]	got error busi back: 9de0e187-15df-4d46-aa65-c2610c58276a, code: 1007 
[21:11:15.388] [24981] [WARN ] [error:167]	busi err back, erase task failed, cannot find cache task: 9de0e187-15df-4d46-aa65-c2610c58276a !  [THE user: test002] 
[21:11:15.389] [24129] [ERROR] [error:157]	got error busi back: 42b7caf6-2a39-44e0-a876-aefd5aa615d3, code: 1007 
[21:11:15.389] [24129] [WARN ] [error:167]	busi err back, erase task failed, cannot find cache task: 42b7caf6-2a39-44e0-a876-aefd5aa615d3 !  [THE user: test002] 
[21:11:15.389] [24981] [ERROR] [error:157]	got error busi back: 2a4eeb2b-4b51-4ad7-924c-0a77ae6c0ec3, code: 1007 
[21:11:15.389] [24981] [WARN ] [error:167]	busi err back, erase task failed, cannot find cache task: 2a4eeb2b-4b51-4ad7-924c-0a77ae6c0ec3 !  [THE user: test002] 
[21:11:15.390] [24129] [ERROR] [error:157]	got error busi back: b27ddd39-fbba-49f3-8b87-39da6885e97a, code: 1007 
[21:11:15.390] [24129] [WARN ] [error:167]	busi err back, erase task failed, cannot find cache task: b27ddd39-fbba-49f3-8b87-39da6885e97a !  [THE user: test002] 
[21:11:15.391] [24981] [ERROR] [error:157]	got error busi back: f636fb47-049a-484a-82c5-9a1a7300714e, code: 1007 
[21:11:15.391] [24981] [WARN ] [error:167]	busi err back, erase task failed, cannot find cache task: f636fb47-049a-484a-82c5-9a1a7300714e !  [THE user: test002] 
[21:11:15.392] [24129] [ERROR] [error:157]	got error busi back: 1dd11f04-bd31-4972-a438-a067f3397e1c, code: 1007 
[21:11:15.392] [24129] [WARN ] [error:167]	busi err back, erase task failed, cannot find cache task: 1dd11f04-bd31-4972-a438-a067f3397e1c !  [THE user: test002] 
[21:11:15.393] [24981] [ERROR] [error:157]	got error busi back: 0ba474d0-cdff-4704-be89-de8bfa6d0660, code: 1007 
[21:11:15.393] [24981] [WARN ] [error:167]	busi err back, erase task failed, cannot find cache task: 0ba474d0-cdff-4704-be89-de8bfa6d0660 !  [THE user: test002] 
[21:11:15.393] [24129] [ERROR] [error:157]	got error busi back: d7536181-06d5-46e3-8ab3-7aa81f87d8ec, code: 1007 
[21:11:15.393] [24129] [WARN ] [error:167]	busi err back, erase task failed, cannot find cache task: d7536181-06d5-46e3-8ab3-7aa81f87d8ec !  [THE user: test002] 
[21:11:15.394] [24981] [ERROR] [error:157]	got error busi back: e4b5dbc3-fe34-4359-b5e8-f60940dfa5fc, code: 1007 
[21:11:15.394] [24981] [WARN ] [error:167]	busi err back, erase task failed, cannot find cache task: e4b5dbc3-fe34-4359-b5e8-f60940dfa5fc !  [THE user: test002] 
[21:11:15.395] [24129] [ERROR] [error:157]	got error busi back: a772d16c-4917-4ddf-a1b1-99cfe42f775f, code: 1007 
[21:11:15.395] [24129] [WARN ] [error:167]	busi err back, erase task failed, cannot find cache task: a772d16c-4917-4ddf-a1b1-99cfe42f775f !  [THE user: test002] 
[21:11:15.397] [24981] [ERROR] [error:157]	got error busi back: 92891320-97ab-47fc-992a-9d2fd7b65242, code: 1007 
[21:11:15.397] [24981] [WARN ] [error:167]	busi err back, erase task failed, cannot find cache task: 92891320-97ab-47fc-992a-9d2fd7b65242 !  [THE user: test002] 
[21:11:15.398] [24129] [ERROR] [error:157]	got error busi back: ed50b285-b3cb-49fb-ae30-f1625a098b9d, code: 1007 
[21:11:15.398] [24129] [WARN ] [error:167]	busi err back, erase task failed, cannot find cache task: ed50b285-b3cb-49fb-ae30-f1625a098b9d !  [THE user: test002] 
[21:11:15.399] [24981] [ERROR] [error:157]	got error busi back: 8ee4b779-0ee5-4b12-bca7-77c15dcce3f8, code: 1007 
[21:11:15.399] [24981] [WARN ] [error:167]	busi err back, erase task failed, cannot find cache task: 8ee4b779-0ee5-4b12-bca7-77c15dcce3f8 !  [THE user: test002] 
[21:11:15.399] [24129] [ERROR] [error:157]	got error busi back: 41b9519b-b3a8-405d-b154-6e54b74ab142, code: 1007 
[21:11:15.399] [24129] [WARN ] [error:167]	busi err back, erase task failed, cannot find cache task: 41b9519b-b3a8-405d-b154-6e54b74ab142 !  [THE user: test002] 
[21:11:15.400] [24981] [ERROR] [error:157]	got error busi back: 9fa4bbf2-6051-4165-89c2-d9f75ae2ff4a, code: 1007 
[21:11:15.400] [24981] [WARN ] [error:167]	busi err back, erase task failed, cannot find cache task: 9fa4bbf2-6051-4165-89c2-d9f75ae2ff4a !  [THE user: test002] 
[21:11:15.401] [24129] [ERROR] [error:157]	got error busi back: beb4f556-e2b2-473b-ad4e-7cb90d19264e, code: 1007 
[21:11:15.401] [24129] [WARN ] [error:167]	busi err back, erase task failed, cannot find cache task: beb4f556-e2b2-473b-ad4e-7cb90d19264e !  [THE user: test002] 
[21:11:15.402] [24981] [ERROR] [error:157]	got error busi back: 271c74af-7aab-496a-a77b-463b7e4fb8bb, code: 1007 
[21:11:15.402] [24981] [WARN ] [error:167]	busi err back, erase task failed, cannot find cache task: 271c74af-7aab-496a-a77b-463b7e4fb8bb !  [THE user: test002] 
[21:11:15.402] [24129] [ERROR] [error:157]	got error busi back: 3c02e17f-a864-4caa-a13e-ee06ac0e15dd, code: 1007 
[21:11:15.402] [24129] [WARN ] [error:167]	busi err back, erase task failed, cannot find cache task: 3c02e17f-a864-4caa-a13e-ee06ac0e15dd !  [THE user: test002] 
[21:11:15.403] [24981] [ERROR] [error:157]	got error busi back: 6245b327-a3e6-4bbb-a181-32050320e61c, code: 1007 
[21:11:15.403] [24981] [WARN ] [error:167]	busi err back, erase task failed, cannot find cache task: 6245b327-a3e6-4bbb-a181-32050320e61c !  [THE user: test002] 
[21:11:15.404] [24129] [ERROR] [error:157]	got error busi back: 0b274db1-ad78-4436-9d6a-045a7160f8b3, code: 1007 
[21:11:15.404] [24129] [WARN ] [error:167]	busi err back, erase task failed, cannot find cache task: 0b274db1-ad78-4436-9d6a-045a7160f8b3 !  [THE user: test002] 
[21:11:15.405] [24981] [ERROR] [error:157]	got error busi back: 381c1f4e-8d47-470d-b8a3-dcbf9cc7c20d, code: 1007 
[21:11:15.405] [24981] [WARN ] [error:167]	busi err back, erase task failed, cannot find cache task: 381c1f4e-8d47-470d-b8a3-dcbf9cc7c20d !  [THE user: test002] 
[21:11:15.407] [24129] [ERROR] [error:157]	got error busi back: 380313a5-a579-497a-adef-342d369b1f6c, code: 1007 
[21:11:15.407] [24129] [WARN ] [error:167]	busi err back, erase task failed, cannot find cache task: 380313a5-a579-497a-adef-342d369b1f6c !  [THE user: test002] 
[21:11:15.408] [24981] [ERROR] [error:157]	got error busi back: abf60ef9-c1d6-4c4b-a00e-f5712ec2f9ee, code: 1007 
[21:11:15.408] [24981] [WARN ] [error:167]	busi err back, erase task failed, cannot find cache task: abf60ef9-c1d6-4c4b-a00e-f5712ec2f9ee !  [THE user: test002] 
[21:11:15.409] [24129] [ERROR] [error:157]	got error busi back: 0fc27d5d-fa67-4ad7-a095-6cd5db5a8983, code: 1007 
[21:11:15.409] [24129] [WARN ] [error:167]	busi err back, erase task failed, cannot find cache task: 0fc27d5d-fa67-4ad7-a095-6cd5db5a8983 !  [THE user: test002] 
[21:11:15.410] [24981] [ERROR] [error:157]	got error busi back: 066dae0f-57c9-47e6-9d91-82faab6fce87, code: 1007 
[21:11:15.410] [24981] [WARN ] [error:167]	busi err back, erase task failed, cannot find cache task: 066dae0f-57c9-47e6-9d91-82faab6fce87 !  [THE user: test002] 
[21:11:15.410] [24129] [ERROR] [error:157]	got error busi back: 4746932a-587d-4cc5-b4b7-f055c5afcb8d, code: 1007 
[21:11:15.410] [24129] [WARN ] [error:167]	busi err back, erase task failed, cannot find cache task: 4746932a-587d-4cc5-b4b7-f055c5afcb8d !  [THE user: test002] 
[21:11:15.411] [24981] [ERROR] [error:157]	got error busi back: eb528cfa-de5e-479b-9569-9b5c9421ab0e, code: 1007 
[21:11:15.411] [24981] [WARN ] [error:167]	busi err back, erase task failed, cannot find cache task: eb528cfa-de5e-479b-9569-9b5c9421ab0e !  [THE user: test002] 
[21:11:15.412] [24129] [ERROR] [error:157]	got error busi back: fd832db8-43ea-4b1b-a539-b12b8e0a26b2, code: 1007 
[21:11:15.412] [24129] [WARN ] [error:167]	busi err back, erase task failed, cannot find cache task: fd832db8-43ea-4b1b-a539-b12b8e0a26b2 !  [THE user: test002] 
[21:11:15.414] [24981] [ERROR] [error:157]	got error busi back: bdec3121-4da9-4f8b-bf2f-29c83c50f20f, code: 1007 
[21:11:15.414] [24981] [WARN ] [error:167]	busi err back, erase task failed, cannot find cache task: bdec3121-4da9-4f8b-bf2f-29c83c50f20f !  [THE user: test002] 
[21:11:15.414] [24129] [ERROR] [error:157]	got error busi back: d0eb1923-ea1a-4eb9-8f4b-e06974e2c121, code: 1007 
[21:11:15.414] [24129] [WARN ] [error:167]	busi err back, erase task failed, cannot find cache task: d0eb1923-ea1a-4eb9-8f4b-e06974e2c121 !  [THE user: test002] 
[21:11:15.416] [24981] [ERROR] [error:157]	got error busi back: 009780c6-6d02-47fa-96a0-8134830eac09, code: 1007 
[21:11:15.416] [24981] [WARN ] [error:167]	busi err back, erase task failed, cannot find cache task: 009780c6-6d02-47fa-96a0-8134830eac09 !  [THE user: test002] 
[21:11:15.417] [24129] [ERROR] [error:157]	got error busi back: 3a8cf853-dda7-4185-bce6-008fdaadc812, code: 1007 
[21:11:15.417] [24129] [WARN ] [error:167]	busi err back, erase task failed, cannot find cache task: 3a8cf853-dda7-4185-bce6-008fdaadc812 !  [THE user: test002] 
[21:11:15.417] [24981] [ERROR] [error:157]	got error busi back: a365a4fd-8e80-4013-a510-ffd8e4d62337, code: 1007 
[21:11:15.417] [24981] [WARN ] [error:167]	busi err back, erase task failed, cannot find cache task: a365a4fd-8e80-4013-a510-ffd8e4d62337 !  [THE user: test002] 
[21:11:15.418] [24129] [ERROR] [error:157]	got error busi back: 5c033499-96fe-4184-908e-c4c3ccddb7f2, code: 1007 
[21:11:15.418] [24129] [WARN ] [error:167]	busi err back, erase task failed, cannot find cache task: 5c033499-96fe-4184-908e-c4c3ccddb7f2 !  [THE user: test002] 
[21:11:15.419] [24981] [ERROR] [error:157]	got error busi back: a55da028-a50a-4b3a-a446-0c3000763c58, code: 1007 
[21:11:15.419] [24981] [WARN ] [error:167]	busi err back, erase task failed, cannot find cache task: a55da028-a50a-4b3a-a446-0c3000763c58 !  [THE user: test002] 
[21:11:15.419] [24129] [ERROR] [error:157]	got error busi back: a40d7f45-6ee2-4516-a9c4-4cc4396a6f23, code: 1007 
[21:11:15.419] [24129] [WARN ] [error:167]	busi err back, erase task failed, cannot find cache task: a40d7f45-6ee2-4516-a9c4-4cc4396a6f23 !  [THE user: test002] 
[21:11:15.420] [24981] [ERROR] [error:157]	got error busi back: 9422eb77-529d-464b-8b1e-4d3b6c127c1e, code: 1007 
[21:11:15.420] [24981] [WARN ] [error:167]	busi err back, erase task failed, cannot find cache task: 9422eb77-529d-464b-8b1e-4d3b6c127c1e !  [THE user: test002] 
[21:11:15.421] [24129] [ERROR] [error:157]	got error busi back: cfafa9d9-98eb-4153-a444-d05885d77a7e, code: 1007 
[21:11:15.421] [24129] [WARN ] [error:167]	busi err back, erase task failed, cannot find cache task: cfafa9d9-98eb-4153-a444-d05885d77a7e !  [THE user: test002] 
[21:11:15.421] [24981] [ERROR] [error:157]	got error busi back: 0b5a7c51-3b3c-44f6-931a-fd3c92228b4d, code: 1007 
[21:11:15.421] [24981] [WARN ] [error:167]	busi err back, erase task failed, cannot find cache task: 0b5a7c51-3b3c-44f6-931a-fd3c92228b4d !  [THE user: test002] 
[21:11:15.422] [24129] [ERROR] [error:157]	got error busi back: 2fb03d04-5969-4e51-a9a5-1013570d4e96, code: 1007 
[21:11:15.422] [24129] [WARN ] [error:167]	busi err back, erase task failed, cannot find cache task: 2fb03d04-5969-4e51-a9a5-1013570d4e96 !  [THE user: test002] 
[21:11:15.423] [24981] [ERROR] [error:157]	got error busi back: ef8723d7-cfed-4bf0-81d3-ca877bcb30c5, code: 1007 
[21:11:15.423] [24981] [WARN ] [error:167]	busi err back, erase task failed, cannot find cache task: ef8723d7-cfed-4bf0-81d3-ca877bcb30c5 !  [THE user: test002] 
[21:11:15.423] [24129] [ERROR] [error:157]	got error busi back: 9b0bd926-30b9-4cff-a38e-3912a2b2d7e5, code: 1007 
[21:11:15.423] [24129] [WARN ] [error:167]	busi err back, erase task failed, cannot find cache task: 9b0bd926-30b9-4cff-a38e-3912a2b2d7e5 !  [THE user: test002] 
[21:11:15.424] [24981] [ERROR] [error:157]	got error busi back: 530214a2-36ad-42a2-bc77-7e5414da6fbc, code: 1007 
[21:11:15.424] [24981] [WARN ] [error:167]	busi err back, erase task failed, cannot find cache task: 530214a2-36ad-42a2-bc77-7e5414da6fbc !  [THE user: test002] 
[21:11:15.425] [24129] [ERROR] [error:157]	got error busi back: 62a08a61-df17-43a9-a9d4-07ccc578b247, code: 1007 
[21:11:15.425] [24129] [WARN ] [error:167]	busi err back, erase task failed, cannot find cache task: 62a08a61-df17-43a9-a9d4-07ccc578b247 !  [THE user: test002] 
[21:11:15.425] [24981] [ERROR] [error:157]	got error busi back: 1ab57e02-6120-4c4f-bddf-944534a94114, code: 1007 
[21:11:15.425] [24981] [WARN ] [error:167]	busi err back, erase task failed, cannot find cache task: 1ab57e02-6120-4c4f-bddf-944534a94114 !  [THE user: test002] 
[21:11:15.426] [24129] [ERROR] [error:157]	got error busi back: 6a144e81-09b4-459d-a610-cc81d35c86d9, code: 1007 
[21:11:15.426] [24129] [WARN ] [error:167]	busi err back, erase task failed, cannot find cache task: 6a144e81-09b4-459d-a610-cc81d35c86d9 !  [THE user: test002] 
[21:11:15.427] [24981] [ERROR] [error:157]	got error busi back: fee9a8f3-2f8f-44b3-aaa5-675e8ab9c416, code: 1007 
[21:11:15.427] [24981] [WARN ] [error:167]	busi err back, erase task failed, cannot find cache task: fee9a8f3-2f8f-44b3-aaa5-675e8ab9c416 !  [THE user: test002] 
[21:11:15.428] [24129] [ERROR] [error:157]	got error busi back: 5cee884a-3490-42c3-80f2-255e0bb109ba, code: 1007 
[21:11:15.428] [24129] [WARN ] [error:167]	busi err back, erase task failed, cannot find cache task: 5cee884a-3490-42c3-80f2-255e0bb109ba !  [THE user: test002] 
[21:11:15.428] [24981] [ERROR] [error:157]	got error busi back: 1de4aa7a-7575-4468-a863-a4cfa1748b3b, code: 1007 
[21:11:15.429] [24981] [WARN ] [error:167]	busi err back, erase task failed, cannot find cache task: 1de4aa7a-7575-4468-a863-a4cfa1748b3b !  [THE user: test002] 
[21:11:15.429] [24129] [ERROR] [error:157]	got error busi back: 1bf8e25a-40f7-4684-b438-049503a2e2f2, code: 1007 
[21:11:15.429] [24129] [WARN ] [error:167]	busi err back, erase task failed, cannot find cache task: 1bf8e25a-40f7-4684-b438-049503a2e2f2 !  [THE user: test002] 
[21:11:15.432] [24981] [ERROR] [error:157]	got error busi back: 48ebf017-366e-49ac-85c9-b2cc8dd5ac35, code: 1007 
[21:11:15.432] [24981] [WARN ] [error:167]	busi err back, erase task failed, cannot find cache task: 48ebf017-366e-49ac-85c9-b2cc8dd5ac35 !  [THE user: test002] 
[21:11:15.433] [24129] [ERROR] [error:157]	got error busi back: e1d65fe1-fb64-4a7f-8f75-947e4ff14ba9, code: 1007 
[21:11:15.433] [24129] [WARN ] [error:167]	busi err back, erase task failed, cannot find cache task: e1d65fe1-fb64-4a7f-8f75-947e4ff14ba9 !  [THE user: test002] 
[21:11:15.437] [24981] [ERROR] [error:157]	got error busi back: b736587d-9a3f-46a5-b380-5d2001483bf7, code: 1007 
[21:11:15.437] [24981] [WARN ] [error:167]	busi err back, erase task failed, cannot find cache task: b736587d-9a3f-46a5-b380-5d2001483bf7 !  [THE user: test002] 
[21:11:15.439] [24129] [ERROR] [error:157]	got error busi back: ba5cfd98-b4b1-4718-9a90-258209a9c66a, code: 1007 
[21:11:15.439] [24129] [WARN ] [error:167]	busi err back, erase task failed, cannot find cache task: ba5cfd98-b4b1-4718-9a90-258209a9c66a !  [THE user: test002] 
[21:11:15.440] [24981] [ERROR] [error:157]	got error busi back: c1ab7512-1dc5-4405-a03b-665806cff089, code: 1007 
[21:11:15.440] [24981] [WARN ] [error:167]	busi err back, erase task failed, cannot find cache task: c1ab7512-1dc5-4405-a03b-665806cff089 !  [THE user: test002] 
[21:11:15.441] [24129] [ERROR] [error:157]	got error busi back: de33332f-f150-460f-b54b-b4382702962b, code: 1007 
[21:11:15.441] [24129] [WARN ] [error:167]	busi err back, erase task failed, cannot find cache task: de33332f-f150-460f-b54b-b4382702962b !  [THE user: test002] 
[21:11:15.441] [24981] [ERROR] [error:157]	got error busi back: 63e9c1cd-a216-481c-9e7a-0a79baa80309, code: 1007 
[21:11:15.441] [24981] [WARN ] [error:167]	busi err back, erase task failed, cannot find cache task: 63e9c1cd-a216-481c-9e7a-0a79baa80309 !  [THE user: test002] 
[21:11:15.442] [24129] [ERROR] [error:157]	got error busi back: 87ecbcc9-0078-4424-85ba-cab8fc129925, code: 1007 
[21:11:15.442] [24129] [WARN ] [error:167]	busi err back, erase task failed, cannot find cache task: 87ecbcc9-0078-4424-85ba-cab8fc129925 !  [THE user: test002] 
[21:11:15.445] [24981] [ERROR] [error:157]	got error busi back: 173011d6-e6a5-4649-ab96-72a124fbbdeb, code: 1007 
[21:11:15.445] [24981] [WARN ] [error:167]	busi err back, erase task failed, cannot find cache task: 173011d6-e6a5-4649-ab96-72a124fbbdeb !  [THE user: test002] 
[21:11:15.450] [24129] [ERROR] [error:157]	got error busi back: b3d6ae82-4cf0-4383-a02c-c9907dde6f01, code: 1007 
[21:11:15.450] [24129] [WARN ] [error:167]	busi err back, erase task failed, cannot find cache task: b3d6ae82-4cf0-4383-a02c-c9907dde6f01 !  [THE user: test002] 
[21:11:15.451] [24981] [ERROR] [error:157]	got error busi back: 6b48d12c-9bce-4d39-8f4b-579d8c2c9f99, code: 1007 
[21:11:15.451] [24981] [WARN ] [error:167]	busi err back, erase task failed, cannot find cache task: 6b48d12c-9bce-4d39-8f4b-579d8c2c9f99 !  [THE user: test002] 
[21:11:15.452] [24129] [ERROR] [error:157]	got error busi back: be07150e-4c93-47c1-8175-7e0c91853a3c, code: 1007 
[21:11:15.452] [24129] [WARN ] [error:167]	busi err back, erase task failed, cannot find cache task: be07150e-4c93-47c1-8175-7e0c91853a3c !  [THE user: test002] 
[21:11:15.453] [24981] [ERROR] [error:157]	got error busi back: 96666928-c04d-45c9-85c9-6b19be086f34, code: 1007 
[21:11:15.453] [24981] [WARN ] [error:167]	busi err back, erase task failed, cannot find cache task: 96666928-c04d-45c9-85c9-6b19be086f34 !  [THE user: test002] 
[21:11:15.453] [24129] [ERROR] [error:157]	got error busi back: f6fe5ead-a888-4798-8bda-72cb0469a3e3, code: 1007 
[21:11:15.453] [24129] [WARN ] [error:167]	busi err back, erase task failed, cannot find cache task: f6fe5ead-a888-4798-8bda-72cb0469a3e3 !  [THE user: test002] 
[21:11:15.454] [24981] [ERROR] [error:157]	got error busi back: c4c4c43a-da51-485b-a295-e124b6f7c9c0, code: 1007 
[21:11:15.454] [24981] [WARN ] [error:167]	busi err back, erase task failed, cannot find cache task: c4c4c43a-da51-485b-a295-e124b6f7c9c0 !  [THE user: test002] 
[21:11:15.455] [24129] [ERROR] [error:157]	got error busi back: 22b8a274-1540-41c2-820b-6fc9d68dc4ff, code: 1007 
[21:11:15.455] [24129] [WARN ] [error:167]	busi err back, erase task failed, cannot find cache task: 22b8a274-1540-41c2-820b-6fc9d68dc4ff !  [THE user: test002] 
[21:11:15.455] [24981] [ERROR] [error:157]	got error busi back: 304fd448-1e49-4323-9d1d-fae31bf28613, code: 1007 
[21:11:15.455] [24981] [WARN ] [error:167]	busi err back, erase task failed, cannot find cache task: 304fd448-1e49-4323-9d1d-fae31bf28613 !  [THE user: test002] 
[21:11:15.456] [24129] [ERROR] [error:157]	got error busi back: abc74ac9-df0d-4c93-9e4f-6170ab9d8b07, code: 1007 
[21:11:15.456] [24129] [WARN ] [error:167]	busi err back, erase task failed, cannot find cache task: abc74ac9-df0d-4c93-9e4f-6170ab9d8b07 !  [THE user: test002] 
[21:11:15.457] [24981] [ERROR] [error:157]	got error busi back: 0ba17f57-c0cd-4bb0-8f53-f8e0c58b5916, code: 1007 
[21:11:15.457] [24981] [WARN ] [error:167]	busi err back, erase task failed, cannot find cache task: 0ba17f57-c0cd-4bb0-8f53-f8e0c58b5916 !  [THE user: test002] 
[21:11:15.458] [24129] [ERROR] [error:157]	got error busi back: f0bd9773-8835-4282-a3a5-3f2410355921, code: 1007 
[21:11:15.458] [24129] [WARN ] [error:167]	busi err back, erase task failed, cannot find cache task: f0bd9773-8835-4282-a3a5-3f2410355921 !  [THE user: test002] 
[21:11:15.461] [24981] [ERROR] [error:157]	got error busi back: f75aa62d-36f6-4864-bf77-dcb7f47f271a, code: 1007 
[21:11:15.461] [24981] [WARN ] [error:167]	busi err back, erase task failed, cannot find cache task: f75aa62d-36f6-4864-bf77-dcb7f47f271a !  [THE user: test002] 
[21:11:15.461] [24129] [ERROR] [error:157]	got error busi back: 1c3dca27-578a-4ac7-b32d-c0eec5de10f7, code: 1007 
[21:11:15.461] [24129] [WARN ] [error:167]	busi err back, erase task failed, cannot find cache task: 1c3dca27-578a-4ac7-b32d-c0eec5de10f7 !  [THE user: test002] 
[21:11:15.462] [24981] [ERROR] [error:157]	got error busi back: 308037b6-4eff-4249-a707-abbabcabb8a8, code: 1007 
[21:11:15.462] [24981] [WARN ] [error:167]	busi err back, erase task failed, cannot find cache task: 308037b6-4eff-4249-a707-abbabcabb8a8 !  [THE user: test002] 
[21:11:15.463] [24129] [ERROR] [error:157]	got error busi back: aef17056-e04f-475d-8cc0-35f5e5e0a38a, code: 1007 
[21:11:15.463] [24129] [WARN ] [error:167]	busi err back, erase task failed, cannot find cache task: aef17056-e04f-475d-8cc0-35f5e5e0a38a !  [THE user: test002] 
[21:11:15.465] [24981] [ERROR] [error:157]	got error busi back: 689cc0f7-e07a-4045-9cf3-a572a0a2cf2d, code: 1007 
[21:11:15.465] [24981] [WARN ] [error:167]	busi err back, erase task failed, cannot find cache task: 689cc0f7-e07a-4045-9cf3-a572a0a2cf2d !  [THE user: test002] 
[21:11:15.466] [24129] [ERROR] [error:157]	got error busi back: cce2d537-9666-4c4a-bd61-eaedcfeae2fa, code: 1007 
[21:11:15.466] [24129] [WARN ] [error:167]	busi err back, erase task failed, cannot find cache task: cce2d537-9666-4c4a-bd61-eaedcfeae2fa !  [THE user: test002] 
[21:11:15.466] [24981] [ERROR] [error:157]	got error busi back: 5ca7f8b8-d777-432f-aad6-167ed28ab465, code: 1007 
[21:11:15.466] [24981] [WARN ] [error:167]	busi err back, erase task failed, cannot find cache task: 5ca7f8b8-d777-432f-aad6-167ed28ab465 !  [THE user: test002] 
[21:11:15.468] [24129] [ERROR] [error:157]	got error busi back: b3e1a1a9-ce92-43cc-bd21-5b6923f662da, code: 1007 
[21:11:15.468] [24129] [WARN ] [error:167]	busi err back, erase task failed, cannot find cache task: b3e1a1a9-ce92-43cc-bd21-5b6923f662da !  [THE user: test002] 
[21:11:15.470] [24129] [ERROR] [error:157]	got error busi back: 6d8a7d89-8207-4b06-85e9-a8a674b4c369, code: 1007 
[21:11:15.470] [24129] [WARN ] [error:167]	busi err back, erase task failed, cannot find cache task: 6d8a7d89-8207-4b06-85e9-a8a674b4c369 !  [THE user: test002] 
[21:11:15.471] [24981] [ERROR] [error:157]	got error busi back: d72d3e2d-e106-488d-9300-843d0ba09797, code: 1007 
[21:11:15.471] [24981] [WARN ] [error:167]	busi err back, erase task failed, cannot find cache task: d72d3e2d-e106-488d-9300-843d0ba09797 !  [THE user: test002] 
[21:11:15.481] [24129] [ERROR] [error:157]	got error busi back: ec09b78a-5817-4a0a-9f13-4b2f4c499a8a, code: 1007 
[21:11:15.481] [24129] [WARN ] [error:167]	busi err back, erase task failed, cannot find cache task: ec09b78a-5817-4a0a-9f13-4b2f4c499a8a !  [THE user: test002] 
[21:11:15.481] [24981] [ERROR] [error:157]	got error busi back: f85d1727-d96a-4976-854b-1ab08775f2d5, code: 1007 
[21:11:15.481] [24981] [WARN ] [error:167]	busi err back, erase task failed, cannot find cache task: f85d1727-d96a-4976-854b-1ab08775f2d5 !  [THE user: test002] 
[21:11:15.482] [24129] [ERROR] [error:157]	got error busi back: bba82edb-cbbf-4f51-8d74-0017f5470cec, code: 1007 
[21:11:15.482] [24129] [WARN ] [error:167]	busi err back, erase task failed, cannot find cache task: bba82edb-cbbf-4f51-8d74-0017f5470cec !  [THE user: test002] 
[21:11:15.483] [24981] [ERROR] [error:157]	got error busi back: 85b7c90c-05b6-43e0-8e25-9affa9dc86e1, code: 1007 
[21:11:15.483] [24981] [WARN ] [error:167]	busi err back, erase task failed, cannot find cache task: 85b7c90c-05b6-43e0-8e25-9affa9dc86e1 !  [THE user: test002] 
[21:11:15.489] [24129] [ERROR] [error:157]	got error busi back: a2dcad77-2bf0-43f9-8b6b-69938d88de07, code: 1007 
[21:11:15.489] [24129] [WARN ] [error:167]	busi err back, erase task failed, cannot find cache task: a2dcad77-2bf0-43f9-8b6b-69938d88de07 !  [THE user: test002] 
[21:11:15.489] [24981] [ERROR] [error:157]	got error busi back: 76aa7cb0-66b8-4675-891f-bd33aeb6a156, code: 1007 
[21:11:15.489] [24981] [WARN ] [error:167]	busi err back, erase task failed, cannot find cache task: 76aa7cb0-66b8-4675-891f-bd33aeb6a156 !  [THE user: test002] 
[21:11:15.492] [24129] [ERROR] [error:157]	got error busi back: 60031659-e9ce-4092-8d4b-945df6385041, code: 1007 
[21:11:15.492] [24129] [WARN ] [error:167]	busi err back, erase task failed, cannot find cache task: 60031659-e9ce-4092-8d4b-945df6385041 !  [THE user: test002] 
[21:11:15.493] [24981] [ERROR] [error:157]	got error busi back: 78c96a59-23f6-406c-a18d-b328bcbb1553, code: 1007 
[21:11:15.493] [24981] [WARN ] [error:167]	busi err back, erase task failed, cannot find cache task: 78c96a59-23f6-406c-a18d-b328bcbb1553 !  [THE user: test002] 
[21:11:15.499] [24129] [ERROR] [error:157]	got error busi back: 014f8a36-3cfa-4605-b133-9ea0c8471e3c, code: 1007 
[21:11:15.499] [24129] [WARN ] [error:167]	busi err back, erase task failed, cannot find cache task: 014f8a36-3cfa-4605-b133-9ea0c8471e3c !  [THE user: test002] 
[21:11:15.500] [24981] [ERROR] [error:157]	got error busi back: 4452d012-3425-499d-9f1f-fea0f036972f, code: 1007 
[21:11:15.500] [24981] [WARN ] [error:167]	busi err back, erase task failed, cannot find cache task: 4452d012-3425-499d-9f1f-fea0f036972f !  [THE user: test002] 
[21:11:15.501] [24129] [ERROR] [error:157]	got error busi back: fac8b126-b5c5-48cc-ae86-d65090cc96ff, code: 1007 
[21:11:15.501] [24129] [WARN ] [error:167]	busi err back, erase task failed, cannot find cache task: fac8b126-b5c5-48cc-ae86-d65090cc96ff !  [THE user: test002] 
[21:11:15.501] [24981] [ERROR] [error:157]	got error busi back: 86da3dca-64da-4567-89da-e5704d0a340f, code: 1007 
[21:11:15.501] [24981] [WARN ] [error:167]	busi err back, erase task failed, cannot find cache task: 86da3dca-64da-4567-89da-e5704d0a340f !  [THE user: test002] 
[21:11:15.502] [24129] [ERROR] [error:157]	got error busi back: 8bc627af-c0f9-48e2-adc1-f07bcbbd73e2, code: 1007 
[21:11:15.502] [24129] [WARN ] [error:167]	busi err back, erase task failed, cannot find cache task: 8bc627af-c0f9-48e2-adc1-f07bcbbd73e2 !  [THE user: test002] 
[21:11:15.503] [24981] [ERROR] [error:157]	got error busi back: 958ac688-65c7-4e25-8b28-0d5635e0b5c9, code: 1007 
[21:11:15.503] [24981] [WARN ] [error:167]	busi err back, erase task failed, cannot find cache task: 958ac688-65c7-4e25-8b28-0d5635e0b5c9 !  [THE user: test002] 
[21:11:15.504] [24129] [ERROR] [error:157]	got error busi back: 9f8391e2-ef8e-482a-995a-0b996dda2e84, code: 1007 
[21:11:15.504] [24129] [WARN ] [error:167]	busi err back, erase task failed, cannot find cache task: 9f8391e2-ef8e-482a-995a-0b996dda2e84 !  [THE user: test002] 
[21:11:15.505] [24981] [ERROR] [error:157]	got error busi back: 2a349257-a1df-4144-96d9-9c2b48a9cfbb, code: 1007 
[21:11:15.505] [24981] [WARN ] [error:167]	busi err back, erase task failed, cannot find cache task: 2a349257-a1df-4144-96d9-9c2b48a9cfbb !  [THE user: test002] 
[21:11:15.506] [24129] [ERROR] [error:157]	got error busi back: 6bc6e471-460d-4462-b399-c50b4999deec, code: 1007 
[21:11:15.506] [24129] [WARN ] [error:167]	busi err back, erase task failed, cannot find cache task: 6bc6e471-460d-4462-b399-c50b4999deec !  [THE user: test002] 
[21:11:15.506] [24981] [ERROR] [error:157]	got error busi back: f031ba9f-953d-46c1-a90b-0d3f37f592fe, code: 1007 
[21:11:15.506] [24981] [WARN ] [error:167]	busi err back, erase task failed, cannot find cache task: f031ba9f-953d-46c1-a90b-0d3f37f592fe !  [THE user: test002] 
[21:11:15.507] [24129] [ERROR] [error:157]	got error busi back: 58cea923-c463-4925-89b5-c6c11ba48a1f, code: 1007 
[21:11:15.507] [24129] [WARN ] [error:167]	busi err back, erase task failed, cannot find cache task: 58cea923-c463-4925-89b5-c6c11ba48a1f !  [THE user: test002] 
[21:11:15.513] [24981] [ERROR] [error:157]	got error busi back: 555aca47-f487-4de9-a1eb-49d63fd1ddae, code: 1007 
[21:11:15.513] [24981] [WARN ] [error:167]	busi err back, erase task failed, cannot find cache task: 555aca47-f487-4de9-a1eb-49d63fd1ddae !  [THE user: test002] 
[21:11:15.514] [24129] [ERROR] [error:157]	got error busi back: 686a9478-a170-4b41-8c06-d766ef53eeac, code: 1007 
[21:11:15.514] [24129] [WARN ] [error:167]	busi err back, erase task failed, cannot find cache task: 686a9478-a170-4b41-8c06-d766ef53eeac !  [THE user: test002] 
[21:11:15.516] [24981] [ERROR] [error:157]	got error busi back: 36b912d7-f69d-41a6-959b-37a4ce51cfb8, code: 1007 
[21:11:15.516] [24981] [WARN ] [error:167]	busi err back, erase task failed, cannot find cache task: 36b912d7-f69d-41a6-959b-37a4ce51cfb8 !  [THE user: test002] 
[21:11:15.519] [24129] [ERROR] [error:157]	got error busi back: 2eed4c3a-4719-40ae-902d-2fe2f2856a0e, code: 1007 
[21:11:15.519] [24129] [WARN ] [error:167]	busi err back, erase task failed, cannot find cache task: 2eed4c3a-4719-40ae-902d-2fe2f2856a0e !  [THE user: test002] 
[21:11:15.520] [24981] [ERROR] [error:157]	got error busi back: 473752f3-098c-4068-9855-687f848c5d56, code: 1007 
[21:11:15.520] [24981] [WARN ] [error:167]	busi err back, erase task failed, cannot find cache task: 473752f3-098c-4068-9855-687f848c5d56 !  [THE user: test002] 
[21:11:15.521] [24129] [ERROR] [error:157]	got error busi back: ca817047-ec8e-4df1-add4-87a8b5c13f0a, code: 1007 
[21:11:15.521] [24129] [WARN ] [error:167]	busi err back, erase task failed, cannot find cache task: ca817047-ec8e-4df1-add4-87a8b5c13f0a !  [THE user: test002] 
[21:11:15.523] [24981] [ERROR] [error:157]	got error busi back: 98e6ec7d-d58a-47cc-86d0-27f8ed9de93b, code: 1007 
[21:11:15.523] [24981] [WARN ] [error:167]	busi err back, erase task failed, cannot find cache task: 98e6ec7d-d58a-47cc-86d0-27f8ed9de93b !  [THE user: test002] 
[21:11:15.526] [24129] [ERROR] [error:157]	got error busi back: ee787abe-ca40-4071-8366-3218a156aadc, code: 1007 
[21:11:15.526] [24129] [WARN ] [error:167]	busi err back, erase task failed, cannot find cache task: ee787abe-ca40-4071-8366-3218a156aadc !  [THE user: test002] 
[21:11:15.526] [24981] [ERROR] [error:157]	got error busi back: bf26f160-f08d-4f2c-b512-54b2213e07cb, code: 1007 
[21:11:15.526] [24981] [WARN ] [error:167]	busi err back, erase task failed, cannot find cache task: bf26f160-f08d-4f2c-b512-54b2213e07cb !  [THE user: test002] 
[21:11:15.527] [24129] [ERROR] [error:157]	got error busi back: 393c59c8-12d3-4be5-8e99-0f82104db993, code: 1007 
[21:11:15.527] [24129] [WARN ] [error:167]	busi err back, erase task failed, cannot find cache task: 393c59c8-12d3-4be5-8e99-0f82104db993 !  [THE user: test002] 
[21:11:15.528] [24981] [ERROR] [error:157]	got error busi back: 599f2e9a-460e-4745-a431-63f1a9318e75, code: 1007 
[21:11:15.528] [24981] [WARN ] [error:167]	busi err back, erase task failed, cannot find cache task: 599f2e9a-460e-4745-a431-63f1a9318e75 !  [THE user: test002] 
[21:11:15.529] [24129] [ERROR] [error:157]	got error busi back: b5564c12-1b7b-46a3-a977-fa0a1d942301, code: 1007 
[21:11:15.529] [24129] [WARN ] [error:167]	busi err back, erase task failed, cannot find cache task: b5564c12-1b7b-46a3-a977-fa0a1d942301 !  [THE user: test002] 
[21:11:15.530] [24981] [ERROR] [error:157]	got error busi back: 582c419c-984b-4485-9828-158279f48abf, code: 1007 
[21:11:15.530] [24981] [WARN ] [error:167]	busi err back, erase task failed, cannot find cache task: 582c419c-984b-4485-9828-158279f48abf !  [THE user: test002] 
[21:11:15.533] [24129] [ERROR] [error:157]	got error busi back: a425cfa9-5ac1-4607-874c-0534d8196fb6, code: 1007 
[21:11:15.533] [24129] [WARN ] [error:167]	busi err back, erase task failed, cannot find cache task: a425cfa9-5ac1-4607-874c-0534d8196fb6 !  [THE user: test002] 
[21:11:15.534] [24981] [ERROR] [error:157]	got error busi back: 30fb6c4f-a217-4600-aee1-a2fe64f7b6e3, code: 1007 
[21:11:15.534] [24981] [WARN ] [error:167]	busi err back, erase task failed, cannot find cache task: 30fb6c4f-a217-4600-aee1-a2fe64f7b6e3 !  [THE user: test002] 
[21:11:15.540] [24129] [ERROR] [error:157]	got error busi back: 5edb3deb-5679-45c4-af8e-7a766763231d, code: 1007 
[21:11:15.541] [24129] [WARN ] [error:167]	busi err back, erase task failed, cannot find cache task: 5edb3deb-5679-45c4-af8e-7a766763231d !  [THE user: test002] 
[21:11:15.541] [24981] [ERROR] [error:157]	got error busi back: 5d70b785-3500-47ed-b56b-4c1d9e417963, code: 1007 
[21:11:15.541] [24981] [WARN ] [error:167]	busi err back, erase task failed, cannot find cache task: 5d70b785-3500-47ed-b56b-4c1d9e417963 !  [THE user: test002] 
[21:11:15.542] [24129] [ERROR] [error:157]	got error busi back: 3ada60a2-5749-403e-841b-bc77eb9210b4, code: 1007 
[21:11:15.542] [24129] [WARN ] [error:167]	busi err back, erase task failed, cannot find cache task: 3ada60a2-5749-403e-841b-bc77eb9210b4 !  [THE user: test002] 
[21:11:15.564] [24981] [ERROR] [error:157]	got error busi back: b401c28f-0245-4588-a007-e4c2ff9b1f59, code: 1007 
[21:11:15.564] [24981] [WARN ] [error:167]	busi err back, erase task failed, cannot find cache task: b401c28f-0245-4588-a007-e4c2ff9b1f59 !  [THE user: test002] 
[21:11:15.565] [24129] [ERROR] [error:157]	got error busi back: 908007e8-a282-4bb3-9c3b-3b1417e19f3c, code: 1007 
[21:11:15.565] [24129] [WARN ] [error:167]	busi err back, erase task failed, cannot find cache task: 908007e8-a282-4bb3-9c3b-3b1417e19f3c !  [THE user: test002] 
[21:11:15.566] [24981] [ERROR] [error:157]	got error busi back: 9dd1ff6a-a60b-4df2-a61d-65539632b682, code: 1007 
[21:11:15.566] [24981] [WARN ] [error:167]	busi err back, erase task failed, cannot find cache task: 9dd1ff6a-a60b-4df2-a61d-65539632b682 !  [THE user: test002] 
[21:11:15.567] [24129] [ERROR] [error:157]	got error busi back: 9fc12229-f29d-4108-9481-3cfec4a74dc6, code: 1007 
[21:11:15.567] [24129] [WARN ] [error:167]	busi err back, erase task failed, cannot find cache task: 9fc12229-f29d-4108-9481-3cfec4a74dc6 !  [THE user: test002] 
[21:11:15.568] [24981] [ERROR] [error:157]	got error busi back: a926fc2b-504d-4761-b0bf-47e08060e938, code: 1007 
[21:11:15.568] [24981] [WARN ] [error:167]	busi err back, erase task failed, cannot find cache task: a926fc2b-504d-4761-b0bf-47e08060e938 !  [THE user: test002] 
[21:11:15.569] [24129] [ERROR] [error:157]	got error busi back: 1b876f2e-f80e-4b81-a157-ec88dc9ec586, code: 1007 
[21:11:15.569] [24129] [WARN ] [error:167]	busi err back, erase task failed, cannot find cache task: 1b876f2e-f80e-4b81-a157-ec88dc9ec586 !  [THE user: test002] 
[21:11:15.571] [24981] [ERROR] [error:157]	got error busi back: f8356e45-e93f-4bff-93d7-0a4e67497d16, code: 1007 
[21:11:15.571] [24981] [WARN ] [error:167]	busi err back, erase task failed, cannot find cache task: f8356e45-e93f-4bff-93d7-0a4e67497d16 !  [THE user: test002] 
[21:11:15.578] [24129] [ERROR] [error:157]	got error busi back: dcfc4a71-57b6-4fc2-89f0-9bcfa8f96f80, code: 1007 
[21:11:15.578] [24129] [WARN ] [error:167]	busi err back, erase task failed, cannot find cache task: dcfc4a71-57b6-4fc2-89f0-9bcfa8f96f80 !  [THE user: test002] 
[21:11:15.580] [24981] [ERROR] [error:157]	got error busi back: 92f857d5-3ff9-40a3-a8b9-0f489ef7cbec, code: 1007 
[21:11:15.580] [24981] [WARN ] [error:167]	busi err back, erase task failed, cannot find cache task: 92f857d5-3ff9-40a3-a8b9-0f489ef7cbec !  [THE user: test002] 
[21:11:15.581] [24129] [ERROR] [error:157]	got error busi back: 5a52949b-4c9e-4d4f-9371-195de7f401af, code: 1007 
[21:11:15.581] [24129] [WARN ] [error:167]	busi err back, erase task failed, cannot find cache task: 5a52949b-4c9e-4d4f-9371-195de7f401af !  [THE user: test002] 
[21:11:15.583] [24981] [ERROR] [error:157]	got error busi back: fc67ed26-d42c-4e76-86bf-b0c6a847a656, code: 1007 
[21:11:15.583] [24981] [WARN ] [error:167]	busi err back, erase task failed, cannot find cache task: fc67ed26-d42c-4e76-86bf-b0c6a847a656 !  [THE user: test002] 
[21:11:15.584] [24129] [ERROR] [error:157]	got error busi back: 0250274b-8c5c-4187-b4c7-7accdb6ef9b5, code: 1007 
[21:11:15.584] [24129] [WARN ] [error:167]	busi err back, erase task failed, cannot find cache task: 0250274b-8c5c-4187-b4c7-7accdb6ef9b5 !  [THE user: test002] 
[21:11:15.598] [24981] [ERROR] [error:157]	got error busi back: 18891c90-06df-4a9c-89ae-92b665d10bb8, code: 1007 
[21:11:15.598] [24981] [WARN ] [error:167]	busi err back, erase task failed, cannot find cache task: 18891c90-06df-4a9c-89ae-92b665d10bb8 !  [THE user: test002] 
[21:11:15.617] [24129] [ERROR] [error:157]	got error busi back: 1ab9f45b-f471-443f-81e6-0ec479c7f99b, code: 1007 
[21:11:15.617] [24129] [WARN ] [error:167]	busi err back, erase task failed, cannot find cache task: 1ab9f45b-f471-443f-81e6-0ec479c7f99b !  [THE user: test002] 
[21:11:15.618] [24981] [ERROR] [error:157]	got error busi back: b024c036-6002-45f4-b4e2-ef5e7cb0c551, code: 1007 
[21:11:15.619] [24981] [WARN ] [error:167]	busi err back, erase task failed, cannot find cache task: b024c036-6002-45f4-b4e2-ef5e7cb0c551 !  [THE user: test002] 
[21:11:15.625] [24129] [ERROR] [error:157]	got error busi back: 01b56457-8ee6-4073-ad63-4914acfc7441, code: 1007 
[21:11:15.625] [24129] [WARN ] [error:167]	busi err back, erase task failed, cannot find cache task: 01b56457-8ee6-4073-ad63-4914acfc7441 !  [THE user: test002] 
[21:11:15.628] [24981] [ERROR] [error:157]	got error busi back: 9631dc4a-24ee-4b0a-8354-e69a59c55095, code: 1007 
[21:11:15.628] [24981] [WARN ] [error:167]	busi err back, erase task failed, cannot find cache task: 9631dc4a-24ee-4b0a-8354-e69a59c55095 !  [THE user: test002] 
[21:11:15.629] [24129] [ERROR] [error:157]	got error busi back: bd01086b-abfc-4789-81df-853a6d51fd11, code: 1007 
[21:11:15.629] [24129] [WARN ] [error:167]	busi err back, erase task failed, cannot find cache task: bd01086b-abfc-4789-81df-853a6d51fd11 !  [THE user: test002] 
[21:11:15.630] [24981] [ERROR] [error:157]	got error busi back: 50d808e7-6f1e-47bb-9044-acfe80ff4a1a, code: 1007 
[21:11:15.630] [24981] [WARN ] [error:167]	busi err back, erase task failed, cannot find cache task: 50d808e7-6f1e-47bb-9044-acfe80ff4a1a !  [THE user: test002] 
[21:11:15.630] [24129] [ERROR] [error:157]	got error busi back: aefdd0f8-7a84-478b-a078-492d939b6861, code: 1007 
[21:11:15.630] [24129] [WARN ] [error:167]	busi err back, erase task failed, cannot find cache task: aefdd0f8-7a84-478b-a078-492d939b6861 !  [THE user: test002] 
[21:11:15.631] [24981] [ERROR] [error:157]	got error busi back: 89e9abf3-5838-491c-a431-222cf74f0d51, code: 1007 
[21:11:15.631] [24981] [WARN ] [error:167]	busi err back, erase task failed, cannot find cache task: 89e9abf3-5838-491c-a431-222cf74f0d51 !  [THE user: test002] 
[21:11:15.632] [24129] [ERROR] [error:157]	got error busi back: 6f9f51a0-3781-4757-89b6-f7d65e5ca6e4, code: 1007 
[21:11:15.632] [24129] [WARN ] [error:167]	busi err back, erase task failed, cannot find cache task: 6f9f51a0-3781-4757-89b6-f7d65e5ca6e4 !  [THE user: test002] 
[21:11:15.633] [24129] [ERROR] [error:157]	got error busi back: e0926d4c-04a5-4fe0-9767-9d7b38f72ea9, code: 1007 
[21:11:15.633] [24129] [WARN ] [error:167]	busi err back, erase task failed, cannot find cache task: e0926d4c-04a5-4fe0-9767-9d7b38f72ea9 !  [THE user: test002] 
[21:11:15.634] [24129] [ERROR] [error:157]	got error busi back: 25a999ea-a65c-4ce6-9c0d-46732b600512, code: 1007 
[21:11:15.634] [24129] [WARN ] [error:167]	busi err back, erase task failed, cannot find cache task: 25a999ea-a65c-4ce6-9c0d-46732b600512 !  [THE user: test002] 
[21:11:15.635] [24129] [ERROR] [error:157]	got error busi back: f37321e6-9570-4fdd-a784-5ccaad10df8c, code: 1007 
[21:11:15.635] [24129] [WARN ] [error:167]	busi err back, erase task failed, cannot find cache task: f37321e6-9570-4fdd-a784-5ccaad10df8c !  [THE user: test002] 
[21:11:15.636] [24129] [ERROR] [error:157]	got error busi back: 4b50570a-be66-44c4-aac1-da4e815bde45, code: 1007 
[21:11:15.636] [24129] [WARN ] [error:167]	busi err back, erase task failed, cannot find cache task: 4b50570a-be66-44c4-aac1-da4e815bde45 !  [THE user: test002] 
[21:11:15.637] [24981] [ERROR] [error:157]	got error busi back: 47e65463-a686-401c-8faf-a2ee65631864, code: 1007 
[21:11:15.637] [24981] [WARN ] [error:167]	busi err back, erase task failed, cannot find cache task: 47e65463-a686-401c-8faf-a2ee65631864 !  [THE user: test002] 
[21:11:15.638] [24129] [ERROR] [error:157]	got error busi back: 5d7771d1-b917-492d-91d7-385b02ec5ff3, code: 1007 
[21:11:15.638] [24129] [WARN ] [error:167]	busi err back, erase task failed, cannot find cache task: 5d7771d1-b917-492d-91d7-385b02ec5ff3 !  [THE user: test002] 
[21:11:15.639] [24981] [ERROR] [error:157]	got error busi back: 69a0cd54-4406-4490-8e42-f88fdf7c17c6, code: 1007 
[21:11:15.639] [24981] [WARN ] [error:167]	busi err back, erase task failed, cannot find cache task: 69a0cd54-4406-4490-8e42-f88fdf7c17c6 !  [THE user: test002] 
[21:11:15.640] [24129] [ERROR] [error:157]	got error busi back: c842ed3a-3257-47ba-8afc-33a3f33a7fbc, code: 1007 
[21:11:15.640] [24129] [WARN ] [error:167]	busi err back, erase task failed, cannot find cache task: c842ed3a-3257-47ba-8afc-33a3f33a7fbc !  [THE user: test002] 
[21:11:15.642] [24981] [ERROR] [error:157]	got error busi back: 7ef04e3a-19b9-44e8-8df3-e7a8bc3d729b, code: 1007 
[21:11:15.642] [24981] [WARN ] [error:167]	busi err back, erase task failed, cannot find cache task: 7ef04e3a-19b9-44e8-8df3-e7a8bc3d729b !  [THE user: test002] 
[21:11:15.644] [24129] [ERROR] [error:157]	got error busi back: a16205d9-bf07-40fb-915e-088e71002bef, code: 1007 
[21:11:15.644] [24129] [WARN ] [error:167]	busi err back, erase task failed, cannot find cache task: a16205d9-bf07-40fb-915e-088e71002bef !  [THE user: test002] 
[21:11:15.645] [24981] [ERROR] [error:157]	got error busi back: df02463e-efd5-4d64-99aa-e09ff4662ef5, code: 1007 
[21:11:15.645] [24981] [WARN ] [error:167]	busi err back, erase task failed, cannot find cache task: df02463e-efd5-4d64-99aa-e09ff4662ef5 !  [THE user: test002] 
[21:11:15.648] [24129] [ERROR] [error:157]	got error busi back: 800321b7-549d-470c-beae-cd9ff9f5ea44, code: 1007 
[21:11:15.648] [24129] [WARN ] [error:167]	busi err back, erase task failed, cannot find cache task: 800321b7-549d-470c-beae-cd9ff9f5ea44 !  [THE user: test002] 
[21:11:15.650] [24981] [ERROR] [error:157]	got error busi back: 7a483a1f-4744-4320-a4c2-759295b8e764, code: 1007 
[21:11:15.650] [24981] [WARN ] [error:167]	busi err back, erase task failed, cannot find cache task: 7a483a1f-4744-4320-a4c2-759295b8e764 !  [THE user: test002] 
[21:11:15.651] [24129] [ERROR] [error:157]	got error busi back: 74d4c184-06af-40af-86b0-87b89c1ef06a, code: 1007 
[21:11:15.651] [24129] [WARN ] [error:167]	busi err back, erase task failed, cannot find cache task: 74d4c184-06af-40af-86b0-87b89c1ef06a !  [THE user: test002] 
[21:11:15.652] [24981] [ERROR] [error:157]	got error busi back: 4f18142c-e7a4-42a1-b937-024d2646e0b1, code: 1007 
[21:11:15.652] [24981] [WARN ] [error:167]	busi err back, erase task failed, cannot find cache task: 4f18142c-e7a4-42a1-b937-024d2646e0b1 !  [THE user: test002] 
[21:11:15.653] [24129] [ERROR] [error:157]	got error busi back: 0192924d-03b9-4d45-924f-5a6290458f6d, code: 1007 
[21:11:15.653] [24129] [WARN ] [error:167]	busi err back, erase task failed, cannot find cache task: 0192924d-03b9-4d45-924f-5a6290458f6d !  [THE user: test002] 
[21:11:15.653] [24981] [ERROR] [error:157]	got error busi back: cbb492ee-60fb-4c02-a46d-62bf1e7bab7f, code: 1007 
[21:11:15.653] [24981] [WARN ] [error:167]	busi err back, erase task failed, cannot find cache task: cbb492ee-60fb-4c02-a46d-62bf1e7bab7f !  [THE user: test002] 
[21:11:15.654] [24129] [ERROR] [error:157]	got error busi back: e234999b-691b-4ccc-8f54-ba8faf199c5c, code: 1007 
[21:11:15.654] [24129] [WARN ] [error:167]	busi err back, erase task failed, cannot find cache task: e234999b-691b-4ccc-8f54-ba8faf199c5c !  [THE user: test002] 
[21:11:15.666] [24981] [ERROR] [error:157]	got error busi back: 086228cf-a771-4300-97ec-8376681ea113, code: 1007 
[21:11:15.666] [24981] [WARN ] [error:167]	busi err back, erase task failed, cannot find cache task: 086228cf-a771-4300-97ec-8376681ea113 !  [THE user: test002] 
[21:11:15.667] [24129] [ERROR] [error:157]	got error busi back: 667e5d9d-d354-4264-9a63-7a87ee0e3c7e, code: 1007 
[21:11:15.667] [24129] [WARN ] [error:167]	busi err back, erase task failed, cannot find cache task: 667e5d9d-d354-4264-9a63-7a87ee0e3c7e !  [THE user: test002] 
[21:11:15.667] [24981] [ERROR] [error:157]	got error busi back: 7b3f64f7-8ffe-43ce-bea4-08f8ebcf622a, code: 1007 
[21:11:15.667] [24981] [WARN ] [error:167]	busi err back, erase task failed, cannot find cache task: 7b3f64f7-8ffe-43ce-bea4-08f8ebcf622a !  [THE user: test002] 
[21:11:15.668] [24129] [ERROR] [error:157]	got error busi back: 0221a111-6f5e-44cc-9109-6c0f238c58ab, code: 1007 
[21:11:15.668] [24129] [WARN ] [error:167]	busi err back, erase task failed, cannot find cache task: 0221a111-6f5e-44cc-9109-6c0f238c58ab !  [THE user: test002] 
[21:11:15.669] [24981] [ERROR] [error:157]	got error busi back: 45c99d67-e5fc-4625-b254-2269e8158f54, code: 1007 
[21:11:15.669] [24981] [WARN ] [error:167]	busi err back, erase task failed, cannot find cache task: 45c99d67-e5fc-4625-b254-2269e8158f54 !  [THE user: test002] 
[21:11:15.671] [24129] [ERROR] [error:157]	got error busi back: 845c529d-5a42-4e83-bc9a-05ba5784cd6d, code: 1007 
[21:11:15.671] [24129] [WARN ] [error:167]	busi err back, erase task failed, cannot find cache task: 845c529d-5a42-4e83-bc9a-05ba5784cd6d !  [THE user: test002] 
[21:11:15.671] [24981] [ERROR] [error:157]	got error busi back: 628887d4-d4bb-4961-8265-fe23128f4c8a, code: 1007 
[21:11:15.671] [24981] [WARN ] [error:167]	busi err back, erase task failed, cannot find cache task: 628887d4-d4bb-4961-8265-fe23128f4c8a !  [THE user: test002] 
[21:11:15.672] [24129] [ERROR] [error:157]	got error busi back: 21e200d2-1cc1-4c01-913f-f0cc962bca13, code: 1007 
[21:11:15.672] [24129] [WARN ] [error:167]	busi err back, erase task failed, cannot find cache task: 21e200d2-1cc1-4c01-913f-f0cc962bca13 !  [THE user: test002] 
[21:11:15.672] [24981] [ERROR] [error:157]	got error busi back: 98eabb51-e29f-4fb1-a715-339c34f7d7ff, code: 1007 
[21:11:15.672] [24981] [WARN ] [error:167]	busi err back, erase task failed, cannot find cache task: 98eabb51-e29f-4fb1-a715-339c34f7d7ff !  [THE user: test002] 
[21:11:15.674] [24129] [ERROR] [error:157]	got error busi back: a8a7fb41-6eca-4f2a-ae5f-59e6983d5f83, code: 1007 
[21:11:15.674] [24129] [WARN ] [error:167]	busi err back, erase task failed, cannot find cache task: a8a7fb41-6eca-4f2a-ae5f-59e6983d5f83 !  [THE user: test002] 
[21:11:15.675] [24981] [ERROR] [error:157]	got error busi back: 16ae256b-7d7b-436e-bf61-7184e8b47fa5, code: 1007 
[21:11:15.675] [24981] [WARN ] [error:167]	busi err back, erase task failed, cannot find cache task: 16ae256b-7d7b-436e-bf61-7184e8b47fa5 !  [THE user: test002] 
[21:11:19.184] [23092] [WARN ] [~MpcMemPool:48]	the mempool is freed! 
