[12:20:14.438] [21213] [INFO ] [JNI_OnLoad:24]	jvm onload success ! 
[12:20:14.439] [21213] [INFO ] [init:111]	JniNativeCallback init ok. 
[12:20:14.439] [21213] [INFO ] [init:108]	to init engine, user: test002, mode: 0, proxyEndpoint: ProxyGlacier2/router:tcp -h 202.114.114.46 -p 4502 -t 11000 
[12:20:14.439] [21213] [WARN ] [init:130]	Cannot find the --Mpc.Data=xxxxx config item ! 
[12:20:14.439] [21213] [INFO ] [init:156]	Not start node server ! use proxy forward ! 
[12:20:14.439] [21213] [INFO ] [MpcTaskDispatcher:43]	construct task dispatcher, with 3 processor, load balence is: 6000 
[12:20:14.440] [21213] [INFO ] [init:60]	INIT the processor: 0 ok 
[12:20:14.440] [21213] [INFO ] [init:60]	INIT the processor: 1 ok 
[12:20:14.440] [21214] [INFO ] [operator():51]	task processor: 0 is running... 
[12:20:14.440] [21215] [INFO ] [operator():51]	task processor: 1 is running... 
[12:20:14.440] [21213] [INFO ] [init:60]	INIT the processor: 2 ok 
[12:20:14.440] [21215] [DEBUG] [popReadyTask:166]	to POP a ready task from ready queue to processor, now read_num: 0 ... 
[12:20:14.440] [21213] [INFO ] [init:177]	INIT task dispatcher done ! 
[12:20:14.440] [21214] [DEBUG] [popReadyTask:166]	to POP a ready task from ready queue to processor, now read_num: 0 ... 
[12:20:14.440] [21216] [INFO ] [operator():51]	task processor: 2 is running... 
[12:20:14.440] [21213] [INFO ] [init:40]	connect to busi proxy server endpoint: ProxyGlacier2/router:tcp -h 202.114.114.46 -p 4502 -t 11000 
[12:20:14.440] [21216] [DEBUG] [popReadyTask:166]	to POP a ready task from ready queue to processor, now read_num: 0 ... 
[12:20:14.453] [21221] [INFO ] [connected:34]	to get session... 
[12:20:14.453] [21221] [INFO ] [connected:38]	to get create busi node callback... 
[12:20:14.453] [21221] [INFO ] [connected:45]	to set node callback... 
[12:20:14.456] [21221] [WARN ] [connected:54]	the busi session create success. 
[12:20:14.947] [21213] [INFO ] [init:69]	waiting for node busi client inited ... timeout 1s.. 
[12:20:14.948] [21213] [INFO ] [init:74]	the busi node communicator is prepared !!!! 
[12:20:14.948] [21213] [INFO ] [init:86]	INIT busi node client success. user: test002, proxyEndpoint: ProxyGlacier2/router:tcp -h 202.114.114.46 -p 4502 -t 11000 
[12:20:14.948] [21213] [INFO ] [init:187]	INIT busi node client done ! 
[12:20:14.948] [21213] [INFO ] [init:48]	ready process init ok. max request queue size: 3 
[12:20:14.948] [21213] [INFO ] [init:202]	Mpc engine init success. 
[12:20:14.948] [21280] [DEBUG] [popCommitTask:110]	to POP a commit task, task size: 0  ... 
[12:20:14.949] [21213] [INFO ] [Java_com_juzix_jugo_node_jni_NativeInterface_setDataLogLevel:155]	init the log to level: 3, data log state: 0 
[12:20:14.953] [21213] [ERROR] [Java_com_juzix_jugo_node_jni_NativeInterface_startTask:135]	commit a invite task to engine ok ! 
[12:20:20.425] [21220] [WARN ] [allReady:153]	busi allReady callback done,  task: c9b4f7a0-a0fa-4a32-b5e8-3cc82347b3a5, user: test002, ready: 2 !  
[12:20:40.824] [21215] [WARN ] [processMpcBusi:237]	task processor cannot remove request task: c9b4f7a0-a0fa-4a32-b5e8-3cc82347b3a5 ! 
[12:20:40.824] [21215] [WARN ] [processTask:130]	processor a MPC task: c9b4f7a0-a0fa-4a32-b5e8-3cc82347b3a5 Failed ! 
[12:21:49.425] [29150] [ERROR] [Java_com_juzix_jugo_node_jni_NativeInterface_startTask:135]	commit a invite task to engine ok ! 
[12:21:49.430] [29151] [WARN ] [allReady:153]	busi allReady callback done,  task: 3e16f45d-c508-462d-947a-cf9c28597c39, user: test002, ready: 2 !  
[12:22:09.385] [21214] [WARN ] [processMpcBusi:237]	task processor cannot remove request task: 3e16f45d-c508-462d-947a-cf9c28597c39 ! 
[12:22:09.385] [21214] [WARN ] [processTask:130]	processor a MPC task: 3e16f45d-c508-462d-947a-cf9c28597c39 Failed ! 
[12:22:37.969] [1375 ] [ERROR] [Java_com_juzix_jugo_node_jni_NativeInterface_startTask:135]	commit a invite task to engine ok ! 
[12:22:37.976] [29151] [WARN ] [allReady:153]	busi allReady callback done,  task: e0963449-f196-4f16-bb09-0b4aeceeb136, user: test002, ready: 2 !  
[12:22:58.129] [21216] [WARN ] [processMpcBusi:237]	task processor cannot remove request task: e0963449-f196-4f16-bb09-0b4aeceeb136 ! 
[12:22:58.129] [21216] [WARN ] [processTask:130]	processor a MPC task: e0963449-f196-4f16-bb09-0b4aeceeb136 Failed ! 
[12:23:31.446] [21704] [ERROR] [Java_com_juzix_jugo_node_jni_NativeInterface_startTask:135]	commit a invite task to engine ok ! 
[12:23:31.451] [29151] [WARN ] [allReady:153]	busi allReady callback done,  task: 9408c63f-61a4-490e-a96b-63c1022e8ff5, user: test002, ready: 2 !  
[12:23:47.222] [21215] [WARN ] [processMpcBusi:237]	task processor cannot remove request task: 9408c63f-61a4-490e-a96b-63c1022e8ff5 ! 
[12:23:47.222] [21215] [WARN ] [processTask:130]	processor a MPC task: 9408c63f-61a4-490e-a96b-63c1022e8ff5 Failed ! 
