[17:34:24.315] [28438] [INFO ] [JNI_OnLoad:24]	jvm onload success ! 
[17:34:24.315] [28438] [INFO ] [init:111]	JniNativeCallback init ok. 
[17:34:24.316] [28438] [INFO ] [init:108]	to init engine, user: test002, mode: 0, proxyEndpoint: ProxyGlacier2/router:tcp -h 202.114.114.46 -p 4502 -t 11000 
[17:34:24.316] [28438] [WARN ] [init:130]	Cannot find the --Mpc.Data=xxxxx config item ! 
[17:34:24.316] [28438] [INFO ] [init:156]	Not start node server ! use proxy forward ! 
[17:34:24.316] [28438] [INFO ] [MpcTaskDispatcher:43]	construct task dispatcher, with 3 processor, load balence is: 6000 
[17:34:24.316] [28438] [INFO ] [init:60]	INIT the processor: 0 ok 
[17:34:24.316] [28438] [INFO ] [init:60]	INIT the processor: 1 ok 
[17:34:24.316] [28438] [INFO ] [init:60]	INIT the processor: 2 ok 
[17:34:24.316] [28440] [INFO ] [operator():51]	task processor: 1 is running... 
[17:34:24.316] [28438] [INFO ] [init:177]	INIT task dispatcher done ! 
[17:34:24.316] [28439] [INFO ] [operator():51]	task processor: 0 is running... 
[17:34:24.316] [28439] [DEBUG] [popReadyTask:166]	to POP a ready task from ready queue to processor, now read_num: 0 ... 
[17:34:24.316] [28441] [INFO ] [operator():51]	task processor: 2 is running... 
[17:34:24.316] [28440] [DEBUG] [popReadyTask:166]	to POP a ready task from ready queue to processor, now read_num: 0 ... 
[17:34:24.316] [28438] [INFO ] [init:40]	connect to busi proxy server endpoint: ProxyGlacier2/router:tcp -h 202.114.114.46 -p 4502 -t 11000 
[17:34:24.316] [28441] [DEBUG] [popReadyTask:166]	to POP a ready task from ready queue to processor, now read_num: 0 ... 
[17:34:24.328] [28447] [INFO ] [connected:34]	to get session... 
[17:34:24.328] [28447] [INFO ] [connected:38]	to get create busi node callback... 
[17:34:24.328] [28447] [INFO ] [connected:45]	to set node callback... 
[17:34:24.330] [28447] [WARN ] [connected:54]	the busi session create success. 
[17:34:24.823] [28438] [INFO ] [init:69]	waiting for node busi client inited ... timeout 1s.. 
[17:34:24.823] [28438] [INFO ] [init:74]	the busi node communicator is prepared !!!! 
[17:34:24.823] [28438] [INFO ] [init:86]	INIT busi node client success. user: test002, proxyEndpoint: ProxyGlacier2/router:tcp -h 202.114.114.46 -p 4502 -t 11000 
[17:34:24.823] [28438] [INFO ] [init:187]	INIT busi node client done ! 
[17:34:24.823] [28438] [INFO ] [init:48]	ready process init ok. max request queue size: 3 
[17:34:24.823] [28438] [INFO ] [init:202]	Mpc engine init success. 
[17:34:24.823] [28482] [DEBUG] [popCommitTask:110]	to POP a commit task, task size: 0  ... 
[17:34:24.824] [28438] [INFO ] [Java_com_juzix_jugo_node_jni_NativeInterface_setDataLogLevel:155]	init the log to level: 3, data log state: 0 
[17:34:24.828] [28438] [ERROR] [Java_com_juzix_jugo_node_jni_NativeInterface_startTask:135]	commit a invite task to engine ok ! 
[17:34:30.285] [28446] [WARN ] [allReady:153]	busi allReady callback done,  task: 2ac5c70b-c496-4491-8405-0857e76e1393, user: test002, ready: 2 !  
[17:34:51.441] [28439] [WARN ] [processMpcBusi:237]	task processor cannot remove request task: 2ac5c70b-c496-4491-8405-0857e76e1393 ! 
[17:34:51.441] [28439] [WARN ] [processTask:130]	processor a MPC task: 2ac5c70b-c496-4491-8405-0857e76e1393 Failed ! 
[17:35:14.938] [481  ] [ERROR] [Java_com_juzix_jugo_node_jni_NativeInterface_startTask:135]	commit a invite task to engine ok ! 
[17:35:14.943] [28445] [WARN ] [allReady:153]	busi allReady callback done,  task: 35918f83-5b22-4a84-a4f8-a9e818908e4d, user: test002, ready: 2 !  
[17:35:36.043] [28440] [WARN ] [processMpcBusi:237]	task processor cannot remove request task: 35918f83-5b22-4a84-a4f8-a9e818908e4d ! 
[17:35:36.043] [28440] [WARN ] [processTask:130]	processor a MPC task: 35918f83-5b22-4a84-a4f8-a9e818908e4d Failed ! 
[17:36:04.963] [5592 ] [ERROR] [Java_com_juzix_jugo_node_jni_NativeInterface_startTask:135]	commit a invite task to engine ok ! 
[17:36:04.968] [28446] [WARN ] [allReady:153]	busi allReady callback done,  task: 667897b2-b515-4930-b057-274e862148c0, user: test002, ready: 2 !  
[17:36:22.457] [28441] [WARN ] [processMpcBusi:237]	task processor cannot remove request task: 667897b2-b515-4930-b057-274e862148c0 ! 
[17:36:22.457] [28441] [WARN ] [processTask:130]	processor a MPC task: 667897b2-b515-4930-b057-274e862148c0 Failed ! 
