[20:20:06.116] [24018] [INFO ] [JNI_OnLoad:24]	jvm onload success ! 
[20:20:06.117] [24018] [INFO ] [init:111]	JniNativeCallback init ok. 
[20:20:06.117] [24018] [INFO ] [init:108]	to init engine, user: test002, mode: 0, proxyEndpoint: ProxyGlacier2/router:tcp -h 202.114.114.46 -p 4502 -t 11000 
[20:20:06.117] [24018] [WARN ] [init:130]	Cannot find the --Mpc.Data=xxxxx config item ! 
[20:20:06.117] [24018] [INFO ] [init:156]	Not start node server ! use proxy forward ! 
[20:20:06.117] [24018] [INFO ] [MpcTaskDispatcher:43]	construct task dispatcher, with 3 processor, load balence is: 6000 
[20:20:06.117] [24018] [INFO ] [init:60]	INIT the processor: 0 ok 
[20:20:06.117] [24029] [INFO ] [operator():51]	task processor: 0 is running... 
[20:20:06.117] [24018] [INFO ] [init:60]	INIT the processor: 1 ok 
[20:20:06.117] [24030] [INFO ] [operator():51]	task processor: 1 is running... 
[20:20:06.117] [24031] [INFO ] [operator():51]	task processor: 2 is running... 
[20:20:06.117] [24018] [INFO ] [init:60]	INIT the processor: 2 ok 
[20:20:06.117] [24029] [DEBUG] [popReadyTask:166]	to POP a ready task from ready queue to processor, now read_num: 0 ... 
[20:20:06.117] [24030] [DEBUG] [popReadyTask:166]	to POP a ready task from ready queue to processor, now read_num: 0 ... 
[20:20:06.117] [24031] [DEBUG] [popReadyTask:166]	to POP a ready task from ready queue to processor, now read_num: 0 ... 
[20:20:06.117] [24018] [INFO ] [init:177]	INIT task dispatcher done ! 
[20:20:06.118] [24018] [INFO ] [init:40]	connect to busi proxy server endpoint: ProxyGlacier2/router:tcp -h 202.114.114.46 -p 4502 -t 11000 
[20:20:06.130] [24036] [INFO ] [connected:34]	to get session... 
[20:20:06.130] [24036] [INFO ] [connected:38]	to get create busi node callback... 
[20:20:06.130] [24036] [INFO ] [connected:45]	to set node callback... 
[20:20:06.132] [24036] [WARN ] [connected:54]	the busi session create success. 
[20:20:06.625] [24018] [INFO ] [init:69]	waiting for node busi client inited ... timeout 1s.. 
[20:20:06.625] [24018] [INFO ] [init:74]	the busi node communicator is prepared !!!! 
[20:20:06.625] [24018] [INFO ] [init:86]	INIT busi node client success. user: test002, proxyEndpoint: ProxyGlacier2/router:tcp -h 202.114.114.46 -p 4502 -t 11000 
[20:20:06.625] [24018] [INFO ] [init:187]	INIT busi node client done ! 
[20:20:06.625] [24018] [INFO ] [init:48]	ready process init ok. max request queue size: 3 
[20:20:06.625] [24060] [DEBUG] [popCommitTask:110]	to POP a commit task, task size: 0  ... 
[20:20:06.625] [24018] [INFO ] [init:202]	Mpc engine init success. 
[20:20:06.626] [24018] [INFO ] [Java_com_juzix_jugo_node_jni_NativeInterface_setDataLogLevel:155]	init the log to level: 3, data log state: 0 
[20:20:06.631] [24018] [ERROR] [Java_com_juzix_jugo_node_jni_NativeInterface_startTask:135]	commit a invite task to engine ok ! 
[20:20:13.053] [24035] [WARN ] [allReady:153]	busi allReady callback done,  task: 05bebc9f-81a0-4548-86e7-5ffb59dc1c66, user: test002, ready: 2 !  
[20:20:36.031] [24029] [WARN ] [processMpcBusi:237]	task processor cannot remove request task: 05bebc9f-81a0-4548-86e7-5ffb59dc1c66 ! 
[20:20:36.031] [24029] [WARN ] [processTask:130]	processor a MPC task: 05bebc9f-81a0-4548-86e7-5ffb59dc1c66 Failed ! 
