[21:35:33.841] [9887 ] [INFO ] [JNI_OnLoad:24]	jvm onload success ! 
[21:35:33.843] [9887 ] [INFO ] [init:111]	JniNativeCallback init ok. 
[21:35:33.843] [9887 ] [INFO ] [init:136]	to init engine, user: test002, mode: 0, proxyEndpoint: ProxyGlacier2/router:tcp -h 202.114.114.46 -p 4502 -t 11000 
[21:35:33.843] [9887 ] [WARN ] [init:158]	Cannot find the --Mpc.Data=xxxxx config item ! 
[21:35:33.843] [9887 ] [INFO ] [parseCircuits:365]	** preload circuit:  /home/lmars/gc/moran103.gc 
[21:35:33.843] [9887 ] [INFO ] [init:172]	the --Mpc.Circuits=/home/lmars/gc/moran103.gc is set ! 
[21:35:35.506] [9887 ] [INFO ] [resolveCiruit:326]	** circuit resolve => circuit: /home/lmars/gc/moran103.gc , gates: 3192727, andGate: 891815, wires: 3199319, cost time: 1.662474 seconds, speed: 1920466.786982 (gc / second) ** 
[21:35:35.506] [9887 ] [INFO ] [CircuitFile:108]	circuit: /home/lmars/gc/moran103.gc,  hash: 1AB21D8355CFA17F8E61194831E81A8F22BEC8C728FEFB747ED035EB5082AA2B 
[21:35:35.506] [9887 ] [INFO ] [init:188]	preload circuits ok ! 
[21:35:35.506] [9887 ] [INFO ] [init:212]	Not start node server ! use proxy forward ! 
[21:35:35.508] [9887 ] [INFO ] [MpcTaskDispatcher:39]	construct task dispatcher, with 8 processor, load balence is: 16384 
[21:35:35.509] [9887 ] [INFO ] [init:63]	INIT the processor: 0, type: 0 ok 
[21:35:35.509] [10004] [INFO ] [operator():54]	task processor: 0 is running... 
[21:35:35.509] [9887 ] [INFO ] [init:63]	INIT the processor: 1, type: 0 ok 
[21:35:35.509] [10004] [INFO ] [popInvitorReadyTask:270]	to POP a ready task from ready invitor queue to processor, now read_num: 0 ... 
[21:35:35.509] [9887 ] [INFO ] [init:63]	INIT the processor: 2, type: 0 ok 
[21:35:35.509] [9887 ] [INFO ] [init:63]	INIT the processor: 3, type: 0 ok 
[21:35:35.509] [9887 ] [INFO ] [init:63]	INIT the processor: 4, type: 1 ok 
[21:35:35.509] [9887 ] [INFO ] [init:63]	INIT the processor: 5, type: 1 ok 
[21:35:35.509] [9887 ] [INFO ] [init:63]	INIT the processor: 6, type: 1 ok 
[21:35:35.509] [9887 ] [INFO ] [init:63]	INIT the processor: 7, type: 1 ok 
[21:35:35.509] [9887 ] [INFO ] [init:234]	INIT task dispatcher done ! 
[21:35:35.510] [10007] [INFO ] [operator():54]	task processor: 3 is running... 
[21:35:35.510] [10007] [INFO ] [popInvitorReadyTask:270]	to POP a ready task from ready invitor queue to processor, now read_num: 0 ... 
[21:35:35.510] [10009] [INFO ] [operator():54]	task processor: 5 is running... 
[21:35:35.510] [10009] [INFO ] [popInviteeReadyTask:208]	to POP a ready task from ready invitee queue to processor, now read_num: 0 ... 
[21:35:35.511] [9887 ] [INFO ] [init:64]	connect to busi proxy server endpoint: ProxyGlacier2/router:tcp -h 202.114.114.46 -p 4502 -t 11000 
[21:35:35.513] [10011] [INFO ] [operator():54]	task processor: 7 is running... 
[21:35:35.513] [10011] [INFO ] [popInviteeReadyTask:208]	to POP a ready task from ready invitee queue to processor, now read_num: 0 ... 
[21:35:35.513] [10006] [INFO ] [operator():54]	task processor: 2 is running... 
[21:35:35.513] [10006] [INFO ] [popInvitorReadyTask:270]	to POP a ready task from ready invitor queue to processor, now read_num: 0 ... 
[21:35:35.513] [10010] [INFO ] [operator():54]	task processor: 6 is running... 
[21:35:35.513] [10010] [INFO ] [popInviteeReadyTask:208]	to POP a ready task from ready invitee queue to processor, now read_num: 0 ... 
[21:35:35.513] [10005] [INFO ] [operator():54]	task processor: 1 is running... 
[21:35:35.513] [10005] [INFO ] [popInvitorReadyTask:270]	to POP a ready task from ready invitor queue to processor, now read_num: 0 ... 
[21:35:35.519] [10008] [INFO ] [operator():54]	task processor: 4 is running... 
[21:35:35.519] [10008] [INFO ] [popInviteeReadyTask:208]	to POP a ready task from ready invitee queue to processor, now read_num: 0 ... 
[21:35:35.530] [10018] [INFO ] [connected:34]	to get session... 
[21:35:35.530] [10018] [INFO ] [connected:38]	to get create busi node callback... 
[21:35:35.530] [10018] [INFO ] [connected:46]	to set node callback, public endpoint: ProxyGlacier2/router:tcp -h 202.114.114.46 -p 4502 -t 11000, user: test002 ... 
[21:35:35.536] [10018] [WARN ] [connected:55]	the busi session create success. 
[21:35:36.020] [9887 ] [INFO ] [init:69]	waiting for node busi client inited ... timeout 1s.. 
[21:35:36.020] [9887 ] [INFO ] [init:74]	the busi node communicator is prepared !!!! 
[21:35:36.020] [9887 ] [INFO ] [init:86]	INIT busi node client success. user: test002, proxyEndpoint: ProxyGlacier2/router:tcp -h 202.114.114.46 -p 4502 -t 11000 
[21:35:36.020] [9887 ] [INFO ] [init:244]	INIT busi node client done ! 
[21:35:36.020] [9887 ] [INFO ] [init:48]	input ready process init ok. 
[21:35:36.020] [9887 ] [INFO ] [init:253]	INIT input ready processor done ! 
[21:35:36.020] [9887 ] [INFO ] [init:48]	ready process init ok. max request queue size: 4 
[21:35:36.020] [9887 ] [INFO ] [init:263]	INIT ready processor done ! 
[21:35:36.020] [9887 ] [INFO ] [init:269]	Mpc engine init success. 
[21:35:36.022] [9887 ] [INFO ] [Java_com_juzix_jugo_node_jni_NativeInterface_setDataLogLevel:155]	init the log to level: 3, data log state: 0 
[21:35:36.030] [9887 ] [ERROR] [Java_com_juzix_jugo_node_jni_NativeInterface_startTask:135]	commit a invite task to engine ok ! 
[21:35:36.095] [9887 ] [ERROR] [Java_com_juzix_jugo_node_jni_NativeInterface_startTask:135]	commit a invite task to engine ok ! 
[21:35:36.103] [9887 ] [ERROR] [Java_com_juzix_jugo_node_jni_NativeInterface_startTask:135]	commit a invite task to engine ok ! 
[21:35:36.115] [9887 ] [ERROR] [Java_com_juzix_jugo_node_jni_NativeInterface_startTask:135]	commit a invite task to engine ok ! 
[21:35:36.140] [9887 ] [ERROR] [Java_com_juzix_jugo_node_jni_NativeInterface_startTask:135]	commit a invite task to engine ok ! 
[21:35:36.152] [10016] [WARN ] [MpcMemPool:42]	the mempool construction, size: 134217728, mem: 0x7f23671b1010 
[21:35:36.152] [9887 ] [ERROR] [Java_com_juzix_jugo_node_jni_NativeInterface_startTask:135]	commit a invite task to engine ok ! 
[21:35:36.162] [9887 ] [ERROR] [Java_com_juzix_jugo_node_jni_NativeInterface_startTask:135]	commit a invite task to engine ok ! 
[21:35:36.180] [9887 ] [ERROR] [Java_com_juzix_jugo_node_jni_NativeInterface_startTask:135]	commit a invite task to engine ok ! 
[21:35:36.195] [9887 ] [ERROR] [Java_com_juzix_jugo_node_jni_NativeInterface_startTask:135]	commit a invite task to engine ok ! 
[21:35:36.211] [9887 ] [ERROR] [Java_com_juzix_jugo_node_jni_NativeInterface_startTask:135]	commit a invite task to engine ok ! 
[21:35:36.219] [9887 ] [ERROR] [Java_com_juzix_jugo_node_jni_NativeInterface_startTask:135]	commit a invite task to engine ok ! 
[21:35:36.237] [9887 ] [ERROR] [Java_com_juzix_jugo_node_jni_NativeInterface_startTask:135]	commit a invite task to engine ok ! 
[21:35:36.265] [9887 ] [ERROR] [Java_com_juzix_jugo_node_jni_NativeInterface_startTask:135]	commit a invite task to engine ok ! 
[21:35:36.280] [9887 ] [ERROR] [Java_com_juzix_jugo_node_jni_NativeInterface_startTask:135]	commit a invite task to engine ok ! 
[21:35:36.295] [9887 ] [ERROR] [Java_com_juzix_jugo_node_jni_NativeInterface_startTask:135]	commit a invite task to engine ok ! 
[21:35:36.328] [9887 ] [ERROR] [Java_com_juzix_jugo_node_jni_NativeInterface_startTask:135]	commit a invite task to engine ok ! 
[21:35:36.343] [9887 ] [ERROR] [Java_com_juzix_jugo_node_jni_NativeInterface_startTask:135]	commit a invite task to engine ok ! 
[21:35:36.356] [9887 ] [ERROR] [Java_com_juzix_jugo_node_jni_NativeInterface_startTask:135]	commit a invite task to engine ok ! 
[21:35:36.369] [9887 ] [ERROR] [Java_com_juzix_jugo_node_jni_NativeInterface_startTask:135]	commit a invite task to engine ok ! 
[21:35:36.379] [9887 ] [ERROR] [Java_com_juzix_jugo_node_jni_NativeInterface_startTask:135]	commit a invite task to engine ok ! 
[21:35:36.393] [9887 ] [ERROR] [Java_com_juzix_jugo_node_jni_NativeInterface_startTask:135]	commit a invite task to engine ok ! 
[21:35:36.405] [9887 ] [ERROR] [Java_com_juzix_jugo_node_jni_NativeInterface_startTask:135]	commit a invite task to engine ok ! 
[21:35:36.415] [9887 ] [ERROR] [Java_com_juzix_jugo_node_jni_NativeInterface_startTask:135]	commit a invite task to engine ok ! 
[21:35:36.449] [9887 ] [ERROR] [Java_com_juzix_jugo_node_jni_NativeInterface_startTask:135]	commit a invite task to engine ok ! 
[21:35:36.487] [9887 ] [ERROR] [Java_com_juzix_jugo_node_jni_NativeInterface_startTask:135]	commit a invite task to engine ok ! 
[21:35:36.512] [9887 ] [ERROR] [Java_com_juzix_jugo_node_jni_NativeInterface_startTask:135]	commit a invite task to engine ok ! 
[21:35:36.534] [9887 ] [ERROR] [Java_com_juzix_jugo_node_jni_NativeInterface_startTask:135]	commit a invite task to engine ok ! 
[21:35:36.545] [9887 ] [ERROR] [Java_com_juzix_jugo_node_jni_NativeInterface_startTask:135]	commit a invite task to engine ok ! 
[21:35:36.560] [9887 ] [ERROR] [Java_com_juzix_jugo_node_jni_NativeInterface_startTask:135]	commit a invite task to engine ok ! 
[21:35:36.583] [9887 ] [ERROR] [Java_com_juzix_jugo_node_jni_NativeInterface_startTask:135]	commit a invite task to engine ok ! 
[21:35:36.600] [9887 ] [ERROR] [Java_com_juzix_jugo_node_jni_NativeInterface_startTask:135]	commit a invite task to engine ok ! 
[21:35:36.610] [9887 ] [ERROR] [Java_com_juzix_jugo_node_jni_NativeInterface_startTask:135]	commit a invite task to engine ok ! 
[21:35:36.624] [9887 ] [ERROR] [Java_com_juzix_jugo_node_jni_NativeInterface_startTask:135]	commit a invite task to engine ok ! 
[21:35:36.629] [9887 ] [ERROR] [Java_com_juzix_jugo_node_jni_NativeInterface_startTask:135]	commit a invite task to engine ok ! 
[21:35:36.640] [9887 ] [ERROR] [Java_com_juzix_jugo_node_jni_NativeInterface_startTask:135]	commit a invite task to engine ok ! 
[21:35:36.653] [9887 ] [ERROR] [Java_com_juzix_jugo_node_jni_NativeInterface_startTask:135]	commit a invite task to engine ok ! 
[21:35:36.660] [9887 ] [ERROR] [Java_com_juzix_jugo_node_jni_NativeInterface_startTask:135]	commit a invite task to engine ok ! 
[21:35:36.677] [9887 ] [ERROR] [Java_com_juzix_jugo_node_jni_NativeInterface_startTask:135]	commit a invite task to engine ok ! 
[21:35:36.693] [9887 ] [ERROR] [Java_com_juzix_jugo_node_jni_NativeInterface_startTask:135]	commit a invite task to engine ok ! 
[21:35:36.705] [9887 ] [ERROR] [Java_com_juzix_jugo_node_jni_NativeInterface_startTask:135]	commit a invite task to engine ok ! 
[21:35:36.718] [9887 ] [ERROR] [Java_com_juzix_jugo_node_jni_NativeInterface_startTask:135]	commit a invite task to engine ok ! 
[21:35:36.724] [9887 ] [ERROR] [Java_com_juzix_jugo_node_jni_NativeInterface_startTask:135]	commit a invite task to engine ok ! 
[21:35:36.737] [9887 ] [ERROR] [Java_com_juzix_jugo_node_jni_NativeInterface_startTask:135]	commit a invite task to engine ok ! 
[21:35:36.751] [9887 ] [ERROR] [Java_com_juzix_jugo_node_jni_NativeInterface_startTask:135]	commit a invite task to engine ok ! 
[21:35:36.764] [9887 ] [ERROR] [Java_com_juzix_jugo_node_jni_NativeInterface_startTask:135]	commit a invite task to engine ok ! 
[21:35:36.778] [9887 ] [ERROR] [Java_com_juzix_jugo_node_jni_NativeInterface_startTask:135]	commit a invite task to engine ok ! 
[21:35:36.791] [9887 ] [ERROR] [Java_com_juzix_jugo_node_jni_NativeInterface_startTask:135]	commit a invite task to engine ok ! 
[21:35:36.799] [9887 ] [ERROR] [Java_com_juzix_jugo_node_jni_NativeInterface_startTask:135]	commit a invite task to engine ok ! 
[21:35:36.809] [9887 ] [ERROR] [Java_com_juzix_jugo_node_jni_NativeInterface_startTask:135]	commit a invite task to engine ok ! 
[21:35:36.819] [9887 ] [ERROR] [Java_com_juzix_jugo_node_jni_NativeInterface_startTask:135]	commit a invite task to engine ok ! 
[21:37:12.617] [8794 ] [WARN ] [~MpcMemPool:48]	the mempool is freed! 
