[20:39:32.532] [18811] [INFO ] [JNI_OnLoad:24]	jvm onload success ! 
[20:39:32.532] [18811] [INFO ] [init:111]	JniNativeCallback init ok. 
[20:39:32.532] [18811] [INFO ] [init:136]	to init engine, user: test002, mode: 0, proxyEndpoint: ProxyGlacier2/router:tcp -h 202.114.114.46 -p 4502 -t 11000 
[20:39:32.532] [18811] [WARN ] [init:158]	Cannot find the --Mpc.Data=xxxxx config item ! 
[20:39:32.532] [18811] [WARN ] [init:178]	Cannot find the --Mpc.Circuits=xxxxx config item ! not preload circuits !! 
[20:39:32.532] [18811] [INFO ] [init:188]	preload circuits ok ! 
[20:39:32.533] [18811] [INFO ] [init:212]	Not start node server ! use proxy forward ! 
[20:39:32.533] [18811] [INFO ] [MpcTaskDispatcher:39]	construct task dispatcher, with 8 processor, load balence is: 16384 
[20:39:32.533] [18811] [INFO ] [init:63]	INIT the processor: 0, type: 0 ok 
[20:39:32.533] [18814] [INFO ] [operator():54]	task processor: 0 is running... 
[20:39:32.533] [18811] [INFO ] [init:63]	INIT the processor: 1, type: 0 ok 
[20:39:32.533] [18815] [INFO ] [operator():54]	task processor: 1 is running... 
[12:39:32.533] [18814] [INFO ] [popInvitorReadyTask:270]	to POP a ready task from ready invitor queue to processor, now read_num: 0 ... 
[20:39:32.533] [18815] [INFO ] [popInvitorReadyTask:270]	to POP a ready task from ready invitor queue to processor, now read_num: 0 ... 
[20:39:32.533] [18811] [INFO ] [init:63]	INIT the processor: 2, type: 0 ok 
[20:39:32.533] [18811] [INFO ] [init:63]	INIT the processor: 3, type: 0 ok 
[20:39:32.533] [18817] [INFO ] [operator():54]	task processor: 3 is running... 
[20:39:32.533] [18811] [INFO ] [init:63]	INIT the processor: 4, type: 1 ok 
[20:39:32.533] [18817] [INFO ] [popInvitorReadyTask:270]	to POP a ready task from ready invitor queue to processor, now read_num: 0 ... 
[20:39:32.533] [18811] [INFO ] [init:63]	INIT the processor: 5, type: 1 ok 
[20:39:32.533] [18819] [INFO ] [operator():54]	task processor: 5 is running... 
[20:39:32.533] [18811] [INFO ] [init:63]	INIT the processor: 6, type: 1 ok 
[20:39:32.533] [18819] [INFO ] [popInviteeReadyTask:208]	to POP a ready task from ready invitee queue to processor, now read_num: 0 ... 
[20:39:32.534] [18811] [INFO ] [init:63]	INIT the processor: 7, type: 1 ok 
[20:39:32.534] [18821] [INFO ] [operator():54]	task processor: 7 is running... 
[20:39:32.534] [18820] [INFO ] [operator():54]	task processor: 6 is running... 
[20:39:32.534] [18811] [INFO ] [init:234]	INIT task dispatcher done ! 
[20:39:32.534] [18821] [INFO ] [popInviteeReadyTask:208]	to POP a ready task from ready invitee queue to processor, now read_num: 0 ... 
[20:39:32.534] [18818] [INFO ] [operator():54]	task processor: 4 is running... 
[20:39:32.534] [18818] [INFO ] [popInviteeReadyTask:208]	to POP a ready task from ready invitee queue to processor, now read_num: 0 ... 
[20:39:32.535] [18811] [INFO ] [init:64]	connect to busi proxy server endpoint: ProxyGlacier2/router:tcp -h 202.114.114.46 -p 4502 -t 11000 
[20:39:32.540] [18820] [INFO ] [popInviteeReadyTask:208]	to POP a ready task from ready invitee queue to processor, now read_num: 0 ... 
[20:39:32.540] [18816] [INFO ] [operator():54]	task processor: 2 is running... 
[20:39:32.540] [18816] [INFO ] [popInvitorReadyTask:270]	to POP a ready task from ready invitor queue to processor, now read_num: 0 ... 
[20:39:32.541] [18826] [WARN ] [connectFailed:67]	connect to jugo proxy failed. 
[20:39:33.040] [18811] [INFO ] [init:69]	waiting for node busi client inited ... timeout 1s.. 
[20:39:33.540] [18811] [INFO ] [init:69]	waiting for node busi client inited ... timeout 1s.. 
[20:39:34.040] [18811] [INFO ] [init:69]	waiting for node busi client inited ... timeout 1s.. 
[20:39:34.540] [18811] [INFO ] [init:69]	waiting for node busi client inited ... timeout 1s.. 
[20:39:35.041] [18811] [INFO ] [init:69]	waiting for node busi client inited ... timeout 1s.. 
[20:39:35.541] [18811] [INFO ] [init:69]	waiting for node busi client inited ... timeout 1s.. 
[20:39:36.041] [18811] [INFO ] [init:69]	waiting for node busi client inited ... timeout 1s.. 
[20:39:36.541] [18811] [INFO ] [init:69]	waiting for node busi client inited ... timeout 1s.. 
[20:39:37.041] [18811] [INFO ] [init:69]	waiting for node busi client inited ... timeout 1s.. 
[20:39:37.541] [18811] [INFO ] [init:69]	waiting for node busi client inited ... timeout 1s.. 
[20:39:37.541] [18811] [INFO ] [init:81]	timeout for node busi client inited ! exit 
[20:39:37.542] [18811] [ERROR] [init:241]	INIT busi node client failed ! 
[20:39:37.542] [18811] [INFO ] [Java_com_juzix_jugo_node_jni_NativeInterface_initContext:96]	INIT mpc engine failed  !!! [BAD NEWS] !!! 
[20:39:37.542] [18811] [INFO ] [Java_com_juzix_jugo_node_jni_NativeInterface_setDataLogLevel:155]	init the log to level: 3, data log state: 0 
[20:39:37.546] [18811] [ERROR] [Java_com_juzix_jugo_node_jni_NativeInterface_startTask:135]	commit a invite task to engine ok ! 
