[22:27:58.978] [29067] [INFO ] [JNI_OnLoad:24]	jvm onload success ! 
[22:27:58.978] [29067] [INFO ] [init:111]	JniNativeCallback init ok. 
[22:27:58.978] [29067] [INFO ] [init:136]	to init engine, user: test002, mode: 0, proxyEndpoint: ProxyGlacier2/router:tcp -h 202.114.114.46 -p 4502 -t 11000 
[22:27:58.978] [29067] [WARN ] [init:158]	Cannot find the --Mpc.Data=xxxxx config item ! 
[22:27:58.978] [29067] [WARN ] [init:178]	Cannot find the --Mpc.Circuits=xxxxx config item ! not preload circuits !! 
[22:27:58.978] [29067] [INFO ] [init:188]	preload circuits ok ! 
[22:27:58.978] [29067] [INFO ] [init:212]	Not start node server ! use proxy forward ! 
[22:27:58.978] [29067] [INFO ] [MpcTaskDispatcher:39]	construct task dispatcher, with 8 processor, load balence is: 16384 
[22:27:58.978] [29067] [INFO ] [init:63]	INIT the processor: 0, type: 0 ok 
[22:27:58.979] [29067] [INFO ] [init:63]	INIT the processor: 1, type: 0 ok 
[22:27:58.979] [29091] [INFO ] [operator():54]	task processor: 1 is running... 
[22:27:58.979] [29067] [INFO ] [init:63]	INIT the processor: 2, type: 0 ok 
[22:27:58.979] [29090] [INFO ] [operator():54]	task processor: 0 is running... 
[22:27:58.979] [29067] [INFO ] [init:63]	INIT the processor: 3, type: 0 ok 
[22:27:58.979] [29091] [INFO ] [popInvitorReadyTask:270]	to POP a ready task from ready invitor queue to processor, now read_num: 0 ... 
[22:27:58.979] [29093] [INFO ] [operator():54]	task processor: 3 is running... 
[22:27:58.979] [29067] [INFO ] [init:63]	INIT the processor: 4, type: 1 ok 
[22:27:58.979] [29090] [INFO ] [popInvitorReadyTask:270]	to POP a ready task from ready invitor queue to processor, now read_num: 0 ... 
[22:27:58.979] [29092] [INFO ] [operator():54]	task processor: 2 is running... 
[22:27:58.979] [29094] [INFO ] [operator():54]	task processor: 4 is running... 
[22:27:58.979] [29093] [INFO ] [popInvitorReadyTask:270]	to POP a ready task from ready invitor queue to processor, now read_num: 0 ... 
[22:27:58.979] [29092] [INFO ] [popInvitorReadyTask:270]	to POP a ready task from ready invitor queue to processor, now read_num: 0 ... 
[22:27:58.979] [29094] [INFO ] [popInviteeReadyTask:208]	to POP a ready task from ready invitee queue to processor, now read_num: 0 ... 
[22:27:58.980] [29095] [INFO ] [operator():54]	task processor: 5 is running... 
[22:27:58.980] [29067] [INFO ] [init:63]	INIT the processor: 5, type: 1 ok 
[22:27:58.980] [29095] [INFO ] [popInviteeReadyTask:208]	to POP a ready task from ready invitee queue to processor, now read_num: 0 ... 
[22:27:58.980] [29067] [INFO ] [init:63]	INIT the processor: 6, type: 1 ok 
[22:27:58.980] [29096] [INFO ] [operator():54]	task processor: 6 is running... 
[22:27:58.980] [29067] [INFO ] [init:63]	INIT the processor: 7, type: 1 ok 
[14:27:58.980] [29096] [INFO ] [popInviteeReadyTask:208]	to POP a ready task from ready invitee queue to processor, now read_num: 0 ... 
[14:27:58.980] [29097] [INFO ] [operator():54]	task processor: 7 is running... 
[22:27:58.980] [29067] [INFO ] [init:234]	INIT task dispatcher done ! 
[22:27:58.980] [29097] [INFO ] [popInviteeReadyTask:208]	to POP a ready task from ready invitee queue to processor, now read_num: 0 ... 
[22:27:58.981] [29067] [INFO ] [init:64]	connect to busi proxy server endpoint: ProxyGlacier2/router:tcp -h 202.114.114.46 -p 4502 -t 11000 
[22:27:58.988] [29102] [WARN ] [connectFailed:67]	connect to jugo proxy failed. 
[22:27:59.487] [29067] [INFO ] [init:69]	waiting for node busi client inited ... timeout 1s.. 
[22:27:59.987] [29067] [INFO ] [init:69]	waiting for node busi client inited ... timeout 1s.. 
[22:28:00.487] [29067] [INFO ] [init:69]	waiting for node busi client inited ... timeout 1s.. 
[22:28:00.987] [29067] [INFO ] [init:69]	waiting for node busi client inited ... timeout 1s.. 
[22:28:01.487] [29067] [INFO ] [init:69]	waiting for node busi client inited ... timeout 1s.. 
[22:28:01.987] [29067] [INFO ] [init:69]	waiting for node busi client inited ... timeout 1s.. 
[22:28:02.488] [29067] [INFO ] [init:69]	waiting for node busi client inited ... timeout 1s.. 
[22:28:02.988] [29067] [INFO ] [init:69]	waiting for node busi client inited ... timeout 1s.. 
[22:28:03.488] [29067] [INFO ] [init:69]	waiting for node busi client inited ... timeout 1s.. 
[22:28:03.988] [29067] [INFO ] [init:69]	waiting for node busi client inited ... timeout 1s.. 
[22:28:03.988] [29067] [INFO ] [init:81]	timeout for node busi client inited ! exit 
[22:28:03.988] [29067] [ERROR] [init:241]	INIT busi node client failed ! 
[22:28:03.988] [29067] [INFO ] [Java_com_juzix_jugo_node_jni_NativeInterface_initContext:96]	INIT mpc engine failed  !!! [BAD NEWS] !!! 
[22:28:03.989] [29067] [INFO ] [Java_com_juzix_jugo_node_jni_NativeInterface_setDataLogLevel:155]	init the log to level: 3, data log state: 0 
[22:28:03.993] [29067] [ERROR] [Java_com_juzix_jugo_node_jni_NativeInterface_startTask:135]	commit a invite task to engine ok ! 
[17:14:50.376] [29068] [ERROR] [Java_com_juzix_jugo_node_jni_NativeInterface_startTask:135]	commit a invite task to engine ok ! 
