[21:16:46.544] [7609 ] [INFO ] [JNI_OnLoad:24]	jvm onload success ! 
[21:16:46.546] [7609 ] [INFO ] [init:111]	JniNativeCallback init ok. 
[21:16:46.546] [7609 ] [INFO ] [init:108]	to init engine, user: test002, mode: 0, proxyEndpoint: ProxyGlacier2/router:tcp -h 202.114.114.46 -p 4502 -t 11000 
[21:16:46.546] [7609 ] [WARN ] [init:130]	Cannot find the --Mpc.Data=xxxxx config item ! 
[21:16:46.546] [7609 ] [INFO ] [init:156]	Not start node server ! use proxy forward ! 
[21:16:46.546] [7609 ] [INFO ] [MpcTaskDispatcher:43]	construct task dispatcher, with 3 processor, load balence is: 6000 
[21:16:46.546] [7609 ] [INFO ] [init:60]	INIT the processor: 0 ok 
[21:16:46.546] [7615 ] [INFO ] [operator():51]	task processor: 0 is running... 
[21:16:46.546] [7616 ] [INFO ] [operator():51]	task processor: 1 is running... 
[21:16:46.546] [7609 ] [INFO ] [init:60]	INIT the processor: 1 ok 
[21:16:46.546] [7615 ] [DEBUG] [popReadyTask:166]	to POP a ready task from ready queue to processor, now read_num: 0 ... 
[21:16:46.546] [7609 ] [INFO ] [init:60]	INIT the processor: 2 ok 
[21:16:46.546] [7617 ] [INFO ] [operator():51]	task processor: 2 is running... 
[21:16:46.546] [7617 ] [DEBUG] [popReadyTask:166]	to POP a ready task from ready queue to processor, now read_num: 0 ... 
[21:16:46.546] [7609 ] [INFO ] [init:177]	INIT task dispatcher done ! 
[21:16:46.546] [7609 ] [INFO ] [init:40]	connect to busi proxy server endpoint: ProxyGlacier2/router:tcp -h 202.114.114.46 -p 4502 -t 11000 
[21:16:46.546] [7616 ] [DEBUG] [popReadyTask:166]	to POP a ready task from ready queue to processor, now read_num: 0 ... 
[21:16:46.562] [7623 ] [INFO ] [connected:34]	to get session... 
[21:16:46.563] [7623 ] [INFO ] [connected:38]	to get create busi node callback... 
[21:16:46.563] [7623 ] [INFO ] [connected:45]	to set node callback... 
[21:16:46.565] [7623 ] [WARN ] [connected:54]	the busi session create success. 
[21:16:47.053] [7609 ] [INFO ] [init:69]	waiting for node busi client inited ... timeout 1s.. 
[21:16:47.053] [7609 ] [INFO ] [init:74]	the busi node communicator is prepared !!!! 
[21:16:47.053] [7609 ] [INFO ] [init:86]	INIT busi node client success. user: test002, proxyEndpoint: ProxyGlacier2/router:tcp -h 202.114.114.46 -p 4502 -t 11000 
[21:16:47.053] [7609 ] [INFO ] [init:187]	INIT busi node client done ! 
[21:16:47.054] [7609 ] [INFO ] [init:48]	ready process init ok. max request queue size: 3 
[21:16:47.054] [7609 ] [INFO ] [init:202]	Mpc engine init success. 
[21:16:47.054] [7673 ] [DEBUG] [popCommitTask:110]	to POP a commit task, task size: 0  ... 
[21:16:47.054] [7609 ] [INFO ] [Java_com_juzix_jugo_node_jni_NativeInterface_setDataLogLevel:155]	init the log to level: 3, data log state: 0 
[21:16:47.059] [7609 ] [ERROR] [Java_com_juzix_jugo_node_jni_NativeInterface_startTask:135]	commit a invite task to engine ok ! 
[21:16:47.151] [7609 ] [ERROR] [Java_com_juzix_jugo_node_jni_NativeInterface_startTask:135]	commit a invite task to engine ok ! 
[21:16:47.173] [7677 ] [ERROR] [Java_com_juzix_jugo_node_jni_NativeInterface_startTask:135]	commit a invite task to engine ok ! 
