[19:49:04.871] [28570] [INFO ] [JNI_OnLoad:24]	jvm onload success ! 
[19:49:04.872] [28570] [INFO ] [init:111]	JniNativeCallback init ok. 
[19:49:04.872] [28570] [INFO ] [init:108]	to init engine, user: test002, mode: 0, proxyEndpoint: ProxyGlacier2/router:tcp -h 202.114.114.46 -p 4502 -t 11000 
[19:49:04.872] [28570] [WARN ] [init:130]	Cannot find the --Mpc.Data=xxxxx config item ! 
[19:49:04.872] [28570] [INFO ] [init:156]	Not start node server ! use proxy forward ! 
[19:49:04.872] [28570] [INFO ] [MpcTaskDispatcher:43]	construct task dispatcher, with 3 processor, load balence is: 6000 
[19:49:04.872] [28570] [INFO ] [init:60]	INIT the processor: 0 ok 
[19:49:04.872] [29792] [INFO ] [operator():51]	task processor: 0 is running... 
[19:49:04.872] [28570] [INFO ] [init:60]	INIT the processor: 1 ok 
[19:49:04.872] [29792] [DEBUG] [popReadyTask:166]	to POP a ready task from ready queue to processor, now read_num: 0 ... 
[19:49:04.872] [28570] [INFO ] [init:60]	INIT the processor: 2 ok 
[19:49:04.872] [28570] [INFO ] [init:177]	INIT task dispatcher done ! 
[19:49:04.872] [28570] [INFO ] [init:40]	connect to busi proxy server endpoint: ProxyGlacier2/router:tcp -h 202.114.114.46 -p 4502 -t 11000 
[19:49:04.873] [29793] [INFO ] [operator():51]	task processor: 1 is running... 
[19:49:04.873] [29793] [DEBUG] [popReadyTask:166]	to POP a ready task from ready queue to processor, now read_num: 0 ... 
[19:49:04.874] [29794] [INFO ] [operator():51]	task processor: 2 is running... 
[19:49:04.874] [29794] [DEBUG] [popReadyTask:166]	to POP a ready task from ready queue to processor, now read_num: 0 ... 
[19:49:04.900] [29802] [INFO ] [connected:34]	to get session... 
[19:49:04.900] [29802] [INFO ] [connected:38]	to get create busi node callback... 
[19:49:04.900] [29802] [INFO ] [connected:45]	to set node callback... 
[19:49:04.902] [29802] [WARN ] [connected:54]	the busi session create success. 
[19:49:05.396] [28570] [INFO ] [init:69]	waiting for node busi client inited ... timeout 1s.. 
[19:49:05.396] [28570] [INFO ] [init:74]	the busi node communicator is prepared !!!! 
[19:49:05.396] [28570] [INFO ] [init:86]	INIT busi node client success. user: test002, proxyEndpoint: ProxyGlacier2/router:tcp -h 202.114.114.46 -p 4502 -t 11000 
[19:49:05.396] [28570] [INFO ] [init:187]	INIT busi node client done ! 
[19:49:05.396] [28570] [INFO ] [init:48]	ready process init ok. max request queue size: 3 
[19:49:05.396] [28570] [INFO ] [init:202]	Mpc engine init success. 
[19:49:05.396] [29828] [DEBUG] [popCommitTask:110]	to POP a commit task, task size: 0  ... 
[19:49:05.397] [28570] [INFO ] [Java_com_juzix_jugo_node_jni_NativeInterface_setDataLogLevel:155]	init the log to level: 3, data log state: 0 
[19:49:05.401] [28570] [ERROR] [Java_com_juzix_jugo_node_jni_NativeInterface_startTask:135]	commit a invite task to engine ok ! 
[19:49:11.134] [29800] [WARN ] [allReady:153]	busi allReady callback done,  task: 6e8250ed-4846-4975-8caa-cbc07d4bfbb5, user: test002, ready: 2 !  
[19:49:32.269] [29792] [WARN ] [processMpcBusi:237]	task processor cannot remove request task: 6e8250ed-4846-4975-8caa-cbc07d4bfbb5 ! 
[19:49:32.269] [29792] [WARN ] [processTask:130]	processor a MPC task: 6e8250ed-4846-4975-8caa-cbc07d4bfbb5 Failed ! 
[19:57:40.357] [28568] [ERROR] [Java_com_juzix_jugo_node_jni_NativeInterface_startTask:135]	commit a invite task to engine ok ! 
[19:57:40.365] [12643] [WARN ] [allReady:153]	busi allReady callback done,  task: c7f37a0a-57ed-4bca-84d2-7dcffab9dd9c, user: test002, ready: 2 !  
[19:58:00.777] [29793] [WARN ] [processMpcBusi:237]	task processor cannot remove request task: c7f37a0a-57ed-4bca-84d2-7dcffab9dd9c ! 
[19:58:00.777] [29793] [WARN ] [processTask:130]	processor a MPC task: c7f37a0a-57ed-4bca-84d2-7dcffab9dd9c Failed ! 
[19:58:30.345] [28573] [ERROR] [Java_com_juzix_jugo_node_jni_NativeInterface_startTask:135]	commit a invite task to engine ok ! 
[19:58:30.350] [12643] [WARN ] [allReady:153]	busi allReady callback done,  task: 4eee2f8e-6c3a-430a-b6d4-b6ba2318e072, user: test002, ready: 2 !  
[19:58:50.717] [29794] [WARN ] [processMpcBusi:237]	task processor cannot remove request task: 4eee2f8e-6c3a-430a-b6d4-b6ba2318e072 ! 
[19:58:50.717] [29794] [WARN ] [processTask:130]	processor a MPC task: 4eee2f8e-6c3a-430a-b6d4-b6ba2318e072 Failed ! 
[19:59:04.588] [28572] [ERROR] [Java_com_juzix_jugo_node_jni_NativeInterface_startTask:135]	commit a invite task to engine ok ! 
[19:59:04.593] [29800] [WARN ] [allReady:153]	busi allReady callback done,  task: 6bed9762-2395-4996-a229-dd7e8d0228bd, user: test002, ready: 2 !  
[19:59:21.949] [29792] [WARN ] [processMpcBusi:237]	task processor cannot remove request task: 6bed9762-2395-4996-a229-dd7e8d0228bd ! 
[19:59:21.949] [29792] [WARN ] [processTask:130]	processor a MPC task: 6bed9762-2395-4996-a229-dd7e8d0228bd Failed ! 
