[13:58:44.768] [17355] [INFO ] [JNI_OnLoad:24]	jvm onload success ! 
[13:58:44.769] [17355] [INFO ] [init:111]	JniNativeCallback init ok. 
[13:58:44.769] [17355] [INFO ] [init:136]	to init engine, user: test006, mode: 0, proxyEndpoint: ProxyGlacier2/router:tcp -h 202.114.114.46 -p 4502 -t 11000 
[13:58:44.769] [17355] [WARN ] [init:158]	Cannot find the --Mpc.Data=xxxxx config item ! 
[13:58:44.769] [17355] [INFO ] [parseCircuits:365]	** preload circuit:  /home/lmars/gc/localmoran.gc 
[13:58:44.769] [17355] [INFO ] [init:172]	the --Mpc.Circuits=/home/lmars/gc/localmoran.gc is set ! 
[13:58:46.117] [17355] [INFO ] [resolveCiruit:326]	** circuit resolve => circuit: /home/lmars/gc/localmoran.gc , gates: 3230476, andGate: 900086, wires: 3237068, cost time: 1.347683 seconds, speed: 2397058.366885 (gc / second) ** 
[13:58:46.117] [17355] [INFO ] [CircuitFile:108]	circuit: /home/lmars/gc/localmoran.gc,  hash: 1AB21D8355CFA17F8E61194831E81A8F22BEC8C728FEFB747ED035EB5082AA2B 
[13:58:46.117] [17355] [INFO ] [init:188]	preload circuits ok ! 
[13:58:46.117] [17355] [INFO ] [init:212]	Not start node server ! use proxy forward ! 
[13:58:46.117] [17355] [INFO ] [MpcTaskDispatcher:39]	construct task dispatcher, with 8 processor, load balence is: 16384 
[13:58:46.117] [17355] [INFO ] [init:63]	INIT the processor: 0, type: 0 ok 
[13:58:46.117] [17491] [INFO ] [operator():54]	task processor: 0 is running... 
[13:58:46.117] [17355] [INFO ] [init:63]	INIT the processor: 1, type: 0 ok 
[13:58:46.117] [17491] [INFO ] [popInvitorReadyTask:270]	to POP a ready task from ready invitor queue to processor, now read_num: 0 ... 
[13:58:46.117] [17492] [INFO ] [operator():54]	task processor: 1 is running... 
[13:58:46.117] [17355] [INFO ] [init:63]	INIT the processor: 2, type: 0 ok 
[13:58:46.118] [17355] [INFO ] [init:63]	INIT the processor: 3, type: 0 ok 
[13:58:46.117] [17493] [INFO ] [operator():54]	task processor: 2 is running... 
[13:58:46.117] [17492] [INFO ] [popInvitorReadyTask:270]	to POP a ready task from ready invitor queue to processor, now read_num: 0 ... 
[13:58:46.118] [17494] [INFO ] [operator():54]	task processor: 3 is running... 
[13:58:46.118] [17355] [INFO ] [init:63]	INIT the processor: 4, type: 1 ok 
[13:58:46.118] [17355] [INFO ] [init:63]	INIT the processor: 5, type: 1 ok 
[13:58:46.118] [17496] [INFO ] [operator():54]	task processor: 5 is running... 
[13:58:46.118] [17494] [INFO ] [popInvitorReadyTask:270]	to POP a ready task from ready invitor queue to processor, now read_num: 0 ... 
[13:58:46.118] [17493] [INFO ] [popInvitorReadyTask:270]	to POP a ready task from ready invitor queue to processor, now read_num: 0 ... 
[13:58:46.118] [17495] [INFO ] [operator():54]	task processor: 4 is running... 
[13:58:46.118] [17495] [INFO ] [popInviteeReadyTask:208]	to POP a ready task from ready invitee queue to processor, now read_num: 0 ... 
[13:58:46.118] [17355] [INFO ] [init:63]	INIT the processor: 6, type: 1 ok 
[13:58:46.118] [17496] [INFO ] [popInviteeReadyTask:208]	to POP a ready task from ready invitee queue to processor, now read_num: 0 ... 
[13:58:46.118] [17497] [INFO ] [operator():54]	task processor: 6 is running... 
[13:58:46.118] [17355] [INFO ] [init:63]	INIT the processor: 7, type: 1 ok 
[13:58:46.118] [17497] [INFO ] [popInviteeReadyTask:208]	to POP a ready task from ready invitee queue to processor, now read_num: 0 ... 
[13:58:46.118] [17498] [INFO ] [operator():54]	task processor: 7 is running... 
[13:58:46.118] [17498] [INFO ] [popInviteeReadyTask:208]	to POP a ready task from ready invitee queue to processor, now read_num: 0 ... 
[13:58:46.118] [17355] [INFO ] [init:234]	INIT task dispatcher done ! 
[13:58:46.119] [17355] [INFO ] [init:64]	connect to busi proxy server endpoint: ProxyGlacier2/router:tcp -h 202.114.114.46 -p 4502 -t 11000 
[13:58:46.131] [17503] [INFO ] [connected:34]	to get session... 
[13:58:46.131] [17503] [INFO ] [connected:38]	to get create busi node callback... 
[13:58:46.131] [17503] [INFO ] [connected:46]	to set node callback, public endpoint: ProxyGlacier2/router:tcp -h 202.114.114.46 -p 4502 -t 11000, user: test006 ... 
[13:58:46.133] [17503] [WARN ] [connected:55]	the busi session create success. 
[13:58:46.626] [17355] [INFO ] [init:69]	waiting for node busi client inited ... timeout 1s.. 
[13:58:46.626] [17355] [INFO ] [init:74]	the busi node communicator is prepared !!!! 
[13:58:46.626] [17355] [INFO ] [init:86]	INIT busi node client success. user: test006, proxyEndpoint: ProxyGlacier2/router:tcp -h 202.114.114.46 -p 4502 -t 11000 
[13:58:46.626] [17355] [INFO ] [init:244]	INIT busi node client done ! 
[13:58:46.626] [17355] [INFO ] [init:48]	input ready process init ok. 
[13:58:46.626] [17355] [INFO ] [init:253]	INIT input ready processor done ! 
[13:58:46.626] [17355] [INFO ] [init:48]	ready process init ok. max request queue size: 4 
[13:58:46.626] [17355] [INFO ] [init:263]	INIT ready processor done ! 
[13:58:46.626] [17560] [INFO ] [popCommitTask:127]	to POP a commit task, task size: 0  ... 
[13:58:46.626] [17355] [INFO ] [init:269]	Mpc engine init success. 
[13:58:46.627] [17355] [INFO ] [Java_com_juzix_jugo_node_jni_NativeInterface_setDataLogLevel:155]	init the log to level: 3, data log state: 0 
[13:58:46.630] [17355] [ERROR] [Java_com_juzix_jugo_node_jni_NativeInterface_startTask:135]	commit a invite task to engine ok ! 
[13:58:46.684] [17355] [ERROR] [Java_com_juzix_jugo_node_jni_NativeInterface_startTask:135]	commit a invite task to engine ok ! 
[13:58:46.688] [17355] [ERROR] [Java_com_juzix_jugo_node_jni_NativeInterface_startTask:135]	commit a invite task to engine ok ! 
[13:58:46.709] [17501] [WARN ] [MpcMemPool:42]	the mempool construction, size: 134217728, mem: 0x7fa9a8bee010 
[13:58:46.715] [17355] [ERROR] [Java_com_juzix_jugo_node_jni_NativeInterface_startTask:135]	commit a invite task to engine ok ! 
[13:58:46.724] [17355] [ERROR] [Java_com_juzix_jugo_node_jni_NativeInterface_startTask:135]	commit a invite task to engine ok ! 
[13:58:46.731] [17355] [ERROR] [Java_com_juzix_jugo_node_jni_NativeInterface_startTask:135]	commit a invite task to engine ok ! 
[13:58:46.743] [17355] [ERROR] [Java_com_juzix_jugo_node_jni_NativeInterface_startTask:135]	commit a invite task to engine ok ! 
[13:58:46.752] [17355] [ERROR] [Java_com_juzix_jugo_node_jni_NativeInterface_startTask:135]	commit a invite task to engine ok ! 
[13:58:46.758] [17355] [ERROR] [Java_com_juzix_jugo_node_jni_NativeInterface_startTask:135]	commit a invite task to engine ok ! 
[13:58:46.772] [17355] [ERROR] [Java_com_juzix_jugo_node_jni_NativeInterface_startTask:135]	commit a invite task to engine ok ! 
[13:58:46.778] [17355] [ERROR] [Java_com_juzix_jugo_node_jni_NativeInterface_startTask:135]	commit a invite task to engine ok ! 
[13:58:46.782] [17355] [ERROR] [Java_com_juzix_jugo_node_jni_NativeInterface_startTask:135]	commit a invite task to engine ok ! 
[13:58:46.788] [17355] [ERROR] [Java_com_juzix_jugo_node_jni_NativeInterface_startTask:135]	commit a invite task to engine ok ! 
[13:58:46.802] [17355] [ERROR] [Java_com_juzix_jugo_node_jni_NativeInterface_startTask:135]	commit a invite task to engine ok ! 
[13:58:46.810] [17355] [ERROR] [Java_com_juzix_jugo_node_jni_NativeInterface_startTask:135]	commit a invite task to engine ok ! 
[13:58:46.816] [17355] [ERROR] [Java_com_juzix_jugo_node_jni_NativeInterface_startTask:135]	commit a invite task to engine ok ! 
[13:58:46.822] [17355] [ERROR] [Java_com_juzix_jugo_node_jni_NativeInterface_startTask:135]	commit a invite task to engine ok ! 
[13:58:46.826] [17355] [ERROR] [Java_com_juzix_jugo_node_jni_NativeInterface_startTask:135]	commit a invite task to engine ok ! 
[13:58:46.836] [17355] [ERROR] [Java_com_juzix_jugo_node_jni_NativeInterface_startTask:135]	commit a invite task to engine ok ! 
[13:58:46.864] [17355] [ERROR] [Java_com_juzix_jugo_node_jni_NativeInterface_startTask:135]	commit a invite task to engine ok ! 
[13:58:46.870] [17355] [ERROR] [Java_com_juzix_jugo_node_jni_NativeInterface_startTask:135]	commit a invite task to engine ok ! 
[13:58:46.877] [17355] [ERROR] [Java_com_juzix_jugo_node_jni_NativeInterface_startTask:135]	commit a invite task to engine ok ! 
[13:58:46.895] [17355] [ERROR] [Java_com_juzix_jugo_node_jni_NativeInterface_startTask:135]	commit a invite task to engine ok ! 
[13:58:46.929] [17355] [ERROR] [Java_com_juzix_jugo_node_jni_NativeInterface_startTask:135]	commit a invite task to engine ok ! 
[13:58:46.935] [17355] [ERROR] [Java_com_juzix_jugo_node_jni_NativeInterface_startTask:135]	commit a invite task to engine ok ! 
[13:58:46.939] [17355] [ERROR] [Java_com_juzix_jugo_node_jni_NativeInterface_startTask:135]	commit a invite task to engine ok ! 
[13:58:46.944] [17355] [ERROR] [Java_com_juzix_jugo_node_jni_NativeInterface_startTask:135]	commit a invite task to engine ok ! 
[13:58:46.948] [17355] [ERROR] [Java_com_juzix_jugo_node_jni_NativeInterface_startTask:135]	commit a invite task to engine ok ! 
[13:58:46.951] [17355] [ERROR] [Java_com_juzix_jugo_node_jni_NativeInterface_startTask:135]	commit a invite task to engine ok ! 
[13:58:46.956] [17355] [ERROR] [Java_com_juzix_jugo_node_jni_NativeInterface_startTask:135]	commit a invite task to engine ok ! 
[13:58:46.964] [17355] [ERROR] [Java_com_juzix_jugo_node_jni_NativeInterface_startTask:135]	commit a invite task to engine ok ! 
[13:58:46.969] [17355] [ERROR] [Java_com_juzix_jugo_node_jni_NativeInterface_startTask:135]	commit a invite task to engine ok ! 
[13:58:46.974] [17355] [ERROR] [Java_com_juzix_jugo_node_jni_NativeInterface_startTask:135]	commit a invite task to engine ok ! 
[13:58:46.984] [17355] [ERROR] [Java_com_juzix_jugo_node_jni_NativeInterface_startTask:135]	commit a invite task to engine ok ! 
[13:58:46.993] [17355] [ERROR] [Java_com_juzix_jugo_node_jni_NativeInterface_startTask:135]	commit a invite task to engine ok ! 
[13:58:47.002] [17355] [ERROR] [Java_com_juzix_jugo_node_jni_NativeInterface_startTask:135]	commit a invite task to engine ok ! 
[13:58:47.006] [17355] [ERROR] [Java_com_juzix_jugo_node_jni_NativeInterface_startTask:135]	commit a invite task to engine ok ! 
[13:58:47.014] [17355] [ERROR] [Java_com_juzix_jugo_node_jni_NativeInterface_startTask:135]	commit a invite task to engine ok ! 
[13:58:47.018] [17355] [ERROR] [Java_com_juzix_jugo_node_jni_NativeInterface_startTask:135]	commit a invite task to engine ok ! 
[13:58:47.021] [17355] [ERROR] [Java_com_juzix_jugo_node_jni_NativeInterface_startTask:135]	commit a invite task to engine ok ! 
[13:58:47.025] [17355] [ERROR] [Java_com_juzix_jugo_node_jni_NativeInterface_startTask:135]	commit a invite task to engine ok ! 
[13:58:47.031] [17355] [ERROR] [Java_com_juzix_jugo_node_jni_NativeInterface_startTask:135]	commit a invite task to engine ok ! 
[13:58:47.036] [17355] [ERROR] [Java_com_juzix_jugo_node_jni_NativeInterface_startTask:135]	commit a invite task to engine ok ! 
[13:58:47.040] [17355] [ERROR] [Java_com_juzix_jugo_node_jni_NativeInterface_startTask:135]	commit a invite task to engine ok ! 
[13:58:47.043] [17355] [ERROR] [Java_com_juzix_jugo_node_jni_NativeInterface_startTask:135]	commit a invite task to engine ok ! 
[13:58:47.047] [17355] [ERROR] [Java_com_juzix_jugo_node_jni_NativeInterface_startTask:135]	commit a invite task to engine ok ! 
[13:58:47.050] [17355] [ERROR] [Java_com_juzix_jugo_node_jni_NativeInterface_startTask:135]	commit a invite task to engine ok ! 
[13:58:47.073] [17355] [ERROR] [Java_com_juzix_jugo_node_jni_NativeInterface_startTask:135]	commit a invite task to engine ok ! 
[13:58:47.078] [17355] [ERROR] [Java_com_juzix_jugo_node_jni_NativeInterface_startTask:135]	commit a invite task to engine ok ! 
[13:58:47.083] [17355] [ERROR] [Java_com_juzix_jugo_node_jni_NativeInterface_startTask:135]	commit a invite task to engine ok ! 
[13:58:47.087] [17355] [ERROR] [Java_com_juzix_jugo_node_jni_NativeInterface_startTask:135]	commit a invite task to engine ok ! 
[13:58:47.094] [17355] [ERROR] [Java_com_juzix_jugo_node_jni_NativeInterface_startTask:135]	commit a invite task to engine ok ! 
[13:58:47.098] [17355] [ERROR] [Java_com_juzix_jugo_node_jni_NativeInterface_startTask:135]	commit a invite task to engine ok ! 
[13:58:47.102] [17355] [ERROR] [Java_com_juzix_jugo_node_jni_NativeInterface_startTask:135]	commit a invite task to engine ok ! 
[13:58:47.108] [17355] [ERROR] [Java_com_juzix_jugo_node_jni_NativeInterface_startTask:135]	commit a invite task to engine ok ! 
[13:58:47.111] [17355] [ERROR] [Java_com_juzix_jugo_node_jni_NativeInterface_startTask:135]	commit a invite task to engine ok ! 
[13:58:47.117] [17355] [ERROR] [Java_com_juzix_jugo_node_jni_NativeInterface_startTask:135]	commit a invite task to engine ok ! 
[13:58:47.122] [17355] [ERROR] [Java_com_juzix_jugo_node_jni_NativeInterface_startTask:135]	commit a invite task to engine ok ! 
[13:58:47.139] [17355] [ERROR] [Java_com_juzix_jugo_node_jni_NativeInterface_startTask:135]	commit a invite task to engine ok ! 
[13:58:47.142] [17355] [ERROR] [Java_com_juzix_jugo_node_jni_NativeInterface_startTask:135]	commit a invite task to engine ok ! 
[13:58:47.146] [17355] [ERROR] [Java_com_juzix_jugo_node_jni_NativeInterface_startTask:135]	commit a invite task to engine ok ! 
[13:58:47.150] [17355] [ERROR] [Java_com_juzix_jugo_node_jni_NativeInterface_startTask:135]	commit a invite task to engine ok ! 
[13:58:47.153] [17355] [ERROR] [Java_com_juzix_jugo_node_jni_NativeInterface_startTask:135]	commit a invite task to engine ok ! 
[13:58:47.157] [17355] [ERROR] [Java_com_juzix_jugo_node_jni_NativeInterface_startTask:135]	commit a invite task to engine ok ! 
[13:58:47.161] [17355] [ERROR] [Java_com_juzix_jugo_node_jni_NativeInterface_startTask:135]	commit a invite task to engine ok ! 
[13:58:47.164] [17355] [ERROR] [Java_com_juzix_jugo_node_jni_NativeInterface_startTask:135]	commit a invite task to engine ok ! 
[13:58:47.167] [17355] [ERROR] [Java_com_juzix_jugo_node_jni_NativeInterface_startTask:135]	commit a invite task to engine ok ! 
[13:58:47.171] [17355] [ERROR] [Java_com_juzix_jugo_node_jni_NativeInterface_startTask:135]	commit a invite task to engine ok ! 
[13:58:47.174] [17355] [ERROR] [Java_com_juzix_jugo_node_jni_NativeInterface_startTask:135]	commit a invite task to engine ok ! 
[13:58:47.181] [17355] [ERROR] [Java_com_juzix_jugo_node_jni_NativeInterface_startTask:135]	commit a invite task to engine ok ! 
[13:58:47.186] [17355] [ERROR] [Java_com_juzix_jugo_node_jni_NativeInterface_startTask:135]	commit a invite task to engine ok ! 
[13:58:47.190] [17355] [ERROR] [Java_com_juzix_jugo_node_jni_NativeInterface_startTask:135]	commit a invite task to engine ok ! 
[13:58:47.193] [17355] [ERROR] [Java_com_juzix_jugo_node_jni_NativeInterface_startTask:135]	commit a invite task to engine ok ! 
[13:58:47.197] [17355] [ERROR] [Java_com_juzix_jugo_node_jni_NativeInterface_startTask:135]	commit a invite task to engine ok ! 
[13:58:47.200] [17355] [ERROR] [Java_com_juzix_jugo_node_jni_NativeInterface_startTask:135]	commit a invite task to engine ok ! 
[13:58:47.204] [17355] [ERROR] [Java_com_juzix_jugo_node_jni_NativeInterface_startTask:135]	commit a invite task to engine ok ! 
[13:58:47.207] [17355] [ERROR] [Java_com_juzix_jugo_node_jni_NativeInterface_startTask:135]	commit a invite task to engine ok ! 
[13:58:47.210] [17355] [ERROR] [Java_com_juzix_jugo_node_jni_NativeInterface_startTask:135]	commit a invite task to engine ok ! 
[13:58:47.214] [17355] [ERROR] [Java_com_juzix_jugo_node_jni_NativeInterface_startTask:135]	commit a invite task to engine ok ! 
[13:58:47.217] [17355] [ERROR] [Java_com_juzix_jugo_node_jni_NativeInterface_startTask:135]	commit a invite task to engine ok ! 
[13:58:47.223] [17355] [ERROR] [Java_com_juzix_jugo_node_jni_NativeInterface_startTask:135]	commit a invite task to engine ok ! 
[13:58:47.227] [17355] [ERROR] [Java_com_juzix_jugo_node_jni_NativeInterface_startTask:135]	commit a invite task to engine ok ! 
[13:58:47.230] [17355] [ERROR] [Java_com_juzix_jugo_node_jni_NativeInterface_startTask:135]	commit a invite task to engine ok ! 
[13:58:47.233] [17355] [ERROR] [Java_com_juzix_jugo_node_jni_NativeInterface_startTask:135]	commit a invite task to engine ok ! 
[13:58:47.237] [17355] [ERROR] [Java_com_juzix_jugo_node_jni_NativeInterface_startTask:135]	commit a invite task to engine ok ! 
[13:58:47.243] [17355] [ERROR] [Java_com_juzix_jugo_node_jni_NativeInterface_startTask:135]	commit a invite task to engine ok ! 
[13:58:47.250] [17355] [ERROR] [Java_com_juzix_jugo_node_jni_NativeInterface_startTask:135]	commit a invite task to engine ok ! 
[13:58:47.255] [17355] [ERROR] [Java_com_juzix_jugo_node_jni_NativeInterface_startTask:135]	commit a invite task to engine ok ! 
[13:58:47.280] [17355] [ERROR] [Java_com_juzix_jugo_node_jni_NativeInterface_startTask:135]	commit a invite task to engine ok ! 
[13:58:47.291] [17355] [ERROR] [Java_com_juzix_jugo_node_jni_NativeInterface_startTask:135]	commit a invite task to engine ok ! 
[13:58:47.295] [17355] [ERROR] [Java_com_juzix_jugo_node_jni_NativeInterface_startTask:135]	commit a invite task to engine ok ! 
[13:58:47.301] [17355] [ERROR] [Java_com_juzix_jugo_node_jni_NativeInterface_startTask:135]	commit a invite task to engine ok ! 
[13:58:47.305] [17355] [ERROR] [Java_com_juzix_jugo_node_jni_NativeInterface_startTask:135]	commit a invite task to engine ok ! 
[13:58:47.310] [17355] [ERROR] [Java_com_juzix_jugo_node_jni_NativeInterface_startTask:135]	commit a invite task to engine ok ! 
[13:58:47.314] [17355] [ERROR] [Java_com_juzix_jugo_node_jni_NativeInterface_startTask:135]	commit a invite task to engine ok ! 
[13:58:47.319] [17355] [ERROR] [Java_com_juzix_jugo_node_jni_NativeInterface_startTask:135]	commit a invite task to engine ok ! 
[13:58:47.323] [17355] [ERROR] [Java_com_juzix_jugo_node_jni_NativeInterface_startTask:135]	commit a invite task to engine ok ! 
[13:58:47.326] [17355] [ERROR] [Java_com_juzix_jugo_node_jni_NativeInterface_startTask:135]	commit a invite task to engine ok ! 
[13:58:47.330] [17355] [ERROR] [Java_com_juzix_jugo_node_jni_NativeInterface_startTask:135]	commit a invite task to engine ok ! 
[13:58:47.334] [17355] [ERROR] [Java_com_juzix_jugo_node_jni_NativeInterface_startTask:135]	commit a invite task to engine ok ! 
[14:11:26.756] [525  ] [ERROR] [Java_com_juzix_jugo_node_jni_NativeInterface_startTask:135]	commit a invite task to engine ok ! 
[14:11:26.762] [525  ] [ERROR] [Java_com_juzix_jugo_node_jni_NativeInterface_startTask:135]	commit a invite task to engine ok ! 
[14:11:26.772] [525  ] [ERROR] [Java_com_juzix_jugo_node_jni_NativeInterface_startTask:135]	commit a invite task to engine ok ! 
[14:11:26.776] [525  ] [ERROR] [Java_com_juzix_jugo_node_jni_NativeInterface_startTask:135]	commit a invite task to engine ok ! 
[14:11:26.790] [525  ] [ERROR] [Java_com_juzix_jugo_node_jni_NativeInterface_startTask:135]	commit a invite task to engine ok ! 
[14:11:26.794] [525  ] [ERROR] [Java_com_juzix_jugo_node_jni_NativeInterface_startTask:135]	commit a invite task to engine ok ! 
[14:11:26.799] [525  ] [ERROR] [Java_com_juzix_jugo_node_jni_NativeInterface_startTask:135]	commit a invite task to engine ok ! 
[14:11:26.803] [525  ] [ERROR] [Java_com_juzix_jugo_node_jni_NativeInterface_startTask:135]	commit a invite task to engine ok ! 
[14:11:26.807] [525  ] [ERROR] [Java_com_juzix_jugo_node_jni_NativeInterface_startTask:135]	commit a invite task to engine ok ! 
[14:11:26.811] [525  ] [ERROR] [Java_com_juzix_jugo_node_jni_NativeInterface_startTask:135]	commit a invite task to engine ok ! 
[14:11:26.816] [525  ] [ERROR] [Java_com_juzix_jugo_node_jni_NativeInterface_startTask:135]	commit a invite task to engine ok ! 
[14:11:26.821] [525  ] [ERROR] [Java_com_juzix_jugo_node_jni_NativeInterface_startTask:135]	commit a invite task to engine ok ! 
[14:11:26.839] [525  ] [ERROR] [Java_com_juzix_jugo_node_jni_NativeInterface_startTask:135]	commit a invite task to engine ok ! 
[14:11:26.855] [525  ] [ERROR] [Java_com_juzix_jugo_node_jni_NativeInterface_startTask:135]	commit a invite task to engine ok ! 
[14:11:26.859] [525  ] [ERROR] [Java_com_juzix_jugo_node_jni_NativeInterface_startTask:135]	commit a invite task to engine ok ! 
[14:11:26.862] [525  ] [ERROR] [Java_com_juzix_jugo_node_jni_NativeInterface_startTask:135]	commit a invite task to engine ok ! 
[14:11:26.866] [525  ] [ERROR] [Java_com_juzix_jugo_node_jni_NativeInterface_startTask:135]	commit a invite task to engine ok ! 
[14:11:26.869] [525  ] [ERROR] [Java_com_juzix_jugo_node_jni_NativeInterface_startTask:135]	commit a invite task to engine ok ! 
[14:11:26.874] [525  ] [ERROR] [Java_com_juzix_jugo_node_jni_NativeInterface_startTask:135]	commit a invite task to engine ok ! 
[14:11:26.877] [525  ] [ERROR] [Java_com_juzix_jugo_node_jni_NativeInterface_startTask:135]	commit a invite task to engine ok ! 
[14:11:26.880] [525  ] [ERROR] [Java_com_juzix_jugo_node_jni_NativeInterface_startTask:135]	commit a invite task to engine ok ! 
[14:11:26.884] [525  ] [ERROR] [Java_com_juzix_jugo_node_jni_NativeInterface_startTask:135]	commit a invite task to engine ok ! 
[14:11:26.887] [525  ] [ERROR] [Java_com_juzix_jugo_node_jni_NativeInterface_startTask:135]	commit a invite task to engine ok ! 
[14:11:26.889] [525  ] [ERROR] [Java_com_juzix_jugo_node_jni_NativeInterface_startTask:135]	commit a invite task to engine ok ! 
[14:11:26.892] [525  ] [ERROR] [Java_com_juzix_jugo_node_jni_NativeInterface_startTask:135]	commit a invite task to engine ok ! 
[14:11:26.895] [525  ] [ERROR] [Java_com_juzix_jugo_node_jni_NativeInterface_startTask:135]	commit a invite task to engine ok ! 
[14:11:26.899] [525  ] [ERROR] [Java_com_juzix_jugo_node_jni_NativeInterface_startTask:135]	commit a invite task to engine ok ! 
[14:11:26.902] [525  ] [ERROR] [Java_com_juzix_jugo_node_jni_NativeInterface_startTask:135]	commit a invite task to engine ok ! 
[14:11:26.905] [525  ] [ERROR] [Java_com_juzix_jugo_node_jni_NativeInterface_startTask:135]	commit a invite task to engine ok ! 
[14:11:26.908] [525  ] [ERROR] [Java_com_juzix_jugo_node_jni_NativeInterface_startTask:135]	commit a invite task to engine ok ! 
[14:11:26.911] [525  ] [ERROR] [Java_com_juzix_jugo_node_jni_NativeInterface_startTask:135]	commit a invite task to engine ok ! 
[14:11:26.914] [525  ] [ERROR] [Java_com_juzix_jugo_node_jni_NativeInterface_startTask:135]	commit a invite task to engine ok ! 
[14:11:26.916] [525  ] [ERROR] [Java_com_juzix_jugo_node_jni_NativeInterface_startTask:135]	commit a invite task to engine ok ! 
[14:11:26.919] [525  ] [ERROR] [Java_com_juzix_jugo_node_jni_NativeInterface_startTask:135]	commit a invite task to engine ok ! 
[14:11:26.922] [525  ] [ERROR] [Java_com_juzix_jugo_node_jni_NativeInterface_startTask:135]	commit a invite task to engine ok ! 
[14:11:26.925] [525  ] [ERROR] [Java_com_juzix_jugo_node_jni_NativeInterface_startTask:135]	commit a invite task to engine ok ! 
[14:11:26.928] [525  ] [ERROR] [Java_com_juzix_jugo_node_jni_NativeInterface_startTask:135]	commit a invite task to engine ok ! 
[14:11:26.931] [525  ] [ERROR] [Java_com_juzix_jugo_node_jni_NativeInterface_startTask:135]	commit a invite task to engine ok ! 
[14:11:26.935] [525  ] [ERROR] [Java_com_juzix_jugo_node_jni_NativeInterface_startTask:135]	commit a invite task to engine ok ! 
[14:11:26.937] [525  ] [ERROR] [Java_com_juzix_jugo_node_jni_NativeInterface_startTask:135]	commit a invite task to engine ok ! 
[14:11:26.940] [525  ] [ERROR] [Java_com_juzix_jugo_node_jni_NativeInterface_startTask:135]	commit a invite task to engine ok ! 
[14:11:26.943] [525  ] [ERROR] [Java_com_juzix_jugo_node_jni_NativeInterface_startTask:135]	commit a invite task to engine ok ! 
[14:11:26.946] [525  ] [ERROR] [Java_com_juzix_jugo_node_jni_NativeInterface_startTask:135]	commit a invite task to engine ok ! 
[14:11:26.948] [525  ] [ERROR] [Java_com_juzix_jugo_node_jni_NativeInterface_startTask:135]	commit a invite task to engine ok ! 
[14:11:26.951] [525  ] [ERROR] [Java_com_juzix_jugo_node_jni_NativeInterface_startTask:135]	commit a invite task to engine ok ! 
[14:11:26.953] [525  ] [ERROR] [Java_com_juzix_jugo_node_jni_NativeInterface_startTask:135]	commit a invite task to engine ok ! 
[14:11:26.956] [525  ] [ERROR] [Java_com_juzix_jugo_node_jni_NativeInterface_startTask:135]	commit a invite task to engine ok ! 
[14:11:26.959] [525  ] [ERROR] [Java_com_juzix_jugo_node_jni_NativeInterface_startTask:135]	commit a invite task to engine ok ! 
[14:11:26.961] [525  ] [ERROR] [Java_com_juzix_jugo_node_jni_NativeInterface_startTask:135]	commit a invite task to engine ok ! 
[14:11:26.964] [525  ] [ERROR] [Java_com_juzix_jugo_node_jni_NativeInterface_startTask:135]	commit a invite task to engine ok ! 
[14:11:26.967] [525  ] [ERROR] [Java_com_juzix_jugo_node_jni_NativeInterface_startTask:135]	commit a invite task to engine ok ! 
[14:11:26.970] [525  ] [ERROR] [Java_com_juzix_jugo_node_jni_NativeInterface_startTask:135]	commit a invite task to engine ok ! 
[14:11:26.973] [525  ] [ERROR] [Java_com_juzix_jugo_node_jni_NativeInterface_startTask:135]	commit a invite task to engine ok ! 
[14:11:26.976] [525  ] [ERROR] [Java_com_juzix_jugo_node_jni_NativeInterface_startTask:135]	commit a invite task to engine ok ! 
[14:11:26.979] [525  ] [ERROR] [Java_com_juzix_jugo_node_jni_NativeInterface_startTask:135]	commit a invite task to engine ok ! 
[14:11:26.982] [525  ] [ERROR] [Java_com_juzix_jugo_node_jni_NativeInterface_startTask:135]	commit a invite task to engine ok ! 
[14:11:26.984] [525  ] [ERROR] [Java_com_juzix_jugo_node_jni_NativeInterface_startTask:135]	commit a invite task to engine ok ! 
[14:11:26.987] [525  ] [ERROR] [Java_com_juzix_jugo_node_jni_NativeInterface_startTask:135]	commit a invite task to engine ok ! 
[14:11:26.990] [525  ] [ERROR] [Java_com_juzix_jugo_node_jni_NativeInterface_startTask:135]	commit a invite task to engine ok ! 
[14:11:26.993] [525  ] [ERROR] [Java_com_juzix_jugo_node_jni_NativeInterface_startTask:135]	commit a invite task to engine ok ! 
[14:11:26.996] [525  ] [ERROR] [Java_com_juzix_jugo_node_jni_NativeInterface_startTask:135]	commit a invite task to engine ok ! 
[14:11:26.999] [525  ] [ERROR] [Java_com_juzix_jugo_node_jni_NativeInterface_startTask:135]	commit a invite task to engine ok ! 
[14:11:27.002] [525  ] [ERROR] [Java_com_juzix_jugo_node_jni_NativeInterface_startTask:135]	commit a invite task to engine ok ! 
[14:11:27.006] [525  ] [ERROR] [Java_com_juzix_jugo_node_jni_NativeInterface_startTask:135]	commit a invite task to engine ok ! 
[14:11:27.009] [525  ] [ERROR] [Java_com_juzix_jugo_node_jni_NativeInterface_startTask:135]	commit a invite task to engine ok ! 
[14:11:27.012] [525  ] [ERROR] [Java_com_juzix_jugo_node_jni_NativeInterface_startTask:135]	commit a invite task to engine ok ! 
[14:11:27.014] [525  ] [ERROR] [Java_com_juzix_jugo_node_jni_NativeInterface_startTask:135]	commit a invite task to engine ok ! 
[14:11:27.017] [525  ] [ERROR] [Java_com_juzix_jugo_node_jni_NativeInterface_startTask:135]	commit a invite task to engine ok ! 
[14:11:27.020] [525  ] [ERROR] [Java_com_juzix_jugo_node_jni_NativeInterface_startTask:135]	commit a invite task to engine ok ! 
[14:11:27.022] [525  ] [ERROR] [Java_com_juzix_jugo_node_jni_NativeInterface_startTask:135]	commit a invite task to engine ok ! 
[14:11:27.025] [525  ] [ERROR] [Java_com_juzix_jugo_node_jni_NativeInterface_startTask:135]	commit a invite task to engine ok ! 
[14:11:27.028] [525  ] [ERROR] [Java_com_juzix_jugo_node_jni_NativeInterface_startTask:135]	commit a invite task to engine ok ! 
[14:11:27.030] [525  ] [ERROR] [Java_com_juzix_jugo_node_jni_NativeInterface_startTask:135]	commit a invite task to engine ok ! 
[14:11:27.033] [525  ] [ERROR] [Java_com_juzix_jugo_node_jni_NativeInterface_startTask:135]	commit a invite task to engine ok ! 
[14:11:27.036] [525  ] [ERROR] [Java_com_juzix_jugo_node_jni_NativeInterface_startTask:135]	commit a invite task to engine ok ! 
[14:11:27.038] [525  ] [ERROR] [Java_com_juzix_jugo_node_jni_NativeInterface_startTask:135]	commit a invite task to engine ok ! 
[14:11:27.041] [525  ] [ERROR] [Java_com_juzix_jugo_node_jni_NativeInterface_startTask:135]	commit a invite task to engine ok ! 
[14:11:27.044] [525  ] [ERROR] [Java_com_juzix_jugo_node_jni_NativeInterface_startTask:135]	commit a invite task to engine ok ! 
[14:11:27.047] [525  ] [ERROR] [Java_com_juzix_jugo_node_jni_NativeInterface_startTask:135]	commit a invite task to engine ok ! 
[14:11:27.050] [525  ] [ERROR] [Java_com_juzix_jugo_node_jni_NativeInterface_startTask:135]	commit a invite task to engine ok ! 
[14:11:27.053] [525  ] [ERROR] [Java_com_juzix_jugo_node_jni_NativeInterface_startTask:135]	commit a invite task to engine ok ! 
[14:11:27.056] [525  ] [ERROR] [Java_com_juzix_jugo_node_jni_NativeInterface_startTask:135]	commit a invite task to engine ok ! 
[14:11:27.059] [525  ] [ERROR] [Java_com_juzix_jugo_node_jni_NativeInterface_startTask:135]	commit a invite task to engine ok ! 
[14:11:27.062] [525  ] [ERROR] [Java_com_juzix_jugo_node_jni_NativeInterface_startTask:135]	commit a invite task to engine ok ! 
[14:11:27.065] [525  ] [ERROR] [Java_com_juzix_jugo_node_jni_NativeInterface_startTask:135]	commit a invite task to engine ok ! 
[14:11:27.068] [525  ] [ERROR] [Java_com_juzix_jugo_node_jni_NativeInterface_startTask:135]	commit a invite task to engine ok ! 
[14:11:27.070] [525  ] [ERROR] [Java_com_juzix_jugo_node_jni_NativeInterface_startTask:135]	commit a invite task to engine ok ! 
[14:11:27.073] [525  ] [ERROR] [Java_com_juzix_jugo_node_jni_NativeInterface_startTask:135]	commit a invite task to engine ok ! 
[14:11:27.076] [525  ] [ERROR] [Java_com_juzix_jugo_node_jni_NativeInterface_startTask:135]	commit a invite task to engine ok ! 
[14:11:27.079] [525  ] [ERROR] [Java_com_juzix_jugo_node_jni_NativeInterface_startTask:135]	commit a invite task to engine ok ! 
[14:11:27.082] [525  ] [ERROR] [Java_com_juzix_jugo_node_jni_NativeInterface_startTask:135]	commit a invite task to engine ok ! 
[14:11:27.085] [525  ] [ERROR] [Java_com_juzix_jugo_node_jni_NativeInterface_startTask:135]	commit a invite task to engine ok ! 
[14:11:27.087] [525  ] [ERROR] [Java_com_juzix_jugo_node_jni_NativeInterface_startTask:135]	commit a invite task to engine ok ! 
[14:11:27.090] [525  ] [ERROR] [Java_com_juzix_jugo_node_jni_NativeInterface_startTask:135]	commit a invite task to engine ok ! 
[14:11:27.093] [525  ] [ERROR] [Java_com_juzix_jugo_node_jni_NativeInterface_startTask:135]	commit a invite task to engine ok ! 
[14:11:27.096] [525  ] [ERROR] [Java_com_juzix_jugo_node_jni_NativeInterface_startTask:135]	commit a invite task to engine ok ! 
[14:11:27.098] [525  ] [ERROR] [Java_com_juzix_jugo_node_jni_NativeInterface_startTask:135]	commit a invite task to engine ok ! 
[14:11:27.101] [525  ] [ERROR] [Java_com_juzix_jugo_node_jni_NativeInterface_startTask:135]	commit a invite task to engine ok ! 
[14:11:27.103] [525  ] [ERROR] [Java_com_juzix_jugo_node_jni_NativeInterface_startTask:135]	commit a invite task to engine ok ! 
[14:11:27.106] [525  ] [ERROR] [Java_com_juzix_jugo_node_jni_NativeInterface_startTask:135]	commit a invite task to engine ok ! 
[14:11:27.631] [17501] [WARN ] [allReady:100]	the task not exists (wait invite callback) !!! task: 1af693e0-4ebe-45dc-abcb-d896975eac7d, try wait 10ms... 
[14:11:27.685] [17501] [WARN ] [allReady:100]	the task not exists (wait invite callback) !!! task: 36161715-8902-40b4-8c61-5f23a74f614d, try wait 10ms... 
[14:11:27.791] [17501] [WARN ] [allReady:100]	the task not exists (wait invite callback) !!! task: 42789d47-4a32-474a-a56c-501d4c550910, try wait 10ms... 
[14:12:45.464] [530  ] [ERROR] [error:157]	got error busi back: 6b2e6ac5-26cb-4cd7-95f3-8f3ad793c479, code: 1007 
[14:12:45.465] [530  ] [WARN ] [error:167]	busi err back, erase task failed, cannot find cache task: 6b2e6ac5-26cb-4cd7-95f3-8f3ad793c479 !  [THE user: test006] 
[14:12:45.477] [530  ] [ERROR] [error:157]	got error busi back: 70330a65-d93a-43db-8237-0a56485612ed, code: 1007 
[14:12:45.477] [530  ] [WARN ] [error:167]	busi err back, erase task failed, cannot find cache task: 70330a65-d93a-43db-8237-0a56485612ed !  [THE user: test006] 
[14:12:45.479] [530  ] [ERROR] [error:157]	got error busi back: fb9a4c69-b2d5-4b90-b7e4-c5b2350767af, code: 1007 
[14:12:45.479] [530  ] [WARN ] [error:167]	busi err back, erase task failed, cannot find cache task: fb9a4c69-b2d5-4b90-b7e4-c5b2350767af !  [THE user: test006] 
[14:12:45.480] [530  ] [ERROR] [error:157]	got error busi back: a8767e9d-87e2-4457-ad09-82c1359f3c7a, code: 1007 
[14:12:45.480] [530  ] [WARN ] [error:167]	busi err back, erase task failed, cannot find cache task: a8767e9d-87e2-4457-ad09-82c1359f3c7a !  [THE user: test006] 
[14:12:45.484] [530  ] [ERROR] [error:157]	got error busi back: b80cf794-5363-43b3-bf30-68c0abecc682, code: 1007 
[14:12:45.484] [530  ] [WARN ] [error:167]	busi err back, erase task failed, cannot find cache task: b80cf794-5363-43b3-bf30-68c0abecc682 !  [THE user: test006] 
[14:12:45.485] [530  ] [ERROR] [error:157]	got error busi back: 8febf2bb-614e-4e04-8b57-38e602c7a2a9, code: 1007 
[14:12:45.485] [530  ] [WARN ] [error:167]	busi err back, erase task failed, cannot find cache task: 8febf2bb-614e-4e04-8b57-38e602c7a2a9 !  [THE user: test006] 
[14:12:45.486] [530  ] [ERROR] [error:157]	got error busi back: 6f1c8279-019e-4b43-8172-67d733408c80, code: 1007 
[14:12:45.486] [530  ] [WARN ] [error:167]	busi err back, erase task failed, cannot find cache task: 6f1c8279-019e-4b43-8172-67d733408c80 !  [THE user: test006] 
[14:12:45.488] [530  ] [ERROR] [error:157]	got error busi back: e8ba73c7-7bfb-498e-9e39-013a57932832, code: 1007 
[14:12:45.488] [530  ] [WARN ] [error:167]	busi err back, erase task failed, cannot find cache task: e8ba73c7-7bfb-498e-9e39-013a57932832 !  [THE user: test006] 
[14:12:45.491] [530  ] [ERROR] [error:157]	got error busi back: a0d14dec-680b-41bb-9022-011f427a7eaa, code: 1007 
[14:12:45.491] [530  ] [WARN ] [error:167]	busi err back, erase task failed, cannot find cache task: a0d14dec-680b-41bb-9022-011f427a7eaa !  [THE user: test006] 
[14:12:45.492] [530  ] [ERROR] [error:157]	got error busi back: 954c35e6-5c58-45ea-a150-390ff8b0f0fc, code: 1007 
[14:12:45.492] [530  ] [WARN ] [error:167]	busi err back, erase task failed, cannot find cache task: 954c35e6-5c58-45ea-a150-390ff8b0f0fc !  [THE user: test006] 
[14:12:45.492] [530  ] [ERROR] [error:157]	got error busi back: 65d0cd7d-315f-4819-9d44-2f2d1f0b8679, code: 1007 
[14:12:45.492] [530  ] [WARN ] [error:167]	busi err back, erase task failed, cannot find cache task: 65d0cd7d-315f-4819-9d44-2f2d1f0b8679 !  [THE user: test006] 
[14:12:45.493] [530  ] [ERROR] [error:157]	got error busi back: 0515b4f5-108b-44cc-9cec-a3d84f0a1239, code: 1007 
[14:12:45.493] [530  ] [WARN ] [error:167]	busi err back, erase task failed, cannot find cache task: 0515b4f5-108b-44cc-9cec-a3d84f0a1239 !  [THE user: test006] 
[14:12:45.495] [530  ] [ERROR] [error:157]	got error busi back: ae69f4f5-3052-4d75-8e1f-e6d5e378e201, code: 1007 
[14:12:45.495] [530  ] [WARN ] [error:167]	busi err back, erase task failed, cannot find cache task: ae69f4f5-3052-4d75-8e1f-e6d5e378e201 !  [THE user: test006] 
[14:12:45.496] [530  ] [ERROR] [error:157]	got error busi back: 5a3adc1c-4c0f-4e66-98ca-3485c195f5f7, code: 1007 
[14:12:45.496] [530  ] [WARN ] [error:167]	busi err back, erase task failed, cannot find cache task: 5a3adc1c-4c0f-4e66-98ca-3485c195f5f7 !  [THE user: test006] 
[14:12:45.502] [530  ] [ERROR] [error:157]	got error busi back: 3c70d5ac-3389-4177-9db1-84363c0e106b, code: 1007 
[14:12:45.502] [530  ] [WARN ] [error:167]	busi err back, erase task failed, cannot find cache task: 3c70d5ac-3389-4177-9db1-84363c0e106b !  [THE user: test006] 
[14:12:45.502] [530  ] [ERROR] [error:157]	got error busi back: bf39589f-839f-49d1-a2d9-a079547d5f56, code: 1007 
[14:12:45.502] [530  ] [WARN ] [error:167]	busi err back, erase task failed, cannot find cache task: bf39589f-839f-49d1-a2d9-a079547d5f56 !  [THE user: test006] 
[14:12:45.503] [530  ] [ERROR] [error:157]	got error busi back: 8b9b3112-03e2-4fa4-9fd8-a6b300434329, code: 1007 
[14:12:45.503] [530  ] [WARN ] [error:167]	busi err back, erase task failed, cannot find cache task: 8b9b3112-03e2-4fa4-9fd8-a6b300434329 !  [THE user: test006] 
[14:12:45.509] [530  ] [ERROR] [error:157]	got error busi back: 0aaca994-5d32-443c-a312-a54e5ba0c191, code: 1007 
[14:12:45.509] [530  ] [WARN ] [error:167]	busi err back, erase task failed, cannot find cache task: 0aaca994-5d32-443c-a312-a54e5ba0c191 !  [THE user: test006] 
[14:12:45.510] [530  ] [ERROR] [error:157]	got error busi back: f4657242-4696-4d7a-9115-9072a94354e2, code: 1007 
[14:12:45.511] [530  ] [WARN ] [error:167]	busi err back, erase task failed, cannot find cache task: f4657242-4696-4d7a-9115-9072a94354e2 !  [THE user: test006] 
[14:12:45.517] [530  ] [ERROR] [error:157]	got error busi back: 2764e135-52ff-40ca-99f4-bd448e612948, code: 1007 
[14:12:45.517] [530  ] [WARN ] [error:167]	busi err back, erase task failed, cannot find cache task: 2764e135-52ff-40ca-99f4-bd448e612948 !  [THE user: test006] 
[14:12:45.518] [530  ] [ERROR] [error:157]	got error busi back: 7c4d57ac-6d96-4c7f-8843-4d877c7107d4, code: 1007 
[14:12:45.518] [530  ] [WARN ] [error:167]	busi err back, erase task failed, cannot find cache task: 7c4d57ac-6d96-4c7f-8843-4d877c7107d4 !  [THE user: test006] 
[14:12:45.519] [530  ] [ERROR] [error:157]	got error busi back: 09899fee-0c0c-4d40-a080-803011ac71fc, code: 1007 
[14:12:45.519] [530  ] [WARN ] [error:167]	busi err back, erase task failed, cannot find cache task: 09899fee-0c0c-4d40-a080-803011ac71fc !  [THE user: test006] 
[14:12:45.520] [530  ] [ERROR] [error:157]	got error busi back: 2652b7b5-3d25-4d7d-9914-31882369bade, code: 1007 
[14:12:45.520] [530  ] [WARN ] [error:167]	busi err back, erase task failed, cannot find cache task: 2652b7b5-3d25-4d7d-9914-31882369bade !  [THE user: test006] 
[14:12:45.521] [530  ] [ERROR] [error:157]	got error busi back: cf9f8857-cb75-4011-8214-9dc101597c85, code: 1007 
[14:12:45.521] [530  ] [WARN ] [error:167]	busi err back, erase task failed, cannot find cache task: cf9f8857-cb75-4011-8214-9dc101597c85 !  [THE user: test006] 
[14:12:45.527] [530  ] [ERROR] [error:157]	got error busi back: b8a2ab1f-45fc-4922-87b8-1ccd7cd889e7, code: 1007 
[14:12:45.527] [530  ] [WARN ] [error:167]	busi err back, erase task failed, cannot find cache task: b8a2ab1f-45fc-4922-87b8-1ccd7cd889e7 !  [THE user: test006] 
[14:12:45.528] [530  ] [ERROR] [error:157]	got error busi back: 68a7d0d1-64aa-475b-b41d-89956eedf026, code: 1007 
[14:12:45.528] [530  ] [WARN ] [error:167]	busi err back, erase task failed, cannot find cache task: 68a7d0d1-64aa-475b-b41d-89956eedf026 !  [THE user: test006] 
[14:12:45.529] [530  ] [ERROR] [error:157]	got error busi back: 8b9f8970-4cbc-486a-ba3c-3fab0c1ce464, code: 1007 
[14:12:45.529] [530  ] [WARN ] [error:167]	busi err back, erase task failed, cannot find cache task: 8b9f8970-4cbc-486a-ba3c-3fab0c1ce464 !  [THE user: test006] 
[14:12:45.533] [530  ] [ERROR] [error:157]	got error busi back: c4f2d409-26fd-4af8-b43f-13d534b22a60, code: 1007 
[14:12:45.533] [530  ] [WARN ] [error:167]	busi err back, erase task failed, cannot find cache task: c4f2d409-26fd-4af8-b43f-13d534b22a60 !  [THE user: test006] 
[14:12:45.544] [530  ] [ERROR] [error:157]	got error busi back: ec623c08-c951-49a7-a317-ada5e9b923e5, code: 1007 
[14:12:45.544] [530  ] [WARN ] [error:167]	busi err back, erase task failed, cannot find cache task: ec623c08-c951-49a7-a317-ada5e9b923e5 !  [THE user: test006] 
[14:12:45.545] [530  ] [ERROR] [error:157]	got error busi back: ecb0cba0-ff2a-47b9-a8b6-b3ab0a4c5acf, code: 1007 
[14:12:45.545] [530  ] [WARN ] [error:167]	busi err back, erase task failed, cannot find cache task: ecb0cba0-ff2a-47b9-a8b6-b3ab0a4c5acf !  [THE user: test006] 
[14:12:45.546] [530  ] [ERROR] [error:157]	got error busi back: 65067876-29a3-47d3-81ac-eda2771e8aec, code: 1007 
[14:12:45.546] [530  ] [WARN ] [error:167]	busi err back, erase task failed, cannot find cache task: 65067876-29a3-47d3-81ac-eda2771e8aec !  [THE user: test006] 
[14:12:45.547] [530  ] [ERROR] [error:157]	got error busi back: 427d1883-8527-4985-bbcc-4ac757382c36, code: 1007 
[14:12:45.547] [530  ] [WARN ] [error:167]	busi err back, erase task failed, cannot find cache task: 427d1883-8527-4985-bbcc-4ac757382c36 !  [THE user: test006] 
[14:12:45.550] [530  ] [ERROR] [error:157]	got error busi back: d9d56a04-9915-4d2f-b400-eceab046ff24, code: 1007 
[14:12:45.550] [530  ] [WARN ] [error:167]	busi err back, erase task failed, cannot find cache task: d9d56a04-9915-4d2f-b400-eceab046ff24 !  [THE user: test006] 
[14:12:45.551] [17501] [ERROR] [error:157]	got error busi back: 7ce52cc0-4bda-4d43-9476-86ac639b4062, code: 1007 
[14:12:45.551] [17501] [WARN ] [error:167]	busi err back, erase task failed, cannot find cache task: 7ce52cc0-4bda-4d43-9476-86ac639b4062 !  [THE user: test006] 
[14:12:45.556] [530  ] [ERROR] [error:157]	got error busi back: f4be1b3e-71a1-437f-b900-625a3c9e3209, code: 1007 
[14:12:45.556] [530  ] [WARN ] [error:167]	busi err back, erase task failed, cannot find cache task: f4be1b3e-71a1-437f-b900-625a3c9e3209 !  [THE user: test006] 
[14:12:45.558] [17501] [ERROR] [error:157]	got error busi back: 1b2fc0de-14a2-4f4c-84e5-c6459b35ccea, code: 1007 
[14:12:45.558] [17501] [WARN ] [error:167]	busi err back, erase task failed, cannot find cache task: 1b2fc0de-14a2-4f4c-84e5-c6459b35ccea !  [THE user: test006] 
[14:12:45.559] [530  ] [ERROR] [error:157]	got error busi back: 7f81e4c1-9c24-4689-9391-7d35a354f916, code: 1007 
[14:12:45.559] [530  ] [WARN ] [error:167]	busi err back, erase task failed, cannot find cache task: 7f81e4c1-9c24-4689-9391-7d35a354f916 !  [THE user: test006] 
[14:12:45.567] [17501] [ERROR] [error:157]	got error busi back: ad15134e-2fb8-4d72-9161-d22158d5f4be, code: 1007 
[14:12:45.567] [17501] [WARN ] [error:167]	busi err back, erase task failed, cannot find cache task: ad15134e-2fb8-4d72-9161-d22158d5f4be !  [THE user: test006] 
[14:12:45.571] [530  ] [ERROR] [error:157]	got error busi back: 95fe8a18-7b14-4e32-8124-77d8e66be2be, code: 1007 
[14:12:45.571] [530  ] [WARN ] [error:167]	busi err back, erase task failed, cannot find cache task: 95fe8a18-7b14-4e32-8124-77d8e66be2be !  [THE user: test006] 
[14:12:45.572] [17501] [ERROR] [error:157]	got error busi back: f151e78d-5c47-491c-8eec-31555937e04f, code: 1007 
[14:12:45.572] [17501] [WARN ] [error:167]	busi err back, erase task failed, cannot find cache task: f151e78d-5c47-491c-8eec-31555937e04f !  [THE user: test006] 
[14:12:45.574] [530  ] [ERROR] [error:157]	got error busi back: 475754ca-ad72-44f8-b208-2ce3deb7a6b0, code: 1007 
[14:12:45.574] [530  ] [WARN ] [error:167]	busi err back, erase task failed, cannot find cache task: 475754ca-ad72-44f8-b208-2ce3deb7a6b0 !  [THE user: test006] 
[14:12:45.574] [17501] [ERROR] [error:157]	got error busi back: a2ff0e37-02a7-4ae8-8a9c-47ccc4e59d5f, code: 1007 
[14:12:45.574] [17501] [WARN ] [error:167]	busi err back, erase task failed, cannot find cache task: a2ff0e37-02a7-4ae8-8a9c-47ccc4e59d5f !  [THE user: test006] 
[14:12:45.576] [530  ] [ERROR] [error:157]	got error busi back: 38b38a40-e957-4d86-863b-077c454df5cd, code: 1007 
[14:12:45.576] [530  ] [WARN ] [error:167]	busi err back, erase task failed, cannot find cache task: 38b38a40-e957-4d86-863b-077c454df5cd !  [THE user: test006] 
[14:12:45.577] [17501] [ERROR] [error:157]	got error busi back: 72c9fccb-5327-40f0-846a-ecd5e094cf65, code: 1007 
[14:12:45.577] [17501] [WARN ] [error:167]	busi err back, erase task failed, cannot find cache task: 72c9fccb-5327-40f0-846a-ecd5e094cf65 !  [THE user: test006] 
[14:12:45.577] [530  ] [ERROR] [error:157]	got error busi back: d557cf0b-a143-4282-9078-46b1237c36e5, code: 1007 
[14:12:45.577] [530  ] [WARN ] [error:167]	busi err back, erase task failed, cannot find cache task: d557cf0b-a143-4282-9078-46b1237c36e5 !  [THE user: test006] 
[14:12:45.578] [17501] [ERROR] [error:157]	got error busi back: 6ef63bae-05df-4063-aff0-17dc6e16bc0f, code: 1007 
[14:12:45.578] [17501] [WARN ] [error:167]	busi err back, erase task failed, cannot find cache task: 6ef63bae-05df-4063-aff0-17dc6e16bc0f !  [THE user: test006] 
[14:12:45.579] [530  ] [ERROR] [error:157]	got error busi back: a519d831-821b-4bd8-bd17-deb938d634f7, code: 1007 
[14:12:45.579] [530  ] [WARN ] [error:167]	busi err back, erase task failed, cannot find cache task: a519d831-821b-4bd8-bd17-deb938d634f7 !  [THE user: test006] 
[14:12:45.586] [17501] [ERROR] [error:157]	got error busi back: 648767ba-672c-48b7-a98f-6f44b5459a51, code: 1007 
[14:12:45.586] [17501] [WARN ] [error:167]	busi err back, erase task failed, cannot find cache task: 648767ba-672c-48b7-a98f-6f44b5459a51 !  [THE user: test006] 
[14:12:45.586] [530  ] [ERROR] [error:157]	got error busi back: 67cbc25d-5129-4925-841e-60b62761455b, code: 1007 
[14:12:45.586] [530  ] [WARN ] [error:167]	busi err back, erase task failed, cannot find cache task: 67cbc25d-5129-4925-841e-60b62761455b !  [THE user: test006] 
[14:12:45.588] [17501] [ERROR] [error:157]	got error busi back: 938839f0-27a9-4d38-8ec3-66edbc98d52c, code: 1007 
[14:12:45.588] [17501] [WARN ] [error:167]	busi err back, erase task failed, cannot find cache task: 938839f0-27a9-4d38-8ec3-66edbc98d52c !  [THE user: test006] 
[14:12:45.589] [530  ] [ERROR] [error:157]	got error busi back: 0eb18384-8338-412f-b04f-82f7aeafb9b0, code: 1007 
[14:12:45.589] [530  ] [WARN ] [error:167]	busi err back, erase task failed, cannot find cache task: 0eb18384-8338-412f-b04f-82f7aeafb9b0 !  [THE user: test006] 
[14:12:45.591] [17501] [ERROR] [error:157]	got error busi back: 8f269e76-9007-4461-8059-fb0f518784a4, code: 1007 
[14:12:45.591] [17501] [WARN ] [error:167]	busi err back, erase task failed, cannot find cache task: 8f269e76-9007-4461-8059-fb0f518784a4 !  [THE user: test006] 
[14:12:45.591] [530  ] [ERROR] [error:157]	got error busi back: 05f09f01-154a-4abd-b119-44c188b10efe, code: 1007 
[14:12:45.591] [530  ] [WARN ] [error:167]	busi err back, erase task failed, cannot find cache task: 05f09f01-154a-4abd-b119-44c188b10efe !  [THE user: test006] 
[14:12:45.593] [17501] [ERROR] [error:157]	got error busi back: 916d8d5c-6e6a-46d3-9441-ee7971104f4c, code: 1007 
[14:12:45.593] [17501] [WARN ] [error:167]	busi err back, erase task failed, cannot find cache task: 916d8d5c-6e6a-46d3-9441-ee7971104f4c !  [THE user: test006] 
[14:12:45.593] [530  ] [ERROR] [error:157]	got error busi back: 32d1920c-0179-4f71-8ba7-37c68824c8b8, code: 1007 
[14:12:45.593] [530  ] [WARN ] [error:167]	busi err back, erase task failed, cannot find cache task: 32d1920c-0179-4f71-8ba7-37c68824c8b8 !  [THE user: test006] 
[14:12:45.594] [17501] [ERROR] [error:157]	got error busi back: b75ce889-1aee-4a47-965c-84821696d56e, code: 1007 
[14:12:45.594] [17501] [WARN ] [error:167]	busi err back, erase task failed, cannot find cache task: b75ce889-1aee-4a47-965c-84821696d56e !  [THE user: test006] 
[14:12:45.596] [530  ] [ERROR] [error:157]	got error busi back: de6bd23f-af51-4210-ab62-77f259fce197, code: 1007 
[14:12:45.596] [530  ] [WARN ] [error:167]	busi err back, erase task failed, cannot find cache task: de6bd23f-af51-4210-ab62-77f259fce197 !  [THE user: test006] 
[14:12:45.597] [17501] [ERROR] [error:157]	got error busi back: 43ed7316-30c5-483c-a8fc-42fabd15a75d, code: 1007 
[14:12:45.597] [17501] [WARN ] [error:167]	busi err back, erase task failed, cannot find cache task: 43ed7316-30c5-483c-a8fc-42fabd15a75d !  [THE user: test006] 
[14:12:45.597] [530  ] [ERROR] [error:157]	got error busi back: 1634c36e-70d9-43bb-b160-9df4a7f9dc06, code: 1007 
[14:12:45.597] [530  ] [WARN ] [error:167]	busi err back, erase task failed, cannot find cache task: 1634c36e-70d9-43bb-b160-9df4a7f9dc06 !  [THE user: test006] 
[14:12:45.599] [17501] [ERROR] [error:157]	got error busi back: 896de05b-1068-4f9c-b2a1-2064119c36fd, code: 1007 
[14:12:45.599] [17501] [WARN ] [error:167]	busi err back, erase task failed, cannot find cache task: 896de05b-1068-4f9c-b2a1-2064119c36fd !  [THE user: test006] 
[14:13:21.559] [15919] [WARN ] [~MpcMemPool:48]	the mempool is freed! 
