[14:14:23.144] [17406] [INFO ] [JNI_OnLoad:24]	jvm onload success ! 
[14:14:23.144] [17406] [INFO ] [init:111]	JniNativeCallback init ok. 
[14:14:23.144] [17406] [INFO ] [init:136]	to init engine, user: test006, mode: 0, proxyEndpoint: ProxyGlacier2/router:tcp -h 202.114.114.46 -p 4502 -t 11000 
[14:14:23.144] [17406] [WARN ] [init:158]	Cannot find the --Mpc.Data=xxxxx config item ! 
[14:14:23.145] [17406] [WARN ] [init:178]	Cannot find the --Mpc.Circuits=xxxxx config item ! not preload circuits !! 
[14:14:23.145] [17406] [INFO ] [init:188]	preload circuits ok ! 
[14:14:23.145] [17406] [INFO ] [init:212]	Not start node server ! use proxy forward ! 
[14:14:23.145] [17406] [INFO ] [MpcTaskDispatcher:39]	construct task dispatcher, with 8 processor, load balence is: 16384 
[14:14:23.145] [17406] [INFO ] [init:63]	INIT the processor: 0, type: 0 ok 
[14:14:23.145] [17414] [INFO ] [operator():54]	task processor: 0 is running... 
[14:14:23.145] [17415] [INFO ] [operator():54]	task processor: 1 is running... 
[14:14:23.145] [17414] [INFO ] [popInvitorReadyTask:270]	to POP a ready task from ready invitor queue to processor, now read_num: 0 ... 
[14:14:23.145] [17406] [INFO ] [init:63]	INIT the processor: 1, type: 0 ok 
[14:14:23.145] [17415] [INFO ] [popInvitorReadyTask:270]	to POP a ready task from ready invitor queue to processor, now read_num: 0 ... 
[14:14:23.145] [17406] [INFO ] [init:63]	INIT the processor: 2, type: 0 ok 
[14:14:23.145] [17416] [INFO ] [operator():54]	task processor: 2 is running... 
[14:14:23.145] [17416] [INFO ] [popInvitorReadyTask:270]	to POP a ready task from ready invitor queue to processor, now read_num: 0 ... 
[14:14:23.145] [17406] [INFO ] [init:63]	INIT the processor: 3, type: 0 ok 
[14:14:23.145] [17406] [INFO ] [init:63]	INIT the processor: 4, type: 1 ok 
[14:14:23.145] [17418] [INFO ] [operator():54]	task processor: 4 is running... 
[14:14:23.145] [17406] [INFO ] [init:63]	INIT the processor: 5, type: 1 ok 
[14:14:23.145] [17418] [INFO ] [popInviteeReadyTask:208]	to POP a ready task from ready invitee queue to processor, now read_num: 0 ... 
[14:14:23.145] [17406] [INFO ] [init:63]	INIT the processor: 6, type: 1 ok 
[14:14:23.145] [17420] [INFO ] [operator():54]	task processor: 6 is running... 
[14:14:23.145] [17406] [INFO ] [init:63]	INIT the processor: 7, type: 1 ok 
[14:14:23.145] [17420] [INFO ] [popInviteeReadyTask:208]	to POP a ready task from ready invitee queue to processor, now read_num: 0 ... 
[14:14:23.145] [17406] [INFO ] [init:234]	INIT task dispatcher done ! 
[14:14:23.146] [17419] [INFO ] [operator():54]	task processor: 5 is running... 
[14:14:23.145] [17417] [INFO ] [operator():54]	task processor: 3 is running... 
[14:14:23.146] [17421] [INFO ] [operator():54]	task processor: 7 is running... 
[06:14:23.146] [17419] [INFO ] [popInviteeReadyTask:208]	to POP a ready task from ready invitee queue to processor, now read_num: 0 ... 
[14:14:23.146] [17417] [INFO ] [popInvitorReadyTask:270]	to POP a ready task from ready invitor queue to processor, now read_num: 0 ... 
[14:14:23.146] [17406] [INFO ] [init:64]	connect to busi proxy server endpoint: ProxyGlacier2/router:tcp -h 202.114.114.46 -p 4502 -t 11000 
[14:14:23.146] [17421] [INFO ] [popInviteeReadyTask:208]	to POP a ready task from ready invitee queue to processor, now read_num: 0 ... 
[14:14:23.156] [17426] [INFO ] [connected:34]	to get session... 
[14:14:23.156] [17426] [INFO ] [connected:38]	to get create busi node callback... 
[14:14:23.156] [17426] [INFO ] [connected:46]	to set node callback, public endpoint: ProxyGlacier2/router:tcp -h 202.114.114.46 -p 4502 -t 11000, user: test006 ... 
[14:14:23.158] [17426] [WARN ] [connected:55]	the busi session create success. 
[14:14:23.652] [17406] [INFO ] [init:69]	waiting for node busi client inited ... timeout 1s.. 
[14:14:23.652] [17406] [INFO ] [init:74]	the busi node communicator is prepared !!!! 
[14:14:23.652] [17406] [INFO ] [init:86]	INIT busi node client success. user: test006, proxyEndpoint: ProxyGlacier2/router:tcp -h 202.114.114.46 -p 4502 -t 11000 
[14:14:23.652] [17406] [INFO ] [init:244]	INIT busi node client done ! 
[14:14:23.652] [17406] [INFO ] [init:48]	input ready process init ok. 
[14:14:23.652] [17406] [INFO ] [init:253]	INIT input ready processor done ! 
[14:14:23.652] [17406] [INFO ] [init:48]	ready process init ok. max request queue size: 4 
[14:14:23.652] [17406] [INFO ] [init:263]	INIT ready processor done ! 
[14:14:23.652] [17484] [INFO ] [popCommitTask:127]	to POP a commit task, task size: 0  ... 
[14:14:23.652] [17406] [INFO ] [init:269]	Mpc engine init success. 
[14:14:23.653] [17406] [INFO ] [Java_com_juzix_jugo_node_jni_NativeInterface_setDataLogLevel:155]	init the log to level: 3, data log state: 0 
[14:14:23.656] [17406] [ERROR] [Java_com_juzix_jugo_node_jni_NativeInterface_startTask:135]	commit a invite task to engine ok ! 
[14:14:23.708] [17406] [ERROR] [Java_com_juzix_jugo_node_jni_NativeInterface_startTask:135]	commit a invite task to engine ok ! 
[14:14:23.715] [17406] [ERROR] [Java_com_juzix_jugo_node_jni_NativeInterface_startTask:135]	commit a invite task to engine ok ! 
[14:14:23.732] [17406] [ERROR] [Java_com_juzix_jugo_node_jni_NativeInterface_startTask:135]	commit a invite task to engine ok ! 
[14:14:23.746] [17406] [ERROR] [Java_com_juzix_jugo_node_jni_NativeInterface_startTask:135]	commit a invite task to engine ok ! 
[14:14:23.751] [17406] [ERROR] [Java_com_juzix_jugo_node_jni_NativeInterface_startTask:135]	commit a invite task to engine ok ! 
[14:14:23.755] [17406] [ERROR] [Java_com_juzix_jugo_node_jni_NativeInterface_startTask:135]	commit a invite task to engine ok ! 
[14:14:23.760] [17406] [ERROR] [Java_com_juzix_jugo_node_jni_NativeInterface_startTask:135]	commit a invite task to engine ok ! 
[14:14:23.764] [17406] [ERROR] [Java_com_juzix_jugo_node_jni_NativeInterface_startTask:135]	commit a invite task to engine ok ! 
[14:14:23.768] [17406] [ERROR] [Java_com_juzix_jugo_node_jni_NativeInterface_startTask:135]	commit a invite task to engine ok ! 
[14:14:23.774] [17406] [ERROR] [Java_com_juzix_jugo_node_jni_NativeInterface_startTask:135]	commit a invite task to engine ok ! 
[14:14:23.778] [17406] [ERROR] [Java_com_juzix_jugo_node_jni_NativeInterface_startTask:135]	commit a invite task to engine ok ! 
[14:14:23.783] [17406] [ERROR] [Java_com_juzix_jugo_node_jni_NativeInterface_startTask:135]	commit a invite task to engine ok ! 
[14:14:23.787] [17406] [ERROR] [Java_com_juzix_jugo_node_jni_NativeInterface_startTask:135]	commit a invite task to engine ok ! 
[14:14:23.790] [17406] [ERROR] [Java_com_juzix_jugo_node_jni_NativeInterface_startTask:135]	commit a invite task to engine ok ! 
[14:14:23.796] [17406] [ERROR] [Java_com_juzix_jugo_node_jni_NativeInterface_startTask:135]	commit a invite task to engine ok ! 
[14:14:23.800] [17406] [ERROR] [Java_com_juzix_jugo_node_jni_NativeInterface_startTask:135]	commit a invite task to engine ok ! 
[14:14:23.804] [17406] [ERROR] [Java_com_juzix_jugo_node_jni_NativeInterface_startTask:135]	commit a invite task to engine ok ! 
[14:14:23.808] [17406] [ERROR] [Java_com_juzix_jugo_node_jni_NativeInterface_startTask:135]	commit a invite task to engine ok ! 
[14:14:23.811] [17406] [ERROR] [Java_com_juzix_jugo_node_jni_NativeInterface_startTask:135]	commit a invite task to engine ok ! 
[14:14:23.816] [17406] [ERROR] [Java_com_juzix_jugo_node_jni_NativeInterface_startTask:135]	commit a invite task to engine ok ! 
[14:14:23.819] [17424] [WARN ] [MpcMemPool:42]	the mempool construction, size: 134217728, mem: 0x7f55bde0f010 
[14:14:23.820] [17406] [ERROR] [Java_com_juzix_jugo_node_jni_NativeInterface_startTask:135]	commit a invite task to engine ok ! 
[14:14:23.824] [17406] [ERROR] [Java_com_juzix_jugo_node_jni_NativeInterface_startTask:135]	commit a invite task to engine ok ! 
[14:14:23.828] [17406] [ERROR] [Java_com_juzix_jugo_node_jni_NativeInterface_startTask:135]	commit a invite task to engine ok ! 
[14:14:23.832] [17406] [ERROR] [Java_com_juzix_jugo_node_jni_NativeInterface_startTask:135]	commit a invite task to engine ok ! 
[14:14:23.836] [17406] [ERROR] [Java_com_juzix_jugo_node_jni_NativeInterface_startTask:135]	commit a invite task to engine ok ! 
[14:14:23.839] [17406] [ERROR] [Java_com_juzix_jugo_node_jni_NativeInterface_startTask:135]	commit a invite task to engine ok ! 
[14:14:23.843] [17406] [ERROR] [Java_com_juzix_jugo_node_jni_NativeInterface_startTask:135]	commit a invite task to engine ok ! 
[14:14:23.847] [17406] [ERROR] [Java_com_juzix_jugo_node_jni_NativeInterface_startTask:135]	commit a invite task to engine ok ! 
[14:14:23.851] [17406] [ERROR] [Java_com_juzix_jugo_node_jni_NativeInterface_startTask:135]	commit a invite task to engine ok ! 
[14:14:23.857] [17406] [ERROR] [Java_com_juzix_jugo_node_jni_NativeInterface_startTask:135]	commit a invite task to engine ok ! 
[14:14:23.870] [17406] [ERROR] [Java_com_juzix_jugo_node_jni_NativeInterface_startTask:135]	commit a invite task to engine ok ! 
[14:14:23.874] [17406] [ERROR] [Java_com_juzix_jugo_node_jni_NativeInterface_startTask:135]	commit a invite task to engine ok ! 
[14:14:23.879] [17406] [ERROR] [Java_com_juzix_jugo_node_jni_NativeInterface_startTask:135]	commit a invite task to engine ok ! 
[14:14:23.884] [17406] [ERROR] [Java_com_juzix_jugo_node_jni_NativeInterface_startTask:135]	commit a invite task to engine ok ! 
[14:14:23.889] [17406] [ERROR] [Java_com_juzix_jugo_node_jni_NativeInterface_startTask:135]	commit a invite task to engine ok ! 
[14:14:23.894] [17406] [ERROR] [Java_com_juzix_jugo_node_jni_NativeInterface_startTask:135]	commit a invite task to engine ok ! 
[14:14:23.899] [17406] [ERROR] [Java_com_juzix_jugo_node_jni_NativeInterface_startTask:135]	commit a invite task to engine ok ! 
[14:14:23.904] [17406] [ERROR] [Java_com_juzix_jugo_node_jni_NativeInterface_startTask:135]	commit a invite task to engine ok ! 
[14:14:23.910] [17406] [ERROR] [Java_com_juzix_jugo_node_jni_NativeInterface_startTask:135]	commit a invite task to engine ok ! 
[14:14:23.915] [17406] [ERROR] [Java_com_juzix_jugo_node_jni_NativeInterface_startTask:135]	commit a invite task to engine ok ! 
[14:14:23.922] [17406] [ERROR] [Java_com_juzix_jugo_node_jni_NativeInterface_startTask:135]	commit a invite task to engine ok ! 
[14:14:23.926] [17406] [ERROR] [Java_com_juzix_jugo_node_jni_NativeInterface_startTask:135]	commit a invite task to engine ok ! 
[14:14:23.931] [17406] [ERROR] [Java_com_juzix_jugo_node_jni_NativeInterface_startTask:135]	commit a invite task to engine ok ! 
[14:14:23.937] [17406] [ERROR] [Java_com_juzix_jugo_node_jni_NativeInterface_startTask:135]	commit a invite task to engine ok ! 
[14:14:23.942] [17406] [ERROR] [Java_com_juzix_jugo_node_jni_NativeInterface_startTask:135]	commit a invite task to engine ok ! 
[14:14:23.948] [17406] [ERROR] [Java_com_juzix_jugo_node_jni_NativeInterface_startTask:135]	commit a invite task to engine ok ! 
[14:14:23.953] [17406] [ERROR] [Java_com_juzix_jugo_node_jni_NativeInterface_startTask:135]	commit a invite task to engine ok ! 
[14:14:23.957] [17406] [ERROR] [Java_com_juzix_jugo_node_jni_NativeInterface_startTask:135]	commit a invite task to engine ok ! 
[14:14:23.960] [17406] [ERROR] [Java_com_juzix_jugo_node_jni_NativeInterface_startTask:135]	commit a invite task to engine ok ! 
[14:14:23.965] [17406] [ERROR] [Java_com_juzix_jugo_node_jni_NativeInterface_startTask:135]	commit a invite task to engine ok ! 
[14:14:23.969] [17406] [ERROR] [Java_com_juzix_jugo_node_jni_NativeInterface_startTask:135]	commit a invite task to engine ok ! 
[14:14:23.973] [17406] [ERROR] [Java_com_juzix_jugo_node_jni_NativeInterface_startTask:135]	commit a invite task to engine ok ! 
[14:14:23.977] [17406] [ERROR] [Java_com_juzix_jugo_node_jni_NativeInterface_startTask:135]	commit a invite task to engine ok ! 
[14:14:23.981] [17406] [ERROR] [Java_com_juzix_jugo_node_jni_NativeInterface_startTask:135]	commit a invite task to engine ok ! 
[14:14:23.985] [17406] [ERROR] [Java_com_juzix_jugo_node_jni_NativeInterface_startTask:135]	commit a invite task to engine ok ! 
[14:14:23.991] [17406] [ERROR] [Java_com_juzix_jugo_node_jni_NativeInterface_startTask:135]	commit a invite task to engine ok ! 
[14:14:23.998] [17406] [ERROR] [Java_com_juzix_jugo_node_jni_NativeInterface_startTask:135]	commit a invite task to engine ok ! 
[14:14:24.003] [17406] [ERROR] [Java_com_juzix_jugo_node_jni_NativeInterface_startTask:135]	commit a invite task to engine ok ! 
[14:14:24.007] [17406] [ERROR] [Java_com_juzix_jugo_node_jni_NativeInterface_startTask:135]	commit a invite task to engine ok ! 
[14:14:24.011] [17406] [ERROR] [Java_com_juzix_jugo_node_jni_NativeInterface_startTask:135]	commit a invite task to engine ok ! 
[14:14:24.016] [17406] [ERROR] [Java_com_juzix_jugo_node_jni_NativeInterface_startTask:135]	commit a invite task to engine ok ! 
[14:14:24.021] [17406] [ERROR] [Java_com_juzix_jugo_node_jni_NativeInterface_startTask:135]	commit a invite task to engine ok ! 
[14:14:24.026] [17406] [ERROR] [Java_com_juzix_jugo_node_jni_NativeInterface_startTask:135]	commit a invite task to engine ok ! 
[14:14:24.031] [17406] [ERROR] [Java_com_juzix_jugo_node_jni_NativeInterface_startTask:135]	commit a invite task to engine ok ! 
[14:14:24.035] [17406] [ERROR] [Java_com_juzix_jugo_node_jni_NativeInterface_startTask:135]	commit a invite task to engine ok ! 
[14:14:24.044] [17406] [ERROR] [Java_com_juzix_jugo_node_jni_NativeInterface_startTask:135]	commit a invite task to engine ok ! 
[14:14:24.048] [17406] [ERROR] [Java_com_juzix_jugo_node_jni_NativeInterface_startTask:135]	commit a invite task to engine ok ! 
[14:14:24.051] [17406] [ERROR] [Java_com_juzix_jugo_node_jni_NativeInterface_startTask:135]	commit a invite task to engine ok ! 
[14:14:24.054] [17406] [ERROR] [Java_com_juzix_jugo_node_jni_NativeInterface_startTask:135]	commit a invite task to engine ok ! 
[14:14:24.058] [17406] [ERROR] [Java_com_juzix_jugo_node_jni_NativeInterface_startTask:135]	commit a invite task to engine ok ! 
[14:14:24.062] [17406] [ERROR] [Java_com_juzix_jugo_node_jni_NativeInterface_startTask:135]	commit a invite task to engine ok ! 
[14:14:24.065] [17406] [ERROR] [Java_com_juzix_jugo_node_jni_NativeInterface_startTask:135]	commit a invite task to engine ok ! 
[14:14:24.068] [17406] [ERROR] [Java_com_juzix_jugo_node_jni_NativeInterface_startTask:135]	commit a invite task to engine ok ! 
[14:14:24.072] [17406] [ERROR] [Java_com_juzix_jugo_node_jni_NativeInterface_startTask:135]	commit a invite task to engine ok ! 
[14:14:24.077] [17406] [ERROR] [Java_com_juzix_jugo_node_jni_NativeInterface_startTask:135]	commit a invite task to engine ok ! 
[14:14:24.081] [17406] [ERROR] [Java_com_juzix_jugo_node_jni_NativeInterface_startTask:135]	commit a invite task to engine ok ! 
[14:14:24.085] [17406] [ERROR] [Java_com_juzix_jugo_node_jni_NativeInterface_startTask:135]	commit a invite task to engine ok ! 
[14:14:24.114] [17406] [ERROR] [Java_com_juzix_jugo_node_jni_NativeInterface_startTask:135]	commit a invite task to engine ok ! 
[14:14:24.119] [17406] [ERROR] [Java_com_juzix_jugo_node_jni_NativeInterface_startTask:135]	commit a invite task to engine ok ! 
[14:14:24.123] [17406] [ERROR] [Java_com_juzix_jugo_node_jni_NativeInterface_startTask:135]	commit a invite task to engine ok ! 
[14:14:24.127] [17406] [ERROR] [Java_com_juzix_jugo_node_jni_NativeInterface_startTask:135]	commit a invite task to engine ok ! 
[14:14:24.135] [17406] [ERROR] [Java_com_juzix_jugo_node_jni_NativeInterface_startTask:135]	commit a invite task to engine ok ! 
[14:14:24.139] [17406] [ERROR] [Java_com_juzix_jugo_node_jni_NativeInterface_startTask:135]	commit a invite task to engine ok ! 
[14:14:24.143] [17406] [ERROR] [Java_com_juzix_jugo_node_jni_NativeInterface_startTask:135]	commit a invite task to engine ok ! 
[14:14:24.146] [17406] [ERROR] [Java_com_juzix_jugo_node_jni_NativeInterface_startTask:135]	commit a invite task to engine ok ! 
[14:14:24.150] [17406] [ERROR] [Java_com_juzix_jugo_node_jni_NativeInterface_startTask:135]	commit a invite task to engine ok ! 
[14:14:24.156] [17406] [ERROR] [Java_com_juzix_jugo_node_jni_NativeInterface_startTask:135]	commit a invite task to engine ok ! 
[14:14:24.160] [17406] [ERROR] [Java_com_juzix_jugo_node_jni_NativeInterface_startTask:135]	commit a invite task to engine ok ! 
[14:14:24.166] [17406] [ERROR] [Java_com_juzix_jugo_node_jni_NativeInterface_startTask:135]	commit a invite task to engine ok ! 
[14:14:24.169] [17406] [ERROR] [Java_com_juzix_jugo_node_jni_NativeInterface_startTask:135]	commit a invite task to engine ok ! 
[14:14:24.176] [17406] [ERROR] [Java_com_juzix_jugo_node_jni_NativeInterface_startTask:135]	commit a invite task to engine ok ! 
[14:14:24.180] [17406] [ERROR] [Java_com_juzix_jugo_node_jni_NativeInterface_startTask:135]	commit a invite task to engine ok ! 
[14:14:24.183] [17406] [ERROR] [Java_com_juzix_jugo_node_jni_NativeInterface_startTask:135]	commit a invite task to engine ok ! 
[14:14:24.187] [17406] [ERROR] [Java_com_juzix_jugo_node_jni_NativeInterface_startTask:135]	commit a invite task to engine ok ! 
[14:14:24.190] [17406] [ERROR] [Java_com_juzix_jugo_node_jni_NativeInterface_startTask:135]	commit a invite task to engine ok ! 
[14:14:24.193] [17406] [ERROR] [Java_com_juzix_jugo_node_jni_NativeInterface_startTask:135]	commit a invite task to engine ok ! 
[14:14:24.198] [17406] [ERROR] [Java_com_juzix_jugo_node_jni_NativeInterface_startTask:135]	commit a invite task to engine ok ! 
[14:14:24.201] [17406] [ERROR] [Java_com_juzix_jugo_node_jni_NativeInterface_startTask:135]	commit a invite task to engine ok ! 
[14:14:24.205] [17406] [ERROR] [Java_com_juzix_jugo_node_jni_NativeInterface_startTask:135]	commit a invite task to engine ok ! 
[14:15:03.310] [20730] [ERROR] [Java_com_juzix_jugo_node_jni_NativeInterface_startTask:135]	commit a invite task to engine ok ! 
[14:15:03.315] [20730] [ERROR] [Java_com_juzix_jugo_node_jni_NativeInterface_startTask:135]	commit a invite task to engine ok ! 
[14:15:03.319] [20730] [ERROR] [Java_com_juzix_jugo_node_jni_NativeInterface_startTask:135]	commit a invite task to engine ok ! 
[14:15:03.322] [20730] [ERROR] [Java_com_juzix_jugo_node_jni_NativeInterface_startTask:135]	commit a invite task to engine ok ! 
[14:15:03.325] [20730] [ERROR] [Java_com_juzix_jugo_node_jni_NativeInterface_startTask:135]	commit a invite task to engine ok ! 
[14:15:03.330] [20730] [ERROR] [Java_com_juzix_jugo_node_jni_NativeInterface_startTask:135]	commit a invite task to engine ok ! 
[14:15:03.333] [20730] [ERROR] [Java_com_juzix_jugo_node_jni_NativeInterface_startTask:135]	commit a invite task to engine ok ! 
[14:15:03.338] [20730] [ERROR] [Java_com_juzix_jugo_node_jni_NativeInterface_startTask:135]	commit a invite task to engine ok ! 
[14:15:03.344] [20730] [ERROR] [Java_com_juzix_jugo_node_jni_NativeInterface_startTask:135]	commit a invite task to engine ok ! 
[14:15:03.350] [20730] [ERROR] [Java_com_juzix_jugo_node_jni_NativeInterface_startTask:135]	commit a invite task to engine ok ! 
[14:15:03.356] [20730] [ERROR] [Java_com_juzix_jugo_node_jni_NativeInterface_startTask:135]	commit a invite task to engine ok ! 
[14:15:03.361] [20730] [ERROR] [Java_com_juzix_jugo_node_jni_NativeInterface_startTask:135]	commit a invite task to engine ok ! 
[14:15:03.365] [20730] [ERROR] [Java_com_juzix_jugo_node_jni_NativeInterface_startTask:135]	commit a invite task to engine ok ! 
[14:15:03.370] [20730] [ERROR] [Java_com_juzix_jugo_node_jni_NativeInterface_startTask:135]	commit a invite task to engine ok ! 
[14:15:03.373] [20730] [ERROR] [Java_com_juzix_jugo_node_jni_NativeInterface_startTask:135]	commit a invite task to engine ok ! 
[14:15:03.377] [20730] [ERROR] [Java_com_juzix_jugo_node_jni_NativeInterface_startTask:135]	commit a invite task to engine ok ! 
[14:15:03.380] [20730] [ERROR] [Java_com_juzix_jugo_node_jni_NativeInterface_startTask:135]	commit a invite task to engine ok ! 
[14:15:03.383] [20730] [ERROR] [Java_com_juzix_jugo_node_jni_NativeInterface_startTask:135]	commit a invite task to engine ok ! 
[14:15:03.391] [20730] [ERROR] [Java_com_juzix_jugo_node_jni_NativeInterface_startTask:135]	commit a invite task to engine ok ! 
[14:15:03.398] [20730] [ERROR] [Java_com_juzix_jugo_node_jni_NativeInterface_startTask:135]	commit a invite task to engine ok ! 
[14:15:03.404] [20730] [ERROR] [Java_com_juzix_jugo_node_jni_NativeInterface_startTask:135]	commit a invite task to engine ok ! 
[14:15:03.408] [20730] [ERROR] [Java_com_juzix_jugo_node_jni_NativeInterface_startTask:135]	commit a invite task to engine ok ! 
[14:15:03.411] [20730] [ERROR] [Java_com_juzix_jugo_node_jni_NativeInterface_startTask:135]	commit a invite task to engine ok ! 
[14:15:03.414] [20730] [ERROR] [Java_com_juzix_jugo_node_jni_NativeInterface_startTask:135]	commit a invite task to engine ok ! 
[14:15:03.417] [20730] [ERROR] [Java_com_juzix_jugo_node_jni_NativeInterface_startTask:135]	commit a invite task to engine ok ! 
[14:15:03.420] [20730] [ERROR] [Java_com_juzix_jugo_node_jni_NativeInterface_startTask:135]	commit a invite task to engine ok ! 
[14:15:03.424] [20730] [ERROR] [Java_com_juzix_jugo_node_jni_NativeInterface_startTask:135]	commit a invite task to engine ok ! 
[14:15:03.428] [20730] [ERROR] [Java_com_juzix_jugo_node_jni_NativeInterface_startTask:135]	commit a invite task to engine ok ! 
[14:15:03.430] [20730] [ERROR] [Java_com_juzix_jugo_node_jni_NativeInterface_startTask:135]	commit a invite task to engine ok ! 
[14:15:03.433] [20730] [ERROR] [Java_com_juzix_jugo_node_jni_NativeInterface_startTask:135]	commit a invite task to engine ok ! 
[14:15:03.439] [20730] [ERROR] [Java_com_juzix_jugo_node_jni_NativeInterface_startTask:135]	commit a invite task to engine ok ! 
[14:15:03.450] [20730] [ERROR] [Java_com_juzix_jugo_node_jni_NativeInterface_startTask:135]	commit a invite task to engine ok ! 
[14:15:03.454] [20730] [ERROR] [Java_com_juzix_jugo_node_jni_NativeInterface_startTask:135]	commit a invite task to engine ok ! 
[14:15:03.457] [20730] [ERROR] [Java_com_juzix_jugo_node_jni_NativeInterface_startTask:135]	commit a invite task to engine ok ! 
[14:15:03.460] [20730] [ERROR] [Java_com_juzix_jugo_node_jni_NativeInterface_startTask:135]	commit a invite task to engine ok ! 
[14:15:03.465] [20730] [ERROR] [Java_com_juzix_jugo_node_jni_NativeInterface_startTask:135]	commit a invite task to engine ok ! 
[14:15:03.474] [20730] [ERROR] [Java_com_juzix_jugo_node_jni_NativeInterface_startTask:135]	commit a invite task to engine ok ! 
[14:15:03.477] [20730] [ERROR] [Java_com_juzix_jugo_node_jni_NativeInterface_startTask:135]	commit a invite task to engine ok ! 
[14:15:03.482] [20730] [ERROR] [Java_com_juzix_jugo_node_jni_NativeInterface_startTask:135]	commit a invite task to engine ok ! 
[14:15:03.485] [20730] [ERROR] [Java_com_juzix_jugo_node_jni_NativeInterface_startTask:135]	commit a invite task to engine ok ! 
[14:15:03.487] [20730] [ERROR] [Java_com_juzix_jugo_node_jni_NativeInterface_startTask:135]	commit a invite task to engine ok ! 
[14:15:03.490] [20730] [ERROR] [Java_com_juzix_jugo_node_jni_NativeInterface_startTask:135]	commit a invite task to engine ok ! 
[14:15:03.493] [20730] [ERROR] [Java_com_juzix_jugo_node_jni_NativeInterface_startTask:135]	commit a invite task to engine ok ! 
[14:15:03.498] [20730] [ERROR] [Java_com_juzix_jugo_node_jni_NativeInterface_startTask:135]	commit a invite task to engine ok ! 
[14:15:03.501] [20730] [ERROR] [Java_com_juzix_jugo_node_jni_NativeInterface_startTask:135]	commit a invite task to engine ok ! 
[14:15:03.504] [20730] [ERROR] [Java_com_juzix_jugo_node_jni_NativeInterface_startTask:135]	commit a invite task to engine ok ! 
[14:15:03.506] [20730] [ERROR] [Java_com_juzix_jugo_node_jni_NativeInterface_startTask:135]	commit a invite task to engine ok ! 
[14:15:03.509] [20730] [ERROR] [Java_com_juzix_jugo_node_jni_NativeInterface_startTask:135]	commit a invite task to engine ok ! 
[14:15:03.512] [20730] [ERROR] [Java_com_juzix_jugo_node_jni_NativeInterface_startTask:135]	commit a invite task to engine ok ! 
[14:15:03.515] [20730] [ERROR] [Java_com_juzix_jugo_node_jni_NativeInterface_startTask:135]	commit a invite task to engine ok ! 
[14:15:03.518] [20730] [ERROR] [Java_com_juzix_jugo_node_jni_NativeInterface_startTask:135]	commit a invite task to engine ok ! 
[14:15:03.520] [20730] [ERROR] [Java_com_juzix_jugo_node_jni_NativeInterface_startTask:135]	commit a invite task to engine ok ! 
[14:15:03.523] [20730] [ERROR] [Java_com_juzix_jugo_node_jni_NativeInterface_startTask:135]	commit a invite task to engine ok ! 
[14:15:03.527] [20730] [ERROR] [Java_com_juzix_jugo_node_jni_NativeInterface_startTask:135]	commit a invite task to engine ok ! 
[14:15:03.534] [20730] [ERROR] [Java_com_juzix_jugo_node_jni_NativeInterface_startTask:135]	commit a invite task to engine ok ! 
[14:15:03.539] [20730] [ERROR] [Java_com_juzix_jugo_node_jni_NativeInterface_startTask:135]	commit a invite task to engine ok ! 
[14:15:03.542] [20730] [ERROR] [Java_com_juzix_jugo_node_jni_NativeInterface_startTask:135]	commit a invite task to engine ok ! 
[14:15:03.546] [20730] [ERROR] [Java_com_juzix_jugo_node_jni_NativeInterface_startTask:135]	commit a invite task to engine ok ! 
[14:15:03.549] [20730] [ERROR] [Java_com_juzix_jugo_node_jni_NativeInterface_startTask:135]	commit a invite task to engine ok ! 
[14:15:03.556] [20730] [ERROR] [Java_com_juzix_jugo_node_jni_NativeInterface_startTask:135]	commit a invite task to engine ok ! 
[14:15:03.559] [20730] [ERROR] [Java_com_juzix_jugo_node_jni_NativeInterface_startTask:135]	commit a invite task to engine ok ! 
[14:15:03.564] [20730] [ERROR] [Java_com_juzix_jugo_node_jni_NativeInterface_startTask:135]	commit a invite task to engine ok ! 
[14:15:03.568] [20730] [ERROR] [Java_com_juzix_jugo_node_jni_NativeInterface_startTask:135]	commit a invite task to engine ok ! 
[14:15:03.573] [20730] [ERROR] [Java_com_juzix_jugo_node_jni_NativeInterface_startTask:135]	commit a invite task to engine ok ! 
[14:15:03.576] [20730] [ERROR] [Java_com_juzix_jugo_node_jni_NativeInterface_startTask:135]	commit a invite task to engine ok ! 
[14:15:03.580] [20730] [ERROR] [Java_com_juzix_jugo_node_jni_NativeInterface_startTask:135]	commit a invite task to engine ok ! 
[14:15:03.582] [20730] [ERROR] [Java_com_juzix_jugo_node_jni_NativeInterface_startTask:135]	commit a invite task to engine ok ! 
[14:15:03.585] [20730] [ERROR] [Java_com_juzix_jugo_node_jni_NativeInterface_startTask:135]	commit a invite task to engine ok ! 
[14:15:03.588] [20730] [ERROR] [Java_com_juzix_jugo_node_jni_NativeInterface_startTask:135]	commit a invite task to engine ok ! 
[14:15:03.591] [20730] [ERROR] [Java_com_juzix_jugo_node_jni_NativeInterface_startTask:135]	commit a invite task to engine ok ! 
[14:15:03.594] [20730] [ERROR] [Java_com_juzix_jugo_node_jni_NativeInterface_startTask:135]	commit a invite task to engine ok ! 
[14:15:03.597] [20730] [ERROR] [Java_com_juzix_jugo_node_jni_NativeInterface_startTask:135]	commit a invite task to engine ok ! 
[14:15:03.602] [20730] [ERROR] [Java_com_juzix_jugo_node_jni_NativeInterface_startTask:135]	commit a invite task to engine ok ! 
[14:15:03.609] [20730] [ERROR] [Java_com_juzix_jugo_node_jni_NativeInterface_startTask:135]	commit a invite task to engine ok ! 
[14:15:03.613] [20730] [ERROR] [Java_com_juzix_jugo_node_jni_NativeInterface_startTask:135]	commit a invite task to engine ok ! 
[14:15:03.621] [20730] [ERROR] [Java_com_juzix_jugo_node_jni_NativeInterface_startTask:135]	commit a invite task to engine ok ! 
[14:15:03.628] [20730] [ERROR] [Java_com_juzix_jugo_node_jni_NativeInterface_startTask:135]	commit a invite task to engine ok ! 
[14:15:03.638] [20730] [ERROR] [Java_com_juzix_jugo_node_jni_NativeInterface_startTask:135]	commit a invite task to engine ok ! 
[14:15:03.645] [20730] [ERROR] [Java_com_juzix_jugo_node_jni_NativeInterface_startTask:135]	commit a invite task to engine ok ! 
[14:15:03.649] [20730] [ERROR] [Java_com_juzix_jugo_node_jni_NativeInterface_startTask:135]	commit a invite task to engine ok ! 
[14:15:03.652] [20730] [ERROR] [Java_com_juzix_jugo_node_jni_NativeInterface_startTask:135]	commit a invite task to engine ok ! 
[14:15:03.659] [20730] [ERROR] [Java_com_juzix_jugo_node_jni_NativeInterface_startTask:135]	commit a invite task to engine ok ! 
[14:15:03.663] [20730] [ERROR] [Java_com_juzix_jugo_node_jni_NativeInterface_startTask:135]	commit a invite task to engine ok ! 
[14:15:03.666] [20730] [ERROR] [Java_com_juzix_jugo_node_jni_NativeInterface_startTask:135]	commit a invite task to engine ok ! 
[14:15:03.669] [20730] [ERROR] [Java_com_juzix_jugo_node_jni_NativeInterface_startTask:135]	commit a invite task to engine ok ! 
[14:15:03.672] [20730] [ERROR] [Java_com_juzix_jugo_node_jni_NativeInterface_startTask:135]	commit a invite task to engine ok ! 
[14:15:03.675] [20730] [ERROR] [Java_com_juzix_jugo_node_jni_NativeInterface_startTask:135]	commit a invite task to engine ok ! 
[14:15:03.678] [20730] [ERROR] [Java_com_juzix_jugo_node_jni_NativeInterface_startTask:135]	commit a invite task to engine ok ! 
[14:15:03.681] [20730] [ERROR] [Java_com_juzix_jugo_node_jni_NativeInterface_startTask:135]	commit a invite task to engine ok ! 
[14:15:03.683] [20730] [ERROR] [Java_com_juzix_jugo_node_jni_NativeInterface_startTask:135]	commit a invite task to engine ok ! 
[14:15:03.686] [20730] [ERROR] [Java_com_juzix_jugo_node_jni_NativeInterface_startTask:135]	commit a invite task to engine ok ! 
[14:15:03.688] [20730] [ERROR] [Java_com_juzix_jugo_node_jni_NativeInterface_startTask:135]	commit a invite task to engine ok ! 
[14:15:03.691] [20730] [ERROR] [Java_com_juzix_jugo_node_jni_NativeInterface_startTask:135]	commit a invite task to engine ok ! 
[14:15:03.694] [20730] [ERROR] [Java_com_juzix_jugo_node_jni_NativeInterface_startTask:135]	commit a invite task to engine ok ! 
[14:15:03.699] [20730] [ERROR] [Java_com_juzix_jugo_node_jni_NativeInterface_startTask:135]	commit a invite task to engine ok ! 
[14:15:03.702] [20730] [ERROR] [Java_com_juzix_jugo_node_jni_NativeInterface_startTask:135]	commit a invite task to engine ok ! 
[14:15:03.722] [20730] [ERROR] [Java_com_juzix_jugo_node_jni_NativeInterface_startTask:135]	commit a invite task to engine ok ! 
[14:15:03.726] [20730] [ERROR] [Java_com_juzix_jugo_node_jni_NativeInterface_startTask:135]	commit a invite task to engine ok ! 
[14:15:03.730] [20730] [ERROR] [Java_com_juzix_jugo_node_jni_NativeInterface_startTask:135]	commit a invite task to engine ok ! 
[14:15:03.734] [20730] [ERROR] [Java_com_juzix_jugo_node_jni_NativeInterface_startTask:135]	commit a invite task to engine ok ! 
[14:16:07.705] [26686] [ERROR] [Java_com_juzix_jugo_node_jni_NativeInterface_startTask:135]	commit a invite task to engine ok ! 
[14:16:07.712] [26686] [ERROR] [Java_com_juzix_jugo_node_jni_NativeInterface_startTask:135]	commit a invite task to engine ok ! 
[14:16:07.715] [26686] [ERROR] [Java_com_juzix_jugo_node_jni_NativeInterface_startTask:135]	commit a invite task to engine ok ! 
[14:16:07.718] [26686] [ERROR] [Java_com_juzix_jugo_node_jni_NativeInterface_startTask:135]	commit a invite task to engine ok ! 
[14:16:07.724] [26686] [ERROR] [Java_com_juzix_jugo_node_jni_NativeInterface_startTask:135]	commit a invite task to engine ok ! 
[14:16:07.728] [26686] [ERROR] [Java_com_juzix_jugo_node_jni_NativeInterface_startTask:135]	commit a invite task to engine ok ! 
[14:16:07.734] [26686] [ERROR] [Java_com_juzix_jugo_node_jni_NativeInterface_startTask:135]	commit a invite task to engine ok ! 
[14:16:07.737] [26686] [ERROR] [Java_com_juzix_jugo_node_jni_NativeInterface_startTask:135]	commit a invite task to engine ok ! 
[14:16:07.740] [26686] [ERROR] [Java_com_juzix_jugo_node_jni_NativeInterface_startTask:135]	commit a invite task to engine ok ! 
[14:16:07.761] [26686] [ERROR] [Java_com_juzix_jugo_node_jni_NativeInterface_startTask:135]	commit a invite task to engine ok ! 
[14:16:07.771] [26686] [ERROR] [Java_com_juzix_jugo_node_jni_NativeInterface_startTask:135]	commit a invite task to engine ok ! 
[14:16:07.782] [26686] [ERROR] [Java_com_juzix_jugo_node_jni_NativeInterface_startTask:135]	commit a invite task to engine ok ! 
[14:16:07.799] [26686] [ERROR] [Java_com_juzix_jugo_node_jni_NativeInterface_startTask:135]	commit a invite task to engine ok ! 
[14:16:07.810] [26686] [ERROR] [Java_com_juzix_jugo_node_jni_NativeInterface_startTask:135]	commit a invite task to engine ok ! 
[14:16:07.830] [26686] [ERROR] [Java_com_juzix_jugo_node_jni_NativeInterface_startTask:135]	commit a invite task to engine ok ! 
[14:16:07.850] [26686] [ERROR] [Java_com_juzix_jugo_node_jni_NativeInterface_startTask:135]	commit a invite task to engine ok ! 
[14:16:07.870] [26686] [ERROR] [Java_com_juzix_jugo_node_jni_NativeInterface_startTask:135]	commit a invite task to engine ok ! 
[14:16:07.882] [26686] [ERROR] [Java_com_juzix_jugo_node_jni_NativeInterface_startTask:135]	commit a invite task to engine ok ! 
[14:16:07.897] [26686] [ERROR] [Java_com_juzix_jugo_node_jni_NativeInterface_startTask:135]	commit a invite task to engine ok ! 
[14:16:07.914] [26686] [ERROR] [Java_com_juzix_jugo_node_jni_NativeInterface_startTask:135]	commit a invite task to engine ok ! 
[14:16:07.922] [26686] [ERROR] [Java_com_juzix_jugo_node_jni_NativeInterface_startTask:135]	commit a invite task to engine ok ! 
[14:16:07.925] [26686] [ERROR] [Java_com_juzix_jugo_node_jni_NativeInterface_startTask:135]	commit a invite task to engine ok ! 
[14:16:07.929] [26686] [ERROR] [Java_com_juzix_jugo_node_jni_NativeInterface_startTask:135]	commit a invite task to engine ok ! 
[14:16:07.933] [26686] [ERROR] [Java_com_juzix_jugo_node_jni_NativeInterface_startTask:135]	commit a invite task to engine ok ! 
[14:16:07.939] [26686] [ERROR] [Java_com_juzix_jugo_node_jni_NativeInterface_startTask:135]	commit a invite task to engine ok ! 
[14:16:07.947] [26686] [ERROR] [Java_com_juzix_jugo_node_jni_NativeInterface_startTask:135]	commit a invite task to engine ok ! 
[14:16:07.953] [26686] [ERROR] [Java_com_juzix_jugo_node_jni_NativeInterface_startTask:135]	commit a invite task to engine ok ! 
[14:16:07.958] [26686] [ERROR] [Java_com_juzix_jugo_node_jni_NativeInterface_startTask:135]	commit a invite task to engine ok ! 
[14:16:07.966] [26686] [ERROR] [Java_com_juzix_jugo_node_jni_NativeInterface_startTask:135]	commit a invite task to engine ok ! 
[14:16:07.972] [26686] [ERROR] [Java_com_juzix_jugo_node_jni_NativeInterface_startTask:135]	commit a invite task to engine ok ! 
[14:16:07.976] [26686] [ERROR] [Java_com_juzix_jugo_node_jni_NativeInterface_startTask:135]	commit a invite task to engine ok ! 
[14:16:07.985] [26686] [ERROR] [Java_com_juzix_jugo_node_jni_NativeInterface_startTask:135]	commit a invite task to engine ok ! 
[14:16:07.990] [26686] [ERROR] [Java_com_juzix_jugo_node_jni_NativeInterface_startTask:135]	commit a invite task to engine ok ! 
[14:16:07.993] [26686] [ERROR] [Java_com_juzix_jugo_node_jni_NativeInterface_startTask:135]	commit a invite task to engine ok ! 
[14:16:07.000] [26686] [ERROR] [Java_com_juzix_jugo_node_jni_NativeInterface_startTask:135]	commit a invite task to engine ok ! 
[14:16:08.003] [26686] [ERROR] [Java_com_juzix_jugo_node_jni_NativeInterface_startTask:135]	commit a invite task to engine ok ! 
[14:16:08.007] [26686] [ERROR] [Java_com_juzix_jugo_node_jni_NativeInterface_startTask:135]	commit a invite task to engine ok ! 
[14:16:08.010] [26686] [ERROR] [Java_com_juzix_jugo_node_jni_NativeInterface_startTask:135]	commit a invite task to engine ok ! 
[14:16:08.013] [26686] [ERROR] [Java_com_juzix_jugo_node_jni_NativeInterface_startTask:135]	commit a invite task to engine ok ! 
[14:16:08.017] [26686] [ERROR] [Java_com_juzix_jugo_node_jni_NativeInterface_startTask:135]	commit a invite task to engine ok ! 
[14:16:08.025] [26686] [ERROR] [Java_com_juzix_jugo_node_jni_NativeInterface_startTask:135]	commit a invite task to engine ok ! 
[14:16:08.029] [26686] [ERROR] [Java_com_juzix_jugo_node_jni_NativeInterface_startTask:135]	commit a invite task to engine ok ! 
[14:16:08.032] [26686] [ERROR] [Java_com_juzix_jugo_node_jni_NativeInterface_startTask:135]	commit a invite task to engine ok ! 
[14:16:08.038] [26686] [ERROR] [Java_com_juzix_jugo_node_jni_NativeInterface_startTask:135]	commit a invite task to engine ok ! 
[14:16:08.041] [26686] [ERROR] [Java_com_juzix_jugo_node_jni_NativeInterface_startTask:135]	commit a invite task to engine ok ! 
[14:16:08.044] [26686] [ERROR] [Java_com_juzix_jugo_node_jni_NativeInterface_startTask:135]	commit a invite task to engine ok ! 
[14:16:08.047] [26686] [ERROR] [Java_com_juzix_jugo_node_jni_NativeInterface_startTask:135]	commit a invite task to engine ok ! 
[14:16:08.050] [26686] [ERROR] [Java_com_juzix_jugo_node_jni_NativeInterface_startTask:135]	commit a invite task to engine ok ! 
[14:16:08.054] [26686] [ERROR] [Java_com_juzix_jugo_node_jni_NativeInterface_startTask:135]	commit a invite task to engine ok ! 
[14:16:08.057] [26686] [ERROR] [Java_com_juzix_jugo_node_jni_NativeInterface_startTask:135]	commit a invite task to engine ok ! 
[14:16:08.060] [26686] [ERROR] [Java_com_juzix_jugo_node_jni_NativeInterface_startTask:135]	commit a invite task to engine ok ! 
[14:16:08.063] [26686] [ERROR] [Java_com_juzix_jugo_node_jni_NativeInterface_startTask:135]	commit a invite task to engine ok ! 
[14:16:08.065] [26686] [ERROR] [Java_com_juzix_jugo_node_jni_NativeInterface_startTask:135]	commit a invite task to engine ok ! 
[14:16:08.068] [26686] [ERROR] [Java_com_juzix_jugo_node_jni_NativeInterface_startTask:135]	commit a invite task to engine ok ! 
[14:16:08.071] [26686] [ERROR] [Java_com_juzix_jugo_node_jni_NativeInterface_startTask:135]	commit a invite task to engine ok ! 
[14:16:08.079] [26686] [ERROR] [Java_com_juzix_jugo_node_jni_NativeInterface_startTask:135]	commit a invite task to engine ok ! 
[14:16:08.083] [26686] [ERROR] [Java_com_juzix_jugo_node_jni_NativeInterface_startTask:135]	commit a invite task to engine ok ! 
[14:16:08.087] [26686] [ERROR] [Java_com_juzix_jugo_node_jni_NativeInterface_startTask:135]	commit a invite task to engine ok ! 
[14:16:08.091] [26686] [ERROR] [Java_com_juzix_jugo_node_jni_NativeInterface_startTask:135]	commit a invite task to engine ok ! 
[14:16:08.097] [26686] [ERROR] [Java_com_juzix_jugo_node_jni_NativeInterface_startTask:135]	commit a invite task to engine ok ! 
[14:16:08.102] [26686] [ERROR] [Java_com_juzix_jugo_node_jni_NativeInterface_startTask:135]	commit a invite task to engine ok ! 
[14:16:08.106] [26686] [ERROR] [Java_com_juzix_jugo_node_jni_NativeInterface_startTask:135]	commit a invite task to engine ok ! 
[14:16:08.114] [26686] [ERROR] [Java_com_juzix_jugo_node_jni_NativeInterface_startTask:135]	commit a invite task to engine ok ! 
[14:16:08.117] [26686] [ERROR] [Java_com_juzix_jugo_node_jni_NativeInterface_startTask:135]	commit a invite task to engine ok ! 
[14:16:08.125] [26686] [ERROR] [Java_com_juzix_jugo_node_jni_NativeInterface_startTask:135]	commit a invite task to engine ok ! 
[14:16:08.128] [26686] [ERROR] [Java_com_juzix_jugo_node_jni_NativeInterface_startTask:135]	commit a invite task to engine ok ! 
[14:16:08.155] [26686] [ERROR] [Java_com_juzix_jugo_node_jni_NativeInterface_startTask:135]	commit a invite task to engine ok ! 
[14:16:08.159] [26686] [ERROR] [Java_com_juzix_jugo_node_jni_NativeInterface_startTask:135]	commit a invite task to engine ok ! 
[14:16:08.163] [26686] [ERROR] [Java_com_juzix_jugo_node_jni_NativeInterface_startTask:135]	commit a invite task to engine ok ! 
[14:16:08.166] [26686] [ERROR] [Java_com_juzix_jugo_node_jni_NativeInterface_startTask:135]	commit a invite task to engine ok ! 
[14:16:08.168] [26686] [ERROR] [Java_com_juzix_jugo_node_jni_NativeInterface_startTask:135]	commit a invite task to engine ok ! 
[14:16:08.171] [26686] [ERROR] [Java_com_juzix_jugo_node_jni_NativeInterface_startTask:135]	commit a invite task to engine ok ! 
[14:16:08.174] [26686] [ERROR] [Java_com_juzix_jugo_node_jni_NativeInterface_startTask:135]	commit a invite task to engine ok ! 
[14:16:08.177] [26686] [ERROR] [Java_com_juzix_jugo_node_jni_NativeInterface_startTask:135]	commit a invite task to engine ok ! 
[14:16:08.180] [26686] [ERROR] [Java_com_juzix_jugo_node_jni_NativeInterface_startTask:135]	commit a invite task to engine ok ! 
[14:16:08.183] [26686] [ERROR] [Java_com_juzix_jugo_node_jni_NativeInterface_startTask:135]	commit a invite task to engine ok ! 
[14:16:08.186] [26686] [ERROR] [Java_com_juzix_jugo_node_jni_NativeInterface_startTask:135]	commit a invite task to engine ok ! 
[14:16:08.194] [26686] [ERROR] [Java_com_juzix_jugo_node_jni_NativeInterface_startTask:135]	commit a invite task to engine ok ! 
[14:16:08.197] [26686] [ERROR] [Java_com_juzix_jugo_node_jni_NativeInterface_startTask:135]	commit a invite task to engine ok ! 
[14:16:08.206] [26686] [ERROR] [Java_com_juzix_jugo_node_jni_NativeInterface_startTask:135]	commit a invite task to engine ok ! 
[14:16:08.208] [26686] [ERROR] [Java_com_juzix_jugo_node_jni_NativeInterface_startTask:135]	commit a invite task to engine ok ! 
[14:16:08.212] [26686] [ERROR] [Java_com_juzix_jugo_node_jni_NativeInterface_startTask:135]	commit a invite task to engine ok ! 
[14:16:08.214] [26686] [ERROR] [Java_com_juzix_jugo_node_jni_NativeInterface_startTask:135]	commit a invite task to engine ok ! 
[14:16:08.217] [26686] [ERROR] [Java_com_juzix_jugo_node_jni_NativeInterface_startTask:135]	commit a invite task to engine ok ! 
[14:16:08.220] [26686] [ERROR] [Java_com_juzix_jugo_node_jni_NativeInterface_startTask:135]	commit a invite task to engine ok ! 
[14:16:08.224] [26686] [ERROR] [Java_com_juzix_jugo_node_jni_NativeInterface_startTask:135]	commit a invite task to engine ok ! 
[14:16:08.228] [26686] [ERROR] [Java_com_juzix_jugo_node_jni_NativeInterface_startTask:135]	commit a invite task to engine ok ! 
[14:16:08.232] [26686] [ERROR] [Java_com_juzix_jugo_node_jni_NativeInterface_startTask:135]	commit a invite task to engine ok ! 
[14:16:08.234] [26686] [ERROR] [Java_com_juzix_jugo_node_jni_NativeInterface_startTask:135]	commit a invite task to engine ok ! 
[14:16:08.237] [26686] [ERROR] [Java_com_juzix_jugo_node_jni_NativeInterface_startTask:135]	commit a invite task to engine ok ! 
[14:16:08.240] [26686] [ERROR] [Java_com_juzix_jugo_node_jni_NativeInterface_startTask:135]	commit a invite task to engine ok ! 
[14:16:08.243] [26686] [ERROR] [Java_com_juzix_jugo_node_jni_NativeInterface_startTask:135]	commit a invite task to engine ok ! 
[14:16:08.245] [26686] [ERROR] [Java_com_juzix_jugo_node_jni_NativeInterface_startTask:135]	commit a invite task to engine ok ! 
[14:16:08.248] [26686] [ERROR] [Java_com_juzix_jugo_node_jni_NativeInterface_startTask:135]	commit a invite task to engine ok ! 
[14:16:08.257] [26686] [ERROR] [Java_com_juzix_jugo_node_jni_NativeInterface_startTask:135]	commit a invite task to engine ok ! 
[14:16:08.265] [26686] [ERROR] [Java_com_juzix_jugo_node_jni_NativeInterface_startTask:135]	commit a invite task to engine ok ! 
[14:16:08.269] [26686] [ERROR] [Java_com_juzix_jugo_node_jni_NativeInterface_startTask:135]	commit a invite task to engine ok ! 
[14:16:08.271] [26686] [ERROR] [Java_com_juzix_jugo_node_jni_NativeInterface_startTask:135]	commit a invite task to engine ok ! 
[14:16:08.274] [26686] [ERROR] [Java_com_juzix_jugo_node_jni_NativeInterface_startTask:135]	commit a invite task to engine ok ! 
[14:16:08.277] [26686] [ERROR] [Java_com_juzix_jugo_node_jni_NativeInterface_startTask:135]	commit a invite task to engine ok ! 
[14:17:34.883] [17425] [ERROR] [error:157]	got error busi back: 6b2e6ac5-26cb-4cd7-95f3-8f3ad793c479, code: 1007 
[14:17:34.883] [17425] [WARN ] [error:167]	busi err back, erase task failed, cannot find cache task: 6b2e6ac5-26cb-4cd7-95f3-8f3ad793c479 !  [THE user: test006] 
[14:17:34.890] [2998 ] [ERROR] [error:157]	got error busi back: 70330a65-d93a-43db-8237-0a56485612ed, code: 1007 
[14:17:34.891] [2998 ] [WARN ] [error:167]	busi err back, erase task failed, cannot find cache task: 70330a65-d93a-43db-8237-0a56485612ed !  [THE user: test006] 
[14:17:34.893] [17425] [ERROR] [error:157]	got error busi back: fb9a4c69-b2d5-4b90-b7e4-c5b2350767af, code: 1007 
[14:17:34.893] [17425] [WARN ] [error:167]	busi err back, erase task failed, cannot find cache task: fb9a4c69-b2d5-4b90-b7e4-c5b2350767af !  [THE user: test006] 
[14:17:34.894] [2998 ] [ERROR] [error:157]	got error busi back: a8767e9d-87e2-4457-ad09-82c1359f3c7a, code: 1007 
[14:17:34.894] [2998 ] [WARN ] [error:167]	busi err back, erase task failed, cannot find cache task: a8767e9d-87e2-4457-ad09-82c1359f3c7a !  [THE user: test006] 
[14:17:34.895] [17425] [ERROR] [error:157]	got error busi back: b80cf794-5363-43b3-bf30-68c0abecc682, code: 1007 
[14:17:34.895] [17425] [WARN ] [error:167]	busi err back, erase task failed, cannot find cache task: b80cf794-5363-43b3-bf30-68c0abecc682 !  [THE user: test006] 
[14:17:34.896] [2998 ] [ERROR] [error:157]	got error busi back: 8febf2bb-614e-4e04-8b57-38e602c7a2a9, code: 1007 
[14:17:34.896] [2998 ] [WARN ] [error:167]	busi err back, erase task failed, cannot find cache task: 8febf2bb-614e-4e04-8b57-38e602c7a2a9 !  [THE user: test006] 
[14:17:34.900] [17425] [ERROR] [error:157]	got error busi back: 6f1c8279-019e-4b43-8172-67d733408c80, code: 1007 
[14:17:34.900] [17425] [WARN ] [error:167]	busi err back, erase task failed, cannot find cache task: 6f1c8279-019e-4b43-8172-67d733408c80 !  [THE user: test006] 
[14:17:34.901] [2998 ] [ERROR] [error:157]	got error busi back: a0d14dec-680b-41bb-9022-011f427a7eaa, code: 1007 
[14:17:34.901] [2998 ] [WARN ] [error:167]	busi err back, erase task failed, cannot find cache task: a0d14dec-680b-41bb-9022-011f427a7eaa !  [THE user: test006] 
[14:17:34.902] [17425] [ERROR] [error:157]	got error busi back: e8ba73c7-7bfb-498e-9e39-013a57932832, code: 1007 
[14:17:34.902] [17425] [WARN ] [error:167]	busi err back, erase task failed, cannot find cache task: e8ba73c7-7bfb-498e-9e39-013a57932832 !  [THE user: test006] 
[14:17:34.902] [2998 ] [ERROR] [error:157]	got error busi back: 954c35e6-5c58-45ea-a150-390ff8b0f0fc, code: 1007 
[14:17:34.902] [2998 ] [WARN ] [error:167]	busi err back, erase task failed, cannot find cache task: 954c35e6-5c58-45ea-a150-390ff8b0f0fc !  [THE user: test006] 
[14:17:34.903] [17425] [ERROR] [error:157]	got error busi back: 65d0cd7d-315f-4819-9d44-2f2d1f0b8679, code: 1007 
[14:17:34.903] [17425] [WARN ] [error:167]	busi err back, erase task failed, cannot find cache task: 65d0cd7d-315f-4819-9d44-2f2d1f0b8679 !  [THE user: test006] 
[14:17:34.904] [2998 ] [ERROR] [error:157]	got error busi back: 0515b4f5-108b-44cc-9cec-a3d84f0a1239, code: 1007 
[14:17:34.904] [2998 ] [WARN ] [error:167]	busi err back, erase task failed, cannot find cache task: 0515b4f5-108b-44cc-9cec-a3d84f0a1239 !  [THE user: test006] 
[14:17:34.905] [17425] [ERROR] [error:157]	got error busi back: ae69f4f5-3052-4d75-8e1f-e6d5e378e201, code: 1007 
[14:17:34.905] [17425] [WARN ] [error:167]	busi err back, erase task failed, cannot find cache task: ae69f4f5-3052-4d75-8e1f-e6d5e378e201 !  [THE user: test006] 
[14:17:34.905] [2998 ] [ERROR] [error:157]	got error busi back: 5a3adc1c-4c0f-4e66-98ca-3485c195f5f7, code: 1007 
[14:17:34.905] [2998 ] [WARN ] [error:167]	busi err back, erase task failed, cannot find cache task: 5a3adc1c-4c0f-4e66-98ca-3485c195f5f7 !  [THE user: test006] 
[14:17:34.906] [17425] [ERROR] [error:157]	got error busi back: 3c70d5ac-3389-4177-9db1-84363c0e106b, code: 1007 
[14:17:34.906] [17425] [WARN ] [error:167]	busi err back, erase task failed, cannot find cache task: 3c70d5ac-3389-4177-9db1-84363c0e106b !  [THE user: test006] 
[14:17:34.907] [17425] [ERROR] [error:157]	got error busi back: bf39589f-839f-49d1-a2d9-a079547d5f56, code: 1007 
[14:17:34.907] [17425] [WARN ] [error:167]	busi err back, erase task failed, cannot find cache task: bf39589f-839f-49d1-a2d9-a079547d5f56 !  [THE user: test006] 
[14:17:34.908] [17425] [ERROR] [error:157]	got error busi back: 8b9b3112-03e2-4fa4-9fd8-a6b300434329, code: 1007 
[14:17:34.908] [17425] [WARN ] [error:167]	busi err back, erase task failed, cannot find cache task: 8b9b3112-03e2-4fa4-9fd8-a6b300434329 !  [THE user: test006] 
[14:17:34.909] [17425] [ERROR] [error:157]	got error busi back: 0aaca994-5d32-443c-a312-a54e5ba0c191, code: 1007 
[14:17:34.909] [17425] [WARN ] [error:167]	busi err back, erase task failed, cannot find cache task: 0aaca994-5d32-443c-a312-a54e5ba0c191 !  [THE user: test006] 
[14:17:34.910] [17425] [ERROR] [error:157]	got error busi back: f4657242-4696-4d7a-9115-9072a94354e2, code: 1007 
[14:17:34.910] [17425] [WARN ] [error:167]	busi err back, erase task failed, cannot find cache task: f4657242-4696-4d7a-9115-9072a94354e2 !  [THE user: test006] 
[14:17:34.912] [17425] [ERROR] [error:157]	got error busi back: 2764e135-52ff-40ca-99f4-bd448e612948, code: 1007 
[14:17:34.912] [17425] [WARN ] [error:167]	busi err back, erase task failed, cannot find cache task: 2764e135-52ff-40ca-99f4-bd448e612948 !  [THE user: test006] 
[14:17:34.913] [17425] [ERROR] [error:157]	got error busi back: 7c4d57ac-6d96-4c7f-8843-4d877c7107d4, code: 1007 
[14:17:34.913] [17425] [WARN ] [error:167]	busi err back, erase task failed, cannot find cache task: 7c4d57ac-6d96-4c7f-8843-4d877c7107d4 !  [THE user: test006] 
[14:17:34.915] [17425] [ERROR] [error:157]	got error busi back: 09899fee-0c0c-4d40-a080-803011ac71fc, code: 1007 
[14:17:34.915] [17425] [WARN ] [error:167]	busi err back, erase task failed, cannot find cache task: 09899fee-0c0c-4d40-a080-803011ac71fc !  [THE user: test006] 
[14:17:34.916] [17425] [ERROR] [error:157]	got error busi back: 2652b7b5-3d25-4d7d-9914-31882369bade, code: 1007 
[14:17:34.916] [17425] [WARN ] [error:167]	busi err back, erase task failed, cannot find cache task: 2652b7b5-3d25-4d7d-9914-31882369bade !  [THE user: test006] 
[14:17:34.917] [17425] [ERROR] [error:157]	got error busi back: cf9f8857-cb75-4011-8214-9dc101597c85, code: 1007 
[14:17:34.917] [17425] [WARN ] [error:167]	busi err back, erase task failed, cannot find cache task: cf9f8857-cb75-4011-8214-9dc101597c85 !  [THE user: test006] 
[14:17:34.917] [17425] [ERROR] [error:157]	got error busi back: b8a2ab1f-45fc-4922-87b8-1ccd7cd889e7, code: 1007 
[14:17:34.917] [17425] [WARN ] [error:167]	busi err back, erase task failed, cannot find cache task: b8a2ab1f-45fc-4922-87b8-1ccd7cd889e7 !  [THE user: test006] 
[14:17:34.918] [17425] [ERROR] [error:157]	got error busi back: 8b9f8970-4cbc-486a-ba3c-3fab0c1ce464, code: 1007 
[14:17:34.918] [17425] [WARN ] [error:167]	busi err back, erase task failed, cannot find cache task: 8b9f8970-4cbc-486a-ba3c-3fab0c1ce464 !  [THE user: test006] 
[14:17:34.919] [2998 ] [ERROR] [error:157]	got error busi back: 68a7d0d1-64aa-475b-b41d-89956eedf026, code: 1007 
[14:17:34.919] [2998 ] [WARN ] [error:167]	busi err back, erase task failed, cannot find cache task: 68a7d0d1-64aa-475b-b41d-89956eedf026 !  [THE user: test006] 
[14:17:34.922] [17425] [ERROR] [error:157]	got error busi back: c4f2d409-26fd-4af8-b43f-13d534b22a60, code: 1007 
[14:17:34.922] [17425] [WARN ] [error:167]	busi err back, erase task failed, cannot find cache task: c4f2d409-26fd-4af8-b43f-13d534b22a60 !  [THE user: test006] 
[14:17:34.925] [2998 ] [ERROR] [error:157]	got error busi back: ec623c08-c951-49a7-a317-ada5e9b923e5, code: 1007 
[14:17:34.925] [2998 ] [WARN ] [error:167]	busi err back, erase task failed, cannot find cache task: ec623c08-c951-49a7-a317-ada5e9b923e5 !  [THE user: test006] 
[14:17:34.925] [17425] [ERROR] [error:157]	got error busi back: ecb0cba0-ff2a-47b9-a8b6-b3ab0a4c5acf, code: 1007 
[14:17:34.925] [17425] [WARN ] [error:167]	busi err back, erase task failed, cannot find cache task: ecb0cba0-ff2a-47b9-a8b6-b3ab0a4c5acf !  [THE user: test006] 
[14:17:34.926] [2998 ] [ERROR] [error:157]	got error busi back: 65067876-29a3-47d3-81ac-eda2771e8aec, code: 1007 
[14:17:34.926] [2998 ] [WARN ] [error:167]	busi err back, erase task failed, cannot find cache task: 65067876-29a3-47d3-81ac-eda2771e8aec !  [THE user: test006] 
[14:17:34.927] [17425] [ERROR] [error:157]	got error busi back: 427d1883-8527-4985-bbcc-4ac757382c36, code: 1007 
[14:17:34.927] [17425] [WARN ] [error:167]	busi err back, erase task failed, cannot find cache task: 427d1883-8527-4985-bbcc-4ac757382c36 !  [THE user: test006] 
[14:17:34.928] [2998 ] [ERROR] [error:157]	got error busi back: d9d56a04-9915-4d2f-b400-eceab046ff24, code: 1007 
[14:17:34.928] [2998 ] [WARN ] [error:167]	busi err back, erase task failed, cannot find cache task: d9d56a04-9915-4d2f-b400-eceab046ff24 !  [THE user: test006] 
[14:17:34.929] [17425] [ERROR] [error:157]	got error busi back: 7ce52cc0-4bda-4d43-9476-86ac639b4062, code: 1007 
[14:17:34.929] [17425] [WARN ] [error:167]	busi err back, erase task failed, cannot find cache task: 7ce52cc0-4bda-4d43-9476-86ac639b4062 !  [THE user: test006] 
[14:17:34.930] [2998 ] [ERROR] [error:157]	got error busi back: f4be1b3e-71a1-437f-b900-625a3c9e3209, code: 1007 
[14:17:34.930] [2998 ] [WARN ] [error:167]	busi err back, erase task failed, cannot find cache task: f4be1b3e-71a1-437f-b900-625a3c9e3209 !  [THE user: test006] 
[14:17:34.931] [17425] [ERROR] [error:157]	got error busi back: 1b2fc0de-14a2-4f4c-84e5-c6459b35ccea, code: 1007 
[14:17:34.931] [17425] [WARN ] [error:167]	busi err back, erase task failed, cannot find cache task: 1b2fc0de-14a2-4f4c-84e5-c6459b35ccea !  [THE user: test006] 
[14:17:34.933] [2998 ] [ERROR] [error:157]	got error busi back: 7f81e4c1-9c24-4689-9391-7d35a354f916, code: 1007 
[14:17:34.933] [2998 ] [WARN ] [error:167]	busi err back, erase task failed, cannot find cache task: 7f81e4c1-9c24-4689-9391-7d35a354f916 !  [THE user: test006] 
[14:17:34.933] [17425] [ERROR] [error:157]	got error busi back: ad15134e-2fb8-4d72-9161-d22158d5f4be, code: 1007 
[14:17:34.933] [17425] [WARN ] [error:167]	busi err back, erase task failed, cannot find cache task: ad15134e-2fb8-4d72-9161-d22158d5f4be !  [THE user: test006] 
[14:17:34.934] [2998 ] [ERROR] [error:157]	got error busi back: 95fe8a18-7b14-4e32-8124-77d8e66be2be, code: 1007 
[14:17:34.934] [2998 ] [WARN ] [error:167]	busi err back, erase task failed, cannot find cache task: 95fe8a18-7b14-4e32-8124-77d8e66be2be !  [THE user: test006] 
[14:17:34.935] [17425] [ERROR] [error:157]	got error busi back: f151e78d-5c47-491c-8eec-31555937e04f, code: 1007 
[14:17:34.935] [17425] [WARN ] [error:167]	busi err back, erase task failed, cannot find cache task: f151e78d-5c47-491c-8eec-31555937e04f !  [THE user: test006] 
[14:17:34.939] [2998 ] [ERROR] [error:157]	got error busi back: 475754ca-ad72-44f8-b208-2ce3deb7a6b0, code: 1007 
[14:17:34.939] [2998 ] [WARN ] [error:167]	busi err back, erase task failed, cannot find cache task: 475754ca-ad72-44f8-b208-2ce3deb7a6b0 !  [THE user: test006] 
[14:17:34.940] [17425] [ERROR] [error:157]	got error busi back: a2ff0e37-02a7-4ae8-8a9c-47ccc4e59d5f, code: 1007 
[14:17:34.940] [17425] [WARN ] [error:167]	busi err back, erase task failed, cannot find cache task: a2ff0e37-02a7-4ae8-8a9c-47ccc4e59d5f !  [THE user: test006] 
[14:17:34.941] [2998 ] [ERROR] [error:157]	got error busi back: 38b38a40-e957-4d86-863b-077c454df5cd, code: 1007 
[14:17:34.941] [2998 ] [WARN ] [error:167]	busi err back, erase task failed, cannot find cache task: 38b38a40-e957-4d86-863b-077c454df5cd !  [THE user: test006] 
[14:17:34.942] [17425] [ERROR] [error:157]	got error busi back: 72c9fccb-5327-40f0-846a-ecd5e094cf65, code: 1007 
[14:17:34.942] [17425] [WARN ] [error:167]	busi err back, erase task failed, cannot find cache task: 72c9fccb-5327-40f0-846a-ecd5e094cf65 !  [THE user: test006] 
[14:17:34.943] [2998 ] [ERROR] [error:157]	got error busi back: d557cf0b-a143-4282-9078-46b1237c36e5, code: 1007 
[14:17:34.943] [2998 ] [WARN ] [error:167]	busi err back, erase task failed, cannot find cache task: d557cf0b-a143-4282-9078-46b1237c36e5 !  [THE user: test006] 
[14:17:34.944] [17425] [ERROR] [error:157]	got error busi back: 6ef63bae-05df-4063-aff0-17dc6e16bc0f, code: 1007 
[14:17:34.944] [17425] [WARN ] [error:167]	busi err back, erase task failed, cannot find cache task: 6ef63bae-05df-4063-aff0-17dc6e16bc0f !  [THE user: test006] 
[14:17:34.945] [2998 ] [ERROR] [error:157]	got error busi back: a519d831-821b-4bd8-bd17-deb938d634f7, code: 1007 
[14:17:34.945] [2998 ] [WARN ] [error:167]	busi err back, erase task failed, cannot find cache task: a519d831-821b-4bd8-bd17-deb938d634f7 !  [THE user: test006] 
[14:17:34.948] [17425] [ERROR] [error:157]	got error busi back: 648767ba-672c-48b7-a98f-6f44b5459a51, code: 1007 
[14:17:34.948] [17425] [WARN ] [error:167]	busi err back, erase task failed, cannot find cache task: 648767ba-672c-48b7-a98f-6f44b5459a51 !  [THE user: test006] 
[14:17:34.949] [2998 ] [ERROR] [error:157]	got error busi back: 67cbc25d-5129-4925-841e-60b62761455b, code: 1007 
[14:17:34.949] [2998 ] [WARN ] [error:167]	busi err back, erase task failed, cannot find cache task: 67cbc25d-5129-4925-841e-60b62761455b !  [THE user: test006] 
[14:17:34.951] [17425] [ERROR] [error:157]	got error busi back: 938839f0-27a9-4d38-8ec3-66edbc98d52c, code: 1007 
[14:17:34.951] [17425] [WARN ] [error:167]	busi err back, erase task failed, cannot find cache task: 938839f0-27a9-4d38-8ec3-66edbc98d52c !  [THE user: test006] 
[14:17:34.952] [2998 ] [ERROR] [error:157]	got error busi back: 0eb18384-8338-412f-b04f-82f7aeafb9b0, code: 1007 
[14:17:34.952] [2998 ] [WARN ] [error:167]	busi err back, erase task failed, cannot find cache task: 0eb18384-8338-412f-b04f-82f7aeafb9b0 !  [THE user: test006] 
[14:17:34.953] [17425] [ERROR] [error:157]	got error busi back: 8f269e76-9007-4461-8059-fb0f518784a4, code: 1007 
[14:17:34.953] [17425] [WARN ] [error:167]	busi err back, erase task failed, cannot find cache task: 8f269e76-9007-4461-8059-fb0f518784a4 !  [THE user: test006] 
[14:17:34.954] [2998 ] [ERROR] [error:157]	got error busi back: 05f09f01-154a-4abd-b119-44c188b10efe, code: 1007 
[14:17:34.954] [2998 ] [WARN ] [error:167]	busi err back, erase task failed, cannot find cache task: 05f09f01-154a-4abd-b119-44c188b10efe !  [THE user: test006] 
[14:17:34.955] [17425] [ERROR] [error:157]	got error busi back: 916d8d5c-6e6a-46d3-9441-ee7971104f4c, code: 1007 
[14:17:34.955] [17425] [WARN ] [error:167]	busi err back, erase task failed, cannot find cache task: 916d8d5c-6e6a-46d3-9441-ee7971104f4c !  [THE user: test006] 
[14:17:34.956] [17425] [ERROR] [error:157]	got error busi back: 32d1920c-0179-4f71-8ba7-37c68824c8b8, code: 1007 
[14:17:34.956] [17425] [WARN ] [error:167]	busi err back, erase task failed, cannot find cache task: 32d1920c-0179-4f71-8ba7-37c68824c8b8 !  [THE user: test006] 
[14:17:34.957] [2998 ] [ERROR] [error:157]	got error busi back: b75ce889-1aee-4a47-965c-84821696d56e, code: 1007 
[14:17:34.957] [2998 ] [WARN ] [error:167]	busi err back, erase task failed, cannot find cache task: b75ce889-1aee-4a47-965c-84821696d56e !  [THE user: test006] 
[14:17:34.958] [17425] [ERROR] [error:157]	got error busi back: de6bd23f-af51-4210-ab62-77f259fce197, code: 1007 
[14:17:34.958] [17425] [WARN ] [error:167]	busi err back, erase task failed, cannot find cache task: de6bd23f-af51-4210-ab62-77f259fce197 !  [THE user: test006] 
[14:17:34.959] [2998 ] [ERROR] [error:157]	got error busi back: 43ed7316-30c5-483c-a8fc-42fabd15a75d, code: 1007 
[14:17:34.959] [2998 ] [WARN ] [error:167]	busi err back, erase task failed, cannot find cache task: 43ed7316-30c5-483c-a8fc-42fabd15a75d !  [THE user: test006] 
[14:17:34.959] [17425] [ERROR] [error:157]	got error busi back: 1634c36e-70d9-43bb-b160-9df4a7f9dc06, code: 1007 
[14:17:34.959] [17425] [WARN ] [error:167]	busi err back, erase task failed, cannot find cache task: 1634c36e-70d9-43bb-b160-9df4a7f9dc06 !  [THE user: test006] 
[14:17:34.961] [2998 ] [ERROR] [error:157]	got error busi back: 896de05b-1068-4f9c-b2a1-2064119c36fd, code: 1007 
[14:17:34.961] [2998 ] [WARN ] [error:167]	busi err back, erase task failed, cannot find cache task: 896de05b-1068-4f9c-b2a1-2064119c36fd !  [THE user: test006] 
[14:18:41.052] [9907 ] [ERROR] [Java_com_juzix_jugo_node_jni_NativeInterface_startTask:135]	commit a invite task to engine ok ! 
[14:18:41.057] [9907 ] [ERROR] [Java_com_juzix_jugo_node_jni_NativeInterface_startTask:135]	commit a invite task to engine ok ! 
[14:18:41.064] [9907 ] [ERROR] [Java_com_juzix_jugo_node_jni_NativeInterface_startTask:135]	commit a invite task to engine ok ! 
[14:18:41.067] [9907 ] [ERROR] [Java_com_juzix_jugo_node_jni_NativeInterface_startTask:135]	commit a invite task to engine ok ! 
[14:18:41.071] [9907 ] [ERROR] [Java_com_juzix_jugo_node_jni_NativeInterface_startTask:135]	commit a invite task to engine ok ! 
[14:18:41.076] [9907 ] [ERROR] [Java_com_juzix_jugo_node_jni_NativeInterface_startTask:135]	commit a invite task to engine ok ! 
[14:18:41.079] [9907 ] [ERROR] [Java_com_juzix_jugo_node_jni_NativeInterface_startTask:135]	commit a invite task to engine ok ! 
[14:18:41.081] [9907 ] [ERROR] [Java_com_juzix_jugo_node_jni_NativeInterface_startTask:135]	commit a invite task to engine ok ! 
[14:18:41.084] [9907 ] [ERROR] [Java_com_juzix_jugo_node_jni_NativeInterface_startTask:135]	commit a invite task to engine ok ! 
[14:18:41.087] [9907 ] [ERROR] [Java_com_juzix_jugo_node_jni_NativeInterface_startTask:135]	commit a invite task to engine ok ! 
[14:18:41.090] [9907 ] [ERROR] [Java_com_juzix_jugo_node_jni_NativeInterface_startTask:135]	commit a invite task to engine ok ! 
[14:18:41.094] [9907 ] [ERROR] [Java_com_juzix_jugo_node_jni_NativeInterface_startTask:135]	commit a invite task to engine ok ! 
[14:18:41.097] [9907 ] [ERROR] [Java_com_juzix_jugo_node_jni_NativeInterface_startTask:135]	commit a invite task to engine ok ! 
[14:18:41.100] [9907 ] [ERROR] [Java_com_juzix_jugo_node_jni_NativeInterface_startTask:135]	commit a invite task to engine ok ! 
[14:18:41.102] [9907 ] [ERROR] [Java_com_juzix_jugo_node_jni_NativeInterface_startTask:135]	commit a invite task to engine ok ! 
[14:18:41.105] [9907 ] [ERROR] [Java_com_juzix_jugo_node_jni_NativeInterface_startTask:135]	commit a invite task to engine ok ! 
[14:18:41.107] [9907 ] [ERROR] [Java_com_juzix_jugo_node_jni_NativeInterface_startTask:135]	commit a invite task to engine ok ! 
[14:18:41.110] [9907 ] [ERROR] [Java_com_juzix_jugo_node_jni_NativeInterface_startTask:135]	commit a invite task to engine ok ! 
[14:18:41.113] [9907 ] [ERROR] [Java_com_juzix_jugo_node_jni_NativeInterface_startTask:135]	commit a invite task to engine ok ! 
[14:18:41.116] [9907 ] [ERROR] [Java_com_juzix_jugo_node_jni_NativeInterface_startTask:135]	commit a invite task to engine ok ! 
[14:18:41.119] [9907 ] [ERROR] [Java_com_juzix_jugo_node_jni_NativeInterface_startTask:135]	commit a invite task to engine ok ! 
[14:18:41.122] [9907 ] [ERROR] [Java_com_juzix_jugo_node_jni_NativeInterface_startTask:135]	commit a invite task to engine ok ! 
[14:18:41.127] [9907 ] [ERROR] [Java_com_juzix_jugo_node_jni_NativeInterface_startTask:135]	commit a invite task to engine ok ! 
[14:18:41.130] [9907 ] [ERROR] [Java_com_juzix_jugo_node_jni_NativeInterface_startTask:135]	commit a invite task to engine ok ! 
[14:18:41.132] [9907 ] [ERROR] [Java_com_juzix_jugo_node_jni_NativeInterface_startTask:135]	commit a invite task to engine ok ! 
[14:18:41.146] [9907 ] [ERROR] [Java_com_juzix_jugo_node_jni_NativeInterface_startTask:135]	commit a invite task to engine ok ! 
[14:18:41.164] [9907 ] [ERROR] [Java_com_juzix_jugo_node_jni_NativeInterface_startTask:135]	commit a invite task to engine ok ! 
[14:18:41.169] [9907 ] [ERROR] [Java_com_juzix_jugo_node_jni_NativeInterface_startTask:135]	commit a invite task to engine ok ! 
[14:18:41.173] [9907 ] [ERROR] [Java_com_juzix_jugo_node_jni_NativeInterface_startTask:135]	commit a invite task to engine ok ! 
[14:18:41.179] [9907 ] [ERROR] [Java_com_juzix_jugo_node_jni_NativeInterface_startTask:135]	commit a invite task to engine ok ! 
[14:18:41.182] [9907 ] [ERROR] [Java_com_juzix_jugo_node_jni_NativeInterface_startTask:135]	commit a invite task to engine ok ! 
[14:18:41.189] [9907 ] [ERROR] [Java_com_juzix_jugo_node_jni_NativeInterface_startTask:135]	commit a invite task to engine ok ! 
[14:18:41.193] [9907 ] [ERROR] [Java_com_juzix_jugo_node_jni_NativeInterface_startTask:135]	commit a invite task to engine ok ! 
[14:18:41.196] [9907 ] [ERROR] [Java_com_juzix_jugo_node_jni_NativeInterface_startTask:135]	commit a invite task to engine ok ! 
[14:18:41.204] [9907 ] [ERROR] [Java_com_juzix_jugo_node_jni_NativeInterface_startTask:135]	commit a invite task to engine ok ! 
[14:18:41.222] [9907 ] [ERROR] [Java_com_juzix_jugo_node_jni_NativeInterface_startTask:135]	commit a invite task to engine ok ! 
[14:18:41.231] [9907 ] [ERROR] [Java_com_juzix_jugo_node_jni_NativeInterface_startTask:135]	commit a invite task to engine ok ! 
[14:18:41.243] [9907 ] [ERROR] [Java_com_juzix_jugo_node_jni_NativeInterface_startTask:135]	commit a invite task to engine ok ! 
[14:18:41.257] [9907 ] [ERROR] [Java_com_juzix_jugo_node_jni_NativeInterface_startTask:135]	commit a invite task to engine ok ! 
[14:18:41.262] [9907 ] [ERROR] [Java_com_juzix_jugo_node_jni_NativeInterface_startTask:135]	commit a invite task to engine ok ! 
[14:18:41.265] [9907 ] [ERROR] [Java_com_juzix_jugo_node_jni_NativeInterface_startTask:135]	commit a invite task to engine ok ! 
[14:18:41.268] [9907 ] [ERROR] [Java_com_juzix_jugo_node_jni_NativeInterface_startTask:135]	commit a invite task to engine ok ! 
[14:18:41.278] [9907 ] [ERROR] [Java_com_juzix_jugo_node_jni_NativeInterface_startTask:135]	commit a invite task to engine ok ! 
[14:18:41.280] [9907 ] [ERROR] [Java_com_juzix_jugo_node_jni_NativeInterface_startTask:135]	commit a invite task to engine ok ! 
[14:18:41.283] [9907 ] [ERROR] [Java_com_juzix_jugo_node_jni_NativeInterface_startTask:135]	commit a invite task to engine ok ! 
[14:18:41.287] [9907 ] [ERROR] [Java_com_juzix_jugo_node_jni_NativeInterface_startTask:135]	commit a invite task to engine ok ! 
[14:18:41.293] [9907 ] [ERROR] [Java_com_juzix_jugo_node_jni_NativeInterface_startTask:135]	commit a invite task to engine ok ! 
[14:18:41.298] [9907 ] [ERROR] [Java_com_juzix_jugo_node_jni_NativeInterface_startTask:135]	commit a invite task to engine ok ! 
[14:18:41.303] [9907 ] [ERROR] [Java_com_juzix_jugo_node_jni_NativeInterface_startTask:135]	commit a invite task to engine ok ! 
[14:18:41.309] [9907 ] [ERROR] [Java_com_juzix_jugo_node_jni_NativeInterface_startTask:135]	commit a invite task to engine ok ! 
[14:18:41.318] [9907 ] [ERROR] [Java_com_juzix_jugo_node_jni_NativeInterface_startTask:135]	commit a invite task to engine ok ! 
[14:18:41.327] [9907 ] [ERROR] [Java_com_juzix_jugo_node_jni_NativeInterface_startTask:135]	commit a invite task to engine ok ! 
[14:18:41.330] [9907 ] [ERROR] [Java_com_juzix_jugo_node_jni_NativeInterface_startTask:135]	commit a invite task to engine ok ! 
[14:18:41.334] [9907 ] [ERROR] [Java_com_juzix_jugo_node_jni_NativeInterface_startTask:135]	commit a invite task to engine ok ! 
[14:18:41.337] [9907 ] [ERROR] [Java_com_juzix_jugo_node_jni_NativeInterface_startTask:135]	commit a invite task to engine ok ! 
[14:18:41.340] [9907 ] [ERROR] [Java_com_juzix_jugo_node_jni_NativeInterface_startTask:135]	commit a invite task to engine ok ! 
[14:18:41.343] [9907 ] [ERROR] [Java_com_juzix_jugo_node_jni_NativeInterface_startTask:135]	commit a invite task to engine ok ! 
[14:18:41.346] [9907 ] [ERROR] [Java_com_juzix_jugo_node_jni_NativeInterface_startTask:135]	commit a invite task to engine ok ! 
[14:18:41.349] [9907 ] [ERROR] [Java_com_juzix_jugo_node_jni_NativeInterface_startTask:135]	commit a invite task to engine ok ! 
[14:18:41.353] [9907 ] [ERROR] [Java_com_juzix_jugo_node_jni_NativeInterface_startTask:135]	commit a invite task to engine ok ! 
[14:18:41.356] [9907 ] [ERROR] [Java_com_juzix_jugo_node_jni_NativeInterface_startTask:135]	commit a invite task to engine ok ! 
[14:18:41.359] [9907 ] [ERROR] [Java_com_juzix_jugo_node_jni_NativeInterface_startTask:135]	commit a invite task to engine ok ! 
[14:18:41.363] [9907 ] [ERROR] [Java_com_juzix_jugo_node_jni_NativeInterface_startTask:135]	commit a invite task to engine ok ! 
[14:18:41.366] [9907 ] [ERROR] [Java_com_juzix_jugo_node_jni_NativeInterface_startTask:135]	commit a invite task to engine ok ! 
[14:18:41.369] [9907 ] [ERROR] [Java_com_juzix_jugo_node_jni_NativeInterface_startTask:135]	commit a invite task to engine ok ! 
[14:18:41.373] [9907 ] [ERROR] [Java_com_juzix_jugo_node_jni_NativeInterface_startTask:135]	commit a invite task to engine ok ! 
[14:18:41.376] [9907 ] [ERROR] [Java_com_juzix_jugo_node_jni_NativeInterface_startTask:135]	commit a invite task to engine ok ! 
[14:18:41.380] [9907 ] [ERROR] [Java_com_juzix_jugo_node_jni_NativeInterface_startTask:135]	commit a invite task to engine ok ! 
[14:18:41.383] [9907 ] [ERROR] [Java_com_juzix_jugo_node_jni_NativeInterface_startTask:135]	commit a invite task to engine ok ! 
[14:18:41.386] [9907 ] [ERROR] [Java_com_juzix_jugo_node_jni_NativeInterface_startTask:135]	commit a invite task to engine ok ! 
[14:18:41.389] [9907 ] [ERROR] [Java_com_juzix_jugo_node_jni_NativeInterface_startTask:135]	commit a invite task to engine ok ! 
[14:18:41.393] [9907 ] [ERROR] [Java_com_juzix_jugo_node_jni_NativeInterface_startTask:135]	commit a invite task to engine ok ! 
[14:18:41.396] [9907 ] [ERROR] [Java_com_juzix_jugo_node_jni_NativeInterface_startTask:135]	commit a invite task to engine ok ! 
[14:18:41.400] [9907 ] [ERROR] [Java_com_juzix_jugo_node_jni_NativeInterface_startTask:135]	commit a invite task to engine ok ! 
[14:18:41.404] [9907 ] [ERROR] [Java_com_juzix_jugo_node_jni_NativeInterface_startTask:135]	commit a invite task to engine ok ! 
[14:18:41.407] [9907 ] [ERROR] [Java_com_juzix_jugo_node_jni_NativeInterface_startTask:135]	commit a invite task to engine ok ! 
[14:18:41.410] [9907 ] [ERROR] [Java_com_juzix_jugo_node_jni_NativeInterface_startTask:135]	commit a invite task to engine ok ! 
[14:18:41.413] [9907 ] [ERROR] [Java_com_juzix_jugo_node_jni_NativeInterface_startTask:135]	commit a invite task to engine ok ! 
[14:18:41.416] [9907 ] [ERROR] [Java_com_juzix_jugo_node_jni_NativeInterface_startTask:135]	commit a invite task to engine ok ! 
[14:18:41.424] [9907 ] [ERROR] [Java_com_juzix_jugo_node_jni_NativeInterface_startTask:135]	commit a invite task to engine ok ! 
[14:18:41.430] [9907 ] [ERROR] [Java_com_juzix_jugo_node_jni_NativeInterface_startTask:135]	commit a invite task to engine ok ! 
[14:18:41.434] [9907 ] [ERROR] [Java_com_juzix_jugo_node_jni_NativeInterface_startTask:135]	commit a invite task to engine ok ! 
[14:18:41.438] [9907 ] [ERROR] [Java_com_juzix_jugo_node_jni_NativeInterface_startTask:135]	commit a invite task to engine ok ! 
[14:18:41.442] [9907 ] [ERROR] [Java_com_juzix_jugo_node_jni_NativeInterface_startTask:135]	commit a invite task to engine ok ! 
[14:18:41.447] [9907 ] [ERROR] [Java_com_juzix_jugo_node_jni_NativeInterface_startTask:135]	commit a invite task to engine ok ! 
[14:18:41.450] [9907 ] [ERROR] [Java_com_juzix_jugo_node_jni_NativeInterface_startTask:135]	commit a invite task to engine ok ! 
[14:18:41.453] [9907 ] [ERROR] [Java_com_juzix_jugo_node_jni_NativeInterface_startTask:135]	commit a invite task to engine ok ! 
[14:18:41.457] [9907 ] [ERROR] [Java_com_juzix_jugo_node_jni_NativeInterface_startTask:135]	commit a invite task to engine ok ! 
[14:18:41.461] [9907 ] [ERROR] [Java_com_juzix_jugo_node_jni_NativeInterface_startTask:135]	commit a invite task to engine ok ! 
[14:18:41.465] [9907 ] [ERROR] [Java_com_juzix_jugo_node_jni_NativeInterface_startTask:135]	commit a invite task to engine ok ! 
[14:18:41.468] [9907 ] [ERROR] [Java_com_juzix_jugo_node_jni_NativeInterface_startTask:135]	commit a invite task to engine ok ! 
[14:18:41.475] [9907 ] [ERROR] [Java_com_juzix_jugo_node_jni_NativeInterface_startTask:135]	commit a invite task to engine ok ! 
[14:18:41.480] [9907 ] [ERROR] [Java_com_juzix_jugo_node_jni_NativeInterface_startTask:135]	commit a invite task to engine ok ! 
[14:18:41.485] [9907 ] [ERROR] [Java_com_juzix_jugo_node_jni_NativeInterface_startTask:135]	commit a invite task to engine ok ! 
[14:18:41.497] [9907 ] [ERROR] [Java_com_juzix_jugo_node_jni_NativeInterface_startTask:135]	commit a invite task to engine ok ! 
[14:18:41.503] [9907 ] [ERROR] [Java_com_juzix_jugo_node_jni_NativeInterface_startTask:135]	commit a invite task to engine ok ! 
[14:18:41.507] [9907 ] [ERROR] [Java_com_juzix_jugo_node_jni_NativeInterface_startTask:135]	commit a invite task to engine ok ! 
[14:18:41.510] [9907 ] [ERROR] [Java_com_juzix_jugo_node_jni_NativeInterface_startTask:135]	commit a invite task to engine ok ! 
[14:18:41.522] [9907 ] [ERROR] [Java_com_juzix_jugo_node_jni_NativeInterface_startTask:135]	commit a invite task to engine ok ! 
[14:18:41.526] [9907 ] [ERROR] [Java_com_juzix_jugo_node_jni_NativeInterface_startTask:135]	commit a invite task to engine ok ! 
[14:23:38.042] [9909 ] [ERROR] [error:157]	got error busi back: 6b2e6ac5-26cb-4cd7-95f3-8f3ad793c479, code: 1007 
[14:23:38.042] [9909 ] [WARN ] [error:167]	busi err back, erase task failed, cannot find cache task: 6b2e6ac5-26cb-4cd7-95f3-8f3ad793c479 !  [THE user: test006] 
[14:23:38.045] [8230 ] [ERROR] [error:157]	got error busi back: 70330a65-d93a-43db-8237-0a56485612ed, code: 1007 
[14:23:38.045] [8230 ] [WARN ] [error:167]	busi err back, erase task failed, cannot find cache task: 70330a65-d93a-43db-8237-0a56485612ed !  [THE user: test006] 
[14:23:38.047] [9909 ] [ERROR] [error:157]	got error busi back: fb9a4c69-b2d5-4b90-b7e4-c5b2350767af, code: 1007 
[14:23:38.047] [9909 ] [WARN ] [error:167]	busi err back, erase task failed, cannot find cache task: fb9a4c69-b2d5-4b90-b7e4-c5b2350767af !  [THE user: test006] 
[14:23:38.048] [8230 ] [ERROR] [error:157]	got error busi back: a8767e9d-87e2-4457-ad09-82c1359f3c7a, code: 1007 
[14:23:38.048] [8230 ] [WARN ] [error:167]	busi err back, erase task failed, cannot find cache task: a8767e9d-87e2-4457-ad09-82c1359f3c7a !  [THE user: test006] 
[14:23:38.051] [9909 ] [ERROR] [error:157]	got error busi back: b80cf794-5363-43b3-bf30-68c0abecc682, code: 1007 
[14:23:38.051] [9909 ] [WARN ] [error:167]	busi err back, erase task failed, cannot find cache task: b80cf794-5363-43b3-bf30-68c0abecc682 !  [THE user: test006] 
[14:23:38.053] [9909 ] [ERROR] [error:157]	got error busi back: 8febf2bb-614e-4e04-8b57-38e602c7a2a9, code: 1007 
[14:23:38.053] [9909 ] [WARN ] [error:167]	busi err back, erase task failed, cannot find cache task: 8febf2bb-614e-4e04-8b57-38e602c7a2a9 !  [THE user: test006] 
[14:23:38.054] [9909 ] [ERROR] [error:157]	got error busi back: 6f1c8279-019e-4b43-8172-67d733408c80, code: 1007 
[14:23:38.054] [9909 ] [WARN ] [error:167]	busi err back, erase task failed, cannot find cache task: 6f1c8279-019e-4b43-8172-67d733408c80 !  [THE user: test006] 
[14:23:38.057] [9909 ] [ERROR] [error:157]	got error busi back: a0d14dec-680b-41bb-9022-011f427a7eaa, code: 1007 
[14:23:38.057] [9909 ] [WARN ] [error:167]	busi err back, erase task failed, cannot find cache task: a0d14dec-680b-41bb-9022-011f427a7eaa !  [THE user: test006] 
[14:23:38.058] [9909 ] [ERROR] [error:157]	got error busi back: e8ba73c7-7bfb-498e-9e39-013a57932832, code: 1007 
[14:23:38.058] [9909 ] [WARN ] [error:167]	busi err back, erase task failed, cannot find cache task: e8ba73c7-7bfb-498e-9e39-013a57932832 !  [THE user: test006] 
[14:23:38.059] [9909 ] [ERROR] [error:157]	got error busi back: 954c35e6-5c58-45ea-a150-390ff8b0f0fc, code: 1007 
[14:23:38.059] [9909 ] [WARN ] [error:167]	busi err back, erase task failed, cannot find cache task: 954c35e6-5c58-45ea-a150-390ff8b0f0fc !  [THE user: test006] 
[14:23:38.061] [9909 ] [ERROR] [error:157]	got error busi back: 65d0cd7d-315f-4819-9d44-2f2d1f0b8679, code: 1007 
[14:23:38.061] [9909 ] [WARN ] [error:167]	busi err back, erase task failed, cannot find cache task: 65d0cd7d-315f-4819-9d44-2f2d1f0b8679 !  [THE user: test006] 
[14:23:38.063] [8230 ] [ERROR] [error:157]	got error busi back: 0515b4f5-108b-44cc-9cec-a3d84f0a1239, code: 1007 
[14:23:38.063] [8230 ] [WARN ] [error:167]	busi err back, erase task failed, cannot find cache task: 0515b4f5-108b-44cc-9cec-a3d84f0a1239 !  [THE user: test006] 
[14:23:38.064] [8230 ] [ERROR] [error:157]	got error busi back: ae69f4f5-3052-4d75-8e1f-e6d5e378e201, code: 1007 
[14:23:38.064] [8230 ] [WARN ] [error:167]	busi err back, erase task failed, cannot find cache task: ae69f4f5-3052-4d75-8e1f-e6d5e378e201 !  [THE user: test006] 
[14:23:38.065] [8230 ] [ERROR] [error:157]	got error busi back: 5a3adc1c-4c0f-4e66-98ca-3485c195f5f7, code: 1007 
[14:23:38.065] [8230 ] [WARN ] [error:167]	busi err back, erase task failed, cannot find cache task: 5a3adc1c-4c0f-4e66-98ca-3485c195f5f7 !  [THE user: test006] 
[14:23:38.069] [8230 ] [ERROR] [error:157]	got error busi back: 3c70d5ac-3389-4177-9db1-84363c0e106b, code: 1007 
[14:23:38.069] [8230 ] [WARN ] [error:167]	busi err back, erase task failed, cannot find cache task: 3c70d5ac-3389-4177-9db1-84363c0e106b !  [THE user: test006] 
[14:23:38.070] [8230 ] [ERROR] [error:157]	got error busi back: bf39589f-839f-49d1-a2d9-a079547d5f56, code: 1007 
[14:23:38.070] [8230 ] [WARN ] [error:167]	busi err back, erase task failed, cannot find cache task: bf39589f-839f-49d1-a2d9-a079547d5f56 !  [THE user: test006] 
[14:23:38.072] [8230 ] [ERROR] [error:157]	got error busi back: 8b9b3112-03e2-4fa4-9fd8-a6b300434329, code: 1007 
[14:23:38.072] [8230 ] [WARN ] [error:167]	busi err back, erase task failed, cannot find cache task: 8b9b3112-03e2-4fa4-9fd8-a6b300434329 !  [THE user: test006] 
[14:23:38.073] [8230 ] [ERROR] [error:157]	got error busi back: 0aaca994-5d32-443c-a312-a54e5ba0c191, code: 1007 
[14:23:38.073] [8230 ] [WARN ] [error:167]	busi err back, erase task failed, cannot find cache task: 0aaca994-5d32-443c-a312-a54e5ba0c191 !  [THE user: test006] 
[14:23:38.074] [8230 ] [ERROR] [error:157]	got error busi back: f4657242-4696-4d7a-9115-9072a94354e2, code: 1007 
[14:23:38.074] [8230 ] [WARN ] [error:167]	busi err back, erase task failed, cannot find cache task: f4657242-4696-4d7a-9115-9072a94354e2 !  [THE user: test006] 
[14:23:38.077] [8230 ] [ERROR] [error:157]	got error busi back: 2764e135-52ff-40ca-99f4-bd448e612948, code: 1007 
[14:23:38.077] [8230 ] [WARN ] [error:167]	busi err back, erase task failed, cannot find cache task: 2764e135-52ff-40ca-99f4-bd448e612948 !  [THE user: test006] 
[14:23:38.079] [8230 ] [ERROR] [error:157]	got error busi back: 7c4d57ac-6d96-4c7f-8843-4d877c7107d4, code: 1007 
[14:23:38.079] [8230 ] [WARN ] [error:167]	busi err back, erase task failed, cannot find cache task: 7c4d57ac-6d96-4c7f-8843-4d877c7107d4 !  [THE user: test006] 
[14:23:38.081] [8230 ] [ERROR] [error:157]	got error busi back: 09899fee-0c0c-4d40-a080-803011ac71fc, code: 1007 
[14:23:38.081] [8230 ] [WARN ] [error:167]	busi err back, erase task failed, cannot find cache task: 09899fee-0c0c-4d40-a080-803011ac71fc !  [THE user: test006] 
[14:23:38.083] [8230 ] [ERROR] [error:157]	got error busi back: 2652b7b5-3d25-4d7d-9914-31882369bade, code: 1007 
[14:23:38.083] [8230 ] [WARN ] [error:167]	busi err back, erase task failed, cannot find cache task: 2652b7b5-3d25-4d7d-9914-31882369bade !  [THE user: test006] 
[14:23:38.084] [8230 ] [ERROR] [error:157]	got error busi back: cf9f8857-cb75-4011-8214-9dc101597c85, code: 1007 
[14:23:38.084] [8230 ] [WARN ] [error:167]	busi err back, erase task failed, cannot find cache task: cf9f8857-cb75-4011-8214-9dc101597c85 !  [THE user: test006] 
[14:23:38.086] [8230 ] [ERROR] [error:157]	got error busi back: b8a2ab1f-45fc-4922-87b8-1ccd7cd889e7, code: 1007 
[14:23:38.086] [8230 ] [WARN ] [error:167]	busi err back, erase task failed, cannot find cache task: b8a2ab1f-45fc-4922-87b8-1ccd7cd889e7 !  [THE user: test006] 
[14:23:38.088] [8230 ] [ERROR] [error:157]	got error busi back: 8b9f8970-4cbc-486a-ba3c-3fab0c1ce464, code: 1007 
[14:23:38.088] [8230 ] [WARN ] [error:167]	busi err back, erase task failed, cannot find cache task: 8b9f8970-4cbc-486a-ba3c-3fab0c1ce464 !  [THE user: test006] 
[14:23:38.089] [8230 ] [ERROR] [error:157]	got error busi back: 68a7d0d1-64aa-475b-b41d-89956eedf026, code: 1007 
[14:23:38.089] [8230 ] [WARN ] [error:167]	busi err back, erase task failed, cannot find cache task: 68a7d0d1-64aa-475b-b41d-89956eedf026 !  [THE user: test006] 
[14:23:38.091] [8230 ] [ERROR] [error:157]	got error busi back: c4f2d409-26fd-4af8-b43f-13d534b22a60, code: 1007 
[14:23:38.091] [8230 ] [WARN ] [error:167]	busi err back, erase task failed, cannot find cache task: c4f2d409-26fd-4af8-b43f-13d534b22a60 !  [THE user: test006] 
[14:23:38.098] [8230 ] [ERROR] [error:157]	got error busi back: ec623c08-c951-49a7-a317-ada5e9b923e5, code: 1007 
[14:23:38.098] [8230 ] [WARN ] [error:167]	busi err back, erase task failed, cannot find cache task: ec623c08-c951-49a7-a317-ada5e9b923e5 !  [THE user: test006] 
[14:23:38.099] [9909 ] [ERROR] [error:157]	got error busi back: ecb0cba0-ff2a-47b9-a8b6-b3ab0a4c5acf, code: 1007 
[14:23:38.099] [9909 ] [WARN ] [error:167]	busi err back, erase task failed, cannot find cache task: ecb0cba0-ff2a-47b9-a8b6-b3ab0a4c5acf !  [THE user: test006] 
[14:23:38.101] [8230 ] [ERROR] [error:157]	got error busi back: 65067876-29a3-47d3-81ac-eda2771e8aec, code: 1007 
[14:23:38.101] [8230 ] [WARN ] [error:167]	busi err back, erase task failed, cannot find cache task: 65067876-29a3-47d3-81ac-eda2771e8aec !  [THE user: test006] 
[14:23:38.102] [9909 ] [ERROR] [error:157]	got error busi back: 427d1883-8527-4985-bbcc-4ac757382c36, code: 1007 
[14:23:38.102] [9909 ] [WARN ] [error:167]	busi err back, erase task failed, cannot find cache task: 427d1883-8527-4985-bbcc-4ac757382c36 !  [THE user: test006] 
[14:23:38.104] [9909 ] [ERROR] [error:157]	got error busi back: d9d56a04-9915-4d2f-b400-eceab046ff24, code: 1007 
[14:23:38.104] [9909 ] [WARN ] [error:167]	busi err back, erase task failed, cannot find cache task: d9d56a04-9915-4d2f-b400-eceab046ff24 !  [THE user: test006] 
[14:23:38.106] [9909 ] [ERROR] [error:157]	got error busi back: 7ce52cc0-4bda-4d43-9476-86ac639b4062, code: 1007 
[14:23:38.106] [9909 ] [WARN ] [error:167]	busi err back, erase task failed, cannot find cache task: 7ce52cc0-4bda-4d43-9476-86ac639b4062 !  [THE user: test006] 
[14:23:38.108] [8230 ] [ERROR] [error:157]	got error busi back: f4be1b3e-71a1-437f-b900-625a3c9e3209, code: 1007 
[14:23:38.108] [8230 ] [WARN ] [error:167]	busi err back, erase task failed, cannot find cache task: f4be1b3e-71a1-437f-b900-625a3c9e3209 !  [THE user: test006] 
[14:23:38.110] [9909 ] [ERROR] [error:157]	got error busi back: 1b2fc0de-14a2-4f4c-84e5-c6459b35ccea, code: 1007 
[14:23:38.110] [9909 ] [WARN ] [error:167]	busi err back, erase task failed, cannot find cache task: 1b2fc0de-14a2-4f4c-84e5-c6459b35ccea !  [THE user: test006] 
[14:23:38.112] [8230 ] [ERROR] [error:157]	got error busi back: 7f81e4c1-9c24-4689-9391-7d35a354f916, code: 1007 
[14:23:38.112] [8230 ] [WARN ] [error:167]	busi err back, erase task failed, cannot find cache task: 7f81e4c1-9c24-4689-9391-7d35a354f916 !  [THE user: test006] 
[14:23:38.113] [9909 ] [ERROR] [error:157]	got error busi back: 95fe8a18-7b14-4e32-8124-77d8e66be2be, code: 1007 
[14:23:38.113] [9909 ] [WARN ] [error:167]	busi err back, erase task failed, cannot find cache task: 95fe8a18-7b14-4e32-8124-77d8e66be2be !  [THE user: test006] 
[14:23:38.114] [8230 ] [ERROR] [error:157]	got error busi back: ad15134e-2fb8-4d72-9161-d22158d5f4be, code: 1007 
[14:23:38.114] [8230 ] [WARN ] [error:167]	busi err back, erase task failed, cannot find cache task: ad15134e-2fb8-4d72-9161-d22158d5f4be !  [THE user: test006] 
[14:23:38.115] [9909 ] [ERROR] [error:157]	got error busi back: f151e78d-5c47-491c-8eec-31555937e04f, code: 1007 
[14:23:38.116] [9909 ] [WARN ] [error:167]	busi err back, erase task failed, cannot find cache task: f151e78d-5c47-491c-8eec-31555937e04f !  [THE user: test006] 
[14:23:38.117] [8230 ] [ERROR] [error:157]	got error busi back: 475754ca-ad72-44f8-b208-2ce3deb7a6b0, code: 1007 
[14:23:38.117] [8230 ] [WARN ] [error:167]	busi err back, erase task failed, cannot find cache task: 475754ca-ad72-44f8-b208-2ce3deb7a6b0 !  [THE user: test006] 
[14:23:38.118] [9909 ] [ERROR] [error:157]	got error busi back: a2ff0e37-02a7-4ae8-8a9c-47ccc4e59d5f, code: 1007 
[14:23:38.118] [9909 ] [WARN ] [error:167]	busi err back, erase task failed, cannot find cache task: a2ff0e37-02a7-4ae8-8a9c-47ccc4e59d5f !  [THE user: test006] 
[14:23:38.120] [8230 ] [ERROR] [error:157]	got error busi back: 38b38a40-e957-4d86-863b-077c454df5cd, code: 1007 
[14:23:38.120] [8230 ] [WARN ] [error:167]	busi err back, erase task failed, cannot find cache task: 38b38a40-e957-4d86-863b-077c454df5cd !  [THE user: test006] 
[14:23:38.122] [8230 ] [ERROR] [error:157]	got error busi back: 72c9fccb-5327-40f0-846a-ecd5e094cf65, code: 1007 
[14:23:38.122] [8230 ] [WARN ] [error:167]	busi err back, erase task failed, cannot find cache task: 72c9fccb-5327-40f0-846a-ecd5e094cf65 !  [THE user: test006] 
[14:23:38.123] [8230 ] [ERROR] [error:157]	got error busi back: d557cf0b-a143-4282-9078-46b1237c36e5, code: 1007 
[14:23:38.123] [8230 ] [WARN ] [error:167]	busi err back, erase task failed, cannot find cache task: d557cf0b-a143-4282-9078-46b1237c36e5 !  [THE user: test006] 
[14:23:38.124] [8230 ] [ERROR] [error:157]	got error busi back: 6ef63bae-05df-4063-aff0-17dc6e16bc0f, code: 1007 
[14:23:38.124] [8230 ] [WARN ] [error:167]	busi err back, erase task failed, cannot find cache task: 6ef63bae-05df-4063-aff0-17dc6e16bc0f !  [THE user: test006] 
[14:23:38.126] [9909 ] [ERROR] [error:157]	got error busi back: a519d831-821b-4bd8-bd17-deb938d634f7, code: 1007 
[14:23:38.126] [9909 ] [WARN ] [error:167]	busi err back, erase task failed, cannot find cache task: a519d831-821b-4bd8-bd17-deb938d634f7 !  [THE user: test006] 
[14:23:38.128] [8230 ] [ERROR] [error:157]	got error busi back: 648767ba-672c-48b7-a98f-6f44b5459a51, code: 1007 
[14:23:38.128] [8230 ] [WARN ] [error:167]	busi err back, erase task failed, cannot find cache task: 648767ba-672c-48b7-a98f-6f44b5459a51 !  [THE user: test006] 
[14:23:38.129] [9909 ] [ERROR] [error:157]	got error busi back: 67cbc25d-5129-4925-841e-60b62761455b, code: 1007 
[14:23:38.129] [9909 ] [WARN ] [error:167]	busi err back, erase task failed, cannot find cache task: 67cbc25d-5129-4925-841e-60b62761455b !  [THE user: test006] 
[14:23:38.132] [8230 ] [ERROR] [error:157]	got error busi back: 938839f0-27a9-4d38-8ec3-66edbc98d52c, code: 1007 
[14:23:38.132] [8230 ] [WARN ] [error:167]	busi err back, erase task failed, cannot find cache task: 938839f0-27a9-4d38-8ec3-66edbc98d52c !  [THE user: test006] 
[14:23:38.134] [9909 ] [ERROR] [error:157]	got error busi back: 0eb18384-8338-412f-b04f-82f7aeafb9b0, code: 1007 
[14:23:38.134] [9909 ] [WARN ] [error:167]	busi err back, erase task failed, cannot find cache task: 0eb18384-8338-412f-b04f-82f7aeafb9b0 !  [THE user: test006] 
[14:23:38.136] [8230 ] [ERROR] [error:157]	got error busi back: 8f269e76-9007-4461-8059-fb0f518784a4, code: 1007 
[14:23:38.136] [8230 ] [WARN ] [error:167]	busi err back, erase task failed, cannot find cache task: 8f269e76-9007-4461-8059-fb0f518784a4 !  [THE user: test006] 
[14:23:38.137] [9909 ] [ERROR] [error:157]	got error busi back: 05f09f01-154a-4abd-b119-44c188b10efe, code: 1007 
[14:23:38.137] [9909 ] [WARN ] [error:167]	busi err back, erase task failed, cannot find cache task: 05f09f01-154a-4abd-b119-44c188b10efe !  [THE user: test006] 
[14:23:38.139] [8230 ] [ERROR] [error:157]	got error busi back: 916d8d5c-6e6a-46d3-9441-ee7971104f4c, code: 1007 
[14:23:38.139] [8230 ] [WARN ] [error:167]	busi err back, erase task failed, cannot find cache task: 916d8d5c-6e6a-46d3-9441-ee7971104f4c !  [THE user: test006] 
[14:23:38.140] [9909 ] [ERROR] [error:157]	got error busi back: 32d1920c-0179-4f71-8ba7-37c68824c8b8, code: 1007 
[14:23:38.140] [9909 ] [WARN ] [error:167]	busi err back, erase task failed, cannot find cache task: 32d1920c-0179-4f71-8ba7-37c68824c8b8 !  [THE user: test006] 
[14:23:38.142] [8230 ] [ERROR] [error:157]	got error busi back: b75ce889-1aee-4a47-965c-84821696d56e, code: 1007 
[14:23:38.142] [8230 ] [WARN ] [error:167]	busi err back, erase task failed, cannot find cache task: b75ce889-1aee-4a47-965c-84821696d56e !  [THE user: test006] 
[14:23:38.144] [9909 ] [ERROR] [error:157]	got error busi back: de6bd23f-af51-4210-ab62-77f259fce197, code: 1007 
[14:23:38.144] [9909 ] [WARN ] [error:167]	busi err back, erase task failed, cannot find cache task: de6bd23f-af51-4210-ab62-77f259fce197 !  [THE user: test006] 
[14:23:38.145] [8230 ] [ERROR] [error:157]	got error busi back: 43ed7316-30c5-483c-a8fc-42fabd15a75d, code: 1007 
[14:23:38.145] [8230 ] [WARN ] [error:167]	busi err back, erase task failed, cannot find cache task: 43ed7316-30c5-483c-a8fc-42fabd15a75d !  [THE user: test006] 
[14:23:38.147] [8230 ] [ERROR] [error:157]	got error busi back: 1634c36e-70d9-43bb-b160-9df4a7f9dc06, code: 1007 
[14:23:38.147] [8230 ] [WARN ] [error:167]	busi err back, erase task failed, cannot find cache task: 1634c36e-70d9-43bb-b160-9df4a7f9dc06 !  [THE user: test006] 
[14:23:38.149] [9909 ] [ERROR] [error:157]	got error busi back: 896de05b-1068-4f9c-b2a1-2064119c36fd, code: 1007 
[14:23:38.149] [9909 ] [WARN ] [error:167]	busi err back, erase task failed, cannot find cache task: 896de05b-1068-4f9c-b2a1-2064119c36fd !  [THE user: test006] 
[14:31:20.580] [14707] [WARN ] [~MpcMemPool:48]	the mempool is freed! 
