[14:59:01.654] [30224] [INFO ] [JNI_OnLoad:24]	jvm onload success ! 
[14:59:01.655] [30224] [INFO ] [init:111]	JniNativeCallback init ok. 
[14:59:01.655] [30224] [INFO ] [init:136]	to init engine, user: test006, mode: 0, proxyEndpoint: ProxyGlacier2/router:tcp -h 202.114.114.46 -p 4502 -t 11000 
[14:59:01.655] [30224] [WARN ] [init:158]	Cannot find the --Mpc.Data=xxxxx config item ! 
[14:59:01.655] [30224] [INFO ] [parseCircuits:365]	** preload circuit:  /home/lmars/gc/localmoran.gc 
[14:59:01.655] [30224] [INFO ] [init:172]	the --Mpc.Circuits=/home/lmars/gc/localmoran.gc is set ! 
[14:59:03.075] [30224] [INFO ] [resolveCiruit:326]	** circuit resolve => circuit: /home/lmars/gc/localmoran.gc , gates: 3230476, andGate: 900086, wires: 3237068, cost time: 1.419377 seconds, speed: 2275981.486721 (gc / second) ** 
[14:59:03.075] [30224] [INFO ] [CircuitFile:108]	circuit: /home/lmars/gc/localmoran.gc,  hash: 1AB21D8355CFA17F8E61194831E81A8F22BEC8C728FEFB747ED035EB5082AA2B 
[14:59:03.075] [30224] [INFO ] [init:188]	preload circuits ok ! 
[14:59:03.075] [30224] [INFO ] [init:212]	Not start node server ! use proxy forward ! 
[14:59:03.075] [30224] [INFO ] [MpcTaskDispatcher:39]	construct task dispatcher, with 8 processor, load balence is: 16384 
[14:59:03.076] [30224] [INFO ] [init:63]	INIT the processor: 0, type: 0 ok 
[14:59:03.076] [30349] [INFO ] [operator():54]	task processor: 0 is running... 
[14:59:03.076] [30224] [INFO ] [init:63]	INIT the processor: 1, type: 0 ok 
[14:59:03.076] [30349] [INFO ] [popInvitorReadyTask:270]	to POP a ready task from ready invitor queue to processor, now read_num: 0 ... 
[14:59:03.076] [30224] [INFO ] [init:63]	INIT the processor: 2, type: 0 ok 
[14:59:03.076] [30224] [INFO ] [init:63]	INIT the processor: 3, type: 0 ok 
[14:59:03.076] [30350] [INFO ] [operator():54]	task processor: 1 is running... 
[14:59:03.076] [30352] [INFO ] [operator():54]	task processor: 3 is running... 
[14:59:03.076] [30224] [INFO ] [init:63]	INIT the processor: 4, type: 1 ok 
[14:59:03.076] [30351] [INFO ] [operator():54]	task processor: 2 is running... 
[14:59:03.076] [30224] [INFO ] [init:63]	INIT the processor: 5, type: 1 ok 
[14:59:03.076] [30352] [INFO ] [popInvitorReadyTask:270]	to POP a ready task from ready invitor queue to processor, now read_num: 0 ... 
[14:59:03.076] [30353] [INFO ] [operator():54]	task processor: 4 is running... 
[14:59:03.076] [30353] [INFO ] [popInviteeReadyTask:208]	to POP a ready task from ready invitee queue to processor, now read_num: 0 ... 
[14:59:03.076] [30351] [INFO ] [popInvitorReadyTask:270]	to POP a ready task from ready invitor queue to processor, now read_num: 0 ... 
[14:59:03.076] [30224] [INFO ] [init:63]	INIT the processor: 6, type: 1 ok 
[14:59:03.076] [30355] [INFO ] [operator():54]	task processor: 6 is running... 
[14:59:03.076] [30224] [INFO ] [init:63]	INIT the processor: 7, type: 1 ok 
[14:59:03.077] [30224] [INFO ] [init:234]	INIT task dispatcher done ! 
[14:59:03.077] [30356] [INFO ] [operator():54]	task processor: 7 is running... 
[14:59:03.077] [30356] [INFO ] [popInviteeReadyTask:208]	to POP a ready task from ready invitee queue to processor, now read_num: 0 ... 
[14:59:03.077] [30354] [INFO ] [operator():54]	task processor: 5 is running... 
[14:59:03.077] [30354] [INFO ] [popInviteeReadyTask:208]	to POP a ready task from ready invitee queue to processor, now read_num: 0 ... 
[14:59:03.077] [30224] [INFO ] [init:64]	connect to busi proxy server endpoint: ProxyGlacier2/router:tcp -h 202.114.114.46 -p 4502 -t 11000 
[14:59:03.076] [30350] [INFO ] [popInvitorReadyTask:270]	to POP a ready task from ready invitor queue to processor, now read_num: 0 ... 
[14:59:03.077] [30355] [INFO ] [popInviteeReadyTask:208]	to POP a ready task from ready invitee queue to processor, now read_num: 0 ... 
[14:59:03.089] [30361] [INFO ] [connected:34]	to get session... 
[14:59:03.089] [30361] [INFO ] [connected:38]	to get create busi node callback... 
[14:59:03.089] [30361] [INFO ] [connected:46]	to set node callback, public endpoint: ProxyGlacier2/router:tcp -h 202.114.114.46 -p 4502 -t 11000, user: test006 ... 
[14:59:03.091] [30361] [WARN ] [connected:55]	the busi session create success. 
[14:59:03.585] [30224] [INFO ] [init:69]	waiting for node busi client inited ... timeout 1s.. 
[14:59:03.585] [30224] [INFO ] [init:74]	the busi node communicator is prepared !!!! 
[14:59:03.585] [30224] [INFO ] [init:86]	INIT busi node client success. user: test006, proxyEndpoint: ProxyGlacier2/router:tcp -h 202.114.114.46 -p 4502 -t 11000 
[14:59:03.585] [30224] [INFO ] [init:244]	INIT busi node client done ! 
[14:59:03.585] [30224] [INFO ] [init:48]	input ready process init ok. 
[14:59:03.585] [30224] [INFO ] [init:253]	INIT input ready processor done ! 
[14:59:03.585] [30224] [INFO ] [init:48]	ready process init ok. max request queue size: 4 
[14:59:03.585] [30224] [INFO ] [init:263]	INIT ready processor done ! 
[14:59:03.585] [30412] [INFO ] [popCommitTask:127]	to POP a commit task, task size: 0  ... 
[14:59:03.585] [30224] [INFO ] [init:269]	Mpc engine init success. 
[14:59:03.585] [30224] [INFO ] [Java_com_juzix_jugo_node_jni_NativeInterface_setDataLogLevel:155]	init the log to level: 3, data log state: 0 
[14:59:03.589] [30224] [ERROR] [Java_com_juzix_jugo_node_jni_NativeInterface_startTask:135]	commit a invite task to engine ok ! 
[14:59:03.649] [30224] [ERROR] [Java_com_juzix_jugo_node_jni_NativeInterface_startTask:135]	commit a invite task to engine ok ! 
[14:59:03.657] [30224] [ERROR] [Java_com_juzix_jugo_node_jni_NativeInterface_startTask:135]	commit a invite task to engine ok ! 
[14:59:03.685] [30224] [ERROR] [Java_com_juzix_jugo_node_jni_NativeInterface_startTask:135]	commit a invite task to engine ok ! 
[14:59:03.693] [30224] [ERROR] [Java_com_juzix_jugo_node_jni_NativeInterface_startTask:135]	commit a invite task to engine ok ! 
[14:59:03.702] [30224] [ERROR] [Java_com_juzix_jugo_node_jni_NativeInterface_startTask:135]	commit a invite task to engine ok ! 
[14:59:03.708] [30224] [ERROR] [Java_com_juzix_jugo_node_jni_NativeInterface_startTask:135]	commit a invite task to engine ok ! 
[14:59:03.712] [30224] [ERROR] [Java_com_juzix_jugo_node_jni_NativeInterface_startTask:135]	commit a invite task to engine ok ! 
[14:59:03.716] [30224] [ERROR] [Java_com_juzix_jugo_node_jni_NativeInterface_startTask:135]	commit a invite task to engine ok ! 
[14:59:03.724] [30224] [ERROR] [Java_com_juzix_jugo_node_jni_NativeInterface_startTask:135]	commit a invite task to engine ok ! 
[14:59:03.727] [30224] [ERROR] [Java_com_juzix_jugo_node_jni_NativeInterface_startTask:135]	commit a invite task to engine ok ! 
[14:59:03.733] [30224] [ERROR] [Java_com_juzix_jugo_node_jni_NativeInterface_startTask:135]	commit a invite task to engine ok ! 
[14:59:03.741] [30224] [ERROR] [Java_com_juzix_jugo_node_jni_NativeInterface_startTask:135]	commit a invite task to engine ok ! 
[14:59:03.747] [30224] [ERROR] [Java_com_juzix_jugo_node_jni_NativeInterface_startTask:135]	commit a invite task to engine ok ! 
[14:59:03.750] [30224] [ERROR] [Java_com_juzix_jugo_node_jni_NativeInterface_startTask:135]	commit a invite task to engine ok ! 
[14:59:03.755] [30224] [ERROR] [Java_com_juzix_jugo_node_jni_NativeInterface_startTask:135]	commit a invite task to engine ok ! 
[14:59:03.759] [30224] [ERROR] [Java_com_juzix_jugo_node_jni_NativeInterface_startTask:135]	commit a invite task to engine ok ! 
[14:59:03.764] [30224] [ERROR] [Java_com_juzix_jugo_node_jni_NativeInterface_startTask:135]	commit a invite task to engine ok ! 
[14:59:03.769] [30360] [WARN ] [MpcMemPool:42]	the mempool construction, size: 134217728, mem: 0x7feb133eb010 
[14:59:03.769] [30224] [ERROR] [Java_com_juzix_jugo_node_jni_NativeInterface_startTask:135]	commit a invite task to engine ok ! 
[14:59:03.774] [30224] [ERROR] [Java_com_juzix_jugo_node_jni_NativeInterface_startTask:135]	commit a invite task to engine ok ! 
[14:59:03.780] [30224] [ERROR] [Java_com_juzix_jugo_node_jni_NativeInterface_startTask:135]	commit a invite task to engine ok ! 
[14:59:03.783] [30224] [ERROR] [Java_com_juzix_jugo_node_jni_NativeInterface_startTask:135]	commit a invite task to engine ok ! 
[14:59:03.787] [30224] [ERROR] [Java_com_juzix_jugo_node_jni_NativeInterface_startTask:135]	commit a invite task to engine ok ! 
[14:59:03.791] [30224] [ERROR] [Java_com_juzix_jugo_node_jni_NativeInterface_startTask:135]	commit a invite task to engine ok ! 
[14:59:03.807] [30224] [ERROR] [Java_com_juzix_jugo_node_jni_NativeInterface_startTask:135]	commit a invite task to engine ok ! 
[14:59:03.822] [30224] [ERROR] [Java_com_juzix_jugo_node_jni_NativeInterface_startTask:135]	commit a invite task to engine ok ! 
[14:59:03.830] [30224] [ERROR] [Java_com_juzix_jugo_node_jni_NativeInterface_startTask:135]	commit a invite task to engine ok ! 
[14:59:03.835] [30224] [ERROR] [Java_com_juzix_jugo_node_jni_NativeInterface_startTask:135]	commit a invite task to engine ok ! 
[14:59:03.843] [30224] [ERROR] [Java_com_juzix_jugo_node_jni_NativeInterface_startTask:135]	commit a invite task to engine ok ! 
[14:59:03.853] [30224] [ERROR] [Java_com_juzix_jugo_node_jni_NativeInterface_startTask:135]	commit a invite task to engine ok ! 
[14:59:03.859] [30224] [ERROR] [Java_com_juzix_jugo_node_jni_NativeInterface_startTask:135]	commit a invite task to engine ok ! 
[14:59:03.863] [30224] [ERROR] [Java_com_juzix_jugo_node_jni_NativeInterface_startTask:135]	commit a invite task to engine ok ! 
[14:59:03.868] [30224] [ERROR] [Java_com_juzix_jugo_node_jni_NativeInterface_startTask:135]	commit a invite task to engine ok ! 
[14:59:03.872] [30224] [ERROR] [Java_com_juzix_jugo_node_jni_NativeInterface_startTask:135]	commit a invite task to engine ok ! 
[14:59:03.875] [30224] [ERROR] [Java_com_juzix_jugo_node_jni_NativeInterface_startTask:135]	commit a invite task to engine ok ! 
[14:59:03.880] [30224] [ERROR] [Java_com_juzix_jugo_node_jni_NativeInterface_startTask:135]	commit a invite task to engine ok ! 
[14:59:03.884] [30224] [ERROR] [Java_com_juzix_jugo_node_jni_NativeInterface_startTask:135]	commit a invite task to engine ok ! 
[14:59:03.888] [30224] [ERROR] [Java_com_juzix_jugo_node_jni_NativeInterface_startTask:135]	commit a invite task to engine ok ! 
[14:59:03.891] [30224] [ERROR] [Java_com_juzix_jugo_node_jni_NativeInterface_startTask:135]	commit a invite task to engine ok ! 
[14:59:03.895] [30224] [ERROR] [Java_com_juzix_jugo_node_jni_NativeInterface_startTask:135]	commit a invite task to engine ok ! 
[14:59:03.899] [30224] [ERROR] [Java_com_juzix_jugo_node_jni_NativeInterface_startTask:135]	commit a invite task to engine ok ! 
[14:59:03.905] [30224] [ERROR] [Java_com_juzix_jugo_node_jni_NativeInterface_startTask:135]	commit a invite task to engine ok ! 
[14:59:03.909] [30224] [ERROR] [Java_com_juzix_jugo_node_jni_NativeInterface_startTask:135]	commit a invite task to engine ok ! 
[14:59:03.912] [30224] [ERROR] [Java_com_juzix_jugo_node_jni_NativeInterface_startTask:135]	commit a invite task to engine ok ! 
[14:59:03.915] [30224] [ERROR] [Java_com_juzix_jugo_node_jni_NativeInterface_startTask:135]	commit a invite task to engine ok ! 
[14:59:03.918] [30224] [ERROR] [Java_com_juzix_jugo_node_jni_NativeInterface_startTask:135]	commit a invite task to engine ok ! 
[14:59:03.924] [30224] [ERROR] [Java_com_juzix_jugo_node_jni_NativeInterface_startTask:135]	commit a invite task to engine ok ! 
[14:59:03.931] [30224] [ERROR] [Java_com_juzix_jugo_node_jni_NativeInterface_startTask:135]	commit a invite task to engine ok ! 
[14:59:03.935] [30224] [ERROR] [Java_com_juzix_jugo_node_jni_NativeInterface_startTask:135]	commit a invite task to engine ok ! 
[14:59:03.937] [30224] [ERROR] [Java_com_juzix_jugo_node_jni_NativeInterface_startTask:135]	commit a invite task to engine ok ! 
[14:59:03.941] [30224] [ERROR] [Java_com_juzix_jugo_node_jni_NativeInterface_startTask:135]	commit a invite task to engine ok ! 
[14:59:03.943] [30224] [ERROR] [Java_com_juzix_jugo_node_jni_NativeInterface_startTask:135]	commit a invite task to engine ok ! 
[14:59:03.946] [30224] [ERROR] [Java_com_juzix_jugo_node_jni_NativeInterface_startTask:135]	commit a invite task to engine ok ! 
[14:59:03.951] [30224] [ERROR] [Java_com_juzix_jugo_node_jni_NativeInterface_startTask:135]	commit a invite task to engine ok ! 
[14:59:03.954] [30224] [ERROR] [Java_com_juzix_jugo_node_jni_NativeInterface_startTask:135]	commit a invite task to engine ok ! 
[14:59:03.958] [30224] [ERROR] [Java_com_juzix_jugo_node_jni_NativeInterface_startTask:135]	commit a invite task to engine ok ! 
[14:59:03.961] [30224] [ERROR] [Java_com_juzix_jugo_node_jni_NativeInterface_startTask:135]	commit a invite task to engine ok ! 
[14:59:03.964] [30224] [ERROR] [Java_com_juzix_jugo_node_jni_NativeInterface_startTask:135]	commit a invite task to engine ok ! 
[14:59:03.966] [30224] [ERROR] [Java_com_juzix_jugo_node_jni_NativeInterface_startTask:135]	commit a invite task to engine ok ! 
[14:59:03.970] [30224] [ERROR] [Java_com_juzix_jugo_node_jni_NativeInterface_startTask:135]	commit a invite task to engine ok ! 
[14:59:03.974] [30224] [ERROR] [Java_com_juzix_jugo_node_jni_NativeInterface_startTask:135]	commit a invite task to engine ok ! 
[14:59:03.977] [30224] [ERROR] [Java_com_juzix_jugo_node_jni_NativeInterface_startTask:135]	commit a invite task to engine ok ! 
[14:59:03.982] [30224] [ERROR] [Java_com_juzix_jugo_node_jni_NativeInterface_startTask:135]	commit a invite task to engine ok ! 
[14:59:03.990] [30224] [ERROR] [Java_com_juzix_jugo_node_jni_NativeInterface_startTask:135]	commit a invite task to engine ok ! 
[14:59:03.993] [30224] [ERROR] [Java_com_juzix_jugo_node_jni_NativeInterface_startTask:135]	commit a invite task to engine ok ! 
[14:59:03.997] [30224] [ERROR] [Java_com_juzix_jugo_node_jni_NativeInterface_startTask:135]	commit a invite task to engine ok ! 
[14:59:04.004] [30224] [ERROR] [Java_com_juzix_jugo_node_jni_NativeInterface_startTask:135]	commit a invite task to engine ok ! 
[14:59:04.008] [30224] [ERROR] [Java_com_juzix_jugo_node_jni_NativeInterface_startTask:135]	commit a invite task to engine ok ! 
[14:59:04.010] [30224] [ERROR] [Java_com_juzix_jugo_node_jni_NativeInterface_startTask:135]	commit a invite task to engine ok ! 
[14:59:04.015] [30224] [ERROR] [Java_com_juzix_jugo_node_jni_NativeInterface_startTask:135]	commit a invite task to engine ok ! 
[14:59:04.018] [30224] [ERROR] [Java_com_juzix_jugo_node_jni_NativeInterface_startTask:135]	commit a invite task to engine ok ! 
[14:59:04.021] [30224] [ERROR] [Java_com_juzix_jugo_node_jni_NativeInterface_startTask:135]	commit a invite task to engine ok ! 
[14:59:04.025] [30224] [ERROR] [Java_com_juzix_jugo_node_jni_NativeInterface_startTask:135]	commit a invite task to engine ok ! 
[14:59:04.037] [30224] [ERROR] [Java_com_juzix_jugo_node_jni_NativeInterface_startTask:135]	commit a invite task to engine ok ! 
[14:59:04.041] [30224] [ERROR] [Java_com_juzix_jugo_node_jni_NativeInterface_startTask:135]	commit a invite task to engine ok ! 
[14:59:04.045] [30224] [ERROR] [Java_com_juzix_jugo_node_jni_NativeInterface_startTask:135]	commit a invite task to engine ok ! 
[14:59:04.049] [30224] [ERROR] [Java_com_juzix_jugo_node_jni_NativeInterface_startTask:135]	commit a invite task to engine ok ! 
[14:59:04.053] [30224] [ERROR] [Java_com_juzix_jugo_node_jni_NativeInterface_startTask:135]	commit a invite task to engine ok ! 
[14:59:04.061] [30224] [ERROR] [Java_com_juzix_jugo_node_jni_NativeInterface_startTask:135]	commit a invite task to engine ok ! 
[14:59:04.067] [30224] [ERROR] [Java_com_juzix_jugo_node_jni_NativeInterface_startTask:135]	commit a invite task to engine ok ! 
[14:59:04.070] [30224] [ERROR] [Java_com_juzix_jugo_node_jni_NativeInterface_startTask:135]	commit a invite task to engine ok ! 
[14:59:04.073] [30224] [ERROR] [Java_com_juzix_jugo_node_jni_NativeInterface_startTask:135]	commit a invite task to engine ok ! 
[14:59:04.078] [30224] [ERROR] [Java_com_juzix_jugo_node_jni_NativeInterface_startTask:135]	commit a invite task to engine ok ! 
[14:59:04.081] [30224] [ERROR] [Java_com_juzix_jugo_node_jni_NativeInterface_startTask:135]	commit a invite task to engine ok ! 
[14:59:04.086] [30224] [ERROR] [Java_com_juzix_jugo_node_jni_NativeInterface_startTask:135]	commit a invite task to engine ok ! 
[14:59:04.097] [30224] [ERROR] [Java_com_juzix_jugo_node_jni_NativeInterface_startTask:135]	commit a invite task to engine ok ! 
[14:59:04.101] [30224] [ERROR] [Java_com_juzix_jugo_node_jni_NativeInterface_startTask:135]	commit a invite task to engine ok ! 
[14:59:04.104] [30224] [ERROR] [Java_com_juzix_jugo_node_jni_NativeInterface_startTask:135]	commit a invite task to engine ok ! 
[14:59:04.108] [30224] [ERROR] [Java_com_juzix_jugo_node_jni_NativeInterface_startTask:135]	commit a invite task to engine ok ! 
[14:59:04.116] [30224] [ERROR] [Java_com_juzix_jugo_node_jni_NativeInterface_startTask:135]	commit a invite task to engine ok ! 
[14:59:04.119] [30224] [ERROR] [Java_com_juzix_jugo_node_jni_NativeInterface_startTask:135]	commit a invite task to engine ok ! 
[14:59:04.123] [30224] [ERROR] [Java_com_juzix_jugo_node_jni_NativeInterface_startTask:135]	commit a invite task to engine ok ! 
[14:59:04.126] [30224] [ERROR] [Java_com_juzix_jugo_node_jni_NativeInterface_startTask:135]	commit a invite task to engine ok ! 
[14:59:04.129] [30224] [ERROR] [Java_com_juzix_jugo_node_jni_NativeInterface_startTask:135]	commit a invite task to engine ok ! 
[14:59:04.132] [30224] [ERROR] [Java_com_juzix_jugo_node_jni_NativeInterface_startTask:135]	commit a invite task to engine ok ! 
[14:59:04.138] [30224] [ERROR] [Java_com_juzix_jugo_node_jni_NativeInterface_startTask:135]	commit a invite task to engine ok ! 
[14:59:04.142] [30224] [ERROR] [Java_com_juzix_jugo_node_jni_NativeInterface_startTask:135]	commit a invite task to engine ok ! 
[14:59:04.148] [30224] [ERROR] [Java_com_juzix_jugo_node_jni_NativeInterface_startTask:135]	commit a invite task to engine ok ! 
[14:59:04.151] [30224] [ERROR] [Java_com_juzix_jugo_node_jni_NativeInterface_startTask:135]	commit a invite task to engine ok ! 
[14:59:04.154] [30224] [ERROR] [Java_com_juzix_jugo_node_jni_NativeInterface_startTask:135]	commit a invite task to engine ok ! 
[15:03:03.664] [22551] [WARN ] [~MpcMemPool:48]	the mempool is freed! 
