[22:25:07.529] [28336] [INFO ] [JNI_OnLoad:24]	jvm onload success ! 
[22:25:07.530] [28336] [INFO ] [init:111]	JniNativeCallback init ok. 
[22:25:07.530] [28336] [INFO ] [init:136]	to init engine, user: test006, mode: 0, proxyEndpoint: ProxyGlacier2/router:tcp -h 202.114.114.46 -p 4502 -t 11000 
[22:25:07.530] [28336] [WARN ] [init:158]	Cannot find the --Mpc.Data=xxxxx config item ! 
[22:25:07.530] [28336] [INFO ] [parseCircuits:365]	** preload circuit:  /home/lmars/gc/localmoran.gc 
[22:25:07.530] [28336] [INFO ] [init:172]	the --Mpc.Circuits=/home/lmars/gc/localmoran.gc is set ! 
[22:25:09.086] [28336] [INFO ] [resolveCiruit:326]	** circuit resolve => circuit: /home/lmars/gc/localmoran.gc , gates: 3230476, andGate: 900086, wires: 3237068, cost time: 1.556233 seconds, speed: 2075831.164813 (gc / second) ** 
[22:25:09.086] [28336] [INFO ] [CircuitFile:108]	circuit: /home/lmars/gc/localmoran.gc,  hash: 1AB21D8355CFA17F8E61194831E81A8F22BEC8C728FEFB747ED035EB5082AA2B 
[22:25:09.087] [28336] [INFO ] [init:188]	preload circuits ok ! 
[22:25:09.087] [28336] [INFO ] [init:212]	Not start node server ! use proxy forward ! 
[22:25:09.087] [28336] [INFO ] [MpcTaskDispatcher:39]	construct task dispatcher, with 8 processor, load balence is: 16384 
[22:25:09.088] [28336] [INFO ] [init:63]	INIT the processor: 0, type: 0 ok 
[22:25:09.088] [28336] [INFO ] [init:63]	INIT the processor: 1, type: 0 ok 
[22:25:09.088] [28336] [INFO ] [init:63]	INIT the processor: 2, type: 0 ok 
[22:25:09.088] [28336] [INFO ] [init:63]	INIT the processor: 3, type: 0 ok 
[22:25:09.088] [28336] [INFO ] [init:63]	INIT the processor: 4, type: 1 ok 
[22:25:09.088] [28466] [INFO ] [operator():54]	task processor: 4 is running... 
[22:25:09.088] [28465] [INFO ] [operator():54]	task processor: 3 is running... 
[22:25:09.088] [28466] [INFO ] [popInviteeReadyTask:208]	to POP a ready task from ready invitee queue to processor, now read_num: 0 ... 
[22:25:09.088] [28465] [INFO ] [popInvitorReadyTask:270]	to POP a ready task from ready invitor queue to processor, now read_num: 0 ... 
[22:25:09.088] [28462] [INFO ] [operator():54]	task processor: 0 is running... 
[22:25:09.088] [28336] [INFO ] [init:63]	INIT the processor: 5, type: 1 ok 
[22:25:09.088] [28462] [INFO ] [popInvitorReadyTask:270]	to POP a ready task from ready invitor queue to processor, now read_num: 0 ... 
[22:25:09.088] [28467] [INFO ] [operator():54]	task processor: 5 is running... 
[22:25:09.088] [28467] [INFO ] [popInviteeReadyTask:208]	to POP a ready task from ready invitee queue to processor, now read_num: 0 ... 
[22:25:09.088] [28336] [INFO ] [init:63]	INIT the processor: 6, type: 1 ok 
[22:25:09.088] [28468] [INFO ] [operator():54]	task processor: 6 is running... 
[22:25:09.088] [28468] [INFO ] [popInviteeReadyTask:208]	to POP a ready task from ready invitee queue to processor, now read_num: 0 ... 
[22:25:09.089] [28336] [INFO ] [init:63]	INIT the processor: 7, type: 1 ok 
[22:25:09.089] [28336] [INFO ] [init:234]	INIT task dispatcher done ! 
[22:25:09.089] [28469] [INFO ] [operator():54]	task processor: 7 is running... 
[22:25:09.089] [28469] [INFO ] [popInviteeReadyTask:208]	to POP a ready task from ready invitee queue to processor, now read_num: 0 ... 
[22:25:09.090] [28336] [INFO ] [init:64]	connect to busi proxy server endpoint: ProxyGlacier2/router:tcp -h 202.114.114.46 -p 4502 -t 11000 
[22:25:09.093] [28464] [INFO ] [operator():54]	task processor: 2 is running... 
[22:25:09.093] [28464] [INFO ] [popInvitorReadyTask:270]	to POP a ready task from ready invitor queue to processor, now read_num: 0 ... 
[22:25:09.094] [28463] [INFO ] [operator():54]	task processor: 1 is running... 
[22:25:09.094] [28463] [INFO ] [popInvitorReadyTask:270]	to POP a ready task from ready invitor queue to processor, now read_num: 0 ... 
[22:25:09.107] [28474] [INFO ] [connected:34]	to get session... 
[22:25:09.107] [28474] [INFO ] [connected:38]	to get create busi node callback... 
[22:25:09.107] [28474] [INFO ] [connected:46]	to set node callback, public endpoint: ProxyGlacier2/router:tcp -h 202.114.114.46 -p 4502 -t 11000, user: test006 ... 
[22:25:09.110] [28474] [WARN ] [connected:55]	the busi session create success. 
[22:25:09.599] [28336] [INFO ] [init:69]	waiting for node busi client inited ... timeout 1s.. 
[22:25:09.599] [28336] [INFO ] [init:74]	the busi node communicator is prepared !!!! 
[22:25:09.599] [28336] [INFO ] [init:86]	INIT busi node client success. user: test006, proxyEndpoint: ProxyGlacier2/router:tcp -h 202.114.114.46 -p 4502 -t 11000 
[22:25:09.599] [28336] [INFO ] [init:244]	INIT busi node client done ! 
[22:25:09.599] [28336] [INFO ] [init:48]	input ready process init ok. 
[22:25:09.599] [28336] [INFO ] [init:253]	INIT input ready processor done ! 
[22:25:09.599] [28336] [INFO ] [init:48]	ready process init ok. max request queue size: 4 
[22:25:09.599] [28336] [INFO ] [init:263]	INIT ready processor done ! 
[22:25:09.599] [28336] [INFO ] [init:269]	Mpc engine init success. 
[22:25:09.599] [28517] [INFO ] [popCommitTask:127]	to POP a commit task, task size: 0  ... 
[22:25:09.600] [28336] [INFO ] [Java_com_juzix_jugo_node_jni_NativeInterface_setDataLogLevel:155]	init the log to level: 3, data log state: 0 
[22:25:09.605] [28336] [ERROR] [Java_com_juzix_jugo_node_jni_NativeInterface_startTask:135]	commit a invite task to engine ok ! 
[22:25:09.729] [28336] [ERROR] [Java_com_juzix_jugo_node_jni_NativeInterface_startTask:135]	commit a invite task to engine ok ! 
[22:25:09.744] [28336] [ERROR] [Java_com_juzix_jugo_node_jni_NativeInterface_startTask:135]	commit a invite task to engine ok ! 
[22:25:09.755] [28336] [ERROR] [Java_com_juzix_jugo_node_jni_NativeInterface_startTask:135]	commit a invite task to engine ok ! 
[22:25:09.773] [28336] [ERROR] [Java_com_juzix_jugo_node_jni_NativeInterface_startTask:135]	commit a invite task to engine ok ! 
[22:25:09.782] [28336] [ERROR] [Java_com_juzix_jugo_node_jni_NativeInterface_startTask:135]	commit a invite task to engine ok ! 
[22:25:09.794] [28336] [ERROR] [Java_com_juzix_jugo_node_jni_NativeInterface_startTask:135]	commit a invite task to engine ok ! 
[22:25:09.803] [28336] [ERROR] [Java_com_juzix_jugo_node_jni_NativeInterface_startTask:135]	commit a invite task to engine ok ! 
[22:25:09.809] [28473] [WARN ] [MpcMemPool:42]	the mempool construction, size: 134217728, mem: 0x7fd23ef22010 
[22:25:09.813] [28336] [ERROR] [Java_com_juzix_jugo_node_jni_NativeInterface_startTask:135]	commit a invite task to engine ok ! 
[22:25:09.847] [28336] [ERROR] [Java_com_juzix_jugo_node_jni_NativeInterface_startTask:135]	commit a invite task to engine ok ! 
[22:25:09.861] [28336] [ERROR] [Java_com_juzix_jugo_node_jni_NativeInterface_startTask:135]	commit a invite task to engine ok ! 
[22:25:09.894] [28336] [ERROR] [Java_com_juzix_jugo_node_jni_NativeInterface_startTask:135]	commit a invite task to engine ok ! 
[22:25:09.908] [28336] [ERROR] [Java_com_juzix_jugo_node_jni_NativeInterface_startTask:135]	commit a invite task to engine ok ! 
[22:25:09.924] [28336] [ERROR] [Java_com_juzix_jugo_node_jni_NativeInterface_startTask:135]	commit a invite task to engine ok ! 
[22:25:09.954] [28336] [ERROR] [Java_com_juzix_jugo_node_jni_NativeInterface_startTask:135]	commit a invite task to engine ok ! 
[22:25:09.973] [28336] [ERROR] [Java_com_juzix_jugo_node_jni_NativeInterface_startTask:135]	commit a invite task to engine ok ! 
[22:25:09.986] [28336] [ERROR] [Java_com_juzix_jugo_node_jni_NativeInterface_startTask:135]	commit a invite task to engine ok ! 
[22:25:10.016] [28336] [ERROR] [Java_com_juzix_jugo_node_jni_NativeInterface_startTask:135]	commit a invite task to engine ok ! 
[22:25:10.032] [28336] [ERROR] [Java_com_juzix_jugo_node_jni_NativeInterface_startTask:135]	commit a invite task to engine ok ! 
[22:25:10.064] [28336] [ERROR] [Java_com_juzix_jugo_node_jni_NativeInterface_startTask:135]	commit a invite task to engine ok ! 
[22:25:10.075] [28336] [ERROR] [Java_com_juzix_jugo_node_jni_NativeInterface_startTask:135]	commit a invite task to engine ok ! 
[22:25:10.092] [28336] [ERROR] [Java_com_juzix_jugo_node_jni_NativeInterface_startTask:135]	commit a invite task to engine ok ! 
[22:25:10.106] [28336] [ERROR] [Java_com_juzix_jugo_node_jni_NativeInterface_startTask:135]	commit a invite task to engine ok ! 
[22:25:10.122] [28336] [ERROR] [Java_com_juzix_jugo_node_jni_NativeInterface_startTask:135]	commit a invite task to engine ok ! 
[22:25:10.130] [28336] [ERROR] [Java_com_juzix_jugo_node_jni_NativeInterface_startTask:135]	commit a invite task to engine ok ! 
[22:25:10.142] [28336] [ERROR] [Java_com_juzix_jugo_node_jni_NativeInterface_startTask:135]	commit a invite task to engine ok ! 
[22:25:10.169] [28336] [ERROR] [Java_com_juzix_jugo_node_jni_NativeInterface_startTask:135]	commit a invite task to engine ok ! 
[22:25:10.176] [28336] [ERROR] [Java_com_juzix_jugo_node_jni_NativeInterface_startTask:135]	commit a invite task to engine ok ! 
[22:25:10.190] [28336] [ERROR] [Java_com_juzix_jugo_node_jni_NativeInterface_startTask:135]	commit a invite task to engine ok ! 
[22:25:10.197] [28336] [ERROR] [Java_com_juzix_jugo_node_jni_NativeInterface_startTask:135]	commit a invite task to engine ok ! 
[22:25:10.203] [28336] [ERROR] [Java_com_juzix_jugo_node_jni_NativeInterface_startTask:135]	commit a invite task to engine ok ! 
[22:25:10.212] [28336] [ERROR] [Java_com_juzix_jugo_node_jni_NativeInterface_startTask:135]	commit a invite task to engine ok ! 
[22:25:10.223] [28336] [ERROR] [Java_com_juzix_jugo_node_jni_NativeInterface_startTask:135]	commit a invite task to engine ok ! 
[22:25:10.237] [28336] [ERROR] [Java_com_juzix_jugo_node_jni_NativeInterface_startTask:135]	commit a invite task to engine ok ! 
[22:25:10.255] [28336] [ERROR] [Java_com_juzix_jugo_node_jni_NativeInterface_startTask:135]	commit a invite task to engine ok ! 
[22:25:10.273] [28336] [ERROR] [Java_com_juzix_jugo_node_jni_NativeInterface_startTask:135]	commit a invite task to engine ok ! 
[22:25:10.282] [28336] [ERROR] [Java_com_juzix_jugo_node_jni_NativeInterface_startTask:135]	commit a invite task to engine ok ! 
[22:25:10.291] [28336] [ERROR] [Java_com_juzix_jugo_node_jni_NativeInterface_startTask:135]	commit a invite task to engine ok ! 
[22:25:10.300] [28336] [ERROR] [Java_com_juzix_jugo_node_jni_NativeInterface_startTask:135]	commit a invite task to engine ok ! 
[22:25:10.311] [28336] [ERROR] [Java_com_juzix_jugo_node_jni_NativeInterface_startTask:135]	commit a invite task to engine ok ! 
[22:25:10.322] [28336] [ERROR] [Java_com_juzix_jugo_node_jni_NativeInterface_startTask:135]	commit a invite task to engine ok ! 
[22:25:10.333] [28336] [ERROR] [Java_com_juzix_jugo_node_jni_NativeInterface_startTask:135]	commit a invite task to engine ok ! 
[22:25:10.342] [28336] [ERROR] [Java_com_juzix_jugo_node_jni_NativeInterface_startTask:135]	commit a invite task to engine ok ! 
[22:25:10.348] [28336] [ERROR] [Java_com_juzix_jugo_node_jni_NativeInterface_startTask:135]	commit a invite task to engine ok ! 
[22:25:10.356] [28336] [ERROR] [Java_com_juzix_jugo_node_jni_NativeInterface_startTask:135]	commit a invite task to engine ok ! 
[22:25:10.364] [28336] [ERROR] [Java_com_juzix_jugo_node_jni_NativeInterface_startTask:135]	commit a invite task to engine ok ! 
[22:25:10.371] [28336] [ERROR] [Java_com_juzix_jugo_node_jni_NativeInterface_startTask:135]	commit a invite task to engine ok ! 
[22:25:10.376] [28336] [ERROR] [Java_com_juzix_jugo_node_jni_NativeInterface_startTask:135]	commit a invite task to engine ok ! 
[22:25:10.380] [28336] [ERROR] [Java_com_juzix_jugo_node_jni_NativeInterface_startTask:135]	commit a invite task to engine ok ! 
[22:25:10.383] [28336] [ERROR] [Java_com_juzix_jugo_node_jni_NativeInterface_startTask:135]	commit a invite task to engine ok ! 
[22:25:10.387] [28336] [ERROR] [Java_com_juzix_jugo_node_jni_NativeInterface_startTask:135]	commit a invite task to engine ok ! 
[22:25:10.390] [28336] [ERROR] [Java_com_juzix_jugo_node_jni_NativeInterface_startTask:135]	commit a invite task to engine ok ! 
[22:25:10.394] [28336] [ERROR] [Java_com_juzix_jugo_node_jni_NativeInterface_startTask:135]	commit a invite task to engine ok ! 
[22:25:10.397] [28336] [ERROR] [Java_com_juzix_jugo_node_jni_NativeInterface_startTask:135]	commit a invite task to engine ok ! 
[22:25:10.400] [28336] [ERROR] [Java_com_juzix_jugo_node_jni_NativeInterface_startTask:135]	commit a invite task to engine ok ! 
[22:25:10.403] [28336] [ERROR] [Java_com_juzix_jugo_node_jni_NativeInterface_startTask:135]	commit a invite task to engine ok ! 
[22:25:10.406] [28336] [ERROR] [Java_com_juzix_jugo_node_jni_NativeInterface_startTask:135]	commit a invite task to engine ok ! 
[22:25:10.410] [28336] [ERROR] [Java_com_juzix_jugo_node_jni_NativeInterface_startTask:135]	commit a invite task to engine ok ! 
[22:25:10.417] [28336] [ERROR] [Java_com_juzix_jugo_node_jni_NativeInterface_startTask:135]	commit a invite task to engine ok ! 
[22:25:10.420] [28336] [ERROR] [Java_com_juzix_jugo_node_jni_NativeInterface_startTask:135]	commit a invite task to engine ok ! 
[22:25:10.431] [28336] [ERROR] [Java_com_juzix_jugo_node_jni_NativeInterface_startTask:135]	commit a invite task to engine ok ! 
[22:25:10.439] [28336] [ERROR] [Java_com_juzix_jugo_node_jni_NativeInterface_startTask:135]	commit a invite task to engine ok ! 
[22:25:10.444] [28336] [ERROR] [Java_com_juzix_jugo_node_jni_NativeInterface_startTask:135]	commit a invite task to engine ok ! 
[22:25:10.447] [28336] [ERROR] [Java_com_juzix_jugo_node_jni_NativeInterface_startTask:135]	commit a invite task to engine ok ! 
[22:25:10.450] [28336] [ERROR] [Java_com_juzix_jugo_node_jni_NativeInterface_startTask:135]	commit a invite task to engine ok ! 
[22:25:10.453] [28336] [ERROR] [Java_com_juzix_jugo_node_jni_NativeInterface_startTask:135]	commit a invite task to engine ok ! 
[22:25:10.458] [28336] [ERROR] [Java_com_juzix_jugo_node_jni_NativeInterface_startTask:135]	commit a invite task to engine ok ! 
[22:25:10.462] [28336] [ERROR] [Java_com_juzix_jugo_node_jni_NativeInterface_startTask:135]	commit a invite task to engine ok ! 
[22:25:10.468] [28336] [ERROR] [Java_com_juzix_jugo_node_jni_NativeInterface_startTask:135]	commit a invite task to engine ok ! 
[22:25:10.473] [28336] [ERROR] [Java_com_juzix_jugo_node_jni_NativeInterface_startTask:135]	commit a invite task to engine ok ! 
[22:25:10.480] [28336] [ERROR] [Java_com_juzix_jugo_node_jni_NativeInterface_startTask:135]	commit a invite task to engine ok ! 
[22:25:10.484] [28336] [ERROR] [Java_com_juzix_jugo_node_jni_NativeInterface_startTask:135]	commit a invite task to engine ok ! 
[22:25:10.490] [28336] [ERROR] [Java_com_juzix_jugo_node_jni_NativeInterface_startTask:135]	commit a invite task to engine ok ! 
[22:25:10.495] [28336] [ERROR] [Java_com_juzix_jugo_node_jni_NativeInterface_startTask:135]	commit a invite task to engine ok ! 
[22:25:10.501] [28336] [ERROR] [Java_com_juzix_jugo_node_jni_NativeInterface_startTask:135]	commit a invite task to engine ok ! 
[22:25:10.506] [28336] [ERROR] [Java_com_juzix_jugo_node_jni_NativeInterface_startTask:135]	commit a invite task to engine ok ! 
[22:25:10.510] [28336] [ERROR] [Java_com_juzix_jugo_node_jni_NativeInterface_startTask:135]	commit a invite task to engine ok ! 
[22:25:10.516] [28336] [ERROR] [Java_com_juzix_jugo_node_jni_NativeInterface_startTask:135]	commit a invite task to engine ok ! 
[22:25:10.524] [28336] [ERROR] [Java_com_juzix_jugo_node_jni_NativeInterface_startTask:135]	commit a invite task to engine ok ! 
[22:25:10.531] [28336] [ERROR] [Java_com_juzix_jugo_node_jni_NativeInterface_startTask:135]	commit a invite task to engine ok ! 
[22:25:10.537] [28336] [ERROR] [Java_com_juzix_jugo_node_jni_NativeInterface_startTask:135]	commit a invite task to engine ok ! 
[22:25:10.547] [28336] [ERROR] [Java_com_juzix_jugo_node_jni_NativeInterface_startTask:135]	commit a invite task to engine ok ! 
[22:25:10.556] [28336] [ERROR] [Java_com_juzix_jugo_node_jni_NativeInterface_startTask:135]	commit a invite task to engine ok ! 
[22:25:10.559] [28336] [ERROR] [Java_com_juzix_jugo_node_jni_NativeInterface_startTask:135]	commit a invite task to engine ok ! 
[22:25:10.567] [28336] [ERROR] [Java_com_juzix_jugo_node_jni_NativeInterface_startTask:135]	commit a invite task to engine ok ! 
[22:25:10.572] [28336] [ERROR] [Java_com_juzix_jugo_node_jni_NativeInterface_startTask:135]	commit a invite task to engine ok ! 
[22:25:10.577] [28336] [ERROR] [Java_com_juzix_jugo_node_jni_NativeInterface_startTask:135]	commit a invite task to engine ok ! 
[22:25:10.580] [28336] [ERROR] [Java_com_juzix_jugo_node_jni_NativeInterface_startTask:135]	commit a invite task to engine ok ! 
[22:25:10.584] [28336] [ERROR] [Java_com_juzix_jugo_node_jni_NativeInterface_startTask:135]	commit a invite task to engine ok ! 
[22:25:10.588] [28336] [ERROR] [Java_com_juzix_jugo_node_jni_NativeInterface_startTask:135]	commit a invite task to engine ok ! 
[22:25:10.592] [28336] [ERROR] [Java_com_juzix_jugo_node_jni_NativeInterface_startTask:135]	commit a invite task to engine ok ! 
[22:25:10.596] [28336] [ERROR] [Java_com_juzix_jugo_node_jni_NativeInterface_startTask:135]	commit a invite task to engine ok ! 
[22:25:10.600] [28336] [ERROR] [Java_com_juzix_jugo_node_jni_NativeInterface_startTask:135]	commit a invite task to engine ok ! 
[22:25:10.604] [28336] [ERROR] [Java_com_juzix_jugo_node_jni_NativeInterface_startTask:135]	commit a invite task to engine ok ! 
[22:25:10.608] [28336] [ERROR] [Java_com_juzix_jugo_node_jni_NativeInterface_startTask:135]	commit a invite task to engine ok ! 
[22:25:10.612] [28336] [ERROR] [Java_com_juzix_jugo_node_jni_NativeInterface_startTask:135]	commit a invite task to engine ok ! 
[22:25:10.615] [28336] [ERROR] [Java_com_juzix_jugo_node_jni_NativeInterface_startTask:135]	commit a invite task to engine ok ! 
[22:25:10.621] [28336] [ERROR] [Java_com_juzix_jugo_node_jni_NativeInterface_startTask:135]	commit a invite task to engine ok ! 
[22:25:10.635] [28336] [ERROR] [Java_com_juzix_jugo_node_jni_NativeInterface_startTask:135]	commit a invite task to engine ok ! 
[22:25:10.649] [28336] [ERROR] [Java_com_juzix_jugo_node_jni_NativeInterface_startTask:135]	commit a invite task to engine ok ! 
[22:50:38.985] [28473] [ERROR] [error:157]	got error busi back: fb9a4c69-b2d5-4b90-b7e4-c5b2350767af, code: 1007 
[22:50:38.985] [28473] [WARN ] [error:167]	busi err back, erase task failed, cannot find cache task: fb9a4c69-b2d5-4b90-b7e4-c5b2350767af !  [THE user: test006] 
[22:50:38.987] [30553] [ERROR] [error:157]	got error busi back: a8767e9d-87e2-4457-ad09-82c1359f3c7a, code: 1007 
[22:50:38.987] [30553] [WARN ] [error:167]	busi err back, erase task failed, cannot find cache task: a8767e9d-87e2-4457-ad09-82c1359f3c7a !  [THE user: test006] 
[22:50:39.003] [28473] [ERROR] [error:157]	got error busi back: b80cf794-5363-43b3-bf30-68c0abecc682, code: 1007 
[22:50:39.003] [28473] [WARN ] [error:167]	busi err back, erase task failed, cannot find cache task: b80cf794-5363-43b3-bf30-68c0abecc682 !  [THE user: test006] 
[22:50:39.017] [30553] [ERROR] [error:157]	got error busi back: 8febf2bb-614e-4e04-8b57-38e602c7a2a9, code: 1007 
[22:50:39.017] [30553] [WARN ] [error:167]	busi err back, erase task failed, cannot find cache task: 8febf2bb-614e-4e04-8b57-38e602c7a2a9 !  [THE user: test006] 
[22:50:39.029] [30553] [ERROR] [error:157]	got error busi back: a0d14dec-680b-41bb-9022-011f427a7eaa, code: 1007 
[22:50:39.029] [30553] [WARN ] [error:167]	busi err back, erase task failed, cannot find cache task: a0d14dec-680b-41bb-9022-011f427a7eaa !  [THE user: test006] 
[22:50:39.031] [28473] [ERROR] [error:157]	got error busi back: e8ba73c7-7bfb-498e-9e39-013a57932832, code: 1007 
[22:50:39.031] [28473] [WARN ] [error:167]	busi err back, erase task failed, cannot find cache task: e8ba73c7-7bfb-498e-9e39-013a57932832 !  [THE user: test006] 
[22:50:39.033] [28473] [ERROR] [error:157]	got error busi back: 954c35e6-5c58-45ea-a150-390ff8b0f0fc, code: 1007 
[22:50:39.033] [28473] [WARN ] [error:167]	busi err back, erase task failed, cannot find cache task: 954c35e6-5c58-45ea-a150-390ff8b0f0fc !  [THE user: test006] 
[22:50:39.042] [30553] [ERROR] [error:157]	got error busi back: 3c70d5ac-3389-4177-9db1-84363c0e106b, code: 1007 
[22:50:39.042] [30553] [WARN ] [error:167]	busi err back, erase task failed, cannot find cache task: 3c70d5ac-3389-4177-9db1-84363c0e106b !  [THE user: test006] 
[22:50:39.049] [28473] [ERROR] [error:157]	got error busi back: bf39589f-839f-49d1-a2d9-a079547d5f56, code: 1007 
[22:50:39.050] [28473] [WARN ] [error:167]	busi err back, erase task failed, cannot find cache task: bf39589f-839f-49d1-a2d9-a079547d5f56 !  [THE user: test006] 
[22:50:39.052] [30553] [ERROR] [error:157]	got error busi back: 8b9b3112-03e2-4fa4-9fd8-a6b300434329, code: 1007 
[22:50:39.052] [30553] [WARN ] [error:167]	busi err back, erase task failed, cannot find cache task: 8b9b3112-03e2-4fa4-9fd8-a6b300434329 !  [THE user: test006] 
[22:50:39.057] [28473] [ERROR] [error:157]	got error busi back: 0aaca994-5d32-443c-a312-a54e5ba0c191, code: 1007 
[22:50:39.057] [28473] [WARN ] [error:167]	busi err back, erase task failed, cannot find cache task: 0aaca994-5d32-443c-a312-a54e5ba0c191 !  [THE user: test006] 
[22:50:39.075] [30553] [ERROR] [error:157]	got error busi back: 7c4d57ac-6d96-4c7f-8843-4d877c7107d4, code: 1007 
[22:50:39.075] [30553] [WARN ] [error:167]	busi err back, erase task failed, cannot find cache task: 7c4d57ac-6d96-4c7f-8843-4d877c7107d4 !  [THE user: test006] 
[22:50:39.092] [28473] [ERROR] [error:157]	got error busi back: cf9f8857-cb75-4011-8214-9dc101597c85, code: 1007 
[22:50:39.093] [28473] [WARN ] [error:167]	busi err back, erase task failed, cannot find cache task: cf9f8857-cb75-4011-8214-9dc101597c85 !  [THE user: test006] 
[22:50:39.102] [30553] [ERROR] [error:157]	got error busi back: 68a7d0d1-64aa-475b-b41d-89956eedf026, code: 1007 
[22:50:39.102] [30553] [WARN ] [error:167]	busi err back, erase task failed, cannot find cache task: 68a7d0d1-64aa-475b-b41d-89956eedf026 !  [THE user: test006] 
[22:50:39.121] [28473] [ERROR] [error:157]	got error busi back: ec623c08-c951-49a7-a317-ada5e9b923e5, code: 1007 
[22:50:39.121] [28473] [WARN ] [error:167]	busi err back, erase task failed, cannot find cache task: ec623c08-c951-49a7-a317-ada5e9b923e5 !  [THE user: test006] 
[22:50:39.142] [30553] [ERROR] [error:157]	got error busi back: 427d1883-8527-4985-bbcc-4ac757382c36, code: 1007 
[22:50:39.142] [30553] [WARN ] [error:167]	busi err back, erase task failed, cannot find cache task: 427d1883-8527-4985-bbcc-4ac757382c36 !  [THE user: test006] 
[22:50:39.152] [28473] [ERROR] [error:157]	got error busi back: d9d56a04-9915-4d2f-b400-eceab046ff24, code: 1007 
[22:50:39.152] [28473] [WARN ] [error:167]	busi err back, erase task failed, cannot find cache task: d9d56a04-9915-4d2f-b400-eceab046ff24 !  [THE user: test006] 
[22:50:39.156] [30553] [ERROR] [error:157]	got error busi back: f4be1b3e-71a1-437f-b900-625a3c9e3209, code: 1007 
[22:50:39.156] [30553] [WARN ] [error:167]	busi err back, erase task failed, cannot find cache task: f4be1b3e-71a1-437f-b900-625a3c9e3209 !  [THE user: test006] 
[22:50:39.163] [28473] [ERROR] [error:157]	got error busi back: 95fe8a18-7b14-4e32-8124-77d8e66be2be, code: 1007 
[22:50:39.163] [28473] [WARN ] [error:167]	busi err back, erase task failed, cannot find cache task: 95fe8a18-7b14-4e32-8124-77d8e66be2be !  [THE user: test006] 
[22:50:39.168] [30553] [ERROR] [error:157]	got error busi back: f151e78d-5c47-491c-8eec-31555937e04f, code: 1007 
[22:50:39.168] [30553] [WARN ] [error:167]	busi err back, erase task failed, cannot find cache task: f151e78d-5c47-491c-8eec-31555937e04f !  [THE user: test006] 
[22:50:39.174] [28473] [ERROR] [error:157]	got error busi back: 475754ca-ad72-44f8-b208-2ce3deb7a6b0, code: 1007 
[22:50:39.174] [28473] [WARN ] [error:167]	busi err back, erase task failed, cannot find cache task: 475754ca-ad72-44f8-b208-2ce3deb7a6b0 !  [THE user: test006] 
[22:50:39.177] [30553] [ERROR] [error:157]	got error busi back: a2ff0e37-02a7-4ae8-8a9c-47ccc4e59d5f, code: 1007 
[22:50:39.178] [30553] [WARN ] [error:167]	busi err back, erase task failed, cannot find cache task: a2ff0e37-02a7-4ae8-8a9c-47ccc4e59d5f !  [THE user: test006] 
[22:50:39.195] [28473] [ERROR] [error:157]	got error busi back: 6ef63bae-05df-4063-aff0-17dc6e16bc0f, code: 1007 
[22:50:39.195] [28473] [WARN ] [error:167]	busi err back, erase task failed, cannot find cache task: 6ef63bae-05df-4063-aff0-17dc6e16bc0f !  [THE user: test006] 
[22:50:39.207] [30553] [ERROR] [error:157]	got error busi back: 648767ba-672c-48b7-a98f-6f44b5459a51, code: 1007 
[22:50:39.207] [30553] [WARN ] [error:167]	busi err back, erase task failed, cannot find cache task: 648767ba-672c-48b7-a98f-6f44b5459a51 !  [THE user: test006] 
[22:50:39.232] [28473] [ERROR] [error:157]	got error busi back: 938839f0-27a9-4d38-8ec3-66edbc98d52c, code: 1007 
[22:50:39.232] [28473] [WARN ] [error:167]	busi err back, erase task failed, cannot find cache task: 938839f0-27a9-4d38-8ec3-66edbc98d52c !  [THE user: test006] 
[22:50:39.240] [30553] [ERROR] [error:157]	got error busi back: 0eb18384-8338-412f-b04f-82f7aeafb9b0, code: 1007 
[22:50:39.240] [30553] [WARN ] [error:167]	busi err back, erase task failed, cannot find cache task: 0eb18384-8338-412f-b04f-82f7aeafb9b0 !  [THE user: test006] 
[22:50:39.269] [28473] [ERROR] [error:157]	got error busi back: 916d8d5c-6e6a-46d3-9441-ee7971104f4c, code: 1007 
[22:50:39.269] [28473] [WARN ] [error:167]	busi err back, erase task failed, cannot find cache task: 916d8d5c-6e6a-46d3-9441-ee7971104f4c !  [THE user: test006] 
[22:50:39.294] [30553] [ERROR] [error:157]	got error busi back: 43ed7316-30c5-483c-a8fc-42fabd15a75d, code: 1007 
[22:50:39.294] [30553] [WARN ] [error:167]	busi err back, erase task failed, cannot find cache task: 43ed7316-30c5-483c-a8fc-42fabd15a75d !  [THE user: test006] 
[22:50:39.309] [28473] [ERROR] [error:157]	got error busi back: 6b2e6ac5-26cb-4cd7-95f3-8f3ad793c479, code: 1007 
[22:50:39.309] [28473] [WARN ] [error:167]	busi err back, erase task failed, cannot find cache task: 6b2e6ac5-26cb-4cd7-95f3-8f3ad793c479 !  [THE user: test006] 
[22:50:39.321] [30553] [ERROR] [error:157]	got error busi back: 70330a65-d93a-43db-8237-0a56485612ed, code: 1007 
[22:50:39.321] [30553] [WARN ] [error:167]	busi err back, erase task failed, cannot find cache task: 70330a65-d93a-43db-8237-0a56485612ed !  [THE user: test006] 
[22:50:39.353] [28473] [ERROR] [error:157]	got error busi back: 6f1c8279-019e-4b43-8172-67d733408c80, code: 1007 
[22:50:39.353] [28473] [WARN ] [error:167]	busi err back, erase task failed, cannot find cache task: 6f1c8279-019e-4b43-8172-67d733408c80 !  [THE user: test006] 
[22:50:39.359] [30553] [ERROR] [error:157]	got error busi back: 65d0cd7d-315f-4819-9d44-2f2d1f0b8679, code: 1007 
[22:50:39.359] [30553] [WARN ] [error:167]	busi err back, erase task failed, cannot find cache task: 65d0cd7d-315f-4819-9d44-2f2d1f0b8679 !  [THE user: test006] 
[22:50:39.363] [28473] [ERROR] [error:157]	got error busi back: 0515b4f5-108b-44cc-9cec-a3d84f0a1239, code: 1007 
[22:50:39.363] [28473] [WARN ] [error:167]	busi err back, erase task failed, cannot find cache task: 0515b4f5-108b-44cc-9cec-a3d84f0a1239 !  [THE user: test006] 
[22:50:39.364] [30553] [ERROR] [error:157]	got error busi back: 5a3adc1c-4c0f-4e66-98ca-3485c195f5f7, code: 1007 
[22:50:39.364] [30553] [WARN ] [error:167]	busi err back, erase task failed, cannot find cache task: 5a3adc1c-4c0f-4e66-98ca-3485c195f5f7 !  [THE user: test006] 
[22:50:39.366] [28473] [ERROR] [error:157]	got error busi back: ae69f4f5-3052-4d75-8e1f-e6d5e378e201, code: 1007 
[22:50:39.366] [28473] [WARN ] [error:167]	busi err back, erase task failed, cannot find cache task: ae69f4f5-3052-4d75-8e1f-e6d5e378e201 !  [THE user: test006] 
[22:50:39.396] [30553] [ERROR] [error:157]	got error busi back: f4657242-4696-4d7a-9115-9072a94354e2, code: 1007 
[22:50:39.396] [30553] [WARN ] [error:167]	busi err back, erase task failed, cannot find cache task: f4657242-4696-4d7a-9115-9072a94354e2 !  [THE user: test006] 
[22:50:39.407] [28473] [ERROR] [error:157]	got error busi back: 2764e135-52ff-40ca-99f4-bd448e612948, code: 1007 
[22:50:39.407] [28473] [WARN ] [error:167]	busi err back, erase task failed, cannot find cache task: 2764e135-52ff-40ca-99f4-bd448e612948 !  [THE user: test006] 
[22:50:39.417] [30553] [ERROR] [error:157]	got error busi back: 09899fee-0c0c-4d40-a080-803011ac71fc, code: 1007 
[22:50:39.417] [30553] [WARN ] [error:167]	busi err back, erase task failed, cannot find cache task: 09899fee-0c0c-4d40-a080-803011ac71fc !  [THE user: test006] 
[22:50:39.420] [28473] [ERROR] [error:157]	got error busi back: 2652b7b5-3d25-4d7d-9914-31882369bade, code: 1007 
[22:50:39.420] [28473] [WARN ] [error:167]	busi err back, erase task failed, cannot find cache task: 2652b7b5-3d25-4d7d-9914-31882369bade !  [THE user: test006] 
[22:50:39.432] [30553] [ERROR] [error:157]	got error busi back: b8a2ab1f-45fc-4922-87b8-1ccd7cd889e7, code: 1007 
[22:50:39.433] [30553] [WARN ] [error:167]	busi err back, erase task failed, cannot find cache task: b8a2ab1f-45fc-4922-87b8-1ccd7cd889e7 !  [THE user: test006] 
[22:50:39.447] [28473] [ERROR] [error:157]	got error busi back: 8b9f8970-4cbc-486a-ba3c-3fab0c1ce464, code: 1007 
[22:50:39.447] [28473] [WARN ] [error:167]	busi err back, erase task failed, cannot find cache task: 8b9f8970-4cbc-486a-ba3c-3fab0c1ce464 !  [THE user: test006] 
[22:50:39.450] [30553] [ERROR] [error:157]	got error busi back: c4f2d409-26fd-4af8-b43f-13d534b22a60, code: 1007 
[22:50:39.450] [30553] [WARN ] [error:167]	busi err back, erase task failed, cannot find cache task: c4f2d409-26fd-4af8-b43f-13d534b22a60 !  [THE user: test006] 
[22:50:39.461] [28473] [ERROR] [error:157]	got error busi back: ecb0cba0-ff2a-47b9-a8b6-b3ab0a4c5acf, code: 1007 
[22:50:39.461] [28473] [WARN ] [error:167]	busi err back, erase task failed, cannot find cache task: ecb0cba0-ff2a-47b9-a8b6-b3ab0a4c5acf !  [THE user: test006] 
[22:50:39.477] [30553] [ERROR] [error:157]	got error busi back: 65067876-29a3-47d3-81ac-eda2771e8aec, code: 1007 
[22:50:39.477] [30553] [WARN ] [error:167]	busi err back, erase task failed, cannot find cache task: 65067876-29a3-47d3-81ac-eda2771e8aec !  [THE user: test006] 
[22:50:39.487] [28473] [ERROR] [error:157]	got error busi back: 7ce52cc0-4bda-4d43-9476-86ac639b4062, code: 1007 
[22:50:39.487] [28473] [WARN ] [error:167]	busi err back, erase task failed, cannot find cache task: 7ce52cc0-4bda-4d43-9476-86ac639b4062 !  [THE user: test006] 
[22:50:39.494] [28473] [ERROR] [error:157]	got error busi back: 1b2fc0de-14a2-4f4c-84e5-c6459b35ccea, code: 1007 
[22:50:39.494] [28473] [WARN ] [error:167]	busi err back, erase task failed, cannot find cache task: 1b2fc0de-14a2-4f4c-84e5-c6459b35ccea !  [THE user: test006] 
[22:50:39.502] [28473] [ERROR] [error:157]	got error busi back: 7f81e4c1-9c24-4689-9391-7d35a354f916, code: 1007 
[22:50:39.502] [28473] [WARN ] [error:167]	busi err back, erase task failed, cannot find cache task: 7f81e4c1-9c24-4689-9391-7d35a354f916 !  [THE user: test006] 
[22:50:39.503] [28473] [ERROR] [error:157]	got error busi back: ad15134e-2fb8-4d72-9161-d22158d5f4be, code: 1007 
[22:50:39.503] [28473] [WARN ] [error:167]	busi err back, erase task failed, cannot find cache task: ad15134e-2fb8-4d72-9161-d22158d5f4be !  [THE user: test006] 
[22:50:39.509] [28473] [ERROR] [error:157]	got error busi back: 38b38a40-e957-4d86-863b-077c454df5cd, code: 1007 
[22:50:39.509] [28473] [WARN ] [error:167]	busi err back, erase task failed, cannot find cache task: 38b38a40-e957-4d86-863b-077c454df5cd !  [THE user: test006] 
[22:50:39.510] [28473] [ERROR] [error:157]	got error busi back: 72c9fccb-5327-40f0-846a-ecd5e094cf65, code: 1007 
[22:50:39.510] [28473] [WARN ] [error:167]	busi err back, erase task failed, cannot find cache task: 72c9fccb-5327-40f0-846a-ecd5e094cf65 !  [THE user: test006] 
[22:50:39.513] [28473] [ERROR] [error:157]	got error busi back: d557cf0b-a143-4282-9078-46b1237c36e5, code: 1007 
[22:50:39.513] [28473] [WARN ] [error:167]	busi err back, erase task failed, cannot find cache task: d557cf0b-a143-4282-9078-46b1237c36e5 !  [THE user: test006] 
[22:50:39.516] [28473] [ERROR] [error:157]	got error busi back: a519d831-821b-4bd8-bd17-deb938d634f7, code: 1007 
[22:50:39.516] [28473] [WARN ] [error:167]	busi err back, erase task failed, cannot find cache task: a519d831-821b-4bd8-bd17-deb938d634f7 !  [THE user: test006] 
[22:50:39.523] [28473] [ERROR] [error:157]	got error busi back: 67cbc25d-5129-4925-841e-60b62761455b, code: 1007 
[22:50:39.523] [28473] [WARN ] [error:167]	busi err back, erase task failed, cannot find cache task: 67cbc25d-5129-4925-841e-60b62761455b !  [THE user: test006] 
[22:50:39.561] [28473] [ERROR] [error:157]	got error busi back: 8f269e76-9007-4461-8059-fb0f518784a4, code: 1007 
[22:50:39.561] [28473] [WARN ] [error:167]	busi err back, erase task failed, cannot find cache task: 8f269e76-9007-4461-8059-fb0f518784a4 !  [THE user: test006] 
[22:50:39.563] [28473] [ERROR] [error:157]	got error busi back: 05f09f01-154a-4abd-b119-44c188b10efe, code: 1007 
[22:50:39.563] [28473] [WARN ] [error:167]	busi err back, erase task failed, cannot find cache task: 05f09f01-154a-4abd-b119-44c188b10efe !  [THE user: test006] 
[22:50:39.584] [28473] [ERROR] [error:157]	got error busi back: 32d1920c-0179-4f71-8ba7-37c68824c8b8, code: 1007 
[22:50:39.584] [28473] [WARN ] [error:167]	busi err back, erase task failed, cannot find cache task: 32d1920c-0179-4f71-8ba7-37c68824c8b8 !  [THE user: test006] 
[22:50:39.586] [28473] [ERROR] [error:157]	got error busi back: b75ce889-1aee-4a47-965c-84821696d56e, code: 1007 
[22:50:39.586] [28473] [WARN ] [error:167]	busi err back, erase task failed, cannot find cache task: b75ce889-1aee-4a47-965c-84821696d56e !  [THE user: test006] 
[22:50:39.594] [28473] [ERROR] [error:157]	got error busi back: de6bd23f-af51-4210-ab62-77f259fce197, code: 1007 
[22:50:39.594] [28473] [WARN ] [error:167]	busi err back, erase task failed, cannot find cache task: de6bd23f-af51-4210-ab62-77f259fce197 !  [THE user: test006] 
[22:50:39.601] [28473] [ERROR] [error:157]	got error busi back: 1634c36e-70d9-43bb-b160-9df4a7f9dc06, code: 1007 
[22:50:39.601] [28473] [WARN ] [error:167]	busi err back, erase task failed, cannot find cache task: 1634c36e-70d9-43bb-b160-9df4a7f9dc06 !  [THE user: test006] 
[22:50:39.608] [28473] [ERROR] [error:157]	got error busi back: 896de05b-1068-4f9c-b2a1-2064119c36fd, code: 1007 
[22:50:39.608] [28473] [WARN ] [error:167]	busi err back, erase task failed, cannot find cache task: 896de05b-1068-4f9c-b2a1-2064119c36fd !  [THE user: test006] 
[22:50:46.638] [30553] [ERROR] [error:157]	got error busi back: fb9a4c69-b2d5-4b90-b7e4-c5b2350767af, code: 1007 
[22:50:46.638] [30553] [WARN ] [error:167]	busi err back, erase task failed, cannot find cache task: fb9a4c69-b2d5-4b90-b7e4-c5b2350767af !  [THE user: test006] 
[22:50:46.642] [28473] [ERROR] [error:157]	got error busi back: a8767e9d-87e2-4457-ad09-82c1359f3c7a, code: 1007 
[22:50:46.642] [28473] [WARN ] [error:167]	busi err back, erase task failed, cannot find cache task: a8767e9d-87e2-4457-ad09-82c1359f3c7a !  [THE user: test006] 
[22:50:46.648] [30553] [ERROR] [error:157]	got error busi back: b80cf794-5363-43b3-bf30-68c0abecc682, code: 1007 
[22:50:46.648] [30553] [WARN ] [error:167]	busi err back, erase task failed, cannot find cache task: b80cf794-5363-43b3-bf30-68c0abecc682 !  [THE user: test006] 
[22:50:46.653] [30553] [ERROR] [error:157]	got error busi back: 8febf2bb-614e-4e04-8b57-38e602c7a2a9, code: 1007 
[22:50:46.654] [30553] [WARN ] [error:167]	busi err back, erase task failed, cannot find cache task: 8febf2bb-614e-4e04-8b57-38e602c7a2a9 !  [THE user: test006] 
[22:50:46.663] [30553] [ERROR] [error:157]	got error busi back: e8ba73c7-7bfb-498e-9e39-013a57932832, code: 1007 
[22:50:46.663] [30553] [WARN ] [error:167]	busi err back, erase task failed, cannot find cache task: e8ba73c7-7bfb-498e-9e39-013a57932832 !  [THE user: test006] 
[22:50:46.672] [28473] [ERROR] [error:157]	got error busi back: a0d14dec-680b-41bb-9022-011f427a7eaa, code: 1007 
[22:50:46.672] [28473] [WARN ] [error:167]	busi err back, erase task failed, cannot find cache task: a0d14dec-680b-41bb-9022-011f427a7eaa !  [THE user: test006] 
[22:50:46.676] [30553] [ERROR] [error:157]	got error busi back: 954c35e6-5c58-45ea-a150-390ff8b0f0fc, code: 1007 
[22:50:46.676] [30553] [WARN ] [error:167]	busi err back, erase task failed, cannot find cache task: 954c35e6-5c58-45ea-a150-390ff8b0f0fc !  [THE user: test006] 
[22:50:46.680] [28473] [ERROR] [error:157]	got error busi back: 3c70d5ac-3389-4177-9db1-84363c0e106b, code: 1007 
[22:50:46.680] [28473] [WARN ] [error:167]	busi err back, erase task failed, cannot find cache task: 3c70d5ac-3389-4177-9db1-84363c0e106b !  [THE user: test006] 
[22:50:46.682] [30553] [ERROR] [error:157]	got error busi back: bf39589f-839f-49d1-a2d9-a079547d5f56, code: 1007 
[22:50:46.682] [30553] [WARN ] [error:167]	busi err back, erase task failed, cannot find cache task: bf39589f-839f-49d1-a2d9-a079547d5f56 !  [THE user: test006] 
[22:50:46.684] [28473] [ERROR] [error:157]	got error busi back: 8b9b3112-03e2-4fa4-9fd8-a6b300434329, code: 1007 
[22:50:46.684] [28473] [WARN ] [error:167]	busi err back, erase task failed, cannot find cache task: 8b9b3112-03e2-4fa4-9fd8-a6b300434329 !  [THE user: test006] 
[22:50:46.687] [30553] [ERROR] [error:157]	got error busi back: 0aaca994-5d32-443c-a312-a54e5ba0c191, code: 1007 
[22:50:46.687] [30553] [WARN ] [error:167]	busi err back, erase task failed, cannot find cache task: 0aaca994-5d32-443c-a312-a54e5ba0c191 !  [THE user: test006] 
[22:50:46.691] [28473] [ERROR] [error:157]	got error busi back: 7c4d57ac-6d96-4c7f-8843-4d877c7107d4, code: 1007 
[22:50:46.691] [28473] [WARN ] [error:167]	busi err back, erase task failed, cannot find cache task: 7c4d57ac-6d96-4c7f-8843-4d877c7107d4 !  [THE user: test006] 
[22:50:46.696] [30553] [ERROR] [error:157]	got error busi back: cf9f8857-cb75-4011-8214-9dc101597c85, code: 1007 
[22:50:46.696] [30553] [WARN ] [error:167]	busi err back, erase task failed, cannot find cache task: cf9f8857-cb75-4011-8214-9dc101597c85 !  [THE user: test006] 
[22:50:46.699] [30553] [ERROR] [error:157]	got error busi back: 68a7d0d1-64aa-475b-b41d-89956eedf026, code: 1007 
[22:50:46.699] [30553] [WARN ] [error:167]	busi err back, erase task failed, cannot find cache task: 68a7d0d1-64aa-475b-b41d-89956eedf026 !  [THE user: test006] 
[22:50:46.706] [28473] [ERROR] [error:157]	got error busi back: ec623c08-c951-49a7-a317-ada5e9b923e5, code: 1007 
[22:50:46.706] [28473] [WARN ] [error:167]	busi err back, erase task failed, cannot find cache task: ec623c08-c951-49a7-a317-ada5e9b923e5 !  [THE user: test006] 
[22:50:46.711] [30553] [ERROR] [error:157]	got error busi back: 427d1883-8527-4985-bbcc-4ac757382c36, code: 1007 
[22:50:46.711] [30553] [WARN ] [error:167]	busi err back, erase task failed, cannot find cache task: 427d1883-8527-4985-bbcc-4ac757382c36 !  [THE user: test006] 
[22:50:46.714] [28473] [ERROR] [error:157]	got error busi back: d9d56a04-9915-4d2f-b400-eceab046ff24, code: 1007 
[22:50:46.714] [28473] [WARN ] [error:167]	busi err back, erase task failed, cannot find cache task: d9d56a04-9915-4d2f-b400-eceab046ff24 !  [THE user: test006] 
[22:50:46.715] [30553] [ERROR] [error:157]	got error busi back: f4be1b3e-71a1-437f-b900-625a3c9e3209, code: 1007 
[22:50:46.715] [30553] [WARN ] [error:167]	busi err back, erase task failed, cannot find cache task: f4be1b3e-71a1-437f-b900-625a3c9e3209 !  [THE user: test006] 
[22:50:46.717] [28473] [ERROR] [error:157]	got error busi back: 95fe8a18-7b14-4e32-8124-77d8e66be2be, code: 1007 
[22:50:46.717] [28473] [WARN ] [error:167]	busi err back, erase task failed, cannot find cache task: 95fe8a18-7b14-4e32-8124-77d8e66be2be !  [THE user: test006] 
[22:50:46.720] [30553] [ERROR] [error:157]	got error busi back: f151e78d-5c47-491c-8eec-31555937e04f, code: 1007 
[22:50:46.720] [30553] [WARN ] [error:167]	busi err back, erase task failed, cannot find cache task: f151e78d-5c47-491c-8eec-31555937e04f !  [THE user: test006] 
[22:50:46.723] [28473] [ERROR] [error:157]	got error busi back: 475754ca-ad72-44f8-b208-2ce3deb7a6b0, code: 1007 
[22:50:46.723] [28473] [WARN ] [error:167]	busi err back, erase task failed, cannot find cache task: 475754ca-ad72-44f8-b208-2ce3deb7a6b0 !  [THE user: test006] 
[22:50:46.734] [28473] [ERROR] [error:157]	got error busi back: a2ff0e37-02a7-4ae8-8a9c-47ccc4e59d5f, code: 1007 
[22:50:46.734] [28473] [WARN ] [error:167]	busi err back, erase task failed, cannot find cache task: a2ff0e37-02a7-4ae8-8a9c-47ccc4e59d5f !  [THE user: test006] 
[22:50:46.741] [28473] [ERROR] [error:157]	got error busi back: 6ef63bae-05df-4063-aff0-17dc6e16bc0f, code: 1007 
[22:50:46.741] [28473] [WARN ] [error:167]	busi err back, erase task failed, cannot find cache task: 6ef63bae-05df-4063-aff0-17dc6e16bc0f !  [THE user: test006] 
[22:50:46.748] [28473] [ERROR] [error:157]	got error busi back: 648767ba-672c-48b7-a98f-6f44b5459a51, code: 1007 
[22:50:46.748] [28473] [WARN ] [error:167]	busi err back, erase task failed, cannot find cache task: 648767ba-672c-48b7-a98f-6f44b5459a51 !  [THE user: test006] 
[22:50:46.756] [28473] [ERROR] [error:157]	got error busi back: 938839f0-27a9-4d38-8ec3-66edbc98d52c, code: 1007 
[22:50:46.756] [28473] [WARN ] [error:167]	busi err back, erase task failed, cannot find cache task: 938839f0-27a9-4d38-8ec3-66edbc98d52c !  [THE user: test006] 
[22:50:46.758] [28473] [ERROR] [error:157]	got error busi back: 0eb18384-8338-412f-b04f-82f7aeafb9b0, code: 1007 
[22:50:46.758] [28473] [WARN ] [error:167]	busi err back, erase task failed, cannot find cache task: 0eb18384-8338-412f-b04f-82f7aeafb9b0 !  [THE user: test006] 
[22:50:46.762] [28473] [ERROR] [error:157]	got error busi back: 916d8d5c-6e6a-46d3-9441-ee7971104f4c, code: 1007 
[22:50:46.762] [28473] [WARN ] [error:167]	busi err back, erase task failed, cannot find cache task: 916d8d5c-6e6a-46d3-9441-ee7971104f4c !  [THE user: test006] 
[22:50:46.767] [28473] [ERROR] [error:157]	got error busi back: 43ed7316-30c5-483c-a8fc-42fabd15a75d, code: 1007 
[22:50:46.767] [28473] [WARN ] [error:167]	busi err back, erase task failed, cannot find cache task: 43ed7316-30c5-483c-a8fc-42fabd15a75d !  [THE user: test006] 
[22:50:46.770] [28473] [ERROR] [error:157]	got error busi back: 6b2e6ac5-26cb-4cd7-95f3-8f3ad793c479, code: 1007 
[22:50:46.770] [28473] [WARN ] [error:167]	busi err back, erase task failed, cannot find cache task: 6b2e6ac5-26cb-4cd7-95f3-8f3ad793c479 !  [THE user: test006] 
[22:50:46.775] [30553] [ERROR] [error:157]	got error busi back: 70330a65-d93a-43db-8237-0a56485612ed, code: 1007 
[22:50:46.775] [30553] [WARN ] [error:167]	busi err back, erase task failed, cannot find cache task: 70330a65-d93a-43db-8237-0a56485612ed !  [THE user: test006] 
[22:50:46.787] [28473] [ERROR] [error:157]	got error busi back: 6f1c8279-019e-4b43-8172-67d733408c80, code: 1007 
[22:50:46.787] [28473] [WARN ] [error:167]	busi err back, erase task failed, cannot find cache task: 6f1c8279-019e-4b43-8172-67d733408c80 !  [THE user: test006] 
[22:50:46.789] [30553] [ERROR] [error:157]	got error busi back: 65d0cd7d-315f-4819-9d44-2f2d1f0b8679, code: 1007 
[22:50:46.789] [30553] [WARN ] [error:167]	busi err back, erase task failed, cannot find cache task: 65d0cd7d-315f-4819-9d44-2f2d1f0b8679 !  [THE user: test006] 
[22:50:46.792] [28473] [ERROR] [error:157]	got error busi back: 0515b4f5-108b-44cc-9cec-a3d84f0a1239, code: 1007 
[22:50:46.792] [28473] [WARN ] [error:167]	busi err back, erase task failed, cannot find cache task: 0515b4f5-108b-44cc-9cec-a3d84f0a1239 !  [THE user: test006] 
[22:50:46.793] [30553] [ERROR] [error:157]	got error busi back: 5a3adc1c-4c0f-4e66-98ca-3485c195f5f7, code: 1007 
[22:50:46.793] [30553] [WARN ] [error:167]	busi err back, erase task failed, cannot find cache task: 5a3adc1c-4c0f-4e66-98ca-3485c195f5f7 !  [THE user: test006] 
[22:50:46.795] [28473] [ERROR] [error:157]	got error busi back: ae69f4f5-3052-4d75-8e1f-e6d5e378e201, code: 1007 
[22:50:46.795] [28473] [WARN ] [error:167]	busi err back, erase task failed, cannot find cache task: ae69f4f5-3052-4d75-8e1f-e6d5e378e201 !  [THE user: test006] 
[22:50:46.803] [30553] [ERROR] [error:157]	got error busi back: f4657242-4696-4d7a-9115-9072a94354e2, code: 1007 
[22:50:46.803] [30553] [WARN ] [error:167]	busi err back, erase task failed, cannot find cache task: f4657242-4696-4d7a-9115-9072a94354e2 !  [THE user: test006] 
[22:50:46.806] [30553] [ERROR] [error:157]	got error busi back: 2764e135-52ff-40ca-99f4-bd448e612948, code: 1007 
[22:50:46.806] [30553] [WARN ] [error:167]	busi err back, erase task failed, cannot find cache task: 2764e135-52ff-40ca-99f4-bd448e612948 !  [THE user: test006] 
[22:50:46.809] [30553] [ERROR] [error:157]	got error busi back: 09899fee-0c0c-4d40-a080-803011ac71fc, code: 1007 
[22:50:46.809] [30553] [WARN ] [error:167]	busi err back, erase task failed, cannot find cache task: 09899fee-0c0c-4d40-a080-803011ac71fc !  [THE user: test006] 
[22:50:46.811] [30553] [ERROR] [error:157]	got error busi back: 2652b7b5-3d25-4d7d-9914-31882369bade, code: 1007 
[22:50:46.811] [30553] [WARN ] [error:167]	busi err back, erase task failed, cannot find cache task: 2652b7b5-3d25-4d7d-9914-31882369bade !  [THE user: test006] 
[22:50:46.813] [30553] [ERROR] [error:157]	got error busi back: b8a2ab1f-45fc-4922-87b8-1ccd7cd889e7, code: 1007 
[22:50:46.813] [30553] [WARN ] [error:167]	busi err back, erase task failed, cannot find cache task: b8a2ab1f-45fc-4922-87b8-1ccd7cd889e7 !  [THE user: test006] 
[22:50:46.815] [30553] [ERROR] [error:157]	got error busi back: 8b9f8970-4cbc-486a-ba3c-3fab0c1ce464, code: 1007 
[22:50:46.815] [30553] [WARN ] [error:167]	busi err back, erase task failed, cannot find cache task: 8b9f8970-4cbc-486a-ba3c-3fab0c1ce464 !  [THE user: test006] 
[22:50:46.822] [30553] [ERROR] [error:157]	got error busi back: c4f2d409-26fd-4af8-b43f-13d534b22a60, code: 1007 
[22:50:46.822] [30553] [WARN ] [error:167]	busi err back, erase task failed, cannot find cache task: c4f2d409-26fd-4af8-b43f-13d534b22a60 !  [THE user: test006] 
[22:50:46.826] [30553] [ERROR] [error:157]	got error busi back: ecb0cba0-ff2a-47b9-a8b6-b3ab0a4c5acf, code: 1007 
[22:50:46.826] [30553] [WARN ] [error:167]	busi err back, erase task failed, cannot find cache task: ecb0cba0-ff2a-47b9-a8b6-b3ab0a4c5acf !  [THE user: test006] 
[22:50:46.843] [30553] [ERROR] [error:157]	got error busi back: 65067876-29a3-47d3-81ac-eda2771e8aec, code: 1007 
[22:50:46.843] [30553] [WARN ] [error:167]	busi err back, erase task failed, cannot find cache task: 65067876-29a3-47d3-81ac-eda2771e8aec !  [THE user: test006] 
[22:50:46.846] [30553] [ERROR] [error:157]	got error busi back: 7ce52cc0-4bda-4d43-9476-86ac639b4062, code: 1007 
[22:50:46.846] [30553] [WARN ] [error:167]	busi err back, erase task failed, cannot find cache task: 7ce52cc0-4bda-4d43-9476-86ac639b4062 !  [THE user: test006] 
[22:50:46.849] [30553] [ERROR] [error:157]	got error busi back: 1b2fc0de-14a2-4f4c-84e5-c6459b35ccea, code: 1007 
[22:50:46.849] [30553] [WARN ] [error:167]	busi err back, erase task failed, cannot find cache task: 1b2fc0de-14a2-4f4c-84e5-c6459b35ccea !  [THE user: test006] 
[22:50:46.853] [30553] [ERROR] [error:157]	got error busi back: 7f81e4c1-9c24-4689-9391-7d35a354f916, code: 1007 
[22:50:46.853] [30553] [WARN ] [error:167]	busi err back, erase task failed, cannot find cache task: 7f81e4c1-9c24-4689-9391-7d35a354f916 !  [THE user: test006] 
[22:50:46.855] [30553] [ERROR] [error:157]	got error busi back: ad15134e-2fb8-4d72-9161-d22158d5f4be, code: 1007 
[22:50:46.855] [30553] [WARN ] [error:167]	busi err back, erase task failed, cannot find cache task: ad15134e-2fb8-4d72-9161-d22158d5f4be !  [THE user: test006] 
[22:50:46.857] [30553] [ERROR] [error:157]	got error busi back: 38b38a40-e957-4d86-863b-077c454df5cd, code: 1007 
[22:50:46.857] [30553] [WARN ] [error:167]	busi err back, erase task failed, cannot find cache task: 38b38a40-e957-4d86-863b-077c454df5cd !  [THE user: test006] 
[22:50:46.858] [30553] [ERROR] [error:157]	got error busi back: 72c9fccb-5327-40f0-846a-ecd5e094cf65, code: 1007 
[22:50:46.858] [30553] [WARN ] [error:167]	busi err back, erase task failed, cannot find cache task: 72c9fccb-5327-40f0-846a-ecd5e094cf65 !  [THE user: test006] 
[22:50:46.860] [30553] [ERROR] [error:157]	got error busi back: d557cf0b-a143-4282-9078-46b1237c36e5, code: 1007 
[22:50:46.861] [30553] [WARN ] [error:167]	busi err back, erase task failed, cannot find cache task: d557cf0b-a143-4282-9078-46b1237c36e5 !  [THE user: test006] 
[22:50:46.862] [30553] [ERROR] [error:157]	got error busi back: a519d831-821b-4bd8-bd17-deb938d634f7, code: 1007 
[22:50:46.862] [30553] [WARN ] [error:167]	busi err back, erase task failed, cannot find cache task: a519d831-821b-4bd8-bd17-deb938d634f7 !  [THE user: test006] 
[22:50:46.867] [30553] [ERROR] [error:157]	got error busi back: 67cbc25d-5129-4925-841e-60b62761455b, code: 1007 
[22:50:46.867] [30553] [WARN ] [error:167]	busi err back, erase task failed, cannot find cache task: 67cbc25d-5129-4925-841e-60b62761455b !  [THE user: test006] 
[22:50:46.876] [30553] [ERROR] [error:157]	got error busi back: 8f269e76-9007-4461-8059-fb0f518784a4, code: 1007 
[22:50:46.876] [30553] [WARN ] [error:167]	busi err back, erase task failed, cannot find cache task: 8f269e76-9007-4461-8059-fb0f518784a4 !  [THE user: test006] 
[22:50:46.877] [30553] [ERROR] [error:157]	got error busi back: 05f09f01-154a-4abd-b119-44c188b10efe, code: 1007 
[22:50:46.877] [30553] [WARN ] [error:167]	busi err back, erase task failed, cannot find cache task: 05f09f01-154a-4abd-b119-44c188b10efe !  [THE user: test006] 
[22:50:46.880] [30553] [ERROR] [error:157]	got error busi back: 32d1920c-0179-4f71-8ba7-37c68824c8b8, code: 1007 
[22:50:46.880] [30553] [WARN ] [error:167]	busi err back, erase task failed, cannot find cache task: 32d1920c-0179-4f71-8ba7-37c68824c8b8 !  [THE user: test006] 
[22:50:46.881] [30553] [ERROR] [error:157]	got error busi back: b75ce889-1aee-4a47-965c-84821696d56e, code: 1007 
[22:50:46.881] [30553] [WARN ] [error:167]	busi err back, erase task failed, cannot find cache task: b75ce889-1aee-4a47-965c-84821696d56e !  [THE user: test006] 
[22:50:46.884] [30553] [ERROR] [error:157]	got error busi back: de6bd23f-af51-4210-ab62-77f259fce197, code: 1007 
[22:50:46.884] [30553] [WARN ] [error:167]	busi err back, erase task failed, cannot find cache task: de6bd23f-af51-4210-ab62-77f259fce197 !  [THE user: test006] 
[22:50:46.887] [30553] [ERROR] [error:157]	got error busi back: 1634c36e-70d9-43bb-b160-9df4a7f9dc06, code: 1007 
[22:50:46.887] [30553] [WARN ] [error:167]	busi err back, erase task failed, cannot find cache task: 1634c36e-70d9-43bb-b160-9df4a7f9dc06 !  [THE user: test006] 
[22:50:46.889] [30553] [ERROR] [error:157]	got error busi back: 896de05b-1068-4f9c-b2a1-2064119c36fd, code: 1007 
[22:50:46.889] [30553] [WARN ] [error:167]	busi err back, erase task failed, cannot find cache task: 896de05b-1068-4f9c-b2a1-2064119c36fd !  [THE user: test006] 
[22:52:28.012] [30553] [ERROR] [error:157]	got error busi back: fb9a4c69-b2d5-4b90-b7e4-c5b2350767af, code: 1007 
[22:52:28.013] [30553] [WARN ] [error:167]	busi err back, erase task failed, cannot find cache task: fb9a4c69-b2d5-4b90-b7e4-c5b2350767af !  [THE user: test006] 
[22:52:28.016] [6517 ] [ERROR] [error:157]	got error busi back: a8767e9d-87e2-4457-ad09-82c1359f3c7a, code: 1007 
[22:52:28.016] [6517 ] [WARN ] [error:167]	busi err back, erase task failed, cannot find cache task: a8767e9d-87e2-4457-ad09-82c1359f3c7a !  [THE user: test006] 
[22:52:28.036] [30553] [ERROR] [error:157]	got error busi back: b80cf794-5363-43b3-bf30-68c0abecc682, code: 1007 
[22:52:28.036] [30553] [WARN ] [error:167]	busi err back, erase task failed, cannot find cache task: b80cf794-5363-43b3-bf30-68c0abecc682 !  [THE user: test006] 
[22:52:28.048] [6517 ] [ERROR] [error:157]	got error busi back: 8febf2bb-614e-4e04-8b57-38e602c7a2a9, code: 1007 
[22:52:28.048] [6517 ] [WARN ] [error:167]	busi err back, erase task failed, cannot find cache task: 8febf2bb-614e-4e04-8b57-38e602c7a2a9 !  [THE user: test006] 
[22:52:28.058] [30553] [ERROR] [error:157]	got error busi back: e8ba73c7-7bfb-498e-9e39-013a57932832, code: 1007 
[22:52:28.058] [30553] [WARN ] [error:167]	busi err back, erase task failed, cannot find cache task: e8ba73c7-7bfb-498e-9e39-013a57932832 !  [THE user: test006] 
[22:52:28.061] [6517 ] [ERROR] [error:157]	got error busi back: a0d14dec-680b-41bb-9022-011f427a7eaa, code: 1007 
[22:52:28.061] [6517 ] [WARN ] [error:167]	busi err back, erase task failed, cannot find cache task: a0d14dec-680b-41bb-9022-011f427a7eaa !  [THE user: test006] 
[22:52:28.067] [30553] [ERROR] [error:157]	got error busi back: 954c35e6-5c58-45ea-a150-390ff8b0f0fc, code: 1007 
[22:52:28.067] [30553] [WARN ] [error:167]	busi err back, erase task failed, cannot find cache task: 954c35e6-5c58-45ea-a150-390ff8b0f0fc !  [THE user: test006] 
[22:52:28.082] [6517 ] [ERROR] [error:157]	got error busi back: 3c70d5ac-3389-4177-9db1-84363c0e106b, code: 1007 
[22:52:28.082] [6517 ] [WARN ] [error:167]	busi err back, erase task failed, cannot find cache task: 3c70d5ac-3389-4177-9db1-84363c0e106b !  [THE user: test006] 
[22:52:28.086] [30553] [ERROR] [error:157]	got error busi back: bf39589f-839f-49d1-a2d9-a079547d5f56, code: 1007 
[22:52:28.086] [30553] [WARN ] [error:167]	busi err back, erase task failed, cannot find cache task: bf39589f-839f-49d1-a2d9-a079547d5f56 !  [THE user: test006] 
[22:52:28.089] [6517 ] [ERROR] [error:157]	got error busi back: 8b9b3112-03e2-4fa4-9fd8-a6b300434329, code: 1007 
[22:52:28.089] [6517 ] [WARN ] [error:167]	busi err back, erase task failed, cannot find cache task: 8b9b3112-03e2-4fa4-9fd8-a6b300434329 !  [THE user: test006] 
[22:52:28.095] [30553] [ERROR] [error:157]	got error busi back: 0aaca994-5d32-443c-a312-a54e5ba0c191, code: 1007 
[22:52:28.095] [30553] [WARN ] [error:167]	busi err back, erase task failed, cannot find cache task: 0aaca994-5d32-443c-a312-a54e5ba0c191 !  [THE user: test006] 
[22:52:28.116] [6517 ] [ERROR] [error:157]	got error busi back: 7c4d57ac-6d96-4c7f-8843-4d877c7107d4, code: 1007 
[22:52:28.116] [6517 ] [WARN ] [error:167]	busi err back, erase task failed, cannot find cache task: 7c4d57ac-6d96-4c7f-8843-4d877c7107d4 !  [THE user: test006] 
[22:52:28.131] [30553] [ERROR] [error:157]	got error busi back: cf9f8857-cb75-4011-8214-9dc101597c85, code: 1007 
[22:52:28.131] [30553] [WARN ] [error:167]	busi err back, erase task failed, cannot find cache task: cf9f8857-cb75-4011-8214-9dc101597c85 !  [THE user: test006] 
[22:52:28.142] [6517 ] [ERROR] [error:157]	got error busi back: 68a7d0d1-64aa-475b-b41d-89956eedf026, code: 1007 
[22:52:28.142] [6517 ] [WARN ] [error:167]	busi err back, erase task failed, cannot find cache task: 68a7d0d1-64aa-475b-b41d-89956eedf026 !  [THE user: test006] 
[22:52:28.161] [30553] [ERROR] [error:157]	got error busi back: ec623c08-c951-49a7-a317-ada5e9b923e5, code: 1007 
[22:52:28.161] [30553] [WARN ] [error:167]	busi err back, erase task failed, cannot find cache task: ec623c08-c951-49a7-a317-ada5e9b923e5 !  [THE user: test006] 
[22:52:28.181] [6517 ] [ERROR] [error:157]	got error busi back: 427d1883-8527-4985-bbcc-4ac757382c36, code: 1007 
[22:52:28.181] [6517 ] [WARN ] [error:167]	busi err back, erase task failed, cannot find cache task: 427d1883-8527-4985-bbcc-4ac757382c36 !  [THE user: test006] 
[22:52:28.187] [30553] [ERROR] [error:157]	got error busi back: d9d56a04-9915-4d2f-b400-eceab046ff24, code: 1007 
[22:52:28.187] [30553] [WARN ] [error:167]	busi err back, erase task failed, cannot find cache task: d9d56a04-9915-4d2f-b400-eceab046ff24 !  [THE user: test006] 
[22:52:28.191] [6517 ] [ERROR] [error:157]	got error busi back: f4be1b3e-71a1-437f-b900-625a3c9e3209, code: 1007 
[22:52:28.191] [6517 ] [WARN ] [error:167]	busi err back, erase task failed, cannot find cache task: f4be1b3e-71a1-437f-b900-625a3c9e3209 !  [THE user: test006] 
[22:52:28.201] [30553] [ERROR] [error:157]	got error busi back: 95fe8a18-7b14-4e32-8124-77d8e66be2be, code: 1007 
[22:52:28.201] [30553] [WARN ] [error:167]	busi err back, erase task failed, cannot find cache task: 95fe8a18-7b14-4e32-8124-77d8e66be2be !  [THE user: test006] 
[22:52:28.205] [6517 ] [ERROR] [error:157]	got error busi back: f151e78d-5c47-491c-8eec-31555937e04f, code: 1007 
[22:52:28.205] [6517 ] [WARN ] [error:167]	busi err back, erase task failed, cannot find cache task: f151e78d-5c47-491c-8eec-31555937e04f !  [THE user: test006] 
[22:52:28.212] [30553] [ERROR] [error:157]	got error busi back: 475754ca-ad72-44f8-b208-2ce3deb7a6b0, code: 1007 
[22:52:28.212] [30553] [WARN ] [error:167]	busi err back, erase task failed, cannot find cache task: 475754ca-ad72-44f8-b208-2ce3deb7a6b0 !  [THE user: test006] 
[22:52:28.215] [6517 ] [ERROR] [error:157]	got error busi back: a2ff0e37-02a7-4ae8-8a9c-47ccc4e59d5f, code: 1007 
[22:52:28.215] [6517 ] [WARN ] [error:167]	busi err back, erase task failed, cannot find cache task: a2ff0e37-02a7-4ae8-8a9c-47ccc4e59d5f !  [THE user: test006] 
[22:52:28.225] [30553] [ERROR] [error:157]	got error busi back: 6ef63bae-05df-4063-aff0-17dc6e16bc0f, code: 1007 
[22:52:28.225] [30553] [WARN ] [error:167]	busi err back, erase task failed, cannot find cache task: 6ef63bae-05df-4063-aff0-17dc6e16bc0f !  [THE user: test006] 
[22:52:28.236] [6517 ] [ERROR] [error:157]	got error busi back: 648767ba-672c-48b7-a98f-6f44b5459a51, code: 1007 
[22:52:28.236] [6517 ] [WARN ] [error:167]	busi err back, erase task failed, cannot find cache task: 648767ba-672c-48b7-a98f-6f44b5459a51 !  [THE user: test006] 
[22:52:28.261] [30553] [ERROR] [error:157]	got error busi back: 938839f0-27a9-4d38-8ec3-66edbc98d52c, code: 1007 
[22:52:28.261] [30553] [WARN ] [error:167]	busi err back, erase task failed, cannot find cache task: 938839f0-27a9-4d38-8ec3-66edbc98d52c !  [THE user: test006] 
[22:52:28.269] [6517 ] [ERROR] [error:157]	got error busi back: 0eb18384-8338-412f-b04f-82f7aeafb9b0, code: 1007 
[22:52:28.269] [6517 ] [WARN ] [error:167]	busi err back, erase task failed, cannot find cache task: 0eb18384-8338-412f-b04f-82f7aeafb9b0 !  [THE user: test006] 
[22:52:28.289] [30553] [ERROR] [error:157]	got error busi back: 916d8d5c-6e6a-46d3-9441-ee7971104f4c, code: 1007 
[22:52:28.289] [30553] [WARN ] [error:167]	busi err back, erase task failed, cannot find cache task: 916d8d5c-6e6a-46d3-9441-ee7971104f4c !  [THE user: test006] 
[22:52:28.301] [6517 ] [ERROR] [error:157]	got error busi back: 43ed7316-30c5-483c-a8fc-42fabd15a75d, code: 1007 
[22:52:28.301] [6517 ] [WARN ] [error:167]	busi err back, erase task failed, cannot find cache task: 43ed7316-30c5-483c-a8fc-42fabd15a75d !  [THE user: test006] 
[22:52:28.310] [30553] [ERROR] [error:157]	got error busi back: 6b2e6ac5-26cb-4cd7-95f3-8f3ad793c479, code: 1007 
[22:52:28.310] [30553] [WARN ] [error:167]	busi err back, erase task failed, cannot find cache task: 6b2e6ac5-26cb-4cd7-95f3-8f3ad793c479 !  [THE user: test006] 
[22:52:28.318] [6517 ] [ERROR] [error:157]	got error busi back: 70330a65-d93a-43db-8237-0a56485612ed, code: 1007 
[22:52:28.318] [6517 ] [WARN ] [error:167]	busi err back, erase task failed, cannot find cache task: 70330a65-d93a-43db-8237-0a56485612ed !  [THE user: test006] 
[22:52:28.341] [30553] [ERROR] [error:157]	got error busi back: 6f1c8279-019e-4b43-8172-67d733408c80, code: 1007 
[22:52:28.341] [30553] [WARN ] [error:167]	busi err back, erase task failed, cannot find cache task: 6f1c8279-019e-4b43-8172-67d733408c80 !  [THE user: test006] 
[22:52:28.349] [6517 ] [ERROR] [error:157]	got error busi back: 65d0cd7d-315f-4819-9d44-2f2d1f0b8679, code: 1007 
[22:52:28.349] [6517 ] [WARN ] [error:167]	busi err back, erase task failed, cannot find cache task: 65d0cd7d-315f-4819-9d44-2f2d1f0b8679 !  [THE user: test006] 
[22:52:28.351] [30553] [ERROR] [error:157]	got error busi back: 0515b4f5-108b-44cc-9cec-a3d84f0a1239, code: 1007 
[22:52:28.351] [30553] [WARN ] [error:167]	busi err back, erase task failed, cannot find cache task: 0515b4f5-108b-44cc-9cec-a3d84f0a1239 !  [THE user: test006] 
[22:52:28.353] [6517 ] [ERROR] [error:157]	got error busi back: ae69f4f5-3052-4d75-8e1f-e6d5e378e201, code: 1007 
[22:52:28.353] [6517 ] [WARN ] [error:167]	busi err back, erase task failed, cannot find cache task: ae69f4f5-3052-4d75-8e1f-e6d5e378e201 !  [THE user: test006] 
[22:52:28.356] [30553] [ERROR] [error:157]	got error busi back: 5a3adc1c-4c0f-4e66-98ca-3485c195f5f7, code: 1007 
[22:52:28.356] [30553] [WARN ] [error:167]	busi err back, erase task failed, cannot find cache task: 5a3adc1c-4c0f-4e66-98ca-3485c195f5f7 !  [THE user: test006] 
[22:52:28.393] [6517 ] [ERROR] [error:157]	got error busi back: f4657242-4696-4d7a-9115-9072a94354e2, code: 1007 
[22:52:28.393] [6517 ] [WARN ] [error:167]	busi err back, erase task failed, cannot find cache task: f4657242-4696-4d7a-9115-9072a94354e2 !  [THE user: test006] 
[22:52:28.407] [30553] [ERROR] [error:157]	got error busi back: 2764e135-52ff-40ca-99f4-bd448e612948, code: 1007 
[22:52:28.407] [30553] [WARN ] [error:167]	busi err back, erase task failed, cannot find cache task: 2764e135-52ff-40ca-99f4-bd448e612948 !  [THE user: test006] 
[22:52:28.412] [6517 ] [ERROR] [error:157]	got error busi back: 09899fee-0c0c-4d40-a080-803011ac71fc, code: 1007 
[22:52:28.413] [6517 ] [WARN ] [error:167]	busi err back, erase task failed, cannot find cache task: 09899fee-0c0c-4d40-a080-803011ac71fc !  [THE user: test006] 
[22:52:28.424] [30553] [ERROR] [error:157]	got error busi back: 2652b7b5-3d25-4d7d-9914-31882369bade, code: 1007 
[22:52:28.424] [30553] [WARN ] [error:167]	busi err back, erase task failed, cannot find cache task: 2652b7b5-3d25-4d7d-9914-31882369bade !  [THE user: test006] 
[22:52:28.430] [6517 ] [ERROR] [error:157]	got error busi back: b8a2ab1f-45fc-4922-87b8-1ccd7cd889e7, code: 1007 
[22:52:28.430] [6517 ] [WARN ] [error:167]	busi err back, erase task failed, cannot find cache task: b8a2ab1f-45fc-4922-87b8-1ccd7cd889e7 !  [THE user: test006] 
[22:52:28.439] [30553] [ERROR] [error:157]	got error busi back: 8b9f8970-4cbc-486a-ba3c-3fab0c1ce464, code: 1007 
[22:52:28.440] [30553] [WARN ] [error:167]	busi err back, erase task failed, cannot find cache task: 8b9f8970-4cbc-486a-ba3c-3fab0c1ce464 !  [THE user: test006] 
[22:52:28.444] [6517 ] [ERROR] [error:157]	got error busi back: c4f2d409-26fd-4af8-b43f-13d534b22a60, code: 1007 
[22:52:28.444] [6517 ] [WARN ] [error:167]	busi err back, erase task failed, cannot find cache task: c4f2d409-26fd-4af8-b43f-13d534b22a60 !  [THE user: test006] 
[22:52:28.461] [30553] [ERROR] [error:157]	got error busi back: ecb0cba0-ff2a-47b9-a8b6-b3ab0a4c5acf, code: 1007 
[22:52:28.461] [30553] [WARN ] [error:167]	busi err back, erase task failed, cannot find cache task: ecb0cba0-ff2a-47b9-a8b6-b3ab0a4c5acf !  [THE user: test006] 
[22:52:28.471] [6517 ] [ERROR] [error:157]	got error busi back: 65067876-29a3-47d3-81ac-eda2771e8aec, code: 1007 
[22:52:28.471] [6517 ] [WARN ] [error:167]	busi err back, erase task failed, cannot find cache task: 65067876-29a3-47d3-81ac-eda2771e8aec !  [THE user: test006] 
[22:52:28.482] [30553] [ERROR] [error:157]	got error busi back: 7ce52cc0-4bda-4d43-9476-86ac639b4062, code: 1007 
[22:52:28.483] [30553] [WARN ] [error:167]	busi err back, erase task failed, cannot find cache task: 7ce52cc0-4bda-4d43-9476-86ac639b4062 !  [THE user: test006] 
[22:52:28.490] [6517 ] [ERROR] [error:157]	got error busi back: 1b2fc0de-14a2-4f4c-84e5-c6459b35ccea, code: 1007 
[22:52:28.490] [6517 ] [WARN ] [error:167]	busi err back, erase task failed, cannot find cache task: 1b2fc0de-14a2-4f4c-84e5-c6459b35ccea !  [THE user: test006] 
[22:52:28.498] [30553] [ERROR] [error:157]	got error busi back: 7f81e4c1-9c24-4689-9391-7d35a354f916, code: 1007 
[22:52:28.498] [30553] [WARN ] [error:167]	busi err back, erase task failed, cannot find cache task: 7f81e4c1-9c24-4689-9391-7d35a354f916 !  [THE user: test006] 
[22:52:28.501] [6517 ] [ERROR] [error:157]	got error busi back: ad15134e-2fb8-4d72-9161-d22158d5f4be, code: 1007 
[22:52:28.501] [6517 ] [WARN ] [error:167]	busi err back, erase task failed, cannot find cache task: ad15134e-2fb8-4d72-9161-d22158d5f4be !  [THE user: test006] 
[22:52:28.520] [30553] [ERROR] [error:157]	got error busi back: 38b38a40-e957-4d86-863b-077c454df5cd, code: 1007 
[22:52:28.520] [30553] [WARN ] [error:167]	busi err back, erase task failed, cannot find cache task: 38b38a40-e957-4d86-863b-077c454df5cd !  [THE user: test006] 
[22:52:28.524] [6517 ] [ERROR] [error:157]	got error busi back: 72c9fccb-5327-40f0-846a-ecd5e094cf65, code: 1007 
[22:52:28.524] [6517 ] [WARN ] [error:167]	busi err back, erase task failed, cannot find cache task: 72c9fccb-5327-40f0-846a-ecd5e094cf65 !  [THE user: test006] 
[22:52:28.527] [30553] [ERROR] [error:157]	got error busi back: d557cf0b-a143-4282-9078-46b1237c36e5, code: 1007 
[22:52:28.527] [30553] [WARN ] [error:167]	busi err back, erase task failed, cannot find cache task: d557cf0b-a143-4282-9078-46b1237c36e5 !  [THE user: test006] 
[22:52:28.538] [6517 ] [ERROR] [error:157]	got error busi back: a519d831-821b-4bd8-bd17-deb938d634f7, code: 1007 
[22:52:28.538] [6517 ] [WARN ] [error:167]	busi err back, erase task failed, cannot find cache task: a519d831-821b-4bd8-bd17-deb938d634f7 !  [THE user: test006] 
[22:52:28.551] [30553] [ERROR] [error:157]	got error busi back: 67cbc25d-5129-4925-841e-60b62761455b, code: 1007 
[22:52:28.551] [30553] [WARN ] [error:167]	busi err back, erase task failed, cannot find cache task: 67cbc25d-5129-4925-841e-60b62761455b !  [THE user: test006] 
[22:52:28.587] [6517 ] [ERROR] [error:157]	got error busi back: 8f269e76-9007-4461-8059-fb0f518784a4, code: 1007 
[22:52:28.587] [6517 ] [WARN ] [error:167]	busi err back, erase task failed, cannot find cache task: 8f269e76-9007-4461-8059-fb0f518784a4 !  [THE user: test006] 
[22:52:28.590] [30553] [ERROR] [error:157]	got error busi back: 05f09f01-154a-4abd-b119-44c188b10efe, code: 1007 
[22:52:28.590] [30553] [WARN ] [error:167]	busi err back, erase task failed, cannot find cache task: 05f09f01-154a-4abd-b119-44c188b10efe !  [THE user: test006] 
[22:52:28.601] [6517 ] [ERROR] [error:157]	got error busi back: 32d1920c-0179-4f71-8ba7-37c68824c8b8, code: 1007 
[22:52:28.601] [6517 ] [WARN ] [error:167]	busi err back, erase task failed, cannot find cache task: 32d1920c-0179-4f71-8ba7-37c68824c8b8 !  [THE user: test006] 
[22:52:28.604] [30553] [ERROR] [error:157]	got error busi back: b75ce889-1aee-4a47-965c-84821696d56e, code: 1007 
[22:52:28.604] [30553] [WARN ] [error:167]	busi err back, erase task failed, cannot find cache task: b75ce889-1aee-4a47-965c-84821696d56e !  [THE user: test006] 
[22:52:28.611] [6517 ] [ERROR] [error:157]	got error busi back: de6bd23f-af51-4210-ab62-77f259fce197, code: 1007 
[22:52:28.611] [6517 ] [WARN ] [error:167]	busi err back, erase task failed, cannot find cache task: de6bd23f-af51-4210-ab62-77f259fce197 !  [THE user: test006] 
[22:52:28.617] [30553] [ERROR] [error:157]	got error busi back: 1634c36e-70d9-43bb-b160-9df4a7f9dc06, code: 1007 
[22:52:28.617] [30553] [WARN ] [error:167]	busi err back, erase task failed, cannot find cache task: 1634c36e-70d9-43bb-b160-9df4a7f9dc06 !  [THE user: test006] 
[22:52:28.620] [6517 ] [ERROR] [error:157]	got error busi back: 896de05b-1068-4f9c-b2a1-2064119c36fd, code: 1007 
[22:52:28.620] [6517 ] [WARN ] [error:167]	busi err back, erase task failed, cannot find cache task: 896de05b-1068-4f9c-b2a1-2064119c36fd !  [THE user: test006] 
[22:52:32.421] [30553] [ERROR] [error:157]	got error busi back: fb9a4c69-b2d5-4b90-b7e4-c5b2350767af, code: 1007 
[22:52:32.421] [30553] [WARN ] [error:167]	busi err back, erase task failed, cannot find cache task: fb9a4c69-b2d5-4b90-b7e4-c5b2350767af !  [THE user: test006] 
[22:52:32.424] [30553] [ERROR] [error:157]	got error busi back: a8767e9d-87e2-4457-ad09-82c1359f3c7a, code: 1007 
[22:52:32.424] [30553] [WARN ] [error:167]	busi err back, erase task failed, cannot find cache task: a8767e9d-87e2-4457-ad09-82c1359f3c7a !  [THE user: test006] 
[22:52:32.428] [6517 ] [ERROR] [error:157]	got error busi back: b80cf794-5363-43b3-bf30-68c0abecc682, code: 1007 
[22:52:32.428] [6517 ] [WARN ] [error:167]	busi err back, erase task failed, cannot find cache task: b80cf794-5363-43b3-bf30-68c0abecc682 !  [THE user: test006] 
[22:52:32.431] [6517 ] [ERROR] [error:157]	got error busi back: 8febf2bb-614e-4e04-8b57-38e602c7a2a9, code: 1007 
[22:52:32.431] [6517 ] [WARN ] [error:167]	busi err back, erase task failed, cannot find cache task: 8febf2bb-614e-4e04-8b57-38e602c7a2a9 !  [THE user: test006] 
[22:52:32.434] [6517 ] [ERROR] [error:157]	got error busi back: a0d14dec-680b-41bb-9022-011f427a7eaa, code: 1007 
[22:52:32.434] [6517 ] [WARN ] [error:167]	busi err back, erase task failed, cannot find cache task: a0d14dec-680b-41bb-9022-011f427a7eaa !  [THE user: test006] 
[22:52:32.436] [6517 ] [ERROR] [error:157]	got error busi back: e8ba73c7-7bfb-498e-9e39-013a57932832, code: 1007 
[22:52:32.436] [6517 ] [WARN ] [error:167]	busi err back, erase task failed, cannot find cache task: e8ba73c7-7bfb-498e-9e39-013a57932832 !  [THE user: test006] 
[22:52:32.438] [6517 ] [ERROR] [error:157]	got error busi back: 954c35e6-5c58-45ea-a150-390ff8b0f0fc, code: 1007 
[22:52:32.438] [6517 ] [WARN ] [error:167]	busi err back, erase task failed, cannot find cache task: 954c35e6-5c58-45ea-a150-390ff8b0f0fc !  [THE user: test006] 
[22:52:32.442] [6517 ] [ERROR] [error:157]	got error busi back: 3c70d5ac-3389-4177-9db1-84363c0e106b, code: 1007 
[22:52:32.442] [6517 ] [WARN ] [error:167]	busi err back, erase task failed, cannot find cache task: 3c70d5ac-3389-4177-9db1-84363c0e106b !  [THE user: test006] 
[22:52:32.448] [6517 ] [ERROR] [error:157]	got error busi back: bf39589f-839f-49d1-a2d9-a079547d5f56, code: 1007 
[22:52:32.448] [6517 ] [WARN ] [error:167]	busi err back, erase task failed, cannot find cache task: bf39589f-839f-49d1-a2d9-a079547d5f56 !  [THE user: test006] 
[22:52:32.451] [6517 ] [ERROR] [error:157]	got error busi back: 8b9b3112-03e2-4fa4-9fd8-a6b300434329, code: 1007 
[22:52:32.451] [6517 ] [WARN ] [error:167]	busi err back, erase task failed, cannot find cache task: 8b9b3112-03e2-4fa4-9fd8-a6b300434329 !  [THE user: test006] 
[22:52:32.454] [6517 ] [ERROR] [error:157]	got error busi back: 0aaca994-5d32-443c-a312-a54e5ba0c191, code: 1007 
[22:52:32.454] [6517 ] [WARN ] [error:167]	busi err back, erase task failed, cannot find cache task: 0aaca994-5d32-443c-a312-a54e5ba0c191 !  [THE user: test006] 
[22:52:32.459] [6517 ] [ERROR] [error:157]	got error busi back: 7c4d57ac-6d96-4c7f-8843-4d877c7107d4, code: 1007 
[22:52:32.459] [6517 ] [WARN ] [error:167]	busi err back, erase task failed, cannot find cache task: 7c4d57ac-6d96-4c7f-8843-4d877c7107d4 !  [THE user: test006] 
[22:52:32.465] [6517 ] [ERROR] [error:157]	got error busi back: cf9f8857-cb75-4011-8214-9dc101597c85, code: 1007 
[22:52:32.465] [6517 ] [WARN ] [error:167]	busi err back, erase task failed, cannot find cache task: cf9f8857-cb75-4011-8214-9dc101597c85 !  [THE user: test006] 
[22:52:32.468] [6517 ] [ERROR] [error:157]	got error busi back: 68a7d0d1-64aa-475b-b41d-89956eedf026, code: 1007 
[22:52:32.468] [6517 ] [WARN ] [error:167]	busi err back, erase task failed, cannot find cache task: 68a7d0d1-64aa-475b-b41d-89956eedf026 !  [THE user: test006] 
[22:52:32.473] [6517 ] [ERROR] [error:157]	got error busi back: ec623c08-c951-49a7-a317-ada5e9b923e5, code: 1007 
[22:52:32.473] [6517 ] [WARN ] [error:167]	busi err back, erase task failed, cannot find cache task: ec623c08-c951-49a7-a317-ada5e9b923e5 !  [THE user: test006] 
[22:52:32.479] [6517 ] [ERROR] [error:157]	got error busi back: 427d1883-8527-4985-bbcc-4ac757382c36, code: 1007 
[22:52:32.479] [6517 ] [WARN ] [error:167]	busi err back, erase task failed, cannot find cache task: 427d1883-8527-4985-bbcc-4ac757382c36 !  [THE user: test006] 
[22:52:32.482] [6517 ] [ERROR] [error:157]	got error busi back: d9d56a04-9915-4d2f-b400-eceab046ff24, code: 1007 
[22:52:32.482] [6517 ] [WARN ] [error:167]	busi err back, erase task failed, cannot find cache task: d9d56a04-9915-4d2f-b400-eceab046ff24 !  [THE user: test006] 
[22:52:32.484] [6517 ] [ERROR] [error:157]	got error busi back: f4be1b3e-71a1-437f-b900-625a3c9e3209, code: 1007 
[22:52:32.484] [6517 ] [WARN ] [error:167]	busi err back, erase task failed, cannot find cache task: f4be1b3e-71a1-437f-b900-625a3c9e3209 !  [THE user: test006] 
[22:52:32.489] [6517 ] [ERROR] [error:157]	got error busi back: 95fe8a18-7b14-4e32-8124-77d8e66be2be, code: 1007 
[22:52:32.489] [6517 ] [WARN ] [error:167]	busi err back, erase task failed, cannot find cache task: 95fe8a18-7b14-4e32-8124-77d8e66be2be !  [THE user: test006] 
[22:52:32.491] [6517 ] [ERROR] [error:157]	got error busi back: f151e78d-5c47-491c-8eec-31555937e04f, code: 1007 
[22:52:32.491] [6517 ] [WARN ] [error:167]	busi err back, erase task failed, cannot find cache task: f151e78d-5c47-491c-8eec-31555937e04f !  [THE user: test006] 
[22:52:32.494] [6517 ] [ERROR] [error:157]	got error busi back: 475754ca-ad72-44f8-b208-2ce3deb7a6b0, code: 1007 
[22:52:32.494] [6517 ] [WARN ] [error:167]	busi err back, erase task failed, cannot find cache task: 475754ca-ad72-44f8-b208-2ce3deb7a6b0 !  [THE user: test006] 
[22:52:32.496] [6517 ] [ERROR] [error:157]	got error busi back: a2ff0e37-02a7-4ae8-8a9c-47ccc4e59d5f, code: 1007 
[22:52:32.496] [6517 ] [WARN ] [error:167]	busi err back, erase task failed, cannot find cache task: a2ff0e37-02a7-4ae8-8a9c-47ccc4e59d5f !  [THE user: test006] 
[22:52:32.499] [6517 ] [ERROR] [error:157]	got error busi back: 6ef63bae-05df-4063-aff0-17dc6e16bc0f, code: 1007 
[22:52:32.500] [6517 ] [WARN ] [error:167]	busi err back, erase task failed, cannot find cache task: 6ef63bae-05df-4063-aff0-17dc6e16bc0f !  [THE user: test006] 
[22:52:32.504] [6517 ] [ERROR] [error:157]	got error busi back: 648767ba-672c-48b7-a98f-6f44b5459a51, code: 1007 
[22:52:32.504] [6517 ] [WARN ] [error:167]	busi err back, erase task failed, cannot find cache task: 648767ba-672c-48b7-a98f-6f44b5459a51 !  [THE user: test006] 
[22:52:32.510] [6517 ] [ERROR] [error:157]	got error busi back: 938839f0-27a9-4d38-8ec3-66edbc98d52c, code: 1007 
[22:52:32.510] [6517 ] [WARN ] [error:167]	busi err back, erase task failed, cannot find cache task: 938839f0-27a9-4d38-8ec3-66edbc98d52c !  [THE user: test006] 
[22:52:32.513] [6517 ] [ERROR] [error:157]	got error busi back: 0eb18384-8338-412f-b04f-82f7aeafb9b0, code: 1007 
[22:52:32.513] [6517 ] [WARN ] [error:167]	busi err back, erase task failed, cannot find cache task: 0eb18384-8338-412f-b04f-82f7aeafb9b0 !  [THE user: test006] 
[22:52:32.519] [6517 ] [ERROR] [error:157]	got error busi back: 916d8d5c-6e6a-46d3-9441-ee7971104f4c, code: 1007 
[22:52:32.519] [6517 ] [WARN ] [error:167]	busi err back, erase task failed, cannot find cache task: 916d8d5c-6e6a-46d3-9441-ee7971104f4c !  [THE user: test006] 
[22:52:32.524] [6517 ] [ERROR] [error:157]	got error busi back: 43ed7316-30c5-483c-a8fc-42fabd15a75d, code: 1007 
[22:52:32.524] [6517 ] [WARN ] [error:167]	busi err back, erase task failed, cannot find cache task: 43ed7316-30c5-483c-a8fc-42fabd15a75d !  [THE user: test006] 
[22:52:32.528] [6517 ] [ERROR] [error:157]	got error busi back: 6b2e6ac5-26cb-4cd7-95f3-8f3ad793c479, code: 1007 
[22:52:32.528] [6517 ] [WARN ] [error:167]	busi err back, erase task failed, cannot find cache task: 6b2e6ac5-26cb-4cd7-95f3-8f3ad793c479 !  [THE user: test006] 
[22:52:32.530] [30553] [ERROR] [error:157]	got error busi back: 70330a65-d93a-43db-8237-0a56485612ed, code: 1007 
[22:52:32.530] [30553] [WARN ] [error:167]	busi err back, erase task failed, cannot find cache task: 70330a65-d93a-43db-8237-0a56485612ed !  [THE user: test006] 
[22:52:32.539] [6517 ] [ERROR] [error:157]	got error busi back: 6f1c8279-019e-4b43-8172-67d733408c80, code: 1007 
[22:52:32.539] [6517 ] [WARN ] [error:167]	busi err back, erase task failed, cannot find cache task: 6f1c8279-019e-4b43-8172-67d733408c80 !  [THE user: test006] 
[22:52:32.543] [30553] [ERROR] [error:157]	got error busi back: 65d0cd7d-315f-4819-9d44-2f2d1f0b8679, code: 1007 
[22:52:32.543] [30553] [WARN ] [error:167]	busi err back, erase task failed, cannot find cache task: 65d0cd7d-315f-4819-9d44-2f2d1f0b8679 !  [THE user: test006] 
[22:52:32.546] [6517 ] [ERROR] [error:157]	got error busi back: 0515b4f5-108b-44cc-9cec-a3d84f0a1239, code: 1007 
[22:52:32.546] [6517 ] [WARN ] [error:167]	busi err back, erase task failed, cannot find cache task: 0515b4f5-108b-44cc-9cec-a3d84f0a1239 !  [THE user: test006] 
[22:52:32.547] [30553] [ERROR] [error:157]	got error busi back: 5a3adc1c-4c0f-4e66-98ca-3485c195f5f7, code: 1007 
[22:52:32.547] [30553] [WARN ] [error:167]	busi err back, erase task failed, cannot find cache task: 5a3adc1c-4c0f-4e66-98ca-3485c195f5f7 !  [THE user: test006] 
[22:52:32.549] [6517 ] [ERROR] [error:157]	got error busi back: ae69f4f5-3052-4d75-8e1f-e6d5e378e201, code: 1007 
[22:52:32.549] [6517 ] [WARN ] [error:167]	busi err back, erase task failed, cannot find cache task: ae69f4f5-3052-4d75-8e1f-e6d5e378e201 !  [THE user: test006] 
[22:52:32.556] [30553] [ERROR] [error:157]	got error busi back: f4657242-4696-4d7a-9115-9072a94354e2, code: 1007 
[22:52:32.556] [30553] [WARN ] [error:167]	busi err back, erase task failed, cannot find cache task: f4657242-4696-4d7a-9115-9072a94354e2 !  [THE user: test006] 
[22:52:32.560] [6517 ] [ERROR] [error:157]	got error busi back: 2764e135-52ff-40ca-99f4-bd448e612948, code: 1007 
[22:52:32.560] [6517 ] [WARN ] [error:167]	busi err back, erase task failed, cannot find cache task: 2764e135-52ff-40ca-99f4-bd448e612948 !  [THE user: test006] 
[22:52:32.563] [30553] [ERROR] [error:157]	got error busi back: 09899fee-0c0c-4d40-a080-803011ac71fc, code: 1007 
[22:52:32.563] [30553] [WARN ] [error:167]	busi err back, erase task failed, cannot find cache task: 09899fee-0c0c-4d40-a080-803011ac71fc !  [THE user: test006] 
[22:52:32.564] [30553] [ERROR] [error:157]	got error busi back: 2652b7b5-3d25-4d7d-9914-31882369bade, code: 1007 
[22:52:32.564] [30553] [WARN ] [error:167]	busi err back, erase task failed, cannot find cache task: 2652b7b5-3d25-4d7d-9914-31882369bade !  [THE user: test006] 
[22:52:32.566] [6517 ] [ERROR] [error:157]	got error busi back: b8a2ab1f-45fc-4922-87b8-1ccd7cd889e7, code: 1007 
[22:52:32.566] [6517 ] [WARN ] [error:167]	busi err back, erase task failed, cannot find cache task: b8a2ab1f-45fc-4922-87b8-1ccd7cd889e7 !  [THE user: test006] 
[22:52:32.570] [30553] [ERROR] [error:157]	got error busi back: 8b9f8970-4cbc-486a-ba3c-3fab0c1ce464, code: 1007 
[22:52:32.570] [30553] [WARN ] [error:167]	busi err back, erase task failed, cannot find cache task: 8b9f8970-4cbc-486a-ba3c-3fab0c1ce464 !  [THE user: test006] 
[22:52:32.572] [6517 ] [ERROR] [error:157]	got error busi back: c4f2d409-26fd-4af8-b43f-13d534b22a60, code: 1007 
[22:52:32.572] [6517 ] [WARN ] [error:167]	busi err back, erase task failed, cannot find cache task: c4f2d409-26fd-4af8-b43f-13d534b22a60 !  [THE user: test006] 
[22:52:32.576] [30553] [ERROR] [error:157]	got error busi back: ecb0cba0-ff2a-47b9-a8b6-b3ab0a4c5acf, code: 1007 
[22:52:32.576] [30553] [WARN ] [error:167]	busi err back, erase task failed, cannot find cache task: ecb0cba0-ff2a-47b9-a8b6-b3ab0a4c5acf !  [THE user: test006] 
[22:52:32.581] [6517 ] [ERROR] [error:157]	got error busi back: 65067876-29a3-47d3-81ac-eda2771e8aec, code: 1007 
[22:52:32.581] [6517 ] [WARN ] [error:167]	busi err back, erase task failed, cannot find cache task: 65067876-29a3-47d3-81ac-eda2771e8aec !  [THE user: test006] 
[22:52:32.585] [30553] [ERROR] [error:157]	got error busi back: 7ce52cc0-4bda-4d43-9476-86ac639b4062, code: 1007 
[22:52:32.585] [30553] [WARN ] [error:167]	busi err back, erase task failed, cannot find cache task: 7ce52cc0-4bda-4d43-9476-86ac639b4062 !  [THE user: test006] 
[22:52:32.590] [6517 ] [ERROR] [error:157]	got error busi back: 1b2fc0de-14a2-4f4c-84e5-c6459b35ccea, code: 1007 
[22:52:32.590] [6517 ] [WARN ] [error:167]	busi err back, erase task failed, cannot find cache task: 1b2fc0de-14a2-4f4c-84e5-c6459b35ccea !  [THE user: test006] 
[22:52:32.593] [30553] [ERROR] [error:157]	got error busi back: 7f81e4c1-9c24-4689-9391-7d35a354f916, code: 1007 
[22:52:32.593] [30553] [WARN ] [error:167]	busi err back, erase task failed, cannot find cache task: 7f81e4c1-9c24-4689-9391-7d35a354f916 !  [THE user: test006] 
[22:52:32.595] [30553] [ERROR] [error:157]	got error busi back: ad15134e-2fb8-4d72-9161-d22158d5f4be, code: 1007 
[22:52:32.595] [30553] [WARN ] [error:167]	busi err back, erase task failed, cannot find cache task: ad15134e-2fb8-4d72-9161-d22158d5f4be !  [THE user: test006] 
[22:52:32.599] [30553] [ERROR] [error:157]	got error busi back: 38b38a40-e957-4d86-863b-077c454df5cd, code: 1007 
[22:52:32.599] [30553] [WARN ] [error:167]	busi err back, erase task failed, cannot find cache task: 38b38a40-e957-4d86-863b-077c454df5cd !  [THE user: test006] 
[22:52:32.601] [30553] [ERROR] [error:157]	got error busi back: 72c9fccb-5327-40f0-846a-ecd5e094cf65, code: 1007 
[22:52:32.601] [30553] [WARN ] [error:167]	busi err back, erase task failed, cannot find cache task: 72c9fccb-5327-40f0-846a-ecd5e094cf65 !  [THE user: test006] 
[22:52:32.603] [30553] [ERROR] [error:157]	got error busi back: d557cf0b-a143-4282-9078-46b1237c36e5, code: 1007 
[22:52:32.603] [30553] [WARN ] [error:167]	busi err back, erase task failed, cannot find cache task: d557cf0b-a143-4282-9078-46b1237c36e5 !  [THE user: test006] 
[22:52:32.609] [30553] [ERROR] [error:157]	got error busi back: a519d831-821b-4bd8-bd17-deb938d634f7, code: 1007 
[22:52:32.609] [30553] [WARN ] [error:167]	busi err back, erase task failed, cannot find cache task: a519d831-821b-4bd8-bd17-deb938d634f7 !  [THE user: test006] 
[22:52:32.616] [30553] [ERROR] [error:157]	got error busi back: 67cbc25d-5129-4925-841e-60b62761455b, code: 1007 
[22:52:32.617] [30553] [WARN ] [error:167]	busi err back, erase task failed, cannot find cache task: 67cbc25d-5129-4925-841e-60b62761455b !  [THE user: test006] 
[22:52:32.627] [30553] [ERROR] [error:157]	got error busi back: 8f269e76-9007-4461-8059-fb0f518784a4, code: 1007 
[22:52:32.627] [30553] [WARN ] [error:167]	busi err back, erase task failed, cannot find cache task: 8f269e76-9007-4461-8059-fb0f518784a4 !  [THE user: test006] 
[22:52:32.631] [30553] [ERROR] [error:157]	got error busi back: 05f09f01-154a-4abd-b119-44c188b10efe, code: 1007 
[22:52:32.631] [30553] [WARN ] [error:167]	busi err back, erase task failed, cannot find cache task: 05f09f01-154a-4abd-b119-44c188b10efe !  [THE user: test006] 
[22:52:32.639] [30553] [ERROR] [error:157]	got error busi back: 32d1920c-0179-4f71-8ba7-37c68824c8b8, code: 1007 
[22:52:32.639] [30553] [WARN ] [error:167]	busi err back, erase task failed, cannot find cache task: 32d1920c-0179-4f71-8ba7-37c68824c8b8 !  [THE user: test006] 
[22:52:32.643] [6517 ] [ERROR] [error:157]	got error busi back: b75ce889-1aee-4a47-965c-84821696d56e, code: 1007 
[22:52:32.643] [6517 ] [WARN ] [error:167]	busi err back, erase task failed, cannot find cache task: b75ce889-1aee-4a47-965c-84821696d56e !  [THE user: test006] 
[22:52:32.649] [30553] [ERROR] [error:157]	got error busi back: de6bd23f-af51-4210-ab62-77f259fce197, code: 1007 
[22:52:32.649] [30553] [WARN ] [error:167]	busi err back, erase task failed, cannot find cache task: de6bd23f-af51-4210-ab62-77f259fce197 !  [THE user: test006] 
[22:52:32.653] [30553] [ERROR] [error:157]	got error busi back: 1634c36e-70d9-43bb-b160-9df4a7f9dc06, code: 1007 
[22:52:32.653] [30553] [WARN ] [error:167]	busi err back, erase task failed, cannot find cache task: 1634c36e-70d9-43bb-b160-9df4a7f9dc06 !  [THE user: test006] 
[22:52:32.657] [6517 ] [ERROR] [error:157]	got error busi back: 896de05b-1068-4f9c-b2a1-2064119c36fd, code: 1007 
[22:52:32.657] [6517 ] [WARN ] [error:167]	busi err back, erase task failed, cannot find cache task: 896de05b-1068-4f9c-b2a1-2064119c36fd !  [THE user: test006] 
[14:55:36.214] [13637] [ERROR] [Java_com_juzix_jugo_node_jni_NativeInterface_startTask:135]	commit a invite task to engine ok ! 
[14:55:36.219] [13637] [ERROR] [Java_com_juzix_jugo_node_jni_NativeInterface_startTask:135]	commit a invite task to engine ok ! 
[14:55:36.221] [13637] [ERROR] [Java_com_juzix_jugo_node_jni_NativeInterface_startTask:135]	commit a invite task to engine ok ! 
[14:55:36.225] [13637] [ERROR] [Java_com_juzix_jugo_node_jni_NativeInterface_startTask:135]	commit a invite task to engine ok ! 
[14:55:36.229] [13637] [ERROR] [Java_com_juzix_jugo_node_jni_NativeInterface_startTask:135]	commit a invite task to engine ok ! 
[14:55:36.241] [13637] [ERROR] [Java_com_juzix_jugo_node_jni_NativeInterface_startTask:135]	commit a invite task to engine ok ! 
[14:55:36.245] [13637] [ERROR] [Java_com_juzix_jugo_node_jni_NativeInterface_startTask:135]	commit a invite task to engine ok ! 
[14:55:36.248] [13637] [ERROR] [Java_com_juzix_jugo_node_jni_NativeInterface_startTask:135]	commit a invite task to engine ok ! 
[14:55:36.251] [13637] [ERROR] [Java_com_juzix_jugo_node_jni_NativeInterface_startTask:135]	commit a invite task to engine ok ! 
[14:55:36.254] [13637] [ERROR] [Java_com_juzix_jugo_node_jni_NativeInterface_startTask:135]	commit a invite task to engine ok ! 
[14:55:36.257] [13637] [ERROR] [Java_com_juzix_jugo_node_jni_NativeInterface_startTask:135]	commit a invite task to engine ok ! 
[14:55:36.262] [13637] [ERROR] [Java_com_juzix_jugo_node_jni_NativeInterface_startTask:135]	commit a invite task to engine ok ! 
[14:55:36.269] [13637] [ERROR] [Java_com_juzix_jugo_node_jni_NativeInterface_startTask:135]	commit a invite task to engine ok ! 
[14:55:36.273] [13637] [ERROR] [Java_com_juzix_jugo_node_jni_NativeInterface_startTask:135]	commit a invite task to engine ok ! 
[14:55:36.278] [13637] [ERROR] [Java_com_juzix_jugo_node_jni_NativeInterface_startTask:135]	commit a invite task to engine ok ! 
[14:55:36.286] [13637] [ERROR] [Java_com_juzix_jugo_node_jni_NativeInterface_startTask:135]	commit a invite task to engine ok ! 
[14:55:36.296] [13637] [ERROR] [Java_com_juzix_jugo_node_jni_NativeInterface_startTask:135]	commit a invite task to engine ok ! 
[14:55:36.327] [13637] [ERROR] [Java_com_juzix_jugo_node_jni_NativeInterface_startTask:135]	commit a invite task to engine ok ! 
[14:55:36.336] [13637] [ERROR] [Java_com_juzix_jugo_node_jni_NativeInterface_startTask:135]	commit a invite task to engine ok ! 
[14:55:36.341] [13637] [ERROR] [Java_com_juzix_jugo_node_jni_NativeInterface_startTask:135]	commit a invite task to engine ok ! 
[14:55:36.347] [13637] [ERROR] [Java_com_juzix_jugo_node_jni_NativeInterface_startTask:135]	commit a invite task to engine ok ! 
[14:55:36.353] [13637] [ERROR] [Java_com_juzix_jugo_node_jni_NativeInterface_startTask:135]	commit a invite task to engine ok ! 
[14:55:36.358] [13637] [ERROR] [Java_com_juzix_jugo_node_jni_NativeInterface_startTask:135]	commit a invite task to engine ok ! 
[14:55:36.363] [13637] [ERROR] [Java_com_juzix_jugo_node_jni_NativeInterface_startTask:135]	commit a invite task to engine ok ! 
[14:55:36.368] [13637] [ERROR] [Java_com_juzix_jugo_node_jni_NativeInterface_startTask:135]	commit a invite task to engine ok ! 
[14:55:36.373] [13637] [ERROR] [Java_com_juzix_jugo_node_jni_NativeInterface_startTask:135]	commit a invite task to engine ok ! 
[14:55:36.380] [13637] [ERROR] [Java_com_juzix_jugo_node_jni_NativeInterface_startTask:135]	commit a invite task to engine ok ! 
[14:55:36.385] [13637] [ERROR] [Java_com_juzix_jugo_node_jni_NativeInterface_startTask:135]	commit a invite task to engine ok ! 
[14:55:36.392] [13637] [ERROR] [Java_com_juzix_jugo_node_jni_NativeInterface_startTask:135]	commit a invite task to engine ok ! 
[14:55:36.397] [13637] [ERROR] [Java_com_juzix_jugo_node_jni_NativeInterface_startTask:135]	commit a invite task to engine ok ! 
[14:55:36.401] [13637] [ERROR] [Java_com_juzix_jugo_node_jni_NativeInterface_startTask:135]	commit a invite task to engine ok ! 
[14:55:36.406] [13637] [ERROR] [Java_com_juzix_jugo_node_jni_NativeInterface_startTask:135]	commit a invite task to engine ok ! 
[14:55:36.411] [13637] [ERROR] [Java_com_juzix_jugo_node_jni_NativeInterface_startTask:135]	commit a invite task to engine ok ! 
[14:55:36.417] [13637] [ERROR] [Java_com_juzix_jugo_node_jni_NativeInterface_startTask:135]	commit a invite task to engine ok ! 
[14:55:36.423] [13637] [ERROR] [Java_com_juzix_jugo_node_jni_NativeInterface_startTask:135]	commit a invite task to engine ok ! 
[14:55:36.430] [13637] [ERROR] [Java_com_juzix_jugo_node_jni_NativeInterface_startTask:135]	commit a invite task to engine ok ! 
[14:55:36.460] [13637] [ERROR] [Java_com_juzix_jugo_node_jni_NativeInterface_startTask:135]	commit a invite task to engine ok ! 
[14:55:36.472] [13637] [ERROR] [Java_com_juzix_jugo_node_jni_NativeInterface_startTask:135]	commit a invite task to engine ok ! 
[14:55:36.483] [13637] [ERROR] [Java_com_juzix_jugo_node_jni_NativeInterface_startTask:135]	commit a invite task to engine ok ! 
[14:55:36.489] [13637] [ERROR] [Java_com_juzix_jugo_node_jni_NativeInterface_startTask:135]	commit a invite task to engine ok ! 
[14:55:36.493] [13637] [ERROR] [Java_com_juzix_jugo_node_jni_NativeInterface_startTask:135]	commit a invite task to engine ok ! 
[14:55:36.502] [13637] [ERROR] [Java_com_juzix_jugo_node_jni_NativeInterface_startTask:135]	commit a invite task to engine ok ! 
[14:55:36.511] [13637] [ERROR] [Java_com_juzix_jugo_node_jni_NativeInterface_startTask:135]	commit a invite task to engine ok ! 
[14:55:36.517] [13637] [ERROR] [Java_com_juzix_jugo_node_jni_NativeInterface_startTask:135]	commit a invite task to engine ok ! 
[14:55:36.523] [13637] [ERROR] [Java_com_juzix_jugo_node_jni_NativeInterface_startTask:135]	commit a invite task to engine ok ! 
[14:55:36.532] [13637] [ERROR] [Java_com_juzix_jugo_node_jni_NativeInterface_startTask:135]	commit a invite task to engine ok ! 
[14:55:36.538] [13637] [ERROR] [Java_com_juzix_jugo_node_jni_NativeInterface_startTask:135]	commit a invite task to engine ok ! 
[14:55:36.543] [13637] [ERROR] [Java_com_juzix_jugo_node_jni_NativeInterface_startTask:135]	commit a invite task to engine ok ! 
[14:55:36.567] [13637] [ERROR] [Java_com_juzix_jugo_node_jni_NativeInterface_startTask:135]	commit a invite task to engine ok ! 
[14:55:36.572] [13637] [ERROR] [Java_com_juzix_jugo_node_jni_NativeInterface_startTask:135]	commit a invite task to engine ok ! 
[14:55:36.576] [13637] [ERROR] [Java_com_juzix_jugo_node_jni_NativeInterface_startTask:135]	commit a invite task to engine ok ! 
[14:55:36.579] [13637] [ERROR] [Java_com_juzix_jugo_node_jni_NativeInterface_startTask:135]	commit a invite task to engine ok ! 
[14:55:36.583] [13637] [ERROR] [Java_com_juzix_jugo_node_jni_NativeInterface_startTask:135]	commit a invite task to engine ok ! 
[14:55:36.586] [13637] [ERROR] [Java_com_juzix_jugo_node_jni_NativeInterface_startTask:135]	commit a invite task to engine ok ! 
[14:55:36.589] [13637] [ERROR] [Java_com_juzix_jugo_node_jni_NativeInterface_startTask:135]	commit a invite task to engine ok ! 
[14:55:36.593] [13637] [ERROR] [Java_com_juzix_jugo_node_jni_NativeInterface_startTask:135]	commit a invite task to engine ok ! 
[14:55:36.600] [13637] [ERROR] [Java_com_juzix_jugo_node_jni_NativeInterface_startTask:135]	commit a invite task to engine ok ! 
[14:55:36.616] [13637] [ERROR] [Java_com_juzix_jugo_node_jni_NativeInterface_startTask:135]	commit a invite task to engine ok ! 
[14:55:36.622] [13637] [ERROR] [Java_com_juzix_jugo_node_jni_NativeInterface_startTask:135]	commit a invite task to engine ok ! 
[14:55:36.626] [13637] [ERROR] [Java_com_juzix_jugo_node_jni_NativeInterface_startTask:135]	commit a invite task to engine ok ! 
[14:55:36.630] [13637] [ERROR] [Java_com_juzix_jugo_node_jni_NativeInterface_startTask:135]	commit a invite task to engine ok ! 
[14:55:36.634] [13637] [ERROR] [Java_com_juzix_jugo_node_jni_NativeInterface_startTask:135]	commit a invite task to engine ok ! 
[14:55:36.638] [13637] [ERROR] [Java_com_juzix_jugo_node_jni_NativeInterface_startTask:135]	commit a invite task to engine ok ! 
[14:55:36.641] [13637] [ERROR] [Java_com_juzix_jugo_node_jni_NativeInterface_startTask:135]	commit a invite task to engine ok ! 
[14:55:36.646] [13637] [ERROR] [Java_com_juzix_jugo_node_jni_NativeInterface_startTask:135]	commit a invite task to engine ok ! 
[14:55:36.651] [13637] [ERROR] [Java_com_juzix_jugo_node_jni_NativeInterface_startTask:135]	commit a invite task to engine ok ! 
[14:55:36.655] [13637] [ERROR] [Java_com_juzix_jugo_node_jni_NativeInterface_startTask:135]	commit a invite task to engine ok ! 
[14:55:36.658] [13637] [ERROR] [Java_com_juzix_jugo_node_jni_NativeInterface_startTask:135]	commit a invite task to engine ok ! 
[14:55:36.662] [13637] [ERROR] [Java_com_juzix_jugo_node_jni_NativeInterface_startTask:135]	commit a invite task to engine ok ! 
[14:55:36.666] [13637] [ERROR] [Java_com_juzix_jugo_node_jni_NativeInterface_startTask:135]	commit a invite task to engine ok ! 
[14:55:36.671] [13637] [ERROR] [Java_com_juzix_jugo_node_jni_NativeInterface_startTask:135]	commit a invite task to engine ok ! 
[14:55:36.679] [13637] [ERROR] [Java_com_juzix_jugo_node_jni_NativeInterface_startTask:135]	commit a invite task to engine ok ! 
[14:55:36.683] [13637] [ERROR] [Java_com_juzix_jugo_node_jni_NativeInterface_startTask:135]	commit a invite task to engine ok ! 
[14:55:36.695] [13637] [ERROR] [Java_com_juzix_jugo_node_jni_NativeInterface_startTask:135]	commit a invite task to engine ok ! 
[14:55:36.703] [13637] [ERROR] [Java_com_juzix_jugo_node_jni_NativeInterface_startTask:135]	commit a invite task to engine ok ! 
[14:55:36.707] [13637] [ERROR] [Java_com_juzix_jugo_node_jni_NativeInterface_startTask:135]	commit a invite task to engine ok ! 
[14:55:36.715] [13637] [ERROR] [Java_com_juzix_jugo_node_jni_NativeInterface_startTask:135]	commit a invite task to engine ok ! 
[14:55:36.719] [13637] [ERROR] [Java_com_juzix_jugo_node_jni_NativeInterface_startTask:135]	commit a invite task to engine ok ! 
[14:55:36.722] [13637] [ERROR] [Java_com_juzix_jugo_node_jni_NativeInterface_startTask:135]	commit a invite task to engine ok ! 
[14:55:36.730] [13637] [ERROR] [Java_com_juzix_jugo_node_jni_NativeInterface_startTask:135]	commit a invite task to engine ok ! 
[14:55:36.733] [13637] [ERROR] [Java_com_juzix_jugo_node_jni_NativeInterface_startTask:135]	commit a invite task to engine ok ! 
[14:55:36.736] [13637] [ERROR] [Java_com_juzix_jugo_node_jni_NativeInterface_startTask:135]	commit a invite task to engine ok ! 
[14:55:36.739] [13637] [ERROR] [Java_com_juzix_jugo_node_jni_NativeInterface_startTask:135]	commit a invite task to engine ok ! 
[14:55:36.742] [13637] [ERROR] [Java_com_juzix_jugo_node_jni_NativeInterface_startTask:135]	commit a invite task to engine ok ! 
[14:55:36.748] [13637] [ERROR] [Java_com_juzix_jugo_node_jni_NativeInterface_startTask:135]	commit a invite task to engine ok ! 
[14:55:36.752] [13637] [ERROR] [Java_com_juzix_jugo_node_jni_NativeInterface_startTask:135]	commit a invite task to engine ok ! 
[14:55:36.754] [13637] [ERROR] [Java_com_juzix_jugo_node_jni_NativeInterface_startTask:135]	commit a invite task to engine ok ! 
[14:55:36.762] [13637] [ERROR] [Java_com_juzix_jugo_node_jni_NativeInterface_startTask:135]	commit a invite task to engine ok ! 
[14:55:36.766] [13637] [ERROR] [Java_com_juzix_jugo_node_jni_NativeInterface_startTask:135]	commit a invite task to engine ok ! 
[14:55:36.770] [13637] [ERROR] [Java_com_juzix_jugo_node_jni_NativeInterface_startTask:135]	commit a invite task to engine ok ! 
[14:55:36.774] [13637] [ERROR] [Java_com_juzix_jugo_node_jni_NativeInterface_startTask:135]	commit a invite task to engine ok ! 
[14:55:36.780] [13637] [ERROR] [Java_com_juzix_jugo_node_jni_NativeInterface_startTask:135]	commit a invite task to engine ok ! 
[14:55:36.783] [13637] [ERROR] [Java_com_juzix_jugo_node_jni_NativeInterface_startTask:135]	commit a invite task to engine ok ! 
[14:55:36.786] [13637] [ERROR] [Java_com_juzix_jugo_node_jni_NativeInterface_startTask:135]	commit a invite task to engine ok ! 
[14:55:36.789] [13637] [ERROR] [Java_com_juzix_jugo_node_jni_NativeInterface_startTask:135]	commit a invite task to engine ok ! 
[14:55:36.793] [13637] [ERROR] [Java_com_juzix_jugo_node_jni_NativeInterface_startTask:135]	commit a invite task to engine ok ! 
[14:55:36.796] [13637] [ERROR] [Java_com_juzix_jugo_node_jni_NativeInterface_startTask:135]	commit a invite task to engine ok ! 
[14:55:36.799] [13637] [ERROR] [Java_com_juzix_jugo_node_jni_NativeInterface_startTask:135]	commit a invite task to engine ok ! 
[14:55:36.803] [13637] [ERROR] [Java_com_juzix_jugo_node_jni_NativeInterface_startTask:135]	commit a invite task to engine ok ! 
[14:55:36.806] [13637] [ERROR] [Java_com_juzix_jugo_node_jni_NativeInterface_startTask:135]	commit a invite task to engine ok ! 
[14:57:37.244] [24188] [WARN ] [~MpcMemPool:48]	the mempool is freed! 
